[2024-07-08T21:45:36.964+0000] {processor.py:161} INFO - Started process (PID=84) to work on /home/airflow/.local/lib/python3.12/site-packages/airflow/example_dags/example_sla_dag.py
[2024-07-08T21:45:36.968+0000] {processor.py:830} INFO - Processing file /home/airflow/.local/lib/python3.12/site-packages/airflow/example_dags/example_sla_dag.py for tasks to queue
[2024-07-08T21:45:37.034+0000] {logging_mixin.py:188} INFO - [2024-07-08T21:45:37.028+0000] {dagbag.py:545} INFO - Filling up the DagBag from /home/airflow/.local/lib/python3.12/site-packages/airflow/example_dags/example_sla_dag.py
[2024-07-08T21:45:37.204+0000] {processor.py:840} INFO - DAG(s) 'example_sla_dag' retrieved from /home/airflow/.local/lib/python3.12/site-packages/airflow/example_dags/example_sla_dag.py
[2024-07-08T21:45:37.535+0000] {logging_mixin.py:188} INFO - [2024-07-08T21:45:37.530+0000] {dag.py:3096} INFO - Sync 1 DAGs
[2024-07-08T21:45:37.758+0000] {logging_mixin.py:188} INFO - [2024-07-08T21:45:37.758+0000] {dag.py:3954} INFO - Setting next_dagrun for example_sla_dag to 2024-07-08 21:42:00+00:00, run_after=2024-07-08 21:44:00+00:00
[2024-07-08T21:45:37.858+0000] {processor.py:183} INFO - Processing /home/airflow/.local/lib/python3.12/site-packages/airflow/example_dags/example_sla_dag.py took 0.976 seconds
[2024-07-08T21:46:08.915+0000] {processor.py:161} INFO - Started process (PID=142) to work on /home/airflow/.local/lib/python3.12/site-packages/airflow/example_dags/example_sla_dag.py
[2024-07-08T21:46:08.917+0000] {processor.py:830} INFO - Processing file /home/airflow/.local/lib/python3.12/site-packages/airflow/example_dags/example_sla_dag.py for tasks to queue
[2024-07-08T21:46:08.920+0000] {logging_mixin.py:188} INFO - [2024-07-08T21:46:08.920+0000] {dagbag.py:545} INFO - Filling up the DagBag from /home/airflow/.local/lib/python3.12/site-packages/airflow/example_dags/example_sla_dag.py
[2024-07-08T21:46:08.934+0000] {processor.py:840} INFO - DAG(s) 'example_sla_dag' retrieved from /home/airflow/.local/lib/python3.12/site-packages/airflow/example_dags/example_sla_dag.py
[2024-07-08T21:46:08.954+0000] {logging_mixin.py:188} INFO - [2024-07-08T21:46:08.953+0000] {dag.py:3096} INFO - Sync 1 DAGs
[2024-07-08T21:46:09.000+0000] {logging_mixin.py:188} INFO - [2024-07-08T21:46:08.999+0000] {dag.py:3954} INFO - Setting next_dagrun for example_sla_dag to 2024-07-08 21:44:00+00:00, run_after=2024-07-08 21:46:00+00:00
[2024-07-08T21:46:09.041+0000] {processor.py:183} INFO - Processing /home/airflow/.local/lib/python3.12/site-packages/airflow/example_dags/example_sla_dag.py took 0.134 seconds
[2024-07-08T21:46:39.251+0000] {processor.py:161} INFO - Started process (PID=201) to work on /home/airflow/.local/lib/python3.12/site-packages/airflow/example_dags/example_sla_dag.py
[2024-07-08T21:46:39.253+0000] {processor.py:830} INFO - Processing file /home/airflow/.local/lib/python3.12/site-packages/airflow/example_dags/example_sla_dag.py for tasks to queue
[2024-07-08T21:46:39.259+0000] {logging_mixin.py:188} INFO - [2024-07-08T21:46:39.257+0000] {dagbag.py:545} INFO - Filling up the DagBag from /home/airflow/.local/lib/python3.12/site-packages/airflow/example_dags/example_sla_dag.py
[2024-07-08T21:46:39.283+0000] {processor.py:840} INFO - DAG(s) 'example_sla_dag' retrieved from /home/airflow/.local/lib/python3.12/site-packages/airflow/example_dags/example_sla_dag.py
[2024-07-08T21:46:39.457+0000] {logging_mixin.py:188} INFO - [2024-07-08T21:46:39.456+0000] {dag.py:3096} INFO - Sync 1 DAGs
[2024-07-08T21:46:39.521+0000] {logging_mixin.py:188} INFO - [2024-07-08T21:46:39.520+0000] {dag.py:3954} INFO - Setting next_dagrun for example_sla_dag to 2024-07-08 21:44:00+00:00, run_after=2024-07-08 21:46:00+00:00
[2024-07-08T21:46:39.643+0000] {processor.py:183} INFO - Processing /home/airflow/.local/lib/python3.12/site-packages/airflow/example_dags/example_sla_dag.py took 0.405 seconds
[2024-07-08T21:47:10.160+0000] {processor.py:161} INFO - Started process (PID=260) to work on /home/airflow/.local/lib/python3.12/site-packages/airflow/example_dags/example_sla_dag.py
[2024-07-08T21:47:10.163+0000] {processor.py:830} INFO - Processing file /home/airflow/.local/lib/python3.12/site-packages/airflow/example_dags/example_sla_dag.py for tasks to queue
[2024-07-08T21:47:10.167+0000] {logging_mixin.py:188} INFO - [2024-07-08T21:47:10.167+0000] {dagbag.py:545} INFO - Filling up the DagBag from /home/airflow/.local/lib/python3.12/site-packages/airflow/example_dags/example_sla_dag.py
[2024-07-08T21:47:10.186+0000] {processor.py:840} INFO - DAG(s) 'example_sla_dag' retrieved from /home/airflow/.local/lib/python3.12/site-packages/airflow/example_dags/example_sla_dag.py
[2024-07-08T21:47:10.224+0000] {logging_mixin.py:188} INFO - [2024-07-08T21:47:10.223+0000] {dag.py:3096} INFO - Sync 1 DAGs
[2024-07-08T21:47:10.276+0000] {logging_mixin.py:188} INFO - [2024-07-08T21:47:10.276+0000] {dag.py:3954} INFO - Setting next_dagrun for example_sla_dag to 2024-07-08 21:44:00+00:00, run_after=2024-07-08 21:46:00+00:00
[2024-07-08T21:47:10.327+0000] {processor.py:183} INFO - Processing /home/airflow/.local/lib/python3.12/site-packages/airflow/example_dags/example_sla_dag.py took 0.181 seconds
[2024-07-08T21:47:40.456+0000] {processor.py:161} INFO - Started process (PID=319) to work on /home/airflow/.local/lib/python3.12/site-packages/airflow/example_dags/example_sla_dag.py
[2024-07-08T21:47:40.458+0000] {processor.py:830} INFO - Processing file /home/airflow/.local/lib/python3.12/site-packages/airflow/example_dags/example_sla_dag.py for tasks to queue
[2024-07-08T21:47:40.462+0000] {logging_mixin.py:188} INFO - [2024-07-08T21:47:40.462+0000] {dagbag.py:545} INFO - Filling up the DagBag from /home/airflow/.local/lib/python3.12/site-packages/airflow/example_dags/example_sla_dag.py
[2024-07-08T21:47:40.478+0000] {processor.py:840} INFO - DAG(s) 'example_sla_dag' retrieved from /home/airflow/.local/lib/python3.12/site-packages/airflow/example_dags/example_sla_dag.py
[2024-07-08T21:47:40.518+0000] {logging_mixin.py:188} INFO - [2024-07-08T21:47:40.518+0000] {dag.py:3096} INFO - Sync 1 DAGs
[2024-07-08T21:47:40.574+0000] {logging_mixin.py:188} INFO - [2024-07-08T21:47:40.574+0000] {dag.py:3954} INFO - Setting next_dagrun for example_sla_dag to 2024-07-08 21:44:00+00:00, run_after=2024-07-08 21:46:00+00:00
[2024-07-08T21:47:40.612+0000] {processor.py:183} INFO - Processing /home/airflow/.local/lib/python3.12/site-packages/airflow/example_dags/example_sla_dag.py took 0.168 seconds
[2024-07-08T21:48:10.684+0000] {processor.py:161} INFO - Started process (PID=378) to work on /home/airflow/.local/lib/python3.12/site-packages/airflow/example_dags/example_sla_dag.py
[2024-07-08T21:48:10.688+0000] {processor.py:830} INFO - Processing file /home/airflow/.local/lib/python3.12/site-packages/airflow/example_dags/example_sla_dag.py for tasks to queue
[2024-07-08T21:48:10.695+0000] {logging_mixin.py:188} INFO - [2024-07-08T21:48:10.695+0000] {dagbag.py:545} INFO - Filling up the DagBag from /home/airflow/.local/lib/python3.12/site-packages/airflow/example_dags/example_sla_dag.py
[2024-07-08T21:48:10.729+0000] {processor.py:840} INFO - DAG(s) 'example_sla_dag' retrieved from /home/airflow/.local/lib/python3.12/site-packages/airflow/example_dags/example_sla_dag.py
[2024-07-08T21:48:10.833+0000] {logging_mixin.py:188} INFO - [2024-07-08T21:48:10.833+0000] {dag.py:3096} INFO - Sync 1 DAGs
[2024-07-08T21:48:10.935+0000] {logging_mixin.py:188} INFO - [2024-07-08T21:48:10.935+0000] {dag.py:3954} INFO - Setting next_dagrun for example_sla_dag to 2024-07-08 21:46:00+00:00, run_after=2024-07-08 21:48:00+00:00
[2024-07-08T21:48:11.079+0000] {processor.py:183} INFO - Processing /home/airflow/.local/lib/python3.12/site-packages/airflow/example_dags/example_sla_dag.py took 0.410 seconds
[2024-07-08T21:48:41.947+0000] {processor.py:161} INFO - Started process (PID=437) to work on /home/airflow/.local/lib/python3.12/site-packages/airflow/example_dags/example_sla_dag.py
[2024-07-08T21:48:41.949+0000] {processor.py:830} INFO - Processing file /home/airflow/.local/lib/python3.12/site-packages/airflow/example_dags/example_sla_dag.py for tasks to queue
[2024-07-08T21:48:41.963+0000] {logging_mixin.py:188} INFO - [2024-07-08T21:48:41.963+0000] {dagbag.py:545} INFO - Filling up the DagBag from /home/airflow/.local/lib/python3.12/site-packages/airflow/example_dags/example_sla_dag.py
[2024-07-08T21:48:42.000+0000] {processor.py:840} INFO - DAG(s) 'example_sla_dag' retrieved from /home/airflow/.local/lib/python3.12/site-packages/airflow/example_dags/example_sla_dag.py
[2024-07-08T21:48:42.046+0000] {logging_mixin.py:188} INFO - [2024-07-08T21:48:42.046+0000] {dag.py:3096} INFO - Sync 1 DAGs
[2024-07-08T21:48:42.109+0000] {logging_mixin.py:188} INFO - [2024-07-08T21:48:42.108+0000] {dag.py:3954} INFO - Setting next_dagrun for example_sla_dag to 2024-07-08 21:46:00+00:00, run_after=2024-07-08 21:48:00+00:00
[2024-07-08T21:48:42.144+0000] {processor.py:183} INFO - Processing /home/airflow/.local/lib/python3.12/site-packages/airflow/example_dags/example_sla_dag.py took 0.212 seconds
[2024-07-08T21:49:12.402+0000] {processor.py:161} INFO - Started process (PID=496) to work on /home/airflow/.local/lib/python3.12/site-packages/airflow/example_dags/example_sla_dag.py
[2024-07-08T21:49:12.404+0000] {processor.py:830} INFO - Processing file /home/airflow/.local/lib/python3.12/site-packages/airflow/example_dags/example_sla_dag.py for tasks to queue
[2024-07-08T21:49:12.407+0000] {logging_mixin.py:188} INFO - [2024-07-08T21:49:12.406+0000] {dagbag.py:545} INFO - Filling up the DagBag from /home/airflow/.local/lib/python3.12/site-packages/airflow/example_dags/example_sla_dag.py
[2024-07-08T21:49:12.421+0000] {processor.py:840} INFO - DAG(s) 'example_sla_dag' retrieved from /home/airflow/.local/lib/python3.12/site-packages/airflow/example_dags/example_sla_dag.py
[2024-07-08T21:49:12.455+0000] {logging_mixin.py:188} INFO - [2024-07-08T21:49:12.455+0000] {dag.py:3096} INFO - Sync 1 DAGs
[2024-07-08T21:49:12.493+0000] {logging_mixin.py:188} INFO - [2024-07-08T21:49:12.493+0000] {dag.py:3954} INFO - Setting next_dagrun for example_sla_dag to 2024-07-08 21:46:00+00:00, run_after=2024-07-08 21:48:00+00:00
[2024-07-08T21:49:12.528+0000] {processor.py:183} INFO - Processing /home/airflow/.local/lib/python3.12/site-packages/airflow/example_dags/example_sla_dag.py took 0.141 seconds
[2024-07-08T21:49:42.667+0000] {processor.py:161} INFO - Started process (PID=556) to work on /home/airflow/.local/lib/python3.12/site-packages/airflow/example_dags/example_sla_dag.py
[2024-07-08T21:49:42.669+0000] {processor.py:830} INFO - Processing file /home/airflow/.local/lib/python3.12/site-packages/airflow/example_dags/example_sla_dag.py for tasks to queue
[2024-07-08T21:49:42.673+0000] {logging_mixin.py:188} INFO - [2024-07-08T21:49:42.672+0000] {dagbag.py:545} INFO - Filling up the DagBag from /home/airflow/.local/lib/python3.12/site-packages/airflow/example_dags/example_sla_dag.py
[2024-07-08T21:49:42.687+0000] {processor.py:840} INFO - DAG(s) 'example_sla_dag' retrieved from /home/airflow/.local/lib/python3.12/site-packages/airflow/example_dags/example_sla_dag.py
[2024-07-08T21:49:42.726+0000] {logging_mixin.py:188} INFO - [2024-07-08T21:49:42.726+0000] {dag.py:3096} INFO - Sync 1 DAGs
[2024-07-08T21:49:42.764+0000] {logging_mixin.py:188} INFO - [2024-07-08T21:49:42.764+0000] {dag.py:3954} INFO - Setting next_dagrun for example_sla_dag to 2024-07-08 21:46:00+00:00, run_after=2024-07-08 21:48:00+00:00
[2024-07-08T21:49:42.796+0000] {processor.py:183} INFO - Processing /home/airflow/.local/lib/python3.12/site-packages/airflow/example_dags/example_sla_dag.py took 0.139 seconds
[2024-07-08T21:50:12.890+0000] {processor.py:161} INFO - Started process (PID=615) to work on /home/airflow/.local/lib/python3.12/site-packages/airflow/example_dags/example_sla_dag.py
[2024-07-08T21:50:12.893+0000] {processor.py:830} INFO - Processing file /home/airflow/.local/lib/python3.12/site-packages/airflow/example_dags/example_sla_dag.py for tasks to queue
[2024-07-08T21:50:12.897+0000] {logging_mixin.py:188} INFO - [2024-07-08T21:50:12.896+0000] {dagbag.py:545} INFO - Filling up the DagBag from /home/airflow/.local/lib/python3.12/site-packages/airflow/example_dags/example_sla_dag.py
[2024-07-08T21:50:12.940+0000] {processor.py:840} INFO - DAG(s) 'example_sla_dag' retrieved from /home/airflow/.local/lib/python3.12/site-packages/airflow/example_dags/example_sla_dag.py
[2024-07-08T21:50:13.019+0000] {logging_mixin.py:188} INFO - [2024-07-08T21:50:13.019+0000] {dag.py:3096} INFO - Sync 1 DAGs
[2024-07-08T21:50:13.081+0000] {logging_mixin.py:188} INFO - [2024-07-08T21:50:13.080+0000] {dag.py:3954} INFO - Setting next_dagrun for example_sla_dag to 2024-07-08 21:48:00+00:00, run_after=2024-07-08 21:50:00+00:00
[2024-07-08T21:50:13.144+0000] {processor.py:183} INFO - Processing /home/airflow/.local/lib/python3.12/site-packages/airflow/example_dags/example_sla_dag.py took 0.269 seconds
[2024-07-08T21:50:43.551+0000] {processor.py:161} INFO - Started process (PID=674) to work on /home/airflow/.local/lib/python3.12/site-packages/airflow/example_dags/example_sla_dag.py
[2024-07-08T21:50:43.562+0000] {processor.py:830} INFO - Processing file /home/airflow/.local/lib/python3.12/site-packages/airflow/example_dags/example_sla_dag.py for tasks to queue
[2024-07-08T21:50:43.569+0000] {logging_mixin.py:188} INFO - [2024-07-08T21:50:43.568+0000] {dagbag.py:545} INFO - Filling up the DagBag from /home/airflow/.local/lib/python3.12/site-packages/airflow/example_dags/example_sla_dag.py
[2024-07-08T21:50:43.620+0000] {processor.py:840} INFO - DAG(s) 'example_sla_dag' retrieved from /home/airflow/.local/lib/python3.12/site-packages/airflow/example_dags/example_sla_dag.py
[2024-07-08T21:50:43.664+0000] {logging_mixin.py:188} INFO - [2024-07-08T21:50:43.664+0000] {dag.py:3096} INFO - Sync 1 DAGs
[2024-07-08T21:50:43.744+0000] {logging_mixin.py:188} INFO - [2024-07-08T21:50:43.744+0000] {dag.py:3954} INFO - Setting next_dagrun for example_sla_dag to 2024-07-08 21:48:00+00:00, run_after=2024-07-08 21:50:00+00:00
[2024-07-08T21:50:43.788+0000] {processor.py:183} INFO - Processing /home/airflow/.local/lib/python3.12/site-packages/airflow/example_dags/example_sla_dag.py took 0.267 seconds
[2024-07-08T21:51:13.903+0000] {processor.py:161} INFO - Started process (PID=733) to work on /home/airflow/.local/lib/python3.12/site-packages/airflow/example_dags/example_sla_dag.py
[2024-07-08T21:51:13.906+0000] {processor.py:830} INFO - Processing file /home/airflow/.local/lib/python3.12/site-packages/airflow/example_dags/example_sla_dag.py for tasks to queue
[2024-07-08T21:51:13.910+0000] {logging_mixin.py:188} INFO - [2024-07-08T21:51:13.909+0000] {dagbag.py:545} INFO - Filling up the DagBag from /home/airflow/.local/lib/python3.12/site-packages/airflow/example_dags/example_sla_dag.py
[2024-07-08T21:51:13.926+0000] {processor.py:840} INFO - DAG(s) 'example_sla_dag' retrieved from /home/airflow/.local/lib/python3.12/site-packages/airflow/example_dags/example_sla_dag.py
[2024-07-08T21:51:13.966+0000] {logging_mixin.py:188} INFO - [2024-07-08T21:51:13.966+0000] {dag.py:3096} INFO - Sync 1 DAGs
[2024-07-08T21:51:14.030+0000] {logging_mixin.py:188} INFO - [2024-07-08T21:51:14.029+0000] {dag.py:3954} INFO - Setting next_dagrun for example_sla_dag to 2024-07-08 21:48:00+00:00, run_after=2024-07-08 21:50:00+00:00
[2024-07-08T21:51:14.068+0000] {processor.py:183} INFO - Processing /home/airflow/.local/lib/python3.12/site-packages/airflow/example_dags/example_sla_dag.py took 0.178 seconds
[2024-07-08T21:51:44.264+0000] {processor.py:161} INFO - Started process (PID=792) to work on /home/airflow/.local/lib/python3.12/site-packages/airflow/example_dags/example_sla_dag.py
[2024-07-08T21:51:44.268+0000] {processor.py:830} INFO - Processing file /home/airflow/.local/lib/python3.12/site-packages/airflow/example_dags/example_sla_dag.py for tasks to queue
[2024-07-08T21:51:44.271+0000] {logging_mixin.py:188} INFO - [2024-07-08T21:51:44.271+0000] {dagbag.py:545} INFO - Filling up the DagBag from /home/airflow/.local/lib/python3.12/site-packages/airflow/example_dags/example_sla_dag.py
[2024-07-08T21:51:44.289+0000] {processor.py:840} INFO - DAG(s) 'example_sla_dag' retrieved from /home/airflow/.local/lib/python3.12/site-packages/airflow/example_dags/example_sla_dag.py
[2024-07-08T21:51:44.337+0000] {logging_mixin.py:188} INFO - [2024-07-08T21:51:44.337+0000] {dag.py:3096} INFO - Sync 1 DAGs
[2024-07-08T21:51:44.375+0000] {logging_mixin.py:188} INFO - [2024-07-08T21:51:44.375+0000] {dag.py:3954} INFO - Setting next_dagrun for example_sla_dag to 2024-07-08 21:48:00+00:00, run_after=2024-07-08 21:50:00+00:00
[2024-07-08T21:51:44.411+0000] {processor.py:183} INFO - Processing /home/airflow/.local/lib/python3.12/site-packages/airflow/example_dags/example_sla_dag.py took 0.156 seconds
[2024-07-08T21:52:14.616+0000] {processor.py:161} INFO - Started process (PID=850) to work on /home/airflow/.local/lib/python3.12/site-packages/airflow/example_dags/example_sla_dag.py
[2024-07-08T21:52:14.618+0000] {processor.py:830} INFO - Processing file /home/airflow/.local/lib/python3.12/site-packages/airflow/example_dags/example_sla_dag.py for tasks to queue
[2024-07-08T21:52:14.624+0000] {logging_mixin.py:188} INFO - [2024-07-08T21:52:14.622+0000] {dagbag.py:545} INFO - Filling up the DagBag from /home/airflow/.local/lib/python3.12/site-packages/airflow/example_dags/example_sla_dag.py
[2024-07-08T21:52:14.653+0000] {processor.py:840} INFO - DAG(s) 'example_sla_dag' retrieved from /home/airflow/.local/lib/python3.12/site-packages/airflow/example_dags/example_sla_dag.py
[2024-07-08T21:52:14.762+0000] {logging_mixin.py:188} INFO - [2024-07-08T21:52:14.761+0000] {dag.py:3096} INFO - Sync 1 DAGs
[2024-07-08T21:52:15.040+0000] {logging_mixin.py:188} INFO - [2024-07-08T21:52:15.039+0000] {dag.py:3954} INFO - Setting next_dagrun for example_sla_dag to 2024-07-08 21:50:00+00:00, run_after=2024-07-08 21:52:00+00:00
[2024-07-08T21:52:15.113+0000] {processor.py:183} INFO - Processing /home/airflow/.local/lib/python3.12/site-packages/airflow/example_dags/example_sla_dag.py took 0.509 seconds
[2024-07-08T21:52:45.686+0000] {processor.py:161} INFO - Started process (PID=909) to work on /home/airflow/.local/lib/python3.12/site-packages/airflow/example_dags/example_sla_dag.py
[2024-07-08T21:52:45.688+0000] {processor.py:830} INFO - Processing file /home/airflow/.local/lib/python3.12/site-packages/airflow/example_dags/example_sla_dag.py for tasks to queue
[2024-07-08T21:52:45.693+0000] {logging_mixin.py:188} INFO - [2024-07-08T21:52:45.692+0000] {dagbag.py:545} INFO - Filling up the DagBag from /home/airflow/.local/lib/python3.12/site-packages/airflow/example_dags/example_sla_dag.py
[2024-07-08T21:52:45.716+0000] {processor.py:840} INFO - DAG(s) 'example_sla_dag' retrieved from /home/airflow/.local/lib/python3.12/site-packages/airflow/example_dags/example_sla_dag.py
[2024-07-08T21:52:45.769+0000] {logging_mixin.py:188} INFO - [2024-07-08T21:52:45.769+0000] {dag.py:3096} INFO - Sync 1 DAGs
[2024-07-08T21:52:45.838+0000] {logging_mixin.py:188} INFO - [2024-07-08T21:52:45.838+0000] {dag.py:3954} INFO - Setting next_dagrun for example_sla_dag to 2024-07-08 21:50:00+00:00, run_after=2024-07-08 21:52:00+00:00
[2024-07-08T21:52:45.905+0000] {processor.py:183} INFO - Processing /home/airflow/.local/lib/python3.12/site-packages/airflow/example_dags/example_sla_dag.py took 0.232 seconds
[2024-07-08T21:53:16.818+0000] {processor.py:161} INFO - Started process (PID=968) to work on /home/airflow/.local/lib/python3.12/site-packages/airflow/example_dags/example_sla_dag.py
[2024-07-08T21:53:16.823+0000] {processor.py:830} INFO - Processing file /home/airflow/.local/lib/python3.12/site-packages/airflow/example_dags/example_sla_dag.py for tasks to queue
[2024-07-08T21:53:16.828+0000] {logging_mixin.py:188} INFO - [2024-07-08T21:53:16.827+0000] {dagbag.py:545} INFO - Filling up the DagBag from /home/airflow/.local/lib/python3.12/site-packages/airflow/example_dags/example_sla_dag.py
[2024-07-08T21:53:16.850+0000] {processor.py:840} INFO - DAG(s) 'example_sla_dag' retrieved from /home/airflow/.local/lib/python3.12/site-packages/airflow/example_dags/example_sla_dag.py
[2024-07-08T21:53:16.897+0000] {logging_mixin.py:188} INFO - [2024-07-08T21:53:16.897+0000] {dag.py:3096} INFO - Sync 1 DAGs
[2024-07-08T21:53:16.964+0000] {logging_mixin.py:188} INFO - [2024-07-08T21:53:16.964+0000] {dag.py:3954} INFO - Setting next_dagrun for example_sla_dag to 2024-07-08 21:50:00+00:00, run_after=2024-07-08 21:52:00+00:00
[2024-07-08T21:53:17.016+0000] {processor.py:183} INFO - Processing /home/airflow/.local/lib/python3.12/site-packages/airflow/example_dags/example_sla_dag.py took 0.222 seconds
[2024-07-08T21:53:47.254+0000] {processor.py:161} INFO - Started process (PID=1026) to work on /home/airflow/.local/lib/python3.12/site-packages/airflow/example_dags/example_sla_dag.py
[2024-07-08T21:53:47.256+0000] {processor.py:830} INFO - Processing file /home/airflow/.local/lib/python3.12/site-packages/airflow/example_dags/example_sla_dag.py for tasks to queue
[2024-07-08T21:53:47.261+0000] {logging_mixin.py:188} INFO - [2024-07-08T21:53:47.260+0000] {dagbag.py:545} INFO - Filling up the DagBag from /home/airflow/.local/lib/python3.12/site-packages/airflow/example_dags/example_sla_dag.py
[2024-07-08T21:53:47.281+0000] {processor.py:840} INFO - DAG(s) 'example_sla_dag' retrieved from /home/airflow/.local/lib/python3.12/site-packages/airflow/example_dags/example_sla_dag.py
[2024-07-08T21:53:47.326+0000] {logging_mixin.py:188} INFO - [2024-07-08T21:53:47.325+0000] {dag.py:3096} INFO - Sync 1 DAGs
[2024-07-08T21:53:47.380+0000] {logging_mixin.py:188} INFO - [2024-07-08T21:53:47.379+0000] {dag.py:3954} INFO - Setting next_dagrun for example_sla_dag to 2024-07-08 21:50:00+00:00, run_after=2024-07-08 21:52:00+00:00
[2024-07-08T21:53:47.416+0000] {processor.py:183} INFO - Processing /home/airflow/.local/lib/python3.12/site-packages/airflow/example_dags/example_sla_dag.py took 0.176 seconds
[2024-07-08T21:54:19.997+0000] {processor.py:161} INFO - Started process (PID=1083) to work on /home/airflow/.local/lib/python3.12/site-packages/airflow/example_dags/example_sla_dag.py
[2024-07-08T21:54:20.001+0000] {processor.py:830} INFO - Processing file /home/airflow/.local/lib/python3.12/site-packages/airflow/example_dags/example_sla_dag.py for tasks to queue
[2024-07-08T21:54:20.007+0000] {logging_mixin.py:188} INFO - [2024-07-08T21:54:20.007+0000] {dagbag.py:545} INFO - Filling up the DagBag from /home/airflow/.local/lib/python3.12/site-packages/airflow/example_dags/example_sla_dag.py
[2024-07-08T21:54:20.030+0000] {processor.py:840} INFO - DAG(s) 'example_sla_dag' retrieved from /home/airflow/.local/lib/python3.12/site-packages/airflow/example_dags/example_sla_dag.py
[2024-07-08T21:54:20.074+0000] {logging_mixin.py:188} INFO - [2024-07-08T21:54:20.074+0000] {dag.py:3096} INFO - Sync 1 DAGs
[2024-07-08T21:54:20.131+0000] {logging_mixin.py:188} INFO - [2024-07-08T21:54:20.131+0000] {dag.py:3954} INFO - Setting next_dagrun for example_sla_dag to 2024-07-08 21:52:00+00:00, run_after=2024-07-08 21:54:00+00:00
[2024-07-08T21:54:20.179+0000] {processor.py:183} INFO - Processing /home/airflow/.local/lib/python3.12/site-packages/airflow/example_dags/example_sla_dag.py took 0.193 seconds
[2024-07-08T21:54:50.345+0000] {processor.py:161} INFO - Started process (PID=1143) to work on /home/airflow/.local/lib/python3.12/site-packages/airflow/example_dags/example_sla_dag.py
[2024-07-08T21:54:50.347+0000] {processor.py:830} INFO - Processing file /home/airflow/.local/lib/python3.12/site-packages/airflow/example_dags/example_sla_dag.py for tasks to queue
[2024-07-08T21:54:50.350+0000] {logging_mixin.py:188} INFO - [2024-07-08T21:54:50.350+0000] {dagbag.py:545} INFO - Filling up the DagBag from /home/airflow/.local/lib/python3.12/site-packages/airflow/example_dags/example_sla_dag.py
[2024-07-08T21:54:50.362+0000] {processor.py:840} INFO - DAG(s) 'example_sla_dag' retrieved from /home/airflow/.local/lib/python3.12/site-packages/airflow/example_dags/example_sla_dag.py
[2024-07-08T21:54:50.393+0000] {logging_mixin.py:188} INFO - [2024-07-08T21:54:50.393+0000] {dag.py:3096} INFO - Sync 1 DAGs
[2024-07-08T21:54:50.436+0000] {logging_mixin.py:188} INFO - [2024-07-08T21:54:50.435+0000] {dag.py:3954} INFO - Setting next_dagrun for example_sla_dag to 2024-07-08 21:52:00+00:00, run_after=2024-07-08 21:54:00+00:00
[2024-07-08T21:54:50.473+0000] {processor.py:183} INFO - Processing /home/airflow/.local/lib/python3.12/site-packages/airflow/example_dags/example_sla_dag.py took 0.137 seconds
[2024-07-08T21:55:20.599+0000] {processor.py:161} INFO - Started process (PID=1201) to work on /home/airflow/.local/lib/python3.12/site-packages/airflow/example_dags/example_sla_dag.py
[2024-07-08T21:55:20.601+0000] {processor.py:830} INFO - Processing file /home/airflow/.local/lib/python3.12/site-packages/airflow/example_dags/example_sla_dag.py for tasks to queue
[2024-07-08T21:55:20.604+0000] {logging_mixin.py:188} INFO - [2024-07-08T21:55:20.604+0000] {dagbag.py:545} INFO - Filling up the DagBag from /home/airflow/.local/lib/python3.12/site-packages/airflow/example_dags/example_sla_dag.py
[2024-07-08T21:55:20.618+0000] {processor.py:840} INFO - DAG(s) 'example_sla_dag' retrieved from /home/airflow/.local/lib/python3.12/site-packages/airflow/example_dags/example_sla_dag.py
[2024-07-08T21:55:20.655+0000] {logging_mixin.py:188} INFO - [2024-07-08T21:55:20.655+0000] {dag.py:3096} INFO - Sync 1 DAGs
[2024-07-08T21:55:20.707+0000] {logging_mixin.py:188} INFO - [2024-07-08T21:55:20.706+0000] {dag.py:3954} INFO - Setting next_dagrun for example_sla_dag to 2024-07-08 21:52:00+00:00, run_after=2024-07-08 21:54:00+00:00
[2024-07-08T21:55:20.756+0000] {processor.py:183} INFO - Processing /home/airflow/.local/lib/python3.12/site-packages/airflow/example_dags/example_sla_dag.py took 0.170 seconds
[2024-07-08T21:55:52.243+0000] {processor.py:161} INFO - Started process (PID=1258) to work on /home/airflow/.local/lib/python3.12/site-packages/airflow/example_dags/example_sla_dag.py
[2024-07-08T21:55:52.246+0000] {processor.py:830} INFO - Processing file /home/airflow/.local/lib/python3.12/site-packages/airflow/example_dags/example_sla_dag.py for tasks to queue
[2024-07-08T21:55:52.250+0000] {logging_mixin.py:188} INFO - [2024-07-08T21:55:52.249+0000] {dagbag.py:545} INFO - Filling up the DagBag from /home/airflow/.local/lib/python3.12/site-packages/airflow/example_dags/example_sla_dag.py
[2024-07-08T21:55:52.272+0000] {processor.py:840} INFO - DAG(s) 'example_sla_dag' retrieved from /home/airflow/.local/lib/python3.12/site-packages/airflow/example_dags/example_sla_dag.py
[2024-07-08T21:55:52.333+0000] {logging_mixin.py:188} INFO - [2024-07-08T21:55:52.332+0000] {dag.py:3096} INFO - Sync 1 DAGs
[2024-07-08T21:55:52.412+0000] {logging_mixin.py:188} INFO - [2024-07-08T21:55:52.411+0000] {dag.py:3954} INFO - Setting next_dagrun for example_sla_dag to 2024-07-08 21:52:00+00:00, run_after=2024-07-08 21:54:00+00:00
[2024-07-08T21:55:52.512+0000] {processor.py:183} INFO - Processing /home/airflow/.local/lib/python3.12/site-packages/airflow/example_dags/example_sla_dag.py took 0.281 seconds
[2024-07-08T21:56:23.343+0000] {processor.py:161} INFO - Started process (PID=1317) to work on /home/airflow/.local/lib/python3.12/site-packages/airflow/example_dags/example_sla_dag.py
[2024-07-08T21:56:23.347+0000] {processor.py:830} INFO - Processing file /home/airflow/.local/lib/python3.12/site-packages/airflow/example_dags/example_sla_dag.py for tasks to queue
[2024-07-08T21:56:23.352+0000] {logging_mixin.py:188} INFO - [2024-07-08T21:56:23.352+0000] {dagbag.py:545} INFO - Filling up the DagBag from /home/airflow/.local/lib/python3.12/site-packages/airflow/example_dags/example_sla_dag.py
[2024-07-08T21:56:23.372+0000] {processor.py:840} INFO - DAG(s) 'example_sla_dag' retrieved from /home/airflow/.local/lib/python3.12/site-packages/airflow/example_dags/example_sla_dag.py
[2024-07-08T21:56:23.452+0000] {logging_mixin.py:188} INFO - [2024-07-08T21:56:23.452+0000] {dag.py:3096} INFO - Sync 1 DAGs
[2024-07-08T21:56:23.534+0000] {logging_mixin.py:188} INFO - [2024-07-08T21:56:23.534+0000] {dag.py:3954} INFO - Setting next_dagrun for example_sla_dag to 2024-07-08 21:54:00+00:00, run_after=2024-07-08 21:56:00+00:00
[2024-07-08T21:56:23.613+0000] {processor.py:183} INFO - Processing /home/airflow/.local/lib/python3.12/site-packages/airflow/example_dags/example_sla_dag.py took 0.283 seconds
[2024-07-08T21:56:54.559+0000] {processor.py:161} INFO - Started process (PID=1376) to work on /home/airflow/.local/lib/python3.12/site-packages/airflow/example_dags/example_sla_dag.py
[2024-07-08T21:56:54.564+0000] {processor.py:830} INFO - Processing file /home/airflow/.local/lib/python3.12/site-packages/airflow/example_dags/example_sla_dag.py for tasks to queue
[2024-07-08T21:56:54.571+0000] {logging_mixin.py:188} INFO - [2024-07-08T21:56:54.570+0000] {dagbag.py:545} INFO - Filling up the DagBag from /home/airflow/.local/lib/python3.12/site-packages/airflow/example_dags/example_sla_dag.py
[2024-07-08T21:56:54.606+0000] {processor.py:840} INFO - DAG(s) 'example_sla_dag' retrieved from /home/airflow/.local/lib/python3.12/site-packages/airflow/example_dags/example_sla_dag.py
[2024-07-08T21:56:54.713+0000] {logging_mixin.py:188} INFO - [2024-07-08T21:56:54.710+0000] {dag.py:3096} INFO - Sync 1 DAGs
[2024-07-08T21:56:54.830+0000] {logging_mixin.py:188} INFO - [2024-07-08T21:56:54.830+0000] {dag.py:3954} INFO - Setting next_dagrun for example_sla_dag to 2024-07-08 21:54:00+00:00, run_after=2024-07-08 21:56:00+00:00
[2024-07-08T21:56:54.895+0000] {processor.py:183} INFO - Processing /home/airflow/.local/lib/python3.12/site-packages/airflow/example_dags/example_sla_dag.py took 0.354 seconds
[2024-07-08T21:57:25.517+0000] {processor.py:161} INFO - Started process (PID=1435) to work on /home/airflow/.local/lib/python3.12/site-packages/airflow/example_dags/example_sla_dag.py
[2024-07-08T21:57:25.520+0000] {processor.py:830} INFO - Processing file /home/airflow/.local/lib/python3.12/site-packages/airflow/example_dags/example_sla_dag.py for tasks to queue
[2024-07-08T21:57:25.528+0000] {logging_mixin.py:188} INFO - [2024-07-08T21:57:25.528+0000] {dagbag.py:545} INFO - Filling up the DagBag from /home/airflow/.local/lib/python3.12/site-packages/airflow/example_dags/example_sla_dag.py
[2024-07-08T21:57:25.551+0000] {processor.py:840} INFO - DAG(s) 'example_sla_dag' retrieved from /home/airflow/.local/lib/python3.12/site-packages/airflow/example_dags/example_sla_dag.py
[2024-07-08T21:57:25.594+0000] {logging_mixin.py:188} INFO - [2024-07-08T21:57:25.594+0000] {dag.py:3096} INFO - Sync 1 DAGs
[2024-07-08T21:57:25.640+0000] {logging_mixin.py:188} INFO - [2024-07-08T21:57:25.640+0000] {dag.py:3954} INFO - Setting next_dagrun for example_sla_dag to 2024-07-08 21:54:00+00:00, run_after=2024-07-08 21:56:00+00:00
[2024-07-08T21:57:25.677+0000] {processor.py:183} INFO - Processing /home/airflow/.local/lib/python3.12/site-packages/airflow/example_dags/example_sla_dag.py took 0.171 seconds
[2024-07-08T21:57:55.831+0000] {processor.py:161} INFO - Started process (PID=1493) to work on /home/airflow/.local/lib/python3.12/site-packages/airflow/example_dags/example_sla_dag.py
[2024-07-08T21:57:55.844+0000] {processor.py:830} INFO - Processing file /home/airflow/.local/lib/python3.12/site-packages/airflow/example_dags/example_sla_dag.py for tasks to queue
[2024-07-08T21:57:55.852+0000] {logging_mixin.py:188} INFO - [2024-07-08T21:57:55.851+0000] {dagbag.py:545} INFO - Filling up the DagBag from /home/airflow/.local/lib/python3.12/site-packages/airflow/example_dags/example_sla_dag.py
[2024-07-08T21:57:55.887+0000] {processor.py:840} INFO - DAG(s) 'example_sla_dag' retrieved from /home/airflow/.local/lib/python3.12/site-packages/airflow/example_dags/example_sla_dag.py
[2024-07-08T21:57:55.931+0000] {logging_mixin.py:188} INFO - [2024-07-08T21:57:55.931+0000] {dag.py:3096} INFO - Sync 1 DAGs
[2024-07-08T21:57:56.007+0000] {logging_mixin.py:188} INFO - [2024-07-08T21:57:56.007+0000] {dag.py:3954} INFO - Setting next_dagrun for example_sla_dag to 2024-07-08 21:54:00+00:00, run_after=2024-07-08 21:56:00+00:00
[2024-07-08T21:57:56.051+0000] {processor.py:183} INFO - Processing /home/airflow/.local/lib/python3.12/site-packages/airflow/example_dags/example_sla_dag.py took 0.233 seconds
[2024-07-08T21:58:26.963+0000] {processor.py:161} INFO - Started process (PID=1553) to work on /home/airflow/.local/lib/python3.12/site-packages/airflow/example_dags/example_sla_dag.py
[2024-07-08T21:58:26.965+0000] {processor.py:830} INFO - Processing file /home/airflow/.local/lib/python3.12/site-packages/airflow/example_dags/example_sla_dag.py for tasks to queue
[2024-07-08T21:58:26.969+0000] {logging_mixin.py:188} INFO - [2024-07-08T21:58:26.968+0000] {dagbag.py:545} INFO - Filling up the DagBag from /home/airflow/.local/lib/python3.12/site-packages/airflow/example_dags/example_sla_dag.py
[2024-07-08T21:58:26.991+0000] {processor.py:840} INFO - DAG(s) 'example_sla_dag' retrieved from /home/airflow/.local/lib/python3.12/site-packages/airflow/example_dags/example_sla_dag.py
[2024-07-08T21:58:27.039+0000] {logging_mixin.py:188} INFO - [2024-07-08T21:58:27.038+0000] {dag.py:3096} INFO - Sync 1 DAGs
[2024-07-08T21:58:27.120+0000] {logging_mixin.py:188} INFO - [2024-07-08T21:58:27.120+0000] {dag.py:3954} INFO - Setting next_dagrun for example_sla_dag to 2024-07-08 21:56:00+00:00, run_after=2024-07-08 21:58:00+00:00
[2024-07-08T21:58:27.166+0000] {processor.py:183} INFO - Processing /home/airflow/.local/lib/python3.12/site-packages/airflow/example_dags/example_sla_dag.py took 0.215 seconds
[2024-07-08T21:58:59.236+0000] {processor.py:161} INFO - Started process (PID=1612) to work on /home/airflow/.local/lib/python3.12/site-packages/airflow/example_dags/example_sla_dag.py
[2024-07-08T21:58:59.240+0000] {processor.py:830} INFO - Processing file /home/airflow/.local/lib/python3.12/site-packages/airflow/example_dags/example_sla_dag.py for tasks to queue
[2024-07-08T21:58:59.245+0000] {logging_mixin.py:188} INFO - [2024-07-08T21:58:59.244+0000] {dagbag.py:545} INFO - Filling up the DagBag from /home/airflow/.local/lib/python3.12/site-packages/airflow/example_dags/example_sla_dag.py
[2024-07-08T21:58:59.278+0000] {processor.py:840} INFO - DAG(s) 'example_sla_dag' retrieved from /home/airflow/.local/lib/python3.12/site-packages/airflow/example_dags/example_sla_dag.py
[2024-07-08T21:58:59.347+0000] {logging_mixin.py:188} INFO - [2024-07-08T21:58:59.347+0000] {dag.py:3096} INFO - Sync 1 DAGs
[2024-07-08T21:58:59.453+0000] {logging_mixin.py:188} INFO - [2024-07-08T21:58:59.453+0000] {dag.py:3954} INFO - Setting next_dagrun for example_sla_dag to 2024-07-08 21:56:00+00:00, run_after=2024-07-08 21:58:00+00:00
[2024-07-08T21:58:59.507+0000] {processor.py:183} INFO - Processing /home/airflow/.local/lib/python3.12/site-packages/airflow/example_dags/example_sla_dag.py took 0.288 seconds
[2024-07-08T21:59:29.746+0000] {processor.py:161} INFO - Started process (PID=1670) to work on /home/airflow/.local/lib/python3.12/site-packages/airflow/example_dags/example_sla_dag.py
[2024-07-08T21:59:29.755+0000] {processor.py:830} INFO - Processing file /home/airflow/.local/lib/python3.12/site-packages/airflow/example_dags/example_sla_dag.py for tasks to queue
[2024-07-08T21:59:29.761+0000] {logging_mixin.py:188} INFO - [2024-07-08T21:59:29.760+0000] {dagbag.py:545} INFO - Filling up the DagBag from /home/airflow/.local/lib/python3.12/site-packages/airflow/example_dags/example_sla_dag.py
[2024-07-08T21:59:29.785+0000] {processor.py:840} INFO - DAG(s) 'example_sla_dag' retrieved from /home/airflow/.local/lib/python3.12/site-packages/airflow/example_dags/example_sla_dag.py
[2024-07-08T21:59:29.847+0000] {logging_mixin.py:188} INFO - [2024-07-08T21:59:29.846+0000] {dag.py:3096} INFO - Sync 1 DAGs
[2024-07-08T21:59:29.950+0000] {logging_mixin.py:188} INFO - [2024-07-08T21:59:29.950+0000] {dag.py:3954} INFO - Setting next_dagrun for example_sla_dag to 2024-07-08 21:56:00+00:00, run_after=2024-07-08 21:58:00+00:00
[2024-07-08T21:59:30.015+0000] {processor.py:183} INFO - Processing /home/airflow/.local/lib/python3.12/site-packages/airflow/example_dags/example_sla_dag.py took 0.291 seconds
[2024-07-08T22:00:00.169+0000] {processor.py:161} INFO - Started process (PID=1729) to work on /home/airflow/.local/lib/python3.12/site-packages/airflow/example_dags/example_sla_dag.py
[2024-07-08T22:00:00.171+0000] {processor.py:830} INFO - Processing file /home/airflow/.local/lib/python3.12/site-packages/airflow/example_dags/example_sla_dag.py for tasks to queue
[2024-07-08T22:00:00.181+0000] {logging_mixin.py:188} INFO - [2024-07-08T22:00:00.180+0000] {dagbag.py:545} INFO - Filling up the DagBag from /home/airflow/.local/lib/python3.12/site-packages/airflow/example_dags/example_sla_dag.py
[2024-07-08T22:00:00.204+0000] {processor.py:840} INFO - DAG(s) 'example_sla_dag' retrieved from /home/airflow/.local/lib/python3.12/site-packages/airflow/example_dags/example_sla_dag.py
[2024-07-08T22:00:00.261+0000] {logging_mixin.py:188} INFO - [2024-07-08T22:00:00.261+0000] {dag.py:3096} INFO - Sync 1 DAGs
[2024-07-08T22:00:00.338+0000] {logging_mixin.py:188} INFO - [2024-07-08T22:00:00.338+0000] {dag.py:3954} INFO - Setting next_dagrun for example_sla_dag to 2024-07-08 21:58:00+00:00, run_after=2024-07-08 22:00:00+00:00
[2024-07-08T22:00:00.401+0000] {processor.py:183} INFO - Processing /home/airflow/.local/lib/python3.12/site-packages/airflow/example_dags/example_sla_dag.py took 0.246 seconds
[2024-07-08T22:00:31.673+0000] {processor.py:161} INFO - Started process (PID=1788) to work on /home/airflow/.local/lib/python3.12/site-packages/airflow/example_dags/example_sla_dag.py
[2024-07-08T22:00:31.675+0000] {processor.py:830} INFO - Processing file /home/airflow/.local/lib/python3.12/site-packages/airflow/example_dags/example_sla_dag.py for tasks to queue
[2024-07-08T22:00:31.678+0000] {logging_mixin.py:188} INFO - [2024-07-08T22:00:31.678+0000] {dagbag.py:545} INFO - Filling up the DagBag from /home/airflow/.local/lib/python3.12/site-packages/airflow/example_dags/example_sla_dag.py
[2024-07-08T22:00:31.698+0000] {processor.py:840} INFO - DAG(s) 'example_sla_dag' retrieved from /home/airflow/.local/lib/python3.12/site-packages/airflow/example_dags/example_sla_dag.py
[2024-07-08T22:00:31.740+0000] {logging_mixin.py:188} INFO - [2024-07-08T22:00:31.739+0000] {dag.py:3096} INFO - Sync 1 DAGs
[2024-07-08T22:00:31.784+0000] {logging_mixin.py:188} INFO - [2024-07-08T22:00:31.784+0000] {dag.py:3954} INFO - Setting next_dagrun for example_sla_dag to 2024-07-08 21:58:00+00:00, run_after=2024-07-08 22:00:00+00:00
[2024-07-08T22:00:32.025+0000] {processor.py:183} INFO - Processing /home/airflow/.local/lib/python3.12/site-packages/airflow/example_dags/example_sla_dag.py took 0.435 seconds
[2024-07-08T22:01:02.624+0000] {processor.py:161} INFO - Started process (PID=1847) to work on /home/airflow/.local/lib/python3.12/site-packages/airflow/example_dags/example_sla_dag.py
[2024-07-08T22:01:02.626+0000] {processor.py:830} INFO - Processing file /home/airflow/.local/lib/python3.12/site-packages/airflow/example_dags/example_sla_dag.py for tasks to queue
[2024-07-08T22:01:02.629+0000] {logging_mixin.py:188} INFO - [2024-07-08T22:01:02.628+0000] {dagbag.py:545} INFO - Filling up the DagBag from /home/airflow/.local/lib/python3.12/site-packages/airflow/example_dags/example_sla_dag.py
[2024-07-08T22:01:02.642+0000] {processor.py:840} INFO - DAG(s) 'example_sla_dag' retrieved from /home/airflow/.local/lib/python3.12/site-packages/airflow/example_dags/example_sla_dag.py
[2024-07-08T22:01:02.673+0000] {logging_mixin.py:188} INFO - [2024-07-08T22:01:02.672+0000] {dag.py:3096} INFO - Sync 1 DAGs
[2024-07-08T22:01:02.712+0000] {logging_mixin.py:188} INFO - [2024-07-08T22:01:02.712+0000] {dag.py:3954} INFO - Setting next_dagrun for example_sla_dag to 2024-07-08 21:58:00+00:00, run_after=2024-07-08 22:00:00+00:00
[2024-07-08T22:01:02.749+0000] {processor.py:183} INFO - Processing /home/airflow/.local/lib/python3.12/site-packages/airflow/example_dags/example_sla_dag.py took 0.134 seconds
[2024-07-08T22:01:33.774+0000] {processor.py:161} INFO - Started process (PID=1906) to work on /home/airflow/.local/lib/python3.12/site-packages/airflow/example_dags/example_sla_dag.py
[2024-07-08T22:01:33.776+0000] {processor.py:830} INFO - Processing file /home/airflow/.local/lib/python3.12/site-packages/airflow/example_dags/example_sla_dag.py for tasks to queue
[2024-07-08T22:01:33.779+0000] {logging_mixin.py:188} INFO - [2024-07-08T22:01:33.778+0000] {dagbag.py:545} INFO - Filling up the DagBag from /home/airflow/.local/lib/python3.12/site-packages/airflow/example_dags/example_sla_dag.py
[2024-07-08T22:01:33.795+0000] {processor.py:840} INFO - DAG(s) 'example_sla_dag' retrieved from /home/airflow/.local/lib/python3.12/site-packages/airflow/example_dags/example_sla_dag.py
[2024-07-08T22:01:33.829+0000] {logging_mixin.py:188} INFO - [2024-07-08T22:01:33.829+0000] {dag.py:3096} INFO - Sync 1 DAGs
[2024-07-08T22:01:33.884+0000] {logging_mixin.py:188} INFO - [2024-07-08T22:01:33.884+0000] {dag.py:3954} INFO - Setting next_dagrun for example_sla_dag to 2024-07-08 21:58:00+00:00, run_after=2024-07-08 22:00:00+00:00
[2024-07-08T22:01:33.940+0000] {processor.py:183} INFO - Processing /home/airflow/.local/lib/python3.12/site-packages/airflow/example_dags/example_sla_dag.py took 0.176 seconds
[2024-07-08T22:02:04.107+0000] {processor.py:161} INFO - Started process (PID=1965) to work on /home/airflow/.local/lib/python3.12/site-packages/airflow/example_dags/example_sla_dag.py
[2024-07-08T22:02:04.109+0000] {processor.py:830} INFO - Processing file /home/airflow/.local/lib/python3.12/site-packages/airflow/example_dags/example_sla_dag.py for tasks to queue
[2024-07-08T22:02:04.112+0000] {logging_mixin.py:188} INFO - [2024-07-08T22:02:04.112+0000] {dagbag.py:545} INFO - Filling up the DagBag from /home/airflow/.local/lib/python3.12/site-packages/airflow/example_dags/example_sla_dag.py
[2024-07-08T22:02:04.128+0000] {processor.py:840} INFO - DAG(s) 'example_sla_dag' retrieved from /home/airflow/.local/lib/python3.12/site-packages/airflow/example_dags/example_sla_dag.py
[2024-07-08T22:02:04.357+0000] {logging_mixin.py:188} INFO - [2024-07-08T22:02:04.357+0000] {dag.py:3096} INFO - Sync 1 DAGs
[2024-07-08T22:02:04.420+0000] {logging_mixin.py:188} INFO - [2024-07-08T22:02:04.419+0000] {dag.py:3954} INFO - Setting next_dagrun for example_sla_dag to 2024-07-08 22:00:00+00:00, run_after=2024-07-08 22:02:00+00:00
[2024-07-08T22:02:04.452+0000] {processor.py:183} INFO - Processing /home/airflow/.local/lib/python3.12/site-packages/airflow/example_dags/example_sla_dag.py took 0.357 seconds
[2024-07-08T22:02:35.213+0000] {processor.py:161} INFO - Started process (PID=2024) to work on /home/airflow/.local/lib/python3.12/site-packages/airflow/example_dags/example_sla_dag.py
[2024-07-08T22:02:35.215+0000] {processor.py:830} INFO - Processing file /home/airflow/.local/lib/python3.12/site-packages/airflow/example_dags/example_sla_dag.py for tasks to queue
[2024-07-08T22:02:35.219+0000] {logging_mixin.py:188} INFO - [2024-07-08T22:02:35.218+0000] {dagbag.py:545} INFO - Filling up the DagBag from /home/airflow/.local/lib/python3.12/site-packages/airflow/example_dags/example_sla_dag.py
[2024-07-08T22:02:35.239+0000] {processor.py:840} INFO - DAG(s) 'example_sla_dag' retrieved from /home/airflow/.local/lib/python3.12/site-packages/airflow/example_dags/example_sla_dag.py
[2024-07-08T22:02:35.278+0000] {logging_mixin.py:188} INFO - [2024-07-08T22:02:35.278+0000] {dag.py:3096} INFO - Sync 1 DAGs
[2024-07-08T22:02:35.334+0000] {logging_mixin.py:188} INFO - [2024-07-08T22:02:35.333+0000] {dag.py:3954} INFO - Setting next_dagrun for example_sla_dag to 2024-07-08 22:00:00+00:00, run_after=2024-07-08 22:02:00+00:00
[2024-07-08T22:02:35.377+0000] {processor.py:183} INFO - Processing /home/airflow/.local/lib/python3.12/site-packages/airflow/example_dags/example_sla_dag.py took 0.176 seconds
[2024-07-08T22:03:05.881+0000] {processor.py:161} INFO - Started process (PID=2083) to work on /home/airflow/.local/lib/python3.12/site-packages/airflow/example_dags/example_sla_dag.py
[2024-07-08T22:03:05.883+0000] {processor.py:830} INFO - Processing file /home/airflow/.local/lib/python3.12/site-packages/airflow/example_dags/example_sla_dag.py for tasks to queue
[2024-07-08T22:03:05.888+0000] {logging_mixin.py:188} INFO - [2024-07-08T22:03:05.888+0000] {dagbag.py:545} INFO - Filling up the DagBag from /home/airflow/.local/lib/python3.12/site-packages/airflow/example_dags/example_sla_dag.py
[2024-07-08T22:03:05.914+0000] {processor.py:840} INFO - DAG(s) 'example_sla_dag' retrieved from /home/airflow/.local/lib/python3.12/site-packages/airflow/example_dags/example_sla_dag.py
[2024-07-08T22:03:05.971+0000] {logging_mixin.py:188} INFO - [2024-07-08T22:03:05.971+0000] {dag.py:3096} INFO - Sync 1 DAGs
[2024-07-08T22:03:06.048+0000] {logging_mixin.py:188} INFO - [2024-07-08T22:03:06.048+0000] {dag.py:3954} INFO - Setting next_dagrun for example_sla_dag to 2024-07-08 22:00:00+00:00, run_after=2024-07-08 22:02:00+00:00
[2024-07-08T22:03:06.099+0000] {processor.py:183} INFO - Processing /home/airflow/.local/lib/python3.12/site-packages/airflow/example_dags/example_sla_dag.py took 0.241 seconds
[2024-07-08T22:03:36.263+0000] {processor.py:161} INFO - Started process (PID=2142) to work on /home/airflow/.local/lib/python3.12/site-packages/airflow/example_dags/example_sla_dag.py
[2024-07-08T22:03:36.265+0000] {processor.py:830} INFO - Processing file /home/airflow/.local/lib/python3.12/site-packages/airflow/example_dags/example_sla_dag.py for tasks to queue
[2024-07-08T22:03:36.269+0000] {logging_mixin.py:188} INFO - [2024-07-08T22:03:36.268+0000] {dagbag.py:545} INFO - Filling up the DagBag from /home/airflow/.local/lib/python3.12/site-packages/airflow/example_dags/example_sla_dag.py
[2024-07-08T22:03:36.283+0000] {processor.py:840} INFO - DAG(s) 'example_sla_dag' retrieved from /home/airflow/.local/lib/python3.12/site-packages/airflow/example_dags/example_sla_dag.py
[2024-07-08T22:03:36.323+0000] {logging_mixin.py:188} INFO - [2024-07-08T22:03:36.323+0000] {dag.py:3096} INFO - Sync 1 DAGs
[2024-07-08T22:03:36.367+0000] {logging_mixin.py:188} INFO - [2024-07-08T22:03:36.366+0000] {dag.py:3954} INFO - Setting next_dagrun for example_sla_dag to 2024-07-08 22:00:00+00:00, run_after=2024-07-08 22:02:00+00:00
[2024-07-08T22:03:36.398+0000] {processor.py:183} INFO - Processing /home/airflow/.local/lib/python3.12/site-packages/airflow/example_dags/example_sla_dag.py took 0.147 seconds
[2024-07-08T22:04:10.078+0000] {processor.py:161} INFO - Started process (PID=2207) to work on /home/airflow/.local/lib/python3.12/site-packages/airflow/example_dags/example_sla_dag.py
[2024-07-08T22:04:10.082+0000] {processor.py:830} INFO - Processing file /home/airflow/.local/lib/python3.12/site-packages/airflow/example_dags/example_sla_dag.py for tasks to queue
[2024-07-08T22:04:10.085+0000] {logging_mixin.py:188} INFO - [2024-07-08T22:04:10.085+0000] {dagbag.py:545} INFO - Filling up the DagBag from /home/airflow/.local/lib/python3.12/site-packages/airflow/example_dags/example_sla_dag.py
[2024-07-08T22:04:10.109+0000] {processor.py:840} INFO - DAG(s) 'example_sla_dag' retrieved from /home/airflow/.local/lib/python3.12/site-packages/airflow/example_dags/example_sla_dag.py
[2024-07-08T22:04:10.179+0000] {logging_mixin.py:188} INFO - [2024-07-08T22:04:10.179+0000] {dag.py:3096} INFO - Sync 1 DAGs
[2024-07-08T22:04:10.234+0000] {logging_mixin.py:188} INFO - [2024-07-08T22:04:10.234+0000] {dag.py:3954} INFO - Setting next_dagrun for example_sla_dag to 2024-07-08 22:02:00+00:00, run_after=2024-07-08 22:04:00+00:00
[2024-07-08T22:04:10.267+0000] {processor.py:183} INFO - Processing /home/airflow/.local/lib/python3.12/site-packages/airflow/example_dags/example_sla_dag.py took 0.201 seconds
[2024-07-08T22:04:40.778+0000] {processor.py:161} INFO - Started process (PID=2266) to work on /home/airflow/.local/lib/python3.12/site-packages/airflow/example_dags/example_sla_dag.py
[2024-07-08T22:04:40.780+0000] {processor.py:830} INFO - Processing file /home/airflow/.local/lib/python3.12/site-packages/airflow/example_dags/example_sla_dag.py for tasks to queue
[2024-07-08T22:04:40.784+0000] {logging_mixin.py:188} INFO - [2024-07-08T22:04:40.783+0000] {dagbag.py:545} INFO - Filling up the DagBag from /home/airflow/.local/lib/python3.12/site-packages/airflow/example_dags/example_sla_dag.py
[2024-07-08T22:04:40.797+0000] {processor.py:840} INFO - DAG(s) 'example_sla_dag' retrieved from /home/airflow/.local/lib/python3.12/site-packages/airflow/example_dags/example_sla_dag.py
[2024-07-08T22:04:40.829+0000] {logging_mixin.py:188} INFO - [2024-07-08T22:04:40.828+0000] {dag.py:3096} INFO - Sync 1 DAGs
[2024-07-08T22:04:40.868+0000] {logging_mixin.py:188} INFO - [2024-07-08T22:04:40.868+0000] {dag.py:3954} INFO - Setting next_dagrun for example_sla_dag to 2024-07-08 22:02:00+00:00, run_after=2024-07-08 22:04:00+00:00
[2024-07-08T22:04:40.901+0000] {processor.py:183} INFO - Processing /home/airflow/.local/lib/python3.12/site-packages/airflow/example_dags/example_sla_dag.py took 0.132 seconds
[2024-07-08T22:05:11.022+0000] {processor.py:161} INFO - Started process (PID=2325) to work on /home/airflow/.local/lib/python3.12/site-packages/airflow/example_dags/example_sla_dag.py
[2024-07-08T22:05:11.024+0000] {processor.py:830} INFO - Processing file /home/airflow/.local/lib/python3.12/site-packages/airflow/example_dags/example_sla_dag.py for tasks to queue
[2024-07-08T22:05:11.028+0000] {logging_mixin.py:188} INFO - [2024-07-08T22:05:11.027+0000] {dagbag.py:545} INFO - Filling up the DagBag from /home/airflow/.local/lib/python3.12/site-packages/airflow/example_dags/example_sla_dag.py
[2024-07-08T22:05:11.041+0000] {processor.py:840} INFO - DAG(s) 'example_sla_dag' retrieved from /home/airflow/.local/lib/python3.12/site-packages/airflow/example_dags/example_sla_dag.py
[2024-07-08T22:05:11.124+0000] {logging_mixin.py:188} INFO - [2024-07-08T22:05:11.124+0000] {dag.py:3096} INFO - Sync 1 DAGs
[2024-07-08T22:05:11.167+0000] {logging_mixin.py:188} INFO - [2024-07-08T22:05:11.166+0000] {dag.py:3954} INFO - Setting next_dagrun for example_sla_dag to 2024-07-08 22:02:00+00:00, run_after=2024-07-08 22:04:00+00:00
[2024-07-08T22:05:11.206+0000] {processor.py:183} INFO - Processing /home/airflow/.local/lib/python3.12/site-packages/airflow/example_dags/example_sla_dag.py took 0.192 seconds
[2024-07-08T22:05:41.819+0000] {processor.py:161} INFO - Started process (PID=2384) to work on /home/airflow/.local/lib/python3.12/site-packages/airflow/example_dags/example_sla_dag.py
[2024-07-08T22:05:41.820+0000] {processor.py:830} INFO - Processing file /home/airflow/.local/lib/python3.12/site-packages/airflow/example_dags/example_sla_dag.py for tasks to queue
[2024-07-08T22:05:41.824+0000] {logging_mixin.py:188} INFO - [2024-07-08T22:05:41.824+0000] {dagbag.py:545} INFO - Filling up the DagBag from /home/airflow/.local/lib/python3.12/site-packages/airflow/example_dags/example_sla_dag.py
[2024-07-08T22:05:41.837+0000] {processor.py:840} INFO - DAG(s) 'example_sla_dag' retrieved from /home/airflow/.local/lib/python3.12/site-packages/airflow/example_dags/example_sla_dag.py
[2024-07-08T22:05:41.875+0000] {logging_mixin.py:188} INFO - [2024-07-08T22:05:41.874+0000] {dag.py:3096} INFO - Sync 1 DAGs
[2024-07-08T22:05:41.912+0000] {logging_mixin.py:188} INFO - [2024-07-08T22:05:41.912+0000] {dag.py:3954} INFO - Setting next_dagrun for example_sla_dag to 2024-07-08 22:02:00+00:00, run_after=2024-07-08 22:04:00+00:00
[2024-07-08T22:05:41.942+0000] {processor.py:183} INFO - Processing /home/airflow/.local/lib/python3.12/site-packages/airflow/example_dags/example_sla_dag.py took 0.134 seconds
[2024-07-08T22:06:12.119+0000] {processor.py:161} INFO - Started process (PID=2443) to work on /home/airflow/.local/lib/python3.12/site-packages/airflow/example_dags/example_sla_dag.py
[2024-07-08T22:06:12.121+0000] {processor.py:830} INFO - Processing file /home/airflow/.local/lib/python3.12/site-packages/airflow/example_dags/example_sla_dag.py for tasks to queue
[2024-07-08T22:06:12.126+0000] {logging_mixin.py:188} INFO - [2024-07-08T22:06:12.125+0000] {dagbag.py:545} INFO - Filling up the DagBag from /home/airflow/.local/lib/python3.12/site-packages/airflow/example_dags/example_sla_dag.py
[2024-07-08T22:06:12.146+0000] {processor.py:840} INFO - DAG(s) 'example_sla_dag' retrieved from /home/airflow/.local/lib/python3.12/site-packages/airflow/example_dags/example_sla_dag.py
[2024-07-08T22:06:12.185+0000] {logging_mixin.py:188} INFO - [2024-07-08T22:06:12.185+0000] {dag.py:3096} INFO - Sync 1 DAGs
[2024-07-08T22:06:12.225+0000] {logging_mixin.py:188} INFO - [2024-07-08T22:06:12.224+0000] {dag.py:3954} INFO - Setting next_dagrun for example_sla_dag to 2024-07-08 22:04:00+00:00, run_after=2024-07-08 22:06:00+00:00
[2024-07-08T22:06:12.261+0000] {processor.py:183} INFO - Processing /home/airflow/.local/lib/python3.12/site-packages/airflow/example_dags/example_sla_dag.py took 0.154 seconds
[2024-07-08T22:06:42.431+0000] {processor.py:161} INFO - Started process (PID=2502) to work on /home/airflow/.local/lib/python3.12/site-packages/airflow/example_dags/example_sla_dag.py
[2024-07-08T22:06:42.432+0000] {processor.py:830} INFO - Processing file /home/airflow/.local/lib/python3.12/site-packages/airflow/example_dags/example_sla_dag.py for tasks to queue
[2024-07-08T22:06:42.436+0000] {logging_mixin.py:188} INFO - [2024-07-08T22:06:42.436+0000] {dagbag.py:545} INFO - Filling up the DagBag from /home/airflow/.local/lib/python3.12/site-packages/airflow/example_dags/example_sla_dag.py
[2024-07-08T22:06:42.456+0000] {processor.py:840} INFO - DAG(s) 'example_sla_dag' retrieved from /home/airflow/.local/lib/python3.12/site-packages/airflow/example_dags/example_sla_dag.py
[2024-07-08T22:06:42.490+0000] {logging_mixin.py:188} INFO - [2024-07-08T22:06:42.489+0000] {dag.py:3096} INFO - Sync 1 DAGs
[2024-07-08T22:06:42.543+0000] {logging_mixin.py:188} INFO - [2024-07-08T22:06:42.543+0000] {dag.py:3954} INFO - Setting next_dagrun for example_sla_dag to 2024-07-08 22:04:00+00:00, run_after=2024-07-08 22:06:00+00:00
[2024-07-08T22:06:42.574+0000] {processor.py:183} INFO - Processing /home/airflow/.local/lib/python3.12/site-packages/airflow/example_dags/example_sla_dag.py took 0.155 seconds
[2024-07-08T22:07:13.823+0000] {processor.py:161} INFO - Started process (PID=2560) to work on /home/airflow/.local/lib/python3.12/site-packages/airflow/example_dags/example_sla_dag.py
[2024-07-08T22:07:13.825+0000] {processor.py:830} INFO - Processing file /home/airflow/.local/lib/python3.12/site-packages/airflow/example_dags/example_sla_dag.py for tasks to queue
[2024-07-08T22:07:13.830+0000] {logging_mixin.py:188} INFO - [2024-07-08T22:07:13.829+0000] {dagbag.py:545} INFO - Filling up the DagBag from /home/airflow/.local/lib/python3.12/site-packages/airflow/example_dags/example_sla_dag.py
[2024-07-08T22:07:13.857+0000] {processor.py:840} INFO - DAG(s) 'example_sla_dag' retrieved from /home/airflow/.local/lib/python3.12/site-packages/airflow/example_dags/example_sla_dag.py
[2024-07-08T22:07:13.984+0000] {logging_mixin.py:188} INFO - [2024-07-08T22:07:13.983+0000] {dag.py:3096} INFO - Sync 1 DAGs
[2024-07-08T22:07:14.102+0000] {logging_mixin.py:188} INFO - [2024-07-08T22:07:14.101+0000] {dag.py:3954} INFO - Setting next_dagrun for example_sla_dag to 2024-07-08 22:04:00+00:00, run_after=2024-07-08 22:06:00+00:00
[2024-07-08T22:07:14.181+0000] {processor.py:183} INFO - Processing /home/airflow/.local/lib/python3.12/site-packages/airflow/example_dags/example_sla_dag.py took 0.370 seconds
[2024-07-08T22:07:44.298+0000] {processor.py:161} INFO - Started process (PID=2619) to work on /home/airflow/.local/lib/python3.12/site-packages/airflow/example_dags/example_sla_dag.py
[2024-07-08T22:07:44.301+0000] {processor.py:830} INFO - Processing file /home/airflow/.local/lib/python3.12/site-packages/airflow/example_dags/example_sla_dag.py for tasks to queue
[2024-07-08T22:07:44.305+0000] {logging_mixin.py:188} INFO - [2024-07-08T22:07:44.304+0000] {dagbag.py:545} INFO - Filling up the DagBag from /home/airflow/.local/lib/python3.12/site-packages/airflow/example_dags/example_sla_dag.py
[2024-07-08T22:07:44.323+0000] {processor.py:840} INFO - DAG(s) 'example_sla_dag' retrieved from /home/airflow/.local/lib/python3.12/site-packages/airflow/example_dags/example_sla_dag.py
[2024-07-08T22:07:44.381+0000] {logging_mixin.py:188} INFO - [2024-07-08T22:07:44.381+0000] {dag.py:3096} INFO - Sync 1 DAGs
[2024-07-08T22:07:44.431+0000] {logging_mixin.py:188} INFO - [2024-07-08T22:07:44.430+0000] {dag.py:3954} INFO - Setting next_dagrun for example_sla_dag to 2024-07-08 22:04:00+00:00, run_after=2024-07-08 22:06:00+00:00
[2024-07-08T22:07:44.467+0000] {processor.py:183} INFO - Processing /home/airflow/.local/lib/python3.12/site-packages/airflow/example_dags/example_sla_dag.py took 0.182 seconds
[2024-07-08T22:08:15.282+0000] {processor.py:161} INFO - Started process (PID=2678) to work on /home/airflow/.local/lib/python3.12/site-packages/airflow/example_dags/example_sla_dag.py
[2024-07-08T22:08:15.284+0000] {processor.py:830} INFO - Processing file /home/airflow/.local/lib/python3.12/site-packages/airflow/example_dags/example_sla_dag.py for tasks to queue
[2024-07-08T22:08:15.287+0000] {logging_mixin.py:188} INFO - [2024-07-08T22:08:15.287+0000] {dagbag.py:545} INFO - Filling up the DagBag from /home/airflow/.local/lib/python3.12/site-packages/airflow/example_dags/example_sla_dag.py
[2024-07-08T22:08:15.310+0000] {processor.py:840} INFO - DAG(s) 'example_sla_dag' retrieved from /home/airflow/.local/lib/python3.12/site-packages/airflow/example_dags/example_sla_dag.py
[2024-07-08T22:08:15.358+0000] {logging_mixin.py:188} INFO - [2024-07-08T22:08:15.357+0000] {dag.py:3096} INFO - Sync 1 DAGs
[2024-07-08T22:08:15.403+0000] {logging_mixin.py:188} INFO - [2024-07-08T22:08:15.403+0000] {dag.py:3954} INFO - Setting next_dagrun for example_sla_dag to 2024-07-08 22:06:00+00:00, run_after=2024-07-08 22:08:00+00:00
[2024-07-08T22:08:15.442+0000] {processor.py:183} INFO - Processing /home/airflow/.local/lib/python3.12/site-packages/airflow/example_dags/example_sla_dag.py took 0.177 seconds
[2024-07-08T22:08:53.345+0000] {processor.py:161} INFO - Started process (PID=2741) to work on /home/airflow/.local/lib/python3.12/site-packages/airflow/example_dags/example_sla_dag.py
[2024-07-08T22:08:53.351+0000] {processor.py:830} INFO - Processing file /home/airflow/.local/lib/python3.12/site-packages/airflow/example_dags/example_sla_dag.py for tasks to queue
[2024-07-08T22:08:53.364+0000] {logging_mixin.py:188} INFO - [2024-07-08T22:08:53.363+0000] {dagbag.py:545} INFO - Filling up the DagBag from /home/airflow/.local/lib/python3.12/site-packages/airflow/example_dags/example_sla_dag.py
[2024-07-08T22:08:53.383+0000] {processor.py:840} INFO - DAG(s) 'example_sla_dag' retrieved from /home/airflow/.local/lib/python3.12/site-packages/airflow/example_dags/example_sla_dag.py
[2024-07-08T22:08:53.511+0000] {logging_mixin.py:188} INFO - [2024-07-08T22:08:53.508+0000] {dag.py:3096} INFO - Sync 1 DAGs
[2024-07-08T22:08:53.759+0000] {logging_mixin.py:188} INFO - [2024-07-08T22:08:53.759+0000] {dag.py:3954} INFO - Setting next_dagrun for example_sla_dag to 2024-07-08 22:06:00+00:00, run_after=2024-07-08 22:08:00+00:00
[2024-07-08T22:08:53.807+0000] {processor.py:183} INFO - Processing /home/airflow/.local/lib/python3.12/site-packages/airflow/example_dags/example_sla_dag.py took 0.492 seconds
[2024-07-08T22:09:47.376+0000] {processor.py:161} INFO - Started process (PID=2817) to work on /home/airflow/.local/lib/python3.12/site-packages/airflow/example_dags/example_sla_dag.py
[2024-07-08T22:09:47.385+0000] {processor.py:830} INFO - Processing file /home/airflow/.local/lib/python3.12/site-packages/airflow/example_dags/example_sla_dag.py for tasks to queue
[2024-07-08T22:09:47.396+0000] {logging_mixin.py:188} INFO - [2024-07-08T22:09:47.395+0000] {dagbag.py:545} INFO - Filling up the DagBag from /home/airflow/.local/lib/python3.12/site-packages/airflow/example_dags/example_sla_dag.py
[2024-07-08T22:09:47.466+0000] {processor.py:840} INFO - DAG(s) 'example_sla_dag' retrieved from /home/airflow/.local/lib/python3.12/site-packages/airflow/example_dags/example_sla_dag.py
[2024-07-08T22:09:47.730+0000] {logging_mixin.py:188} INFO - [2024-07-08T22:09:47.730+0000] {dag.py:3096} INFO - Sync 1 DAGs
[2024-07-08T22:09:47.927+0000] {logging_mixin.py:188} INFO - [2024-07-08T22:09:47.926+0000] {dag.py:3954} INFO - Setting next_dagrun for example_sla_dag to 2024-07-08 22:06:00+00:00, run_after=2024-07-08 22:08:00+00:00
[2024-07-08T22:09:48.019+0000] {processor.py:183} INFO - Processing /home/airflow/.local/lib/python3.12/site-packages/airflow/example_dags/example_sla_dag.py took 0.667 seconds
[2024-07-08T22:10:18.945+0000] {processor.py:161} INFO - Started process (PID=2876) to work on /home/airflow/.local/lib/python3.12/site-packages/airflow/example_dags/example_sla_dag.py
[2024-07-08T22:10:18.952+0000] {processor.py:830} INFO - Processing file /home/airflow/.local/lib/python3.12/site-packages/airflow/example_dags/example_sla_dag.py for tasks to queue
[2024-07-08T22:10:18.959+0000] {logging_mixin.py:188} INFO - [2024-07-08T22:10:18.957+0000] {dagbag.py:545} INFO - Filling up the DagBag from /home/airflow/.local/lib/python3.12/site-packages/airflow/example_dags/example_sla_dag.py
[2024-07-08T22:10:18.999+0000] {processor.py:840} INFO - DAG(s) 'example_sla_dag' retrieved from /home/airflow/.local/lib/python3.12/site-packages/airflow/example_dags/example_sla_dag.py
[2024-07-08T22:10:19.043+0000] {logging_mixin.py:188} INFO - [2024-07-08T22:10:19.042+0000] {dag.py:3096} INFO - Sync 1 DAGs
[2024-07-08T22:10:19.089+0000] {logging_mixin.py:188} INFO - [2024-07-08T22:10:19.088+0000] {dag.py:3954} INFO - Setting next_dagrun for example_sla_dag to 2024-07-08 22:08:00+00:00, run_after=2024-07-08 22:10:00+00:00
[2024-07-08T22:10:19.129+0000] {processor.py:183} INFO - Processing /home/airflow/.local/lib/python3.12/site-packages/airflow/example_dags/example_sla_dag.py took 0.233 seconds
[2024-07-08T22:10:49.478+0000] {processor.py:161} INFO - Started process (PID=2935) to work on /home/airflow/.local/lib/python3.12/site-packages/airflow/example_dags/example_sla_dag.py
[2024-07-08T22:10:49.481+0000] {processor.py:830} INFO - Processing file /home/airflow/.local/lib/python3.12/site-packages/airflow/example_dags/example_sla_dag.py for tasks to queue
[2024-07-08T22:10:49.487+0000] {logging_mixin.py:188} INFO - [2024-07-08T22:10:49.486+0000] {dagbag.py:545} INFO - Filling up the DagBag from /home/airflow/.local/lib/python3.12/site-packages/airflow/example_dags/example_sla_dag.py
[2024-07-08T22:10:49.508+0000] {processor.py:840} INFO - DAG(s) 'example_sla_dag' retrieved from /home/airflow/.local/lib/python3.12/site-packages/airflow/example_dags/example_sla_dag.py
[2024-07-08T22:10:49.549+0000] {logging_mixin.py:188} INFO - [2024-07-08T22:10:49.549+0000] {dag.py:3096} INFO - Sync 1 DAGs
[2024-07-08T22:10:49.603+0000] {logging_mixin.py:188} INFO - [2024-07-08T22:10:49.602+0000] {dag.py:3954} INFO - Setting next_dagrun for example_sla_dag to 2024-07-08 22:08:00+00:00, run_after=2024-07-08 22:10:00+00:00
[2024-07-08T22:10:49.640+0000] {processor.py:183} INFO - Processing /home/airflow/.local/lib/python3.12/site-packages/airflow/example_dags/example_sla_dag.py took 0.178 seconds
[2024-07-08T22:11:19.908+0000] {processor.py:161} INFO - Started process (PID=2994) to work on /home/airflow/.local/lib/python3.12/site-packages/airflow/example_dags/example_sla_dag.py
[2024-07-08T22:11:19.910+0000] {processor.py:830} INFO - Processing file /home/airflow/.local/lib/python3.12/site-packages/airflow/example_dags/example_sla_dag.py for tasks to queue
[2024-07-08T22:11:19.913+0000] {logging_mixin.py:188} INFO - [2024-07-08T22:11:19.912+0000] {dagbag.py:545} INFO - Filling up the DagBag from /home/airflow/.local/lib/python3.12/site-packages/airflow/example_dags/example_sla_dag.py
[2024-07-08T22:11:19.929+0000] {processor.py:840} INFO - DAG(s) 'example_sla_dag' retrieved from /home/airflow/.local/lib/python3.12/site-packages/airflow/example_dags/example_sla_dag.py
[2024-07-08T22:11:19.968+0000] {logging_mixin.py:188} INFO - [2024-07-08T22:11:19.968+0000] {dag.py:3096} INFO - Sync 1 DAGs
[2024-07-08T22:11:20.047+0000] {logging_mixin.py:188} INFO - [2024-07-08T22:11:20.045+0000] {dag.py:3954} INFO - Setting next_dagrun for example_sla_dag to 2024-07-08 22:08:00+00:00, run_after=2024-07-08 22:10:00+00:00
[2024-07-08T22:11:20.201+0000] {processor.py:183} INFO - Processing /home/airflow/.local/lib/python3.12/site-packages/airflow/example_dags/example_sla_dag.py took 0.311 seconds
[2024-07-08T22:11:51.180+0000] {processor.py:161} INFO - Started process (PID=3053) to work on /home/airflow/.local/lib/python3.12/site-packages/airflow/example_dags/example_sla_dag.py
[2024-07-08T22:11:51.182+0000] {processor.py:830} INFO - Processing file /home/airflow/.local/lib/python3.12/site-packages/airflow/example_dags/example_sla_dag.py for tasks to queue
[2024-07-08T22:11:51.185+0000] {logging_mixin.py:188} INFO - [2024-07-08T22:11:51.185+0000] {dagbag.py:545} INFO - Filling up the DagBag from /home/airflow/.local/lib/python3.12/site-packages/airflow/example_dags/example_sla_dag.py
[2024-07-08T22:11:51.199+0000] {processor.py:840} INFO - DAG(s) 'example_sla_dag' retrieved from /home/airflow/.local/lib/python3.12/site-packages/airflow/example_dags/example_sla_dag.py
[2024-07-08T22:11:51.243+0000] {logging_mixin.py:188} INFO - [2024-07-08T22:11:51.243+0000] {dag.py:3096} INFO - Sync 1 DAGs
[2024-07-08T22:11:51.299+0000] {logging_mixin.py:188} INFO - [2024-07-08T22:11:51.298+0000] {dag.py:3954} INFO - Setting next_dagrun for example_sla_dag to 2024-07-08 22:08:00+00:00, run_after=2024-07-08 22:10:00+00:00
[2024-07-08T22:11:51.339+0000] {processor.py:183} INFO - Processing /home/airflow/.local/lib/python3.12/site-packages/airflow/example_dags/example_sla_dag.py took 0.169 seconds
[2024-07-08T22:12:21.907+0000] {processor.py:161} INFO - Started process (PID=3112) to work on /home/airflow/.local/lib/python3.12/site-packages/airflow/example_dags/example_sla_dag.py
[2024-07-08T22:12:21.912+0000] {processor.py:830} INFO - Processing file /home/airflow/.local/lib/python3.12/site-packages/airflow/example_dags/example_sla_dag.py for tasks to queue
[2024-07-08T22:12:21.917+0000] {logging_mixin.py:188} INFO - [2024-07-08T22:12:21.916+0000] {dagbag.py:545} INFO - Filling up the DagBag from /home/airflow/.local/lib/python3.12/site-packages/airflow/example_dags/example_sla_dag.py
[2024-07-08T22:12:21.937+0000] {processor.py:840} INFO - DAG(s) 'example_sla_dag' retrieved from /home/airflow/.local/lib/python3.12/site-packages/airflow/example_dags/example_sla_dag.py
[2024-07-08T22:12:21.991+0000] {logging_mixin.py:188} INFO - [2024-07-08T22:12:21.990+0000] {dag.py:3096} INFO - Sync 1 DAGs
[2024-07-08T22:12:22.054+0000] {logging_mixin.py:188} INFO - [2024-07-08T22:12:22.053+0000] {dag.py:3954} INFO - Setting next_dagrun for example_sla_dag to 2024-07-08 22:10:00+00:00, run_after=2024-07-08 22:12:00+00:00
[2024-07-08T22:12:22.107+0000] {processor.py:183} INFO - Processing /home/airflow/.local/lib/python3.12/site-packages/airflow/example_dags/example_sla_dag.py took 0.214 seconds
[2024-07-08T22:12:53.044+0000] {processor.py:161} INFO - Started process (PID=3173) to work on /home/airflow/.local/lib/python3.12/site-packages/airflow/example_dags/example_sla_dag.py
[2024-07-08T22:12:53.045+0000] {processor.py:830} INFO - Processing file /home/airflow/.local/lib/python3.12/site-packages/airflow/example_dags/example_sla_dag.py for tasks to queue
[2024-07-08T22:12:53.049+0000] {logging_mixin.py:188} INFO - [2024-07-08T22:12:53.049+0000] {dagbag.py:545} INFO - Filling up the DagBag from /home/airflow/.local/lib/python3.12/site-packages/airflow/example_dags/example_sla_dag.py
[2024-07-08T22:12:53.062+0000] {processor.py:840} INFO - DAG(s) 'example_sla_dag' retrieved from /home/airflow/.local/lib/python3.12/site-packages/airflow/example_dags/example_sla_dag.py
[2024-07-08T22:12:53.095+0000] {logging_mixin.py:188} INFO - [2024-07-08T22:12:53.094+0000] {dag.py:3096} INFO - Sync 1 DAGs
[2024-07-08T22:12:53.134+0000] {logging_mixin.py:188} INFO - [2024-07-08T22:12:53.134+0000] {dag.py:3954} INFO - Setting next_dagrun for example_sla_dag to 2024-07-08 22:10:00+00:00, run_after=2024-07-08 22:12:00+00:00
[2024-07-08T22:12:53.172+0000] {processor.py:183} INFO - Processing /home/airflow/.local/lib/python3.12/site-packages/airflow/example_dags/example_sla_dag.py took 0.137 seconds
[2024-07-08T22:13:23.766+0000] {processor.py:161} INFO - Started process (PID=3232) to work on /home/airflow/.local/lib/python3.12/site-packages/airflow/example_dags/example_sla_dag.py
[2024-07-08T22:13:23.768+0000] {processor.py:830} INFO - Processing file /home/airflow/.local/lib/python3.12/site-packages/airflow/example_dags/example_sla_dag.py for tasks to queue
[2024-07-08T22:13:23.772+0000] {logging_mixin.py:188} INFO - [2024-07-08T22:13:23.771+0000] {dagbag.py:545} INFO - Filling up the DagBag from /home/airflow/.local/lib/python3.12/site-packages/airflow/example_dags/example_sla_dag.py
[2024-07-08T22:13:23.788+0000] {processor.py:840} INFO - DAG(s) 'example_sla_dag' retrieved from /home/airflow/.local/lib/python3.12/site-packages/airflow/example_dags/example_sla_dag.py
[2024-07-08T22:13:23.824+0000] {logging_mixin.py:188} INFO - [2024-07-08T22:13:23.824+0000] {dag.py:3096} INFO - Sync 1 DAGs
[2024-07-08T22:13:23.866+0000] {logging_mixin.py:188} INFO - [2024-07-08T22:13:23.865+0000] {dag.py:3954} INFO - Setting next_dagrun for example_sla_dag to 2024-07-08 22:10:00+00:00, run_after=2024-07-08 22:12:00+00:00
[2024-07-08T22:13:23.901+0000] {processor.py:183} INFO - Processing /home/airflow/.local/lib/python3.12/site-packages/airflow/example_dags/example_sla_dag.py took 0.147 seconds
[2024-07-08T22:13:54.652+0000] {processor.py:161} INFO - Started process (PID=3291) to work on /home/airflow/.local/lib/python3.12/site-packages/airflow/example_dags/example_sla_dag.py
[2024-07-08T22:13:54.654+0000] {processor.py:830} INFO - Processing file /home/airflow/.local/lib/python3.12/site-packages/airflow/example_dags/example_sla_dag.py for tasks to queue
[2024-07-08T22:13:54.657+0000] {logging_mixin.py:188} INFO - [2024-07-08T22:13:54.656+0000] {dagbag.py:545} INFO - Filling up the DagBag from /home/airflow/.local/lib/python3.12/site-packages/airflow/example_dags/example_sla_dag.py
[2024-07-08T22:13:54.675+0000] {processor.py:840} INFO - DAG(s) 'example_sla_dag' retrieved from /home/airflow/.local/lib/python3.12/site-packages/airflow/example_dags/example_sla_dag.py
[2024-07-08T22:13:54.715+0000] {logging_mixin.py:188} INFO - [2024-07-08T22:13:54.715+0000] {dag.py:3096} INFO - Sync 1 DAGs
[2024-07-08T22:13:54.776+0000] {logging_mixin.py:188} INFO - [2024-07-08T22:13:54.776+0000] {dag.py:3954} INFO - Setting next_dagrun for example_sla_dag to 2024-07-08 22:10:00+00:00, run_after=2024-07-08 22:12:00+00:00
[2024-07-08T22:13:54.809+0000] {processor.py:183} INFO - Processing /home/airflow/.local/lib/python3.12/site-packages/airflow/example_dags/example_sla_dag.py took 0.168 seconds
[2024-07-08T22:14:25.772+0000] {processor.py:161} INFO - Started process (PID=3351) to work on /home/airflow/.local/lib/python3.12/site-packages/airflow/example_dags/example_sla_dag.py
[2024-07-08T22:14:25.774+0000] {processor.py:830} INFO - Processing file /home/airflow/.local/lib/python3.12/site-packages/airflow/example_dags/example_sla_dag.py for tasks to queue
[2024-07-08T22:14:25.777+0000] {logging_mixin.py:188} INFO - [2024-07-08T22:14:25.777+0000] {dagbag.py:545} INFO - Filling up the DagBag from /home/airflow/.local/lib/python3.12/site-packages/airflow/example_dags/example_sla_dag.py
[2024-07-08T22:14:25.791+0000] {processor.py:840} INFO - DAG(s) 'example_sla_dag' retrieved from /home/airflow/.local/lib/python3.12/site-packages/airflow/example_dags/example_sla_dag.py
[2024-07-08T22:14:25.829+0000] {logging_mixin.py:188} INFO - [2024-07-08T22:14:25.829+0000] {dag.py:3096} INFO - Sync 1 DAGs
[2024-07-08T22:14:25.875+0000] {logging_mixin.py:188} INFO - [2024-07-08T22:14:25.875+0000] {dag.py:3954} INFO - Setting next_dagrun for example_sla_dag to 2024-07-08 22:12:00+00:00, run_after=2024-07-08 22:14:00+00:00
[2024-07-08T22:14:25.907+0000] {processor.py:183} INFO - Processing /home/airflow/.local/lib/python3.12/site-packages/airflow/example_dags/example_sla_dag.py took 0.144 seconds
[2024-07-08T22:14:56.531+0000] {processor.py:161} INFO - Started process (PID=3409) to work on /home/airflow/.local/lib/python3.12/site-packages/airflow/example_dags/example_sla_dag.py
[2024-07-08T22:14:56.533+0000] {processor.py:830} INFO - Processing file /home/airflow/.local/lib/python3.12/site-packages/airflow/example_dags/example_sla_dag.py for tasks to queue
[2024-07-08T22:14:56.537+0000] {logging_mixin.py:188} INFO - [2024-07-08T22:14:56.536+0000] {dagbag.py:545} INFO - Filling up the DagBag from /home/airflow/.local/lib/python3.12/site-packages/airflow/example_dags/example_sla_dag.py
[2024-07-08T22:14:56.555+0000] {processor.py:840} INFO - DAG(s) 'example_sla_dag' retrieved from /home/airflow/.local/lib/python3.12/site-packages/airflow/example_dags/example_sla_dag.py
[2024-07-08T22:14:56.594+0000] {logging_mixin.py:188} INFO - [2024-07-08T22:14:56.594+0000] {dag.py:3096} INFO - Sync 1 DAGs
[2024-07-08T22:14:56.689+0000] {logging_mixin.py:188} INFO - [2024-07-08T22:14:56.688+0000] {dag.py:3954} INFO - Setting next_dagrun for example_sla_dag to 2024-07-08 22:12:00+00:00, run_after=2024-07-08 22:14:00+00:00
[2024-07-08T22:14:56.740+0000] {processor.py:183} INFO - Processing /home/airflow/.local/lib/python3.12/site-packages/airflow/example_dags/example_sla_dag.py took 0.224 seconds
[2024-07-08T22:15:27.255+0000] {processor.py:161} INFO - Started process (PID=3468) to work on /home/airflow/.local/lib/python3.12/site-packages/airflow/example_dags/example_sla_dag.py
[2024-07-08T22:15:27.257+0000] {processor.py:830} INFO - Processing file /home/airflow/.local/lib/python3.12/site-packages/airflow/example_dags/example_sla_dag.py for tasks to queue
[2024-07-08T22:15:27.263+0000] {logging_mixin.py:188} INFO - [2024-07-08T22:15:27.262+0000] {dagbag.py:545} INFO - Filling up the DagBag from /home/airflow/.local/lib/python3.12/site-packages/airflow/example_dags/example_sla_dag.py
[2024-07-08T22:15:27.289+0000] {processor.py:840} INFO - DAG(s) 'example_sla_dag' retrieved from /home/airflow/.local/lib/python3.12/site-packages/airflow/example_dags/example_sla_dag.py
[2024-07-08T22:15:27.351+0000] {logging_mixin.py:188} INFO - [2024-07-08T22:15:27.351+0000] {dag.py:3096} INFO - Sync 1 DAGs
[2024-07-08T22:15:27.464+0000] {logging_mixin.py:188} INFO - [2024-07-08T22:15:27.463+0000] {dag.py:3954} INFO - Setting next_dagrun for example_sla_dag to 2024-07-08 22:12:00+00:00, run_after=2024-07-08 22:14:00+00:00
[2024-07-08T22:15:27.520+0000] {processor.py:183} INFO - Processing /home/airflow/.local/lib/python3.12/site-packages/airflow/example_dags/example_sla_dag.py took 0.279 seconds
[2024-07-08T22:15:58.540+0000] {processor.py:161} INFO - Started process (PID=3527) to work on /home/airflow/.local/lib/python3.12/site-packages/airflow/example_dags/example_sla_dag.py
[2024-07-08T22:15:58.548+0000] {processor.py:830} INFO - Processing file /home/airflow/.local/lib/python3.12/site-packages/airflow/example_dags/example_sla_dag.py for tasks to queue
[2024-07-08T22:15:58.552+0000] {logging_mixin.py:188} INFO - [2024-07-08T22:15:58.551+0000] {dagbag.py:545} INFO - Filling up the DagBag from /home/airflow/.local/lib/python3.12/site-packages/airflow/example_dags/example_sla_dag.py
[2024-07-08T22:15:58.569+0000] {processor.py:840} INFO - DAG(s) 'example_sla_dag' retrieved from /home/airflow/.local/lib/python3.12/site-packages/airflow/example_dags/example_sla_dag.py
[2024-07-08T22:15:58.611+0000] {logging_mixin.py:188} INFO - [2024-07-08T22:15:58.610+0000] {dag.py:3096} INFO - Sync 1 DAGs
[2024-07-08T22:15:58.651+0000] {logging_mixin.py:188} INFO - [2024-07-08T22:15:58.651+0000] {dag.py:3954} INFO - Setting next_dagrun for example_sla_dag to 2024-07-08 22:12:00+00:00, run_after=2024-07-08 22:14:00+00:00
[2024-07-08T22:15:58.684+0000] {processor.py:183} INFO - Processing /home/airflow/.local/lib/python3.12/site-packages/airflow/example_dags/example_sla_dag.py took 0.154 seconds
[2024-07-08T22:16:29.299+0000] {processor.py:161} INFO - Started process (PID=3586) to work on /home/airflow/.local/lib/python3.12/site-packages/airflow/example_dags/example_sla_dag.py
[2024-07-08T22:16:29.302+0000] {processor.py:830} INFO - Processing file /home/airflow/.local/lib/python3.12/site-packages/airflow/example_dags/example_sla_dag.py for tasks to queue
[2024-07-08T22:16:29.305+0000] {logging_mixin.py:188} INFO - [2024-07-08T22:16:29.304+0000] {dagbag.py:545} INFO - Filling up the DagBag from /home/airflow/.local/lib/python3.12/site-packages/airflow/example_dags/example_sla_dag.py
[2024-07-08T22:16:29.321+0000] {processor.py:840} INFO - DAG(s) 'example_sla_dag' retrieved from /home/airflow/.local/lib/python3.12/site-packages/airflow/example_dags/example_sla_dag.py
[2024-07-08T22:16:29.356+0000] {logging_mixin.py:188} INFO - [2024-07-08T22:16:29.355+0000] {dag.py:3096} INFO - Sync 1 DAGs
[2024-07-08T22:16:29.403+0000] {logging_mixin.py:188} INFO - [2024-07-08T22:16:29.403+0000] {dag.py:3954} INFO - Setting next_dagrun for example_sla_dag to 2024-07-08 22:14:00+00:00, run_after=2024-07-08 22:16:00+00:00
[2024-07-08T22:16:29.437+0000] {processor.py:183} INFO - Processing /home/airflow/.local/lib/python3.12/site-packages/airflow/example_dags/example_sla_dag.py took 0.147 seconds
[2024-07-08T22:16:59.562+0000] {processor.py:161} INFO - Started process (PID=3645) to work on /home/airflow/.local/lib/python3.12/site-packages/airflow/example_dags/example_sla_dag.py
[2024-07-08T22:16:59.565+0000] {processor.py:830} INFO - Processing file /home/airflow/.local/lib/python3.12/site-packages/airflow/example_dags/example_sla_dag.py for tasks to queue
[2024-07-08T22:16:59.569+0000] {logging_mixin.py:188} INFO - [2024-07-08T22:16:59.568+0000] {dagbag.py:545} INFO - Filling up the DagBag from /home/airflow/.local/lib/python3.12/site-packages/airflow/example_dags/example_sla_dag.py
[2024-07-08T22:16:59.582+0000] {processor.py:840} INFO - DAG(s) 'example_sla_dag' retrieved from /home/airflow/.local/lib/python3.12/site-packages/airflow/example_dags/example_sla_dag.py
[2024-07-08T22:16:59.618+0000] {logging_mixin.py:188} INFO - [2024-07-08T22:16:59.618+0000] {dag.py:3096} INFO - Sync 1 DAGs
[2024-07-08T22:16:59.687+0000] {logging_mixin.py:188} INFO - [2024-07-08T22:16:59.686+0000] {dag.py:3954} INFO - Setting next_dagrun for example_sla_dag to 2024-07-08 22:14:00+00:00, run_after=2024-07-08 22:16:00+00:00
[2024-07-08T22:16:59.739+0000] {processor.py:183} INFO - Processing /home/airflow/.local/lib/python3.12/site-packages/airflow/example_dags/example_sla_dag.py took 0.189 seconds
[2024-07-08T22:17:30.450+0000] {processor.py:161} INFO - Started process (PID=3704) to work on /home/airflow/.local/lib/python3.12/site-packages/airflow/example_dags/example_sla_dag.py
[2024-07-08T22:17:30.452+0000] {processor.py:830} INFO - Processing file /home/airflow/.local/lib/python3.12/site-packages/airflow/example_dags/example_sla_dag.py for tasks to queue
[2024-07-08T22:17:30.455+0000] {logging_mixin.py:188} INFO - [2024-07-08T22:17:30.455+0000] {dagbag.py:545} INFO - Filling up the DagBag from /home/airflow/.local/lib/python3.12/site-packages/airflow/example_dags/example_sla_dag.py
[2024-07-08T22:17:30.471+0000] {processor.py:840} INFO - DAG(s) 'example_sla_dag' retrieved from /home/airflow/.local/lib/python3.12/site-packages/airflow/example_dags/example_sla_dag.py
[2024-07-08T22:17:30.506+0000] {logging_mixin.py:188} INFO - [2024-07-08T22:17:30.505+0000] {dag.py:3096} INFO - Sync 1 DAGs
[2024-07-08T22:17:30.556+0000] {logging_mixin.py:188} INFO - [2024-07-08T22:17:30.555+0000] {dag.py:3954} INFO - Setting next_dagrun for example_sla_dag to 2024-07-08 22:14:00+00:00, run_after=2024-07-08 22:16:00+00:00
[2024-07-08T22:17:30.600+0000] {processor.py:183} INFO - Processing /home/airflow/.local/lib/python3.12/site-packages/airflow/example_dags/example_sla_dag.py took 0.160 seconds
[2024-07-08T22:18:01.425+0000] {processor.py:161} INFO - Started process (PID=3764) to work on /home/airflow/.local/lib/python3.12/site-packages/airflow/example_dags/example_sla_dag.py
[2024-07-08T22:18:01.429+0000] {processor.py:830} INFO - Processing file /home/airflow/.local/lib/python3.12/site-packages/airflow/example_dags/example_sla_dag.py for tasks to queue
[2024-07-08T22:18:01.433+0000] {logging_mixin.py:188} INFO - [2024-07-08T22:18:01.432+0000] {dagbag.py:545} INFO - Filling up the DagBag from /home/airflow/.local/lib/python3.12/site-packages/airflow/example_dags/example_sla_dag.py
[2024-07-08T22:18:01.450+0000] {processor.py:840} INFO - DAG(s) 'example_sla_dag' retrieved from /home/airflow/.local/lib/python3.12/site-packages/airflow/example_dags/example_sla_dag.py
[2024-07-08T22:18:01.491+0000] {logging_mixin.py:188} INFO - [2024-07-08T22:18:01.490+0000] {dag.py:3096} INFO - Sync 1 DAGs
[2024-07-08T22:18:01.530+0000] {logging_mixin.py:188} INFO - [2024-07-08T22:18:01.530+0000] {dag.py:3954} INFO - Setting next_dagrun for example_sla_dag to 2024-07-08 22:16:00+00:00, run_after=2024-07-08 22:18:00+00:00
[2024-07-08T22:18:01.563+0000] {processor.py:183} INFO - Processing /home/airflow/.local/lib/python3.12/site-packages/airflow/example_dags/example_sla_dag.py took 0.153 seconds
[2024-07-08T22:18:32.891+0000] {processor.py:161} INFO - Started process (PID=3825) to work on /home/airflow/.local/lib/python3.12/site-packages/airflow/example_dags/example_sla_dag.py
[2024-07-08T22:18:32.893+0000] {processor.py:830} INFO - Processing file /home/airflow/.local/lib/python3.12/site-packages/airflow/example_dags/example_sla_dag.py for tasks to queue
[2024-07-08T22:18:32.898+0000] {logging_mixin.py:188} INFO - [2024-07-08T22:18:32.897+0000] {dagbag.py:545} INFO - Filling up the DagBag from /home/airflow/.local/lib/python3.12/site-packages/airflow/example_dags/example_sla_dag.py
[2024-07-08T22:18:32.929+0000] {processor.py:840} INFO - DAG(s) 'example_sla_dag' retrieved from /home/airflow/.local/lib/python3.12/site-packages/airflow/example_dags/example_sla_dag.py
[2024-07-08T22:18:32.997+0000] {logging_mixin.py:188} INFO - [2024-07-08T22:18:32.996+0000] {dag.py:3096} INFO - Sync 1 DAGs
[2024-07-08T22:18:33.059+0000] {logging_mixin.py:188} INFO - [2024-07-08T22:18:33.059+0000] {dag.py:3954} INFO - Setting next_dagrun for example_sla_dag to 2024-07-08 22:16:00+00:00, run_after=2024-07-08 22:18:00+00:00
[2024-07-08T22:18:33.101+0000] {processor.py:183} INFO - Processing /home/airflow/.local/lib/python3.12/site-packages/airflow/example_dags/example_sla_dag.py took 0.226 seconds
[2024-07-08T22:19:03.442+0000] {processor.py:161} INFO - Started process (PID=3884) to work on /home/airflow/.local/lib/python3.12/site-packages/airflow/example_dags/example_sla_dag.py
[2024-07-08T22:19:03.445+0000] {processor.py:830} INFO - Processing file /home/airflow/.local/lib/python3.12/site-packages/airflow/example_dags/example_sla_dag.py for tasks to queue
[2024-07-08T22:19:03.450+0000] {logging_mixin.py:188} INFO - [2024-07-08T22:19:03.449+0000] {dagbag.py:545} INFO - Filling up the DagBag from /home/airflow/.local/lib/python3.12/site-packages/airflow/example_dags/example_sla_dag.py
[2024-07-08T22:19:03.475+0000] {processor.py:840} INFO - DAG(s) 'example_sla_dag' retrieved from /home/airflow/.local/lib/python3.12/site-packages/airflow/example_dags/example_sla_dag.py
[2024-07-08T22:19:03.538+0000] {logging_mixin.py:188} INFO - [2024-07-08T22:19:03.534+0000] {dag.py:3096} INFO - Sync 1 DAGs
[2024-07-08T22:19:03.604+0000] {logging_mixin.py:188} INFO - [2024-07-08T22:19:03.604+0000] {dag.py:3954} INFO - Setting next_dagrun for example_sla_dag to 2024-07-08 22:16:00+00:00, run_after=2024-07-08 22:18:00+00:00
[2024-07-08T22:19:03.650+0000] {processor.py:183} INFO - Processing /home/airflow/.local/lib/python3.12/site-packages/airflow/example_dags/example_sla_dag.py took 0.223 seconds
[2024-07-08T22:19:33.862+0000] {processor.py:161} INFO - Started process (PID=3943) to work on /home/airflow/.local/lib/python3.12/site-packages/airflow/example_dags/example_sla_dag.py
[2024-07-08T22:19:33.864+0000] {processor.py:830} INFO - Processing file /home/airflow/.local/lib/python3.12/site-packages/airflow/example_dags/example_sla_dag.py for tasks to queue
[2024-07-08T22:19:33.867+0000] {logging_mixin.py:188} INFO - [2024-07-08T22:19:33.866+0000] {dagbag.py:545} INFO - Filling up the DagBag from /home/airflow/.local/lib/python3.12/site-packages/airflow/example_dags/example_sla_dag.py
[2024-07-08T22:19:33.879+0000] {processor.py:840} INFO - DAG(s) 'example_sla_dag' retrieved from /home/airflow/.local/lib/python3.12/site-packages/airflow/example_dags/example_sla_dag.py
[2024-07-08T22:19:33.909+0000] {logging_mixin.py:188} INFO - [2024-07-08T22:19:33.909+0000] {dag.py:3096} INFO - Sync 1 DAGs
[2024-07-08T22:19:33.945+0000] {logging_mixin.py:188} INFO - [2024-07-08T22:19:33.945+0000] {dag.py:3954} INFO - Setting next_dagrun for example_sla_dag to 2024-07-08 22:16:00+00:00, run_after=2024-07-08 22:18:00+00:00
[2024-07-08T22:19:33.978+0000] {processor.py:183} INFO - Processing /home/airflow/.local/lib/python3.12/site-packages/airflow/example_dags/example_sla_dag.py took 0.129 seconds
[2024-07-08T22:20:04.203+0000] {processor.py:161} INFO - Started process (PID=4002) to work on /home/airflow/.local/lib/python3.12/site-packages/airflow/example_dags/example_sla_dag.py
[2024-07-08T22:20:04.205+0000] {processor.py:830} INFO - Processing file /home/airflow/.local/lib/python3.12/site-packages/airflow/example_dags/example_sla_dag.py for tasks to queue
[2024-07-08T22:20:04.208+0000] {logging_mixin.py:188} INFO - [2024-07-08T22:20:04.207+0000] {dagbag.py:545} INFO - Filling up the DagBag from /home/airflow/.local/lib/python3.12/site-packages/airflow/example_dags/example_sla_dag.py
[2024-07-08T22:20:04.221+0000] {processor.py:840} INFO - DAG(s) 'example_sla_dag' retrieved from /home/airflow/.local/lib/python3.12/site-packages/airflow/example_dags/example_sla_dag.py
[2024-07-08T22:20:04.254+0000] {logging_mixin.py:188} INFO - [2024-07-08T22:20:04.254+0000] {dag.py:3096} INFO - Sync 1 DAGs
[2024-07-08T22:20:04.296+0000] {logging_mixin.py:188} INFO - [2024-07-08T22:20:04.296+0000] {dag.py:3954} INFO - Setting next_dagrun for example_sla_dag to 2024-07-08 22:18:00+00:00, run_after=2024-07-08 22:20:00+00:00
[2024-07-08T22:20:04.330+0000] {processor.py:183} INFO - Processing /home/airflow/.local/lib/python3.12/site-packages/airflow/example_dags/example_sla_dag.py took 0.136 seconds
[2024-07-08T22:20:34.478+0000] {processor.py:161} INFO - Started process (PID=4061) to work on /home/airflow/.local/lib/python3.12/site-packages/airflow/example_dags/example_sla_dag.py
[2024-07-08T22:20:34.481+0000] {processor.py:830} INFO - Processing file /home/airflow/.local/lib/python3.12/site-packages/airflow/example_dags/example_sla_dag.py for tasks to queue
[2024-07-08T22:20:34.484+0000] {logging_mixin.py:188} INFO - [2024-07-08T22:20:34.484+0000] {dagbag.py:545} INFO - Filling up the DagBag from /home/airflow/.local/lib/python3.12/site-packages/airflow/example_dags/example_sla_dag.py
[2024-07-08T22:20:34.500+0000] {processor.py:840} INFO - DAG(s) 'example_sla_dag' retrieved from /home/airflow/.local/lib/python3.12/site-packages/airflow/example_dags/example_sla_dag.py
[2024-07-08T22:20:34.532+0000] {logging_mixin.py:188} INFO - [2024-07-08T22:20:34.531+0000] {dag.py:3096} INFO - Sync 1 DAGs
[2024-07-08T22:20:34.569+0000] {logging_mixin.py:188} INFO - [2024-07-08T22:20:34.569+0000] {dag.py:3954} INFO - Setting next_dagrun for example_sla_dag to 2024-07-08 22:18:00+00:00, run_after=2024-07-08 22:20:00+00:00
[2024-07-08T22:20:34.605+0000] {processor.py:183} INFO - Processing /home/airflow/.local/lib/python3.12/site-packages/airflow/example_dags/example_sla_dag.py took 0.141 seconds
[2024-07-08T22:21:05.369+0000] {processor.py:161} INFO - Started process (PID=4120) to work on /home/airflow/.local/lib/python3.12/site-packages/airflow/example_dags/example_sla_dag.py
[2024-07-08T22:21:05.371+0000] {processor.py:830} INFO - Processing file /home/airflow/.local/lib/python3.12/site-packages/airflow/example_dags/example_sla_dag.py for tasks to queue
[2024-07-08T22:21:05.375+0000] {logging_mixin.py:188} INFO - [2024-07-08T22:21:05.374+0000] {dagbag.py:545} INFO - Filling up the DagBag from /home/airflow/.local/lib/python3.12/site-packages/airflow/example_dags/example_sla_dag.py
[2024-07-08T22:21:05.392+0000] {processor.py:840} INFO - DAG(s) 'example_sla_dag' retrieved from /home/airflow/.local/lib/python3.12/site-packages/airflow/example_dags/example_sla_dag.py
[2024-07-08T22:21:05.443+0000] {logging_mixin.py:188} INFO - [2024-07-08T22:21:05.441+0000] {dag.py:3096} INFO - Sync 1 DAGs
[2024-07-08T22:21:05.498+0000] {logging_mixin.py:188} INFO - [2024-07-08T22:21:05.498+0000] {dag.py:3954} INFO - Setting next_dagrun for example_sla_dag to 2024-07-08 22:18:00+00:00, run_after=2024-07-08 22:20:00+00:00
[2024-07-08T22:21:05.547+0000] {processor.py:183} INFO - Processing /home/airflow/.local/lib/python3.12/site-packages/airflow/example_dags/example_sla_dag.py took 0.190 seconds
[2024-07-08T22:21:35.945+0000] {processor.py:161} INFO - Started process (PID=4179) to work on /home/airflow/.local/lib/python3.12/site-packages/airflow/example_dags/example_sla_dag.py
[2024-07-08T22:21:35.949+0000] {processor.py:830} INFO - Processing file /home/airflow/.local/lib/python3.12/site-packages/airflow/example_dags/example_sla_dag.py for tasks to queue
[2024-07-08T22:21:35.953+0000] {logging_mixin.py:188} INFO - [2024-07-08T22:21:35.952+0000] {dagbag.py:545} INFO - Filling up the DagBag from /home/airflow/.local/lib/python3.12/site-packages/airflow/example_dags/example_sla_dag.py
[2024-07-08T22:21:35.969+0000] {processor.py:840} INFO - DAG(s) 'example_sla_dag' retrieved from /home/airflow/.local/lib/python3.12/site-packages/airflow/example_dags/example_sla_dag.py
[2024-07-08T22:21:36.002+0000] {logging_mixin.py:188} INFO - [2024-07-08T22:21:36.001+0000] {dag.py:3096} INFO - Sync 1 DAGs
[2024-07-08T22:21:36.049+0000] {logging_mixin.py:188} INFO - [2024-07-08T22:21:36.049+0000] {dag.py:3954} INFO - Setting next_dagrun for example_sla_dag to 2024-07-08 22:18:00+00:00, run_after=2024-07-08 22:20:00+00:00
[2024-07-08T22:21:36.083+0000] {processor.py:183} INFO - Processing /home/airflow/.local/lib/python3.12/site-packages/airflow/example_dags/example_sla_dag.py took 0.147 seconds
[2024-07-08T22:22:06.399+0000] {processor.py:161} INFO - Started process (PID=4238) to work on /home/airflow/.local/lib/python3.12/site-packages/airflow/example_dags/example_sla_dag.py
[2024-07-08T22:22:06.401+0000] {processor.py:830} INFO - Processing file /home/airflow/.local/lib/python3.12/site-packages/airflow/example_dags/example_sla_dag.py for tasks to queue
[2024-07-08T22:22:06.414+0000] {logging_mixin.py:188} INFO - [2024-07-08T22:22:06.405+0000] {dagbag.py:545} INFO - Filling up the DagBag from /home/airflow/.local/lib/python3.12/site-packages/airflow/example_dags/example_sla_dag.py
[2024-07-08T22:22:06.452+0000] {processor.py:840} INFO - DAG(s) 'example_sla_dag' retrieved from /home/airflow/.local/lib/python3.12/site-packages/airflow/example_dags/example_sla_dag.py
[2024-07-08T22:22:06.564+0000] {logging_mixin.py:188} INFO - [2024-07-08T22:22:06.564+0000] {dag.py:3096} INFO - Sync 1 DAGs
[2024-07-08T22:22:06.653+0000] {logging_mixin.py:188} INFO - [2024-07-08T22:22:06.652+0000] {dag.py:3954} INFO - Setting next_dagrun for example_sla_dag to 2024-07-08 22:20:00+00:00, run_after=2024-07-08 22:22:00+00:00
[2024-07-08T22:22:06.705+0000] {processor.py:183} INFO - Processing /home/airflow/.local/lib/python3.12/site-packages/airflow/example_dags/example_sla_dag.py took 0.323 seconds
