[2024-07-08T21:45:24.824+0000] {processor.py:161} INFO - Started process (PID=68) to work on /home/airflow/.local/lib/python3.12/site-packages/airflow/example_dags/example_branch_operator.py
[2024-07-08T21:45:24.838+0000] {processor.py:830} INFO - Processing file /home/airflow/.local/lib/python3.12/site-packages/airflow/example_dags/example_branch_operator.py for tasks to queue
[2024-07-08T21:45:24.905+0000] {logging_mixin.py:188} INFO - [2024-07-08T21:45:24.887+0000] {dagbag.py:545} INFO - Filling up the DagBag from /home/airflow/.local/lib/python3.12/site-packages/airflow/example_dags/example_branch_operator.py
[2024-07-08T21:45:25.326+0000] {processor.py:840} INFO - DAG(s) 'example_branch_operator' retrieved from /home/airflow/.local/lib/python3.12/site-packages/airflow/example_dags/example_branch_operator.py
[2024-07-08T21:45:29.318+0000] {logging_mixin.py:188} INFO - [2024-07-08T21:45:29.317+0000] {dag.py:3096} INFO - Sync 1 DAGs
[2024-07-08T21:45:29.689+0000] {logging_mixin.py:188} INFO - [2024-07-08T21:45:29.689+0000] {dag.py:3954} INFO - Setting next_dagrun for example_branch_operator to 2024-07-07 00:00:00+00:00, run_after=2024-07-08 00:00:00+00:00
[2024-07-08T21:45:30.306+0000] {processor.py:183} INFO - Processing /home/airflow/.local/lib/python3.12/site-packages/airflow/example_dags/example_branch_operator.py took 5.594 seconds
[2024-07-08T21:46:00.754+0000] {processor.py:161} INFO - Started process (PID=127) to work on /home/airflow/.local/lib/python3.12/site-packages/airflow/example_dags/example_branch_operator.py
[2024-07-08T21:46:00.765+0000] {processor.py:830} INFO - Processing file /home/airflow/.local/lib/python3.12/site-packages/airflow/example_dags/example_branch_operator.py for tasks to queue
[2024-07-08T21:46:00.779+0000] {logging_mixin.py:188} INFO - [2024-07-08T21:46:00.778+0000] {dagbag.py:545} INFO - Filling up the DagBag from /home/airflow/.local/lib/python3.12/site-packages/airflow/example_dags/example_branch_operator.py
[2024-07-08T21:46:00.878+0000] {processor.py:840} INFO - DAG(s) 'example_branch_operator' retrieved from /home/airflow/.local/lib/python3.12/site-packages/airflow/example_dags/example_branch_operator.py
[2024-07-08T21:46:00.905+0000] {logging_mixin.py:188} INFO - [2024-07-08T21:46:00.905+0000] {dag.py:3096} INFO - Sync 1 DAGs
[2024-07-08T21:46:00.961+0000] {logging_mixin.py:188} INFO - [2024-07-08T21:46:00.961+0000] {dag.py:3954} INFO - Setting next_dagrun for example_branch_operator to 2024-07-07 00:00:00+00:00, run_after=2024-07-08 00:00:00+00:00
[2024-07-08T21:46:01.009+0000] {processor.py:183} INFO - Processing /home/airflow/.local/lib/python3.12/site-packages/airflow/example_dags/example_branch_operator.py took 0.277 seconds
[2024-07-08T21:46:31.443+0000] {processor.py:161} INFO - Started process (PID=185) to work on /home/airflow/.local/lib/python3.12/site-packages/airflow/example_dags/example_branch_operator.py
[2024-07-08T21:46:31.446+0000] {processor.py:830} INFO - Processing file /home/airflow/.local/lib/python3.12/site-packages/airflow/example_dags/example_branch_operator.py for tasks to queue
[2024-07-08T21:46:31.450+0000] {logging_mixin.py:188} INFO - [2024-07-08T21:46:31.450+0000] {dagbag.py:545} INFO - Filling up the DagBag from /home/airflow/.local/lib/python3.12/site-packages/airflow/example_dags/example_branch_operator.py
[2024-07-08T21:46:31.493+0000] {processor.py:840} INFO - DAG(s) 'example_branch_operator' retrieved from /home/airflow/.local/lib/python3.12/site-packages/airflow/example_dags/example_branch_operator.py
[2024-07-08T21:46:31.801+0000] {logging_mixin.py:188} INFO - [2024-07-08T21:46:31.800+0000] {dag.py:3096} INFO - Sync 1 DAGs
[2024-07-08T21:46:31.860+0000] {logging_mixin.py:188} INFO - [2024-07-08T21:46:31.859+0000] {dag.py:3954} INFO - Setting next_dagrun for example_branch_operator to 2024-07-07 00:00:00+00:00, run_after=2024-07-08 00:00:00+00:00
[2024-07-08T21:46:31.910+0000] {processor.py:183} INFO - Processing /home/airflow/.local/lib/python3.12/site-packages/airflow/example_dags/example_branch_operator.py took 0.482 seconds
[2024-07-08T21:47:02.850+0000] {processor.py:161} INFO - Started process (PID=244) to work on /home/airflow/.local/lib/python3.12/site-packages/airflow/example_dags/example_branch_operator.py
[2024-07-08T21:47:02.882+0000] {processor.py:830} INFO - Processing file /home/airflow/.local/lib/python3.12/site-packages/airflow/example_dags/example_branch_operator.py for tasks to queue
[2024-07-08T21:47:02.892+0000] {logging_mixin.py:188} INFO - [2024-07-08T21:47:02.890+0000] {dagbag.py:545} INFO - Filling up the DagBag from /home/airflow/.local/lib/python3.12/site-packages/airflow/example_dags/example_branch_operator.py
[2024-07-08T21:47:02.979+0000] {processor.py:840} INFO - DAG(s) 'example_branch_operator' retrieved from /home/airflow/.local/lib/python3.12/site-packages/airflow/example_dags/example_branch_operator.py
[2024-07-08T21:47:03.071+0000] {logging_mixin.py:188} INFO - [2024-07-08T21:47:03.070+0000] {dag.py:3096} INFO - Sync 1 DAGs
[2024-07-08T21:47:03.239+0000] {logging_mixin.py:188} INFO - [2024-07-08T21:47:03.238+0000] {dag.py:3954} INFO - Setting next_dagrun for example_branch_operator to 2024-07-07 00:00:00+00:00, run_after=2024-07-08 00:00:00+00:00
[2024-07-08T21:47:03.269+0000] {processor.py:183} INFO - Processing /home/airflow/.local/lib/python3.12/site-packages/airflow/example_dags/example_branch_operator.py took 0.457 seconds
[2024-07-08T21:47:33.686+0000] {processor.py:161} INFO - Started process (PID=309) to work on /home/airflow/.local/lib/python3.12/site-packages/airflow/example_dags/example_branch_operator.py
[2024-07-08T21:47:33.692+0000] {processor.py:830} INFO - Processing file /home/airflow/.local/lib/python3.12/site-packages/airflow/example_dags/example_branch_operator.py for tasks to queue
[2024-07-08T21:47:33.697+0000] {logging_mixin.py:188} INFO - [2024-07-08T21:47:33.696+0000] {dagbag.py:545} INFO - Filling up the DagBag from /home/airflow/.local/lib/python3.12/site-packages/airflow/example_dags/example_branch_operator.py
[2024-07-08T21:47:34.002+0000] {processor.py:840} INFO - DAG(s) 'example_branch_operator' retrieved from /home/airflow/.local/lib/python3.12/site-packages/airflow/example_dags/example_branch_operator.py
[2024-07-08T21:47:34.190+0000] {logging_mixin.py:188} INFO - [2024-07-08T21:47:34.189+0000] {dag.py:3096} INFO - Sync 1 DAGs
[2024-07-08T21:47:34.307+0000] {logging_mixin.py:188} INFO - [2024-07-08T21:47:34.307+0000] {dag.py:3954} INFO - Setting next_dagrun for example_branch_operator to 2024-07-07 00:00:00+00:00, run_after=2024-07-08 00:00:00+00:00
[2024-07-08T21:47:34.380+0000] {processor.py:183} INFO - Processing /home/airflow/.local/lib/python3.12/site-packages/airflow/example_dags/example_branch_operator.py took 0.710 seconds
[2024-07-08T21:48:04.654+0000] {processor.py:161} INFO - Started process (PID=368) to work on /home/airflow/.local/lib/python3.12/site-packages/airflow/example_dags/example_branch_operator.py
[2024-07-08T21:48:04.674+0000] {processor.py:830} INFO - Processing file /home/airflow/.local/lib/python3.12/site-packages/airflow/example_dags/example_branch_operator.py for tasks to queue
[2024-07-08T21:48:04.684+0000] {logging_mixin.py:188} INFO - [2024-07-08T21:48:04.681+0000] {dagbag.py:545} INFO - Filling up the DagBag from /home/airflow/.local/lib/python3.12/site-packages/airflow/example_dags/example_branch_operator.py
[2024-07-08T21:48:04.818+0000] {processor.py:840} INFO - DAG(s) 'example_branch_operator' retrieved from /home/airflow/.local/lib/python3.12/site-packages/airflow/example_dags/example_branch_operator.py
[2024-07-08T21:48:05.062+0000] {logging_mixin.py:188} INFO - [2024-07-08T21:48:05.061+0000] {dag.py:3096} INFO - Sync 1 DAGs
[2024-07-08T21:48:05.365+0000] {logging_mixin.py:188} INFO - [2024-07-08T21:48:05.360+0000] {dag.py:3954} INFO - Setting next_dagrun for example_branch_operator to 2024-07-07 00:00:00+00:00, run_after=2024-07-08 00:00:00+00:00
[2024-07-08T21:48:05.517+0000] {processor.py:183} INFO - Processing /home/airflow/.local/lib/python3.12/site-packages/airflow/example_dags/example_branch_operator.py took 0.883 seconds
[2024-07-08T21:48:36.164+0000] {processor.py:161} INFO - Started process (PID=427) to work on /home/airflow/.local/lib/python3.12/site-packages/airflow/example_dags/example_branch_operator.py
[2024-07-08T21:48:36.175+0000] {processor.py:830} INFO - Processing file /home/airflow/.local/lib/python3.12/site-packages/airflow/example_dags/example_branch_operator.py for tasks to queue
[2024-07-08T21:48:36.180+0000] {logging_mixin.py:188} INFO - [2024-07-08T21:48:36.180+0000] {dagbag.py:545} INFO - Filling up the DagBag from /home/airflow/.local/lib/python3.12/site-packages/airflow/example_dags/example_branch_operator.py
[2024-07-08T21:48:36.221+0000] {processor.py:840} INFO - DAG(s) 'example_branch_operator' retrieved from /home/airflow/.local/lib/python3.12/site-packages/airflow/example_dags/example_branch_operator.py
[2024-07-08T21:48:36.296+0000] {logging_mixin.py:188} INFO - [2024-07-08T21:48:36.295+0000] {dag.py:3096} INFO - Sync 1 DAGs
[2024-07-08T21:48:36.361+0000] {logging_mixin.py:188} INFO - [2024-07-08T21:48:36.361+0000] {dag.py:3954} INFO - Setting next_dagrun for example_branch_operator to 2024-07-07 00:00:00+00:00, run_after=2024-07-08 00:00:00+00:00
[2024-07-08T21:48:36.392+0000] {processor.py:183} INFO - Processing /home/airflow/.local/lib/python3.12/site-packages/airflow/example_dags/example_branch_operator.py took 0.241 seconds
[2024-07-08T21:49:07.017+0000] {processor.py:161} INFO - Started process (PID=486) to work on /home/airflow/.local/lib/python3.12/site-packages/airflow/example_dags/example_branch_operator.py
[2024-07-08T21:49:07.020+0000] {processor.py:830} INFO - Processing file /home/airflow/.local/lib/python3.12/site-packages/airflow/example_dags/example_branch_operator.py for tasks to queue
[2024-07-08T21:49:07.057+0000] {logging_mixin.py:188} INFO - [2024-07-08T21:49:07.056+0000] {dagbag.py:545} INFO - Filling up the DagBag from /home/airflow/.local/lib/python3.12/site-packages/airflow/example_dags/example_branch_operator.py
[2024-07-08T21:49:07.304+0000] {processor.py:840} INFO - DAG(s) 'example_branch_operator' retrieved from /home/airflow/.local/lib/python3.12/site-packages/airflow/example_dags/example_branch_operator.py
[2024-07-08T21:49:07.406+0000] {logging_mixin.py:188} INFO - [2024-07-08T21:49:07.405+0000] {dag.py:3096} INFO - Sync 1 DAGs
[2024-07-08T21:49:07.458+0000] {logging_mixin.py:188} INFO - [2024-07-08T21:49:07.458+0000] {dag.py:3954} INFO - Setting next_dagrun for example_branch_operator to 2024-07-07 00:00:00+00:00, run_after=2024-07-08 00:00:00+00:00
[2024-07-08T21:49:07.511+0000] {processor.py:183} INFO - Processing /home/airflow/.local/lib/python3.12/site-packages/airflow/example_dags/example_branch_operator.py took 0.517 seconds
[2024-07-08T21:49:37.689+0000] {processor.py:161} INFO - Started process (PID=547) to work on /home/airflow/.local/lib/python3.12/site-packages/airflow/example_dags/example_branch_operator.py
[2024-07-08T21:49:37.692+0000] {processor.py:830} INFO - Processing file /home/airflow/.local/lib/python3.12/site-packages/airflow/example_dags/example_branch_operator.py for tasks to queue
[2024-07-08T21:49:37.696+0000] {logging_mixin.py:188} INFO - [2024-07-08T21:49:37.696+0000] {dagbag.py:545} INFO - Filling up the DagBag from /home/airflow/.local/lib/python3.12/site-packages/airflow/example_dags/example_branch_operator.py
[2024-07-08T21:49:37.742+0000] {processor.py:840} INFO - DAG(s) 'example_branch_operator' retrieved from /home/airflow/.local/lib/python3.12/site-packages/airflow/example_dags/example_branch_operator.py
[2024-07-08T21:49:37.806+0000] {logging_mixin.py:188} INFO - [2024-07-08T21:49:37.806+0000] {dag.py:3096} INFO - Sync 1 DAGs
[2024-07-08T21:49:37.854+0000] {logging_mixin.py:188} INFO - [2024-07-08T21:49:37.853+0000] {dag.py:3954} INFO - Setting next_dagrun for example_branch_operator to 2024-07-07 00:00:00+00:00, run_after=2024-07-08 00:00:00+00:00
[2024-07-08T21:49:37.902+0000] {processor.py:183} INFO - Processing /home/airflow/.local/lib/python3.12/site-packages/airflow/example_dags/example_branch_operator.py took 0.227 seconds
[2024-07-08T21:50:07.972+0000] {processor.py:161} INFO - Started process (PID=606) to work on /home/airflow/.local/lib/python3.12/site-packages/airflow/example_dags/example_branch_operator.py
[2024-07-08T21:50:07.976+0000] {processor.py:830} INFO - Processing file /home/airflow/.local/lib/python3.12/site-packages/airflow/example_dags/example_branch_operator.py for tasks to queue
[2024-07-08T21:50:07.980+0000] {logging_mixin.py:188} INFO - [2024-07-08T21:50:07.979+0000] {dagbag.py:545} INFO - Filling up the DagBag from /home/airflow/.local/lib/python3.12/site-packages/airflow/example_dags/example_branch_operator.py
[2024-07-08T21:50:08.008+0000] {processor.py:840} INFO - DAG(s) 'example_branch_operator' retrieved from /home/airflow/.local/lib/python3.12/site-packages/airflow/example_dags/example_branch_operator.py
[2024-07-08T21:50:08.057+0000] {logging_mixin.py:188} INFO - [2024-07-08T21:50:08.057+0000] {dag.py:3096} INFO - Sync 1 DAGs
[2024-07-08T21:50:08.107+0000] {logging_mixin.py:188} INFO - [2024-07-08T21:50:08.107+0000] {dag.py:3954} INFO - Setting next_dagrun for example_branch_operator to 2024-07-07 00:00:00+00:00, run_after=2024-07-08 00:00:00+00:00
[2024-07-08T21:50:08.148+0000] {processor.py:183} INFO - Processing /home/airflow/.local/lib/python3.12/site-packages/airflow/example_dags/example_branch_operator.py took 0.189 seconds
[2024-07-08T21:50:38.263+0000] {processor.py:161} INFO - Started process (PID=662) to work on /home/airflow/.local/lib/python3.12/site-packages/airflow/example_dags/example_branch_operator.py
[2024-07-08T21:50:38.266+0000] {processor.py:830} INFO - Processing file /home/airflow/.local/lib/python3.12/site-packages/airflow/example_dags/example_branch_operator.py for tasks to queue
[2024-07-08T21:50:38.269+0000] {logging_mixin.py:188} INFO - [2024-07-08T21:50:38.269+0000] {dagbag.py:545} INFO - Filling up the DagBag from /home/airflow/.local/lib/python3.12/site-packages/airflow/example_dags/example_branch_operator.py
[2024-07-08T21:50:38.313+0000] {processor.py:840} INFO - DAG(s) 'example_branch_operator' retrieved from /home/airflow/.local/lib/python3.12/site-packages/airflow/example_dags/example_branch_operator.py
[2024-07-08T21:50:38.410+0000] {logging_mixin.py:188} INFO - [2024-07-08T21:50:38.409+0000] {dag.py:3096} INFO - Sync 1 DAGs
[2024-07-08T21:50:38.512+0000] {logging_mixin.py:188} INFO - [2024-07-08T21:50:38.511+0000] {dag.py:3954} INFO - Setting next_dagrun for example_branch_operator to 2024-07-07 00:00:00+00:00, run_after=2024-07-08 00:00:00+00:00
[2024-07-08T21:50:38.561+0000] {processor.py:183} INFO - Processing /home/airflow/.local/lib/python3.12/site-packages/airflow/example_dags/example_branch_operator.py took 0.315 seconds
[2024-07-08T21:51:09.087+0000] {processor.py:161} INFO - Started process (PID=721) to work on /home/airflow/.local/lib/python3.12/site-packages/airflow/example_dags/example_branch_operator.py
[2024-07-08T21:51:09.088+0000] {processor.py:830} INFO - Processing file /home/airflow/.local/lib/python3.12/site-packages/airflow/example_dags/example_branch_operator.py for tasks to queue
[2024-07-08T21:51:09.092+0000] {logging_mixin.py:188} INFO - [2024-07-08T21:51:09.091+0000] {dagbag.py:545} INFO - Filling up the DagBag from /home/airflow/.local/lib/python3.12/site-packages/airflow/example_dags/example_branch_operator.py
[2024-07-08T21:51:09.122+0000] {processor.py:840} INFO - DAG(s) 'example_branch_operator' retrieved from /home/airflow/.local/lib/python3.12/site-packages/airflow/example_dags/example_branch_operator.py
[2024-07-08T21:51:09.171+0000] {logging_mixin.py:188} INFO - [2024-07-08T21:51:09.171+0000] {dag.py:3096} INFO - Sync 1 DAGs
[2024-07-08T21:51:09.212+0000] {logging_mixin.py:188} INFO - [2024-07-08T21:51:09.212+0000] {dag.py:3954} INFO - Setting next_dagrun for example_branch_operator to 2024-07-07 00:00:00+00:00, run_after=2024-07-08 00:00:00+00:00
[2024-07-08T21:51:09.243+0000] {processor.py:183} INFO - Processing /home/airflow/.local/lib/python3.12/site-packages/airflow/example_dags/example_branch_operator.py took 0.167 seconds
[2024-07-08T21:51:39.377+0000] {processor.py:161} INFO - Started process (PID=781) to work on /home/airflow/.local/lib/python3.12/site-packages/airflow/example_dags/example_branch_operator.py
[2024-07-08T21:51:39.379+0000] {processor.py:830} INFO - Processing file /home/airflow/.local/lib/python3.12/site-packages/airflow/example_dags/example_branch_operator.py for tasks to queue
[2024-07-08T21:51:39.382+0000] {logging_mixin.py:188} INFO - [2024-07-08T21:51:39.381+0000] {dagbag.py:545} INFO - Filling up the DagBag from /home/airflow/.local/lib/python3.12/site-packages/airflow/example_dags/example_branch_operator.py
[2024-07-08T21:51:39.405+0000] {processor.py:840} INFO - DAG(s) 'example_branch_operator' retrieved from /home/airflow/.local/lib/python3.12/site-packages/airflow/example_dags/example_branch_operator.py
[2024-07-08T21:51:39.451+0000] {logging_mixin.py:188} INFO - [2024-07-08T21:51:39.450+0000] {dag.py:3096} INFO - Sync 1 DAGs
[2024-07-08T21:51:39.489+0000] {logging_mixin.py:188} INFO - [2024-07-08T21:51:39.488+0000] {dag.py:3954} INFO - Setting next_dagrun for example_branch_operator to 2024-07-07 00:00:00+00:00, run_after=2024-07-08 00:00:00+00:00
[2024-07-08T21:51:39.525+0000] {processor.py:183} INFO - Processing /home/airflow/.local/lib/python3.12/site-packages/airflow/example_dags/example_branch_operator.py took 0.157 seconds
[2024-07-08T21:52:09.913+0000] {processor.py:161} INFO - Started process (PID=838) to work on /home/airflow/.local/lib/python3.12/site-packages/airflow/example_dags/example_branch_operator.py
[2024-07-08T21:52:09.915+0000] {processor.py:830} INFO - Processing file /home/airflow/.local/lib/python3.12/site-packages/airflow/example_dags/example_branch_operator.py for tasks to queue
[2024-07-08T21:52:09.922+0000] {logging_mixin.py:188} INFO - [2024-07-08T21:52:09.919+0000] {dagbag.py:545} INFO - Filling up the DagBag from /home/airflow/.local/lib/python3.12/site-packages/airflow/example_dags/example_branch_operator.py
[2024-07-08T21:52:10.045+0000] {processor.py:840} INFO - DAG(s) 'example_branch_operator' retrieved from /home/airflow/.local/lib/python3.12/site-packages/airflow/example_dags/example_branch_operator.py
[2024-07-08T21:52:10.162+0000] {logging_mixin.py:188} INFO - [2024-07-08T21:52:10.162+0000] {dag.py:3096} INFO - Sync 1 DAGs
[2024-07-08T21:52:10.247+0000] {logging_mixin.py:188} INFO - [2024-07-08T21:52:10.247+0000] {dag.py:3954} INFO - Setting next_dagrun for example_branch_operator to 2024-07-07 00:00:00+00:00, run_after=2024-07-08 00:00:00+00:00
[2024-07-08T21:52:10.301+0000] {processor.py:183} INFO - Processing /home/airflow/.local/lib/python3.12/site-packages/airflow/example_dags/example_branch_operator.py took 0.414 seconds
[2024-07-08T21:52:40.918+0000] {processor.py:161} INFO - Started process (PID=897) to work on /home/airflow/.local/lib/python3.12/site-packages/airflow/example_dags/example_branch_operator.py
[2024-07-08T21:52:40.920+0000] {processor.py:830} INFO - Processing file /home/airflow/.local/lib/python3.12/site-packages/airflow/example_dags/example_branch_operator.py for tasks to queue
[2024-07-08T21:52:40.926+0000] {logging_mixin.py:188} INFO - [2024-07-08T21:52:40.925+0000] {dagbag.py:545} INFO - Filling up the DagBag from /home/airflow/.local/lib/python3.12/site-packages/airflow/example_dags/example_branch_operator.py
[2024-07-08T21:52:40.971+0000] {processor.py:840} INFO - DAG(s) 'example_branch_operator' retrieved from /home/airflow/.local/lib/python3.12/site-packages/airflow/example_dags/example_branch_operator.py
[2024-07-08T21:52:41.407+0000] {logging_mixin.py:188} INFO - [2024-07-08T21:52:41.406+0000] {dag.py:3096} INFO - Sync 1 DAGs
[2024-07-08T21:52:41.567+0000] {logging_mixin.py:188} INFO - [2024-07-08T21:52:41.567+0000] {dag.py:3954} INFO - Setting next_dagrun for example_branch_operator to 2024-07-07 00:00:00+00:00, run_after=2024-07-08 00:00:00+00:00
[2024-07-08T21:52:41.649+0000] {processor.py:183} INFO - Processing /home/airflow/.local/lib/python3.12/site-packages/airflow/example_dags/example_branch_operator.py took 0.743 seconds
[2024-07-08T21:53:11.745+0000] {processor.py:161} INFO - Started process (PID=956) to work on /home/airflow/.local/lib/python3.12/site-packages/airflow/example_dags/example_branch_operator.py
[2024-07-08T21:53:11.747+0000] {processor.py:830} INFO - Processing file /home/airflow/.local/lib/python3.12/site-packages/airflow/example_dags/example_branch_operator.py for tasks to queue
[2024-07-08T21:53:11.751+0000] {logging_mixin.py:188} INFO - [2024-07-08T21:53:11.750+0000] {dagbag.py:545} INFO - Filling up the DagBag from /home/airflow/.local/lib/python3.12/site-packages/airflow/example_dags/example_branch_operator.py
[2024-07-08T21:53:11.791+0000] {processor.py:840} INFO - DAG(s) 'example_branch_operator' retrieved from /home/airflow/.local/lib/python3.12/site-packages/airflow/example_dags/example_branch_operator.py
[2024-07-08T21:53:11.859+0000] {logging_mixin.py:188} INFO - [2024-07-08T21:53:11.859+0000] {dag.py:3096} INFO - Sync 1 DAGs
[2024-07-08T21:53:11.905+0000] {logging_mixin.py:188} INFO - [2024-07-08T21:53:11.904+0000] {dag.py:3954} INFO - Setting next_dagrun for example_branch_operator to 2024-07-07 00:00:00+00:00, run_after=2024-07-08 00:00:00+00:00
[2024-07-08T21:53:11.939+0000] {processor.py:183} INFO - Processing /home/airflow/.local/lib/python3.12/site-packages/airflow/example_dags/example_branch_operator.py took 0.203 seconds
[2024-07-08T21:53:42.585+0000] {processor.py:161} INFO - Started process (PID=1014) to work on /home/airflow/.local/lib/python3.12/site-packages/airflow/example_dags/example_branch_operator.py
[2024-07-08T21:53:42.592+0000] {processor.py:830} INFO - Processing file /home/airflow/.local/lib/python3.12/site-packages/airflow/example_dags/example_branch_operator.py for tasks to queue
[2024-07-08T21:53:42.598+0000] {logging_mixin.py:188} INFO - [2024-07-08T21:53:42.597+0000] {dagbag.py:545} INFO - Filling up the DagBag from /home/airflow/.local/lib/python3.12/site-packages/airflow/example_dags/example_branch_operator.py
[2024-07-08T21:53:42.632+0000] {processor.py:840} INFO - DAG(s) 'example_branch_operator' retrieved from /home/airflow/.local/lib/python3.12/site-packages/airflow/example_dags/example_branch_operator.py
[2024-07-08T21:53:42.722+0000] {logging_mixin.py:188} INFO - [2024-07-08T21:53:42.721+0000] {dag.py:3096} INFO - Sync 1 DAGs
[2024-07-08T21:53:42.764+0000] {logging_mixin.py:188} INFO - [2024-07-08T21:53:42.763+0000] {dag.py:3954} INFO - Setting next_dagrun for example_branch_operator to 2024-07-07 00:00:00+00:00, run_after=2024-07-08 00:00:00+00:00
[2024-07-08T21:53:42.804+0000] {processor.py:183} INFO - Processing /home/airflow/.local/lib/python3.12/site-packages/airflow/example_dags/example_branch_operator.py took 0.230 seconds
[2024-07-08T21:54:17.006+0000] {processor.py:161} INFO - Started process (PID=1073) to work on /home/airflow/.local/lib/python3.12/site-packages/airflow/example_dags/example_branch_operator.py
[2024-07-08T21:54:17.008+0000] {processor.py:830} INFO - Processing file /home/airflow/.local/lib/python3.12/site-packages/airflow/example_dags/example_branch_operator.py for tasks to queue
[2024-07-08T21:54:17.026+0000] {logging_mixin.py:188} INFO - [2024-07-08T21:54:17.025+0000] {dagbag.py:545} INFO - Filling up the DagBag from /home/airflow/.local/lib/python3.12/site-packages/airflow/example_dags/example_branch_operator.py
[2024-07-08T21:54:17.130+0000] {processor.py:840} INFO - DAG(s) 'example_branch_operator' retrieved from /home/airflow/.local/lib/python3.12/site-packages/airflow/example_dags/example_branch_operator.py
[2024-07-08T21:54:17.439+0000] {logging_mixin.py:188} INFO - [2024-07-08T21:54:17.438+0000] {dag.py:3096} INFO - Sync 1 DAGs
[2024-07-08T21:54:17.552+0000] {logging_mixin.py:188} INFO - [2024-07-08T21:54:17.551+0000] {dag.py:3954} INFO - Setting next_dagrun for example_branch_operator to 2024-07-07 00:00:00+00:00, run_after=2024-07-08 00:00:00+00:00
[2024-07-08T21:54:17.682+0000] {processor.py:183} INFO - Processing /home/airflow/.local/lib/python3.12/site-packages/airflow/example_dags/example_branch_operator.py took 0.688 seconds
[2024-07-08T21:54:47.849+0000] {processor.py:161} INFO - Started process (PID=1132) to work on /home/airflow/.local/lib/python3.12/site-packages/airflow/example_dags/example_branch_operator.py
[2024-07-08T21:54:47.852+0000] {processor.py:830} INFO - Processing file /home/airflow/.local/lib/python3.12/site-packages/airflow/example_dags/example_branch_operator.py for tasks to queue
[2024-07-08T21:54:47.863+0000] {logging_mixin.py:188} INFO - [2024-07-08T21:54:47.857+0000] {dagbag.py:545} INFO - Filling up the DagBag from /home/airflow/.local/lib/python3.12/site-packages/airflow/example_dags/example_branch_operator.py
[2024-07-08T21:54:47.916+0000] {processor.py:840} INFO - DAG(s) 'example_branch_operator' retrieved from /home/airflow/.local/lib/python3.12/site-packages/airflow/example_dags/example_branch_operator.py
[2024-07-08T21:54:47.998+0000] {logging_mixin.py:188} INFO - [2024-07-08T21:54:47.997+0000] {dag.py:3096} INFO - Sync 1 DAGs
[2024-07-08T21:54:48.059+0000] {logging_mixin.py:188} INFO - [2024-07-08T21:54:48.059+0000] {dag.py:3954} INFO - Setting next_dagrun for example_branch_operator to 2024-07-07 00:00:00+00:00, run_after=2024-07-08 00:00:00+00:00
[2024-07-08T21:54:48.138+0000] {processor.py:183} INFO - Processing /home/airflow/.local/lib/python3.12/site-packages/airflow/example_dags/example_branch_operator.py took 0.299 seconds
[2024-07-08T21:55:18.567+0000] {processor.py:161} INFO - Started process (PID=1190) to work on /home/airflow/.local/lib/python3.12/site-packages/airflow/example_dags/example_branch_operator.py
[2024-07-08T21:55:18.569+0000] {processor.py:830} INFO - Processing file /home/airflow/.local/lib/python3.12/site-packages/airflow/example_dags/example_branch_operator.py for tasks to queue
[2024-07-08T21:55:18.572+0000] {logging_mixin.py:188} INFO - [2024-07-08T21:55:18.572+0000] {dagbag.py:545} INFO - Filling up the DagBag from /home/airflow/.local/lib/python3.12/site-packages/airflow/example_dags/example_branch_operator.py
[2024-07-08T21:55:18.609+0000] {processor.py:840} INFO - DAG(s) 'example_branch_operator' retrieved from /home/airflow/.local/lib/python3.12/site-packages/airflow/example_dags/example_branch_operator.py
[2024-07-08T21:55:18.666+0000] {logging_mixin.py:188} INFO - [2024-07-08T21:55:18.665+0000] {dag.py:3096} INFO - Sync 1 DAGs
[2024-07-08T21:55:18.718+0000] {logging_mixin.py:188} INFO - [2024-07-08T21:55:18.718+0000] {dag.py:3954} INFO - Setting next_dagrun for example_branch_operator to 2024-07-07 00:00:00+00:00, run_after=2024-07-08 00:00:00+00:00
[2024-07-08T21:55:18.767+0000] {processor.py:183} INFO - Processing /home/airflow/.local/lib/python3.12/site-packages/airflow/example_dags/example_branch_operator.py took 0.211 seconds
[2024-07-08T21:55:49.926+0000] {processor.py:161} INFO - Started process (PID=1248) to work on /home/airflow/.local/lib/python3.12/site-packages/airflow/example_dags/example_branch_operator.py
[2024-07-08T21:55:49.936+0000] {processor.py:830} INFO - Processing file /home/airflow/.local/lib/python3.12/site-packages/airflow/example_dags/example_branch_operator.py for tasks to queue
[2024-07-08T21:55:49.941+0000] {logging_mixin.py:188} INFO - [2024-07-08T21:55:49.940+0000] {dagbag.py:545} INFO - Filling up the DagBag from /home/airflow/.local/lib/python3.12/site-packages/airflow/example_dags/example_branch_operator.py
[2024-07-08T21:55:50.015+0000] {processor.py:840} INFO - DAG(s) 'example_branch_operator' retrieved from /home/airflow/.local/lib/python3.12/site-packages/airflow/example_dags/example_branch_operator.py
[2024-07-08T21:55:50.145+0000] {logging_mixin.py:188} INFO - [2024-07-08T21:55:50.145+0000] {dag.py:3096} INFO - Sync 1 DAGs
[2024-07-08T21:55:50.303+0000] {logging_mixin.py:188} INFO - [2024-07-08T21:55:50.303+0000] {dag.py:3954} INFO - Setting next_dagrun for example_branch_operator to 2024-07-07 00:00:00+00:00, run_after=2024-07-08 00:00:00+00:00
[2024-07-08T21:55:50.367+0000] {processor.py:183} INFO - Processing /home/airflow/.local/lib/python3.12/site-packages/airflow/example_dags/example_branch_operator.py took 0.462 seconds
[2024-07-08T21:56:20.500+0000] {processor.py:161} INFO - Started process (PID=1306) to work on /home/airflow/.local/lib/python3.12/site-packages/airflow/example_dags/example_branch_operator.py
[2024-07-08T21:56:20.502+0000] {processor.py:830} INFO - Processing file /home/airflow/.local/lib/python3.12/site-packages/airflow/example_dags/example_branch_operator.py for tasks to queue
[2024-07-08T21:56:20.504+0000] {logging_mixin.py:188} INFO - [2024-07-08T21:56:20.504+0000] {dagbag.py:545} INFO - Filling up the DagBag from /home/airflow/.local/lib/python3.12/site-packages/airflow/example_dags/example_branch_operator.py
[2024-07-08T21:56:20.529+0000] {processor.py:840} INFO - DAG(s) 'example_branch_operator' retrieved from /home/airflow/.local/lib/python3.12/site-packages/airflow/example_dags/example_branch_operator.py
[2024-07-08T21:56:20.587+0000] {logging_mixin.py:188} INFO - [2024-07-08T21:56:20.586+0000] {dag.py:3096} INFO - Sync 1 DAGs
[2024-07-08T21:56:20.621+0000] {logging_mixin.py:188} INFO - [2024-07-08T21:56:20.621+0000] {dag.py:3954} INFO - Setting next_dagrun for example_branch_operator to 2024-07-07 00:00:00+00:00, run_after=2024-07-08 00:00:00+00:00
[2024-07-08T21:56:20.652+0000] {processor.py:183} INFO - Processing /home/airflow/.local/lib/python3.12/site-packages/airflow/example_dags/example_branch_operator.py took 0.161 seconds
[2024-07-08T21:56:50.712+0000] {processor.py:161} INFO - Started process (PID=1365) to work on /home/airflow/.local/lib/python3.12/site-packages/airflow/example_dags/example_branch_operator.py
[2024-07-08T21:56:50.714+0000] {processor.py:830} INFO - Processing file /home/airflow/.local/lib/python3.12/site-packages/airflow/example_dags/example_branch_operator.py for tasks to queue
[2024-07-08T21:56:50.719+0000] {logging_mixin.py:188} INFO - [2024-07-08T21:56:50.718+0000] {dagbag.py:545} INFO - Filling up the DagBag from /home/airflow/.local/lib/python3.12/site-packages/airflow/example_dags/example_branch_operator.py
[2024-07-08T21:56:50.760+0000] {processor.py:840} INFO - DAG(s) 'example_branch_operator' retrieved from /home/airflow/.local/lib/python3.12/site-packages/airflow/example_dags/example_branch_operator.py
[2024-07-08T21:56:50.843+0000] {logging_mixin.py:188} INFO - [2024-07-08T21:56:50.843+0000] {dag.py:3096} INFO - Sync 1 DAGs
[2024-07-08T21:56:50.897+0000] {logging_mixin.py:188} INFO - [2024-07-08T21:56:50.896+0000] {dag.py:3954} INFO - Setting next_dagrun for example_branch_operator to 2024-07-07 00:00:00+00:00, run_after=2024-07-08 00:00:00+00:00
[2024-07-08T21:56:50.949+0000] {processor.py:183} INFO - Processing /home/airflow/.local/lib/python3.12/site-packages/airflow/example_dags/example_branch_operator.py took 0.253 seconds
[2024-07-08T21:57:21.478+0000] {processor.py:161} INFO - Started process (PID=1424) to work on /home/airflow/.local/lib/python3.12/site-packages/airflow/example_dags/example_branch_operator.py
[2024-07-08T21:57:21.481+0000] {processor.py:830} INFO - Processing file /home/airflow/.local/lib/python3.12/site-packages/airflow/example_dags/example_branch_operator.py for tasks to queue
[2024-07-08T21:57:21.487+0000] {logging_mixin.py:188} INFO - [2024-07-08T21:57:21.486+0000] {dagbag.py:545} INFO - Filling up the DagBag from /home/airflow/.local/lib/python3.12/site-packages/airflow/example_dags/example_branch_operator.py
[2024-07-08T21:57:21.539+0000] {processor.py:840} INFO - DAG(s) 'example_branch_operator' retrieved from /home/airflow/.local/lib/python3.12/site-packages/airflow/example_dags/example_branch_operator.py
[2024-07-08T21:57:21.642+0000] {logging_mixin.py:188} INFO - [2024-07-08T21:57:21.641+0000] {dag.py:3096} INFO - Sync 1 DAGs
[2024-07-08T21:57:21.689+0000] {logging_mixin.py:188} INFO - [2024-07-08T21:57:21.689+0000] {dag.py:3954} INFO - Setting next_dagrun for example_branch_operator to 2024-07-07 00:00:00+00:00, run_after=2024-07-08 00:00:00+00:00
[2024-07-08T21:57:21.732+0000] {processor.py:183} INFO - Processing /home/airflow/.local/lib/python3.12/site-packages/airflow/example_dags/example_branch_operator.py took 0.262 seconds
[2024-07-08T21:57:53.890+0000] {processor.py:161} INFO - Started process (PID=1482) to work on /home/airflow/.local/lib/python3.12/site-packages/airflow/example_dags/example_branch_operator.py
[2024-07-08T21:57:53.903+0000] {processor.py:830} INFO - Processing file /home/airflow/.local/lib/python3.12/site-packages/airflow/example_dags/example_branch_operator.py for tasks to queue
[2024-07-08T21:57:53.908+0000] {logging_mixin.py:188} INFO - [2024-07-08T21:57:53.907+0000] {dagbag.py:545} INFO - Filling up the DagBag from /home/airflow/.local/lib/python3.12/site-packages/airflow/example_dags/example_branch_operator.py
[2024-07-08T21:57:54.057+0000] {processor.py:840} INFO - DAG(s) 'example_branch_operator' retrieved from /home/airflow/.local/lib/python3.12/site-packages/airflow/example_dags/example_branch_operator.py
[2024-07-08T21:57:54.192+0000] {logging_mixin.py:188} INFO - [2024-07-08T21:57:54.191+0000] {dag.py:3096} INFO - Sync 1 DAGs
[2024-07-08T21:57:54.259+0000] {logging_mixin.py:188} INFO - [2024-07-08T21:57:54.258+0000] {dag.py:3954} INFO - Setting next_dagrun for example_branch_operator to 2024-07-07 00:00:00+00:00, run_after=2024-07-08 00:00:00+00:00
[2024-07-08T21:57:54.321+0000] {processor.py:183} INFO - Processing /home/airflow/.local/lib/python3.12/site-packages/airflow/example_dags/example_branch_operator.py took 0.464 seconds
[2024-07-08T21:58:24.568+0000] {processor.py:161} INFO - Started process (PID=1541) to work on /home/airflow/.local/lib/python3.12/site-packages/airflow/example_dags/example_branch_operator.py
[2024-07-08T21:58:24.570+0000] {processor.py:830} INFO - Processing file /home/airflow/.local/lib/python3.12/site-packages/airflow/example_dags/example_branch_operator.py for tasks to queue
[2024-07-08T21:58:24.581+0000] {logging_mixin.py:188} INFO - [2024-07-08T21:58:24.580+0000] {dagbag.py:545} INFO - Filling up the DagBag from /home/airflow/.local/lib/python3.12/site-packages/airflow/example_dags/example_branch_operator.py
[2024-07-08T21:58:24.627+0000] {processor.py:840} INFO - DAG(s) 'example_branch_operator' retrieved from /home/airflow/.local/lib/python3.12/site-packages/airflow/example_dags/example_branch_operator.py
[2024-07-08T21:58:24.698+0000] {logging_mixin.py:188} INFO - [2024-07-08T21:58:24.698+0000] {dag.py:3096} INFO - Sync 1 DAGs
[2024-07-08T21:58:24.743+0000] {logging_mixin.py:188} INFO - [2024-07-08T21:58:24.742+0000] {dag.py:3954} INFO - Setting next_dagrun for example_branch_operator to 2024-07-07 00:00:00+00:00, run_after=2024-07-08 00:00:00+00:00
[2024-07-08T21:58:24.777+0000] {processor.py:183} INFO - Processing /home/airflow/.local/lib/python3.12/site-packages/airflow/example_dags/example_branch_operator.py took 0.225 seconds
[2024-07-08T21:58:55.325+0000] {processor.py:161} INFO - Started process (PID=1599) to work on /home/airflow/.local/lib/python3.12/site-packages/airflow/example_dags/example_branch_operator.py
[2024-07-08T21:58:55.351+0000] {processor.py:830} INFO - Processing file /home/airflow/.local/lib/python3.12/site-packages/airflow/example_dags/example_branch_operator.py for tasks to queue
[2024-07-08T21:58:55.371+0000] {logging_mixin.py:188} INFO - [2024-07-08T21:58:55.370+0000] {dagbag.py:545} INFO - Filling up the DagBag from /home/airflow/.local/lib/python3.12/site-packages/airflow/example_dags/example_branch_operator.py
[2024-07-08T21:58:55.700+0000] {processor.py:840} INFO - DAG(s) 'example_branch_operator' retrieved from /home/airflow/.local/lib/python3.12/site-packages/airflow/example_dags/example_branch_operator.py
[2024-07-08T21:58:55.925+0000] {logging_mixin.py:188} INFO - [2024-07-08T21:58:55.924+0000] {dag.py:3096} INFO - Sync 1 DAGs
[2024-07-08T21:58:56.050+0000] {logging_mixin.py:188} INFO - [2024-07-08T21:58:56.050+0000] {dag.py:3954} INFO - Setting next_dagrun for example_branch_operator to 2024-07-07 00:00:00+00:00, run_after=2024-07-08 00:00:00+00:00
[2024-07-08T21:58:56.205+0000] {processor.py:183} INFO - Processing /home/airflow/.local/lib/python3.12/site-packages/airflow/example_dags/example_branch_operator.py took 1.004 seconds
[2024-07-08T21:59:26.642+0000] {processor.py:161} INFO - Started process (PID=1658) to work on /home/airflow/.local/lib/python3.12/site-packages/airflow/example_dags/example_branch_operator.py
[2024-07-08T21:59:26.645+0000] {processor.py:830} INFO - Processing file /home/airflow/.local/lib/python3.12/site-packages/airflow/example_dags/example_branch_operator.py for tasks to queue
[2024-07-08T21:59:26.649+0000] {logging_mixin.py:188} INFO - [2024-07-08T21:59:26.648+0000] {dagbag.py:545} INFO - Filling up the DagBag from /home/airflow/.local/lib/python3.12/site-packages/airflow/example_dags/example_branch_operator.py
[2024-07-08T21:59:26.678+0000] {processor.py:840} INFO - DAG(s) 'example_branch_operator' retrieved from /home/airflow/.local/lib/python3.12/site-packages/airflow/example_dags/example_branch_operator.py
[2024-07-08T21:59:26.728+0000] {logging_mixin.py:188} INFO - [2024-07-08T21:59:26.727+0000] {dag.py:3096} INFO - Sync 1 DAGs
[2024-07-08T21:59:26.768+0000] {logging_mixin.py:188} INFO - [2024-07-08T21:59:26.767+0000] {dag.py:3954} INFO - Setting next_dagrun for example_branch_operator to 2024-07-07 00:00:00+00:00, run_after=2024-07-08 00:00:00+00:00
[2024-07-08T21:59:26.808+0000] {processor.py:183} INFO - Processing /home/airflow/.local/lib/python3.12/site-packages/airflow/example_dags/example_branch_operator.py took 0.177 seconds
[2024-07-08T21:59:57.513+0000] {processor.py:161} INFO - Started process (PID=1717) to work on /home/airflow/.local/lib/python3.12/site-packages/airflow/example_dags/example_branch_operator.py
[2024-07-08T21:59:57.515+0000] {processor.py:830} INFO - Processing file /home/airflow/.local/lib/python3.12/site-packages/airflow/example_dags/example_branch_operator.py for tasks to queue
[2024-07-08T21:59:57.520+0000] {logging_mixin.py:188} INFO - [2024-07-08T21:59:57.519+0000] {dagbag.py:545} INFO - Filling up the DagBag from /home/airflow/.local/lib/python3.12/site-packages/airflow/example_dags/example_branch_operator.py
[2024-07-08T21:59:57.601+0000] {processor.py:840} INFO - DAG(s) 'example_branch_operator' retrieved from /home/airflow/.local/lib/python3.12/site-packages/airflow/example_dags/example_branch_operator.py
[2024-07-08T21:59:57.687+0000] {logging_mixin.py:188} INFO - [2024-07-08T21:59:57.686+0000] {dag.py:3096} INFO - Sync 1 DAGs
[2024-07-08T21:59:57.961+0000] {logging_mixin.py:188} INFO - [2024-07-08T21:59:57.960+0000] {dag.py:3954} INFO - Setting next_dagrun for example_branch_operator to 2024-07-07 00:00:00+00:00, run_after=2024-07-08 00:00:00+00:00
[2024-07-08T21:59:57.999+0000] {processor.py:183} INFO - Processing /home/airflow/.local/lib/python3.12/site-packages/airflow/example_dags/example_branch_operator.py took 0.499 seconds
[2024-07-08T22:00:28.920+0000] {processor.py:161} INFO - Started process (PID=1776) to work on /home/airflow/.local/lib/python3.12/site-packages/airflow/example_dags/example_branch_operator.py
[2024-07-08T22:00:28.923+0000] {processor.py:830} INFO - Processing file /home/airflow/.local/lib/python3.12/site-packages/airflow/example_dags/example_branch_operator.py for tasks to queue
[2024-07-08T22:00:28.928+0000] {logging_mixin.py:188} INFO - [2024-07-08T22:00:28.927+0000] {dagbag.py:545} INFO - Filling up the DagBag from /home/airflow/.local/lib/python3.12/site-packages/airflow/example_dags/example_branch_operator.py
[2024-07-08T22:00:28.996+0000] {processor.py:840} INFO - DAG(s) 'example_branch_operator' retrieved from /home/airflow/.local/lib/python3.12/site-packages/airflow/example_dags/example_branch_operator.py
[2024-07-08T22:00:29.079+0000] {logging_mixin.py:188} INFO - [2024-07-08T22:00:29.078+0000] {dag.py:3096} INFO - Sync 1 DAGs
[2024-07-08T22:00:29.176+0000] {logging_mixin.py:188} INFO - [2024-07-08T22:00:29.175+0000] {dag.py:3954} INFO - Setting next_dagrun for example_branch_operator to 2024-07-07 00:00:00+00:00, run_after=2024-07-08 00:00:00+00:00
[2024-07-08T22:00:29.623+0000] {processor.py:183} INFO - Processing /home/airflow/.local/lib/python3.12/site-packages/airflow/example_dags/example_branch_operator.py took 0.717 seconds
[2024-07-08T22:01:00.412+0000] {processor.py:161} INFO - Started process (PID=1836) to work on /home/airflow/.local/lib/python3.12/site-packages/airflow/example_dags/example_branch_operator.py
[2024-07-08T22:01:00.414+0000] {processor.py:830} INFO - Processing file /home/airflow/.local/lib/python3.12/site-packages/airflow/example_dags/example_branch_operator.py for tasks to queue
[2024-07-08T22:01:00.418+0000] {logging_mixin.py:188} INFO - [2024-07-08T22:01:00.418+0000] {dagbag.py:545} INFO - Filling up the DagBag from /home/airflow/.local/lib/python3.12/site-packages/airflow/example_dags/example_branch_operator.py
[2024-07-08T22:01:00.452+0000] {processor.py:840} INFO - DAG(s) 'example_branch_operator' retrieved from /home/airflow/.local/lib/python3.12/site-packages/airflow/example_dags/example_branch_operator.py
[2024-07-08T22:01:00.507+0000] {logging_mixin.py:188} INFO - [2024-07-08T22:01:00.506+0000] {dag.py:3096} INFO - Sync 1 DAGs
[2024-07-08T22:01:00.551+0000] {logging_mixin.py:188} INFO - [2024-07-08T22:01:00.551+0000] {dag.py:3954} INFO - Setting next_dagrun for example_branch_operator to 2024-07-07 00:00:00+00:00, run_after=2024-07-08 00:00:00+00:00
[2024-07-08T22:01:00.588+0000] {processor.py:183} INFO - Processing /home/airflow/.local/lib/python3.12/site-packages/airflow/example_dags/example_branch_operator.py took 0.187 seconds
[2024-07-08T22:01:31.588+0000] {processor.py:161} INFO - Started process (PID=1896) to work on /home/airflow/.local/lib/python3.12/site-packages/airflow/example_dags/example_branch_operator.py
[2024-07-08T22:01:31.590+0000] {processor.py:830} INFO - Processing file /home/airflow/.local/lib/python3.12/site-packages/airflow/example_dags/example_branch_operator.py for tasks to queue
[2024-07-08T22:01:31.612+0000] {logging_mixin.py:188} INFO - [2024-07-08T22:01:31.611+0000] {dagbag.py:545} INFO - Filling up the DagBag from /home/airflow/.local/lib/python3.12/site-packages/airflow/example_dags/example_branch_operator.py
[2024-07-08T22:01:31.650+0000] {processor.py:840} INFO - DAG(s) 'example_branch_operator' retrieved from /home/airflow/.local/lib/python3.12/site-packages/airflow/example_dags/example_branch_operator.py
[2024-07-08T22:01:31.720+0000] {logging_mixin.py:188} INFO - [2024-07-08T22:01:31.720+0000] {dag.py:3096} INFO - Sync 1 DAGs
[2024-07-08T22:01:31.759+0000] {logging_mixin.py:188} INFO - [2024-07-08T22:01:31.758+0000] {dag.py:3954} INFO - Setting next_dagrun for example_branch_operator to 2024-07-07 00:00:00+00:00, run_after=2024-07-08 00:00:00+00:00
[2024-07-08T22:01:31.793+0000] {processor.py:183} INFO - Processing /home/airflow/.local/lib/python3.12/site-packages/airflow/example_dags/example_branch_operator.py took 0.214 seconds
[2024-07-08T22:02:01.861+0000] {processor.py:161} INFO - Started process (PID=1954) to work on /home/airflow/.local/lib/python3.12/site-packages/airflow/example_dags/example_branch_operator.py
[2024-07-08T22:02:01.863+0000] {processor.py:830} INFO - Processing file /home/airflow/.local/lib/python3.12/site-packages/airflow/example_dags/example_branch_operator.py for tasks to queue
[2024-07-08T22:02:01.867+0000] {logging_mixin.py:188} INFO - [2024-07-08T22:02:01.867+0000] {dagbag.py:545} INFO - Filling up the DagBag from /home/airflow/.local/lib/python3.12/site-packages/airflow/example_dags/example_branch_operator.py
[2024-07-08T22:02:01.893+0000] {processor.py:840} INFO - DAG(s) 'example_branch_operator' retrieved from /home/airflow/.local/lib/python3.12/site-packages/airflow/example_dags/example_branch_operator.py
[2024-07-08T22:02:02.098+0000] {logging_mixin.py:188} INFO - [2024-07-08T22:02:02.097+0000] {dag.py:3096} INFO - Sync 1 DAGs
[2024-07-08T22:02:02.127+0000] {logging_mixin.py:188} INFO - [2024-07-08T22:02:02.127+0000] {dag.py:3954} INFO - Setting next_dagrun for example_branch_operator to 2024-07-07 00:00:00+00:00, run_after=2024-07-08 00:00:00+00:00
[2024-07-08T22:02:02.156+0000] {processor.py:183} INFO - Processing /home/airflow/.local/lib/python3.12/site-packages/airflow/example_dags/example_branch_operator.py took 0.304 seconds
[2024-07-08T22:02:33.003+0000] {processor.py:161} INFO - Started process (PID=2014) to work on /home/airflow/.local/lib/python3.12/site-packages/airflow/example_dags/example_branch_operator.py
[2024-07-08T22:02:33.005+0000] {processor.py:830} INFO - Processing file /home/airflow/.local/lib/python3.12/site-packages/airflow/example_dags/example_branch_operator.py for tasks to queue
[2024-07-08T22:02:33.010+0000] {logging_mixin.py:188} INFO - [2024-07-08T22:02:33.009+0000] {dagbag.py:545} INFO - Filling up the DagBag from /home/airflow/.local/lib/python3.12/site-packages/airflow/example_dags/example_branch_operator.py
[2024-07-08T22:02:33.053+0000] {processor.py:840} INFO - DAG(s) 'example_branch_operator' retrieved from /home/airflow/.local/lib/python3.12/site-packages/airflow/example_dags/example_branch_operator.py
[2024-07-08T22:02:33.126+0000] {logging_mixin.py:188} INFO - [2024-07-08T22:02:33.126+0000] {dag.py:3096} INFO - Sync 1 DAGs
[2024-07-08T22:02:33.190+0000] {logging_mixin.py:188} INFO - [2024-07-08T22:02:33.190+0000] {dag.py:3954} INFO - Setting next_dagrun for example_branch_operator to 2024-07-07 00:00:00+00:00, run_after=2024-07-08 00:00:00+00:00
[2024-07-08T22:02:33.233+0000] {processor.py:183} INFO - Processing /home/airflow/.local/lib/python3.12/site-packages/airflow/example_dags/example_branch_operator.py took 0.243 seconds
[2024-07-08T22:03:04.240+0000] {processor.py:161} INFO - Started process (PID=2073) to work on /home/airflow/.local/lib/python3.12/site-packages/airflow/example_dags/example_branch_operator.py
[2024-07-08T22:03:04.242+0000] {processor.py:830} INFO - Processing file /home/airflow/.local/lib/python3.12/site-packages/airflow/example_dags/example_branch_operator.py for tasks to queue
[2024-07-08T22:03:04.247+0000] {logging_mixin.py:188} INFO - [2024-07-08T22:03:04.246+0000] {dagbag.py:545} INFO - Filling up the DagBag from /home/airflow/.local/lib/python3.12/site-packages/airflow/example_dags/example_branch_operator.py
[2024-07-08T22:03:04.288+0000] {processor.py:840} INFO - DAG(s) 'example_branch_operator' retrieved from /home/airflow/.local/lib/python3.12/site-packages/airflow/example_dags/example_branch_operator.py
[2024-07-08T22:03:04.402+0000] {logging_mixin.py:188} INFO - [2024-07-08T22:03:04.401+0000] {dag.py:3096} INFO - Sync 1 DAGs
[2024-07-08T22:03:04.475+0000] {logging_mixin.py:188} INFO - [2024-07-08T22:03:04.474+0000] {dag.py:3954} INFO - Setting next_dagrun for example_branch_operator to 2024-07-07 00:00:00+00:00, run_after=2024-07-08 00:00:00+00:00
[2024-07-08T22:03:04.522+0000] {processor.py:183} INFO - Processing /home/airflow/.local/lib/python3.12/site-packages/airflow/example_dags/example_branch_operator.py took 0.301 seconds
[2024-07-08T22:03:35.138+0000] {processor.py:161} INFO - Started process (PID=2132) to work on /home/airflow/.local/lib/python3.12/site-packages/airflow/example_dags/example_branch_operator.py
[2024-07-08T22:03:35.160+0000] {processor.py:830} INFO - Processing file /home/airflow/.local/lib/python3.12/site-packages/airflow/example_dags/example_branch_operator.py for tasks to queue
[2024-07-08T22:03:35.168+0000] {logging_mixin.py:188} INFO - [2024-07-08T22:03:35.168+0000] {dagbag.py:545} INFO - Filling up the DagBag from /home/airflow/.local/lib/python3.12/site-packages/airflow/example_dags/example_branch_operator.py
[2024-07-08T22:03:35.212+0000] {processor.py:840} INFO - DAG(s) 'example_branch_operator' retrieved from /home/airflow/.local/lib/python3.12/site-packages/airflow/example_dags/example_branch_operator.py
[2024-07-08T22:03:35.270+0000] {logging_mixin.py:188} INFO - [2024-07-08T22:03:35.269+0000] {dag.py:3096} INFO - Sync 1 DAGs
[2024-07-08T22:03:35.319+0000] {logging_mixin.py:188} INFO - [2024-07-08T22:03:35.318+0000] {dag.py:3954} INFO - Setting next_dagrun for example_branch_operator to 2024-07-07 00:00:00+00:00, run_after=2024-07-08 00:00:00+00:00
[2024-07-08T22:03:35.356+0000] {processor.py:183} INFO - Processing /home/airflow/.local/lib/python3.12/site-packages/airflow/example_dags/example_branch_operator.py took 0.241 seconds
[2024-07-08T22:04:06.756+0000] {processor.py:161} INFO - Started process (PID=2191) to work on /home/airflow/.local/lib/python3.12/site-packages/airflow/example_dags/example_branch_operator.py
[2024-07-08T22:04:06.769+0000] {processor.py:830} INFO - Processing file /home/airflow/.local/lib/python3.12/site-packages/airflow/example_dags/example_branch_operator.py for tasks to queue
[2024-07-08T22:04:06.774+0000] {logging_mixin.py:188} INFO - [2024-07-08T22:04:06.773+0000] {dagbag.py:545} INFO - Filling up the DagBag from /home/airflow/.local/lib/python3.12/site-packages/airflow/example_dags/example_branch_operator.py
[2024-07-08T22:04:06.883+0000] {processor.py:840} INFO - DAG(s) 'example_branch_operator' retrieved from /home/airflow/.local/lib/python3.12/site-packages/airflow/example_dags/example_branch_operator.py
[2024-07-08T22:04:06.980+0000] {logging_mixin.py:188} INFO - [2024-07-08T22:04:06.980+0000] {dag.py:3096} INFO - Sync 1 DAGs
[2024-07-08T22:04:07.066+0000] {logging_mixin.py:188} INFO - [2024-07-08T22:04:07.066+0000] {dag.py:3954} INFO - Setting next_dagrun for example_branch_operator to 2024-07-07 00:00:00+00:00, run_after=2024-07-08 00:00:00+00:00
[2024-07-08T22:04:07.114+0000] {processor.py:183} INFO - Processing /home/airflow/.local/lib/python3.12/site-packages/airflow/example_dags/example_branch_operator.py took 0.407 seconds
[2024-07-08T22:04:37.399+0000] {processor.py:161} INFO - Started process (PID=2249) to work on /home/airflow/.local/lib/python3.12/site-packages/airflow/example_dags/example_branch_operator.py
[2024-07-08T22:04:37.401+0000] {processor.py:830} INFO - Processing file /home/airflow/.local/lib/python3.12/site-packages/airflow/example_dags/example_branch_operator.py for tasks to queue
[2024-07-08T22:04:37.404+0000] {logging_mixin.py:188} INFO - [2024-07-08T22:04:37.403+0000] {dagbag.py:545} INFO - Filling up the DagBag from /home/airflow/.local/lib/python3.12/site-packages/airflow/example_dags/example_branch_operator.py
[2024-07-08T22:04:37.434+0000] {processor.py:840} INFO - DAG(s) 'example_branch_operator' retrieved from /home/airflow/.local/lib/python3.12/site-packages/airflow/example_dags/example_branch_operator.py
[2024-07-08T22:04:37.504+0000] {logging_mixin.py:188} INFO - [2024-07-08T22:04:37.504+0000] {dag.py:3096} INFO - Sync 1 DAGs
[2024-07-08T22:04:37.550+0000] {logging_mixin.py:188} INFO - [2024-07-08T22:04:37.550+0000] {dag.py:3954} INFO - Setting next_dagrun for example_branch_operator to 2024-07-07 00:00:00+00:00, run_after=2024-07-08 00:00:00+00:00
[2024-07-08T22:04:37.587+0000] {processor.py:183} INFO - Processing /home/airflow/.local/lib/python3.12/site-packages/airflow/example_dags/example_branch_operator.py took 0.198 seconds
[2024-07-08T22:05:07.879+0000] {processor.py:161} INFO - Started process (PID=2308) to work on /home/airflow/.local/lib/python3.12/site-packages/airflow/example_dags/example_branch_operator.py
[2024-07-08T22:05:07.880+0000] {processor.py:830} INFO - Processing file /home/airflow/.local/lib/python3.12/site-packages/airflow/example_dags/example_branch_operator.py for tasks to queue
[2024-07-08T22:05:07.885+0000] {logging_mixin.py:188} INFO - [2024-07-08T22:05:07.884+0000] {dagbag.py:545} INFO - Filling up the DagBag from /home/airflow/.local/lib/python3.12/site-packages/airflow/example_dags/example_branch_operator.py
[2024-07-08T22:05:07.923+0000] {processor.py:840} INFO - DAG(s) 'example_branch_operator' retrieved from /home/airflow/.local/lib/python3.12/site-packages/airflow/example_dags/example_branch_operator.py
[2024-07-08T22:05:07.986+0000] {logging_mixin.py:188} INFO - [2024-07-08T22:05:07.985+0000] {dag.py:3096} INFO - Sync 1 DAGs
[2024-07-08T22:05:08.041+0000] {logging_mixin.py:188} INFO - [2024-07-08T22:05:08.040+0000] {dag.py:3954} INFO - Setting next_dagrun for example_branch_operator to 2024-07-07 00:00:00+00:00, run_after=2024-07-08 00:00:00+00:00
[2024-07-08T22:05:08.079+0000] {processor.py:183} INFO - Processing /home/airflow/.local/lib/python3.12/site-packages/airflow/example_dags/example_branch_operator.py took 0.214 seconds
[2024-07-08T22:05:38.555+0000] {processor.py:161} INFO - Started process (PID=2367) to work on /home/airflow/.local/lib/python3.12/site-packages/airflow/example_dags/example_branch_operator.py
[2024-07-08T22:05:38.557+0000] {processor.py:830} INFO - Processing file /home/airflow/.local/lib/python3.12/site-packages/airflow/example_dags/example_branch_operator.py for tasks to queue
[2024-07-08T22:05:38.560+0000] {logging_mixin.py:188} INFO - [2024-07-08T22:05:38.560+0000] {dagbag.py:545} INFO - Filling up the DagBag from /home/airflow/.local/lib/python3.12/site-packages/airflow/example_dags/example_branch_operator.py
[2024-07-08T22:05:38.589+0000] {processor.py:840} INFO - DAG(s) 'example_branch_operator' retrieved from /home/airflow/.local/lib/python3.12/site-packages/airflow/example_dags/example_branch_operator.py
[2024-07-08T22:05:38.646+0000] {logging_mixin.py:188} INFO - [2024-07-08T22:05:38.646+0000] {dag.py:3096} INFO - Sync 1 DAGs
[2024-07-08T22:05:38.713+0000] {logging_mixin.py:188} INFO - [2024-07-08T22:05:38.712+0000] {dag.py:3954} INFO - Setting next_dagrun for example_branch_operator to 2024-07-07 00:00:00+00:00, run_after=2024-07-08 00:00:00+00:00
[2024-07-08T22:05:38.773+0000] {processor.py:183} INFO - Processing /home/airflow/.local/lib/python3.12/site-packages/airflow/example_dags/example_branch_operator.py took 0.227 seconds
[2024-07-08T22:06:09.565+0000] {processor.py:161} INFO - Started process (PID=2432) to work on /home/airflow/.local/lib/python3.12/site-packages/airflow/example_dags/example_branch_operator.py
[2024-07-08T22:06:09.568+0000] {processor.py:830} INFO - Processing file /home/airflow/.local/lib/python3.12/site-packages/airflow/example_dags/example_branch_operator.py for tasks to queue
[2024-07-08T22:06:09.574+0000] {logging_mixin.py:188} INFO - [2024-07-08T22:06:09.573+0000] {dagbag.py:545} INFO - Filling up the DagBag from /home/airflow/.local/lib/python3.12/site-packages/airflow/example_dags/example_branch_operator.py
[2024-07-08T22:06:09.618+0000] {processor.py:840} INFO - DAG(s) 'example_branch_operator' retrieved from /home/airflow/.local/lib/python3.12/site-packages/airflow/example_dags/example_branch_operator.py
[2024-07-08T22:06:09.729+0000] {logging_mixin.py:188} INFO - [2024-07-08T22:06:09.728+0000] {dag.py:3096} INFO - Sync 1 DAGs
[2024-07-08T22:06:09.799+0000] {logging_mixin.py:188} INFO - [2024-07-08T22:06:09.799+0000] {dag.py:3954} INFO - Setting next_dagrun for example_branch_operator to 2024-07-07 00:00:00+00:00, run_after=2024-07-08 00:00:00+00:00
[2024-07-08T22:06:09.851+0000] {processor.py:183} INFO - Processing /home/airflow/.local/lib/python3.12/site-packages/airflow/example_dags/example_branch_operator.py took 0.298 seconds
[2024-07-08T22:06:40.119+0000] {processor.py:161} INFO - Started process (PID=2491) to work on /home/airflow/.local/lib/python3.12/site-packages/airflow/example_dags/example_branch_operator.py
[2024-07-08T22:06:40.121+0000] {processor.py:830} INFO - Processing file /home/airflow/.local/lib/python3.12/site-packages/airflow/example_dags/example_branch_operator.py for tasks to queue
[2024-07-08T22:06:40.125+0000] {logging_mixin.py:188} INFO - [2024-07-08T22:06:40.124+0000] {dagbag.py:545} INFO - Filling up the DagBag from /home/airflow/.local/lib/python3.12/site-packages/airflow/example_dags/example_branch_operator.py
[2024-07-08T22:06:40.162+0000] {processor.py:840} INFO - DAG(s) 'example_branch_operator' retrieved from /home/airflow/.local/lib/python3.12/site-packages/airflow/example_dags/example_branch_operator.py
[2024-07-08T22:06:40.214+0000] {logging_mixin.py:188} INFO - [2024-07-08T22:06:40.214+0000] {dag.py:3096} INFO - Sync 1 DAGs
[2024-07-08T22:06:40.265+0000] {logging_mixin.py:188} INFO - [2024-07-08T22:06:40.264+0000] {dag.py:3954} INFO - Setting next_dagrun for example_branch_operator to 2024-07-07 00:00:00+00:00, run_after=2024-07-08 00:00:00+00:00
[2024-07-08T22:06:40.301+0000] {processor.py:183} INFO - Processing /home/airflow/.local/lib/python3.12/site-packages/airflow/example_dags/example_branch_operator.py took 0.195 seconds
[2024-07-08T22:07:11.521+0000] {processor.py:161} INFO - Started process (PID=2549) to work on /home/airflow/.local/lib/python3.12/site-packages/airflow/example_dags/example_branch_operator.py
[2024-07-08T22:07:11.531+0000] {processor.py:830} INFO - Processing file /home/airflow/.local/lib/python3.12/site-packages/airflow/example_dags/example_branch_operator.py for tasks to queue
[2024-07-08T22:07:11.536+0000] {logging_mixin.py:188} INFO - [2024-07-08T22:07:11.535+0000] {dagbag.py:545} INFO - Filling up the DagBag from /home/airflow/.local/lib/python3.12/site-packages/airflow/example_dags/example_branch_operator.py
[2024-07-08T22:07:11.590+0000] {processor.py:840} INFO - DAG(s) 'example_branch_operator' retrieved from /home/airflow/.local/lib/python3.12/site-packages/airflow/example_dags/example_branch_operator.py
[2024-07-08T22:07:11.722+0000] {logging_mixin.py:188} INFO - [2024-07-08T22:07:11.722+0000] {dag.py:3096} INFO - Sync 1 DAGs
[2024-07-08T22:07:11.820+0000] {logging_mixin.py:188} INFO - [2024-07-08T22:07:11.820+0000] {dag.py:3954} INFO - Setting next_dagrun for example_branch_operator to 2024-07-07 00:00:00+00:00, run_after=2024-07-08 00:00:00+00:00
[2024-07-08T22:07:11.893+0000] {processor.py:183} INFO - Processing /home/airflow/.local/lib/python3.12/site-packages/airflow/example_dags/example_branch_operator.py took 0.380 seconds
[2024-07-08T22:07:42.194+0000] {processor.py:161} INFO - Started process (PID=2608) to work on /home/airflow/.local/lib/python3.12/site-packages/airflow/example_dags/example_branch_operator.py
[2024-07-08T22:07:42.196+0000] {processor.py:830} INFO - Processing file /home/airflow/.local/lib/python3.12/site-packages/airflow/example_dags/example_branch_operator.py for tasks to queue
[2024-07-08T22:07:42.200+0000] {logging_mixin.py:188} INFO - [2024-07-08T22:07:42.200+0000] {dagbag.py:545} INFO - Filling up the DagBag from /home/airflow/.local/lib/python3.12/site-packages/airflow/example_dags/example_branch_operator.py
[2024-07-08T22:07:42.242+0000] {processor.py:840} INFO - DAG(s) 'example_branch_operator' retrieved from /home/airflow/.local/lib/python3.12/site-packages/airflow/example_dags/example_branch_operator.py
[2024-07-08T22:07:42.307+0000] {logging_mixin.py:188} INFO - [2024-07-08T22:07:42.306+0000] {dag.py:3096} INFO - Sync 1 DAGs
[2024-07-08T22:07:42.363+0000] {logging_mixin.py:188} INFO - [2024-07-08T22:07:42.363+0000] {dag.py:3954} INFO - Setting next_dagrun for example_branch_operator to 2024-07-07 00:00:00+00:00, run_after=2024-07-08 00:00:00+00:00
[2024-07-08T22:07:42.408+0000] {processor.py:183} INFO - Processing /home/airflow/.local/lib/python3.12/site-packages/airflow/example_dags/example_branch_operator.py took 0.225 seconds
[2024-07-08T22:08:13.784+0000] {processor.py:161} INFO - Started process (PID=2668) to work on /home/airflow/.local/lib/python3.12/site-packages/airflow/example_dags/example_branch_operator.py
[2024-07-08T22:08:13.786+0000] {processor.py:830} INFO - Processing file /home/airflow/.local/lib/python3.12/site-packages/airflow/example_dags/example_branch_operator.py for tasks to queue
[2024-07-08T22:08:13.791+0000] {logging_mixin.py:188} INFO - [2024-07-08T22:08:13.790+0000] {dagbag.py:545} INFO - Filling up the DagBag from /home/airflow/.local/lib/python3.12/site-packages/airflow/example_dags/example_branch_operator.py
[2024-07-08T22:08:13.846+0000] {processor.py:840} INFO - DAG(s) 'example_branch_operator' retrieved from /home/airflow/.local/lib/python3.12/site-packages/airflow/example_dags/example_branch_operator.py
[2024-07-08T22:08:13.947+0000] {logging_mixin.py:188} INFO - [2024-07-08T22:08:13.946+0000] {dag.py:3096} INFO - Sync 1 DAGs
[2024-07-08T22:08:14.020+0000] {logging_mixin.py:188} INFO - [2024-07-08T22:08:14.019+0000] {dag.py:3954} INFO - Setting next_dagrun for example_branch_operator to 2024-07-07 00:00:00+00:00, run_after=2024-07-08 00:00:00+00:00
[2024-07-08T22:08:14.063+0000] {processor.py:183} INFO - Processing /home/airflow/.local/lib/python3.12/site-packages/airflow/example_dags/example_branch_operator.py took 0.289 seconds
[2024-07-08T22:08:46.957+0000] {processor.py:161} INFO - Started process (PID=2726) to work on /home/airflow/.local/lib/python3.12/site-packages/airflow/example_dags/example_branch_operator.py
[2024-07-08T22:08:46.961+0000] {processor.py:830} INFO - Processing file /home/airflow/.local/lib/python3.12/site-packages/airflow/example_dags/example_branch_operator.py for tasks to queue
[2024-07-08T22:08:46.968+0000] {logging_mixin.py:188} INFO - [2024-07-08T22:08:46.968+0000] {dagbag.py:545} INFO - Filling up the DagBag from /home/airflow/.local/lib/python3.12/site-packages/airflow/example_dags/example_branch_operator.py
[2024-07-08T22:08:47.024+0000] {processor.py:840} INFO - DAG(s) 'example_branch_operator' retrieved from /home/airflow/.local/lib/python3.12/site-packages/airflow/example_dags/example_branch_operator.py
[2024-07-08T22:08:47.134+0000] {logging_mixin.py:188} INFO - [2024-07-08T22:08:47.133+0000] {dag.py:3096} INFO - Sync 1 DAGs
[2024-07-08T22:08:47.206+0000] {logging_mixin.py:188} INFO - [2024-07-08T22:08:47.206+0000] {dag.py:3954} INFO - Setting next_dagrun for example_branch_operator to 2024-07-07 00:00:00+00:00, run_after=2024-07-08 00:00:00+00:00
[2024-07-08T22:08:47.322+0000] {processor.py:183} INFO - Processing /home/airflow/.local/lib/python3.12/site-packages/airflow/example_dags/example_branch_operator.py took 0.383 seconds
[2024-07-08T22:09:26.753+0000] {processor.py:161} INFO - Started process (PID=2785) to work on /home/airflow/.local/lib/python3.12/site-packages/airflow/example_dags/example_branch_operator.py
[2024-07-08T22:09:26.788+0000] {processor.py:830} INFO - Processing file /home/airflow/.local/lib/python3.12/site-packages/airflow/example_dags/example_branch_operator.py for tasks to queue
[2024-07-08T22:09:26.895+0000] {logging_mixin.py:188} INFO - [2024-07-08T22:09:26.895+0000] {dagbag.py:545} INFO - Filling up the DagBag from /home/airflow/.local/lib/python3.12/site-packages/airflow/example_dags/example_branch_operator.py
[2024-07-08T22:09:27.295+0000] {processor.py:840} INFO - DAG(s) 'example_branch_operator' retrieved from /home/airflow/.local/lib/python3.12/site-packages/airflow/example_dags/example_branch_operator.py
[2024-07-08T22:09:28.007+0000] {logging_mixin.py:188} INFO - [2024-07-08T22:09:28.006+0000] {dag.py:3096} INFO - Sync 1 DAGs
[2024-07-08T22:09:28.261+0000] {logging_mixin.py:188} INFO - [2024-07-08T22:09:28.260+0000] {dag.py:3954} INFO - Setting next_dagrun for example_branch_operator to 2024-07-07 00:00:00+00:00, run_after=2024-07-08 00:00:00+00:00
[2024-07-08T22:09:28.414+0000] {processor.py:183} INFO - Processing /home/airflow/.local/lib/python3.12/site-packages/airflow/example_dags/example_branch_operator.py took 1.722 seconds
[2024-07-08T22:09:59.277+0000] {processor.py:161} INFO - Started process (PID=2844) to work on /home/airflow/.local/lib/python3.12/site-packages/airflow/example_dags/example_branch_operator.py
[2024-07-08T22:09:59.282+0000] {processor.py:830} INFO - Processing file /home/airflow/.local/lib/python3.12/site-packages/airflow/example_dags/example_branch_operator.py for tasks to queue
[2024-07-08T22:09:59.304+0000] {logging_mixin.py:188} INFO - [2024-07-08T22:09:59.303+0000] {dagbag.py:545} INFO - Filling up the DagBag from /home/airflow/.local/lib/python3.12/site-packages/airflow/example_dags/example_branch_operator.py
[2024-07-08T22:09:59.430+0000] {processor.py:840} INFO - DAG(s) 'example_branch_operator' retrieved from /home/airflow/.local/lib/python3.12/site-packages/airflow/example_dags/example_branch_operator.py
[2024-07-08T22:09:59.661+0000] {logging_mixin.py:188} INFO - [2024-07-08T22:09:59.661+0000] {dag.py:3096} INFO - Sync 1 DAGs
[2024-07-08T22:09:59.874+0000] {logging_mixin.py:188} INFO - [2024-07-08T22:09:59.874+0000] {dag.py:3954} INFO - Setting next_dagrun for example_branch_operator to 2024-07-07 00:00:00+00:00, run_after=2024-07-08 00:00:00+00:00
[2024-07-08T22:09:59.941+0000] {processor.py:183} INFO - Processing /home/airflow/.local/lib/python3.12/site-packages/airflow/example_dags/example_branch_operator.py took 0.698 seconds
[2024-07-08T22:10:30.567+0000] {processor.py:161} INFO - Started process (PID=2903) to work on /home/airflow/.local/lib/python3.12/site-packages/airflow/example_dags/example_branch_operator.py
[2024-07-08T22:10:30.570+0000] {processor.py:830} INFO - Processing file /home/airflow/.local/lib/python3.12/site-packages/airflow/example_dags/example_branch_operator.py for tasks to queue
[2024-07-08T22:10:30.574+0000] {logging_mixin.py:188} INFO - [2024-07-08T22:10:30.573+0000] {dagbag.py:545} INFO - Filling up the DagBag from /home/airflow/.local/lib/python3.12/site-packages/airflow/example_dags/example_branch_operator.py
[2024-07-08T22:10:30.628+0000] {processor.py:840} INFO - DAG(s) 'example_branch_operator' retrieved from /home/airflow/.local/lib/python3.12/site-packages/airflow/example_dags/example_branch_operator.py
[2024-07-08T22:10:30.711+0000] {logging_mixin.py:188} INFO - [2024-07-08T22:10:30.710+0000] {dag.py:3096} INFO - Sync 1 DAGs
[2024-07-08T22:10:30.801+0000] {logging_mixin.py:188} INFO - [2024-07-08T22:10:30.800+0000] {dag.py:3954} INFO - Setting next_dagrun for example_branch_operator to 2024-07-07 00:00:00+00:00, run_after=2024-07-08 00:00:00+00:00
[2024-07-08T22:10:31.101+0000] {processor.py:183} INFO - Processing /home/airflow/.local/lib/python3.12/site-packages/airflow/example_dags/example_branch_operator.py took 0.550 seconds
[2024-07-08T22:11:01.838+0000] {processor.py:161} INFO - Started process (PID=2963) to work on /home/airflow/.local/lib/python3.12/site-packages/airflow/example_dags/example_branch_operator.py
[2024-07-08T22:11:01.846+0000] {processor.py:830} INFO - Processing file /home/airflow/.local/lib/python3.12/site-packages/airflow/example_dags/example_branch_operator.py for tasks to queue
[2024-07-08T22:11:01.850+0000] {logging_mixin.py:188} INFO - [2024-07-08T22:11:01.849+0000] {dagbag.py:545} INFO - Filling up the DagBag from /home/airflow/.local/lib/python3.12/site-packages/airflow/example_dags/example_branch_operator.py
[2024-07-08T22:11:01.915+0000] {processor.py:840} INFO - DAG(s) 'example_branch_operator' retrieved from /home/airflow/.local/lib/python3.12/site-packages/airflow/example_dags/example_branch_operator.py
[2024-07-08T22:11:02.002+0000] {logging_mixin.py:188} INFO - [2024-07-08T22:11:02.002+0000] {dag.py:3096} INFO - Sync 1 DAGs
[2024-07-08T22:11:02.064+0000] {logging_mixin.py:188} INFO - [2024-07-08T22:11:02.064+0000] {dag.py:3954} INFO - Setting next_dagrun for example_branch_operator to 2024-07-07 00:00:00+00:00, run_after=2024-07-08 00:00:00+00:00
[2024-07-08T22:11:02.126+0000] {processor.py:183} INFO - Processing /home/airflow/.local/lib/python3.12/site-packages/airflow/example_dags/example_branch_operator.py took 0.307 seconds
[2024-07-08T22:11:32.211+0000] {processor.py:161} INFO - Started process (PID=3022) to work on /home/airflow/.local/lib/python3.12/site-packages/airflow/example_dags/example_branch_operator.py
[2024-07-08T22:11:32.213+0000] {processor.py:830} INFO - Processing file /home/airflow/.local/lib/python3.12/site-packages/airflow/example_dags/example_branch_operator.py for tasks to queue
[2024-07-08T22:11:32.217+0000] {logging_mixin.py:188} INFO - [2024-07-08T22:11:32.217+0000] {dagbag.py:545} INFO - Filling up the DagBag from /home/airflow/.local/lib/python3.12/site-packages/airflow/example_dags/example_branch_operator.py
[2024-07-08T22:11:32.267+0000] {processor.py:840} INFO - DAG(s) 'example_branch_operator' retrieved from /home/airflow/.local/lib/python3.12/site-packages/airflow/example_dags/example_branch_operator.py
[2024-07-08T22:11:32.352+0000] {logging_mixin.py:188} INFO - [2024-07-08T22:11:32.351+0000] {dag.py:3096} INFO - Sync 1 DAGs
[2024-07-08T22:11:32.407+0000] {logging_mixin.py:188} INFO - [2024-07-08T22:11:32.407+0000] {dag.py:3954} INFO - Setting next_dagrun for example_branch_operator to 2024-07-07 00:00:00+00:00, run_after=2024-07-08 00:00:00+00:00
[2024-07-08T22:11:32.447+0000] {processor.py:183} INFO - Processing /home/airflow/.local/lib/python3.12/site-packages/airflow/example_dags/example_branch_operator.py took 0.248 seconds
[2024-07-08T22:12:02.799+0000] {processor.py:161} INFO - Started process (PID=3081) to work on /home/airflow/.local/lib/python3.12/site-packages/airflow/example_dags/example_branch_operator.py
[2024-07-08T22:12:02.851+0000] {processor.py:830} INFO - Processing file /home/airflow/.local/lib/python3.12/site-packages/airflow/example_dags/example_branch_operator.py for tasks to queue
[2024-07-08T22:12:02.921+0000] {logging_mixin.py:188} INFO - [2024-07-08T22:12:02.920+0000] {dagbag.py:545} INFO - Filling up the DagBag from /home/airflow/.local/lib/python3.12/site-packages/airflow/example_dags/example_branch_operator.py
[2024-07-08T22:12:03.069+0000] {processor.py:840} INFO - DAG(s) 'example_branch_operator' retrieved from /home/airflow/.local/lib/python3.12/site-packages/airflow/example_dags/example_branch_operator.py
[2024-07-08T22:12:03.248+0000] {logging_mixin.py:188} INFO - [2024-07-08T22:12:03.248+0000] {dag.py:3096} INFO - Sync 1 DAGs
[2024-07-08T22:12:03.309+0000] {logging_mixin.py:188} INFO - [2024-07-08T22:12:03.309+0000] {dag.py:3954} INFO - Setting next_dagrun for example_branch_operator to 2024-07-07 00:00:00+00:00, run_after=2024-07-08 00:00:00+00:00
[2024-07-08T22:12:03.367+0000] {processor.py:183} INFO - Processing /home/airflow/.local/lib/python3.12/site-packages/airflow/example_dags/example_branch_operator.py took 0.634 seconds
[2024-07-08T22:12:34.124+0000] {processor.py:161} INFO - Started process (PID=3139) to work on /home/airflow/.local/lib/python3.12/site-packages/airflow/example_dags/example_branch_operator.py
[2024-07-08T22:12:34.129+0000] {processor.py:830} INFO - Processing file /home/airflow/.local/lib/python3.12/site-packages/airflow/example_dags/example_branch_operator.py for tasks to queue
[2024-07-08T22:12:34.135+0000] {logging_mixin.py:188} INFO - [2024-07-08T22:12:34.134+0000] {dagbag.py:545} INFO - Filling up the DagBag from /home/airflow/.local/lib/python3.12/site-packages/airflow/example_dags/example_branch_operator.py
[2024-07-08T22:12:34.172+0000] {processor.py:840} INFO - DAG(s) 'example_branch_operator' retrieved from /home/airflow/.local/lib/python3.12/site-packages/airflow/example_dags/example_branch_operator.py
[2024-07-08T22:12:34.248+0000] {logging_mixin.py:188} INFO - [2024-07-08T22:12:34.248+0000] {dag.py:3096} INFO - Sync 1 DAGs
[2024-07-08T22:12:34.327+0000] {logging_mixin.py:188} INFO - [2024-07-08T22:12:34.327+0000] {dag.py:3954} INFO - Setting next_dagrun for example_branch_operator to 2024-07-07 00:00:00+00:00, run_after=2024-07-08 00:00:00+00:00
[2024-07-08T22:12:34.385+0000] {processor.py:183} INFO - Processing /home/airflow/.local/lib/python3.12/site-packages/airflow/example_dags/example_branch_operator.py took 0.272 seconds
[2024-07-08T22:13:04.792+0000] {processor.py:161} INFO - Started process (PID=3198) to work on /home/airflow/.local/lib/python3.12/site-packages/airflow/example_dags/example_branch_operator.py
[2024-07-08T22:13:04.794+0000] {processor.py:830} INFO - Processing file /home/airflow/.local/lib/python3.12/site-packages/airflow/example_dags/example_branch_operator.py for tasks to queue
[2024-07-08T22:13:04.801+0000] {logging_mixin.py:188} INFO - [2024-07-08T22:13:04.800+0000] {dagbag.py:545} INFO - Filling up the DagBag from /home/airflow/.local/lib/python3.12/site-packages/airflow/example_dags/example_branch_operator.py
[2024-07-08T22:13:04.850+0000] {processor.py:840} INFO - DAG(s) 'example_branch_operator' retrieved from /home/airflow/.local/lib/python3.12/site-packages/airflow/example_dags/example_branch_operator.py
[2024-07-08T22:13:04.928+0000] {logging_mixin.py:188} INFO - [2024-07-08T22:13:04.927+0000] {dag.py:3096} INFO - Sync 1 DAGs
[2024-07-08T22:13:04.993+0000] {logging_mixin.py:188} INFO - [2024-07-08T22:13:04.992+0000] {dag.py:3954} INFO - Setting next_dagrun for example_branch_operator to 2024-07-07 00:00:00+00:00, run_after=2024-07-08 00:00:00+00:00
[2024-07-08T22:13:05.060+0000] {processor.py:183} INFO - Processing /home/airflow/.local/lib/python3.12/site-packages/airflow/example_dags/example_branch_operator.py took 0.292 seconds
[2024-07-08T22:13:35.182+0000] {processor.py:161} INFO - Started process (PID=3257) to work on /home/airflow/.local/lib/python3.12/site-packages/airflow/example_dags/example_branch_operator.py
[2024-07-08T22:13:35.187+0000] {processor.py:830} INFO - Processing file /home/airflow/.local/lib/python3.12/site-packages/airflow/example_dags/example_branch_operator.py for tasks to queue
[2024-07-08T22:13:35.191+0000] {logging_mixin.py:188} INFO - [2024-07-08T22:13:35.191+0000] {dagbag.py:545} INFO - Filling up the DagBag from /home/airflow/.local/lib/python3.12/site-packages/airflow/example_dags/example_branch_operator.py
[2024-07-08T22:13:35.225+0000] {processor.py:840} INFO - DAG(s) 'example_branch_operator' retrieved from /home/airflow/.local/lib/python3.12/site-packages/airflow/example_dags/example_branch_operator.py
[2024-07-08T22:13:35.377+0000] {logging_mixin.py:188} INFO - [2024-07-08T22:13:35.376+0000] {dag.py:3096} INFO - Sync 1 DAGs
[2024-07-08T22:13:35.465+0000] {logging_mixin.py:188} INFO - [2024-07-08T22:13:35.465+0000] {dag.py:3954} INFO - Setting next_dagrun for example_branch_operator to 2024-07-07 00:00:00+00:00, run_after=2024-07-08 00:00:00+00:00
[2024-07-08T22:13:35.515+0000] {processor.py:183} INFO - Processing /home/airflow/.local/lib/python3.12/site-packages/airflow/example_dags/example_branch_operator.py took 0.343 seconds
[2024-07-08T22:14:05.931+0000] {processor.py:161} INFO - Started process (PID=3316) to work on /home/airflow/.local/lib/python3.12/site-packages/airflow/example_dags/example_branch_operator.py
[2024-07-08T22:14:05.933+0000] {processor.py:830} INFO - Processing file /home/airflow/.local/lib/python3.12/site-packages/airflow/example_dags/example_branch_operator.py for tasks to queue
[2024-07-08T22:14:05.936+0000] {logging_mixin.py:188} INFO - [2024-07-08T22:14:05.936+0000] {dagbag.py:545} INFO - Filling up the DagBag from /home/airflow/.local/lib/python3.12/site-packages/airflow/example_dags/example_branch_operator.py
[2024-07-08T22:14:05.963+0000] {processor.py:840} INFO - DAG(s) 'example_branch_operator' retrieved from /home/airflow/.local/lib/python3.12/site-packages/airflow/example_dags/example_branch_operator.py
[2024-07-08T22:14:06.011+0000] {logging_mixin.py:188} INFO - [2024-07-08T22:14:06.010+0000] {dag.py:3096} INFO - Sync 1 DAGs
[2024-07-08T22:14:06.066+0000] {logging_mixin.py:188} INFO - [2024-07-08T22:14:06.066+0000] {dag.py:3954} INFO - Setting next_dagrun for example_branch_operator to 2024-07-07 00:00:00+00:00, run_after=2024-07-08 00:00:00+00:00
[2024-07-08T22:14:06.100+0000] {processor.py:183} INFO - Processing /home/airflow/.local/lib/python3.12/site-packages/airflow/example_dags/example_branch_operator.py took 0.178 seconds
[2024-07-08T22:14:36.213+0000] {processor.py:161} INFO - Started process (PID=3375) to work on /home/airflow/.local/lib/python3.12/site-packages/airflow/example_dags/example_branch_operator.py
[2024-07-08T22:14:36.216+0000] {processor.py:830} INFO - Processing file /home/airflow/.local/lib/python3.12/site-packages/airflow/example_dags/example_branch_operator.py for tasks to queue
[2024-07-08T22:14:36.221+0000] {logging_mixin.py:188} INFO - [2024-07-08T22:14:36.220+0000] {dagbag.py:545} INFO - Filling up the DagBag from /home/airflow/.local/lib/python3.12/site-packages/airflow/example_dags/example_branch_operator.py
[2024-07-08T22:14:36.255+0000] {processor.py:840} INFO - DAG(s) 'example_branch_operator' retrieved from /home/airflow/.local/lib/python3.12/site-packages/airflow/example_dags/example_branch_operator.py
[2024-07-08T22:14:36.326+0000] {logging_mixin.py:188} INFO - [2024-07-08T22:14:36.325+0000] {dag.py:3096} INFO - Sync 1 DAGs
[2024-07-08T22:14:36.369+0000] {logging_mixin.py:188} INFO - [2024-07-08T22:14:36.369+0000] {dag.py:3954} INFO - Setting next_dagrun for example_branch_operator to 2024-07-07 00:00:00+00:00, run_after=2024-07-08 00:00:00+00:00
[2024-07-08T22:14:36.408+0000] {processor.py:183} INFO - Processing /home/airflow/.local/lib/python3.12/site-packages/airflow/example_dags/example_branch_operator.py took 0.210 seconds
[2024-07-08T22:15:07.182+0000] {processor.py:161} INFO - Started process (PID=3434) to work on /home/airflow/.local/lib/python3.12/site-packages/airflow/example_dags/example_branch_operator.py
[2024-07-08T22:15:07.184+0000] {processor.py:830} INFO - Processing file /home/airflow/.local/lib/python3.12/site-packages/airflow/example_dags/example_branch_operator.py for tasks to queue
[2024-07-08T22:15:07.187+0000] {logging_mixin.py:188} INFO - [2024-07-08T22:15:07.187+0000] {dagbag.py:545} INFO - Filling up the DagBag from /home/airflow/.local/lib/python3.12/site-packages/airflow/example_dags/example_branch_operator.py
[2024-07-08T22:15:07.223+0000] {processor.py:840} INFO - DAG(s) 'example_branch_operator' retrieved from /home/airflow/.local/lib/python3.12/site-packages/airflow/example_dags/example_branch_operator.py
[2024-07-08T22:15:07.276+0000] {logging_mixin.py:188} INFO - [2024-07-08T22:15:07.276+0000] {dag.py:3096} INFO - Sync 1 DAGs
[2024-07-08T22:15:07.321+0000] {logging_mixin.py:188} INFO - [2024-07-08T22:15:07.321+0000] {dag.py:3954} INFO - Setting next_dagrun for example_branch_operator to 2024-07-07 00:00:00+00:00, run_after=2024-07-08 00:00:00+00:00
[2024-07-08T22:15:07.364+0000] {processor.py:183} INFO - Processing /home/airflow/.local/lib/python3.12/site-packages/airflow/example_dags/example_branch_operator.py took 0.193 seconds
[2024-07-08T22:15:37.849+0000] {processor.py:161} INFO - Started process (PID=3493) to work on /home/airflow/.local/lib/python3.12/site-packages/airflow/example_dags/example_branch_operator.py
[2024-07-08T22:15:37.852+0000] {processor.py:830} INFO - Processing file /home/airflow/.local/lib/python3.12/site-packages/airflow/example_dags/example_branch_operator.py for tasks to queue
[2024-07-08T22:15:37.865+0000] {logging_mixin.py:188} INFO - [2024-07-08T22:15:37.862+0000] {dagbag.py:545} INFO - Filling up the DagBag from /home/airflow/.local/lib/python3.12/site-packages/airflow/example_dags/example_branch_operator.py
[2024-07-08T22:15:37.958+0000] {processor.py:840} INFO - DAG(s) 'example_branch_operator' retrieved from /home/airflow/.local/lib/python3.12/site-packages/airflow/example_dags/example_branch_operator.py
[2024-07-08T22:15:38.087+0000] {logging_mixin.py:188} INFO - [2024-07-08T22:15:38.087+0000] {dag.py:3096} INFO - Sync 1 DAGs
[2024-07-08T22:15:38.200+0000] {logging_mixin.py:188} INFO - [2024-07-08T22:15:38.199+0000] {dag.py:3954} INFO - Setting next_dagrun for example_branch_operator to 2024-07-07 00:00:00+00:00, run_after=2024-07-08 00:00:00+00:00
[2024-07-08T22:15:38.283+0000] {processor.py:183} INFO - Processing /home/airflow/.local/lib/python3.12/site-packages/airflow/example_dags/example_branch_operator.py took 0.457 seconds
[2024-07-08T22:16:09.180+0000] {processor.py:161} INFO - Started process (PID=3552) to work on /home/airflow/.local/lib/python3.12/site-packages/airflow/example_dags/example_branch_operator.py
[2024-07-08T22:16:09.185+0000] {processor.py:830} INFO - Processing file /home/airflow/.local/lib/python3.12/site-packages/airflow/example_dags/example_branch_operator.py for tasks to queue
[2024-07-08T22:16:09.193+0000] {logging_mixin.py:188} INFO - [2024-07-08T22:16:09.192+0000] {dagbag.py:545} INFO - Filling up the DagBag from /home/airflow/.local/lib/python3.12/site-packages/airflow/example_dags/example_branch_operator.py
[2024-07-08T22:16:09.333+0000] {processor.py:840} INFO - DAG(s) 'example_branch_operator' retrieved from /home/airflow/.local/lib/python3.12/site-packages/airflow/example_dags/example_branch_operator.py
[2024-07-08T22:16:09.626+0000] {logging_mixin.py:188} INFO - [2024-07-08T22:16:09.623+0000] {dag.py:3096} INFO - Sync 1 DAGs
[2024-07-08T22:16:09.718+0000] {logging_mixin.py:188} INFO - [2024-07-08T22:16:09.717+0000] {dag.py:3954} INFO - Setting next_dagrun for example_branch_operator to 2024-07-07 00:00:00+00:00, run_after=2024-07-08 00:00:00+00:00
[2024-07-08T22:16:09.781+0000] {processor.py:183} INFO - Processing /home/airflow/.local/lib/python3.12/site-packages/airflow/example_dags/example_branch_operator.py took 0.637 seconds
[2024-07-08T22:16:40.597+0000] {processor.py:161} INFO - Started process (PID=3609) to work on /home/airflow/.local/lib/python3.12/site-packages/airflow/example_dags/example_branch_operator.py
[2024-07-08T22:16:40.599+0000] {processor.py:830} INFO - Processing file /home/airflow/.local/lib/python3.12/site-packages/airflow/example_dags/example_branch_operator.py for tasks to queue
[2024-07-08T22:16:40.608+0000] {logging_mixin.py:188} INFO - [2024-07-08T22:16:40.605+0000] {dagbag.py:545} INFO - Filling up the DagBag from /home/airflow/.local/lib/python3.12/site-packages/airflow/example_dags/example_branch_operator.py
[2024-07-08T22:16:40.645+0000] {processor.py:840} INFO - DAG(s) 'example_branch_operator' retrieved from /home/airflow/.local/lib/python3.12/site-packages/airflow/example_dags/example_branch_operator.py
[2024-07-08T22:16:40.723+0000] {logging_mixin.py:188} INFO - [2024-07-08T22:16:40.722+0000] {dag.py:3096} INFO - Sync 1 DAGs
[2024-07-08T22:16:40.770+0000] {logging_mixin.py:188} INFO - [2024-07-08T22:16:40.769+0000] {dag.py:3954} INFO - Setting next_dagrun for example_branch_operator to 2024-07-07 00:00:00+00:00, run_after=2024-07-08 00:00:00+00:00
[2024-07-08T22:16:40.822+0000] {processor.py:183} INFO - Processing /home/airflow/.local/lib/python3.12/site-packages/airflow/example_dags/example_branch_operator.py took 0.238 seconds
[2024-07-08T22:17:11.575+0000] {processor.py:161} INFO - Started process (PID=3668) to work on /home/airflow/.local/lib/python3.12/site-packages/airflow/example_dags/example_branch_operator.py
[2024-07-08T22:17:11.584+0000] {processor.py:830} INFO - Processing file /home/airflow/.local/lib/python3.12/site-packages/airflow/example_dags/example_branch_operator.py for tasks to queue
[2024-07-08T22:17:11.588+0000] {logging_mixin.py:188} INFO - [2024-07-08T22:17:11.587+0000] {dagbag.py:545} INFO - Filling up the DagBag from /home/airflow/.local/lib/python3.12/site-packages/airflow/example_dags/example_branch_operator.py
[2024-07-08T22:17:11.668+0000] {processor.py:840} INFO - DAG(s) 'example_branch_operator' retrieved from /home/airflow/.local/lib/python3.12/site-packages/airflow/example_dags/example_branch_operator.py
[2024-07-08T22:17:11.732+0000] {logging_mixin.py:188} INFO - [2024-07-08T22:17:11.731+0000] {dag.py:3096} INFO - Sync 1 DAGs
[2024-07-08T22:17:11.787+0000] {logging_mixin.py:188} INFO - [2024-07-08T22:17:11.786+0000] {dag.py:3954} INFO - Setting next_dagrun for example_branch_operator to 2024-07-07 00:00:00+00:00, run_after=2024-07-08 00:00:00+00:00
[2024-07-08T22:17:11.852+0000] {processor.py:183} INFO - Processing /home/airflow/.local/lib/python3.12/site-packages/airflow/example_dags/example_branch_operator.py took 0.297 seconds
[2024-07-08T22:17:42.178+0000] {processor.py:161} INFO - Started process (PID=3727) to work on /home/airflow/.local/lib/python3.12/site-packages/airflow/example_dags/example_branch_operator.py
[2024-07-08T22:17:42.179+0000] {processor.py:830} INFO - Processing file /home/airflow/.local/lib/python3.12/site-packages/airflow/example_dags/example_branch_operator.py for tasks to queue
[2024-07-08T22:17:42.183+0000] {logging_mixin.py:188} INFO - [2024-07-08T22:17:42.182+0000] {dagbag.py:545} INFO - Filling up the DagBag from /home/airflow/.local/lib/python3.12/site-packages/airflow/example_dags/example_branch_operator.py
[2024-07-08T22:17:42.213+0000] {processor.py:840} INFO - DAG(s) 'example_branch_operator' retrieved from /home/airflow/.local/lib/python3.12/site-packages/airflow/example_dags/example_branch_operator.py
[2024-07-08T22:17:42.300+0000] {logging_mixin.py:188} INFO - [2024-07-08T22:17:42.299+0000] {dag.py:3096} INFO - Sync 1 DAGs
[2024-07-08T22:17:42.370+0000] {logging_mixin.py:188} INFO - [2024-07-08T22:17:42.370+0000] {dag.py:3954} INFO - Setting next_dagrun for example_branch_operator to 2024-07-07 00:00:00+00:00, run_after=2024-07-08 00:00:00+00:00
[2024-07-08T22:17:42.416+0000] {processor.py:183} INFO - Processing /home/airflow/.local/lib/python3.12/site-packages/airflow/example_dags/example_branch_operator.py took 0.249 seconds
[2024-07-08T22:18:12.584+0000] {processor.py:161} INFO - Started process (PID=3786) to work on /home/airflow/.local/lib/python3.12/site-packages/airflow/example_dags/example_branch_operator.py
[2024-07-08T22:18:12.589+0000] {processor.py:830} INFO - Processing file /home/airflow/.local/lib/python3.12/site-packages/airflow/example_dags/example_branch_operator.py for tasks to queue
[2024-07-08T22:18:12.598+0000] {logging_mixin.py:188} INFO - [2024-07-08T22:18:12.595+0000] {dagbag.py:545} INFO - Filling up the DagBag from /home/airflow/.local/lib/python3.12/site-packages/airflow/example_dags/example_branch_operator.py
[2024-07-08T22:18:12.706+0000] {processor.py:840} INFO - DAG(s) 'example_branch_operator' retrieved from /home/airflow/.local/lib/python3.12/site-packages/airflow/example_dags/example_branch_operator.py
[2024-07-08T22:18:12.805+0000] {logging_mixin.py:188} INFO - [2024-07-08T22:18:12.805+0000] {dag.py:3096} INFO - Sync 1 DAGs
[2024-07-08T22:18:12.853+0000] {logging_mixin.py:188} INFO - [2024-07-08T22:18:12.853+0000] {dag.py:3954} INFO - Setting next_dagrun for example_branch_operator to 2024-07-07 00:00:00+00:00, run_after=2024-07-08 00:00:00+00:00
[2024-07-08T22:18:12.897+0000] {processor.py:183} INFO - Processing /home/airflow/.local/lib/python3.12/site-packages/airflow/example_dags/example_branch_operator.py took 0.369 seconds
[2024-07-08T22:18:43.117+0000] {processor.py:161} INFO - Started process (PID=3845) to work on /home/airflow/.local/lib/python3.12/site-packages/airflow/example_dags/example_branch_operator.py
[2024-07-08T22:18:43.119+0000] {processor.py:830} INFO - Processing file /home/airflow/.local/lib/python3.12/site-packages/airflow/example_dags/example_branch_operator.py for tasks to queue
[2024-07-08T22:18:43.130+0000] {logging_mixin.py:188} INFO - [2024-07-08T22:18:43.130+0000] {dagbag.py:545} INFO - Filling up the DagBag from /home/airflow/.local/lib/python3.12/site-packages/airflow/example_dags/example_branch_operator.py
[2024-07-08T22:18:43.175+0000] {processor.py:840} INFO - DAG(s) 'example_branch_operator' retrieved from /home/airflow/.local/lib/python3.12/site-packages/airflow/example_dags/example_branch_operator.py
[2024-07-08T22:18:43.240+0000] {logging_mixin.py:188} INFO - [2024-07-08T22:18:43.239+0000] {dag.py:3096} INFO - Sync 1 DAGs
[2024-07-08T22:18:43.281+0000] {logging_mixin.py:188} INFO - [2024-07-08T22:18:43.281+0000] {dag.py:3954} INFO - Setting next_dagrun for example_branch_operator to 2024-07-07 00:00:00+00:00, run_after=2024-07-08 00:00:00+00:00
[2024-07-08T22:18:43.319+0000] {processor.py:183} INFO - Processing /home/airflow/.local/lib/python3.12/site-packages/airflow/example_dags/example_branch_operator.py took 0.239 seconds
[2024-07-08T22:19:13.563+0000] {processor.py:161} INFO - Started process (PID=3904) to work on /home/airflow/.local/lib/python3.12/site-packages/airflow/example_dags/example_branch_operator.py
[2024-07-08T22:19:13.564+0000] {processor.py:830} INFO - Processing file /home/airflow/.local/lib/python3.12/site-packages/airflow/example_dags/example_branch_operator.py for tasks to queue
[2024-07-08T22:19:13.567+0000] {logging_mixin.py:188} INFO - [2024-07-08T22:19:13.567+0000] {dagbag.py:545} INFO - Filling up the DagBag from /home/airflow/.local/lib/python3.12/site-packages/airflow/example_dags/example_branch_operator.py
[2024-07-08T22:19:13.595+0000] {processor.py:840} INFO - DAG(s) 'example_branch_operator' retrieved from /home/airflow/.local/lib/python3.12/site-packages/airflow/example_dags/example_branch_operator.py
[2024-07-08T22:19:13.679+0000] {logging_mixin.py:188} INFO - [2024-07-08T22:19:13.678+0000] {dag.py:3096} INFO - Sync 1 DAGs
[2024-07-08T22:19:13.730+0000] {logging_mixin.py:188} INFO - [2024-07-08T22:19:13.730+0000] {dag.py:3954} INFO - Setting next_dagrun for example_branch_operator to 2024-07-07 00:00:00+00:00, run_after=2024-07-08 00:00:00+00:00
[2024-07-08T22:19:13.776+0000] {processor.py:183} INFO - Processing /home/airflow/.local/lib/python3.12/site-packages/airflow/example_dags/example_branch_operator.py took 0.224 seconds
[2024-07-08T22:19:43.876+0000] {processor.py:161} INFO - Started process (PID=3963) to work on /home/airflow/.local/lib/python3.12/site-packages/airflow/example_dags/example_branch_operator.py
[2024-07-08T22:19:43.879+0000] {processor.py:830} INFO - Processing file /home/airflow/.local/lib/python3.12/site-packages/airflow/example_dags/example_branch_operator.py for tasks to queue
[2024-07-08T22:19:43.883+0000] {logging_mixin.py:188} INFO - [2024-07-08T22:19:43.882+0000] {dagbag.py:545} INFO - Filling up the DagBag from /home/airflow/.local/lib/python3.12/site-packages/airflow/example_dags/example_branch_operator.py
[2024-07-08T22:19:43.918+0000] {processor.py:840} INFO - DAG(s) 'example_branch_operator' retrieved from /home/airflow/.local/lib/python3.12/site-packages/airflow/example_dags/example_branch_operator.py
[2024-07-08T22:19:43.981+0000] {logging_mixin.py:188} INFO - [2024-07-08T22:19:43.981+0000] {dag.py:3096} INFO - Sync 1 DAGs
[2024-07-08T22:19:44.029+0000] {logging_mixin.py:188} INFO - [2024-07-08T22:19:44.029+0000] {dag.py:3954} INFO - Setting next_dagrun for example_branch_operator to 2024-07-07 00:00:00+00:00, run_after=2024-07-08 00:00:00+00:00
[2024-07-08T22:19:44.083+0000] {processor.py:183} INFO - Processing /home/airflow/.local/lib/python3.12/site-packages/airflow/example_dags/example_branch_operator.py took 0.226 seconds
[2024-07-08T22:20:14.355+0000] {processor.py:161} INFO - Started process (PID=4022) to work on /home/airflow/.local/lib/python3.12/site-packages/airflow/example_dags/example_branch_operator.py
[2024-07-08T22:20:14.359+0000] {processor.py:830} INFO - Processing file /home/airflow/.local/lib/python3.12/site-packages/airflow/example_dags/example_branch_operator.py for tasks to queue
[2024-07-08T22:20:14.363+0000] {logging_mixin.py:188} INFO - [2024-07-08T22:20:14.363+0000] {dagbag.py:545} INFO - Filling up the DagBag from /home/airflow/.local/lib/python3.12/site-packages/airflow/example_dags/example_branch_operator.py
[2024-07-08T22:20:14.437+0000] {processor.py:840} INFO - DAG(s) 'example_branch_operator' retrieved from /home/airflow/.local/lib/python3.12/site-packages/airflow/example_dags/example_branch_operator.py
[2024-07-08T22:20:14.572+0000] {logging_mixin.py:188} INFO - [2024-07-08T22:20:14.571+0000] {dag.py:3096} INFO - Sync 1 DAGs
[2024-07-08T22:20:14.639+0000] {logging_mixin.py:188} INFO - [2024-07-08T22:20:14.638+0000] {dag.py:3954} INFO - Setting next_dagrun for example_branch_operator to 2024-07-07 00:00:00+00:00, run_after=2024-07-08 00:00:00+00:00
[2024-07-08T22:20:14.698+0000] {processor.py:183} INFO - Processing /home/airflow/.local/lib/python3.12/site-packages/airflow/example_dags/example_branch_operator.py took 0.359 seconds
[2024-07-08T22:20:45.198+0000] {processor.py:161} INFO - Started process (PID=4087) to work on /home/airflow/.local/lib/python3.12/site-packages/airflow/example_dags/example_branch_operator.py
[2024-07-08T22:20:45.199+0000] {processor.py:830} INFO - Processing file /home/airflow/.local/lib/python3.12/site-packages/airflow/example_dags/example_branch_operator.py for tasks to queue
[2024-07-08T22:20:45.202+0000] {logging_mixin.py:188} INFO - [2024-07-08T22:20:45.202+0000] {dagbag.py:545} INFO - Filling up the DagBag from /home/airflow/.local/lib/python3.12/site-packages/airflow/example_dags/example_branch_operator.py
[2024-07-08T22:20:45.248+0000] {processor.py:840} INFO - DAG(s) 'example_branch_operator' retrieved from /home/airflow/.local/lib/python3.12/site-packages/airflow/example_dags/example_branch_operator.py
[2024-07-08T22:20:45.334+0000] {logging_mixin.py:188} INFO - [2024-07-08T22:20:45.333+0000] {dag.py:3096} INFO - Sync 1 DAGs
[2024-07-08T22:20:45.375+0000] {logging_mixin.py:188} INFO - [2024-07-08T22:20:45.375+0000] {dag.py:3954} INFO - Setting next_dagrun for example_branch_operator to 2024-07-07 00:00:00+00:00, run_after=2024-07-08 00:00:00+00:00
[2024-07-08T22:20:45.422+0000] {processor.py:183} INFO - Processing /home/airflow/.local/lib/python3.12/site-packages/airflow/example_dags/example_branch_operator.py took 0.235 seconds
[2024-07-08T22:21:15.712+0000] {processor.py:161} INFO - Started process (PID=4146) to work on /home/airflow/.local/lib/python3.12/site-packages/airflow/example_dags/example_branch_operator.py
[2024-07-08T22:21:15.714+0000] {processor.py:830} INFO - Processing file /home/airflow/.local/lib/python3.12/site-packages/airflow/example_dags/example_branch_operator.py for tasks to queue
[2024-07-08T22:21:15.718+0000] {logging_mixin.py:188} INFO - [2024-07-08T22:21:15.718+0000] {dagbag.py:545} INFO - Filling up the DagBag from /home/airflow/.local/lib/python3.12/site-packages/airflow/example_dags/example_branch_operator.py
[2024-07-08T22:21:15.750+0000] {processor.py:840} INFO - DAG(s) 'example_branch_operator' retrieved from /home/airflow/.local/lib/python3.12/site-packages/airflow/example_dags/example_branch_operator.py
[2024-07-08T22:21:15.808+0000] {logging_mixin.py:188} INFO - [2024-07-08T22:21:15.807+0000] {dag.py:3096} INFO - Sync 1 DAGs
[2024-07-08T22:21:15.898+0000] {logging_mixin.py:188} INFO - [2024-07-08T22:21:15.897+0000] {dag.py:3954} INFO - Setting next_dagrun for example_branch_operator to 2024-07-07 00:00:00+00:00, run_after=2024-07-08 00:00:00+00:00
[2024-07-08T22:21:15.951+0000] {processor.py:183} INFO - Processing /home/airflow/.local/lib/python3.12/site-packages/airflow/example_dags/example_branch_operator.py took 0.261 seconds
[2024-07-08T22:21:46.493+0000] {processor.py:161} INFO - Started process (PID=4205) to work on /home/airflow/.local/lib/python3.12/site-packages/airflow/example_dags/example_branch_operator.py
[2024-07-08T22:21:46.495+0000] {processor.py:830} INFO - Processing file /home/airflow/.local/lib/python3.12/site-packages/airflow/example_dags/example_branch_operator.py for tasks to queue
[2024-07-08T22:21:46.498+0000] {logging_mixin.py:188} INFO - [2024-07-08T22:21:46.498+0000] {dagbag.py:545} INFO - Filling up the DagBag from /home/airflow/.local/lib/python3.12/site-packages/airflow/example_dags/example_branch_operator.py
[2024-07-08T22:21:46.529+0000] {processor.py:840} INFO - DAG(s) 'example_branch_operator' retrieved from /home/airflow/.local/lib/python3.12/site-packages/airflow/example_dags/example_branch_operator.py
[2024-07-08T22:21:46.622+0000] {logging_mixin.py:188} INFO - [2024-07-08T22:21:46.621+0000] {dag.py:3096} INFO - Sync 1 DAGs
[2024-07-08T22:21:46.743+0000] {logging_mixin.py:188} INFO - [2024-07-08T22:21:46.743+0000] {dag.py:3954} INFO - Setting next_dagrun for example_branch_operator to 2024-07-07 00:00:00+00:00, run_after=2024-07-08 00:00:00+00:00
[2024-07-08T22:21:46.783+0000] {processor.py:183} INFO - Processing /home/airflow/.local/lib/python3.12/site-packages/airflow/example_dags/example_branch_operator.py took 0.300 seconds
[2024-07-08T22:22:17.578+0000] {processor.py:161} INFO - Started process (PID=4264) to work on /home/airflow/.local/lib/python3.12/site-packages/airflow/example_dags/example_branch_operator.py
[2024-07-08T22:22:17.580+0000] {processor.py:830} INFO - Processing file /home/airflow/.local/lib/python3.12/site-packages/airflow/example_dags/example_branch_operator.py for tasks to queue
[2024-07-08T22:22:17.584+0000] {logging_mixin.py:188} INFO - [2024-07-08T22:22:17.583+0000] {dagbag.py:545} INFO - Filling up the DagBag from /home/airflow/.local/lib/python3.12/site-packages/airflow/example_dags/example_branch_operator.py
[2024-07-08T22:22:17.615+0000] {processor.py:840} INFO - DAG(s) 'example_branch_operator' retrieved from /home/airflow/.local/lib/python3.12/site-packages/airflow/example_dags/example_branch_operator.py
[2024-07-08T22:22:17.666+0000] {logging_mixin.py:188} INFO - [2024-07-08T22:22:17.666+0000] {dag.py:3096} INFO - Sync 1 DAGs
[2024-07-08T22:22:17.702+0000] {logging_mixin.py:188} INFO - [2024-07-08T22:22:17.702+0000] {dag.py:3954} INFO - Setting next_dagrun for example_branch_operator to 2024-07-07 00:00:00+00:00, run_after=2024-07-08 00:00:00+00:00
[2024-07-08T22:22:17.736+0000] {processor.py:183} INFO - Processing /home/airflow/.local/lib/python3.12/site-packages/airflow/example_dags/example_branch_operator.py took 0.168 seconds
