[2024-07-08T21:45:08.312+0000] {processor.py:161} INFO - Started process (PID=62) to work on /home/airflow/.local/lib/python3.12/site-packages/airflow/example_dags/example_bash_operator.py
[2024-07-08T21:45:08.318+0000] {processor.py:830} INFO - Processing file /home/airflow/.local/lib/python3.12/site-packages/airflow/example_dags/example_bash_operator.py for tasks to queue
[2024-07-08T21:45:08.356+0000] {logging_mixin.py:188} INFO - [2024-07-08T21:45:08.354+0000] {dagbag.py:545} INFO - Filling up the DagBag from /home/airflow/.local/lib/python3.12/site-packages/airflow/example_dags/example_bash_operator.py
[2024-07-08T21:45:08.484+0000] {processor.py:840} INFO - DAG(s) 'example_bash_operator' retrieved from /home/airflow/.local/lib/python3.12/site-packages/airflow/example_dags/example_bash_operator.py
[2024-07-08T21:45:09.346+0000] {logging_mixin.py:188} INFO - [2024-07-08T21:45:09.345+0000] {dag.py:3096} INFO - Sync 1 DAGs
[2024-07-08T21:45:09.753+0000] {logging_mixin.py:188} INFO - [2024-07-08T21:45:09.752+0000] {dag.py:3954} INFO - Setting next_dagrun for example_bash_operator to 2024-07-07 00:00:00+00:00, run_after=2024-07-08 00:00:00+00:00
[2024-07-08T21:45:10.420+0000] {processor.py:183} INFO - Processing /home/airflow/.local/lib/python3.12/site-packages/airflow/example_dags/example_bash_operator.py took 2.171 seconds
[2024-07-08T21:45:50.827+0000] {processor.py:161} INFO - Started process (PID=121) to work on /home/airflow/.local/lib/python3.12/site-packages/airflow/example_dags/example_bash_operator.py
[2024-07-08T21:45:50.834+0000] {processor.py:830} INFO - Processing file /home/airflow/.local/lib/python3.12/site-packages/airflow/example_dags/example_bash_operator.py for tasks to queue
[2024-07-08T21:45:50.849+0000] {logging_mixin.py:188} INFO - [2024-07-08T21:45:50.848+0000] {dagbag.py:545} INFO - Filling up the DagBag from /home/airflow/.local/lib/python3.12/site-packages/airflow/example_dags/example_bash_operator.py
[2024-07-08T21:45:50.987+0000] {processor.py:840} INFO - DAG(s) 'example_bash_operator' retrieved from /home/airflow/.local/lib/python3.12/site-packages/airflow/example_dags/example_bash_operator.py
[2024-07-08T21:45:51.075+0000] {logging_mixin.py:188} INFO - [2024-07-08T21:45:51.074+0000] {dag.py:3096} INFO - Sync 1 DAGs
[2024-07-08T21:45:51.144+0000] {logging_mixin.py:188} INFO - [2024-07-08T21:45:51.144+0000] {dag.py:3954} INFO - Setting next_dagrun for example_bash_operator to 2024-07-07 00:00:00+00:00, run_after=2024-07-08 00:00:00+00:00
[2024-07-08T21:45:51.260+0000] {processor.py:183} INFO - Processing /home/airflow/.local/lib/python3.12/site-packages/airflow/example_dags/example_bash_operator.py took 0.497 seconds
[2024-07-08T21:46:22.145+0000] {processor.py:161} INFO - Started process (PID=179) to work on /home/airflow/.local/lib/python3.12/site-packages/airflow/example_dags/example_bash_operator.py
[2024-07-08T21:46:22.147+0000] {processor.py:830} INFO - Processing file /home/airflow/.local/lib/python3.12/site-packages/airflow/example_dags/example_bash_operator.py for tasks to queue
[2024-07-08T21:46:22.150+0000] {logging_mixin.py:188} INFO - [2024-07-08T21:46:22.149+0000] {dagbag.py:545} INFO - Filling up the DagBag from /home/airflow/.local/lib/python3.12/site-packages/airflow/example_dags/example_bash_operator.py
[2024-07-08T21:46:22.169+0000] {processor.py:840} INFO - DAG(s) 'example_bash_operator' retrieved from /home/airflow/.local/lib/python3.12/site-packages/airflow/example_dags/example_bash_operator.py
[2024-07-08T21:46:22.188+0000] {logging_mixin.py:188} INFO - [2024-07-08T21:46:22.187+0000] {dag.py:3096} INFO - Sync 1 DAGs
[2024-07-08T21:46:22.226+0000] {logging_mixin.py:188} INFO - [2024-07-08T21:46:22.225+0000] {dag.py:3954} INFO - Setting next_dagrun for example_bash_operator to 2024-07-07 00:00:00+00:00, run_after=2024-07-08 00:00:00+00:00
[2024-07-08T21:46:22.259+0000] {processor.py:183} INFO - Processing /home/airflow/.local/lib/python3.12/site-packages/airflow/example_dags/example_bash_operator.py took 0.124 seconds
[2024-07-08T21:46:54.513+0000] {processor.py:161} INFO - Started process (PID=238) to work on /home/airflow/.local/lib/python3.12/site-packages/airflow/example_dags/example_bash_operator.py
[2024-07-08T21:46:54.515+0000] {processor.py:830} INFO - Processing file /home/airflow/.local/lib/python3.12/site-packages/airflow/example_dags/example_bash_operator.py for tasks to queue
[2024-07-08T21:46:54.518+0000] {logging_mixin.py:188} INFO - [2024-07-08T21:46:54.517+0000] {dagbag.py:545} INFO - Filling up the DagBag from /home/airflow/.local/lib/python3.12/site-packages/airflow/example_dags/example_bash_operator.py
[2024-07-08T21:46:54.536+0000] {processor.py:840} INFO - DAG(s) 'example_bash_operator' retrieved from /home/airflow/.local/lib/python3.12/site-packages/airflow/example_dags/example_bash_operator.py
[2024-07-08T21:46:54.718+0000] {logging_mixin.py:188} INFO - [2024-07-08T21:46:54.718+0000] {dag.py:3096} INFO - Sync 1 DAGs
[2024-07-08T21:46:54.751+0000] {logging_mixin.py:188} INFO - [2024-07-08T21:46:54.751+0000] {dag.py:3954} INFO - Setting next_dagrun for example_bash_operator to 2024-07-07 00:00:00+00:00, run_after=2024-07-08 00:00:00+00:00
[2024-07-08T21:46:54.784+0000] {processor.py:183} INFO - Processing /home/airflow/.local/lib/python3.12/site-packages/airflow/example_dags/example_bash_operator.py took 0.284 seconds
[2024-07-08T21:47:25.815+0000] {processor.py:161} INFO - Started process (PID=297) to work on /home/airflow/.local/lib/python3.12/site-packages/airflow/example_dags/example_bash_operator.py
[2024-07-08T21:47:25.817+0000] {processor.py:830} INFO - Processing file /home/airflow/.local/lib/python3.12/site-packages/airflow/example_dags/example_bash_operator.py for tasks to queue
[2024-07-08T21:47:25.822+0000] {logging_mixin.py:188} INFO - [2024-07-08T21:47:25.821+0000] {dagbag.py:545} INFO - Filling up the DagBag from /home/airflow/.local/lib/python3.12/site-packages/airflow/example_dags/example_bash_operator.py
[2024-07-08T21:47:25.843+0000] {processor.py:840} INFO - DAG(s) 'example_bash_operator' retrieved from /home/airflow/.local/lib/python3.12/site-packages/airflow/example_dags/example_bash_operator.py
[2024-07-08T21:47:25.903+0000] {logging_mixin.py:188} INFO - [2024-07-08T21:47:25.903+0000] {dag.py:3096} INFO - Sync 1 DAGs
[2024-07-08T21:47:25.953+0000] {logging_mixin.py:188} INFO - [2024-07-08T21:47:25.953+0000] {dag.py:3954} INFO - Setting next_dagrun for example_bash_operator to 2024-07-07 00:00:00+00:00, run_after=2024-07-08 00:00:00+00:00
[2024-07-08T21:47:25.988+0000] {processor.py:183} INFO - Processing /home/airflow/.local/lib/python3.12/site-packages/airflow/example_dags/example_bash_operator.py took 0.186 seconds
[2024-07-08T21:47:59.810+0000] {processor.py:161} INFO - Started process (PID=355) to work on /home/airflow/.local/lib/python3.12/site-packages/airflow/example_dags/example_bash_operator.py
[2024-07-08T21:47:59.812+0000] {processor.py:830} INFO - Processing file /home/airflow/.local/lib/python3.12/site-packages/airflow/example_dags/example_bash_operator.py for tasks to queue
[2024-07-08T21:47:59.815+0000] {logging_mixin.py:188} INFO - [2024-07-08T21:47:59.814+0000] {dagbag.py:545} INFO - Filling up the DagBag from /home/airflow/.local/lib/python3.12/site-packages/airflow/example_dags/example_bash_operator.py
[2024-07-08T21:47:59.833+0000] {processor.py:840} INFO - DAG(s) 'example_bash_operator' retrieved from /home/airflow/.local/lib/python3.12/site-packages/airflow/example_dags/example_bash_operator.py
[2024-07-08T21:47:59.891+0000] {logging_mixin.py:188} INFO - [2024-07-08T21:47:59.891+0000] {dag.py:3096} INFO - Sync 1 DAGs
[2024-07-08T21:47:59.935+0000] {logging_mixin.py:188} INFO - [2024-07-08T21:47:59.932+0000] {dag.py:3954} INFO - Setting next_dagrun for example_bash_operator to 2024-07-07 00:00:00+00:00, run_after=2024-07-08 00:00:00+00:00
[2024-07-08T21:48:00.337+0000] {processor.py:183} INFO - Processing /home/airflow/.local/lib/python3.12/site-packages/airflow/example_dags/example_bash_operator.py took 0.537 seconds
[2024-07-08T21:48:30.987+0000] {processor.py:161} INFO - Started process (PID=413) to work on /home/airflow/.local/lib/python3.12/site-packages/airflow/example_dags/example_bash_operator.py
[2024-07-08T21:48:30.989+0000] {processor.py:830} INFO - Processing file /home/airflow/.local/lib/python3.12/site-packages/airflow/example_dags/example_bash_operator.py for tasks to queue
[2024-07-08T21:48:30.993+0000] {logging_mixin.py:188} INFO - [2024-07-08T21:48:30.992+0000] {dagbag.py:545} INFO - Filling up the DagBag from /home/airflow/.local/lib/python3.12/site-packages/airflow/example_dags/example_bash_operator.py
[2024-07-08T21:48:31.010+0000] {processor.py:840} INFO - DAG(s) 'example_bash_operator' retrieved from /home/airflow/.local/lib/python3.12/site-packages/airflow/example_dags/example_bash_operator.py
[2024-07-08T21:48:31.058+0000] {logging_mixin.py:188} INFO - [2024-07-08T21:48:31.057+0000] {dag.py:3096} INFO - Sync 1 DAGs
[2024-07-08T21:48:31.116+0000] {logging_mixin.py:188} INFO - [2024-07-08T21:48:31.115+0000] {dag.py:3954} INFO - Setting next_dagrun for example_bash_operator to 2024-07-07 00:00:00+00:00, run_after=2024-07-08 00:00:00+00:00
[2024-07-08T21:48:31.198+0000] {processor.py:183} INFO - Processing /home/airflow/.local/lib/python3.12/site-packages/airflow/example_dags/example_bash_operator.py took 0.219 seconds
[2024-07-08T21:49:01.371+0000] {processor.py:161} INFO - Started process (PID=471) to work on /home/airflow/.local/lib/python3.12/site-packages/airflow/example_dags/example_bash_operator.py
[2024-07-08T21:49:01.375+0000] {processor.py:830} INFO - Processing file /home/airflow/.local/lib/python3.12/site-packages/airflow/example_dags/example_bash_operator.py for tasks to queue
[2024-07-08T21:49:01.381+0000] {logging_mixin.py:188} INFO - [2024-07-08T21:49:01.381+0000] {dagbag.py:545} INFO - Filling up the DagBag from /home/airflow/.local/lib/python3.12/site-packages/airflow/example_dags/example_bash_operator.py
[2024-07-08T21:49:01.404+0000] {processor.py:840} INFO - DAG(s) 'example_bash_operator' retrieved from /home/airflow/.local/lib/python3.12/site-packages/airflow/example_dags/example_bash_operator.py
[2024-07-08T21:49:01.476+0000] {logging_mixin.py:188} INFO - [2024-07-08T21:49:01.476+0000] {dag.py:3096} INFO - Sync 1 DAGs
[2024-07-08T21:49:01.537+0000] {logging_mixin.py:188} INFO - [2024-07-08T21:49:01.536+0000] {dag.py:3954} INFO - Setting next_dagrun for example_bash_operator to 2024-07-07 00:00:00+00:00, run_after=2024-07-08 00:00:00+00:00
[2024-07-08T21:49:01.578+0000] {processor.py:183} INFO - Processing /home/airflow/.local/lib/python3.12/site-packages/airflow/example_dags/example_bash_operator.py took 0.221 seconds
[2024-07-08T21:49:31.993+0000] {processor.py:161} INFO - Started process (PID=530) to work on /home/airflow/.local/lib/python3.12/site-packages/airflow/example_dags/example_bash_operator.py
[2024-07-08T21:49:31.995+0000] {processor.py:830} INFO - Processing file /home/airflow/.local/lib/python3.12/site-packages/airflow/example_dags/example_bash_operator.py for tasks to queue
[2024-07-08T21:49:31.999+0000] {logging_mixin.py:188} INFO - [2024-07-08T21:49:31.999+0000] {dagbag.py:545} INFO - Filling up the DagBag from /home/airflow/.local/lib/python3.12/site-packages/airflow/example_dags/example_bash_operator.py
[2024-07-08T21:49:32.038+0000] {processor.py:840} INFO - DAG(s) 'example_bash_operator' retrieved from /home/airflow/.local/lib/python3.12/site-packages/airflow/example_dags/example_bash_operator.py
[2024-07-08T21:49:32.114+0000] {logging_mixin.py:188} INFO - [2024-07-08T21:49:32.114+0000] {dag.py:3096} INFO - Sync 1 DAGs
[2024-07-08T21:49:32.173+0000] {logging_mixin.py:188} INFO - [2024-07-08T21:49:32.172+0000] {dag.py:3954} INFO - Setting next_dagrun for example_bash_operator to 2024-07-07 00:00:00+00:00, run_after=2024-07-08 00:00:00+00:00
[2024-07-08T21:49:32.224+0000] {processor.py:183} INFO - Processing /home/airflow/.local/lib/python3.12/site-packages/airflow/example_dags/example_bash_operator.py took 0.244 seconds
[2024-07-08T21:50:02.769+0000] {processor.py:161} INFO - Started process (PID=591) to work on /home/airflow/.local/lib/python3.12/site-packages/airflow/example_dags/example_bash_operator.py
[2024-07-08T21:50:02.772+0000] {processor.py:830} INFO - Processing file /home/airflow/.local/lib/python3.12/site-packages/airflow/example_dags/example_bash_operator.py for tasks to queue
[2024-07-08T21:50:02.776+0000] {logging_mixin.py:188} INFO - [2024-07-08T21:50:02.775+0000] {dagbag.py:545} INFO - Filling up the DagBag from /home/airflow/.local/lib/python3.12/site-packages/airflow/example_dags/example_bash_operator.py
[2024-07-08T21:50:02.794+0000] {processor.py:840} INFO - DAG(s) 'example_bash_operator' retrieved from /home/airflow/.local/lib/python3.12/site-packages/airflow/example_dags/example_bash_operator.py
[2024-07-08T21:50:02.846+0000] {logging_mixin.py:188} INFO - [2024-07-08T21:50:02.845+0000] {dag.py:3096} INFO - Sync 1 DAGs
[2024-07-08T21:50:02.883+0000] {logging_mixin.py:188} INFO - [2024-07-08T21:50:02.883+0000] {dag.py:3954} INFO - Setting next_dagrun for example_bash_operator to 2024-07-07 00:00:00+00:00, run_after=2024-07-08 00:00:00+00:00
[2024-07-08T21:50:02.915+0000] {processor.py:183} INFO - Processing /home/airflow/.local/lib/python3.12/site-packages/airflow/example_dags/example_bash_operator.py took 0.157 seconds
[2024-07-08T21:50:34.184+0000] {processor.py:161} INFO - Started process (PID=649) to work on /home/airflow/.local/lib/python3.12/site-packages/airflow/example_dags/example_bash_operator.py
[2024-07-08T21:50:34.186+0000] {processor.py:830} INFO - Processing file /home/airflow/.local/lib/python3.12/site-packages/airflow/example_dags/example_bash_operator.py for tasks to queue
[2024-07-08T21:50:34.191+0000] {logging_mixin.py:188} INFO - [2024-07-08T21:50:34.190+0000] {dagbag.py:545} INFO - Filling up the DagBag from /home/airflow/.local/lib/python3.12/site-packages/airflow/example_dags/example_bash_operator.py
[2024-07-08T21:50:34.226+0000] {processor.py:840} INFO - DAG(s) 'example_bash_operator' retrieved from /home/airflow/.local/lib/python3.12/site-packages/airflow/example_dags/example_bash_operator.py
[2024-07-08T21:50:34.297+0000] {logging_mixin.py:188} INFO - [2024-07-08T21:50:34.296+0000] {dag.py:3096} INFO - Sync 1 DAGs
[2024-07-08T21:50:34.353+0000] {logging_mixin.py:188} INFO - [2024-07-08T21:50:34.353+0000] {dag.py:3954} INFO - Setting next_dagrun for example_bash_operator to 2024-07-07 00:00:00+00:00, run_after=2024-07-08 00:00:00+00:00
[2024-07-08T21:50:34.396+0000] {processor.py:183} INFO - Processing /home/airflow/.local/lib/python3.12/site-packages/airflow/example_dags/example_bash_operator.py took 0.236 seconds
[2024-07-08T21:51:05.065+0000] {processor.py:161} INFO - Started process (PID=714) to work on /home/airflow/.local/lib/python3.12/site-packages/airflow/example_dags/example_bash_operator.py
[2024-07-08T21:51:05.068+0000] {processor.py:830} INFO - Processing file /home/airflow/.local/lib/python3.12/site-packages/airflow/example_dags/example_bash_operator.py for tasks to queue
[2024-07-08T21:51:05.073+0000] {logging_mixin.py:188} INFO - [2024-07-08T21:51:05.072+0000] {dagbag.py:545} INFO - Filling up the DagBag from /home/airflow/.local/lib/python3.12/site-packages/airflow/example_dags/example_bash_operator.py
[2024-07-08T21:51:05.098+0000] {processor.py:840} INFO - DAG(s) 'example_bash_operator' retrieved from /home/airflow/.local/lib/python3.12/site-packages/airflow/example_dags/example_bash_operator.py
[2024-07-08T21:51:05.214+0000] {logging_mixin.py:188} INFO - [2024-07-08T21:51:05.213+0000] {dag.py:3096} INFO - Sync 1 DAGs
[2024-07-08T21:51:05.262+0000] {logging_mixin.py:188} INFO - [2024-07-08T21:51:05.261+0000] {dag.py:3954} INFO - Setting next_dagrun for example_bash_operator to 2024-07-07 00:00:00+00:00, run_after=2024-07-08 00:00:00+00:00
[2024-07-08T21:51:05.319+0000] {processor.py:183} INFO - Processing /home/airflow/.local/lib/python3.12/site-packages/airflow/example_dags/example_bash_operator.py took 0.265 seconds
[2024-07-08T21:51:35.499+0000] {processor.py:161} INFO - Started process (PID=773) to work on /home/airflow/.local/lib/python3.12/site-packages/airflow/example_dags/example_bash_operator.py
[2024-07-08T21:51:35.500+0000] {processor.py:830} INFO - Processing file /home/airflow/.local/lib/python3.12/site-packages/airflow/example_dags/example_bash_operator.py for tasks to queue
[2024-07-08T21:51:35.506+0000] {logging_mixin.py:188} INFO - [2024-07-08T21:51:35.505+0000] {dagbag.py:545} INFO - Filling up the DagBag from /home/airflow/.local/lib/python3.12/site-packages/airflow/example_dags/example_bash_operator.py
[2024-07-08T21:51:35.533+0000] {processor.py:840} INFO - DAG(s) 'example_bash_operator' retrieved from /home/airflow/.local/lib/python3.12/site-packages/airflow/example_dags/example_bash_operator.py
[2024-07-08T21:51:35.591+0000] {logging_mixin.py:188} INFO - [2024-07-08T21:51:35.591+0000] {dag.py:3096} INFO - Sync 1 DAGs
[2024-07-08T21:51:35.629+0000] {logging_mixin.py:188} INFO - [2024-07-08T21:51:35.628+0000] {dag.py:3954} INFO - Setting next_dagrun for example_bash_operator to 2024-07-07 00:00:00+00:00, run_after=2024-07-08 00:00:00+00:00
[2024-07-08T21:51:35.675+0000] {processor.py:183} INFO - Processing /home/airflow/.local/lib/python3.12/site-packages/airflow/example_dags/example_bash_operator.py took 0.190 seconds
[2024-07-08T21:52:07.731+0000] {processor.py:161} INFO - Started process (PID=831) to work on /home/airflow/.local/lib/python3.12/site-packages/airflow/example_dags/example_bash_operator.py
[2024-07-08T21:52:07.734+0000] {processor.py:830} INFO - Processing file /home/airflow/.local/lib/python3.12/site-packages/airflow/example_dags/example_bash_operator.py for tasks to queue
[2024-07-08T21:52:07.737+0000] {logging_mixin.py:188} INFO - [2024-07-08T21:52:07.737+0000] {dagbag.py:545} INFO - Filling up the DagBag from /home/airflow/.local/lib/python3.12/site-packages/airflow/example_dags/example_bash_operator.py
[2024-07-08T21:52:07.757+0000] {processor.py:840} INFO - DAG(s) 'example_bash_operator' retrieved from /home/airflow/.local/lib/python3.12/site-packages/airflow/example_dags/example_bash_operator.py
[2024-07-08T21:52:07.806+0000] {logging_mixin.py:188} INFO - [2024-07-08T21:52:07.806+0000] {dag.py:3096} INFO - Sync 1 DAGs
[2024-07-08T21:52:07.847+0000] {logging_mixin.py:188} INFO - [2024-07-08T21:52:07.846+0000] {dag.py:3954} INFO - Setting next_dagrun for example_bash_operator to 2024-07-07 00:00:00+00:00, run_after=2024-07-08 00:00:00+00:00
[2024-07-08T21:52:07.882+0000] {processor.py:183} INFO - Processing /home/airflow/.local/lib/python3.12/site-packages/airflow/example_dags/example_bash_operator.py took 0.162 seconds
[2024-07-08T21:52:38.262+0000] {processor.py:161} INFO - Started process (PID=890) to work on /home/airflow/.local/lib/python3.12/site-packages/airflow/example_dags/example_bash_operator.py
[2024-07-08T21:52:38.267+0000] {processor.py:830} INFO - Processing file /home/airflow/.local/lib/python3.12/site-packages/airflow/example_dags/example_bash_operator.py for tasks to queue
[2024-07-08T21:52:38.278+0000] {logging_mixin.py:188} INFO - [2024-07-08T21:52:38.277+0000] {dagbag.py:545} INFO - Filling up the DagBag from /home/airflow/.local/lib/python3.12/site-packages/airflow/example_dags/example_bash_operator.py
[2024-07-08T21:52:38.329+0000] {processor.py:840} INFO - DAG(s) 'example_bash_operator' retrieved from /home/airflow/.local/lib/python3.12/site-packages/airflow/example_dags/example_bash_operator.py
[2024-07-08T21:52:38.418+0000] {logging_mixin.py:188} INFO - [2024-07-08T21:52:38.416+0000] {dag.py:3096} INFO - Sync 1 DAGs
[2024-07-08T21:52:38.510+0000] {logging_mixin.py:188} INFO - [2024-07-08T21:52:38.510+0000] {dag.py:3954} INFO - Setting next_dagrun for example_bash_operator to 2024-07-07 00:00:00+00:00, run_after=2024-07-08 00:00:00+00:00
[2024-07-08T21:52:38.584+0000] {processor.py:183} INFO - Processing /home/airflow/.local/lib/python3.12/site-packages/airflow/example_dags/example_bash_operator.py took 0.339 seconds
[2024-07-08T21:53:09.514+0000] {processor.py:161} INFO - Started process (PID=949) to work on /home/airflow/.local/lib/python3.12/site-packages/airflow/example_dags/example_bash_operator.py
[2024-07-08T21:53:09.517+0000] {processor.py:830} INFO - Processing file /home/airflow/.local/lib/python3.12/site-packages/airflow/example_dags/example_bash_operator.py for tasks to queue
[2024-07-08T21:53:09.520+0000] {logging_mixin.py:188} INFO - [2024-07-08T21:53:09.520+0000] {dagbag.py:545} INFO - Filling up the DagBag from /home/airflow/.local/lib/python3.12/site-packages/airflow/example_dags/example_bash_operator.py
[2024-07-08T21:53:09.539+0000] {processor.py:840} INFO - DAG(s) 'example_bash_operator' retrieved from /home/airflow/.local/lib/python3.12/site-packages/airflow/example_dags/example_bash_operator.py
[2024-07-08T21:53:09.597+0000] {logging_mixin.py:188} INFO - [2024-07-08T21:53:09.597+0000] {dag.py:3096} INFO - Sync 1 DAGs
[2024-07-08T21:53:09.637+0000] {logging_mixin.py:188} INFO - [2024-07-08T21:53:09.637+0000] {dag.py:3954} INFO - Setting next_dagrun for example_bash_operator to 2024-07-07 00:00:00+00:00, run_after=2024-07-08 00:00:00+00:00
[2024-07-08T21:53:09.670+0000] {processor.py:183} INFO - Processing /home/airflow/.local/lib/python3.12/site-packages/airflow/example_dags/example_bash_operator.py took 0.165 seconds
[2024-07-08T21:53:39.912+0000] {processor.py:161} INFO - Started process (PID=1007) to work on /home/airflow/.local/lib/python3.12/site-packages/airflow/example_dags/example_bash_operator.py
[2024-07-08T21:53:39.914+0000] {processor.py:830} INFO - Processing file /home/airflow/.local/lib/python3.12/site-packages/airflow/example_dags/example_bash_operator.py for tasks to queue
[2024-07-08T21:53:39.918+0000] {logging_mixin.py:188} INFO - [2024-07-08T21:53:39.917+0000] {dagbag.py:545} INFO - Filling up the DagBag from /home/airflow/.local/lib/python3.12/site-packages/airflow/example_dags/example_bash_operator.py
[2024-07-08T21:53:39.940+0000] {processor.py:840} INFO - DAG(s) 'example_bash_operator' retrieved from /home/airflow/.local/lib/python3.12/site-packages/airflow/example_dags/example_bash_operator.py
[2024-07-08T21:53:39.988+0000] {logging_mixin.py:188} INFO - [2024-07-08T21:53:39.988+0000] {dag.py:3096} INFO - Sync 1 DAGs
[2024-07-08T21:53:40.027+0000] {logging_mixin.py:188} INFO - [2024-07-08T21:53:40.026+0000] {dag.py:3954} INFO - Setting next_dagrun for example_bash_operator to 2024-07-07 00:00:00+00:00, run_after=2024-07-08 00:00:00+00:00
[2024-07-08T21:53:40.060+0000] {processor.py:183} INFO - Processing /home/airflow/.local/lib/python3.12/site-packages/airflow/example_dags/example_bash_operator.py took 0.160 seconds
[2024-07-08T21:54:11.010+0000] {processor.py:161} INFO - Started process (PID=1066) to work on /home/airflow/.local/lib/python3.12/site-packages/airflow/example_dags/example_bash_operator.py
[2024-07-08T21:54:11.016+0000] {processor.py:830} INFO - Processing file /home/airflow/.local/lib/python3.12/site-packages/airflow/example_dags/example_bash_operator.py for tasks to queue
[2024-07-08T21:54:11.022+0000] {logging_mixin.py:188} INFO - [2024-07-08T21:54:11.021+0000] {dagbag.py:545} INFO - Filling up the DagBag from /home/airflow/.local/lib/python3.12/site-packages/airflow/example_dags/example_bash_operator.py
[2024-07-08T21:54:11.086+0000] {processor.py:840} INFO - DAG(s) 'example_bash_operator' retrieved from /home/airflow/.local/lib/python3.12/site-packages/airflow/example_dags/example_bash_operator.py
[2024-07-08T21:54:11.257+0000] {logging_mixin.py:188} INFO - [2024-07-08T21:54:11.256+0000] {dag.py:3096} INFO - Sync 1 DAGs
[2024-07-08T21:54:11.392+0000] {logging_mixin.py:188} INFO - [2024-07-08T21:54:11.391+0000] {dag.py:3954} INFO - Setting next_dagrun for example_bash_operator to 2024-07-07 00:00:00+00:00, run_after=2024-07-08 00:00:00+00:00
[2024-07-08T21:54:11.518+0000] {processor.py:183} INFO - Processing /home/airflow/.local/lib/python3.12/site-packages/airflow/example_dags/example_bash_operator.py took 0.528 seconds
[2024-07-08T21:54:42.352+0000] {processor.py:161} INFO - Started process (PID=1125) to work on /home/airflow/.local/lib/python3.12/site-packages/airflow/example_dags/example_bash_operator.py
[2024-07-08T21:54:42.354+0000] {processor.py:830} INFO - Processing file /home/airflow/.local/lib/python3.12/site-packages/airflow/example_dags/example_bash_operator.py for tasks to queue
[2024-07-08T21:54:42.358+0000] {logging_mixin.py:188} INFO - [2024-07-08T21:54:42.357+0000] {dagbag.py:545} INFO - Filling up the DagBag from /home/airflow/.local/lib/python3.12/site-packages/airflow/example_dags/example_bash_operator.py
[2024-07-08T21:54:42.389+0000] {processor.py:840} INFO - DAG(s) 'example_bash_operator' retrieved from /home/airflow/.local/lib/python3.12/site-packages/airflow/example_dags/example_bash_operator.py
[2024-07-08T21:54:42.447+0000] {logging_mixin.py:188} INFO - [2024-07-08T21:54:42.447+0000] {dag.py:3096} INFO - Sync 1 DAGs
[2024-07-08T21:54:42.506+0000] {logging_mixin.py:188} INFO - [2024-07-08T21:54:42.505+0000] {dag.py:3954} INFO - Setting next_dagrun for example_bash_operator to 2024-07-07 00:00:00+00:00, run_after=2024-07-08 00:00:00+00:00
[2024-07-08T21:54:42.565+0000] {processor.py:183} INFO - Processing /home/airflow/.local/lib/python3.12/site-packages/airflow/example_dags/example_bash_operator.py took 0.225 seconds
[2024-07-08T21:55:13.429+0000] {processor.py:161} INFO - Started process (PID=1183) to work on /home/airflow/.local/lib/python3.12/site-packages/airflow/example_dags/example_bash_operator.py
[2024-07-08T21:55:13.431+0000] {processor.py:830} INFO - Processing file /home/airflow/.local/lib/python3.12/site-packages/airflow/example_dags/example_bash_operator.py for tasks to queue
[2024-07-08T21:55:13.436+0000] {logging_mixin.py:188} INFO - [2024-07-08T21:55:13.435+0000] {dagbag.py:545} INFO - Filling up the DagBag from /home/airflow/.local/lib/python3.12/site-packages/airflow/example_dags/example_bash_operator.py
[2024-07-08T21:55:13.470+0000] {processor.py:840} INFO - DAG(s) 'example_bash_operator' retrieved from /home/airflow/.local/lib/python3.12/site-packages/airflow/example_dags/example_bash_operator.py
[2024-07-08T21:55:13.552+0000] {logging_mixin.py:188} INFO - [2024-07-08T21:55:13.552+0000] {dag.py:3096} INFO - Sync 1 DAGs
[2024-07-08T21:55:13.600+0000] {logging_mixin.py:188} INFO - [2024-07-08T21:55:13.600+0000] {dag.py:3954} INFO - Setting next_dagrun for example_bash_operator to 2024-07-07 00:00:00+00:00, run_after=2024-07-08 00:00:00+00:00
[2024-07-08T21:55:13.668+0000] {processor.py:183} INFO - Processing /home/airflow/.local/lib/python3.12/site-packages/airflow/example_dags/example_bash_operator.py took 0.254 seconds
[2024-07-08T21:55:43.858+0000] {processor.py:161} INFO - Started process (PID=1241) to work on /home/airflow/.local/lib/python3.12/site-packages/airflow/example_dags/example_bash_operator.py
[2024-07-08T21:55:43.862+0000] {processor.py:830} INFO - Processing file /home/airflow/.local/lib/python3.12/site-packages/airflow/example_dags/example_bash_operator.py for tasks to queue
[2024-07-08T21:55:43.866+0000] {logging_mixin.py:188} INFO - [2024-07-08T21:55:43.865+0000] {dagbag.py:545} INFO - Filling up the DagBag from /home/airflow/.local/lib/python3.12/site-packages/airflow/example_dags/example_bash_operator.py
[2024-07-08T21:55:43.894+0000] {processor.py:840} INFO - DAG(s) 'example_bash_operator' retrieved from /home/airflow/.local/lib/python3.12/site-packages/airflow/example_dags/example_bash_operator.py
[2024-07-08T21:55:43.955+0000] {logging_mixin.py:188} INFO - [2024-07-08T21:55:43.953+0000] {dag.py:3096} INFO - Sync 1 DAGs
[2024-07-08T21:55:44.009+0000] {logging_mixin.py:188} INFO - [2024-07-08T21:55:44.008+0000] {dag.py:3954} INFO - Setting next_dagrun for example_bash_operator to 2024-07-07 00:00:00+00:00, run_after=2024-07-08 00:00:00+00:00
[2024-07-08T21:55:44.057+0000] {processor.py:183} INFO - Processing /home/airflow/.local/lib/python3.12/site-packages/airflow/example_dags/example_bash_operator.py took 0.224 seconds
[2024-07-08T21:56:14.305+0000] {processor.py:161} INFO - Started process (PID=1300) to work on /home/airflow/.local/lib/python3.12/site-packages/airflow/example_dags/example_bash_operator.py
[2024-07-08T21:56:14.308+0000] {processor.py:830} INFO - Processing file /home/airflow/.local/lib/python3.12/site-packages/airflow/example_dags/example_bash_operator.py for tasks to queue
[2024-07-08T21:56:14.314+0000] {logging_mixin.py:188} INFO - [2024-07-08T21:56:14.314+0000] {dagbag.py:545} INFO - Filling up the DagBag from /home/airflow/.local/lib/python3.12/site-packages/airflow/example_dags/example_bash_operator.py
[2024-07-08T21:56:14.352+0000] {processor.py:840} INFO - DAG(s) 'example_bash_operator' retrieved from /home/airflow/.local/lib/python3.12/site-packages/airflow/example_dags/example_bash_operator.py
[2024-07-08T21:56:14.429+0000] {logging_mixin.py:188} INFO - [2024-07-08T21:56:14.428+0000] {dag.py:3096} INFO - Sync 1 DAGs
[2024-07-08T21:56:14.486+0000] {logging_mixin.py:188} INFO - [2024-07-08T21:56:14.485+0000] {dag.py:3954} INFO - Setting next_dagrun for example_bash_operator to 2024-07-07 00:00:00+00:00, run_after=2024-07-08 00:00:00+00:00
[2024-07-08T21:56:14.543+0000] {processor.py:183} INFO - Processing /home/airflow/.local/lib/python3.12/site-packages/airflow/example_dags/example_bash_operator.py took 0.248 seconds
[2024-07-08T21:56:44.796+0000] {processor.py:161} INFO - Started process (PID=1359) to work on /home/airflow/.local/lib/python3.12/site-packages/airflow/example_dags/example_bash_operator.py
[2024-07-08T21:56:44.799+0000] {processor.py:830} INFO - Processing file /home/airflow/.local/lib/python3.12/site-packages/airflow/example_dags/example_bash_operator.py for tasks to queue
[2024-07-08T21:56:44.806+0000] {logging_mixin.py:188} INFO - [2024-07-08T21:56:44.805+0000] {dagbag.py:545} INFO - Filling up the DagBag from /home/airflow/.local/lib/python3.12/site-packages/airflow/example_dags/example_bash_operator.py
[2024-07-08T21:56:44.851+0000] {processor.py:840} INFO - DAG(s) 'example_bash_operator' retrieved from /home/airflow/.local/lib/python3.12/site-packages/airflow/example_dags/example_bash_operator.py
[2024-07-08T21:56:44.932+0000] {logging_mixin.py:188} INFO - [2024-07-08T21:56:44.932+0000] {dag.py:3096} INFO - Sync 1 DAGs
[2024-07-08T21:56:45.013+0000] {logging_mixin.py:188} INFO - [2024-07-08T21:56:45.012+0000] {dag.py:3954} INFO - Setting next_dagrun for example_bash_operator to 2024-07-07 00:00:00+00:00, run_after=2024-07-08 00:00:00+00:00
[2024-07-08T21:56:45.087+0000] {processor.py:183} INFO - Processing /home/airflow/.local/lib/python3.12/site-packages/airflow/example_dags/example_bash_operator.py took 0.305 seconds
[2024-07-08T21:57:15.823+0000] {processor.py:161} INFO - Started process (PID=1418) to work on /home/airflow/.local/lib/python3.12/site-packages/airflow/example_dags/example_bash_operator.py
[2024-07-08T21:57:15.825+0000] {processor.py:830} INFO - Processing file /home/airflow/.local/lib/python3.12/site-packages/airflow/example_dags/example_bash_operator.py for tasks to queue
[2024-07-08T21:57:15.829+0000] {logging_mixin.py:188} INFO - [2024-07-08T21:57:15.828+0000] {dagbag.py:545} INFO - Filling up the DagBag from /home/airflow/.local/lib/python3.12/site-packages/airflow/example_dags/example_bash_operator.py
[2024-07-08T21:57:15.848+0000] {processor.py:840} INFO - DAG(s) 'example_bash_operator' retrieved from /home/airflow/.local/lib/python3.12/site-packages/airflow/example_dags/example_bash_operator.py
[2024-07-08T21:57:15.901+0000] {logging_mixin.py:188} INFO - [2024-07-08T21:57:15.901+0000] {dag.py:3096} INFO - Sync 1 DAGs
[2024-07-08T21:57:15.985+0000] {logging_mixin.py:188} INFO - [2024-07-08T21:57:15.984+0000] {dag.py:3954} INFO - Setting next_dagrun for example_bash_operator to 2024-07-07 00:00:00+00:00, run_after=2024-07-08 00:00:00+00:00
[2024-07-08T21:57:16.032+0000] {processor.py:183} INFO - Processing /home/airflow/.local/lib/python3.12/site-packages/airflow/example_dags/example_bash_operator.py took 0.220 seconds
[2024-07-08T21:57:48.460+0000] {processor.py:161} INFO - Started process (PID=1476) to work on /home/airflow/.local/lib/python3.12/site-packages/airflow/example_dags/example_bash_operator.py
[2024-07-08T21:57:48.479+0000] {processor.py:830} INFO - Processing file /home/airflow/.local/lib/python3.12/site-packages/airflow/example_dags/example_bash_operator.py for tasks to queue
[2024-07-08T21:57:48.484+0000] {logging_mixin.py:188} INFO - [2024-07-08T21:57:48.483+0000] {dagbag.py:545} INFO - Filling up the DagBag from /home/airflow/.local/lib/python3.12/site-packages/airflow/example_dags/example_bash_operator.py
[2024-07-08T21:57:48.609+0000] {processor.py:840} INFO - DAG(s) 'example_bash_operator' retrieved from /home/airflow/.local/lib/python3.12/site-packages/airflow/example_dags/example_bash_operator.py
[2024-07-08T21:57:49.027+0000] {logging_mixin.py:188} INFO - [2024-07-08T21:57:49.026+0000] {dag.py:3096} INFO - Sync 1 DAGs
[2024-07-08T21:57:49.385+0000] {logging_mixin.py:188} INFO - [2024-07-08T21:57:49.383+0000] {dag.py:3954} INFO - Setting next_dagrun for example_bash_operator to 2024-07-07 00:00:00+00:00, run_after=2024-07-08 00:00:00+00:00
[2024-07-08T21:57:49.572+0000] {processor.py:183} INFO - Processing /home/airflow/.local/lib/python3.12/site-packages/airflow/example_dags/example_bash_operator.py took 1.214 seconds
[2024-07-08T21:58:19.748+0000] {processor.py:161} INFO - Started process (PID=1535) to work on /home/airflow/.local/lib/python3.12/site-packages/airflow/example_dags/example_bash_operator.py
[2024-07-08T21:58:19.750+0000] {processor.py:830} INFO - Processing file /home/airflow/.local/lib/python3.12/site-packages/airflow/example_dags/example_bash_operator.py for tasks to queue
[2024-07-08T21:58:19.753+0000] {logging_mixin.py:188} INFO - [2024-07-08T21:58:19.752+0000] {dagbag.py:545} INFO - Filling up the DagBag from /home/airflow/.local/lib/python3.12/site-packages/airflow/example_dags/example_bash_operator.py
[2024-07-08T21:58:19.771+0000] {processor.py:840} INFO - DAG(s) 'example_bash_operator' retrieved from /home/airflow/.local/lib/python3.12/site-packages/airflow/example_dags/example_bash_operator.py
[2024-07-08T21:58:19.824+0000] {logging_mixin.py:188} INFO - [2024-07-08T21:58:19.823+0000] {dag.py:3096} INFO - Sync 1 DAGs
[2024-07-08T21:58:19.869+0000] {logging_mixin.py:188} INFO - [2024-07-08T21:58:19.869+0000] {dag.py:3954} INFO - Setting next_dagrun for example_bash_operator to 2024-07-07 00:00:00+00:00, run_after=2024-07-08 00:00:00+00:00
[2024-07-08T21:58:19.901+0000] {processor.py:183} INFO - Processing /home/airflow/.local/lib/python3.12/site-packages/airflow/example_dags/example_bash_operator.py took 0.161 seconds
[2024-07-08T21:58:50.167+0000] {processor.py:161} INFO - Started process (PID=1594) to work on /home/airflow/.local/lib/python3.12/site-packages/airflow/example_dags/example_bash_operator.py
[2024-07-08T21:58:50.169+0000] {processor.py:830} INFO - Processing file /home/airflow/.local/lib/python3.12/site-packages/airflow/example_dags/example_bash_operator.py for tasks to queue
[2024-07-08T21:58:50.173+0000] {logging_mixin.py:188} INFO - [2024-07-08T21:58:50.172+0000] {dagbag.py:545} INFO - Filling up the DagBag from /home/airflow/.local/lib/python3.12/site-packages/airflow/example_dags/example_bash_operator.py
[2024-07-08T21:58:50.211+0000] {processor.py:840} INFO - DAG(s) 'example_bash_operator' retrieved from /home/airflow/.local/lib/python3.12/site-packages/airflow/example_dags/example_bash_operator.py
[2024-07-08T21:58:50.286+0000] {logging_mixin.py:188} INFO - [2024-07-08T21:58:50.286+0000] {dag.py:3096} INFO - Sync 1 DAGs
[2024-07-08T21:58:50.374+0000] {logging_mixin.py:188} INFO - [2024-07-08T21:58:50.373+0000] {dag.py:3954} INFO - Setting next_dagrun for example_bash_operator to 2024-07-07 00:00:00+00:00, run_after=2024-07-08 00:00:00+00:00
[2024-07-08T21:58:50.420+0000] {processor.py:183} INFO - Processing /home/airflow/.local/lib/python3.12/site-packages/airflow/example_dags/example_bash_operator.py took 0.267 seconds
[2024-07-08T21:59:21.192+0000] {processor.py:161} INFO - Started process (PID=1653) to work on /home/airflow/.local/lib/python3.12/site-packages/airflow/example_dags/example_bash_operator.py
[2024-07-08T21:59:21.194+0000] {processor.py:830} INFO - Processing file /home/airflow/.local/lib/python3.12/site-packages/airflow/example_dags/example_bash_operator.py for tasks to queue
[2024-07-08T21:59:21.201+0000] {logging_mixin.py:188} INFO - [2024-07-08T21:59:21.201+0000] {dagbag.py:545} INFO - Filling up the DagBag from /home/airflow/.local/lib/python3.12/site-packages/airflow/example_dags/example_bash_operator.py
[2024-07-08T21:59:21.223+0000] {processor.py:840} INFO - DAG(s) 'example_bash_operator' retrieved from /home/airflow/.local/lib/python3.12/site-packages/airflow/example_dags/example_bash_operator.py
[2024-07-08T21:59:21.285+0000] {logging_mixin.py:188} INFO - [2024-07-08T21:59:21.285+0000] {dag.py:3096} INFO - Sync 1 DAGs
[2024-07-08T21:59:21.326+0000] {logging_mixin.py:188} INFO - [2024-07-08T21:59:21.325+0000] {dag.py:3954} INFO - Setting next_dagrun for example_bash_operator to 2024-07-07 00:00:00+00:00, run_after=2024-07-08 00:00:00+00:00
[2024-07-08T21:59:21.363+0000] {processor.py:183} INFO - Processing /home/airflow/.local/lib/python3.12/site-packages/airflow/example_dags/example_bash_operator.py took 0.185 seconds
[2024-07-08T21:59:51.928+0000] {processor.py:161} INFO - Started process (PID=1712) to work on /home/airflow/.local/lib/python3.12/site-packages/airflow/example_dags/example_bash_operator.py
[2024-07-08T21:59:51.930+0000] {processor.py:830} INFO - Processing file /home/airflow/.local/lib/python3.12/site-packages/airflow/example_dags/example_bash_operator.py for tasks to queue
[2024-07-08T21:59:51.933+0000] {logging_mixin.py:188} INFO - [2024-07-08T21:59:51.933+0000] {dagbag.py:545} INFO - Filling up the DagBag from /home/airflow/.local/lib/python3.12/site-packages/airflow/example_dags/example_bash_operator.py
[2024-07-08T21:59:51.955+0000] {processor.py:840} INFO - DAG(s) 'example_bash_operator' retrieved from /home/airflow/.local/lib/python3.12/site-packages/airflow/example_dags/example_bash_operator.py
[2024-07-08T21:59:52.008+0000] {logging_mixin.py:188} INFO - [2024-07-08T21:59:52.008+0000] {dag.py:3096} INFO - Sync 1 DAGs
[2024-07-08T21:59:52.061+0000] {logging_mixin.py:188} INFO - [2024-07-08T21:59:52.061+0000] {dag.py:3954} INFO - Setting next_dagrun for example_bash_operator to 2024-07-07 00:00:00+00:00, run_after=2024-07-08 00:00:00+00:00
[2024-07-08T21:59:52.279+0000] {processor.py:183} INFO - Processing /home/airflow/.local/lib/python3.12/site-packages/airflow/example_dags/example_bash_operator.py took 0.363 seconds
[2024-07-08T22:00:23.145+0000] {processor.py:161} INFO - Started process (PID=1771) to work on /home/airflow/.local/lib/python3.12/site-packages/airflow/example_dags/example_bash_operator.py
[2024-07-08T22:00:23.148+0000] {processor.py:830} INFO - Processing file /home/airflow/.local/lib/python3.12/site-packages/airflow/example_dags/example_bash_operator.py for tasks to queue
[2024-07-08T22:00:23.155+0000] {logging_mixin.py:188} INFO - [2024-07-08T22:00:23.155+0000] {dagbag.py:545} INFO - Filling up the DagBag from /home/airflow/.local/lib/python3.12/site-packages/airflow/example_dags/example_bash_operator.py
[2024-07-08T22:00:23.199+0000] {processor.py:840} INFO - DAG(s) 'example_bash_operator' retrieved from /home/airflow/.local/lib/python3.12/site-packages/airflow/example_dags/example_bash_operator.py
[2024-07-08T22:00:23.325+0000] {logging_mixin.py:188} INFO - [2024-07-08T22:00:23.324+0000] {dag.py:3096} INFO - Sync 1 DAGs
[2024-07-08T22:00:23.406+0000] {logging_mixin.py:188} INFO - [2024-07-08T22:00:23.406+0000] {dag.py:3954} INFO - Setting next_dagrun for example_bash_operator to 2024-07-07 00:00:00+00:00, run_after=2024-07-08 00:00:00+00:00
[2024-07-08T22:00:23.446+0000] {processor.py:183} INFO - Processing /home/airflow/.local/lib/python3.12/site-packages/airflow/example_dags/example_bash_operator.py took 0.346 seconds
[2024-07-08T22:00:53.904+0000] {processor.py:161} INFO - Started process (PID=1830) to work on /home/airflow/.local/lib/python3.12/site-packages/airflow/example_dags/example_bash_operator.py
[2024-07-08T22:00:53.907+0000] {processor.py:830} INFO - Processing file /home/airflow/.local/lib/python3.12/site-packages/airflow/example_dags/example_bash_operator.py for tasks to queue
[2024-07-08T22:00:53.910+0000] {logging_mixin.py:188} INFO - [2024-07-08T22:00:53.910+0000] {dagbag.py:545} INFO - Filling up the DagBag from /home/airflow/.local/lib/python3.12/site-packages/airflow/example_dags/example_bash_operator.py
[2024-07-08T22:00:53.934+0000] {processor.py:840} INFO - DAG(s) 'example_bash_operator' retrieved from /home/airflow/.local/lib/python3.12/site-packages/airflow/example_dags/example_bash_operator.py
[2024-07-08T22:00:54.001+0000] {logging_mixin.py:188} INFO - [2024-07-08T22:00:54.000+0000] {dag.py:3096} INFO - Sync 1 DAGs
[2024-07-08T22:00:54.071+0000] {logging_mixin.py:188} INFO - [2024-07-08T22:00:54.070+0000] {dag.py:3954} INFO - Setting next_dagrun for example_bash_operator to 2024-07-07 00:00:00+00:00, run_after=2024-07-08 00:00:00+00:00
[2024-07-08T22:00:54.102+0000] {processor.py:183} INFO - Processing /home/airflow/.local/lib/python3.12/site-packages/airflow/example_dags/example_bash_operator.py took 0.210 seconds
[2024-07-08T22:01:24.932+0000] {processor.py:161} INFO - Started process (PID=1889) to work on /home/airflow/.local/lib/python3.12/site-packages/airflow/example_dags/example_bash_operator.py
[2024-07-08T22:01:24.935+0000] {processor.py:830} INFO - Processing file /home/airflow/.local/lib/python3.12/site-packages/airflow/example_dags/example_bash_operator.py for tasks to queue
[2024-07-08T22:01:24.940+0000] {logging_mixin.py:188} INFO - [2024-07-08T22:01:24.939+0000] {dagbag.py:545} INFO - Filling up the DagBag from /home/airflow/.local/lib/python3.12/site-packages/airflow/example_dags/example_bash_operator.py
[2024-07-08T22:01:24.967+0000] {processor.py:840} INFO - DAG(s) 'example_bash_operator' retrieved from /home/airflow/.local/lib/python3.12/site-packages/airflow/example_dags/example_bash_operator.py
[2024-07-08T22:01:25.056+0000] {logging_mixin.py:188} INFO - [2024-07-08T22:01:25.056+0000] {dag.py:3096} INFO - Sync 1 DAGs
[2024-07-08T22:01:25.126+0000] {logging_mixin.py:188} INFO - [2024-07-08T22:01:25.126+0000] {dag.py:3954} INFO - Setting next_dagrun for example_bash_operator to 2024-07-07 00:00:00+00:00, run_after=2024-07-08 00:00:00+00:00
[2024-07-08T22:01:25.169+0000] {processor.py:183} INFO - Processing /home/airflow/.local/lib/python3.12/site-packages/airflow/example_dags/example_bash_operator.py took 0.249 seconds
[2024-07-08T22:01:56.143+0000] {processor.py:161} INFO - Started process (PID=1948) to work on /home/airflow/.local/lib/python3.12/site-packages/airflow/example_dags/example_bash_operator.py
[2024-07-08T22:01:56.146+0000] {processor.py:830} INFO - Processing file /home/airflow/.local/lib/python3.12/site-packages/airflow/example_dags/example_bash_operator.py for tasks to queue
[2024-07-08T22:01:56.154+0000] {logging_mixin.py:188} INFO - [2024-07-08T22:01:56.153+0000] {dagbag.py:545} INFO - Filling up the DagBag from /home/airflow/.local/lib/python3.12/site-packages/airflow/example_dags/example_bash_operator.py
[2024-07-08T22:01:56.194+0000] {processor.py:840} INFO - DAG(s) 'example_bash_operator' retrieved from /home/airflow/.local/lib/python3.12/site-packages/airflow/example_dags/example_bash_operator.py
[2024-07-08T22:01:56.315+0000] {logging_mixin.py:188} INFO - [2024-07-08T22:01:56.310+0000] {dag.py:3096} INFO - Sync 1 DAGs
[2024-07-08T22:01:56.707+0000] {logging_mixin.py:188} INFO - [2024-07-08T22:01:56.707+0000] {dag.py:3954} INFO - Setting next_dagrun for example_bash_operator to 2024-07-07 00:00:00+00:00, run_after=2024-07-08 00:00:00+00:00
[2024-07-08T22:01:56.746+0000] {processor.py:183} INFO - Processing /home/airflow/.local/lib/python3.12/site-packages/airflow/example_dags/example_bash_operator.py took 0.619 seconds
[2024-07-08T22:02:26.842+0000] {processor.py:161} INFO - Started process (PID=2007) to work on /home/airflow/.local/lib/python3.12/site-packages/airflow/example_dags/example_bash_operator.py
[2024-07-08T22:02:26.845+0000] {processor.py:830} INFO - Processing file /home/airflow/.local/lib/python3.12/site-packages/airflow/example_dags/example_bash_operator.py for tasks to queue
[2024-07-08T22:02:26.849+0000] {logging_mixin.py:188} INFO - [2024-07-08T22:02:26.849+0000] {dagbag.py:545} INFO - Filling up the DagBag from /home/airflow/.local/lib/python3.12/site-packages/airflow/example_dags/example_bash_operator.py
[2024-07-08T22:02:26.944+0000] {processor.py:840} INFO - DAG(s) 'example_bash_operator' retrieved from /home/airflow/.local/lib/python3.12/site-packages/airflow/example_dags/example_bash_operator.py
[2024-07-08T22:02:27.064+0000] {logging_mixin.py:188} INFO - [2024-07-08T22:02:27.063+0000] {dag.py:3096} INFO - Sync 1 DAGs
[2024-07-08T22:02:27.127+0000] {logging_mixin.py:188} INFO - [2024-07-08T22:02:27.126+0000] {dag.py:3954} INFO - Setting next_dagrun for example_bash_operator to 2024-07-07 00:00:00+00:00, run_after=2024-07-08 00:00:00+00:00
[2024-07-08T22:02:27.181+0000] {processor.py:183} INFO - Processing /home/airflow/.local/lib/python3.12/site-packages/airflow/example_dags/example_bash_operator.py took 0.360 seconds
[2024-07-08T22:02:57.872+0000] {processor.py:161} INFO - Started process (PID=2066) to work on /home/airflow/.local/lib/python3.12/site-packages/airflow/example_dags/example_bash_operator.py
[2024-07-08T22:02:57.874+0000] {processor.py:830} INFO - Processing file /home/airflow/.local/lib/python3.12/site-packages/airflow/example_dags/example_bash_operator.py for tasks to queue
[2024-07-08T22:02:57.877+0000] {logging_mixin.py:188} INFO - [2024-07-08T22:02:57.877+0000] {dagbag.py:545} INFO - Filling up the DagBag from /home/airflow/.local/lib/python3.12/site-packages/airflow/example_dags/example_bash_operator.py
[2024-07-08T22:02:57.900+0000] {processor.py:840} INFO - DAG(s) 'example_bash_operator' retrieved from /home/airflow/.local/lib/python3.12/site-packages/airflow/example_dags/example_bash_operator.py
[2024-07-08T22:02:57.952+0000] {logging_mixin.py:188} INFO - [2024-07-08T22:02:57.951+0000] {dag.py:3096} INFO - Sync 1 DAGs
[2024-07-08T22:02:58.002+0000] {logging_mixin.py:188} INFO - [2024-07-08T22:02:58.001+0000] {dag.py:3954} INFO - Setting next_dagrun for example_bash_operator to 2024-07-07 00:00:00+00:00, run_after=2024-07-08 00:00:00+00:00
[2024-07-08T22:02:58.065+0000] {processor.py:183} INFO - Processing /home/airflow/.local/lib/python3.12/site-packages/airflow/example_dags/example_bash_operator.py took 0.204 seconds
[2024-07-08T22:03:28.344+0000] {processor.py:161} INFO - Started process (PID=2125) to work on /home/airflow/.local/lib/python3.12/site-packages/airflow/example_dags/example_bash_operator.py
[2024-07-08T22:03:28.346+0000] {processor.py:830} INFO - Processing file /home/airflow/.local/lib/python3.12/site-packages/airflow/example_dags/example_bash_operator.py for tasks to queue
[2024-07-08T22:03:28.351+0000] {logging_mixin.py:188} INFO - [2024-07-08T22:03:28.350+0000] {dagbag.py:545} INFO - Filling up the DagBag from /home/airflow/.local/lib/python3.12/site-packages/airflow/example_dags/example_bash_operator.py
[2024-07-08T22:03:28.371+0000] {processor.py:840} INFO - DAG(s) 'example_bash_operator' retrieved from /home/airflow/.local/lib/python3.12/site-packages/airflow/example_dags/example_bash_operator.py
[2024-07-08T22:03:28.423+0000] {logging_mixin.py:188} INFO - [2024-07-08T22:03:28.422+0000] {dag.py:3096} INFO - Sync 1 DAGs
[2024-07-08T22:03:28.470+0000] {logging_mixin.py:188} INFO - [2024-07-08T22:03:28.469+0000] {dag.py:3954} INFO - Setting next_dagrun for example_bash_operator to 2024-07-07 00:00:00+00:00, run_after=2024-07-08 00:00:00+00:00
[2024-07-08T22:03:28.524+0000] {processor.py:183} INFO - Processing /home/airflow/.local/lib/python3.12/site-packages/airflow/example_dags/example_bash_operator.py took 0.192 seconds
[2024-07-08T22:03:59.393+0000] {processor.py:161} INFO - Started process (PID=2184) to work on /home/airflow/.local/lib/python3.12/site-packages/airflow/example_dags/example_bash_operator.py
[2024-07-08T22:03:59.396+0000] {processor.py:830} INFO - Processing file /home/airflow/.local/lib/python3.12/site-packages/airflow/example_dags/example_bash_operator.py for tasks to queue
[2024-07-08T22:03:59.401+0000] {logging_mixin.py:188} INFO - [2024-07-08T22:03:59.400+0000] {dagbag.py:545} INFO - Filling up the DagBag from /home/airflow/.local/lib/python3.12/site-packages/airflow/example_dags/example_bash_operator.py
[2024-07-08T22:03:59.425+0000] {processor.py:840} INFO - DAG(s) 'example_bash_operator' retrieved from /home/airflow/.local/lib/python3.12/site-packages/airflow/example_dags/example_bash_operator.py
[2024-07-08T22:03:59.485+0000] {logging_mixin.py:188} INFO - [2024-07-08T22:03:59.484+0000] {dag.py:3096} INFO - Sync 1 DAGs
[2024-07-08T22:03:59.527+0000] {logging_mixin.py:188} INFO - [2024-07-08T22:03:59.526+0000] {dag.py:3954} INFO - Setting next_dagrun for example_bash_operator to 2024-07-07 00:00:00+00:00, run_after=2024-07-08 00:00:00+00:00
[2024-07-08T22:03:59.561+0000] {processor.py:183} INFO - Processing /home/airflow/.local/lib/python3.12/site-packages/airflow/example_dags/example_bash_operator.py took 0.180 seconds
[2024-07-08T22:04:30.632+0000] {processor.py:161} INFO - Started process (PID=2242) to work on /home/airflow/.local/lib/python3.12/site-packages/airflow/example_dags/example_bash_operator.py
[2024-07-08T22:04:30.634+0000] {processor.py:830} INFO - Processing file /home/airflow/.local/lib/python3.12/site-packages/airflow/example_dags/example_bash_operator.py for tasks to queue
[2024-07-08T22:04:30.638+0000] {logging_mixin.py:188} INFO - [2024-07-08T22:04:30.637+0000] {dagbag.py:545} INFO - Filling up the DagBag from /home/airflow/.local/lib/python3.12/site-packages/airflow/example_dags/example_bash_operator.py
[2024-07-08T22:04:30.656+0000] {processor.py:840} INFO - DAG(s) 'example_bash_operator' retrieved from /home/airflow/.local/lib/python3.12/site-packages/airflow/example_dags/example_bash_operator.py
[2024-07-08T22:04:30.703+0000] {logging_mixin.py:188} INFO - [2024-07-08T22:04:30.703+0000] {dag.py:3096} INFO - Sync 1 DAGs
[2024-07-08T22:04:30.745+0000] {logging_mixin.py:188} INFO - [2024-07-08T22:04:30.745+0000] {dag.py:3954} INFO - Setting next_dagrun for example_bash_operator to 2024-07-07 00:00:00+00:00, run_after=2024-07-08 00:00:00+00:00
[2024-07-08T22:04:30.779+0000] {processor.py:183} INFO - Processing /home/airflow/.local/lib/python3.12/site-packages/airflow/example_dags/example_bash_operator.py took 0.156 seconds
[2024-07-08T22:05:01.658+0000] {processor.py:161} INFO - Started process (PID=2301) to work on /home/airflow/.local/lib/python3.12/site-packages/airflow/example_dags/example_bash_operator.py
[2024-07-08T22:05:01.659+0000] {processor.py:830} INFO - Processing file /home/airflow/.local/lib/python3.12/site-packages/airflow/example_dags/example_bash_operator.py for tasks to queue
[2024-07-08T22:05:01.663+0000] {logging_mixin.py:188} INFO - [2024-07-08T22:05:01.662+0000] {dagbag.py:545} INFO - Filling up the DagBag from /home/airflow/.local/lib/python3.12/site-packages/airflow/example_dags/example_bash_operator.py
[2024-07-08T22:05:01.681+0000] {processor.py:840} INFO - DAG(s) 'example_bash_operator' retrieved from /home/airflow/.local/lib/python3.12/site-packages/airflow/example_dags/example_bash_operator.py
[2024-07-08T22:05:01.730+0000] {logging_mixin.py:188} INFO - [2024-07-08T22:05:01.729+0000] {dag.py:3096} INFO - Sync 1 DAGs
[2024-07-08T22:05:01.771+0000] {logging_mixin.py:188} INFO - [2024-07-08T22:05:01.771+0000] {dag.py:3954} INFO - Setting next_dagrun for example_bash_operator to 2024-07-07 00:00:00+00:00, run_after=2024-07-08 00:00:00+00:00
[2024-07-08T22:05:01.813+0000] {processor.py:183} INFO - Processing /home/airflow/.local/lib/python3.12/site-packages/airflow/example_dags/example_bash_operator.py took 0.166 seconds
[2024-07-08T22:05:33.565+0000] {processor.py:161} INFO - Started process (PID=2360) to work on /home/airflow/.local/lib/python3.12/site-packages/airflow/example_dags/example_bash_operator.py
[2024-07-08T22:05:33.572+0000] {processor.py:830} INFO - Processing file /home/airflow/.local/lib/python3.12/site-packages/airflow/example_dags/example_bash_operator.py for tasks to queue
[2024-07-08T22:05:33.584+0000] {logging_mixin.py:188} INFO - [2024-07-08T22:05:33.580+0000] {dagbag.py:545} INFO - Filling up the DagBag from /home/airflow/.local/lib/python3.12/site-packages/airflow/example_dags/example_bash_operator.py
[2024-07-08T22:05:33.647+0000] {processor.py:840} INFO - DAG(s) 'example_bash_operator' retrieved from /home/airflow/.local/lib/python3.12/site-packages/airflow/example_dags/example_bash_operator.py
[2024-07-08T22:05:33.862+0000] {logging_mixin.py:188} INFO - [2024-07-08T22:05:33.862+0000] {dag.py:3096} INFO - Sync 1 DAGs
[2024-07-08T22:05:33.932+0000] {logging_mixin.py:188} INFO - [2024-07-08T22:05:33.932+0000] {dag.py:3954} INFO - Setting next_dagrun for example_bash_operator to 2024-07-07 00:00:00+00:00, run_after=2024-07-08 00:00:00+00:00
[2024-07-08T22:05:34.042+0000] {processor.py:183} INFO - Processing /home/airflow/.local/lib/python3.12/site-packages/airflow/example_dags/example_bash_operator.py took 0.550 seconds
[2024-07-08T22:06:04.271+0000] {processor.py:161} INFO - Started process (PID=2419) to work on /home/airflow/.local/lib/python3.12/site-packages/airflow/example_dags/example_bash_operator.py
[2024-07-08T22:06:04.273+0000] {processor.py:830} INFO - Processing file /home/airflow/.local/lib/python3.12/site-packages/airflow/example_dags/example_bash_operator.py for tasks to queue
[2024-07-08T22:06:04.278+0000] {logging_mixin.py:188} INFO - [2024-07-08T22:06:04.277+0000] {dagbag.py:545} INFO - Filling up the DagBag from /home/airflow/.local/lib/python3.12/site-packages/airflow/example_dags/example_bash_operator.py
[2024-07-08T22:06:04.304+0000] {processor.py:840} INFO - DAG(s) 'example_bash_operator' retrieved from /home/airflow/.local/lib/python3.12/site-packages/airflow/example_dags/example_bash_operator.py
[2024-07-08T22:06:04.371+0000] {logging_mixin.py:188} INFO - [2024-07-08T22:06:04.370+0000] {dag.py:3096} INFO - Sync 1 DAGs
[2024-07-08T22:06:04.428+0000] {logging_mixin.py:188} INFO - [2024-07-08T22:06:04.428+0000] {dag.py:3954} INFO - Setting next_dagrun for example_bash_operator to 2024-07-07 00:00:00+00:00, run_after=2024-07-08 00:00:00+00:00
[2024-07-08T22:06:04.469+0000] {processor.py:183} INFO - Processing /home/airflow/.local/lib/python3.12/site-packages/airflow/example_dags/example_bash_operator.py took 0.209 seconds
[2024-07-08T22:06:34.546+0000] {processor.py:161} INFO - Started process (PID=2478) to work on /home/airflow/.local/lib/python3.12/site-packages/airflow/example_dags/example_bash_operator.py
[2024-07-08T22:06:34.550+0000] {processor.py:830} INFO - Processing file /home/airflow/.local/lib/python3.12/site-packages/airflow/example_dags/example_bash_operator.py for tasks to queue
[2024-07-08T22:06:34.553+0000] {logging_mixin.py:188} INFO - [2024-07-08T22:06:34.553+0000] {dagbag.py:545} INFO - Filling up the DagBag from /home/airflow/.local/lib/python3.12/site-packages/airflow/example_dags/example_bash_operator.py
[2024-07-08T22:06:34.572+0000] {processor.py:840} INFO - DAG(s) 'example_bash_operator' retrieved from /home/airflow/.local/lib/python3.12/site-packages/airflow/example_dags/example_bash_operator.py
[2024-07-08T22:06:34.621+0000] {logging_mixin.py:188} INFO - [2024-07-08T22:06:34.620+0000] {dag.py:3096} INFO - Sync 1 DAGs
[2024-07-08T22:06:34.660+0000] {logging_mixin.py:188} INFO - [2024-07-08T22:06:34.660+0000] {dag.py:3954} INFO - Setting next_dagrun for example_bash_operator to 2024-07-07 00:00:00+00:00, run_after=2024-07-08 00:00:00+00:00
[2024-07-08T22:06:34.696+0000] {processor.py:183} INFO - Processing /home/airflow/.local/lib/python3.12/site-packages/airflow/example_dags/example_bash_operator.py took 0.159 seconds
[2024-07-08T22:07:05.787+0000] {processor.py:161} INFO - Started process (PID=2537) to work on /home/airflow/.local/lib/python3.12/site-packages/airflow/example_dags/example_bash_operator.py
[2024-07-08T22:07:05.819+0000] {processor.py:830} INFO - Processing file /home/airflow/.local/lib/python3.12/site-packages/airflow/example_dags/example_bash_operator.py for tasks to queue
[2024-07-08T22:07:05.830+0000] {logging_mixin.py:188} INFO - [2024-07-08T22:07:05.830+0000] {dagbag.py:545} INFO - Filling up the DagBag from /home/airflow/.local/lib/python3.12/site-packages/airflow/example_dags/example_bash_operator.py
[2024-07-08T22:07:05.944+0000] {processor.py:840} INFO - DAG(s) 'example_bash_operator' retrieved from /home/airflow/.local/lib/python3.12/site-packages/airflow/example_dags/example_bash_operator.py
[2024-07-08T22:07:06.204+0000] {logging_mixin.py:188} INFO - [2024-07-08T22:07:06.203+0000] {dag.py:3096} INFO - Sync 1 DAGs
[2024-07-08T22:07:06.351+0000] {logging_mixin.py:188} INFO - [2024-07-08T22:07:06.340+0000] {dag.py:3954} INFO - Setting next_dagrun for example_bash_operator to 2024-07-07 00:00:00+00:00, run_after=2024-07-08 00:00:00+00:00
[2024-07-08T22:07:06.474+0000] {processor.py:183} INFO - Processing /home/airflow/.local/lib/python3.12/site-packages/airflow/example_dags/example_bash_operator.py took 0.715 seconds
[2024-07-08T22:07:37.191+0000] {processor.py:161} INFO - Started process (PID=2595) to work on /home/airflow/.local/lib/python3.12/site-packages/airflow/example_dags/example_bash_operator.py
[2024-07-08T22:07:37.197+0000] {processor.py:830} INFO - Processing file /home/airflow/.local/lib/python3.12/site-packages/airflow/example_dags/example_bash_operator.py for tasks to queue
[2024-07-08T22:07:37.202+0000] {logging_mixin.py:188} INFO - [2024-07-08T22:07:37.201+0000] {dagbag.py:545} INFO - Filling up the DagBag from /home/airflow/.local/lib/python3.12/site-packages/airflow/example_dags/example_bash_operator.py
[2024-07-08T22:07:37.233+0000] {processor.py:840} INFO - DAG(s) 'example_bash_operator' retrieved from /home/airflow/.local/lib/python3.12/site-packages/airflow/example_dags/example_bash_operator.py
[2024-07-08T22:07:37.356+0000] {logging_mixin.py:188} INFO - [2024-07-08T22:07:37.355+0000] {dag.py:3096} INFO - Sync 1 DAGs
[2024-07-08T22:07:37.423+0000] {logging_mixin.py:188} INFO - [2024-07-08T22:07:37.422+0000] {dag.py:3954} INFO - Setting next_dagrun for example_bash_operator to 2024-07-07 00:00:00+00:00, run_after=2024-07-08 00:00:00+00:00
[2024-07-08T22:07:37.461+0000] {processor.py:183} INFO - Processing /home/airflow/.local/lib/python3.12/site-packages/airflow/example_dags/example_bash_operator.py took 0.284 seconds
[2024-07-08T22:08:07.923+0000] {processor.py:161} INFO - Started process (PID=2655) to work on /home/airflow/.local/lib/python3.12/site-packages/airflow/example_dags/example_bash_operator.py
[2024-07-08T22:08:07.925+0000] {processor.py:830} INFO - Processing file /home/airflow/.local/lib/python3.12/site-packages/airflow/example_dags/example_bash_operator.py for tasks to queue
[2024-07-08T22:08:07.932+0000] {logging_mixin.py:188} INFO - [2024-07-08T22:08:07.931+0000] {dagbag.py:545} INFO - Filling up the DagBag from /home/airflow/.local/lib/python3.12/site-packages/airflow/example_dags/example_bash_operator.py
[2024-07-08T22:08:07.972+0000] {processor.py:840} INFO - DAG(s) 'example_bash_operator' retrieved from /home/airflow/.local/lib/python3.12/site-packages/airflow/example_dags/example_bash_operator.py
[2024-07-08T22:08:08.051+0000] {logging_mixin.py:188} INFO - [2024-07-08T22:08:08.050+0000] {dag.py:3096} INFO - Sync 1 DAGs
[2024-07-08T22:08:08.099+0000] {logging_mixin.py:188} INFO - [2024-07-08T22:08:08.099+0000] {dag.py:3954} INFO - Setting next_dagrun for example_bash_operator to 2024-07-07 00:00:00+00:00, run_after=2024-07-08 00:00:00+00:00
[2024-07-08T22:08:08.137+0000] {processor.py:183} INFO - Processing /home/airflow/.local/lib/python3.12/site-packages/airflow/example_dags/example_bash_operator.py took 0.237 seconds
[2024-07-08T22:08:43.139+0000] {processor.py:161} INFO - Started process (PID=2719) to work on /home/airflow/.local/lib/python3.12/site-packages/airflow/example_dags/example_bash_operator.py
[2024-07-08T22:08:43.240+0000] {processor.py:830} INFO - Processing file /home/airflow/.local/lib/python3.12/site-packages/airflow/example_dags/example_bash_operator.py for tasks to queue
[2024-07-08T22:08:43.402+0000] {logging_mixin.py:188} INFO - [2024-07-08T22:08:43.293+0000] {dagbag.py:545} INFO - Filling up the DagBag from /home/airflow/.local/lib/python3.12/site-packages/airflow/example_dags/example_bash_operator.py
[2024-07-08T22:08:43.650+0000] {processor.py:840} INFO - DAG(s) 'example_bash_operator' retrieved from /home/airflow/.local/lib/python3.12/site-packages/airflow/example_dags/example_bash_operator.py
[2024-07-08T22:08:43.924+0000] {logging_mixin.py:188} INFO - [2024-07-08T22:08:43.924+0000] {dag.py:3096} INFO - Sync 1 DAGs
[2024-07-08T22:08:44.076+0000] {logging_mixin.py:188} INFO - [2024-07-08T22:08:44.076+0000] {dag.py:3954} INFO - Setting next_dagrun for example_bash_operator to 2024-07-07 00:00:00+00:00, run_after=2024-07-08 00:00:00+00:00
[2024-07-08T22:08:44.176+0000] {processor.py:183} INFO - Processing /home/airflow/.local/lib/python3.12/site-packages/airflow/example_dags/example_bash_operator.py took 1.060 seconds
[2024-07-08T22:09:16.354+0000] {processor.py:161} INFO - Started process (PID=2778) to work on /home/airflow/.local/lib/python3.12/site-packages/airflow/example_dags/example_bash_operator.py
[2024-07-08T22:09:16.445+0000] {processor.py:830} INFO - Processing file /home/airflow/.local/lib/python3.12/site-packages/airflow/example_dags/example_bash_operator.py for tasks to queue
[2024-07-08T22:09:16.498+0000] {logging_mixin.py:188} INFO - [2024-07-08T22:09:16.497+0000] {dagbag.py:545} INFO - Filling up the DagBag from /home/airflow/.local/lib/python3.12/site-packages/airflow/example_dags/example_bash_operator.py
[2024-07-08T22:09:16.742+0000] {processor.py:840} INFO - DAG(s) 'example_bash_operator' retrieved from /home/airflow/.local/lib/python3.12/site-packages/airflow/example_dags/example_bash_operator.py
[2024-07-08T22:09:17.238+0000] {logging_mixin.py:188} INFO - [2024-07-08T22:09:17.227+0000] {dag.py:3096} INFO - Sync 1 DAGs
[2024-07-08T22:09:18.174+0000] {logging_mixin.py:188} INFO - [2024-07-08T22:09:18.173+0000] {dag.py:3954} INFO - Setting next_dagrun for example_bash_operator to 2024-07-07 00:00:00+00:00, run_after=2024-07-08 00:00:00+00:00
[2024-07-08T22:09:18.677+0000] {processor.py:183} INFO - Processing /home/airflow/.local/lib/python3.12/site-packages/airflow/example_dags/example_bash_operator.py took 2.529 seconds
[2024-07-08T22:09:50.734+0000] {processor.py:161} INFO - Started process (PID=2837) to work on /home/airflow/.local/lib/python3.12/site-packages/airflow/example_dags/example_bash_operator.py
[2024-07-08T22:09:50.736+0000] {processor.py:830} INFO - Processing file /home/airflow/.local/lib/python3.12/site-packages/airflow/example_dags/example_bash_operator.py for tasks to queue
[2024-07-08T22:09:50.741+0000] {logging_mixin.py:188} INFO - [2024-07-08T22:09:50.740+0000] {dagbag.py:545} INFO - Filling up the DagBag from /home/airflow/.local/lib/python3.12/site-packages/airflow/example_dags/example_bash_operator.py
[2024-07-08T22:09:50.775+0000] {processor.py:840} INFO - DAG(s) 'example_bash_operator' retrieved from /home/airflow/.local/lib/python3.12/site-packages/airflow/example_dags/example_bash_operator.py
[2024-07-08T22:09:50.840+0000] {logging_mixin.py:188} INFO - [2024-07-08T22:09:50.839+0000] {dag.py:3096} INFO - Sync 1 DAGs
[2024-07-08T22:09:51.212+0000] {logging_mixin.py:188} INFO - [2024-07-08T22:09:51.212+0000] {dag.py:3954} INFO - Setting next_dagrun for example_bash_operator to 2024-07-07 00:00:00+00:00, run_after=2024-07-08 00:00:00+00:00
[2024-07-08T22:09:51.449+0000] {processor.py:183} INFO - Processing /home/airflow/.local/lib/python3.12/site-packages/airflow/example_dags/example_bash_operator.py took 0.724 seconds
[2024-07-08T22:10:21.861+0000] {processor.py:161} INFO - Started process (PID=2896) to work on /home/airflow/.local/lib/python3.12/site-packages/airflow/example_dags/example_bash_operator.py
[2024-07-08T22:10:21.865+0000] {processor.py:830} INFO - Processing file /home/airflow/.local/lib/python3.12/site-packages/airflow/example_dags/example_bash_operator.py for tasks to queue
[2024-07-08T22:10:21.870+0000] {logging_mixin.py:188} INFO - [2024-07-08T22:10:21.868+0000] {dagbag.py:545} INFO - Filling up the DagBag from /home/airflow/.local/lib/python3.12/site-packages/airflow/example_dags/example_bash_operator.py
[2024-07-08T22:10:21.893+0000] {processor.py:840} INFO - DAG(s) 'example_bash_operator' retrieved from /home/airflow/.local/lib/python3.12/site-packages/airflow/example_dags/example_bash_operator.py
[2024-07-08T22:10:21.953+0000] {logging_mixin.py:188} INFO - [2024-07-08T22:10:21.953+0000] {dag.py:3096} INFO - Sync 1 DAGs
[2024-07-08T22:10:22.011+0000] {logging_mixin.py:188} INFO - [2024-07-08T22:10:22.010+0000] {dag.py:3954} INFO - Setting next_dagrun for example_bash_operator to 2024-07-07 00:00:00+00:00, run_after=2024-07-08 00:00:00+00:00
[2024-07-08T22:10:22.085+0000] {processor.py:183} INFO - Processing /home/airflow/.local/lib/python3.12/site-packages/airflow/example_dags/example_bash_operator.py took 0.240 seconds
[2024-07-08T22:10:53.298+0000] {processor.py:161} INFO - Started process (PID=2953) to work on /home/airflow/.local/lib/python3.12/site-packages/airflow/example_dags/example_bash_operator.py
[2024-07-08T22:10:53.300+0000] {processor.py:830} INFO - Processing file /home/airflow/.local/lib/python3.12/site-packages/airflow/example_dags/example_bash_operator.py for tasks to queue
[2024-07-08T22:10:53.307+0000] {logging_mixin.py:188} INFO - [2024-07-08T22:10:53.306+0000] {dagbag.py:545} INFO - Filling up the DagBag from /home/airflow/.local/lib/python3.12/site-packages/airflow/example_dags/example_bash_operator.py
[2024-07-08T22:10:53.336+0000] {processor.py:840} INFO - DAG(s) 'example_bash_operator' retrieved from /home/airflow/.local/lib/python3.12/site-packages/airflow/example_dags/example_bash_operator.py
[2024-07-08T22:10:53.428+0000] {logging_mixin.py:188} INFO - [2024-07-08T22:10:53.428+0000] {dag.py:3096} INFO - Sync 1 DAGs
[2024-07-08T22:10:53.512+0000] {logging_mixin.py:188} INFO - [2024-07-08T22:10:53.511+0000] {dag.py:3954} INFO - Setting next_dagrun for example_bash_operator to 2024-07-07 00:00:00+00:00, run_after=2024-07-08 00:00:00+00:00
[2024-07-08T22:10:53.562+0000] {processor.py:183} INFO - Processing /home/airflow/.local/lib/python3.12/site-packages/airflow/example_dags/example_bash_operator.py took 0.275 seconds
[2024-07-08T22:11:23.698+0000] {processor.py:161} INFO - Started process (PID=3012) to work on /home/airflow/.local/lib/python3.12/site-packages/airflow/example_dags/example_bash_operator.py
[2024-07-08T22:11:23.701+0000] {processor.py:830} INFO - Processing file /home/airflow/.local/lib/python3.12/site-packages/airflow/example_dags/example_bash_operator.py for tasks to queue
[2024-07-08T22:11:23.704+0000] {logging_mixin.py:188} INFO - [2024-07-08T22:11:23.703+0000] {dagbag.py:545} INFO - Filling up the DagBag from /home/airflow/.local/lib/python3.12/site-packages/airflow/example_dags/example_bash_operator.py
[2024-07-08T22:11:23.731+0000] {processor.py:840} INFO - DAG(s) 'example_bash_operator' retrieved from /home/airflow/.local/lib/python3.12/site-packages/airflow/example_dags/example_bash_operator.py
[2024-07-08T22:11:23.786+0000] {logging_mixin.py:188} INFO - [2024-07-08T22:11:23.785+0000] {dag.py:3096} INFO - Sync 1 DAGs
[2024-07-08T22:11:23.828+0000] {logging_mixin.py:188} INFO - [2024-07-08T22:11:23.828+0000] {dag.py:3954} INFO - Setting next_dagrun for example_bash_operator to 2024-07-07 00:00:00+00:00, run_after=2024-07-08 00:00:00+00:00
[2024-07-08T22:11:23.856+0000] {processor.py:183} INFO - Processing /home/airflow/.local/lib/python3.12/site-packages/airflow/example_dags/example_bash_operator.py took 0.170 seconds
[2024-07-08T22:11:55.055+0000] {processor.py:161} INFO - Started process (PID=3068) to work on /home/airflow/.local/lib/python3.12/site-packages/airflow/example_dags/example_bash_operator.py
[2024-07-08T22:11:55.058+0000] {processor.py:830} INFO - Processing file /home/airflow/.local/lib/python3.12/site-packages/airflow/example_dags/example_bash_operator.py for tasks to queue
[2024-07-08T22:11:55.064+0000] {logging_mixin.py:188} INFO - [2024-07-08T22:11:55.063+0000] {dagbag.py:545} INFO - Filling up the DagBag from /home/airflow/.local/lib/python3.12/site-packages/airflow/example_dags/example_bash_operator.py
[2024-07-08T22:11:55.105+0000] {processor.py:840} INFO - DAG(s) 'example_bash_operator' retrieved from /home/airflow/.local/lib/python3.12/site-packages/airflow/example_dags/example_bash_operator.py
[2024-07-08T22:11:55.244+0000] {logging_mixin.py:188} INFO - [2024-07-08T22:11:55.244+0000] {dag.py:3096} INFO - Sync 1 DAGs
[2024-07-08T22:11:55.301+0000] {logging_mixin.py:188} INFO - [2024-07-08T22:11:55.300+0000] {dag.py:3954} INFO - Setting next_dagrun for example_bash_operator to 2024-07-07 00:00:00+00:00, run_after=2024-07-08 00:00:00+00:00
[2024-07-08T22:11:55.347+0000] {processor.py:183} INFO - Processing /home/airflow/.local/lib/python3.12/site-packages/airflow/example_dags/example_bash_operator.py took 0.302 seconds
[2024-07-08T22:12:26.409+0000] {processor.py:161} INFO - Started process (PID=3127) to work on /home/airflow/.local/lib/python3.12/site-packages/airflow/example_dags/example_bash_operator.py
[2024-07-08T22:12:26.412+0000] {processor.py:830} INFO - Processing file /home/airflow/.local/lib/python3.12/site-packages/airflow/example_dags/example_bash_operator.py for tasks to queue
[2024-07-08T22:12:26.428+0000] {logging_mixin.py:188} INFO - [2024-07-08T22:12:26.428+0000] {dagbag.py:545} INFO - Filling up the DagBag from /home/airflow/.local/lib/python3.12/site-packages/airflow/example_dags/example_bash_operator.py
[2024-07-08T22:12:26.453+0000] {processor.py:840} INFO - DAG(s) 'example_bash_operator' retrieved from /home/airflow/.local/lib/python3.12/site-packages/airflow/example_dags/example_bash_operator.py
[2024-07-08T22:12:26.590+0000] {logging_mixin.py:188} INFO - [2024-07-08T22:12:26.590+0000] {dag.py:3096} INFO - Sync 1 DAGs
[2024-07-08T22:12:26.945+0000] {logging_mixin.py:188} INFO - [2024-07-08T22:12:26.944+0000] {dag.py:3954} INFO - Setting next_dagrun for example_bash_operator to 2024-07-07 00:00:00+00:00, run_after=2024-07-08 00:00:00+00:00
[2024-07-08T22:12:27.125+0000] {processor.py:183} INFO - Processing /home/airflow/.local/lib/python3.12/site-packages/airflow/example_dags/example_bash_operator.py took 0.730 seconds
[2024-07-08T22:12:57.406+0000] {processor.py:161} INFO - Started process (PID=3186) to work on /home/airflow/.local/lib/python3.12/site-packages/airflow/example_dags/example_bash_operator.py
[2024-07-08T22:12:57.407+0000] {processor.py:830} INFO - Processing file /home/airflow/.local/lib/python3.12/site-packages/airflow/example_dags/example_bash_operator.py for tasks to queue
[2024-07-08T22:12:57.411+0000] {logging_mixin.py:188} INFO - [2024-07-08T22:12:57.410+0000] {dagbag.py:545} INFO - Filling up the DagBag from /home/airflow/.local/lib/python3.12/site-packages/airflow/example_dags/example_bash_operator.py
[2024-07-08T22:12:57.433+0000] {processor.py:840} INFO - DAG(s) 'example_bash_operator' retrieved from /home/airflow/.local/lib/python3.12/site-packages/airflow/example_dags/example_bash_operator.py
[2024-07-08T22:12:57.527+0000] {logging_mixin.py:188} INFO - [2024-07-08T22:12:57.527+0000] {dag.py:3096} INFO - Sync 1 DAGs
[2024-07-08T22:12:57.570+0000] {logging_mixin.py:188} INFO - [2024-07-08T22:12:57.569+0000] {dag.py:3954} INFO - Setting next_dagrun for example_bash_operator to 2024-07-07 00:00:00+00:00, run_after=2024-07-08 00:00:00+00:00
[2024-07-08T22:12:57.601+0000] {processor.py:183} INFO - Processing /home/airflow/.local/lib/python3.12/site-packages/airflow/example_dags/example_bash_operator.py took 0.206 seconds
[2024-07-08T22:13:27.654+0000] {processor.py:161} INFO - Started process (PID=3245) to work on /home/airflow/.local/lib/python3.12/site-packages/airflow/example_dags/example_bash_operator.py
[2024-07-08T22:13:27.655+0000] {processor.py:830} INFO - Processing file /home/airflow/.local/lib/python3.12/site-packages/airflow/example_dags/example_bash_operator.py for tasks to queue
[2024-07-08T22:13:27.660+0000] {logging_mixin.py:188} INFO - [2024-07-08T22:13:27.659+0000] {dagbag.py:545} INFO - Filling up the DagBag from /home/airflow/.local/lib/python3.12/site-packages/airflow/example_dags/example_bash_operator.py
[2024-07-08T22:13:27.683+0000] {processor.py:840} INFO - DAG(s) 'example_bash_operator' retrieved from /home/airflow/.local/lib/python3.12/site-packages/airflow/example_dags/example_bash_operator.py
[2024-07-08T22:13:27.735+0000] {logging_mixin.py:188} INFO - [2024-07-08T22:13:27.735+0000] {dag.py:3096} INFO - Sync 1 DAGs
[2024-07-08T22:13:27.788+0000] {logging_mixin.py:188} INFO - [2024-07-08T22:13:27.787+0000] {dag.py:3954} INFO - Setting next_dagrun for example_bash_operator to 2024-07-07 00:00:00+00:00, run_after=2024-07-08 00:00:00+00:00
[2024-07-08T22:13:27.835+0000] {processor.py:183} INFO - Processing /home/airflow/.local/lib/python3.12/site-packages/airflow/example_dags/example_bash_operator.py took 0.192 seconds
[2024-07-08T22:13:58.478+0000] {processor.py:161} INFO - Started process (PID=3303) to work on /home/airflow/.local/lib/python3.12/site-packages/airflow/example_dags/example_bash_operator.py
[2024-07-08T22:13:58.482+0000] {processor.py:830} INFO - Processing file /home/airflow/.local/lib/python3.12/site-packages/airflow/example_dags/example_bash_operator.py for tasks to queue
[2024-07-08T22:13:58.486+0000] {logging_mixin.py:188} INFO - [2024-07-08T22:13:58.485+0000] {dagbag.py:545} INFO - Filling up the DagBag from /home/airflow/.local/lib/python3.12/site-packages/airflow/example_dags/example_bash_operator.py
[2024-07-08T22:13:58.509+0000] {processor.py:840} INFO - DAG(s) 'example_bash_operator' retrieved from /home/airflow/.local/lib/python3.12/site-packages/airflow/example_dags/example_bash_operator.py
[2024-07-08T22:13:58.557+0000] {logging_mixin.py:188} INFO - [2024-07-08T22:13:58.557+0000] {dag.py:3096} INFO - Sync 1 DAGs
[2024-07-08T22:13:58.593+0000] {logging_mixin.py:188} INFO - [2024-07-08T22:13:58.593+0000] {dag.py:3954} INFO - Setting next_dagrun for example_bash_operator to 2024-07-07 00:00:00+00:00, run_after=2024-07-08 00:00:00+00:00
[2024-07-08T22:13:58.626+0000] {processor.py:183} INFO - Processing /home/airflow/.local/lib/python3.12/site-packages/airflow/example_dags/example_bash_operator.py took 0.157 seconds
[2024-07-08T22:14:29.179+0000] {processor.py:161} INFO - Started process (PID=3362) to work on /home/airflow/.local/lib/python3.12/site-packages/airflow/example_dags/example_bash_operator.py
[2024-07-08T22:14:29.183+0000] {processor.py:830} INFO - Processing file /home/airflow/.local/lib/python3.12/site-packages/airflow/example_dags/example_bash_operator.py for tasks to queue
[2024-07-08T22:14:29.186+0000] {logging_mixin.py:188} INFO - [2024-07-08T22:14:29.186+0000] {dagbag.py:545} INFO - Filling up the DagBag from /home/airflow/.local/lib/python3.12/site-packages/airflow/example_dags/example_bash_operator.py
[2024-07-08T22:14:29.207+0000] {processor.py:840} INFO - DAG(s) 'example_bash_operator' retrieved from /home/airflow/.local/lib/python3.12/site-packages/airflow/example_dags/example_bash_operator.py
[2024-07-08T22:14:29.298+0000] {logging_mixin.py:188} INFO - [2024-07-08T22:14:29.297+0000] {dag.py:3096} INFO - Sync 1 DAGs
[2024-07-08T22:14:29.411+0000] {logging_mixin.py:188} INFO - [2024-07-08T22:14:29.410+0000] {dag.py:3954} INFO - Setting next_dagrun for example_bash_operator to 2024-07-07 00:00:00+00:00, run_after=2024-07-08 00:00:00+00:00
[2024-07-08T22:14:29.521+0000] {processor.py:183} INFO - Processing /home/airflow/.local/lib/python3.12/site-packages/airflow/example_dags/example_bash_operator.py took 0.352 seconds
[2024-07-08T22:14:59.950+0000] {processor.py:161} INFO - Started process (PID=3421) to work on /home/airflow/.local/lib/python3.12/site-packages/airflow/example_dags/example_bash_operator.py
[2024-07-08T22:14:59.952+0000] {processor.py:830} INFO - Processing file /home/airflow/.local/lib/python3.12/site-packages/airflow/example_dags/example_bash_operator.py for tasks to queue
[2024-07-08T22:14:59.957+0000] {logging_mixin.py:188} INFO - [2024-07-08T22:14:59.956+0000] {dagbag.py:545} INFO - Filling up the DagBag from /home/airflow/.local/lib/python3.12/site-packages/airflow/example_dags/example_bash_operator.py
[2024-07-08T22:14:59.987+0000] {processor.py:840} INFO - DAG(s) 'example_bash_operator' retrieved from /home/airflow/.local/lib/python3.12/site-packages/airflow/example_dags/example_bash_operator.py
[2024-07-08T22:15:00.158+0000] {logging_mixin.py:188} INFO - [2024-07-08T22:15:00.157+0000] {dag.py:3096} INFO - Sync 1 DAGs
[2024-07-08T22:15:00.401+0000] {logging_mixin.py:188} INFO - [2024-07-08T22:15:00.400+0000] {dag.py:3954} INFO - Setting next_dagrun for example_bash_operator to 2024-07-07 00:00:00+00:00, run_after=2024-07-08 00:00:00+00:00
[2024-07-08T22:15:00.451+0000] {processor.py:183} INFO - Processing /home/airflow/.local/lib/python3.12/site-packages/airflow/example_dags/example_bash_operator.py took 0.520 seconds
[2024-07-08T22:15:31.449+0000] {processor.py:161} INFO - Started process (PID=3480) to work on /home/airflow/.local/lib/python3.12/site-packages/airflow/example_dags/example_bash_operator.py
[2024-07-08T22:15:31.452+0000] {processor.py:830} INFO - Processing file /home/airflow/.local/lib/python3.12/site-packages/airflow/example_dags/example_bash_operator.py for tasks to queue
[2024-07-08T22:15:31.456+0000] {logging_mixin.py:188} INFO - [2024-07-08T22:15:31.456+0000] {dagbag.py:545} INFO - Filling up the DagBag from /home/airflow/.local/lib/python3.12/site-packages/airflow/example_dags/example_bash_operator.py
[2024-07-08T22:15:31.507+0000] {processor.py:840} INFO - DAG(s) 'example_bash_operator' retrieved from /home/airflow/.local/lib/python3.12/site-packages/airflow/example_dags/example_bash_operator.py
[2024-07-08T22:15:31.829+0000] {logging_mixin.py:188} INFO - [2024-07-08T22:15:31.828+0000] {dag.py:3096} INFO - Sync 1 DAGs
[2024-07-08T22:15:32.037+0000] {logging_mixin.py:188} INFO - [2024-07-08T22:15:32.036+0000] {dag.py:3954} INFO - Setting next_dagrun for example_bash_operator to 2024-07-07 00:00:00+00:00, run_after=2024-07-08 00:00:00+00:00
[2024-07-08T22:15:32.174+0000] {processor.py:183} INFO - Processing /home/airflow/.local/lib/python3.12/site-packages/airflow/example_dags/example_bash_operator.py took 0.749 seconds
[2024-07-08T22:16:03.167+0000] {processor.py:161} INFO - Started process (PID=3539) to work on /home/airflow/.local/lib/python3.12/site-packages/airflow/example_dags/example_bash_operator.py
[2024-07-08T22:16:03.169+0000] {processor.py:830} INFO - Processing file /home/airflow/.local/lib/python3.12/site-packages/airflow/example_dags/example_bash_operator.py for tasks to queue
[2024-07-08T22:16:03.175+0000] {logging_mixin.py:188} INFO - [2024-07-08T22:16:03.173+0000] {dagbag.py:545} INFO - Filling up the DagBag from /home/airflow/.local/lib/python3.12/site-packages/airflow/example_dags/example_bash_operator.py
[2024-07-08T22:16:03.214+0000] {processor.py:840} INFO - DAG(s) 'example_bash_operator' retrieved from /home/airflow/.local/lib/python3.12/site-packages/airflow/example_dags/example_bash_operator.py
[2024-07-08T22:16:03.304+0000] {logging_mixin.py:188} INFO - [2024-07-08T22:16:03.303+0000] {dag.py:3096} INFO - Sync 1 DAGs
[2024-07-08T22:16:03.400+0000] {logging_mixin.py:188} INFO - [2024-07-08T22:16:03.399+0000] {dag.py:3954} INFO - Setting next_dagrun for example_bash_operator to 2024-07-07 00:00:00+00:00, run_after=2024-07-08 00:00:00+00:00
[2024-07-08T22:16:03.468+0000] {processor.py:183} INFO - Processing /home/airflow/.local/lib/python3.12/site-packages/airflow/example_dags/example_bash_operator.py took 0.316 seconds
[2024-07-08T22:16:33.533+0000] {processor.py:161} INFO - Started process (PID=3598) to work on /home/airflow/.local/lib/python3.12/site-packages/airflow/example_dags/example_bash_operator.py
[2024-07-08T22:16:33.534+0000] {processor.py:830} INFO - Processing file /home/airflow/.local/lib/python3.12/site-packages/airflow/example_dags/example_bash_operator.py for tasks to queue
[2024-07-08T22:16:33.537+0000] {logging_mixin.py:188} INFO - [2024-07-08T22:16:33.537+0000] {dagbag.py:545} INFO - Filling up the DagBag from /home/airflow/.local/lib/python3.12/site-packages/airflow/example_dags/example_bash_operator.py
[2024-07-08T22:16:33.557+0000] {processor.py:840} INFO - DAG(s) 'example_bash_operator' retrieved from /home/airflow/.local/lib/python3.12/site-packages/airflow/example_dags/example_bash_operator.py
[2024-07-08T22:16:33.600+0000] {logging_mixin.py:188} INFO - [2024-07-08T22:16:33.600+0000] {dag.py:3096} INFO - Sync 1 DAGs
[2024-07-08T22:16:33.634+0000] {logging_mixin.py:188} INFO - [2024-07-08T22:16:33.633+0000] {dag.py:3954} INFO - Setting next_dagrun for example_bash_operator to 2024-07-07 00:00:00+00:00, run_after=2024-07-08 00:00:00+00:00
[2024-07-08T22:16:33.665+0000] {processor.py:183} INFO - Processing /home/airflow/.local/lib/python3.12/site-packages/airflow/example_dags/example_bash_operator.py took 0.141 seconds
[2024-07-08T22:17:03.831+0000] {processor.py:161} INFO - Started process (PID=3657) to work on /home/airflow/.local/lib/python3.12/site-packages/airflow/example_dags/example_bash_operator.py
[2024-07-08T22:17:03.833+0000] {processor.py:830} INFO - Processing file /home/airflow/.local/lib/python3.12/site-packages/airflow/example_dags/example_bash_operator.py for tasks to queue
[2024-07-08T22:17:03.836+0000] {logging_mixin.py:188} INFO - [2024-07-08T22:17:03.835+0000] {dagbag.py:545} INFO - Filling up the DagBag from /home/airflow/.local/lib/python3.12/site-packages/airflow/example_dags/example_bash_operator.py
[2024-07-08T22:17:03.853+0000] {processor.py:840} INFO - DAG(s) 'example_bash_operator' retrieved from /home/airflow/.local/lib/python3.12/site-packages/airflow/example_dags/example_bash_operator.py
[2024-07-08T22:17:03.920+0000] {logging_mixin.py:188} INFO - [2024-07-08T22:17:03.919+0000] {dag.py:3096} INFO - Sync 1 DAGs
[2024-07-08T22:17:04.035+0000] {logging_mixin.py:188} INFO - [2024-07-08T22:17:04.034+0000] {dag.py:3954} INFO - Setting next_dagrun for example_bash_operator to 2024-07-07 00:00:00+00:00, run_after=2024-07-08 00:00:00+00:00
[2024-07-08T22:17:04.120+0000] {processor.py:183} INFO - Processing /home/airflow/.local/lib/python3.12/site-packages/airflow/example_dags/example_bash_operator.py took 0.298 seconds
[2024-07-08T22:17:34.998+0000] {processor.py:161} INFO - Started process (PID=3716) to work on /home/airflow/.local/lib/python3.12/site-packages/airflow/example_dags/example_bash_operator.py
[2024-07-08T22:17:34.999+0000] {processor.py:830} INFO - Processing file /home/airflow/.local/lib/python3.12/site-packages/airflow/example_dags/example_bash_operator.py for tasks to queue
[2024-07-08T22:17:35.003+0000] {logging_mixin.py:188} INFO - [2024-07-08T22:17:35.002+0000] {dagbag.py:545} INFO - Filling up the DagBag from /home/airflow/.local/lib/python3.12/site-packages/airflow/example_dags/example_bash_operator.py
[2024-07-08T22:17:35.026+0000] {processor.py:840} INFO - DAG(s) 'example_bash_operator' retrieved from /home/airflow/.local/lib/python3.12/site-packages/airflow/example_dags/example_bash_operator.py
[2024-07-08T22:17:35.074+0000] {logging_mixin.py:188} INFO - [2024-07-08T22:17:35.073+0000] {dag.py:3096} INFO - Sync 1 DAGs
[2024-07-08T22:17:35.120+0000] {logging_mixin.py:188} INFO - [2024-07-08T22:17:35.119+0000] {dag.py:3954} INFO - Setting next_dagrun for example_bash_operator to 2024-07-07 00:00:00+00:00, run_after=2024-07-08 00:00:00+00:00
[2024-07-08T22:17:35.162+0000] {processor.py:183} INFO - Processing /home/airflow/.local/lib/python3.12/site-packages/airflow/example_dags/example_bash_operator.py took 0.174 seconds
[2024-07-08T22:18:05.522+0000] {processor.py:161} INFO - Started process (PID=3775) to work on /home/airflow/.local/lib/python3.12/site-packages/airflow/example_dags/example_bash_operator.py
[2024-07-08T22:18:05.525+0000] {processor.py:830} INFO - Processing file /home/airflow/.local/lib/python3.12/site-packages/airflow/example_dags/example_bash_operator.py for tasks to queue
[2024-07-08T22:18:05.530+0000] {logging_mixin.py:188} INFO - [2024-07-08T22:18:05.528+0000] {dagbag.py:545} INFO - Filling up the DagBag from /home/airflow/.local/lib/python3.12/site-packages/airflow/example_dags/example_bash_operator.py
[2024-07-08T22:18:05.568+0000] {processor.py:840} INFO - DAG(s) 'example_bash_operator' retrieved from /home/airflow/.local/lib/python3.12/site-packages/airflow/example_dags/example_bash_operator.py
[2024-07-08T22:18:05.624+0000] {logging_mixin.py:188} INFO - [2024-07-08T22:18:05.624+0000] {dag.py:3096} INFO - Sync 1 DAGs
[2024-07-08T22:18:05.666+0000] {logging_mixin.py:188} INFO - [2024-07-08T22:18:05.665+0000] {dag.py:3954} INFO - Setting next_dagrun for example_bash_operator to 2024-07-07 00:00:00+00:00, run_after=2024-07-08 00:00:00+00:00
[2024-07-08T22:18:05.707+0000] {processor.py:183} INFO - Processing /home/airflow/.local/lib/python3.12/site-packages/airflow/example_dags/example_bash_operator.py took 0.195 seconds
[2024-07-08T22:18:36.587+0000] {processor.py:161} INFO - Started process (PID=3834) to work on /home/airflow/.local/lib/python3.12/site-packages/airflow/example_dags/example_bash_operator.py
[2024-07-08T22:18:36.589+0000] {processor.py:830} INFO - Processing file /home/airflow/.local/lib/python3.12/site-packages/airflow/example_dags/example_bash_operator.py for tasks to queue
[2024-07-08T22:18:36.593+0000] {logging_mixin.py:188} INFO - [2024-07-08T22:18:36.593+0000] {dagbag.py:545} INFO - Filling up the DagBag from /home/airflow/.local/lib/python3.12/site-packages/airflow/example_dags/example_bash_operator.py
[2024-07-08T22:18:36.626+0000] {processor.py:840} INFO - DAG(s) 'example_bash_operator' retrieved from /home/airflow/.local/lib/python3.12/site-packages/airflow/example_dags/example_bash_operator.py
[2024-07-08T22:18:36.717+0000] {logging_mixin.py:188} INFO - [2024-07-08T22:18:36.716+0000] {dag.py:3096} INFO - Sync 1 DAGs
[2024-07-08T22:18:36.777+0000] {logging_mixin.py:188} INFO - [2024-07-08T22:18:36.776+0000] {dag.py:3954} INFO - Setting next_dagrun for example_bash_operator to 2024-07-07 00:00:00+00:00, run_after=2024-07-08 00:00:00+00:00
[2024-07-08T22:18:36.828+0000] {processor.py:183} INFO - Processing /home/airflow/.local/lib/python3.12/site-packages/airflow/example_dags/example_bash_operator.py took 0.254 seconds
[2024-07-08T22:19:07.026+0000] {processor.py:161} INFO - Started process (PID=3891) to work on /home/airflow/.local/lib/python3.12/site-packages/airflow/example_dags/example_bash_operator.py
[2024-07-08T22:19:07.028+0000] {processor.py:830} INFO - Processing file /home/airflow/.local/lib/python3.12/site-packages/airflow/example_dags/example_bash_operator.py for tasks to queue
[2024-07-08T22:19:07.031+0000] {logging_mixin.py:188} INFO - [2024-07-08T22:19:07.031+0000] {dagbag.py:545} INFO - Filling up the DagBag from /home/airflow/.local/lib/python3.12/site-packages/airflow/example_dags/example_bash_operator.py
[2024-07-08T22:19:07.050+0000] {processor.py:840} INFO - DAG(s) 'example_bash_operator' retrieved from /home/airflow/.local/lib/python3.12/site-packages/airflow/example_dags/example_bash_operator.py
[2024-07-08T22:19:07.108+0000] {logging_mixin.py:188} INFO - [2024-07-08T22:19:07.107+0000] {dag.py:3096} INFO - Sync 1 DAGs
[2024-07-08T22:19:07.158+0000] {logging_mixin.py:188} INFO - [2024-07-08T22:19:07.157+0000] {dag.py:3954} INFO - Setting next_dagrun for example_bash_operator to 2024-07-07 00:00:00+00:00, run_after=2024-07-08 00:00:00+00:00
[2024-07-08T22:19:07.196+0000] {processor.py:183} INFO - Processing /home/airflow/.local/lib/python3.12/site-packages/airflow/example_dags/example_bash_operator.py took 0.180 seconds
[2024-07-08T22:19:37.581+0000] {processor.py:161} INFO - Started process (PID=3949) to work on /home/airflow/.local/lib/python3.12/site-packages/airflow/example_dags/example_bash_operator.py
[2024-07-08T22:19:37.584+0000] {processor.py:830} INFO - Processing file /home/airflow/.local/lib/python3.12/site-packages/airflow/example_dags/example_bash_operator.py for tasks to queue
[2024-07-08T22:19:37.592+0000] {logging_mixin.py:188} INFO - [2024-07-08T22:19:37.590+0000] {dagbag.py:545} INFO - Filling up the DagBag from /home/airflow/.local/lib/python3.12/site-packages/airflow/example_dags/example_bash_operator.py
[2024-07-08T22:19:37.680+0000] {processor.py:840} INFO - DAG(s) 'example_bash_operator' retrieved from /home/airflow/.local/lib/python3.12/site-packages/airflow/example_dags/example_bash_operator.py
[2024-07-08T22:19:37.748+0000] {logging_mixin.py:188} INFO - [2024-07-08T22:19:37.748+0000] {dag.py:3096} INFO - Sync 1 DAGs
[2024-07-08T22:19:37.833+0000] {logging_mixin.py:188} INFO - [2024-07-08T22:19:37.833+0000] {dag.py:3954} INFO - Setting next_dagrun for example_bash_operator to 2024-07-07 00:00:00+00:00, run_after=2024-07-08 00:00:00+00:00
[2024-07-08T22:19:37.882+0000] {processor.py:183} INFO - Processing /home/airflow/.local/lib/python3.12/site-packages/airflow/example_dags/example_bash_operator.py took 0.338 seconds
[2024-07-08T22:20:08.764+0000] {processor.py:161} INFO - Started process (PID=4008) to work on /home/airflow/.local/lib/python3.12/site-packages/airflow/example_dags/example_bash_operator.py
[2024-07-08T22:20:08.770+0000] {processor.py:830} INFO - Processing file /home/airflow/.local/lib/python3.12/site-packages/airflow/example_dags/example_bash_operator.py for tasks to queue
[2024-07-08T22:20:08.774+0000] {logging_mixin.py:188} INFO - [2024-07-08T22:20:08.773+0000] {dagbag.py:545} INFO - Filling up the DagBag from /home/airflow/.local/lib/python3.12/site-packages/airflow/example_dags/example_bash_operator.py
[2024-07-08T22:20:08.810+0000] {processor.py:840} INFO - DAG(s) 'example_bash_operator' retrieved from /home/airflow/.local/lib/python3.12/site-packages/airflow/example_dags/example_bash_operator.py
[2024-07-08T22:20:08.859+0000] {logging_mixin.py:188} INFO - [2024-07-08T22:20:08.859+0000] {dag.py:3096} INFO - Sync 1 DAGs
[2024-07-08T22:20:08.903+0000] {logging_mixin.py:188} INFO - [2024-07-08T22:20:08.903+0000] {dag.py:3954} INFO - Setting next_dagrun for example_bash_operator to 2024-07-07 00:00:00+00:00, run_after=2024-07-08 00:00:00+00:00
[2024-07-08T22:20:08.997+0000] {processor.py:183} INFO - Processing /home/airflow/.local/lib/python3.12/site-packages/airflow/example_dags/example_bash_operator.py took 0.248 seconds
[2024-07-08T22:20:40.005+0000] {processor.py:161} INFO - Started process (PID=4067) to work on /home/airflow/.local/lib/python3.12/site-packages/airflow/example_dags/example_bash_operator.py
[2024-07-08T22:20:40.009+0000] {processor.py:830} INFO - Processing file /home/airflow/.local/lib/python3.12/site-packages/airflow/example_dags/example_bash_operator.py for tasks to queue
[2024-07-08T22:20:40.013+0000] {logging_mixin.py:188} INFO - [2024-07-08T22:20:40.012+0000] {dagbag.py:545} INFO - Filling up the DagBag from /home/airflow/.local/lib/python3.12/site-packages/airflow/example_dags/example_bash_operator.py
[2024-07-08T22:20:40.034+0000] {processor.py:840} INFO - DAG(s) 'example_bash_operator' retrieved from /home/airflow/.local/lib/python3.12/site-packages/airflow/example_dags/example_bash_operator.py
[2024-07-08T22:20:40.084+0000] {logging_mixin.py:188} INFO - [2024-07-08T22:20:40.084+0000] {dag.py:3096} INFO - Sync 1 DAGs
[2024-07-08T22:20:40.122+0000] {logging_mixin.py:188} INFO - [2024-07-08T22:20:40.122+0000] {dag.py:3954} INFO - Setting next_dagrun for example_bash_operator to 2024-07-07 00:00:00+00:00, run_after=2024-07-08 00:00:00+00:00
[2024-07-08T22:20:40.155+0000] {processor.py:183} INFO - Processing /home/airflow/.local/lib/python3.12/site-packages/airflow/example_dags/example_bash_operator.py took 0.163 seconds
[2024-07-08T22:21:10.210+0000] {processor.py:161} INFO - Started process (PID=4126) to work on /home/airflow/.local/lib/python3.12/site-packages/airflow/example_dags/example_bash_operator.py
[2024-07-08T22:21:10.211+0000] {processor.py:830} INFO - Processing file /home/airflow/.local/lib/python3.12/site-packages/airflow/example_dags/example_bash_operator.py for tasks to queue
[2024-07-08T22:21:10.216+0000] {logging_mixin.py:188} INFO - [2024-07-08T22:21:10.216+0000] {dagbag.py:545} INFO - Filling up the DagBag from /home/airflow/.local/lib/python3.12/site-packages/airflow/example_dags/example_bash_operator.py
[2024-07-08T22:21:10.237+0000] {processor.py:840} INFO - DAG(s) 'example_bash_operator' retrieved from /home/airflow/.local/lib/python3.12/site-packages/airflow/example_dags/example_bash_operator.py
[2024-07-08T22:21:10.318+0000] {logging_mixin.py:188} INFO - [2024-07-08T22:21:10.317+0000] {dag.py:3096} INFO - Sync 1 DAGs
[2024-07-08T22:21:10.360+0000] {logging_mixin.py:188} INFO - [2024-07-08T22:21:10.360+0000] {dag.py:3954} INFO - Setting next_dagrun for example_bash_operator to 2024-07-07 00:00:00+00:00, run_after=2024-07-08 00:00:00+00:00
[2024-07-08T22:21:10.410+0000] {processor.py:183} INFO - Processing /home/airflow/.local/lib/python3.12/site-packages/airflow/example_dags/example_bash_operator.py took 0.209 seconds
[2024-07-08T22:21:41.343+0000] {processor.py:161} INFO - Started process (PID=4186) to work on /home/airflow/.local/lib/python3.12/site-packages/airflow/example_dags/example_bash_operator.py
[2024-07-08T22:21:41.345+0000] {processor.py:830} INFO - Processing file /home/airflow/.local/lib/python3.12/site-packages/airflow/example_dags/example_bash_operator.py for tasks to queue
[2024-07-08T22:21:41.350+0000] {logging_mixin.py:188} INFO - [2024-07-08T22:21:41.349+0000] {dagbag.py:545} INFO - Filling up the DagBag from /home/airflow/.local/lib/python3.12/site-packages/airflow/example_dags/example_bash_operator.py
[2024-07-08T22:21:41.368+0000] {processor.py:840} INFO - DAG(s) 'example_bash_operator' retrieved from /home/airflow/.local/lib/python3.12/site-packages/airflow/example_dags/example_bash_operator.py
[2024-07-08T22:21:41.411+0000] {logging_mixin.py:188} INFO - [2024-07-08T22:21:41.410+0000] {dag.py:3096} INFO - Sync 1 DAGs
[2024-07-08T22:21:41.449+0000] {logging_mixin.py:188} INFO - [2024-07-08T22:21:41.449+0000] {dag.py:3954} INFO - Setting next_dagrun for example_bash_operator to 2024-07-07 00:00:00+00:00, run_after=2024-07-08 00:00:00+00:00
[2024-07-08T22:21:41.487+0000] {processor.py:183} INFO - Processing /home/airflow/.local/lib/python3.12/site-packages/airflow/example_dags/example_bash_operator.py took 0.153 seconds
[2024-07-08T22:22:12.306+0000] {processor.py:161} INFO - Started process (PID=4245) to work on /home/airflow/.local/lib/python3.12/site-packages/airflow/example_dags/example_bash_operator.py
[2024-07-08T22:22:12.308+0000] {processor.py:830} INFO - Processing file /home/airflow/.local/lib/python3.12/site-packages/airflow/example_dags/example_bash_operator.py for tasks to queue
[2024-07-08T22:22:12.314+0000] {logging_mixin.py:188} INFO - [2024-07-08T22:22:12.313+0000] {dagbag.py:545} INFO - Filling up the DagBag from /home/airflow/.local/lib/python3.12/site-packages/airflow/example_dags/example_bash_operator.py
[2024-07-08T22:22:12.337+0000] {processor.py:840} INFO - DAG(s) 'example_bash_operator' retrieved from /home/airflow/.local/lib/python3.12/site-packages/airflow/example_dags/example_bash_operator.py
[2024-07-08T22:22:12.399+0000] {logging_mixin.py:188} INFO - [2024-07-08T22:22:12.398+0000] {dag.py:3096} INFO - Sync 1 DAGs
[2024-07-08T22:22:12.455+0000] {logging_mixin.py:188} INFO - [2024-07-08T22:22:12.455+0000] {dag.py:3954} INFO - Setting next_dagrun for example_bash_operator to 2024-07-07 00:00:00+00:00, run_after=2024-07-08 00:00:00+00:00
[2024-07-08T22:22:12.501+0000] {processor.py:183} INFO - Processing /home/airflow/.local/lib/python3.12/site-packages/airflow/example_dags/example_bash_operator.py took 0.208 seconds
