[2024-07-08T21:45:04.982+0000] {processor.py:161} INFO - Started process (PID=60) to work on /home/airflow/.local/lib/python3.12/site-packages/airflow/example_dags/example_dag_decorator.py
[2024-07-08T21:45:05.029+0000] {processor.py:830} INFO - Processing file /home/airflow/.local/lib/python3.12/site-packages/airflow/example_dags/example_dag_decorator.py for tasks to queue
[2024-07-08T21:45:05.094+0000] {logging_mixin.py:188} INFO - [2024-07-08T21:45:05.092+0000] {dagbag.py:545} INFO - Filling up the DagBag from /home/airflow/.local/lib/python3.12/site-packages/airflow/example_dags/example_dag_decorator.py
[2024-07-08T21:45:07.886+0000] {processor.py:840} INFO - DAG(s) 'example_dag_decorator' retrieved from /home/airflow/.local/lib/python3.12/site-packages/airflow/example_dags/example_dag_decorator.py
[2024-07-08T21:45:09.659+0000] {logging_mixin.py:188} INFO - [2024-07-08T21:45:09.658+0000] {dag.py:3096} INFO - Sync 1 DAGs
[2024-07-08T21:45:09.825+0000] {logging_mixin.py:188} INFO - [2024-07-08T21:45:09.825+0000] {dag.py:3954} INFO - Setting next_dagrun for example_dag_decorator to None, run_after=None
[2024-07-08T21:45:10.354+0000] {processor.py:183} INFO - Processing /home/airflow/.local/lib/python3.12/site-packages/airflow/example_dags/example_dag_decorator.py took 5.526 seconds
[2024-07-08T21:45:50.108+0000] {processor.py:161} INFO - Started process (PID=119) to work on /home/airflow/.local/lib/python3.12/site-packages/airflow/example_dags/example_dag_decorator.py
[2024-07-08T21:45:50.123+0000] {processor.py:830} INFO - Processing file /home/airflow/.local/lib/python3.12/site-packages/airflow/example_dags/example_dag_decorator.py for tasks to queue
[2024-07-08T21:45:50.136+0000] {logging_mixin.py:188} INFO - [2024-07-08T21:45:50.133+0000] {dagbag.py:545} INFO - Filling up the DagBag from /home/airflow/.local/lib/python3.12/site-packages/airflow/example_dags/example_dag_decorator.py
[2024-07-08T21:45:50.856+0000] {processor.py:840} INFO - DAG(s) 'example_dag_decorator' retrieved from /home/airflow/.local/lib/python3.12/site-packages/airflow/example_dags/example_dag_decorator.py
[2024-07-08T21:45:51.362+0000] {logging_mixin.py:188} INFO - [2024-07-08T21:45:51.359+0000] {dag.py:3096} INFO - Sync 1 DAGs
[2024-07-08T21:45:51.454+0000] {logging_mixin.py:188} INFO - [2024-07-08T21:45:51.453+0000] {dag.py:3954} INFO - Setting next_dagrun for example_dag_decorator to None, run_after=None
[2024-07-08T21:45:51.559+0000] {processor.py:183} INFO - Processing /home/airflow/.local/lib/python3.12/site-packages/airflow/example_dags/example_dag_decorator.py took 1.498 seconds
[2024-07-08T21:46:22.141+0000] {processor.py:161} INFO - Started process (PID=178) to work on /home/airflow/.local/lib/python3.12/site-packages/airflow/example_dags/example_dag_decorator.py
[2024-07-08T21:46:22.143+0000] {processor.py:830} INFO - Processing file /home/airflow/.local/lib/python3.12/site-packages/airflow/example_dags/example_dag_decorator.py for tasks to queue
[2024-07-08T21:46:22.147+0000] {logging_mixin.py:188} INFO - [2024-07-08T21:46:22.146+0000] {dagbag.py:545} INFO - Filling up the DagBag from /home/airflow/.local/lib/python3.12/site-packages/airflow/example_dags/example_dag_decorator.py
[2024-07-08T21:46:22.336+0000] {processor.py:840} INFO - DAG(s) 'example_dag_decorator' retrieved from /home/airflow/.local/lib/python3.12/site-packages/airflow/example_dags/example_dag_decorator.py
[2024-07-08T21:46:22.354+0000] {logging_mixin.py:188} INFO - [2024-07-08T21:46:22.354+0000] {dag.py:3096} INFO - Sync 1 DAGs
[2024-07-08T21:46:22.379+0000] {logging_mixin.py:188} INFO - [2024-07-08T21:46:22.378+0000] {dag.py:3954} INFO - Setting next_dagrun for example_dag_decorator to None, run_after=None
[2024-07-08T21:46:22.413+0000] {processor.py:183} INFO - Processing /home/airflow/.local/lib/python3.12/site-packages/airflow/example_dags/example_dag_decorator.py took 0.281 seconds
[2024-07-08T21:46:54.483+0000] {processor.py:161} INFO - Started process (PID=237) to work on /home/airflow/.local/lib/python3.12/site-packages/airflow/example_dags/example_dag_decorator.py
[2024-07-08T21:46:54.487+0000] {processor.py:830} INFO - Processing file /home/airflow/.local/lib/python3.12/site-packages/airflow/example_dags/example_dag_decorator.py for tasks to queue
[2024-07-08T21:46:54.493+0000] {logging_mixin.py:188} INFO - [2024-07-08T21:46:54.492+0000] {dagbag.py:545} INFO - Filling up the DagBag from /home/airflow/.local/lib/python3.12/site-packages/airflow/example_dags/example_dag_decorator.py
[2024-07-08T21:46:54.665+0000] {processor.py:840} INFO - DAG(s) 'example_dag_decorator' retrieved from /home/airflow/.local/lib/python3.12/site-packages/airflow/example_dags/example_dag_decorator.py
[2024-07-08T21:46:54.856+0000] {logging_mixin.py:188} INFO - [2024-07-08T21:46:54.856+0000] {dag.py:3096} INFO - Sync 1 DAGs
[2024-07-08T21:46:54.875+0000] {logging_mixin.py:188} INFO - [2024-07-08T21:46:54.875+0000] {dag.py:3954} INFO - Setting next_dagrun for example_dag_decorator to None, run_after=None
[2024-07-08T21:46:54.912+0000] {processor.py:183} INFO - Processing /home/airflow/.local/lib/python3.12/site-packages/airflow/example_dags/example_dag_decorator.py took 0.440 seconds
[2024-07-08T21:47:25.276+0000] {processor.py:161} INFO - Started process (PID=295) to work on /home/airflow/.local/lib/python3.12/site-packages/airflow/example_dags/example_dag_decorator.py
[2024-07-08T21:47:25.278+0000] {processor.py:830} INFO - Processing file /home/airflow/.local/lib/python3.12/site-packages/airflow/example_dags/example_dag_decorator.py for tasks to queue
[2024-07-08T21:47:25.281+0000] {logging_mixin.py:188} INFO - [2024-07-08T21:47:25.281+0000] {dagbag.py:545} INFO - Filling up the DagBag from /home/airflow/.local/lib/python3.12/site-packages/airflow/example_dags/example_dag_decorator.py
[2024-07-08T21:47:25.488+0000] {processor.py:840} INFO - DAG(s) 'example_dag_decorator' retrieved from /home/airflow/.local/lib/python3.12/site-packages/airflow/example_dags/example_dag_decorator.py
[2024-07-08T21:47:25.680+0000] {logging_mixin.py:188} INFO - [2024-07-08T21:47:25.679+0000] {dag.py:3096} INFO - Sync 1 DAGs
[2024-07-08T21:47:25.708+0000] {logging_mixin.py:188} INFO - [2024-07-08T21:47:25.707+0000] {dag.py:3954} INFO - Setting next_dagrun for example_dag_decorator to None, run_after=None
[2024-07-08T21:47:25.738+0000] {processor.py:183} INFO - Processing /home/airflow/.local/lib/python3.12/site-packages/airflow/example_dags/example_dag_decorator.py took 0.472 seconds
[2024-07-08T21:47:58.644+0000] {processor.py:161} INFO - Started process (PID=352) to work on /home/airflow/.local/lib/python3.12/site-packages/airflow/example_dags/example_dag_decorator.py
[2024-07-08T21:47:58.646+0000] {processor.py:830} INFO - Processing file /home/airflow/.local/lib/python3.12/site-packages/airflow/example_dags/example_dag_decorator.py for tasks to queue
[2024-07-08T21:47:58.650+0000] {logging_mixin.py:188} INFO - [2024-07-08T21:47:58.649+0000] {dagbag.py:545} INFO - Filling up the DagBag from /home/airflow/.local/lib/python3.12/site-packages/airflow/example_dags/example_dag_decorator.py
[2024-07-08T21:47:59.125+0000] {processor.py:840} INFO - DAG(s) 'example_dag_decorator' retrieved from /home/airflow/.local/lib/python3.12/site-packages/airflow/example_dags/example_dag_decorator.py
[2024-07-08T21:47:59.688+0000] {logging_mixin.py:188} INFO - [2024-07-08T21:47:59.688+0000] {dag.py:3096} INFO - Sync 1 DAGs
[2024-07-08T21:47:59.714+0000] {logging_mixin.py:188} INFO - [2024-07-08T21:47:59.714+0000] {dag.py:3954} INFO - Setting next_dagrun for example_dag_decorator to None, run_after=None
[2024-07-08T21:47:59.767+0000] {processor.py:183} INFO - Processing /home/airflow/.local/lib/python3.12/site-packages/airflow/example_dags/example_dag_decorator.py took 1.132 seconds
[2024-07-08T21:48:30.764+0000] {processor.py:161} INFO - Started process (PID=411) to work on /home/airflow/.local/lib/python3.12/site-packages/airflow/example_dags/example_dag_decorator.py
[2024-07-08T21:48:30.772+0000] {processor.py:830} INFO - Processing file /home/airflow/.local/lib/python3.12/site-packages/airflow/example_dags/example_dag_decorator.py for tasks to queue
[2024-07-08T21:48:30.781+0000] {logging_mixin.py:188} INFO - [2024-07-08T21:48:30.780+0000] {dagbag.py:545} INFO - Filling up the DagBag from /home/airflow/.local/lib/python3.12/site-packages/airflow/example_dags/example_dag_decorator.py
[2024-07-08T21:48:31.008+0000] {processor.py:840} INFO - DAG(s) 'example_dag_decorator' retrieved from /home/airflow/.local/lib/python3.12/site-packages/airflow/example_dags/example_dag_decorator.py
[2024-07-08T21:48:31.296+0000] {logging_mixin.py:188} INFO - [2024-07-08T21:48:31.296+0000] {dag.py:3096} INFO - Sync 1 DAGs
[2024-07-08T21:48:31.319+0000] {logging_mixin.py:188} INFO - [2024-07-08T21:48:31.318+0000] {dag.py:3954} INFO - Setting next_dagrun for example_dag_decorator to None, run_after=None
[2024-07-08T21:48:31.355+0000] {processor.py:183} INFO - Processing /home/airflow/.local/lib/python3.12/site-packages/airflow/example_dags/example_dag_decorator.py took 0.606 seconds
[2024-07-08T21:49:01.555+0000] {processor.py:161} INFO - Started process (PID=472) to work on /home/airflow/.local/lib/python3.12/site-packages/airflow/example_dags/example_dag_decorator.py
[2024-07-08T21:49:01.557+0000] {processor.py:830} INFO - Processing file /home/airflow/.local/lib/python3.12/site-packages/airflow/example_dags/example_dag_decorator.py for tasks to queue
[2024-07-08T21:49:01.560+0000] {logging_mixin.py:188} INFO - [2024-07-08T21:49:01.560+0000] {dagbag.py:545} INFO - Filling up the DagBag from /home/airflow/.local/lib/python3.12/site-packages/airflow/example_dags/example_dag_decorator.py
[2024-07-08T21:49:01.781+0000] {processor.py:840} INFO - DAG(s) 'example_dag_decorator' retrieved from /home/airflow/.local/lib/python3.12/site-packages/airflow/example_dags/example_dag_decorator.py
[2024-07-08T21:49:01.945+0000] {logging_mixin.py:188} INFO - [2024-07-08T21:49:01.944+0000] {dag.py:3096} INFO - Sync 1 DAGs
[2024-07-08T21:49:01.960+0000] {logging_mixin.py:188} INFO - [2024-07-08T21:49:01.960+0000] {dag.py:3954} INFO - Setting next_dagrun for example_dag_decorator to None, run_after=None
[2024-07-08T21:49:01.990+0000] {processor.py:183} INFO - Processing /home/airflow/.local/lib/python3.12/site-packages/airflow/example_dags/example_dag_decorator.py took 0.445 seconds
[2024-07-08T21:49:32.119+0000] {processor.py:161} INFO - Started process (PID=531) to work on /home/airflow/.local/lib/python3.12/site-packages/airflow/example_dags/example_dag_decorator.py
[2024-07-08T21:49:32.122+0000] {processor.py:830} INFO - Processing file /home/airflow/.local/lib/python3.12/site-packages/airflow/example_dags/example_dag_decorator.py for tasks to queue
[2024-07-08T21:49:32.127+0000] {logging_mixin.py:188} INFO - [2024-07-08T21:49:32.126+0000] {dagbag.py:545} INFO - Filling up the DagBag from /home/airflow/.local/lib/python3.12/site-packages/airflow/example_dags/example_dag_decorator.py
[2024-07-08T21:49:32.391+0000] {processor.py:840} INFO - DAG(s) 'example_dag_decorator' retrieved from /home/airflow/.local/lib/python3.12/site-packages/airflow/example_dags/example_dag_decorator.py
[2024-07-08T21:49:32.444+0000] {logging_mixin.py:188} INFO - [2024-07-08T21:49:32.443+0000] {dag.py:3096} INFO - Sync 1 DAGs
[2024-07-08T21:49:32.495+0000] {logging_mixin.py:188} INFO - [2024-07-08T21:49:32.494+0000] {dag.py:3954} INFO - Setting next_dagrun for example_dag_decorator to None, run_after=None
[2024-07-08T21:49:32.585+0000] {processor.py:183} INFO - Processing /home/airflow/.local/lib/python3.12/site-packages/airflow/example_dags/example_dag_decorator.py took 0.479 seconds
[2024-07-08T21:50:02.698+0000] {processor.py:161} INFO - Started process (PID=590) to work on /home/airflow/.local/lib/python3.12/site-packages/airflow/example_dags/example_dag_decorator.py
[2024-07-08T21:50:02.699+0000] {processor.py:830} INFO - Processing file /home/airflow/.local/lib/python3.12/site-packages/airflow/example_dags/example_dag_decorator.py for tasks to queue
[2024-07-08T21:50:02.704+0000] {logging_mixin.py:188} INFO - [2024-07-08T21:50:02.703+0000] {dagbag.py:545} INFO - Filling up the DagBag from /home/airflow/.local/lib/python3.12/site-packages/airflow/example_dags/example_dag_decorator.py
[2024-07-08T21:50:02.912+0000] {processor.py:840} INFO - DAG(s) 'example_dag_decorator' retrieved from /home/airflow/.local/lib/python3.12/site-packages/airflow/example_dags/example_dag_decorator.py
[2024-07-08T21:50:02.952+0000] {logging_mixin.py:188} INFO - [2024-07-08T21:50:02.952+0000] {dag.py:3096} INFO - Sync 1 DAGs
[2024-07-08T21:50:02.977+0000] {logging_mixin.py:188} INFO - [2024-07-08T21:50:02.976+0000] {dag.py:3954} INFO - Setting next_dagrun for example_dag_decorator to None, run_after=None
[2024-07-08T21:50:03.007+0000] {processor.py:183} INFO - Processing /home/airflow/.local/lib/python3.12/site-packages/airflow/example_dags/example_dag_decorator.py took 0.321 seconds
[2024-07-08T21:50:34.256+0000] {processor.py:161} INFO - Started process (PID=650) to work on /home/airflow/.local/lib/python3.12/site-packages/airflow/example_dags/example_dag_decorator.py
[2024-07-08T21:50:34.259+0000] {processor.py:830} INFO - Processing file /home/airflow/.local/lib/python3.12/site-packages/airflow/example_dags/example_dag_decorator.py for tasks to queue
[2024-07-08T21:50:34.263+0000] {logging_mixin.py:188} INFO - [2024-07-08T21:50:34.263+0000] {dagbag.py:545} INFO - Filling up the DagBag from /home/airflow/.local/lib/python3.12/site-packages/airflow/example_dags/example_dag_decorator.py
[2024-07-08T21:50:34.769+0000] {processor.py:840} INFO - DAG(s) 'example_dag_decorator' retrieved from /home/airflow/.local/lib/python3.12/site-packages/airflow/example_dags/example_dag_decorator.py
[2024-07-08T21:50:35.109+0000] {logging_mixin.py:188} INFO - [2024-07-08T21:50:35.109+0000] {dag.py:3096} INFO - Sync 1 DAGs
[2024-07-08T21:50:35.669+0000] {logging_mixin.py:188} INFO - [2024-07-08T21:50:35.669+0000] {dag.py:3954} INFO - Setting next_dagrun for example_dag_decorator to None, run_after=None
[2024-07-08T21:50:35.742+0000] {processor.py:183} INFO - Processing /home/airflow/.local/lib/python3.12/site-packages/airflow/example_dags/example_dag_decorator.py took 1.500 seconds
[2024-07-08T21:51:06.299+0000] {processor.py:161} INFO - Started process (PID=715) to work on /home/airflow/.local/lib/python3.12/site-packages/airflow/example_dags/example_dag_decorator.py
[2024-07-08T21:51:06.300+0000] {processor.py:830} INFO - Processing file /home/airflow/.local/lib/python3.12/site-packages/airflow/example_dags/example_dag_decorator.py for tasks to queue
[2024-07-08T21:51:06.304+0000] {logging_mixin.py:188} INFO - [2024-07-08T21:51:06.303+0000] {dagbag.py:545} INFO - Filling up the DagBag from /home/airflow/.local/lib/python3.12/site-packages/airflow/example_dags/example_dag_decorator.py
[2024-07-08T21:51:06.573+0000] {processor.py:840} INFO - DAG(s) 'example_dag_decorator' retrieved from /home/airflow/.local/lib/python3.12/site-packages/airflow/example_dags/example_dag_decorator.py
[2024-07-08T21:51:06.769+0000] {logging_mixin.py:188} INFO - [2024-07-08T21:51:06.768+0000] {dag.py:3096} INFO - Sync 1 DAGs
[2024-07-08T21:51:06.787+0000] {logging_mixin.py:188} INFO - [2024-07-08T21:51:06.786+0000] {dag.py:3954} INFO - Setting next_dagrun for example_dag_decorator to None, run_after=None
[2024-07-08T21:51:06.996+0000] {processor.py:183} INFO - Processing /home/airflow/.local/lib/python3.12/site-packages/airflow/example_dags/example_dag_decorator.py took 0.711 seconds
[2024-07-08T21:51:37.069+0000] {processor.py:161} INFO - Started process (PID=777) to work on /home/airflow/.local/lib/python3.12/site-packages/airflow/example_dags/example_dag_decorator.py
[2024-07-08T21:51:37.071+0000] {processor.py:830} INFO - Processing file /home/airflow/.local/lib/python3.12/site-packages/airflow/example_dags/example_dag_decorator.py for tasks to queue
[2024-07-08T21:51:37.074+0000] {logging_mixin.py:188} INFO - [2024-07-08T21:51:37.073+0000] {dagbag.py:545} INFO - Filling up the DagBag from /home/airflow/.local/lib/python3.12/site-packages/airflow/example_dags/example_dag_decorator.py
[2024-07-08T21:51:37.220+0000] {processor.py:840} INFO - DAG(s) 'example_dag_decorator' retrieved from /home/airflow/.local/lib/python3.12/site-packages/airflow/example_dags/example_dag_decorator.py
[2024-07-08T21:51:37.374+0000] {logging_mixin.py:188} INFO - [2024-07-08T21:51:37.374+0000] {dag.py:3096} INFO - Sync 1 DAGs
[2024-07-08T21:51:37.389+0000] {logging_mixin.py:188} INFO - [2024-07-08T21:51:37.388+0000] {dag.py:3954} INFO - Setting next_dagrun for example_dag_decorator to None, run_after=None
[2024-07-08T21:51:37.429+0000] {processor.py:183} INFO - Processing /home/airflow/.local/lib/python3.12/site-packages/airflow/example_dags/example_dag_decorator.py took 0.369 seconds
[2024-07-08T21:52:08.141+0000] {processor.py:161} INFO - Started process (PID=833) to work on /home/airflow/.local/lib/python3.12/site-packages/airflow/example_dags/example_dag_decorator.py
[2024-07-08T21:52:08.143+0000] {processor.py:830} INFO - Processing file /home/airflow/.local/lib/python3.12/site-packages/airflow/example_dags/example_dag_decorator.py for tasks to queue
[2024-07-08T21:52:08.147+0000] {logging_mixin.py:188} INFO - [2024-07-08T21:52:08.146+0000] {dagbag.py:545} INFO - Filling up the DagBag from /home/airflow/.local/lib/python3.12/site-packages/airflow/example_dags/example_dag_decorator.py
[2024-07-08T21:52:08.573+0000] {processor.py:840} INFO - DAG(s) 'example_dag_decorator' retrieved from /home/airflow/.local/lib/python3.12/site-packages/airflow/example_dags/example_dag_decorator.py
[2024-07-08T21:52:08.787+0000] {logging_mixin.py:188} INFO - [2024-07-08T21:52:08.787+0000] {dag.py:3096} INFO - Sync 1 DAGs
[2024-07-08T21:52:08.806+0000] {logging_mixin.py:188} INFO - [2024-07-08T21:52:08.806+0000] {dag.py:3954} INFO - Setting next_dagrun for example_dag_decorator to None, run_after=None
[2024-07-08T21:52:08.838+0000] {processor.py:183} INFO - Processing /home/airflow/.local/lib/python3.12/site-packages/airflow/example_dags/example_dag_decorator.py took 0.707 seconds
[2024-07-08T21:52:39.708+0000] {processor.py:161} INFO - Started process (PID=894) to work on /home/airflow/.local/lib/python3.12/site-packages/airflow/example_dags/example_dag_decorator.py
[2024-07-08T21:52:39.730+0000] {processor.py:830} INFO - Processing file /home/airflow/.local/lib/python3.12/site-packages/airflow/example_dags/example_dag_decorator.py for tasks to queue
[2024-07-08T21:52:39.739+0000] {logging_mixin.py:188} INFO - [2024-07-08T21:52:39.738+0000] {dagbag.py:545} INFO - Filling up the DagBag from /home/airflow/.local/lib/python3.12/site-packages/airflow/example_dags/example_dag_decorator.py
[2024-07-08T21:52:40.336+0000] {processor.py:840} INFO - DAG(s) 'example_dag_decorator' retrieved from /home/airflow/.local/lib/python3.12/site-packages/airflow/example_dags/example_dag_decorator.py
[2024-07-08T21:52:40.770+0000] {logging_mixin.py:188} INFO - [2024-07-08T21:52:40.770+0000] {dag.py:3096} INFO - Sync 1 DAGs
[2024-07-08T21:52:40.800+0000] {logging_mixin.py:188} INFO - [2024-07-08T21:52:40.800+0000] {dag.py:3954} INFO - Setting next_dagrun for example_dag_decorator to None, run_after=None
[2024-07-08T21:52:40.846+0000] {processor.py:183} INFO - Processing /home/airflow/.local/lib/python3.12/site-packages/airflow/example_dags/example_dag_decorator.py took 1.154 seconds
[2024-07-08T21:53:11.020+0000] {processor.py:161} INFO - Started process (PID=954) to work on /home/airflow/.local/lib/python3.12/site-packages/airflow/example_dags/example_dag_decorator.py
[2024-07-08T21:53:11.022+0000] {processor.py:830} INFO - Processing file /home/airflow/.local/lib/python3.12/site-packages/airflow/example_dags/example_dag_decorator.py for tasks to queue
[2024-07-08T21:53:11.027+0000] {logging_mixin.py:188} INFO - [2024-07-08T21:53:11.025+0000] {dagbag.py:545} INFO - Filling up the DagBag from /home/airflow/.local/lib/python3.12/site-packages/airflow/example_dags/example_dag_decorator.py
[2024-07-08T21:53:11.305+0000] {processor.py:840} INFO - DAG(s) 'example_dag_decorator' retrieved from /home/airflow/.local/lib/python3.12/site-packages/airflow/example_dags/example_dag_decorator.py
[2024-07-08T21:53:11.660+0000] {logging_mixin.py:188} INFO - [2024-07-08T21:53:11.659+0000] {dag.py:3096} INFO - Sync 1 DAGs
[2024-07-08T21:53:11.673+0000] {logging_mixin.py:188} INFO - [2024-07-08T21:53:11.673+0000] {dag.py:3954} INFO - Setting next_dagrun for example_dag_decorator to None, run_after=None
[2024-07-08T21:53:11.700+0000] {processor.py:183} INFO - Processing /home/airflow/.local/lib/python3.12/site-packages/airflow/example_dags/example_dag_decorator.py took 0.698 seconds
[2024-07-08T21:53:42.139+0000] {processor.py:161} INFO - Started process (PID=1011) to work on /home/airflow/.local/lib/python3.12/site-packages/airflow/example_dags/example_dag_decorator.py
[2024-07-08T21:53:42.140+0000] {processor.py:830} INFO - Processing file /home/airflow/.local/lib/python3.12/site-packages/airflow/example_dags/example_dag_decorator.py for tasks to queue
[2024-07-08T21:53:42.143+0000] {logging_mixin.py:188} INFO - [2024-07-08T21:53:42.143+0000] {dagbag.py:545} INFO - Filling up the DagBag from /home/airflow/.local/lib/python3.12/site-packages/airflow/example_dags/example_dag_decorator.py
[2024-07-08T21:53:42.313+0000] {processor.py:840} INFO - DAG(s) 'example_dag_decorator' retrieved from /home/airflow/.local/lib/python3.12/site-packages/airflow/example_dags/example_dag_decorator.py
[2024-07-08T21:53:42.722+0000] {logging_mixin.py:188} INFO - [2024-07-08T21:53:42.721+0000] {dag.py:3096} INFO - Sync 1 DAGs
[2024-07-08T21:53:42.739+0000] {logging_mixin.py:188} INFO - [2024-07-08T21:53:42.739+0000] {dag.py:3954} INFO - Setting next_dagrun for example_dag_decorator to None, run_after=None
[2024-07-08T21:53:42.772+0000] {processor.py:183} INFO - Processing /home/airflow/.local/lib/python3.12/site-packages/airflow/example_dags/example_dag_decorator.py took 0.642 seconds
[2024-07-08T21:54:13.047+0000] {processor.py:161} INFO - Started process (PID=1070) to work on /home/airflow/.local/lib/python3.12/site-packages/airflow/example_dags/example_dag_decorator.py
[2024-07-08T21:54:13.064+0000] {processor.py:830} INFO - Processing file /home/airflow/.local/lib/python3.12/site-packages/airflow/example_dags/example_dag_decorator.py for tasks to queue
[2024-07-08T21:54:13.080+0000] {logging_mixin.py:188} INFO - [2024-07-08T21:54:13.077+0000] {dagbag.py:545} INFO - Filling up the DagBag from /home/airflow/.local/lib/python3.12/site-packages/airflow/example_dags/example_dag_decorator.py
[2024-07-08T21:54:16.000+0000] {processor.py:840} INFO - DAG(s) 'example_dag_decorator' retrieved from /home/airflow/.local/lib/python3.12/site-packages/airflow/example_dags/example_dag_decorator.py
[2024-07-08T21:54:16.453+0000] {logging_mixin.py:188} INFO - [2024-07-08T21:54:16.452+0000] {dag.py:3096} INFO - Sync 1 DAGs
[2024-07-08T21:54:16.621+0000] {logging_mixin.py:188} INFO - [2024-07-08T21:54:16.621+0000] {dag.py:3954} INFO - Setting next_dagrun for example_dag_decorator to None, run_after=None
[2024-07-08T21:54:16.854+0000] {processor.py:183} INFO - Processing /home/airflow/.local/lib/python3.12/site-packages/airflow/example_dags/example_dag_decorator.py took 3.820 seconds
[2024-07-08T21:54:47.134+0000] {processor.py:161} INFO - Started process (PID=1130) to work on /home/airflow/.local/lib/python3.12/site-packages/airflow/example_dags/example_dag_decorator.py
[2024-07-08T21:54:47.136+0000] {processor.py:830} INFO - Processing file /home/airflow/.local/lib/python3.12/site-packages/airflow/example_dags/example_dag_decorator.py for tasks to queue
[2024-07-08T21:54:47.141+0000] {logging_mixin.py:188} INFO - [2024-07-08T21:54:47.140+0000] {dagbag.py:545} INFO - Filling up the DagBag from /home/airflow/.local/lib/python3.12/site-packages/airflow/example_dags/example_dag_decorator.py
[2024-07-08T21:54:47.392+0000] {processor.py:840} INFO - DAG(s) 'example_dag_decorator' retrieved from /home/airflow/.local/lib/python3.12/site-packages/airflow/example_dags/example_dag_decorator.py
[2024-07-08T21:54:47.721+0000] {logging_mixin.py:188} INFO - [2024-07-08T21:54:47.721+0000] {dag.py:3096} INFO - Sync 1 DAGs
[2024-07-08T21:54:47.743+0000] {logging_mixin.py:188} INFO - [2024-07-08T21:54:47.743+0000] {dag.py:3954} INFO - Setting next_dagrun for example_dag_decorator to None, run_after=None
[2024-07-08T21:54:47.793+0000] {processor.py:183} INFO - Processing /home/airflow/.local/lib/python3.12/site-packages/airflow/example_dags/example_dag_decorator.py took 0.674 seconds
[2024-07-08T21:55:17.992+0000] {processor.py:161} INFO - Started process (PID=1187) to work on /home/airflow/.local/lib/python3.12/site-packages/airflow/example_dags/example_dag_decorator.py
[2024-07-08T21:55:18.008+0000] {processor.py:830} INFO - Processing file /home/airflow/.local/lib/python3.12/site-packages/airflow/example_dags/example_dag_decorator.py for tasks to queue
[2024-07-08T21:55:18.013+0000] {logging_mixin.py:188} INFO - [2024-07-08T21:55:18.012+0000] {dagbag.py:545} INFO - Filling up the DagBag from /home/airflow/.local/lib/python3.12/site-packages/airflow/example_dags/example_dag_decorator.py
[2024-07-08T21:55:18.228+0000] {processor.py:840} INFO - DAG(s) 'example_dag_decorator' retrieved from /home/airflow/.local/lib/python3.12/site-packages/airflow/example_dags/example_dag_decorator.py
[2024-07-08T21:55:18.655+0000] {logging_mixin.py:188} INFO - [2024-07-08T21:55:18.655+0000] {dag.py:3096} INFO - Sync 1 DAGs
[2024-07-08T21:55:18.677+0000] {logging_mixin.py:188} INFO - [2024-07-08T21:55:18.677+0000] {dag.py:3954} INFO - Setting next_dagrun for example_dag_decorator to None, run_after=None
[2024-07-08T21:55:18.721+0000] {processor.py:183} INFO - Processing /home/airflow/.local/lib/python3.12/site-packages/airflow/example_dags/example_dag_decorator.py took 0.745 seconds
[2024-07-08T21:55:49.414+0000] {processor.py:161} INFO - Started process (PID=1246) to work on /home/airflow/.local/lib/python3.12/site-packages/airflow/example_dags/example_dag_decorator.py
[2024-07-08T21:55:49.416+0000] {processor.py:830} INFO - Processing file /home/airflow/.local/lib/python3.12/site-packages/airflow/example_dags/example_dag_decorator.py for tasks to queue
[2024-07-08T21:55:49.421+0000] {logging_mixin.py:188} INFO - [2024-07-08T21:55:49.420+0000] {dagbag.py:545} INFO - Filling up the DagBag from /home/airflow/.local/lib/python3.12/site-packages/airflow/example_dags/example_dag_decorator.py
[2024-07-08T21:55:49.870+0000] {processor.py:840} INFO - DAG(s) 'example_dag_decorator' retrieved from /home/airflow/.local/lib/python3.12/site-packages/airflow/example_dags/example_dag_decorator.py
[2024-07-08T21:55:50.632+0000] {logging_mixin.py:188} INFO - [2024-07-08T21:55:50.631+0000] {dag.py:3096} INFO - Sync 1 DAGs
[2024-07-08T21:55:50.668+0000] {logging_mixin.py:188} INFO - [2024-07-08T21:55:50.666+0000] {dag.py:3954} INFO - Setting next_dagrun for example_dag_decorator to None, run_after=None
[2024-07-08T21:55:50.726+0000] {processor.py:183} INFO - Processing /home/airflow/.local/lib/python3.12/site-packages/airflow/example_dags/example_dag_decorator.py took 1.325 seconds
[2024-07-08T21:56:20.831+0000] {processor.py:161} INFO - Started process (PID=1308) to work on /home/airflow/.local/lib/python3.12/site-packages/airflow/example_dags/example_dag_decorator.py
[2024-07-08T21:56:20.833+0000] {processor.py:830} INFO - Processing file /home/airflow/.local/lib/python3.12/site-packages/airflow/example_dags/example_dag_decorator.py for tasks to queue
[2024-07-08T21:56:20.839+0000] {logging_mixin.py:188} INFO - [2024-07-08T21:56:20.838+0000] {dagbag.py:545} INFO - Filling up the DagBag from /home/airflow/.local/lib/python3.12/site-packages/airflow/example_dags/example_dag_decorator.py
[2024-07-08T21:56:20.997+0000] {processor.py:840} INFO - DAG(s) 'example_dag_decorator' retrieved from /home/airflow/.local/lib/python3.12/site-packages/airflow/example_dags/example_dag_decorator.py
[2024-07-08T21:56:21.324+0000] {logging_mixin.py:188} INFO - [2024-07-08T21:56:21.323+0000] {dag.py:3096} INFO - Sync 1 DAGs
[2024-07-08T21:56:21.337+0000] {logging_mixin.py:188} INFO - [2024-07-08T21:56:21.337+0000] {dag.py:3954} INFO - Setting next_dagrun for example_dag_decorator to None, run_after=None
[2024-07-08T21:56:21.367+0000] {processor.py:183} INFO - Processing /home/airflow/.local/lib/python3.12/site-packages/airflow/example_dags/example_dag_decorator.py took 0.546 seconds
[2024-07-08T21:56:52.204+0000] {processor.py:161} INFO - Started process (PID=1367) to work on /home/airflow/.local/lib/python3.12/site-packages/airflow/example_dags/example_dag_decorator.py
[2024-07-08T21:56:52.206+0000] {processor.py:830} INFO - Processing file /home/airflow/.local/lib/python3.12/site-packages/airflow/example_dags/example_dag_decorator.py for tasks to queue
[2024-07-08T21:56:52.212+0000] {logging_mixin.py:188} INFO - [2024-07-08T21:56:52.211+0000] {dagbag.py:545} INFO - Filling up the DagBag from /home/airflow/.local/lib/python3.12/site-packages/airflow/example_dags/example_dag_decorator.py
[2024-07-08T21:56:52.757+0000] {processor.py:840} INFO - DAG(s) 'example_dag_decorator' retrieved from /home/airflow/.local/lib/python3.12/site-packages/airflow/example_dags/example_dag_decorator.py
[2024-07-08T21:56:53.346+0000] {logging_mixin.py:188} INFO - [2024-07-08T21:56:53.345+0000] {dag.py:3096} INFO - Sync 1 DAGs
[2024-07-08T21:56:53.391+0000] {logging_mixin.py:188} INFO - [2024-07-08T21:56:53.390+0000] {dag.py:3954} INFO - Setting next_dagrun for example_dag_decorator to None, run_after=None
[2024-07-08T21:56:53.450+0000] {processor.py:183} INFO - Processing /home/airflow/.local/lib/python3.12/site-packages/airflow/example_dags/example_dag_decorator.py took 1.261 seconds
[2024-07-08T21:57:23.859+0000] {processor.py:161} INFO - Started process (PID=1427) to work on /home/airflow/.local/lib/python3.12/site-packages/airflow/example_dags/example_dag_decorator.py
[2024-07-08T21:57:23.862+0000] {processor.py:830} INFO - Processing file /home/airflow/.local/lib/python3.12/site-packages/airflow/example_dags/example_dag_decorator.py for tasks to queue
[2024-07-08T21:57:23.865+0000] {logging_mixin.py:188} INFO - [2024-07-08T21:57:23.864+0000] {dagbag.py:545} INFO - Filling up the DagBag from /home/airflow/.local/lib/python3.12/site-packages/airflow/example_dags/example_dag_decorator.py
[2024-07-08T21:57:24.150+0000] {processor.py:840} INFO - DAG(s) 'example_dag_decorator' retrieved from /home/airflow/.local/lib/python3.12/site-packages/airflow/example_dags/example_dag_decorator.py
[2024-07-08T21:57:24.774+0000] {logging_mixin.py:188} INFO - [2024-07-08T21:57:24.774+0000] {dag.py:3096} INFO - Sync 1 DAGs
[2024-07-08T21:57:24.795+0000] {logging_mixin.py:188} INFO - [2024-07-08T21:57:24.794+0000] {dag.py:3954} INFO - Setting next_dagrun for example_dag_decorator to None, run_after=None
[2024-07-08T21:57:24.838+0000] {processor.py:183} INFO - Processing /home/airflow/.local/lib/python3.12/site-packages/airflow/example_dags/example_dag_decorator.py took 0.988 seconds
[2024-07-08T21:57:54.936+0000] {processor.py:161} INFO - Started process (PID=1488) to work on /home/airflow/.local/lib/python3.12/site-packages/airflow/example_dags/example_dag_decorator.py
[2024-07-08T21:57:54.938+0000] {processor.py:830} INFO - Processing file /home/airflow/.local/lib/python3.12/site-packages/airflow/example_dags/example_dag_decorator.py for tasks to queue
[2024-07-08T21:57:54.942+0000] {logging_mixin.py:188} INFO - [2024-07-08T21:57:54.941+0000] {dagbag.py:545} INFO - Filling up the DagBag from /home/airflow/.local/lib/python3.12/site-packages/airflow/example_dags/example_dag_decorator.py
[2024-07-08T21:57:55.179+0000] {processor.py:840} INFO - DAG(s) 'example_dag_decorator' retrieved from /home/airflow/.local/lib/python3.12/site-packages/airflow/example_dags/example_dag_decorator.py
[2024-07-08T21:57:55.546+0000] {logging_mixin.py:188} INFO - [2024-07-08T21:57:55.546+0000] {dag.py:3096} INFO - Sync 1 DAGs
[2024-07-08T21:57:55.560+0000] {logging_mixin.py:188} INFO - [2024-07-08T21:57:55.559+0000] {dag.py:3954} INFO - Setting next_dagrun for example_dag_decorator to None, run_after=None
[2024-07-08T21:57:55.595+0000] {processor.py:183} INFO - Processing /home/airflow/.local/lib/python3.12/site-packages/airflow/example_dags/example_dag_decorator.py took 0.672 seconds
[2024-07-08T21:58:26.000+0000] {processor.py:161} INFO - Started process (PID=1549) to work on /home/airflow/.local/lib/python3.12/site-packages/airflow/example_dags/example_dag_decorator.py
[2024-07-08T21:58:26.016+0000] {processor.py:830} INFO - Processing file /home/airflow/.local/lib/python3.12/site-packages/airflow/example_dags/example_dag_decorator.py for tasks to queue
[2024-07-08T21:58:26.043+0000] {logging_mixin.py:188} INFO - [2024-07-08T21:58:26.042+0000] {dagbag.py:545} INFO - Filling up the DagBag from /home/airflow/.local/lib/python3.12/site-packages/airflow/example_dags/example_dag_decorator.py
[2024-07-08T21:58:26.451+0000] {processor.py:840} INFO - DAG(s) 'example_dag_decorator' retrieved from /home/airflow/.local/lib/python3.12/site-packages/airflow/example_dags/example_dag_decorator.py
[2024-07-08T21:58:27.061+0000] {logging_mixin.py:188} INFO - [2024-07-08T21:58:27.061+0000] {dag.py:3096} INFO - Sync 1 DAGs
[2024-07-08T21:58:27.095+0000] {logging_mixin.py:188} INFO - [2024-07-08T21:58:27.094+0000] {dag.py:3954} INFO - Setting next_dagrun for example_dag_decorator to None, run_after=None
[2024-07-08T21:58:27.134+0000] {processor.py:183} INFO - Processing /home/airflow/.local/lib/python3.12/site-packages/airflow/example_dags/example_dag_decorator.py took 1.242 seconds
[2024-07-08T21:58:58.324+0000] {processor.py:161} INFO - Started process (PID=1609) to work on /home/airflow/.local/lib/python3.12/site-packages/airflow/example_dags/example_dag_decorator.py
[2024-07-08T21:58:58.330+0000] {processor.py:830} INFO - Processing file /home/airflow/.local/lib/python3.12/site-packages/airflow/example_dags/example_dag_decorator.py for tasks to queue
[2024-07-08T21:58:58.339+0000] {logging_mixin.py:188} INFO - [2024-07-08T21:58:58.339+0000] {dagbag.py:545} INFO - Filling up the DagBag from /home/airflow/.local/lib/python3.12/site-packages/airflow/example_dags/example_dag_decorator.py
[2024-07-08T21:58:59.256+0000] {processor.py:840} INFO - DAG(s) 'example_dag_decorator' retrieved from /home/airflow/.local/lib/python3.12/site-packages/airflow/example_dags/example_dag_decorator.py
[2024-07-08T21:58:59.663+0000] {logging_mixin.py:188} INFO - [2024-07-08T21:58:59.663+0000] {dag.py:3096} INFO - Sync 1 DAGs
[2024-07-08T21:58:59.706+0000] {logging_mixin.py:188} INFO - [2024-07-08T21:58:59.705+0000] {dag.py:3954} INFO - Setting next_dagrun for example_dag_decorator to None, run_after=None
[2024-07-08T21:58:59.819+0000] {processor.py:183} INFO - Processing /home/airflow/.local/lib/python3.12/site-packages/airflow/example_dags/example_dag_decorator.py took 1.508 seconds
[2024-07-08T21:59:29.919+0000] {processor.py:161} INFO - Started process (PID=1671) to work on /home/airflow/.local/lib/python3.12/site-packages/airflow/example_dags/example_dag_decorator.py
[2024-07-08T21:59:29.921+0000] {processor.py:830} INFO - Processing file /home/airflow/.local/lib/python3.12/site-packages/airflow/example_dags/example_dag_decorator.py for tasks to queue
[2024-07-08T21:59:29.926+0000] {logging_mixin.py:188} INFO - [2024-07-08T21:59:29.925+0000] {dagbag.py:545} INFO - Filling up the DagBag from /home/airflow/.local/lib/python3.12/site-packages/airflow/example_dags/example_dag_decorator.py
[2024-07-08T21:59:30.510+0000] {processor.py:840} INFO - DAG(s) 'example_dag_decorator' retrieved from /home/airflow/.local/lib/python3.12/site-packages/airflow/example_dags/example_dag_decorator.py
[2024-07-08T21:59:30.791+0000] {logging_mixin.py:188} INFO - [2024-07-08T21:59:30.791+0000] {dag.py:3096} INFO - Sync 1 DAGs
[2024-07-08T21:59:30.817+0000] {logging_mixin.py:188} INFO - [2024-07-08T21:59:30.816+0000] {dag.py:3954} INFO - Setting next_dagrun for example_dag_decorator to None, run_after=None
[2024-07-08T21:59:30.869+0000] {processor.py:183} INFO - Processing /home/airflow/.local/lib/python3.12/site-packages/airflow/example_dags/example_dag_decorator.py took 0.966 seconds
[2024-07-08T22:00:01.745+0000] {processor.py:161} INFO - Started process (PID=1732) to work on /home/airflow/.local/lib/python3.12/site-packages/airflow/example_dags/example_dag_decorator.py
[2024-07-08T22:00:01.750+0000] {processor.py:830} INFO - Processing file /home/airflow/.local/lib/python3.12/site-packages/airflow/example_dags/example_dag_decorator.py for tasks to queue
[2024-07-08T22:00:01.754+0000] {logging_mixin.py:188} INFO - [2024-07-08T22:00:01.754+0000] {dagbag.py:545} INFO - Filling up the DagBag from /home/airflow/.local/lib/python3.12/site-packages/airflow/example_dags/example_dag_decorator.py
[2024-07-08T22:00:02.011+0000] {processor.py:840} INFO - DAG(s) 'example_dag_decorator' retrieved from /home/airflow/.local/lib/python3.12/site-packages/airflow/example_dags/example_dag_decorator.py
[2024-07-08T22:00:03.092+0000] {logging_mixin.py:188} INFO - [2024-07-08T22:00:03.091+0000] {dag.py:3096} INFO - Sync 1 DAGs
[2024-07-08T22:00:03.110+0000] {logging_mixin.py:188} INFO - [2024-07-08T22:00:03.109+0000] {dag.py:3954} INFO - Setting next_dagrun for example_dag_decorator to None, run_after=None
[2024-07-08T22:00:03.146+0000] {processor.py:183} INFO - Processing /home/airflow/.local/lib/python3.12/site-packages/airflow/example_dags/example_dag_decorator.py took 1.416 seconds
[2024-07-08T22:00:33.190+0000] {processor.py:161} INFO - Started process (PID=1793) to work on /home/airflow/.local/lib/python3.12/site-packages/airflow/example_dags/example_dag_decorator.py
[2024-07-08T22:00:33.194+0000] {processor.py:830} INFO - Processing file /home/airflow/.local/lib/python3.12/site-packages/airflow/example_dags/example_dag_decorator.py for tasks to queue
[2024-07-08T22:00:33.197+0000] {logging_mixin.py:188} INFO - [2024-07-08T22:00:33.197+0000] {dagbag.py:545} INFO - Filling up the DagBag from /home/airflow/.local/lib/python3.12/site-packages/airflow/example_dags/example_dag_decorator.py
[2024-07-08T22:00:33.636+0000] {processor.py:840} INFO - DAG(s) 'example_dag_decorator' retrieved from /home/airflow/.local/lib/python3.12/site-packages/airflow/example_dags/example_dag_decorator.py
[2024-07-08T22:00:33.819+0000] {logging_mixin.py:188} INFO - [2024-07-08T22:00:33.819+0000] {dag.py:3096} INFO - Sync 1 DAGs
[2024-07-08T22:00:33.847+0000] {logging_mixin.py:188} INFO - [2024-07-08T22:00:33.846+0000] {dag.py:3954} INFO - Setting next_dagrun for example_dag_decorator to None, run_after=None
[2024-07-08T22:00:33.883+0000] {processor.py:183} INFO - Processing /home/airflow/.local/lib/python3.12/site-packages/airflow/example_dags/example_dag_decorator.py took 0.702 seconds
[2024-07-08T22:01:04.169+0000] {processor.py:161} INFO - Started process (PID=1852) to work on /home/airflow/.local/lib/python3.12/site-packages/airflow/example_dags/example_dag_decorator.py
[2024-07-08T22:01:04.171+0000] {processor.py:830} INFO - Processing file /home/airflow/.local/lib/python3.12/site-packages/airflow/example_dags/example_dag_decorator.py for tasks to queue
[2024-07-08T22:01:04.175+0000] {logging_mixin.py:188} INFO - [2024-07-08T22:01:04.175+0000] {dagbag.py:545} INFO - Filling up the DagBag from /home/airflow/.local/lib/python3.12/site-packages/airflow/example_dags/example_dag_decorator.py
[2024-07-08T22:01:04.619+0000] {processor.py:840} INFO - DAG(s) 'example_dag_decorator' retrieved from /home/airflow/.local/lib/python3.12/site-packages/airflow/example_dags/example_dag_decorator.py
[2024-07-08T22:01:04.799+0000] {logging_mixin.py:188} INFO - [2024-07-08T22:01:04.799+0000] {dag.py:3096} INFO - Sync 1 DAGs
[2024-07-08T22:01:04.817+0000] {logging_mixin.py:188} INFO - [2024-07-08T22:01:04.816+0000] {dag.py:3954} INFO - Setting next_dagrun for example_dag_decorator to None, run_after=None
[2024-07-08T22:01:04.852+0000] {processor.py:183} INFO - Processing /home/airflow/.local/lib/python3.12/site-packages/airflow/example_dags/example_dag_decorator.py took 0.701 seconds
[2024-07-08T22:01:35.522+0000] {processor.py:161} INFO - Started process (PID=1911) to work on /home/airflow/.local/lib/python3.12/site-packages/airflow/example_dags/example_dag_decorator.py
[2024-07-08T22:01:35.523+0000] {processor.py:830} INFO - Processing file /home/airflow/.local/lib/python3.12/site-packages/airflow/example_dags/example_dag_decorator.py for tasks to queue
[2024-07-08T22:01:35.527+0000] {logging_mixin.py:188} INFO - [2024-07-08T22:01:35.526+0000] {dagbag.py:545} INFO - Filling up the DagBag from /home/airflow/.local/lib/python3.12/site-packages/airflow/example_dags/example_dag_decorator.py
[2024-07-08T22:01:35.958+0000] {processor.py:840} INFO - DAG(s) 'example_dag_decorator' retrieved from /home/airflow/.local/lib/python3.12/site-packages/airflow/example_dags/example_dag_decorator.py
[2024-07-08T22:01:36.177+0000] {logging_mixin.py:188} INFO - [2024-07-08T22:01:36.176+0000] {dag.py:3096} INFO - Sync 1 DAGs
[2024-07-08T22:01:36.214+0000] {logging_mixin.py:188} INFO - [2024-07-08T22:01:36.214+0000] {dag.py:3954} INFO - Setting next_dagrun for example_dag_decorator to None, run_after=None
[2024-07-08T22:01:36.291+0000] {processor.py:183} INFO - Processing /home/airflow/.local/lib/python3.12/site-packages/airflow/example_dags/example_dag_decorator.py took 0.793 seconds
[2024-07-08T22:02:06.451+0000] {processor.py:161} INFO - Started process (PID=1970) to work on /home/airflow/.local/lib/python3.12/site-packages/airflow/example_dags/example_dag_decorator.py
[2024-07-08T22:02:06.453+0000] {processor.py:830} INFO - Processing file /home/airflow/.local/lib/python3.12/site-packages/airflow/example_dags/example_dag_decorator.py for tasks to queue
[2024-07-08T22:02:06.458+0000] {logging_mixin.py:188} INFO - [2024-07-08T22:02:06.457+0000] {dagbag.py:545} INFO - Filling up the DagBag from /home/airflow/.local/lib/python3.12/site-packages/airflow/example_dags/example_dag_decorator.py
[2024-07-08T22:02:06.962+0000] {processor.py:840} INFO - DAG(s) 'example_dag_decorator' retrieved from /home/airflow/.local/lib/python3.12/site-packages/airflow/example_dags/example_dag_decorator.py
[2024-07-08T22:02:07.009+0000] {logging_mixin.py:188} INFO - [2024-07-08T22:02:07.008+0000] {dag.py:3096} INFO - Sync 1 DAGs
[2024-07-08T22:02:07.027+0000] {logging_mixin.py:188} INFO - [2024-07-08T22:02:07.027+0000] {dag.py:3954} INFO - Setting next_dagrun for example_dag_decorator to None, run_after=None
[2024-07-08T22:02:07.059+0000] {processor.py:183} INFO - Processing /home/airflow/.local/lib/python3.12/site-packages/airflow/example_dags/example_dag_decorator.py took 0.624 seconds
[2024-07-08T22:02:37.338+0000] {processor.py:161} INFO - Started process (PID=2030) to work on /home/airflow/.local/lib/python3.12/site-packages/airflow/example_dags/example_dag_decorator.py
[2024-07-08T22:02:37.340+0000] {processor.py:830} INFO - Processing file /home/airflow/.local/lib/python3.12/site-packages/airflow/example_dags/example_dag_decorator.py for tasks to queue
[2024-07-08T22:02:37.344+0000] {logging_mixin.py:188} INFO - [2024-07-08T22:02:37.343+0000] {dagbag.py:545} INFO - Filling up the DagBag from /home/airflow/.local/lib/python3.12/site-packages/airflow/example_dags/example_dag_decorator.py
[2024-07-08T22:02:37.721+0000] {processor.py:840} INFO - DAG(s) 'example_dag_decorator' retrieved from /home/airflow/.local/lib/python3.12/site-packages/airflow/example_dags/example_dag_decorator.py
[2024-07-08T22:02:38.235+0000] {logging_mixin.py:188} INFO - [2024-07-08T22:02:38.235+0000] {dag.py:3096} INFO - Sync 1 DAGs
[2024-07-08T22:02:38.267+0000] {logging_mixin.py:188} INFO - [2024-07-08T22:02:38.267+0000] {dag.py:3954} INFO - Setting next_dagrun for example_dag_decorator to None, run_after=None
[2024-07-08T22:02:38.343+0000] {processor.py:183} INFO - Processing /home/airflow/.local/lib/python3.12/site-packages/airflow/example_dags/example_dag_decorator.py took 1.023 seconds
[2024-07-08T22:03:08.656+0000] {processor.py:161} INFO - Started process (PID=2092) to work on /home/airflow/.local/lib/python3.12/site-packages/airflow/example_dags/example_dag_decorator.py
[2024-07-08T22:03:08.658+0000] {processor.py:830} INFO - Processing file /home/airflow/.local/lib/python3.12/site-packages/airflow/example_dags/example_dag_decorator.py for tasks to queue
[2024-07-08T22:03:08.663+0000] {logging_mixin.py:188} INFO - [2024-07-08T22:03:08.663+0000] {dagbag.py:545} INFO - Filling up the DagBag from /home/airflow/.local/lib/python3.12/site-packages/airflow/example_dags/example_dag_decorator.py
[2024-07-08T22:03:08.925+0000] {processor.py:840} INFO - DAG(s) 'example_dag_decorator' retrieved from /home/airflow/.local/lib/python3.12/site-packages/airflow/example_dags/example_dag_decorator.py
[2024-07-08T22:03:09.319+0000] {logging_mixin.py:188} INFO - [2024-07-08T22:03:09.318+0000] {dag.py:3096} INFO - Sync 1 DAGs
[2024-07-08T22:03:09.395+0000] {logging_mixin.py:188} INFO - [2024-07-08T22:03:09.393+0000] {dag.py:3954} INFO - Setting next_dagrun for example_dag_decorator to None, run_after=None
[2024-07-08T22:03:09.502+0000] {processor.py:183} INFO - Processing /home/airflow/.local/lib/python3.12/site-packages/airflow/example_dags/example_dag_decorator.py took 0.859 seconds
[2024-07-08T22:03:40.171+0000] {processor.py:161} INFO - Started process (PID=2158) to work on /home/airflow/.local/lib/python3.12/site-packages/airflow/example_dags/example_dag_decorator.py
[2024-07-08T22:03:40.173+0000] {processor.py:830} INFO - Processing file /home/airflow/.local/lib/python3.12/site-packages/airflow/example_dags/example_dag_decorator.py for tasks to queue
[2024-07-08T22:03:40.177+0000] {logging_mixin.py:188} INFO - [2024-07-08T22:03:40.177+0000] {dagbag.py:545} INFO - Filling up the DagBag from /home/airflow/.local/lib/python3.12/site-packages/airflow/example_dags/example_dag_decorator.py
[2024-07-08T22:03:40.492+0000] {processor.py:840} INFO - DAG(s) 'example_dag_decorator' retrieved from /home/airflow/.local/lib/python3.12/site-packages/airflow/example_dags/example_dag_decorator.py
[2024-07-08T22:03:40.802+0000] {logging_mixin.py:188} INFO - [2024-07-08T22:03:40.802+0000] {dag.py:3096} INFO - Sync 1 DAGs
[2024-07-08T22:03:40.832+0000] {logging_mixin.py:188} INFO - [2024-07-08T22:03:40.831+0000] {dag.py:3954} INFO - Setting next_dagrun for example_dag_decorator to None, run_after=None
[2024-07-08T22:03:40.883+0000] {processor.py:183} INFO - Processing /home/airflow/.local/lib/python3.12/site-packages/airflow/example_dags/example_dag_decorator.py took 0.722 seconds
[2024-07-08T22:04:11.772+0000] {processor.py:161} INFO - Started process (PID=2218) to work on /home/airflow/.local/lib/python3.12/site-packages/airflow/example_dags/example_dag_decorator.py
[2024-07-08T22:04:11.782+0000] {processor.py:830} INFO - Processing file /home/airflow/.local/lib/python3.12/site-packages/airflow/example_dags/example_dag_decorator.py for tasks to queue
[2024-07-08T22:04:11.787+0000] {logging_mixin.py:188} INFO - [2024-07-08T22:04:11.787+0000] {dagbag.py:545} INFO - Filling up the DagBag from /home/airflow/.local/lib/python3.12/site-packages/airflow/example_dags/example_dag_decorator.py
[2024-07-08T22:04:12.151+0000] {processor.py:840} INFO - DAG(s) 'example_dag_decorator' retrieved from /home/airflow/.local/lib/python3.12/site-packages/airflow/example_dags/example_dag_decorator.py
[2024-07-08T22:04:12.434+0000] {logging_mixin.py:188} INFO - [2024-07-08T22:04:12.433+0000] {dag.py:3096} INFO - Sync 1 DAGs
[2024-07-08T22:04:12.476+0000] {logging_mixin.py:188} INFO - [2024-07-08T22:04:12.474+0000] {dag.py:3954} INFO - Setting next_dagrun for example_dag_decorator to None, run_after=None
[2024-07-08T22:04:12.545+0000] {processor.py:183} INFO - Processing /home/airflow/.local/lib/python3.12/site-packages/airflow/example_dags/example_dag_decorator.py took 0.784 seconds
[2024-07-08T22:04:43.218+0000] {processor.py:161} INFO - Started process (PID=2280) to work on /home/airflow/.local/lib/python3.12/site-packages/airflow/example_dags/example_dag_decorator.py
[2024-07-08T22:04:43.220+0000] {processor.py:830} INFO - Processing file /home/airflow/.local/lib/python3.12/site-packages/airflow/example_dags/example_dag_decorator.py for tasks to queue
[2024-07-08T22:04:43.224+0000] {logging_mixin.py:188} INFO - [2024-07-08T22:04:43.223+0000] {dagbag.py:545} INFO - Filling up the DagBag from /home/airflow/.local/lib/python3.12/site-packages/airflow/example_dags/example_dag_decorator.py
[2024-07-08T22:04:43.635+0000] {processor.py:840} INFO - DAG(s) 'example_dag_decorator' retrieved from /home/airflow/.local/lib/python3.12/site-packages/airflow/example_dags/example_dag_decorator.py
[2024-07-08T22:04:44.054+0000] {logging_mixin.py:188} INFO - [2024-07-08T22:04:44.054+0000] {dag.py:3096} INFO - Sync 1 DAGs
[2024-07-08T22:04:44.101+0000] {logging_mixin.py:188} INFO - [2024-07-08T22:04:44.101+0000] {dag.py:3954} INFO - Setting next_dagrun for example_dag_decorator to None, run_after=None
[2024-07-08T22:04:44.169+0000] {processor.py:183} INFO - Processing /home/airflow/.local/lib/python3.12/site-packages/airflow/example_dags/example_dag_decorator.py took 0.966 seconds
[2024-07-08T22:05:14.514+0000] {processor.py:161} INFO - Started process (PID=2339) to work on /home/airflow/.local/lib/python3.12/site-packages/airflow/example_dags/example_dag_decorator.py
[2024-07-08T22:05:14.515+0000] {processor.py:830} INFO - Processing file /home/airflow/.local/lib/python3.12/site-packages/airflow/example_dags/example_dag_decorator.py for tasks to queue
[2024-07-08T22:05:14.520+0000] {logging_mixin.py:188} INFO - [2024-07-08T22:05:14.519+0000] {dagbag.py:545} INFO - Filling up the DagBag from /home/airflow/.local/lib/python3.12/site-packages/airflow/example_dags/example_dag_decorator.py
[2024-07-08T22:05:14.670+0000] {processor.py:840} INFO - DAG(s) 'example_dag_decorator' retrieved from /home/airflow/.local/lib/python3.12/site-packages/airflow/example_dags/example_dag_decorator.py
[2024-07-08T22:05:14.846+0000] {logging_mixin.py:188} INFO - [2024-07-08T22:05:14.845+0000] {dag.py:3096} INFO - Sync 1 DAGs
[2024-07-08T22:05:14.862+0000] {logging_mixin.py:188} INFO - [2024-07-08T22:05:14.861+0000] {dag.py:3954} INFO - Setting next_dagrun for example_dag_decorator to None, run_after=None
[2024-07-08T22:05:14.891+0000] {processor.py:183} INFO - Processing /home/airflow/.local/lib/python3.12/site-packages/airflow/example_dags/example_dag_decorator.py took 0.386 seconds
[2024-07-08T22:05:44.993+0000] {processor.py:161} INFO - Started process (PID=2398) to work on /home/airflow/.local/lib/python3.12/site-packages/airflow/example_dags/example_dag_decorator.py
[2024-07-08T22:05:44.995+0000] {processor.py:830} INFO - Processing file /home/airflow/.local/lib/python3.12/site-packages/airflow/example_dags/example_dag_decorator.py for tasks to queue
[2024-07-08T22:05:44.998+0000] {logging_mixin.py:188} INFO - [2024-07-08T22:05:44.998+0000] {dagbag.py:545} INFO - Filling up the DagBag from /home/airflow/.local/lib/python3.12/site-packages/airflow/example_dags/example_dag_decorator.py
[2024-07-08T22:05:45.157+0000] {processor.py:840} INFO - DAG(s) 'example_dag_decorator' retrieved from /home/airflow/.local/lib/python3.12/site-packages/airflow/example_dags/example_dag_decorator.py
[2024-07-08T22:05:45.429+0000] {logging_mixin.py:188} INFO - [2024-07-08T22:05:45.428+0000] {dag.py:3096} INFO - Sync 1 DAGs
[2024-07-08T22:05:45.451+0000] {logging_mixin.py:188} INFO - [2024-07-08T22:05:45.451+0000] {dag.py:3954} INFO - Setting next_dagrun for example_dag_decorator to None, run_after=None
[2024-07-08T22:05:45.488+0000] {processor.py:183} INFO - Processing /home/airflow/.local/lib/python3.12/site-packages/airflow/example_dags/example_dag_decorator.py took 0.504 seconds
[2024-07-08T22:06:16.394+0000] {processor.py:161} INFO - Started process (PID=2457) to work on /home/airflow/.local/lib/python3.12/site-packages/airflow/example_dags/example_dag_decorator.py
[2024-07-08T22:06:16.396+0000] {processor.py:830} INFO - Processing file /home/airflow/.local/lib/python3.12/site-packages/airflow/example_dags/example_dag_decorator.py for tasks to queue
[2024-07-08T22:06:16.399+0000] {logging_mixin.py:188} INFO - [2024-07-08T22:06:16.398+0000] {dagbag.py:545} INFO - Filling up the DagBag from /home/airflow/.local/lib/python3.12/site-packages/airflow/example_dags/example_dag_decorator.py
[2024-07-08T22:06:16.552+0000] {processor.py:840} INFO - DAG(s) 'example_dag_decorator' retrieved from /home/airflow/.local/lib/python3.12/site-packages/airflow/example_dags/example_dag_decorator.py
[2024-07-08T22:06:16.586+0000] {logging_mixin.py:188} INFO - [2024-07-08T22:06:16.585+0000] {dag.py:3096} INFO - Sync 1 DAGs
[2024-07-08T22:06:16.605+0000] {logging_mixin.py:188} INFO - [2024-07-08T22:06:16.605+0000] {dag.py:3954} INFO - Setting next_dagrun for example_dag_decorator to None, run_after=None
[2024-07-08T22:06:16.659+0000] {processor.py:183} INFO - Processing /home/airflow/.local/lib/python3.12/site-packages/airflow/example_dags/example_dag_decorator.py took 0.273 seconds
[2024-07-08T22:06:47.003+0000] {processor.py:161} INFO - Started process (PID=2516) to work on /home/airflow/.local/lib/python3.12/site-packages/airflow/example_dags/example_dag_decorator.py
[2024-07-08T22:06:47.004+0000] {processor.py:830} INFO - Processing file /home/airflow/.local/lib/python3.12/site-packages/airflow/example_dags/example_dag_decorator.py for tasks to queue
[2024-07-08T22:06:47.008+0000] {logging_mixin.py:188} INFO - [2024-07-08T22:06:47.008+0000] {dagbag.py:545} INFO - Filling up the DagBag from /home/airflow/.local/lib/python3.12/site-packages/airflow/example_dags/example_dag_decorator.py
[2024-07-08T22:06:47.178+0000] {processor.py:840} INFO - DAG(s) 'example_dag_decorator' retrieved from /home/airflow/.local/lib/python3.12/site-packages/airflow/example_dags/example_dag_decorator.py
[2024-07-08T22:06:47.358+0000] {logging_mixin.py:188} INFO - [2024-07-08T22:06:47.358+0000] {dag.py:3096} INFO - Sync 1 DAGs
[2024-07-08T22:06:47.378+0000] {logging_mixin.py:188} INFO - [2024-07-08T22:06:47.378+0000] {dag.py:3954} INFO - Setting next_dagrun for example_dag_decorator to None, run_after=None
[2024-07-08T22:06:47.413+0000] {processor.py:183} INFO - Processing /home/airflow/.local/lib/python3.12/site-packages/airflow/example_dags/example_dag_decorator.py took 0.422 seconds
[2024-07-08T22:07:17.474+0000] {processor.py:161} INFO - Started process (PID=2574) to work on /home/airflow/.local/lib/python3.12/site-packages/airflow/example_dags/example_dag_decorator.py
[2024-07-08T22:07:17.476+0000] {processor.py:830} INFO - Processing file /home/airflow/.local/lib/python3.12/site-packages/airflow/example_dags/example_dag_decorator.py for tasks to queue
[2024-07-08T22:07:17.487+0000] {logging_mixin.py:188} INFO - [2024-07-08T22:07:17.486+0000] {dagbag.py:545} INFO - Filling up the DagBag from /home/airflow/.local/lib/python3.12/site-packages/airflow/example_dags/example_dag_decorator.py
[2024-07-08T22:07:17.921+0000] {processor.py:840} INFO - DAG(s) 'example_dag_decorator' retrieved from /home/airflow/.local/lib/python3.12/site-packages/airflow/example_dags/example_dag_decorator.py
[2024-07-08T22:07:18.459+0000] {logging_mixin.py:188} INFO - [2024-07-08T22:07:18.459+0000] {dag.py:3096} INFO - Sync 1 DAGs
[2024-07-08T22:07:18.497+0000] {logging_mixin.py:188} INFO - [2024-07-08T22:07:18.496+0000] {dag.py:3954} INFO - Setting next_dagrun for example_dag_decorator to None, run_after=None
[2024-07-08T22:07:18.585+0000] {processor.py:183} INFO - Processing /home/airflow/.local/lib/python3.12/site-packages/airflow/example_dags/example_dag_decorator.py took 1.126 seconds
[2024-07-08T22:07:49.128+0000] {processor.py:161} INFO - Started process (PID=2633) to work on /home/airflow/.local/lib/python3.12/site-packages/airflow/example_dags/example_dag_decorator.py
[2024-07-08T22:07:49.130+0000] {processor.py:830} INFO - Processing file /home/airflow/.local/lib/python3.12/site-packages/airflow/example_dags/example_dag_decorator.py for tasks to queue
[2024-07-08T22:07:49.133+0000] {logging_mixin.py:188} INFO - [2024-07-08T22:07:49.133+0000] {dagbag.py:545} INFO - Filling up the DagBag from /home/airflow/.local/lib/python3.12/site-packages/airflow/example_dags/example_dag_decorator.py
[2024-07-08T22:07:49.282+0000] {processor.py:840} INFO - DAG(s) 'example_dag_decorator' retrieved from /home/airflow/.local/lib/python3.12/site-packages/airflow/example_dags/example_dag_decorator.py
[2024-07-08T22:07:49.314+0000] {logging_mixin.py:188} INFO - [2024-07-08T22:07:49.314+0000] {dag.py:3096} INFO - Sync 1 DAGs
[2024-07-08T22:07:49.333+0000] {logging_mixin.py:188} INFO - [2024-07-08T22:07:49.333+0000] {dag.py:3954} INFO - Setting next_dagrun for example_dag_decorator to None, run_after=None
[2024-07-08T22:07:49.362+0000] {processor.py:183} INFO - Processing /home/airflow/.local/lib/python3.12/site-packages/airflow/example_dags/example_dag_decorator.py took 0.243 seconds
[2024-07-08T22:08:19.761+0000] {processor.py:161} INFO - Started process (PID=2692) to work on /home/airflow/.local/lib/python3.12/site-packages/airflow/example_dags/example_dag_decorator.py
[2024-07-08T22:08:19.762+0000] {processor.py:830} INFO - Processing file /home/airflow/.local/lib/python3.12/site-packages/airflow/example_dags/example_dag_decorator.py for tasks to queue
[2024-07-08T22:08:19.765+0000] {logging_mixin.py:188} INFO - [2024-07-08T22:08:19.765+0000] {dagbag.py:545} INFO - Filling up the DagBag from /home/airflow/.local/lib/python3.12/site-packages/airflow/example_dags/example_dag_decorator.py
[2024-07-08T22:08:19.934+0000] {processor.py:840} INFO - DAG(s) 'example_dag_decorator' retrieved from /home/airflow/.local/lib/python3.12/site-packages/airflow/example_dags/example_dag_decorator.py
[2024-07-08T22:08:19.988+0000] {logging_mixin.py:188} INFO - [2024-07-08T22:08:19.987+0000] {dag.py:3096} INFO - Sync 1 DAGs
[2024-07-08T22:08:20.025+0000] {logging_mixin.py:188} INFO - [2024-07-08T22:08:20.024+0000] {dag.py:3954} INFO - Setting next_dagrun for example_dag_decorator to None, run_after=None
[2024-07-08T22:08:20.053+0000] {processor.py:183} INFO - Processing /home/airflow/.local/lib/python3.12/site-packages/airflow/example_dags/example_dag_decorator.py took 0.303 seconds
[2024-07-08T22:08:53.176+0000] {processor.py:161} INFO - Started process (PID=2740) to work on /home/airflow/.local/lib/python3.12/site-packages/airflow/example_dags/example_dag_decorator.py
[2024-07-08T22:08:53.179+0000] {processor.py:830} INFO - Processing file /home/airflow/.local/lib/python3.12/site-packages/airflow/example_dags/example_dag_decorator.py for tasks to queue
[2024-07-08T22:08:53.188+0000] {logging_mixin.py:188} INFO - [2024-07-08T22:08:53.187+0000] {dagbag.py:545} INFO - Filling up the DagBag from /home/airflow/.local/lib/python3.12/site-packages/airflow/example_dags/example_dag_decorator.py
[2024-07-08T22:08:53.797+0000] {processor.py:840} INFO - DAG(s) 'example_dag_decorator' retrieved from /home/airflow/.local/lib/python3.12/site-packages/airflow/example_dags/example_dag_decorator.py
[2024-07-08T22:08:53.902+0000] {logging_mixin.py:188} INFO - [2024-07-08T22:08:53.902+0000] {dag.py:3096} INFO - Sync 1 DAGs
[2024-07-08T22:08:53.950+0000] {logging_mixin.py:188} INFO - [2024-07-08T22:08:53.949+0000] {dag.py:3954} INFO - Setting next_dagrun for example_dag_decorator to None, run_after=None
[2024-07-08T22:08:54.003+0000] {processor.py:183} INFO - Processing /home/airflow/.local/lib/python3.12/site-packages/airflow/example_dags/example_dag_decorator.py took 0.880 seconds
[2024-07-08T22:09:43.521+0000] {processor.py:161} INFO - Started process (PID=2812) to work on /home/airflow/.local/lib/python3.12/site-packages/airflow/example_dags/example_dag_decorator.py
[2024-07-08T22:09:43.535+0000] {processor.py:830} INFO - Processing file /home/airflow/.local/lib/python3.12/site-packages/airflow/example_dags/example_dag_decorator.py for tasks to queue
[2024-07-08T22:09:43.539+0000] {logging_mixin.py:188} INFO - [2024-07-08T22:09:43.538+0000] {dagbag.py:545} INFO - Filling up the DagBag from /home/airflow/.local/lib/python3.12/site-packages/airflow/example_dags/example_dag_decorator.py
[2024-07-08T22:09:45.432+0000] {processor.py:840} INFO - DAG(s) 'example_dag_decorator' retrieved from /home/airflow/.local/lib/python3.12/site-packages/airflow/example_dags/example_dag_decorator.py
[2024-07-08T22:09:46.215+0000] {logging_mixin.py:188} INFO - [2024-07-08T22:09:46.214+0000] {dag.py:3096} INFO - Sync 1 DAGs
[2024-07-08T22:09:46.283+0000] {logging_mixin.py:188} INFO - [2024-07-08T22:09:46.283+0000] {dag.py:3954} INFO - Setting next_dagrun for example_dag_decorator to None, run_after=None
[2024-07-08T22:09:46.401+0000] {processor.py:183} INFO - Processing /home/airflow/.local/lib/python3.12/site-packages/airflow/example_dags/example_dag_decorator.py took 2.913 seconds
[2024-07-08T22:10:16.571+0000] {processor.py:161} INFO - Started process (PID=2873) to work on /home/airflow/.local/lib/python3.12/site-packages/airflow/example_dags/example_dag_decorator.py
[2024-07-08T22:10:16.577+0000] {processor.py:830} INFO - Processing file /home/airflow/.local/lib/python3.12/site-packages/airflow/example_dags/example_dag_decorator.py for tasks to queue
[2024-07-08T22:10:16.582+0000] {logging_mixin.py:188} INFO - [2024-07-08T22:10:16.582+0000] {dagbag.py:545} INFO - Filling up the DagBag from /home/airflow/.local/lib/python3.12/site-packages/airflow/example_dags/example_dag_decorator.py
[2024-07-08T22:10:16.855+0000] {processor.py:840} INFO - DAG(s) 'example_dag_decorator' retrieved from /home/airflow/.local/lib/python3.12/site-packages/airflow/example_dags/example_dag_decorator.py
[2024-07-08T22:10:17.049+0000] {logging_mixin.py:188} INFO - [2024-07-08T22:10:17.049+0000] {dag.py:3096} INFO - Sync 1 DAGs
[2024-07-08T22:10:17.069+0000] {logging_mixin.py:188} INFO - [2024-07-08T22:10:17.068+0000] {dag.py:3954} INFO - Setting next_dagrun for example_dag_decorator to None, run_after=None
[2024-07-08T22:10:17.099+0000] {processor.py:183} INFO - Processing /home/airflow/.local/lib/python3.12/site-packages/airflow/example_dags/example_dag_decorator.py took 0.550 seconds
[2024-07-08T22:10:47.998+0000] {processor.py:161} INFO - Started process (PID=2932) to work on /home/airflow/.local/lib/python3.12/site-packages/airflow/example_dags/example_dag_decorator.py
[2024-07-08T22:10:48.003+0000] {processor.py:830} INFO - Processing file /home/airflow/.local/lib/python3.12/site-packages/airflow/example_dags/example_dag_decorator.py for tasks to queue
[2024-07-08T22:10:48.010+0000] {logging_mixin.py:188} INFO - [2024-07-08T22:10:48.009+0000] {dagbag.py:545} INFO - Filling up the DagBag from /home/airflow/.local/lib/python3.12/site-packages/airflow/example_dags/example_dag_decorator.py
[2024-07-08T22:10:48.295+0000] {processor.py:840} INFO - DAG(s) 'example_dag_decorator' retrieved from /home/airflow/.local/lib/python3.12/site-packages/airflow/example_dags/example_dag_decorator.py
[2024-07-08T22:10:48.562+0000] {logging_mixin.py:188} INFO - [2024-07-08T22:10:48.562+0000] {dag.py:3096} INFO - Sync 1 DAGs
[2024-07-08T22:10:48.597+0000] {logging_mixin.py:188} INFO - [2024-07-08T22:10:48.596+0000] {dag.py:3954} INFO - Setting next_dagrun for example_dag_decorator to None, run_after=None
[2024-07-08T22:10:48.637+0000] {processor.py:183} INFO - Processing /home/airflow/.local/lib/python3.12/site-packages/airflow/example_dags/example_dag_decorator.py took 0.656 seconds
[2024-07-08T22:11:19.133+0000] {processor.py:161} INFO - Started process (PID=2993) to work on /home/airflow/.local/lib/python3.12/site-packages/airflow/example_dags/example_dag_decorator.py
[2024-07-08T22:11:19.138+0000] {processor.py:830} INFO - Processing file /home/airflow/.local/lib/python3.12/site-packages/airflow/example_dags/example_dag_decorator.py for tasks to queue
[2024-07-08T22:11:19.153+0000] {logging_mixin.py:188} INFO - [2024-07-08T22:11:19.151+0000] {dagbag.py:545} INFO - Filling up the DagBag from /home/airflow/.local/lib/python3.12/site-packages/airflow/example_dags/example_dag_decorator.py
[2024-07-08T22:11:19.456+0000] {processor.py:840} INFO - DAG(s) 'example_dag_decorator' retrieved from /home/airflow/.local/lib/python3.12/site-packages/airflow/example_dags/example_dag_decorator.py
[2024-07-08T22:11:19.984+0000] {logging_mixin.py:188} INFO - [2024-07-08T22:11:19.984+0000] {dag.py:3096} INFO - Sync 1 DAGs
[2024-07-08T22:11:20.028+0000] {logging_mixin.py:188} INFO - [2024-07-08T22:11:20.013+0000] {dag.py:3954} INFO - Setting next_dagrun for example_dag_decorator to None, run_after=None
[2024-07-08T22:11:20.125+0000] {processor.py:183} INFO - Processing /home/airflow/.local/lib/python3.12/site-packages/airflow/example_dags/example_dag_decorator.py took 1.078 seconds
[2024-07-08T22:11:50.224+0000] {processor.py:161} INFO - Started process (PID=3052) to work on /home/airflow/.local/lib/python3.12/site-packages/airflow/example_dags/example_dag_decorator.py
[2024-07-08T22:11:50.229+0000] {processor.py:830} INFO - Processing file /home/airflow/.local/lib/python3.12/site-packages/airflow/example_dags/example_dag_decorator.py for tasks to queue
[2024-07-08T22:11:50.234+0000] {logging_mixin.py:188} INFO - [2024-07-08T22:11:50.233+0000] {dagbag.py:545} INFO - Filling up the DagBag from /home/airflow/.local/lib/python3.12/site-packages/airflow/example_dags/example_dag_decorator.py
[2024-07-08T22:11:50.646+0000] {processor.py:840} INFO - DAG(s) 'example_dag_decorator' retrieved from /home/airflow/.local/lib/python3.12/site-packages/airflow/example_dags/example_dag_decorator.py
[2024-07-08T22:11:51.057+0000] {logging_mixin.py:188} INFO - [2024-07-08T22:11:51.056+0000] {dag.py:3096} INFO - Sync 1 DAGs
[2024-07-08T22:11:51.086+0000] {logging_mixin.py:188} INFO - [2024-07-08T22:11:51.085+0000] {dag.py:3954} INFO - Setting next_dagrun for example_dag_decorator to None, run_after=None
[2024-07-08T22:11:51.133+0000] {processor.py:183} INFO - Processing /home/airflow/.local/lib/python3.12/site-packages/airflow/example_dags/example_dag_decorator.py took 0.928 seconds
[2024-07-08T22:12:21.796+0000] {processor.py:161} INFO - Started process (PID=3111) to work on /home/airflow/.local/lib/python3.12/site-packages/airflow/example_dags/example_dag_decorator.py
[2024-07-08T22:12:21.805+0000] {processor.py:830} INFO - Processing file /home/airflow/.local/lib/python3.12/site-packages/airflow/example_dags/example_dag_decorator.py for tasks to queue
[2024-07-08T22:12:21.817+0000] {logging_mixin.py:188} INFO - [2024-07-08T22:12:21.814+0000] {dagbag.py:545} INFO - Filling up the DagBag from /home/airflow/.local/lib/python3.12/site-packages/airflow/example_dags/example_dag_decorator.py
[2024-07-08T22:12:22.141+0000] {processor.py:840} INFO - DAG(s) 'example_dag_decorator' retrieved from /home/airflow/.local/lib/python3.12/site-packages/airflow/example_dags/example_dag_decorator.py
[2024-07-08T22:12:22.395+0000] {logging_mixin.py:188} INFO - [2024-07-08T22:12:22.394+0000] {dag.py:3096} INFO - Sync 1 DAGs
[2024-07-08T22:12:22.421+0000] {logging_mixin.py:188} INFO - [2024-07-08T22:12:22.421+0000] {dag.py:3954} INFO - Setting next_dagrun for example_dag_decorator to None, run_after=None
[2024-07-08T22:12:22.471+0000] {processor.py:183} INFO - Processing /home/airflow/.local/lib/python3.12/site-packages/airflow/example_dags/example_dag_decorator.py took 0.696 seconds
[2024-07-08T22:12:52.971+0000] {processor.py:161} INFO - Started process (PID=3172) to work on /home/airflow/.local/lib/python3.12/site-packages/airflow/example_dags/example_dag_decorator.py
[2024-07-08T22:12:52.973+0000] {processor.py:830} INFO - Processing file /home/airflow/.local/lib/python3.12/site-packages/airflow/example_dags/example_dag_decorator.py for tasks to queue
[2024-07-08T22:12:52.979+0000] {logging_mixin.py:188} INFO - [2024-07-08T22:12:52.979+0000] {dagbag.py:545} INFO - Filling up the DagBag from /home/airflow/.local/lib/python3.12/site-packages/airflow/example_dags/example_dag_decorator.py
[2024-07-08T22:12:53.159+0000] {processor.py:840} INFO - DAG(s) 'example_dag_decorator' retrieved from /home/airflow/.local/lib/python3.12/site-packages/airflow/example_dags/example_dag_decorator.py
[2024-07-08T22:12:53.372+0000] {logging_mixin.py:188} INFO - [2024-07-08T22:12:53.372+0000] {dag.py:3096} INFO - Sync 1 DAGs
[2024-07-08T22:12:53.391+0000] {logging_mixin.py:188} INFO - [2024-07-08T22:12:53.390+0000] {dag.py:3954} INFO - Setting next_dagrun for example_dag_decorator to None, run_after=None
[2024-07-08T22:12:53.434+0000] {processor.py:183} INFO - Processing /home/airflow/.local/lib/python3.12/site-packages/airflow/example_dags/example_dag_decorator.py took 0.472 seconds
[2024-07-08T22:13:23.682+0000] {processor.py:161} INFO - Started process (PID=3231) to work on /home/airflow/.local/lib/python3.12/site-packages/airflow/example_dags/example_dag_decorator.py
[2024-07-08T22:13:23.683+0000] {processor.py:830} INFO - Processing file /home/airflow/.local/lib/python3.12/site-packages/airflow/example_dags/example_dag_decorator.py for tasks to queue
[2024-07-08T22:13:23.687+0000] {logging_mixin.py:188} INFO - [2024-07-08T22:13:23.687+0000] {dagbag.py:545} INFO - Filling up the DagBag from /home/airflow/.local/lib/python3.12/site-packages/airflow/example_dags/example_dag_decorator.py
[2024-07-08T22:13:23.873+0000] {processor.py:840} INFO - DAG(s) 'example_dag_decorator' retrieved from /home/airflow/.local/lib/python3.12/site-packages/airflow/example_dags/example_dag_decorator.py
[2024-07-08T22:13:24.067+0000] {logging_mixin.py:188} INFO - [2024-07-08T22:13:24.067+0000] {dag.py:3096} INFO - Sync 1 DAGs
[2024-07-08T22:13:24.093+0000] {logging_mixin.py:188} INFO - [2024-07-08T22:13:24.092+0000] {dag.py:3954} INFO - Setting next_dagrun for example_dag_decorator to None, run_after=None
[2024-07-08T22:13:24.136+0000] {processor.py:183} INFO - Processing /home/airflow/.local/lib/python3.12/site-packages/airflow/example_dags/example_dag_decorator.py took 0.464 seconds
[2024-07-08T22:13:54.522+0000] {processor.py:161} INFO - Started process (PID=3290) to work on /home/airflow/.local/lib/python3.12/site-packages/airflow/example_dags/example_dag_decorator.py
[2024-07-08T22:13:54.524+0000] {processor.py:830} INFO - Processing file /home/airflow/.local/lib/python3.12/site-packages/airflow/example_dags/example_dag_decorator.py for tasks to queue
[2024-07-08T22:13:54.531+0000] {logging_mixin.py:188} INFO - [2024-07-08T22:13:54.529+0000] {dagbag.py:545} INFO - Filling up the DagBag from /home/airflow/.local/lib/python3.12/site-packages/airflow/example_dags/example_dag_decorator.py
[2024-07-08T22:13:54.774+0000] {processor.py:840} INFO - DAG(s) 'example_dag_decorator' retrieved from /home/airflow/.local/lib/python3.12/site-packages/airflow/example_dags/example_dag_decorator.py
[2024-07-08T22:13:54.973+0000] {logging_mixin.py:188} INFO - [2024-07-08T22:13:54.973+0000] {dag.py:3096} INFO - Sync 1 DAGs
[2024-07-08T22:13:55.019+0000] {logging_mixin.py:188} INFO - [2024-07-08T22:13:55.018+0000] {dag.py:3954} INFO - Setting next_dagrun for example_dag_decorator to None, run_after=None
[2024-07-08T22:13:55.073+0000] {processor.py:183} INFO - Processing /home/airflow/.local/lib/python3.12/site-packages/airflow/example_dags/example_dag_decorator.py took 0.571 seconds
[2024-07-08T22:14:25.605+0000] {processor.py:161} INFO - Started process (PID=3350) to work on /home/airflow/.local/lib/python3.12/site-packages/airflow/example_dags/example_dag_decorator.py
[2024-07-08T22:14:25.607+0000] {processor.py:830} INFO - Processing file /home/airflow/.local/lib/python3.12/site-packages/airflow/example_dags/example_dag_decorator.py for tasks to queue
[2024-07-08T22:14:25.611+0000] {logging_mixin.py:188} INFO - [2024-07-08T22:14:25.610+0000] {dagbag.py:545} INFO - Filling up the DagBag from /home/airflow/.local/lib/python3.12/site-packages/airflow/example_dags/example_dag_decorator.py
[2024-07-08T22:14:25.795+0000] {processor.py:840} INFO - DAG(s) 'example_dag_decorator' retrieved from /home/airflow/.local/lib/python3.12/site-packages/airflow/example_dags/example_dag_decorator.py
[2024-07-08T22:14:25.996+0000] {logging_mixin.py:188} INFO - [2024-07-08T22:14:25.996+0000] {dag.py:3096} INFO - Sync 1 DAGs
[2024-07-08T22:14:26.022+0000] {logging_mixin.py:188} INFO - [2024-07-08T22:14:26.022+0000] {dag.py:3954} INFO - Setting next_dagrun for example_dag_decorator to None, run_after=None
[2024-07-08T22:14:26.060+0000] {processor.py:183} INFO - Processing /home/airflow/.local/lib/python3.12/site-packages/airflow/example_dags/example_dag_decorator.py took 0.465 seconds
[2024-07-08T22:14:56.792+0000] {processor.py:161} INFO - Started process (PID=3410) to work on /home/airflow/.local/lib/python3.12/site-packages/airflow/example_dags/example_dag_decorator.py
[2024-07-08T22:14:56.796+0000] {processor.py:830} INFO - Processing file /home/airflow/.local/lib/python3.12/site-packages/airflow/example_dags/example_dag_decorator.py for tasks to queue
[2024-07-08T22:14:56.800+0000] {logging_mixin.py:188} INFO - [2024-07-08T22:14:56.799+0000] {dagbag.py:545} INFO - Filling up the DagBag from /home/airflow/.local/lib/python3.12/site-packages/airflow/example_dags/example_dag_decorator.py
[2024-07-08T22:14:57.106+0000] {processor.py:840} INFO - DAG(s) 'example_dag_decorator' retrieved from /home/airflow/.local/lib/python3.12/site-packages/airflow/example_dags/example_dag_decorator.py
[2024-07-08T22:14:57.434+0000] {logging_mixin.py:188} INFO - [2024-07-08T22:14:57.432+0000] {dag.py:3096} INFO - Sync 1 DAGs
[2024-07-08T22:14:57.758+0000] {logging_mixin.py:188} INFO - [2024-07-08T22:14:57.757+0000] {dag.py:3954} INFO - Setting next_dagrun for example_dag_decorator to None, run_after=None
[2024-07-08T22:14:57.851+0000] {processor.py:183} INFO - Processing /home/airflow/.local/lib/python3.12/site-packages/airflow/example_dags/example_dag_decorator.py took 1.072 seconds
[2024-07-08T22:15:28.068+0000] {processor.py:161} INFO - Started process (PID=3472) to work on /home/airflow/.local/lib/python3.12/site-packages/airflow/example_dags/example_dag_decorator.py
[2024-07-08T22:15:28.070+0000] {processor.py:830} INFO - Processing file /home/airflow/.local/lib/python3.12/site-packages/airflow/example_dags/example_dag_decorator.py for tasks to queue
[2024-07-08T22:15:28.073+0000] {logging_mixin.py:188} INFO - [2024-07-08T22:15:28.073+0000] {dagbag.py:545} INFO - Filling up the DagBag from /home/airflow/.local/lib/python3.12/site-packages/airflow/example_dags/example_dag_decorator.py
[2024-07-08T22:15:28.399+0000] {processor.py:840} INFO - DAG(s) 'example_dag_decorator' retrieved from /home/airflow/.local/lib/python3.12/site-packages/airflow/example_dags/example_dag_decorator.py
[2024-07-08T22:15:28.646+0000] {logging_mixin.py:188} INFO - [2024-07-08T22:15:28.646+0000] {dag.py:3096} INFO - Sync 1 DAGs
[2024-07-08T22:15:28.667+0000] {logging_mixin.py:188} INFO - [2024-07-08T22:15:28.667+0000] {dag.py:3954} INFO - Setting next_dagrun for example_dag_decorator to None, run_after=None
[2024-07-08T22:15:28.708+0000] {processor.py:183} INFO - Processing /home/airflow/.local/lib/python3.12/site-packages/airflow/example_dags/example_dag_decorator.py took 0.651 seconds
[2024-07-08T22:15:58.938+0000] {processor.py:161} INFO - Started process (PID=3531) to work on /home/airflow/.local/lib/python3.12/site-packages/airflow/example_dags/example_dag_decorator.py
[2024-07-08T22:15:58.940+0000] {processor.py:830} INFO - Processing file /home/airflow/.local/lib/python3.12/site-packages/airflow/example_dags/example_dag_decorator.py for tasks to queue
[2024-07-08T22:15:58.944+0000] {logging_mixin.py:188} INFO - [2024-07-08T22:15:58.944+0000] {dagbag.py:545} INFO - Filling up the DagBag from /home/airflow/.local/lib/python3.12/site-packages/airflow/example_dags/example_dag_decorator.py
[2024-07-08T22:15:59.111+0000] {processor.py:840} INFO - DAG(s) 'example_dag_decorator' retrieved from /home/airflow/.local/lib/python3.12/site-packages/airflow/example_dags/example_dag_decorator.py
[2024-07-08T22:15:59.277+0000] {logging_mixin.py:188} INFO - [2024-07-08T22:15:59.277+0000] {dag.py:3096} INFO - Sync 1 DAGs
[2024-07-08T22:15:59.294+0000] {logging_mixin.py:188} INFO - [2024-07-08T22:15:59.294+0000] {dag.py:3954} INFO - Setting next_dagrun for example_dag_decorator to None, run_after=None
[2024-07-08T22:15:59.323+0000] {processor.py:183} INFO - Processing /home/airflow/.local/lib/python3.12/site-packages/airflow/example_dags/example_dag_decorator.py took 0.395 seconds
[2024-07-08T22:16:30.235+0000] {processor.py:161} INFO - Started process (PID=3592) to work on /home/airflow/.local/lib/python3.12/site-packages/airflow/example_dags/example_dag_decorator.py
[2024-07-08T22:16:30.237+0000] {processor.py:830} INFO - Processing file /home/airflow/.local/lib/python3.12/site-packages/airflow/example_dags/example_dag_decorator.py for tasks to queue
[2024-07-08T22:16:30.243+0000] {logging_mixin.py:188} INFO - [2024-07-08T22:16:30.242+0000] {dagbag.py:545} INFO - Filling up the DagBag from /home/airflow/.local/lib/python3.12/site-packages/airflow/example_dags/example_dag_decorator.py
[2024-07-08T22:16:30.532+0000] {processor.py:840} INFO - DAG(s) 'example_dag_decorator' retrieved from /home/airflow/.local/lib/python3.12/site-packages/airflow/example_dags/example_dag_decorator.py
[2024-07-08T22:16:30.767+0000] {logging_mixin.py:188} INFO - [2024-07-08T22:16:30.767+0000] {dag.py:3096} INFO - Sync 1 DAGs
[2024-07-08T22:16:30.788+0000] {logging_mixin.py:188} INFO - [2024-07-08T22:16:30.788+0000] {dag.py:3954} INFO - Setting next_dagrun for example_dag_decorator to None, run_after=None
[2024-07-08T22:16:30.830+0000] {processor.py:183} INFO - Processing /home/airflow/.local/lib/python3.12/site-packages/airflow/example_dags/example_dag_decorator.py took 0.611 seconds
[2024-07-08T22:17:01.014+0000] {processor.py:161} INFO - Started process (PID=3651) to work on /home/airflow/.local/lib/python3.12/site-packages/airflow/example_dags/example_dag_decorator.py
[2024-07-08T22:17:01.016+0000] {processor.py:830} INFO - Processing file /home/airflow/.local/lib/python3.12/site-packages/airflow/example_dags/example_dag_decorator.py for tasks to queue
[2024-07-08T22:17:01.030+0000] {logging_mixin.py:188} INFO - [2024-07-08T22:17:01.024+0000] {dagbag.py:545} INFO - Filling up the DagBag from /home/airflow/.local/lib/python3.12/site-packages/airflow/example_dags/example_dag_decorator.py
[2024-07-08T22:17:01.242+0000] {processor.py:840} INFO - DAG(s) 'example_dag_decorator' retrieved from /home/airflow/.local/lib/python3.12/site-packages/airflow/example_dags/example_dag_decorator.py
[2024-07-08T22:17:01.441+0000] {logging_mixin.py:188} INFO - [2024-07-08T22:17:01.440+0000] {dag.py:3096} INFO - Sync 1 DAGs
[2024-07-08T22:17:01.462+0000] {logging_mixin.py:188} INFO - [2024-07-08T22:17:01.462+0000] {dag.py:3954} INFO - Setting next_dagrun for example_dag_decorator to None, run_after=None
[2024-07-08T22:17:01.504+0000] {processor.py:183} INFO - Processing /home/airflow/.local/lib/python3.12/site-packages/airflow/example_dags/example_dag_decorator.py took 0.500 seconds
[2024-07-08T22:17:32.375+0000] {processor.py:161} INFO - Started process (PID=3712) to work on /home/airflow/.local/lib/python3.12/site-packages/airflow/example_dags/example_dag_decorator.py
[2024-07-08T22:17:32.377+0000] {processor.py:830} INFO - Processing file /home/airflow/.local/lib/python3.12/site-packages/airflow/example_dags/example_dag_decorator.py for tasks to queue
[2024-07-08T22:17:32.381+0000] {logging_mixin.py:188} INFO - [2024-07-08T22:17:32.380+0000] {dagbag.py:545} INFO - Filling up the DagBag from /home/airflow/.local/lib/python3.12/site-packages/airflow/example_dags/example_dag_decorator.py
[2024-07-08T22:17:32.593+0000] {processor.py:840} INFO - DAG(s) 'example_dag_decorator' retrieved from /home/airflow/.local/lib/python3.12/site-packages/airflow/example_dags/example_dag_decorator.py
[2024-07-08T22:17:32.854+0000] {logging_mixin.py:188} INFO - [2024-07-08T22:17:32.853+0000] {dag.py:3096} INFO - Sync 1 DAGs
[2024-07-08T22:17:32.875+0000] {logging_mixin.py:188} INFO - [2024-07-08T22:17:32.874+0000] {dag.py:3954} INFO - Setting next_dagrun for example_dag_decorator to None, run_after=None
[2024-07-08T22:17:32.930+0000] {processor.py:183} INFO - Processing /home/airflow/.local/lib/python3.12/site-packages/airflow/example_dags/example_dag_decorator.py took 0.564 seconds
[2024-07-08T22:18:03.244+0000] {processor.py:161} INFO - Started process (PID=3773) to work on /home/airflow/.local/lib/python3.12/site-packages/airflow/example_dags/example_dag_decorator.py
[2024-07-08T22:18:03.247+0000] {processor.py:830} INFO - Processing file /home/airflow/.local/lib/python3.12/site-packages/airflow/example_dags/example_dag_decorator.py for tasks to queue
[2024-07-08T22:18:03.250+0000] {logging_mixin.py:188} INFO - [2024-07-08T22:18:03.249+0000] {dagbag.py:545} INFO - Filling up the DagBag from /home/airflow/.local/lib/python3.12/site-packages/airflow/example_dags/example_dag_decorator.py
[2024-07-08T22:18:03.495+0000] {processor.py:840} INFO - DAG(s) 'example_dag_decorator' retrieved from /home/airflow/.local/lib/python3.12/site-packages/airflow/example_dags/example_dag_decorator.py
[2024-07-08T22:18:03.680+0000] {logging_mixin.py:188} INFO - [2024-07-08T22:18:03.679+0000] {dag.py:3096} INFO - Sync 1 DAGs
[2024-07-08T22:18:03.713+0000] {logging_mixin.py:188} INFO - [2024-07-08T22:18:03.712+0000] {dag.py:3954} INFO - Setting next_dagrun for example_dag_decorator to None, run_after=None
[2024-07-08T22:18:03.763+0000] {processor.py:183} INFO - Processing /home/airflow/.local/lib/python3.12/site-packages/airflow/example_dags/example_dag_decorator.py took 0.533 seconds
[2024-07-08T22:18:34.784+0000] {processor.py:161} INFO - Started process (PID=3830) to work on /home/airflow/.local/lib/python3.12/site-packages/airflow/example_dags/example_dag_decorator.py
[2024-07-08T22:18:34.788+0000] {processor.py:830} INFO - Processing file /home/airflow/.local/lib/python3.12/site-packages/airflow/example_dags/example_dag_decorator.py for tasks to queue
[2024-07-08T22:18:34.808+0000] {logging_mixin.py:188} INFO - [2024-07-08T22:18:34.807+0000] {dagbag.py:545} INFO - Filling up the DagBag from /home/airflow/.local/lib/python3.12/site-packages/airflow/example_dags/example_dag_decorator.py
[2024-07-08T22:18:35.810+0000] {processor.py:840} INFO - DAG(s) 'example_dag_decorator' retrieved from /home/airflow/.local/lib/python3.12/site-packages/airflow/example_dags/example_dag_decorator.py
[2024-07-08T22:18:36.365+0000] {logging_mixin.py:188} INFO - [2024-07-08T22:18:36.364+0000] {dag.py:3096} INFO - Sync 1 DAGs
[2024-07-08T22:18:36.418+0000] {logging_mixin.py:188} INFO - [2024-07-08T22:18:36.417+0000] {dag.py:3954} INFO - Setting next_dagrun for example_dag_decorator to None, run_after=None
[2024-07-08T22:18:36.510+0000] {processor.py:183} INFO - Processing /home/airflow/.local/lib/python3.12/site-packages/airflow/example_dags/example_dag_decorator.py took 1.758 seconds
[2024-07-08T22:19:07.014+0000] {processor.py:161} INFO - Started process (PID=3890) to work on /home/airflow/.local/lib/python3.12/site-packages/airflow/example_dags/example_dag_decorator.py
[2024-07-08T22:19:07.016+0000] {processor.py:830} INFO - Processing file /home/airflow/.local/lib/python3.12/site-packages/airflow/example_dags/example_dag_decorator.py for tasks to queue
[2024-07-08T22:19:07.019+0000] {logging_mixin.py:188} INFO - [2024-07-08T22:19:07.019+0000] {dagbag.py:545} INFO - Filling up the DagBag from /home/airflow/.local/lib/python3.12/site-packages/airflow/example_dags/example_dag_decorator.py
[2024-07-08T22:19:07.226+0000] {processor.py:840} INFO - DAG(s) 'example_dag_decorator' retrieved from /home/airflow/.local/lib/python3.12/site-packages/airflow/example_dags/example_dag_decorator.py
[2024-07-08T22:19:07.426+0000] {logging_mixin.py:188} INFO - [2024-07-08T22:19:07.426+0000] {dag.py:3096} INFO - Sync 1 DAGs
[2024-07-08T22:19:07.447+0000] {logging_mixin.py:188} INFO - [2024-07-08T22:19:07.446+0000] {dag.py:3954} INFO - Setting next_dagrun for example_dag_decorator to None, run_after=None
[2024-07-08T22:19:07.497+0000] {processor.py:183} INFO - Processing /home/airflow/.local/lib/python3.12/site-packages/airflow/example_dags/example_dag_decorator.py took 0.492 seconds
[2024-07-08T22:19:37.952+0000] {processor.py:161} INFO - Started process (PID=3951) to work on /home/airflow/.local/lib/python3.12/site-packages/airflow/example_dags/example_dag_decorator.py
[2024-07-08T22:19:37.954+0000] {processor.py:830} INFO - Processing file /home/airflow/.local/lib/python3.12/site-packages/airflow/example_dags/example_dag_decorator.py for tasks to queue
[2024-07-08T22:19:37.960+0000] {logging_mixin.py:188} INFO - [2024-07-08T22:19:37.959+0000] {dagbag.py:545} INFO - Filling up the DagBag from /home/airflow/.local/lib/python3.12/site-packages/airflow/example_dags/example_dag_decorator.py
[2024-07-08T22:19:38.496+0000] {processor.py:840} INFO - DAG(s) 'example_dag_decorator' retrieved from /home/airflow/.local/lib/python3.12/site-packages/airflow/example_dags/example_dag_decorator.py
[2024-07-08T22:19:38.851+0000] {logging_mixin.py:188} INFO - [2024-07-08T22:19:38.849+0000] {dag.py:3096} INFO - Sync 1 DAGs
[2024-07-08T22:19:38.876+0000] {logging_mixin.py:188} INFO - [2024-07-08T22:19:38.875+0000] {dag.py:3954} INFO - Setting next_dagrun for example_dag_decorator to None, run_after=None
[2024-07-08T22:19:38.914+0000] {processor.py:183} INFO - Processing /home/airflow/.local/lib/python3.12/site-packages/airflow/example_dags/example_dag_decorator.py took 0.989 seconds
[2024-07-08T22:20:09.572+0000] {processor.py:161} INFO - Started process (PID=4012) to work on /home/airflow/.local/lib/python3.12/site-packages/airflow/example_dags/example_dag_decorator.py
[2024-07-08T22:20:09.573+0000] {processor.py:830} INFO - Processing file /home/airflow/.local/lib/python3.12/site-packages/airflow/example_dags/example_dag_decorator.py for tasks to queue
[2024-07-08T22:20:09.576+0000] {logging_mixin.py:188} INFO - [2024-07-08T22:20:09.576+0000] {dagbag.py:545} INFO - Filling up the DagBag from /home/airflow/.local/lib/python3.12/site-packages/airflow/example_dags/example_dag_decorator.py
[2024-07-08T22:20:09.822+0000] {processor.py:840} INFO - DAG(s) 'example_dag_decorator' retrieved from /home/airflow/.local/lib/python3.12/site-packages/airflow/example_dags/example_dag_decorator.py
[2024-07-08T22:20:10.006+0000] {logging_mixin.py:188} INFO - [2024-07-08T22:20:10.006+0000] {dag.py:3096} INFO - Sync 1 DAGs
[2024-07-08T22:20:10.022+0000] {logging_mixin.py:188} INFO - [2024-07-08T22:20:10.021+0000] {dag.py:3954} INFO - Setting next_dagrun for example_dag_decorator to None, run_after=None
[2024-07-08T22:20:10.052+0000] {processor.py:183} INFO - Processing /home/airflow/.local/lib/python3.12/site-packages/airflow/example_dags/example_dag_decorator.py took 0.491 seconds
[2024-07-08T22:20:40.313+0000] {processor.py:161} INFO - Started process (PID=4071) to work on /home/airflow/.local/lib/python3.12/site-packages/airflow/example_dags/example_dag_decorator.py
[2024-07-08T22:20:40.316+0000] {processor.py:830} INFO - Processing file /home/airflow/.local/lib/python3.12/site-packages/airflow/example_dags/example_dag_decorator.py for tasks to queue
[2024-07-08T22:20:40.321+0000] {logging_mixin.py:188} INFO - [2024-07-08T22:20:40.320+0000] {dagbag.py:545} INFO - Filling up the DagBag from /home/airflow/.local/lib/python3.12/site-packages/airflow/example_dags/example_dag_decorator.py
[2024-07-08T22:20:40.489+0000] {processor.py:840} INFO - DAG(s) 'example_dag_decorator' retrieved from /home/airflow/.local/lib/python3.12/site-packages/airflow/example_dags/example_dag_decorator.py
[2024-07-08T22:20:40.646+0000] {logging_mixin.py:188} INFO - [2024-07-08T22:20:40.645+0000] {dag.py:3096} INFO - Sync 1 DAGs
[2024-07-08T22:20:40.661+0000] {logging_mixin.py:188} INFO - [2024-07-08T22:20:40.660+0000] {dag.py:3954} INFO - Setting next_dagrun for example_dag_decorator to None, run_after=None
[2024-07-08T22:20:40.690+0000] {processor.py:183} INFO - Processing /home/airflow/.local/lib/python3.12/site-packages/airflow/example_dags/example_dag_decorator.py took 0.388 seconds
[2024-07-08T22:21:10.790+0000] {processor.py:161} INFO - Started process (PID=4130) to work on /home/airflow/.local/lib/python3.12/site-packages/airflow/example_dags/example_dag_decorator.py
[2024-07-08T22:21:10.792+0000] {processor.py:830} INFO - Processing file /home/airflow/.local/lib/python3.12/site-packages/airflow/example_dags/example_dag_decorator.py for tasks to queue
[2024-07-08T22:21:10.795+0000] {logging_mixin.py:188} INFO - [2024-07-08T22:21:10.794+0000] {dagbag.py:545} INFO - Filling up the DagBag from /home/airflow/.local/lib/python3.12/site-packages/airflow/example_dags/example_dag_decorator.py
[2024-07-08T22:21:11.025+0000] {processor.py:840} INFO - DAG(s) 'example_dag_decorator' retrieved from /home/airflow/.local/lib/python3.12/site-packages/airflow/example_dags/example_dag_decorator.py
[2024-07-08T22:21:11.194+0000] {logging_mixin.py:188} INFO - [2024-07-08T22:21:11.194+0000] {dag.py:3096} INFO - Sync 1 DAGs
[2024-07-08T22:21:11.216+0000] {logging_mixin.py:188} INFO - [2024-07-08T22:21:11.213+0000] {dag.py:3954} INFO - Setting next_dagrun for example_dag_decorator to None, run_after=None
[2024-07-08T22:21:11.258+0000] {processor.py:183} INFO - Processing /home/airflow/.local/lib/python3.12/site-packages/airflow/example_dags/example_dag_decorator.py took 0.481 seconds
[2024-07-08T22:21:41.335+0000] {processor.py:161} INFO - Started process (PID=4185) to work on /home/airflow/.local/lib/python3.12/site-packages/airflow/example_dags/example_dag_decorator.py
[2024-07-08T22:21:41.337+0000] {processor.py:830} INFO - Processing file /home/airflow/.local/lib/python3.12/site-packages/airflow/example_dags/example_dag_decorator.py for tasks to queue
[2024-07-08T22:21:41.341+0000] {logging_mixin.py:188} INFO - [2024-07-08T22:21:41.341+0000] {dagbag.py:545} INFO - Filling up the DagBag from /home/airflow/.local/lib/python3.12/site-packages/airflow/example_dags/example_dag_decorator.py
[2024-07-08T22:21:41.524+0000] {processor.py:840} INFO - DAG(s) 'example_dag_decorator' retrieved from /home/airflow/.local/lib/python3.12/site-packages/airflow/example_dags/example_dag_decorator.py
[2024-07-08T22:21:41.744+0000] {logging_mixin.py:188} INFO - [2024-07-08T22:21:41.744+0000] {dag.py:3096} INFO - Sync 1 DAGs
[2024-07-08T22:21:41.762+0000] {logging_mixin.py:188} INFO - [2024-07-08T22:21:41.762+0000] {dag.py:3954} INFO - Setting next_dagrun for example_dag_decorator to None, run_after=None
[2024-07-08T22:21:41.799+0000] {processor.py:183} INFO - Processing /home/airflow/.local/lib/python3.12/site-packages/airflow/example_dags/example_dag_decorator.py took 0.473 seconds
[2024-07-08T22:22:12.288+0000] {processor.py:161} INFO - Started process (PID=4244) to work on /home/airflow/.local/lib/python3.12/site-packages/airflow/example_dags/example_dag_decorator.py
[2024-07-08T22:22:12.291+0000] {processor.py:830} INFO - Processing file /home/airflow/.local/lib/python3.12/site-packages/airflow/example_dags/example_dag_decorator.py for tasks to queue
[2024-07-08T22:22:12.298+0000] {logging_mixin.py:188} INFO - [2024-07-08T22:22:12.297+0000] {dagbag.py:545} INFO - Filling up the DagBag from /home/airflow/.local/lib/python3.12/site-packages/airflow/example_dags/example_dag_decorator.py
[2024-07-08T22:22:12.523+0000] {processor.py:840} INFO - DAG(s) 'example_dag_decorator' retrieved from /home/airflow/.local/lib/python3.12/site-packages/airflow/example_dags/example_dag_decorator.py
[2024-07-08T22:22:12.795+0000] {logging_mixin.py:188} INFO - [2024-07-08T22:22:12.794+0000] {dag.py:3096} INFO - Sync 1 DAGs
[2024-07-08T22:22:12.832+0000] {logging_mixin.py:188} INFO - [2024-07-08T22:22:12.832+0000] {dag.py:3954} INFO - Setting next_dagrun for example_dag_decorator to None, run_after=None
[2024-07-08T22:22:12.882+0000] {processor.py:183} INFO - Processing /home/airflow/.local/lib/python3.12/site-packages/airflow/example_dags/example_dag_decorator.py took 0.608 seconds
