[2024-07-08T21:44:47.256+0000] {processor.py:161} INFO - Started process (PID=32) to work on /opt/airflow/dags/ny_newtlcdrivers.py
[2024-07-08T21:44:47.271+0000] {processor.py:830} INFO - Processing file /opt/airflow/dags/ny_newtlcdrivers.py for tasks to queue
[2024-07-08T21:44:47.284+0000] {logging_mixin.py:188} INFO - [2024-07-08T21:44:47.283+0000] {dagbag.py:545} INFO - Filling up the DagBag from /opt/airflow/dags/ny_newtlcdrivers.py
[2024-07-08T21:44:47.296+0000] {processor.py:842} WARNING - No viable dags retrieved from /opt/airflow/dags/ny_newtlcdrivers.py
[2024-07-08T21:44:47.363+0000] {processor.py:183} INFO - Processing /opt/airflow/dags/ny_newtlcdrivers.py took 0.145 seconds
[2024-07-08T21:45:44.332+0000] {processor.py:161} INFO - Started process (PID=96) to work on /opt/airflow/dags/ny_newtlcdrivers.py
[2024-07-08T21:45:44.334+0000] {processor.py:830} INFO - Processing file /opt/airflow/dags/ny_newtlcdrivers.py for tasks to queue
[2024-07-08T21:45:44.342+0000] {logging_mixin.py:188} INFO - [2024-07-08T21:45:44.342+0000] {dagbag.py:545} INFO - Filling up the DagBag from /opt/airflow/dags/ny_newtlcdrivers.py
[2024-07-08T21:45:44.349+0000] {processor.py:842} WARNING - No viable dags retrieved from /opt/airflow/dags/ny_newtlcdrivers.py
[2024-07-08T21:45:44.388+0000] {processor.py:183} INFO - Processing /opt/airflow/dags/ny_newtlcdrivers.py took 0.068 seconds
[2024-07-08T21:46:14.752+0000] {processor.py:161} INFO - Started process (PID=151) to work on /opt/airflow/dags/ny_newtlcdrivers.py
[2024-07-08T21:46:14.755+0000] {processor.py:830} INFO - Processing file /opt/airflow/dags/ny_newtlcdrivers.py for tasks to queue
[2024-07-08T21:46:14.758+0000] {logging_mixin.py:188} INFO - [2024-07-08T21:46:14.757+0000] {dagbag.py:545} INFO - Filling up the DagBag from /opt/airflow/dags/ny_newtlcdrivers.py
[2024-07-08T21:46:14.764+0000] {processor.py:842} WARNING - No viable dags retrieved from /opt/airflow/dags/ny_newtlcdrivers.py
[2024-07-08T21:46:14.789+0000] {processor.py:183} INFO - Processing /opt/airflow/dags/ny_newtlcdrivers.py took 0.048 seconds
[2024-07-08T21:46:45.319+0000] {processor.py:161} INFO - Started process (PID=210) to work on /opt/airflow/dags/ny_newtlcdrivers.py
[2024-07-08T21:46:45.323+0000] {processor.py:830} INFO - Processing file /opt/airflow/dags/ny_newtlcdrivers.py for tasks to queue
[2024-07-08T21:46:45.327+0000] {logging_mixin.py:188} INFO - [2024-07-08T21:46:45.326+0000] {dagbag.py:545} INFO - Filling up the DagBag from /opt/airflow/dags/ny_newtlcdrivers.py
[2024-07-08T21:46:45.334+0000] {processor.py:842} WARNING - No viable dags retrieved from /opt/airflow/dags/ny_newtlcdrivers.py
[2024-07-08T21:46:45.377+0000] {processor.py:183} INFO - Processing /opt/airflow/dags/ny_newtlcdrivers.py took 0.072 seconds
[2024-07-08T21:47:15.790+0000] {processor.py:161} INFO - Started process (PID=269) to work on /opt/airflow/dags/ny_newtlcdrivers.py
[2024-07-08T21:47:15.793+0000] {processor.py:830} INFO - Processing file /opt/airflow/dags/ny_newtlcdrivers.py for tasks to queue
[2024-07-08T21:47:15.797+0000] {logging_mixin.py:188} INFO - [2024-07-08T21:47:15.797+0000] {dagbag.py:545} INFO - Filling up the DagBag from /opt/airflow/dags/ny_newtlcdrivers.py
[2024-07-08T21:47:15.804+0000] {processor.py:842} WARNING - No viable dags retrieved from /opt/airflow/dags/ny_newtlcdrivers.py
[2024-07-08T21:47:15.829+0000] {processor.py:183} INFO - Processing /opt/airflow/dags/ny_newtlcdrivers.py took 0.050 seconds
[2024-07-08T21:47:46.287+0000] {processor.py:161} INFO - Started process (PID=328) to work on /opt/airflow/dags/ny_newtlcdrivers.py
[2024-07-08T21:47:46.300+0000] {processor.py:830} INFO - Processing file /opt/airflow/dags/ny_newtlcdrivers.py for tasks to queue
[2024-07-08T21:47:46.308+0000] {logging_mixin.py:188} INFO - [2024-07-08T21:47:46.305+0000] {dagbag.py:545} INFO - Filling up the DagBag from /opt/airflow/dags/ny_newtlcdrivers.py
[2024-07-08T21:47:46.347+0000] {processor.py:842} WARNING - No viable dags retrieved from /opt/airflow/dags/ny_newtlcdrivers.py
[2024-07-08T21:47:46.403+0000] {processor.py:183} INFO - Processing /opt/airflow/dags/ny_newtlcdrivers.py took 0.136 seconds
[2024-07-08T21:48:16.920+0000] {processor.py:161} INFO - Started process (PID=387) to work on /opt/airflow/dags/ny_newtlcdrivers.py
[2024-07-08T21:48:16.927+0000] {processor.py:830} INFO - Processing file /opt/airflow/dags/ny_newtlcdrivers.py for tasks to queue
[2024-07-08T21:48:16.935+0000] {logging_mixin.py:188} INFO - [2024-07-08T21:48:16.933+0000] {dagbag.py:545} INFO - Filling up the DagBag from /opt/airflow/dags/ny_newtlcdrivers.py
[2024-07-08T21:48:16.942+0000] {processor.py:842} WARNING - No viable dags retrieved from /opt/airflow/dags/ny_newtlcdrivers.py
[2024-07-08T21:48:16.997+0000] {processor.py:183} INFO - Processing /opt/airflow/dags/ny_newtlcdrivers.py took 0.104 seconds
[2024-07-08T21:48:48.028+0000] {processor.py:161} INFO - Started process (PID=446) to work on /opt/airflow/dags/ny_newtlcdrivers.py
[2024-07-08T21:48:48.033+0000] {processor.py:830} INFO - Processing file /opt/airflow/dags/ny_newtlcdrivers.py for tasks to queue
[2024-07-08T21:48:48.041+0000] {logging_mixin.py:188} INFO - [2024-07-08T21:48:48.040+0000] {dagbag.py:545} INFO - Filling up the DagBag from /opt/airflow/dags/ny_newtlcdrivers.py
[2024-07-08T21:48:48.050+0000] {processor.py:842} WARNING - No viable dags retrieved from /opt/airflow/dags/ny_newtlcdrivers.py
[2024-07-08T21:48:48.086+0000] {processor.py:183} INFO - Processing /opt/airflow/dags/ny_newtlcdrivers.py took 0.102 seconds
[2024-07-08T21:49:19.061+0000] {processor.py:161} INFO - Started process (PID=505) to work on /opt/airflow/dags/ny_newtlcdrivers.py
[2024-07-08T21:49:19.064+0000] {processor.py:830} INFO - Processing file /opt/airflow/dags/ny_newtlcdrivers.py for tasks to queue
[2024-07-08T21:49:19.068+0000] {logging_mixin.py:188} INFO - [2024-07-08T21:49:19.067+0000] {dagbag.py:545} INFO - Filling up the DagBag from /opt/airflow/dags/ny_newtlcdrivers.py
[2024-07-08T21:49:19.075+0000] {processor.py:842} WARNING - No viable dags retrieved from /opt/airflow/dags/ny_newtlcdrivers.py
[2024-07-08T21:49:19.126+0000] {processor.py:183} INFO - Processing /opt/airflow/dags/ny_newtlcdrivers.py took 0.078 seconds
[2024-07-08T21:49:49.370+0000] {processor.py:161} INFO - Started process (PID=565) to work on /opt/airflow/dags/ny_newtlcdrivers.py
[2024-07-08T21:49:49.376+0000] {processor.py:830} INFO - Processing file /opt/airflow/dags/ny_newtlcdrivers.py for tasks to queue
[2024-07-08T21:49:49.385+0000] {logging_mixin.py:188} INFO - [2024-07-08T21:49:49.384+0000] {dagbag.py:545} INFO - Filling up the DagBag from /opt/airflow/dags/ny_newtlcdrivers.py
[2024-07-08T21:49:49.412+0000] {processor.py:842} WARNING - No viable dags retrieved from /opt/airflow/dags/ny_newtlcdrivers.py
[2024-07-08T21:49:49.437+0000] {processor.py:183} INFO - Processing /opt/airflow/dags/ny_newtlcdrivers.py took 0.080 seconds
[2024-07-08T21:50:19.856+0000] {processor.py:161} INFO - Started process (PID=624) to work on /opt/airflow/dags/ny_newtlcdrivers.py
[2024-07-08T21:50:19.858+0000] {processor.py:830} INFO - Processing file /opt/airflow/dags/ny_newtlcdrivers.py for tasks to queue
[2024-07-08T21:50:19.861+0000] {logging_mixin.py:188} INFO - [2024-07-08T21:50:19.860+0000] {dagbag.py:545} INFO - Filling up the DagBag from /opt/airflow/dags/ny_newtlcdrivers.py
[2024-07-08T21:50:19.869+0000] {processor.py:842} WARNING - No viable dags retrieved from /opt/airflow/dags/ny_newtlcdrivers.py
[2024-07-08T21:50:19.895+0000] {processor.py:183} INFO - Processing /opt/airflow/dags/ny_newtlcdrivers.py took 0.052 seconds
[2024-07-08T21:50:50.182+0000] {processor.py:161} INFO - Started process (PID=683) to work on /opt/airflow/dags/ny_newtlcdrivers.py
[2024-07-08T21:50:50.197+0000] {processor.py:830} INFO - Processing file /opt/airflow/dags/ny_newtlcdrivers.py for tasks to queue
[2024-07-08T21:50:50.203+0000] {logging_mixin.py:188} INFO - [2024-07-08T21:50:50.201+0000] {dagbag.py:545} INFO - Filling up the DagBag from /opt/airflow/dags/ny_newtlcdrivers.py
[2024-07-08T21:50:50.222+0000] {processor.py:842} WARNING - No viable dags retrieved from /opt/airflow/dags/ny_newtlcdrivers.py
[2024-07-08T21:50:50.277+0000] {processor.py:183} INFO - Processing /opt/airflow/dags/ny_newtlcdrivers.py took 0.145 seconds
[2024-07-08T21:51:20.766+0000] {processor.py:161} INFO - Started process (PID=742) to work on /opt/airflow/dags/ny_newtlcdrivers.py
[2024-07-08T21:51:20.767+0000] {processor.py:830} INFO - Processing file /opt/airflow/dags/ny_newtlcdrivers.py for tasks to queue
[2024-07-08T21:51:20.770+0000] {logging_mixin.py:188} INFO - [2024-07-08T21:51:20.770+0000] {dagbag.py:545} INFO - Filling up the DagBag from /opt/airflow/dags/ny_newtlcdrivers.py
[2024-07-08T21:51:20.775+0000] {processor.py:842} WARNING - No viable dags retrieved from /opt/airflow/dags/ny_newtlcdrivers.py
[2024-07-08T21:51:20.803+0000] {processor.py:183} INFO - Processing /opt/airflow/dags/ny_newtlcdrivers.py took 0.050 seconds
[2024-07-08T21:51:51.032+0000] {processor.py:161} INFO - Started process (PID=801) to work on /opt/airflow/dags/ny_newtlcdrivers.py
[2024-07-08T21:51:51.033+0000] {processor.py:830} INFO - Processing file /opt/airflow/dags/ny_newtlcdrivers.py for tasks to queue
[2024-07-08T21:51:51.037+0000] {logging_mixin.py:188} INFO - [2024-07-08T21:51:51.036+0000] {dagbag.py:545} INFO - Filling up the DagBag from /opt/airflow/dags/ny_newtlcdrivers.py
[2024-07-08T21:51:51.044+0000] {processor.py:842} WARNING - No viable dags retrieved from /opt/airflow/dags/ny_newtlcdrivers.py
[2024-07-08T21:51:51.070+0000] {processor.py:183} INFO - Processing /opt/airflow/dags/ny_newtlcdrivers.py took 0.048 seconds
[2024-07-08T21:52:21.308+0000] {processor.py:161} INFO - Started process (PID=859) to work on /opt/airflow/dags/ny_newtlcdrivers.py
[2024-07-08T21:52:21.313+0000] {processor.py:830} INFO - Processing file /opt/airflow/dags/ny_newtlcdrivers.py for tasks to queue
[2024-07-08T21:52:21.327+0000] {logging_mixin.py:188} INFO - [2024-07-08T21:52:21.325+0000] {dagbag.py:545} INFO - Filling up the DagBag from /opt/airflow/dags/ny_newtlcdrivers.py
[2024-07-08T21:52:21.372+0000] {processor.py:842} WARNING - No viable dags retrieved from /opt/airflow/dags/ny_newtlcdrivers.py
[2024-07-08T21:52:21.406+0000] {processor.py:183} INFO - Processing /opt/airflow/dags/ny_newtlcdrivers.py took 0.117 seconds
[2024-07-08T21:52:51.786+0000] {processor.py:161} INFO - Started process (PID=913) to work on /opt/airflow/dags/ny_newtlcdrivers.py
[2024-07-08T21:52:51.792+0000] {processor.py:830} INFO - Processing file /opt/airflow/dags/ny_newtlcdrivers.py for tasks to queue
[2024-07-08T21:52:51.799+0000] {logging_mixin.py:188} INFO - [2024-07-08T21:52:51.797+0000] {dagbag.py:545} INFO - Filling up the DagBag from /opt/airflow/dags/ny_newtlcdrivers.py
[2024-07-08T21:52:51.815+0000] {processor.py:842} WARNING - No viable dags retrieved from /opt/airflow/dags/ny_newtlcdrivers.py
[2024-07-08T21:52:51.852+0000] {processor.py:183} INFO - Processing /opt/airflow/dags/ny_newtlcdrivers.py took 0.080 seconds
[2024-07-08T21:53:22.052+0000] {processor.py:161} INFO - Started process (PID=972) to work on /opt/airflow/dags/ny_newtlcdrivers.py
[2024-07-08T21:53:22.054+0000] {processor.py:830} INFO - Processing file /opt/airflow/dags/ny_newtlcdrivers.py for tasks to queue
[2024-07-08T21:53:22.060+0000] {logging_mixin.py:188} INFO - [2024-07-08T21:53:22.059+0000] {dagbag.py:545} INFO - Filling up the DagBag from /opt/airflow/dags/ny_newtlcdrivers.py
[2024-07-08T21:53:22.068+0000] {processor.py:842} WARNING - No viable dags retrieved from /opt/airflow/dags/ny_newtlcdrivers.py
[2024-07-08T21:53:22.100+0000] {processor.py:183} INFO - Processing /opt/airflow/dags/ny_newtlcdrivers.py took 0.064 seconds
[2024-07-08T21:53:52.712+0000] {processor.py:161} INFO - Started process (PID=1030) to work on /opt/airflow/dags/ny_newtlcdrivers.py
[2024-07-08T21:53:52.714+0000] {processor.py:830} INFO - Processing file /opt/airflow/dags/ny_newtlcdrivers.py for tasks to queue
[2024-07-08T21:53:52.718+0000] {logging_mixin.py:188} INFO - [2024-07-08T21:53:52.717+0000] {dagbag.py:545} INFO - Filling up the DagBag from /opt/airflow/dags/ny_newtlcdrivers.py
[2024-07-08T21:53:52.732+0000] {processor.py:842} WARNING - No viable dags retrieved from /opt/airflow/dags/ny_newtlcdrivers.py
[2024-07-08T21:53:52.808+0000] {processor.py:183} INFO - Processing /opt/airflow/dags/ny_newtlcdrivers.py took 0.112 seconds
[2024-07-08T21:54:23.148+0000] {processor.py:161} INFO - Started process (PID=1089) to work on /opt/airflow/dags/ny_newtlcdrivers.py
[2024-07-08T21:54:23.150+0000] {processor.py:830} INFO - Processing file /opt/airflow/dags/ny_newtlcdrivers.py for tasks to queue
[2024-07-08T21:54:23.166+0000] {logging_mixin.py:188} INFO - [2024-07-08T21:54:23.165+0000] {dagbag.py:545} INFO - Filling up the DagBag from /opt/airflow/dags/ny_newtlcdrivers.py
[2024-07-08T21:54:23.202+0000] {processor.py:842} WARNING - No viable dags retrieved from /opt/airflow/dags/ny_newtlcdrivers.py
[2024-07-08T21:54:23.287+0000] {processor.py:183} INFO - Processing /opt/airflow/dags/ny_newtlcdrivers.py took 0.153 seconds
[2024-07-08T21:54:53.727+0000] {processor.py:161} INFO - Started process (PID=1148) to work on /opt/airflow/dags/ny_newtlcdrivers.py
[2024-07-08T21:54:53.729+0000] {processor.py:830} INFO - Processing file /opt/airflow/dags/ny_newtlcdrivers.py for tasks to queue
[2024-07-08T21:54:53.732+0000] {logging_mixin.py:188} INFO - [2024-07-08T21:54:53.732+0000] {dagbag.py:545} INFO - Filling up the DagBag from /opt/airflow/dags/ny_newtlcdrivers.py
[2024-07-08T21:54:53.740+0000] {processor.py:842} WARNING - No viable dags retrieved from /opt/airflow/dags/ny_newtlcdrivers.py
[2024-07-08T21:54:53.766+0000] {processor.py:183} INFO - Processing /opt/airflow/dags/ny_newtlcdrivers.py took 0.049 seconds
[2024-07-08T21:55:23.932+0000] {processor.py:161} INFO - Started process (PID=1206) to work on /opt/airflow/dags/ny_newtlcdrivers.py
[2024-07-08T21:55:23.940+0000] {processor.py:830} INFO - Processing file /opt/airflow/dags/ny_newtlcdrivers.py for tasks to queue
[2024-07-08T21:55:23.945+0000] {logging_mixin.py:188} INFO - [2024-07-08T21:55:23.944+0000] {dagbag.py:545} INFO - Filling up the DagBag from /opt/airflow/dags/ny_newtlcdrivers.py
[2024-07-08T21:55:23.963+0000] {processor.py:842} WARNING - No viable dags retrieved from /opt/airflow/dags/ny_newtlcdrivers.py
[2024-07-08T21:55:24.009+0000] {processor.py:183} INFO - Processing /opt/airflow/dags/ny_newtlcdrivers.py took 0.095 seconds
[2024-07-08T21:55:54.814+0000] {processor.py:161} INFO - Started process (PID=1262) to work on /opt/airflow/dags/ny_newtlcdrivers.py
[2024-07-08T21:55:54.818+0000] {processor.py:830} INFO - Processing file /opt/airflow/dags/ny_newtlcdrivers.py for tasks to queue
[2024-07-08T21:55:54.824+0000] {logging_mixin.py:188} INFO - [2024-07-08T21:55:54.823+0000] {dagbag.py:545} INFO - Filling up the DagBag from /opt/airflow/dags/ny_newtlcdrivers.py
[2024-07-08T21:55:54.833+0000] {processor.py:842} WARNING - No viable dags retrieved from /opt/airflow/dags/ny_newtlcdrivers.py
[2024-07-08T21:55:54.863+0000] {processor.py:183} INFO - Processing /opt/airflow/dags/ny_newtlcdrivers.py took 0.071 seconds
[2024-07-08T21:56:24.986+0000] {processor.py:161} INFO - Started process (PID=1321) to work on /opt/airflow/dags/ny_newtlcdrivers.py
[2024-07-08T21:56:24.988+0000] {processor.py:830} INFO - Processing file /opt/airflow/dags/ny_newtlcdrivers.py for tasks to queue
[2024-07-08T21:56:24.994+0000] {logging_mixin.py:188} INFO - [2024-07-08T21:56:24.992+0000] {dagbag.py:545} INFO - Filling up the DagBag from /opt/airflow/dags/ny_newtlcdrivers.py
[2024-07-08T21:56:25.003+0000] {processor.py:842} WARNING - No viable dags retrieved from /opt/airflow/dags/ny_newtlcdrivers.py
[2024-07-08T21:56:25.034+0000] {processor.py:183} INFO - Processing /opt/airflow/dags/ny_newtlcdrivers.py took 0.064 seconds
[2024-07-08T21:56:55.399+0000] {processor.py:161} INFO - Started process (PID=1380) to work on /opt/airflow/dags/ny_newtlcdrivers.py
[2024-07-08T21:56:55.405+0000] {processor.py:830} INFO - Processing file /opt/airflow/dags/ny_newtlcdrivers.py for tasks to queue
[2024-07-08T21:56:55.411+0000] {logging_mixin.py:188} INFO - [2024-07-08T21:56:55.410+0000] {dagbag.py:545} INFO - Filling up the DagBag from /opt/airflow/dags/ny_newtlcdrivers.py
[2024-07-08T21:56:55.437+0000] {processor.py:842} WARNING - No viable dags retrieved from /opt/airflow/dags/ny_newtlcdrivers.py
[2024-07-08T21:56:55.482+0000] {processor.py:183} INFO - Processing /opt/airflow/dags/ny_newtlcdrivers.py took 0.108 seconds
[2024-07-08T21:57:26.002+0000] {processor.py:161} INFO - Started process (PID=1438) to work on /opt/airflow/dags/ny_newtlcdrivers.py
[2024-07-08T21:57:26.004+0000] {processor.py:830} INFO - Processing file /opt/airflow/dags/ny_newtlcdrivers.py for tasks to queue
[2024-07-08T21:57:26.008+0000] {logging_mixin.py:188} INFO - [2024-07-08T21:57:26.007+0000] {dagbag.py:545} INFO - Filling up the DagBag from /opt/airflow/dags/ny_newtlcdrivers.py
[2024-07-08T21:57:26.018+0000] {processor.py:842} WARNING - No viable dags retrieved from /opt/airflow/dags/ny_newtlcdrivers.py
[2024-07-08T21:57:26.046+0000] {processor.py:183} INFO - Processing /opt/airflow/dags/ny_newtlcdrivers.py took 0.055 seconds
[2024-07-08T21:57:56.109+0000] {processor.py:161} INFO - Started process (PID=1494) to work on /opt/airflow/dags/ny_newtlcdrivers.py
[2024-07-08T21:57:56.110+0000] {processor.py:830} INFO - Processing file /opt/airflow/dags/ny_newtlcdrivers.py for tasks to queue
[2024-07-08T21:57:56.118+0000] {logging_mixin.py:188} INFO - [2024-07-08T21:57:56.117+0000] {dagbag.py:545} INFO - Filling up the DagBag from /opt/airflow/dags/ny_newtlcdrivers.py
[2024-07-08T21:57:56.127+0000] {processor.py:842} WARNING - No viable dags retrieved from /opt/airflow/dags/ny_newtlcdrivers.py
[2024-07-08T21:57:56.168+0000] {processor.py:183} INFO - Processing /opt/airflow/dags/ny_newtlcdrivers.py took 0.069 seconds
[2024-07-08T21:58:26.628+0000] {processor.py:161} INFO - Started process (PID=1551) to work on /opt/airflow/dags/ny_newtlcdrivers.py
[2024-07-08T21:58:26.631+0000] {processor.py:830} INFO - Processing file /opt/airflow/dags/ny_newtlcdrivers.py for tasks to queue
[2024-07-08T21:58:26.635+0000] {logging_mixin.py:188} INFO - [2024-07-08T21:58:26.635+0000] {dagbag.py:545} INFO - Filling up the DagBag from /opt/airflow/dags/ny_newtlcdrivers.py
[2024-07-08T21:58:26.645+0000] {processor.py:842} WARNING - No viable dags retrieved from /opt/airflow/dags/ny_newtlcdrivers.py
[2024-07-08T21:58:26.677+0000] {processor.py:183} INFO - Processing /opt/airflow/dags/ny_newtlcdrivers.py took 0.080 seconds
[2024-07-08T21:58:58.231+0000] {processor.py:161} INFO - Started process (PID=1608) to work on /opt/airflow/dags/ny_newtlcdrivers.py
[2024-07-08T21:58:58.242+0000] {processor.py:830} INFO - Processing file /opt/airflow/dags/ny_newtlcdrivers.py for tasks to queue
[2024-07-08T21:58:58.247+0000] {logging_mixin.py:188} INFO - [2024-07-08T21:58:58.246+0000] {dagbag.py:545} INFO - Filling up the DagBag from /opt/airflow/dags/ny_newtlcdrivers.py
[2024-07-08T21:58:58.257+0000] {processor.py:842} WARNING - No viable dags retrieved from /opt/airflow/dags/ny_newtlcdrivers.py
[2024-07-08T21:58:58.304+0000] {processor.py:183} INFO - Processing /opt/airflow/dags/ny_newtlcdrivers.py took 0.092 seconds
[2024-07-08T21:59:28.472+0000] {processor.py:161} INFO - Started process (PID=1664) to work on /opt/airflow/dags/ny_newtlcdrivers.py
[2024-07-08T21:59:28.474+0000] {processor.py:830} INFO - Processing file /opt/airflow/dags/ny_newtlcdrivers.py for tasks to queue
[2024-07-08T21:59:28.483+0000] {logging_mixin.py:188} INFO - [2024-07-08T21:59:28.481+0000] {dagbag.py:545} INFO - Filling up the DagBag from /opt/airflow/dags/ny_newtlcdrivers.py
[2024-07-08T21:59:28.493+0000] {processor.py:842} WARNING - No viable dags retrieved from /opt/airflow/dags/ny_newtlcdrivers.py
[2024-07-08T21:59:28.527+0000] {processor.py:183} INFO - Processing /opt/airflow/dags/ny_newtlcdrivers.py took 0.069 seconds
[2024-07-08T21:59:58.685+0000] {processor.py:161} INFO - Started process (PID=1720) to work on /opt/airflow/dags/ny_newtlcdrivers.py
[2024-07-08T21:59:58.702+0000] {processor.py:830} INFO - Processing file /opt/airflow/dags/ny_newtlcdrivers.py for tasks to queue
[2024-07-08T21:59:58.712+0000] {logging_mixin.py:188} INFO - [2024-07-08T21:59:58.711+0000] {dagbag.py:545} INFO - Filling up the DagBag from /opt/airflow/dags/ny_newtlcdrivers.py
[2024-07-08T21:59:58.722+0000] {processor.py:842} WARNING - No viable dags retrieved from /opt/airflow/dags/ny_newtlcdrivers.py
[2024-07-08T21:59:58.788+0000] {processor.py:183} INFO - Processing /opt/airflow/dags/ny_newtlcdrivers.py took 0.126 seconds
[2024-07-08T22:00:29.719+0000] {processor.py:161} INFO - Started process (PID=1779) to work on /opt/airflow/dags/ny_newtlcdrivers.py
[2024-07-08T22:00:29.726+0000] {processor.py:830} INFO - Processing file /opt/airflow/dags/ny_newtlcdrivers.py for tasks to queue
[2024-07-08T22:00:29.730+0000] {logging_mixin.py:188} INFO - [2024-07-08T22:00:29.729+0000] {dagbag.py:545} INFO - Filling up the DagBag from /opt/airflow/dags/ny_newtlcdrivers.py
[2024-07-08T22:00:29.743+0000] {processor.py:842} WARNING - No viable dags retrieved from /opt/airflow/dags/ny_newtlcdrivers.py
[2024-07-08T22:00:29.796+0000] {processor.py:183} INFO - Processing /opt/airflow/dags/ny_newtlcdrivers.py took 0.095 seconds
[2024-07-08T22:01:00.401+0000] {processor.py:161} INFO - Started process (PID=1835) to work on /opt/airflow/dags/ny_newtlcdrivers.py
[2024-07-08T22:01:00.403+0000] {processor.py:830} INFO - Processing file /opt/airflow/dags/ny_newtlcdrivers.py for tasks to queue
[2024-07-08T22:01:00.407+0000] {logging_mixin.py:188} INFO - [2024-07-08T22:01:00.406+0000] {dagbag.py:545} INFO - Filling up the DagBag from /opt/airflow/dags/ny_newtlcdrivers.py
[2024-07-08T22:01:00.413+0000] {processor.py:842} WARNING - No viable dags retrieved from /opt/airflow/dags/ny_newtlcdrivers.py
[2024-07-08T22:01:00.438+0000] {processor.py:183} INFO - Processing /opt/airflow/dags/ny_newtlcdrivers.py took 0.048 seconds
[2024-07-08T22:01:30.546+0000] {processor.py:161} INFO - Started process (PID=1894) to work on /opt/airflow/dags/ny_newtlcdrivers.py
[2024-07-08T22:01:30.548+0000] {processor.py:830} INFO - Processing file /opt/airflow/dags/ny_newtlcdrivers.py for tasks to queue
[2024-07-08T22:01:30.551+0000] {logging_mixin.py:188} INFO - [2024-07-08T22:01:30.551+0000] {dagbag.py:545} INFO - Filling up the DagBag from /opt/airflow/dags/ny_newtlcdrivers.py
[2024-07-08T22:01:30.558+0000] {processor.py:842} WARNING - No viable dags retrieved from /opt/airflow/dags/ny_newtlcdrivers.py
[2024-07-08T22:01:30.578+0000] {processor.py:183} INFO - Processing /opt/airflow/dags/ny_newtlcdrivers.py took 0.041 seconds
[2024-07-08T22:02:01.439+0000] {processor.py:161} INFO - Started process (PID=1952) to work on /opt/airflow/dags/ny_newtlcdrivers.py
[2024-07-08T22:02:01.443+0000] {processor.py:830} INFO - Processing file /opt/airflow/dags/ny_newtlcdrivers.py for tasks to queue
[2024-07-08T22:02:01.454+0000] {logging_mixin.py:188} INFO - [2024-07-08T22:02:01.454+0000] {dagbag.py:545} INFO - Filling up the DagBag from /opt/airflow/dags/ny_newtlcdrivers.py
[2024-07-08T22:02:01.472+0000] {processor.py:842} WARNING - No viable dags retrieved from /opt/airflow/dags/ny_newtlcdrivers.py
[2024-07-08T22:02:01.503+0000] {processor.py:183} INFO - Processing /opt/airflow/dags/ny_newtlcdrivers.py took 0.076 seconds
[2024-07-08T22:02:31.701+0000] {processor.py:161} INFO - Started process (PID=2011) to work on /opt/airflow/dags/ny_newtlcdrivers.py
[2024-07-08T22:02:31.704+0000] {processor.py:830} INFO - Processing file /opt/airflow/dags/ny_newtlcdrivers.py for tasks to queue
[2024-07-08T22:02:31.709+0000] {logging_mixin.py:188} INFO - [2024-07-08T22:02:31.707+0000] {dagbag.py:545} INFO - Filling up the DagBag from /opt/airflow/dags/ny_newtlcdrivers.py
[2024-07-08T22:02:31.716+0000] {processor.py:842} WARNING - No viable dags retrieved from /opt/airflow/dags/ny_newtlcdrivers.py
[2024-07-08T22:02:31.744+0000] {processor.py:183} INFO - Processing /opt/airflow/dags/ny_newtlcdrivers.py took 0.060 seconds
[2024-07-08T22:03:01.855+0000] {processor.py:161} INFO - Started process (PID=2070) to work on /opt/airflow/dags/ny_newtlcdrivers.py
[2024-07-08T22:03:01.857+0000] {processor.py:830} INFO - Processing file /opt/airflow/dags/ny_newtlcdrivers.py for tasks to queue
[2024-07-08T22:03:01.863+0000] {logging_mixin.py:188} INFO - [2024-07-08T22:03:01.862+0000] {dagbag.py:545} INFO - Filling up the DagBag from /opt/airflow/dags/ny_newtlcdrivers.py
[2024-07-08T22:03:01.871+0000] {processor.py:842} WARNING - No viable dags retrieved from /opt/airflow/dags/ny_newtlcdrivers.py
[2024-07-08T22:03:01.901+0000] {processor.py:183} INFO - Processing /opt/airflow/dags/ny_newtlcdrivers.py took 0.071 seconds
[2024-07-08T22:03:32.839+0000] {processor.py:161} INFO - Started process (PID=2129) to work on /opt/airflow/dags/ny_newtlcdrivers.py
[2024-07-08T22:03:32.840+0000] {processor.py:830} INFO - Processing file /opt/airflow/dags/ny_newtlcdrivers.py for tasks to queue
[2024-07-08T22:03:32.847+0000] {logging_mixin.py:188} INFO - [2024-07-08T22:03:32.846+0000] {dagbag.py:545} INFO - Filling up the DagBag from /opt/airflow/dags/ny_newtlcdrivers.py
[2024-07-08T22:03:32.854+0000] {processor.py:842} WARNING - No viable dags retrieved from /opt/airflow/dags/ny_newtlcdrivers.py
[2024-07-08T22:03:32.874+0000] {processor.py:183} INFO - Processing /opt/airflow/dags/ny_newtlcdrivers.py took 0.044 seconds
[2024-07-08T22:04:02.942+0000] {processor.py:161} INFO - Started process (PID=2188) to work on /opt/airflow/dags/ny_newtlcdrivers.py
[2024-07-08T22:04:02.951+0000] {processor.py:830} INFO - Processing file /opt/airflow/dags/ny_newtlcdrivers.py for tasks to queue
[2024-07-08T22:04:02.954+0000] {logging_mixin.py:188} INFO - [2024-07-08T22:04:02.954+0000] {dagbag.py:545} INFO - Filling up the DagBag from /opt/airflow/dags/ny_newtlcdrivers.py
[2024-07-08T22:04:02.968+0000] {processor.py:842} WARNING - No viable dags retrieved from /opt/airflow/dags/ny_newtlcdrivers.py
[2024-07-08T22:04:03.006+0000] {processor.py:183} INFO - Processing /opt/airflow/dags/ny_newtlcdrivers.py took 0.087 seconds
[2024-07-08T22:04:33.160+0000] {processor.py:161} INFO - Started process (PID=2246) to work on /opt/airflow/dags/ny_newtlcdrivers.py
[2024-07-08T22:04:33.163+0000] {processor.py:830} INFO - Processing file /opt/airflow/dags/ny_newtlcdrivers.py for tasks to queue
[2024-07-08T22:04:33.166+0000] {logging_mixin.py:188} INFO - [2024-07-08T22:04:33.165+0000] {dagbag.py:545} INFO - Filling up the DagBag from /opt/airflow/dags/ny_newtlcdrivers.py
[2024-07-08T22:04:33.171+0000] {processor.py:842} WARNING - No viable dags retrieved from /opt/airflow/dags/ny_newtlcdrivers.py
[2024-07-08T22:04:33.191+0000] {processor.py:183} INFO - Processing /opt/airflow/dags/ny_newtlcdrivers.py took 0.040 seconds
[2024-07-08T22:05:04.508+0000] {processor.py:161} INFO - Started process (PID=2305) to work on /opt/airflow/dags/ny_newtlcdrivers.py
[2024-07-08T22:05:04.560+0000] {processor.py:830} INFO - Processing file /opt/airflow/dags/ny_newtlcdrivers.py for tasks to queue
[2024-07-08T22:05:04.574+0000] {logging_mixin.py:188} INFO - [2024-07-08T22:05:04.574+0000] {dagbag.py:545} INFO - Filling up the DagBag from /opt/airflow/dags/ny_newtlcdrivers.py
[2024-07-08T22:05:04.852+0000] {processor.py:842} WARNING - No viable dags retrieved from /opt/airflow/dags/ny_newtlcdrivers.py
[2024-07-08T22:05:05.201+0000] {processor.py:183} INFO - Processing /opt/airflow/dags/ny_newtlcdrivers.py took 0.962 seconds
[2024-07-08T22:05:35.350+0000] {processor.py:161} INFO - Started process (PID=2364) to work on /opt/airflow/dags/ny_newtlcdrivers.py
[2024-07-08T22:05:35.352+0000] {processor.py:830} INFO - Processing file /opt/airflow/dags/ny_newtlcdrivers.py for tasks to queue
[2024-07-08T22:05:35.355+0000] {logging_mixin.py:188} INFO - [2024-07-08T22:05:35.355+0000] {dagbag.py:545} INFO - Filling up the DagBag from /opt/airflow/dags/ny_newtlcdrivers.py
[2024-07-08T22:05:35.362+0000] {processor.py:842} WARNING - No viable dags retrieved from /opt/airflow/dags/ny_newtlcdrivers.py
[2024-07-08T22:05:35.385+0000] {processor.py:183} INFO - Processing /opt/airflow/dags/ny_newtlcdrivers.py took 0.047 seconds
[2024-07-08T22:06:05.780+0000] {processor.py:161} INFO - Started process (PID=2423) to work on /opt/airflow/dags/ny_newtlcdrivers.py
[2024-07-08T22:06:05.793+0000] {processor.py:830} INFO - Processing file /opt/airflow/dags/ny_newtlcdrivers.py for tasks to queue
[2024-07-08T22:06:05.834+0000] {logging_mixin.py:188} INFO - [2024-07-08T22:06:05.833+0000] {dagbag.py:545} INFO - Filling up the DagBag from /opt/airflow/dags/ny_newtlcdrivers.py
[2024-07-08T22:06:05.884+0000] {processor.py:842} WARNING - No viable dags retrieved from /opt/airflow/dags/ny_newtlcdrivers.py
[2024-07-08T22:06:05.977+0000] {processor.py:183} INFO - Processing /opt/airflow/dags/ny_newtlcdrivers.py took 0.215 seconds
[2024-07-08T22:06:36.900+0000] {processor.py:161} INFO - Started process (PID=2482) to work on /opt/airflow/dags/ny_newtlcdrivers.py
[2024-07-08T22:06:36.901+0000] {processor.py:830} INFO - Processing file /opt/airflow/dags/ny_newtlcdrivers.py for tasks to queue
[2024-07-08T22:06:36.906+0000] {logging_mixin.py:188} INFO - [2024-07-08T22:06:36.905+0000] {dagbag.py:545} INFO - Filling up the DagBag from /opt/airflow/dags/ny_newtlcdrivers.py
[2024-07-08T22:06:36.913+0000] {processor.py:842} WARNING - No viable dags retrieved from /opt/airflow/dags/ny_newtlcdrivers.py
[2024-07-08T22:06:36.935+0000] {processor.py:183} INFO - Processing /opt/airflow/dags/ny_newtlcdrivers.py took 0.044 seconds
[2024-07-08T22:07:07.335+0000] {processor.py:161} INFO - Started process (PID=2541) to work on /opt/airflow/dags/ny_newtlcdrivers.py
[2024-07-08T22:07:07.338+0000] {processor.py:830} INFO - Processing file /opt/airflow/dags/ny_newtlcdrivers.py for tasks to queue
[2024-07-08T22:07:07.350+0000] {logging_mixin.py:188} INFO - [2024-07-08T22:07:07.348+0000] {dagbag.py:545} INFO - Filling up the DagBag from /opt/airflow/dags/ny_newtlcdrivers.py
[2024-07-08T22:07:07.382+0000] {processor.py:842} WARNING - No viable dags retrieved from /opt/airflow/dags/ny_newtlcdrivers.py
[2024-07-08T22:07:07.447+0000] {processor.py:183} INFO - Processing /opt/airflow/dags/ny_newtlcdrivers.py took 0.131 seconds
[2024-07-08T22:07:37.513+0000] {processor.py:161} INFO - Started process (PID=2597) to work on /opt/airflow/dags/ny_newtlcdrivers.py
[2024-07-08T22:07:37.516+0000] {processor.py:830} INFO - Processing file /opt/airflow/dags/ny_newtlcdrivers.py for tasks to queue
[2024-07-08T22:07:37.521+0000] {logging_mixin.py:188} INFO - [2024-07-08T22:07:37.521+0000] {dagbag.py:545} INFO - Filling up the DagBag from /opt/airflow/dags/ny_newtlcdrivers.py
[2024-07-08T22:07:37.529+0000] {processor.py:842} WARNING - No viable dags retrieved from /opt/airflow/dags/ny_newtlcdrivers.py
[2024-07-08T22:07:37.561+0000] {processor.py:183} INFO - Processing /opt/airflow/dags/ny_newtlcdrivers.py took 0.063 seconds
[2024-07-08T22:08:07.819+0000] {processor.py:161} INFO - Started process (PID=2653) to work on /opt/airflow/dags/ny_newtlcdrivers.py
[2024-07-08T22:08:07.821+0000] {processor.py:830} INFO - Processing file /opt/airflow/dags/ny_newtlcdrivers.py for tasks to queue
[2024-07-08T22:08:07.826+0000] {logging_mixin.py:188} INFO - [2024-07-08T22:08:07.826+0000] {dagbag.py:545} INFO - Filling up the DagBag from /opt/airflow/dags/ny_newtlcdrivers.py
[2024-07-08T22:08:07.834+0000] {processor.py:842} WARNING - No viable dags retrieved from /opt/airflow/dags/ny_newtlcdrivers.py
[2024-07-08T22:08:07.864+0000] {processor.py:183} INFO - Processing /opt/airflow/dags/ny_newtlcdrivers.py took 0.059 seconds
[2024-07-08T22:08:41.095+0000] {processor.py:161} INFO - Started process (PID=2717) to work on /opt/airflow/dags/ny_newtlcdrivers.py
[2024-07-08T22:08:41.120+0000] {processor.py:830} INFO - Processing file /opt/airflow/dags/ny_newtlcdrivers.py for tasks to queue
[2024-07-08T22:08:41.159+0000] {logging_mixin.py:188} INFO - [2024-07-08T22:08:41.156+0000] {dagbag.py:545} INFO - Filling up the DagBag from /opt/airflow/dags/ny_newtlcdrivers.py
[2024-07-08T22:08:41.357+0000] {processor.py:842} WARNING - No viable dags retrieved from /opt/airflow/dags/ny_newtlcdrivers.py
[2024-07-08T22:08:42.610+0000] {processor.py:183} INFO - Processing /opt/airflow/dags/ny_newtlcdrivers.py took 1.618 seconds
[2024-07-08T22:09:14.111+0000] {processor.py:161} INFO - Started process (PID=2776) to work on /opt/airflow/dags/ny_newtlcdrivers.py
[2024-07-08T22:09:14.245+0000] {processor.py:830} INFO - Processing file /opt/airflow/dags/ny_newtlcdrivers.py for tasks to queue
[2024-07-08T22:09:14.262+0000] {logging_mixin.py:188} INFO - [2024-07-08T22:09:14.260+0000] {dagbag.py:545} INFO - Filling up the DagBag from /opt/airflow/dags/ny_newtlcdrivers.py
[2024-07-08T22:09:14.461+0000] {processor.py:842} WARNING - No viable dags retrieved from /opt/airflow/dags/ny_newtlcdrivers.py
[2024-07-08T22:09:14.686+0000] {processor.py:183} INFO - Processing /opt/airflow/dags/ny_newtlcdrivers.py took 0.879 seconds
[2024-07-08T22:09:49.454+0000] {processor.py:161} INFO - Started process (PID=2829) to work on /opt/airflow/dags/ny_newtlcdrivers.py
[2024-07-08T22:09:49.457+0000] {processor.py:830} INFO - Processing file /opt/airflow/dags/ny_newtlcdrivers.py for tasks to queue
[2024-07-08T22:09:49.463+0000] {logging_mixin.py:188} INFO - [2024-07-08T22:09:49.462+0000] {dagbag.py:545} INFO - Filling up the DagBag from /opt/airflow/dags/ny_newtlcdrivers.py
[2024-07-08T22:09:49.469+0000] {processor.py:842} WARNING - No viable dags retrieved from /opt/airflow/dags/ny_newtlcdrivers.py
[2024-07-08T22:09:49.493+0000] {processor.py:183} INFO - Processing /opt/airflow/dags/ny_newtlcdrivers.py took 0.052 seconds
[2024-07-08T22:10:19.945+0000] {processor.py:161} INFO - Started process (PID=2883) to work on /opt/airflow/dags/ny_newtlcdrivers.py
[2024-07-08T22:10:19.947+0000] {processor.py:830} INFO - Processing file /opt/airflow/dags/ny_newtlcdrivers.py for tasks to queue
[2024-07-08T22:10:19.951+0000] {logging_mixin.py:188} INFO - [2024-07-08T22:10:19.950+0000] {dagbag.py:545} INFO - Filling up the DagBag from /opt/airflow/dags/ny_newtlcdrivers.py
[2024-07-08T22:10:19.963+0000] {processor.py:842} WARNING - No viable dags retrieved from /opt/airflow/dags/ny_newtlcdrivers.py
[2024-07-08T22:10:19.992+0000] {processor.py:183} INFO - Processing /opt/airflow/dags/ny_newtlcdrivers.py took 0.059 seconds
[2024-07-08T22:10:50.731+0000] {processor.py:161} INFO - Started process (PID=2939) to work on /opt/airflow/dags/ny_newtlcdrivers.py
[2024-07-08T22:10:50.733+0000] {processor.py:830} INFO - Processing file /opt/airflow/dags/ny_newtlcdrivers.py for tasks to queue
[2024-07-08T22:10:50.742+0000] {logging_mixin.py:188} INFO - [2024-07-08T22:10:50.741+0000] {dagbag.py:545} INFO - Filling up the DagBag from /opt/airflow/dags/ny_newtlcdrivers.py
[2024-07-08T22:10:50.758+0000] {processor.py:842} WARNING - No viable dags retrieved from /opt/airflow/dags/ny_newtlcdrivers.py
[2024-07-08T22:10:50.827+0000] {processor.py:183} INFO - Processing /opt/airflow/dags/ny_newtlcdrivers.py took 0.119 seconds
[2024-07-08T22:11:21.516+0000] {processor.py:161} INFO - Started process (PID=2997) to work on /opt/airflow/dags/ny_newtlcdrivers.py
[2024-07-08T22:11:21.518+0000] {processor.py:830} INFO - Processing file /opt/airflow/dags/ny_newtlcdrivers.py for tasks to queue
[2024-07-08T22:11:21.522+0000] {logging_mixin.py:188} INFO - [2024-07-08T22:11:21.521+0000] {dagbag.py:545} INFO - Filling up the DagBag from /opt/airflow/dags/ny_newtlcdrivers.py
[2024-07-08T22:11:21.530+0000] {processor.py:842} WARNING - No viable dags retrieved from /opt/airflow/dags/ny_newtlcdrivers.py
[2024-07-08T22:11:21.554+0000] {processor.py:183} INFO - Processing /opt/airflow/dags/ny_newtlcdrivers.py took 0.050 seconds
[2024-07-08T22:11:51.661+0000] {processor.py:161} INFO - Started process (PID=3056) to work on /opt/airflow/dags/ny_newtlcdrivers.py
[2024-07-08T22:11:51.663+0000] {processor.py:830} INFO - Processing file /opt/airflow/dags/ny_newtlcdrivers.py for tasks to queue
[2024-07-08T22:11:51.667+0000] {logging_mixin.py:188} INFO - [2024-07-08T22:11:51.667+0000] {dagbag.py:545} INFO - Filling up the DagBag from /opt/airflow/dags/ny_newtlcdrivers.py
[2024-07-08T22:11:51.675+0000] {processor.py:842} WARNING - No viable dags retrieved from /opt/airflow/dags/ny_newtlcdrivers.py
[2024-07-08T22:11:51.699+0000] {processor.py:183} INFO - Processing /opt/airflow/dags/ny_newtlcdrivers.py took 0.049 seconds
[2024-07-08T22:12:21.779+0000] {processor.py:161} INFO - Started process (PID=3110) to work on /opt/airflow/dags/ny_newtlcdrivers.py
[2024-07-08T22:12:21.785+0000] {processor.py:830} INFO - Processing file /opt/airflow/dags/ny_newtlcdrivers.py for tasks to queue
[2024-07-08T22:12:21.793+0000] {logging_mixin.py:188} INFO - [2024-07-08T22:12:21.792+0000] {dagbag.py:545} INFO - Filling up the DagBag from /opt/airflow/dags/ny_newtlcdrivers.py
[2024-07-08T22:12:21.813+0000] {processor.py:842} WARNING - No viable dags retrieved from /opt/airflow/dags/ny_newtlcdrivers.py
[2024-07-08T22:12:21.848+0000] {processor.py:183} INFO - Processing /opt/airflow/dags/ny_newtlcdrivers.py took 0.085 seconds
[2024-07-08T22:12:52.786+0000] {processor.py:161} INFO - Started process (PID=3169) to work on /opt/airflow/dags/ny_newtlcdrivers.py
[2024-07-08T22:12:52.789+0000] {processor.py:830} INFO - Processing file /opt/airflow/dags/ny_newtlcdrivers.py for tasks to queue
[2024-07-08T22:12:52.794+0000] {logging_mixin.py:188} INFO - [2024-07-08T22:12:52.793+0000] {dagbag.py:545} INFO - Filling up the DagBag from /opt/airflow/dags/ny_newtlcdrivers.py
[2024-07-08T22:12:52.807+0000] {processor.py:842} WARNING - No viable dags retrieved from /opt/airflow/dags/ny_newtlcdrivers.py
[2024-07-08T22:12:52.836+0000] {processor.py:183} INFO - Processing /opt/airflow/dags/ny_newtlcdrivers.py took 0.065 seconds
[2024-07-08T22:13:23.515+0000] {processor.py:161} INFO - Started process (PID=3228) to work on /opt/airflow/dags/ny_newtlcdrivers.py
[2024-07-08T22:13:23.517+0000] {processor.py:830} INFO - Processing file /opt/airflow/dags/ny_newtlcdrivers.py for tasks to queue
[2024-07-08T22:13:23.520+0000] {logging_mixin.py:188} INFO - [2024-07-08T22:13:23.520+0000] {dagbag.py:545} INFO - Filling up the DagBag from /opt/airflow/dags/ny_newtlcdrivers.py
[2024-07-08T22:13:23.527+0000] {processor.py:842} WARNING - No viable dags retrieved from /opt/airflow/dags/ny_newtlcdrivers.py
[2024-07-08T22:13:23.552+0000] {processor.py:183} INFO - Processing /opt/airflow/dags/ny_newtlcdrivers.py took 0.049 seconds
[2024-07-08T22:13:54.196+0000] {processor.py:161} INFO - Started process (PID=3287) to work on /opt/airflow/dags/ny_newtlcdrivers.py
[2024-07-08T22:13:54.200+0000] {processor.py:830} INFO - Processing file /opt/airflow/dags/ny_newtlcdrivers.py for tasks to queue
[2024-07-08T22:13:54.204+0000] {logging_mixin.py:188} INFO - [2024-07-08T22:13:54.204+0000] {dagbag.py:545} INFO - Filling up the DagBag from /opt/airflow/dags/ny_newtlcdrivers.py
[2024-07-08T22:13:54.220+0000] {processor.py:842} WARNING - No viable dags retrieved from /opt/airflow/dags/ny_newtlcdrivers.py
[2024-07-08T22:13:54.275+0000] {processor.py:183} INFO - Processing /opt/airflow/dags/ny_newtlcdrivers.py took 0.090 seconds
[2024-07-08T22:14:24.339+0000] {processor.py:161} INFO - Started process (PID=3346) to work on /opt/airflow/dags/ny_newtlcdrivers.py
[2024-07-08T22:14:24.341+0000] {processor.py:830} INFO - Processing file /opt/airflow/dags/ny_newtlcdrivers.py for tasks to queue
[2024-07-08T22:14:24.346+0000] {logging_mixin.py:188} INFO - [2024-07-08T22:14:24.345+0000] {dagbag.py:545} INFO - Filling up the DagBag from /opt/airflow/dags/ny_newtlcdrivers.py
[2024-07-08T22:14:24.355+0000] {processor.py:842} WARNING - No viable dags retrieved from /opt/airflow/dags/ny_newtlcdrivers.py
[2024-07-08T22:14:24.399+0000] {processor.py:183} INFO - Processing /opt/airflow/dags/ny_newtlcdrivers.py took 0.072 seconds
[2024-07-08T22:14:54.657+0000] {processor.py:161} INFO - Started process (PID=3403) to work on /opt/airflow/dags/ny_newtlcdrivers.py
[2024-07-08T22:14:54.660+0000] {processor.py:830} INFO - Processing file /opt/airflow/dags/ny_newtlcdrivers.py for tasks to queue
[2024-07-08T22:14:54.666+0000] {logging_mixin.py:188} INFO - [2024-07-08T22:14:54.666+0000] {dagbag.py:545} INFO - Filling up the DagBag from /opt/airflow/dags/ny_newtlcdrivers.py
[2024-07-08T22:14:54.675+0000] {processor.py:842} WARNING - No viable dags retrieved from /opt/airflow/dags/ny_newtlcdrivers.py
[2024-07-08T22:14:54.727+0000] {processor.py:183} INFO - Processing /opt/airflow/dags/ny_newtlcdrivers.py took 0.085 seconds
[2024-07-08T22:15:25.188+0000] {processor.py:161} INFO - Started process (PID=3462) to work on /opt/airflow/dags/ny_newtlcdrivers.py
[2024-07-08T22:15:25.254+0000] {processor.py:830} INFO - Processing file /opt/airflow/dags/ny_newtlcdrivers.py for tasks to queue
[2024-07-08T22:15:25.265+0000] {logging_mixin.py:188} INFO - [2024-07-08T22:15:25.265+0000] {dagbag.py:545} INFO - Filling up the DagBag from /opt/airflow/dags/ny_newtlcdrivers.py
[2024-07-08T22:15:25.286+0000] {processor.py:842} WARNING - No viable dags retrieved from /opt/airflow/dags/ny_newtlcdrivers.py
[2024-07-08T22:15:25.348+0000] {processor.py:183} INFO - Processing /opt/airflow/dags/ny_newtlcdrivers.py took 0.172 seconds
[2024-07-08T22:15:55.668+0000] {processor.py:161} INFO - Started process (PID=3521) to work on /opt/airflow/dags/ny_newtlcdrivers.py
[2024-07-08T22:15:55.670+0000] {processor.py:830} INFO - Processing file /opt/airflow/dags/ny_newtlcdrivers.py for tasks to queue
[2024-07-08T22:15:55.673+0000] {logging_mixin.py:188} INFO - [2024-07-08T22:15:55.672+0000] {dagbag.py:545} INFO - Filling up the DagBag from /opt/airflow/dags/ny_newtlcdrivers.py
[2024-07-08T22:15:55.681+0000] {processor.py:842} WARNING - No viable dags retrieved from /opt/airflow/dags/ny_newtlcdrivers.py
[2024-07-08T22:15:55.705+0000] {processor.py:183} INFO - Processing /opt/airflow/dags/ny_newtlcdrivers.py took 0.047 seconds
[2024-07-08T22:16:25.806+0000] {processor.py:161} INFO - Started process (PID=3580) to work on /opt/airflow/dags/ny_newtlcdrivers.py
[2024-07-08T22:16:25.809+0000] {processor.py:830} INFO - Processing file /opt/airflow/dags/ny_newtlcdrivers.py for tasks to queue
[2024-07-08T22:16:25.812+0000] {logging_mixin.py:188} INFO - [2024-07-08T22:16:25.812+0000] {dagbag.py:545} INFO - Filling up the DagBag from /opt/airflow/dags/ny_newtlcdrivers.py
[2024-07-08T22:16:25.819+0000] {processor.py:842} WARNING - No viable dags retrieved from /opt/airflow/dags/ny_newtlcdrivers.py
[2024-07-08T22:16:25.842+0000] {processor.py:183} INFO - Processing /opt/airflow/dags/ny_newtlcdrivers.py took 0.047 seconds
[2024-07-08T22:16:56.187+0000] {processor.py:161} INFO - Started process (PID=3639) to work on /opt/airflow/dags/ny_newtlcdrivers.py
[2024-07-08T22:16:56.188+0000] {processor.py:830} INFO - Processing file /opt/airflow/dags/ny_newtlcdrivers.py for tasks to queue
[2024-07-08T22:16:56.192+0000] {logging_mixin.py:188} INFO - [2024-07-08T22:16:56.192+0000] {dagbag.py:545} INFO - Filling up the DagBag from /opt/airflow/dags/ny_newtlcdrivers.py
[2024-07-08T22:16:56.198+0000] {processor.py:842} WARNING - No viable dags retrieved from /opt/airflow/dags/ny_newtlcdrivers.py
[2024-07-08T22:16:56.218+0000] {processor.py:183} INFO - Processing /opt/airflow/dags/ny_newtlcdrivers.py took 0.040 seconds
[2024-07-08T22:17:27.105+0000] {processor.py:161} INFO - Started process (PID=3698) to work on /opt/airflow/dags/ny_newtlcdrivers.py
[2024-07-08T22:17:27.126+0000] {processor.py:830} INFO - Processing file /opt/airflow/dags/ny_newtlcdrivers.py for tasks to queue
[2024-07-08T22:17:27.154+0000] {logging_mixin.py:188} INFO - [2024-07-08T22:17:27.151+0000] {dagbag.py:545} INFO - Filling up the DagBag from /opt/airflow/dags/ny_newtlcdrivers.py
[2024-07-08T22:17:27.180+0000] {processor.py:842} WARNING - No viable dags retrieved from /opt/airflow/dags/ny_newtlcdrivers.py
[2024-07-08T22:17:27.206+0000] {processor.py:183} INFO - Processing /opt/airflow/dags/ny_newtlcdrivers.py took 0.125 seconds
[2024-07-08T22:17:57.898+0000] {processor.py:161} INFO - Started process (PID=3757) to work on /opt/airflow/dags/ny_newtlcdrivers.py
[2024-07-08T22:17:57.900+0000] {processor.py:830} INFO - Processing file /opt/airflow/dags/ny_newtlcdrivers.py for tasks to queue
[2024-07-08T22:17:57.903+0000] {logging_mixin.py:188} INFO - [2024-07-08T22:17:57.903+0000] {dagbag.py:545} INFO - Filling up the DagBag from /opt/airflow/dags/ny_newtlcdrivers.py
[2024-07-08T22:17:57.910+0000] {processor.py:842} WARNING - No viable dags retrieved from /opt/airflow/dags/ny_newtlcdrivers.py
[2024-07-08T22:17:57.933+0000] {processor.py:183} INFO - Processing /opt/airflow/dags/ny_newtlcdrivers.py took 0.044 seconds
[2024-07-08T22:18:28.799+0000] {processor.py:161} INFO - Started process (PID=3816) to work on /opt/airflow/dags/ny_newtlcdrivers.py
[2024-07-08T22:18:28.801+0000] {processor.py:830} INFO - Processing file /opt/airflow/dags/ny_newtlcdrivers.py for tasks to queue
[2024-07-08T22:18:28.806+0000] {logging_mixin.py:188} INFO - [2024-07-08T22:18:28.805+0000] {dagbag.py:545} INFO - Filling up the DagBag from /opt/airflow/dags/ny_newtlcdrivers.py
[2024-07-08T22:18:28.820+0000] {processor.py:842} WARNING - No viable dags retrieved from /opt/airflow/dags/ny_newtlcdrivers.py
[2024-07-08T22:18:28.848+0000] {processor.py:183} INFO - Processing /opt/airflow/dags/ny_newtlcdrivers.py took 0.059 seconds
[2024-07-08T22:18:59.262+0000] {processor.py:161} INFO - Started process (PID=3875) to work on /opt/airflow/dags/ny_newtlcdrivers.py
[2024-07-08T22:18:59.264+0000] {processor.py:830} INFO - Processing file /opt/airflow/dags/ny_newtlcdrivers.py for tasks to queue
[2024-07-08T22:18:59.269+0000] {logging_mixin.py:188} INFO - [2024-07-08T22:18:59.269+0000] {dagbag.py:545} INFO - Filling up the DagBag from /opt/airflow/dags/ny_newtlcdrivers.py
[2024-07-08T22:18:59.276+0000] {processor.py:842} WARNING - No viable dags retrieved from /opt/airflow/dags/ny_newtlcdrivers.py
[2024-07-08T22:18:59.299+0000] {processor.py:183} INFO - Processing /opt/airflow/dags/ny_newtlcdrivers.py took 0.053 seconds
[2024-07-08T22:19:29.341+0000] {processor.py:161} INFO - Started process (PID=3934) to work on /opt/airflow/dags/ny_newtlcdrivers.py
[2024-07-08T22:19:29.344+0000] {processor.py:830} INFO - Processing file /opt/airflow/dags/ny_newtlcdrivers.py for tasks to queue
[2024-07-08T22:19:29.348+0000] {logging_mixin.py:188} INFO - [2024-07-08T22:19:29.348+0000] {dagbag.py:545} INFO - Filling up the DagBag from /opt/airflow/dags/ny_newtlcdrivers.py
[2024-07-08T22:19:29.356+0000] {processor.py:842} WARNING - No viable dags retrieved from /opt/airflow/dags/ny_newtlcdrivers.py
[2024-07-08T22:19:29.417+0000] {processor.py:183} INFO - Processing /opt/airflow/dags/ny_newtlcdrivers.py took 0.087 seconds
[2024-07-08T22:19:59.551+0000] {processor.py:161} INFO - Started process (PID=3991) to work on /opt/airflow/dags/ny_newtlcdrivers.py
[2024-07-08T22:19:59.553+0000] {processor.py:830} INFO - Processing file /opt/airflow/dags/ny_newtlcdrivers.py for tasks to queue
[2024-07-08T22:19:59.556+0000] {logging_mixin.py:188} INFO - [2024-07-08T22:19:59.555+0000] {dagbag.py:545} INFO - Filling up the DagBag from /opt/airflow/dags/ny_newtlcdrivers.py
[2024-07-08T22:19:59.565+0000] {processor.py:842} WARNING - No viable dags retrieved from /opt/airflow/dags/ny_newtlcdrivers.py
[2024-07-08T22:19:59.602+0000] {processor.py:183} INFO - Processing /opt/airflow/dags/ny_newtlcdrivers.py took 0.065 seconds
[2024-07-08T22:20:30.137+0000] {processor.py:161} INFO - Started process (PID=4050) to work on /opt/airflow/dags/ny_newtlcdrivers.py
[2024-07-08T22:20:30.139+0000] {processor.py:830} INFO - Processing file /opt/airflow/dags/ny_newtlcdrivers.py for tasks to queue
[2024-07-08T22:20:30.145+0000] {logging_mixin.py:188} INFO - [2024-07-08T22:20:30.144+0000] {dagbag.py:545} INFO - Filling up the DagBag from /opt/airflow/dags/ny_newtlcdrivers.py
[2024-07-08T22:20:30.153+0000] {processor.py:842} WARNING - No viable dags retrieved from /opt/airflow/dags/ny_newtlcdrivers.py
[2024-07-08T22:20:30.183+0000] {processor.py:183} INFO - Processing /opt/airflow/dags/ny_newtlcdrivers.py took 0.064 seconds
[2024-07-08T22:21:01.173+0000] {processor.py:161} INFO - Started process (PID=4109) to work on /opt/airflow/dags/ny_newtlcdrivers.py
[2024-07-08T22:21:01.177+0000] {processor.py:830} INFO - Processing file /opt/airflow/dags/ny_newtlcdrivers.py for tasks to queue
[2024-07-08T22:21:01.185+0000] {logging_mixin.py:188} INFO - [2024-07-08T22:21:01.184+0000] {dagbag.py:545} INFO - Filling up the DagBag from /opt/airflow/dags/ny_newtlcdrivers.py
[2024-07-08T22:21:01.204+0000] {processor.py:842} WARNING - No viable dags retrieved from /opt/airflow/dags/ny_newtlcdrivers.py
[2024-07-08T22:21:01.247+0000] {processor.py:183} INFO - Processing /opt/airflow/dags/ny_newtlcdrivers.py took 0.091 seconds
[2024-07-08T22:21:31.547+0000] {processor.py:161} INFO - Started process (PID=4168) to work on /opt/airflow/dags/ny_newtlcdrivers.py
[2024-07-08T22:21:31.549+0000] {processor.py:830} INFO - Processing file /opt/airflow/dags/ny_newtlcdrivers.py for tasks to queue
[2024-07-08T22:21:31.553+0000] {logging_mixin.py:188} INFO - [2024-07-08T22:21:31.552+0000] {dagbag.py:545} INFO - Filling up the DagBag from /opt/airflow/dags/ny_newtlcdrivers.py
[2024-07-08T22:21:31.559+0000] {processor.py:842} WARNING - No viable dags retrieved from /opt/airflow/dags/ny_newtlcdrivers.py
[2024-07-08T22:21:31.587+0000] {processor.py:183} INFO - Processing /opt/airflow/dags/ny_newtlcdrivers.py took 0.052 seconds
[2024-07-08T22:22:02.003+0000] {processor.py:161} INFO - Started process (PID=4227) to work on /opt/airflow/dags/ny_newtlcdrivers.py
[2024-07-08T22:22:02.005+0000] {processor.py:830} INFO - Processing file /opt/airflow/dags/ny_newtlcdrivers.py for tasks to queue
[2024-07-08T22:22:02.009+0000] {logging_mixin.py:188} INFO - [2024-07-08T22:22:02.009+0000] {dagbag.py:545} INFO - Filling up the DagBag from /opt/airflow/dags/ny_newtlcdrivers.py
[2024-07-08T22:22:02.018+0000] {processor.py:842} WARNING - No viable dags retrieved from /opt/airflow/dags/ny_newtlcdrivers.py
[2024-07-08T22:22:02.041+0000] {processor.py:183} INFO - Processing /opt/airflow/dags/ny_newtlcdrivers.py took 0.048 seconds
