[2024-07-11T21:08:49.767+0000] {local_task_job_runner.py:120} INFO - ::group::Pre task execution logs
[2024-07-11T21:08:49.815+0000] {taskinstance.py:2076} INFO - Dependencies all met for dep_context=non-requeueable deps ti=<TaskInstance: ny_tlc_drivers_app.extract_data manual__2024-07-11T21:08:40+00:00 [queued]>
[2024-07-11T21:08:49.831+0000] {taskinstance.py:2076} INFO - Dependencies all met for dep_context=requeueable deps ti=<TaskInstance: ny_tlc_drivers_app.extract_data manual__2024-07-11T21:08:40+00:00 [queued]>
[2024-07-11T21:08:49.832+0000] {taskinstance.py:2306} INFO - Starting attempt 1 of 1
[2024-07-11T21:08:49.858+0000] {taskinstance.py:2330} INFO - Executing <Task(PythonOperator): extract_data> on 2024-07-11 21:08:40+00:00
[2024-07-11T21:08:49.870+0000] {warnings.py:112} WARNING - /home/***/.local/lib/python3.12/site-packages/***/task/task_runner/standard_task_runner.py:61: DeprecationWarning: This process (pid=1506) is multi-threaded, use of fork() may lead to deadlocks in the child.
  pid = os.fork()

[2024-07-11T21:08:49.873+0000] {standard_task_runner.py:63} INFO - Started process 1508 to run task
[2024-07-11T21:08:49.874+0000] {standard_task_runner.py:90} INFO - Running: ['***', 'tasks', 'run', 'ny_tlc_drivers_app', 'extract_data', 'manual__2024-07-11T21:08:40+00:00', '--job-id', '58', '--raw', '--subdir', 'DAGS_FOLDER/ny_tlc_drivers.py', '--cfg-path', '/tmp/tmpvyvi5s8z']
[2024-07-11T21:08:49.876+0000] {standard_task_runner.py:91} INFO - Job 58: Subtask extract_data
[2024-07-11T21:08:50.011+0000] {task_command.py:426} INFO - Running <TaskInstance: ny_tlc_drivers_app.extract_data manual__2024-07-11T21:08:40+00:00 [running]> on host 0c05e79c8db4
[2024-07-11T21:08:50.240+0000] {taskinstance.py:2648} INFO - Exporting env vars: AIRFLOW_CTX_DAG_OWNER='***' AIRFLOW_CTX_DAG_ID='ny_tlc_drivers_app' AIRFLOW_CTX_TASK_ID='extract_data' AIRFLOW_CTX_EXECUTION_DATE='2024-07-11T21:08:40+00:00' AIRFLOW_CTX_TRY_NUMBER='1' AIRFLOW_CTX_DAG_RUN_ID='manual__2024-07-11T21:08:40+00:00'
[2024-07-11T21:08:50.247+0000] {taskinstance.py:430} INFO - ::endgroup::
[2024-07-11T21:08:50.689+0000] {python.py:237} INFO - Done. Returned value was:       app_no  ...               lastupdate
0    6076374  ...  2024-07-11T11:00:04.000
1    6072565  ...  2024-07-11T11:00:04.000
2    6076313  ...  2024-07-11T11:00:04.000
3    6077587  ...  2024-07-11T11:00:04.000
4    6075759  ...  2024-07-11T11:00:04.000
..       ...  ...                      ...
995  6077261  ...  2024-07-11T11:00:04.000
996  6073862  ...  2024-07-11T11:00:04.000
997  6077760  ...  2024-07-11T11:00:04.000
998  6075630  ...  2024-07-11T11:00:04.000
999  6075944  ...  2024-07-11T11:00:04.000

[1000 rows x 12 columns]
[2024-07-11T21:08:50.773+0000] {taskinstance.py:441} INFO - ::group::Post task execution logs
[2024-07-11T21:08:51.123+0000] {taskinstance.py:1206} INFO - Marking task as SUCCESS. dag_id=ny_tlc_drivers_app, task_id=extract_data, run_id=manual__2024-07-11T21:08:40+00:00, execution_date=20240711T210840, start_date=20240711T210849, end_date=20240711T210851
[2024-07-11T21:08:51.303+0000] {local_task_job_runner.py:240} INFO - Task exited with return code 0
[2024-07-11T21:08:51.371+0000] {taskinstance.py:3503} INFO - 1 downstream tasks scheduled from follow-on schedule check
[2024-07-11T21:08:51.380+0000] {local_task_job_runner.py:222} INFO - ::endgroup::
