[2024-07-05T21:01:51.782+0000] {processor.py:161} INFO - Started process (PID=52) to work on /home/airflow/.local/lib/python3.12/site-packages/airflow/example_dags/example_complex.py
[2024-07-05T21:01:51.801+0000] {processor.py:830} INFO - Processing file /home/airflow/.local/lib/python3.12/site-packages/airflow/example_dags/example_complex.py for tasks to queue
[2024-07-05T21:01:51.848+0000] {logging_mixin.py:188} INFO - [2024-07-05T21:01:51.846+0000] {dagbag.py:545} INFO - Filling up the DagBag from /home/airflow/.local/lib/python3.12/site-packages/airflow/example_dags/example_complex.py
[2024-07-05T21:01:52.011+0000] {processor.py:840} INFO - DAG(s) 'example_complex' retrieved from /home/airflow/.local/lib/python3.12/site-packages/airflow/example_dags/example_complex.py
[2024-07-05T21:01:52.694+0000] {logging_mixin.py:188} INFO - [2024-07-05T21:01:52.693+0000] {dag.py:3096} INFO - Sync 1 DAGs
[2024-07-05T21:01:52.732+0000] {logging_mixin.py:188} INFO - [2024-07-05T21:01:52.731+0000] {dag.py:3954} INFO - Setting next_dagrun for example_complex to None, run_after=None
[2024-07-05T21:01:52.851+0000] {processor.py:183} INFO - Processing /home/airflow/.local/lib/python3.12/site-packages/airflow/example_dags/example_complex.py took 1.178 seconds
[2024-07-05T21:02:24.177+0000] {processor.py:161} INFO - Started process (PID=109) to work on /home/airflow/.local/lib/python3.12/site-packages/airflow/example_dags/example_complex.py
[2024-07-05T21:02:24.191+0000] {processor.py:830} INFO - Processing file /home/airflow/.local/lib/python3.12/site-packages/airflow/example_dags/example_complex.py for tasks to queue
[2024-07-05T21:02:24.199+0000] {logging_mixin.py:188} INFO - [2024-07-05T21:02:24.199+0000] {dagbag.py:545} INFO - Filling up the DagBag from /home/airflow/.local/lib/python3.12/site-packages/airflow/example_dags/example_complex.py
[2024-07-05T21:02:24.408+0000] {processor.py:840} INFO - DAG(s) 'example_complex' retrieved from /home/airflow/.local/lib/python3.12/site-packages/airflow/example_dags/example_complex.py
[2024-07-05T21:02:24.954+0000] {logging_mixin.py:188} INFO - [2024-07-05T21:02:24.954+0000] {dag.py:3096} INFO - Sync 1 DAGs
[2024-07-05T21:02:25.083+0000] {logging_mixin.py:188} INFO - [2024-07-05T21:02:25.082+0000] {dag.py:3954} INFO - Setting next_dagrun for example_complex to None, run_after=None
[2024-07-05T21:02:25.268+0000] {processor.py:183} INFO - Processing /home/airflow/.local/lib/python3.12/site-packages/airflow/example_dags/example_complex.py took 1.122 seconds
[2024-07-05T21:02:55.502+0000] {processor.py:161} INFO - Started process (PID=167) to work on /home/airflow/.local/lib/python3.12/site-packages/airflow/example_dags/example_complex.py
[2024-07-05T21:02:55.504+0000] {processor.py:830} INFO - Processing file /home/airflow/.local/lib/python3.12/site-packages/airflow/example_dags/example_complex.py for tasks to queue
[2024-07-05T21:02:55.507+0000] {logging_mixin.py:188} INFO - [2024-07-05T21:02:55.506+0000] {dagbag.py:545} INFO - Filling up the DagBag from /home/airflow/.local/lib/python3.12/site-packages/airflow/example_dags/example_complex.py
[2024-07-05T21:02:55.525+0000] {processor.py:840} INFO - DAG(s) 'example_complex' retrieved from /home/airflow/.local/lib/python3.12/site-packages/airflow/example_dags/example_complex.py
[2024-07-05T21:02:55.583+0000] {logging_mixin.py:188} INFO - [2024-07-05T21:02:55.582+0000] {dag.py:3096} INFO - Sync 1 DAGs
[2024-07-05T21:02:55.607+0000] {logging_mixin.py:188} INFO - [2024-07-05T21:02:55.607+0000] {dag.py:3954} INFO - Setting next_dagrun for example_complex to None, run_after=None
[2024-07-05T21:02:55.649+0000] {processor.py:183} INFO - Processing /home/airflow/.local/lib/python3.12/site-packages/airflow/example_dags/example_complex.py took 0.157 seconds
[2024-07-05T21:03:25.749+0000] {processor.py:161} INFO - Started process (PID=224) to work on /home/airflow/.local/lib/python3.12/site-packages/airflow/example_dags/example_complex.py
[2024-07-05T21:03:25.753+0000] {processor.py:830} INFO - Processing file /home/airflow/.local/lib/python3.12/site-packages/airflow/example_dags/example_complex.py for tasks to queue
[2024-07-05T21:03:25.759+0000] {logging_mixin.py:188} INFO - [2024-07-05T21:03:25.758+0000] {dagbag.py:545} INFO - Filling up the DagBag from /home/airflow/.local/lib/python3.12/site-packages/airflow/example_dags/example_complex.py
[2024-07-05T21:03:25.801+0000] {processor.py:840} INFO - DAG(s) 'example_complex' retrieved from /home/airflow/.local/lib/python3.12/site-packages/airflow/example_dags/example_complex.py
[2024-07-05T21:03:25.904+0000] {logging_mixin.py:188} INFO - [2024-07-05T21:03:25.904+0000] {dag.py:3096} INFO - Sync 1 DAGs
[2024-07-05T21:03:25.959+0000] {logging_mixin.py:188} INFO - [2024-07-05T21:03:25.958+0000] {dag.py:3954} INFO - Setting next_dagrun for example_complex to None, run_after=None
[2024-07-05T21:03:26.066+0000] {processor.py:183} INFO - Processing /home/airflow/.local/lib/python3.12/site-packages/airflow/example_dags/example_complex.py took 0.337 seconds
[2024-07-05T21:04:06.417+0000] {processor.py:161} INFO - Started process (PID=280) to work on /home/airflow/.local/lib/python3.12/site-packages/airflow/example_dags/example_complex.py
[2024-07-05T21:04:06.451+0000] {processor.py:830} INFO - Processing file /home/airflow/.local/lib/python3.12/site-packages/airflow/example_dags/example_complex.py for tasks to queue
[2024-07-05T21:04:06.494+0000] {logging_mixin.py:188} INFO - [2024-07-05T21:04:06.493+0000] {dagbag.py:545} INFO - Filling up the DagBag from /home/airflow/.local/lib/python3.12/site-packages/airflow/example_dags/example_complex.py
[2024-07-05T21:04:06.635+0000] {processor.py:840} INFO - DAG(s) 'example_complex' retrieved from /home/airflow/.local/lib/python3.12/site-packages/airflow/example_dags/example_complex.py
[2024-07-05T21:04:07.005+0000] {logging_mixin.py:188} INFO - [2024-07-05T21:04:07.003+0000] {dag.py:3096} INFO - Sync 1 DAGs
[2024-07-05T21:04:07.297+0000] {logging_mixin.py:188} INFO - [2024-07-05T21:04:07.243+0000] {dag.py:3954} INFO - Setting next_dagrun for example_complex to None, run_after=None
[2024-07-05T21:04:07.677+0000] {processor.py:183} INFO - Processing /home/airflow/.local/lib/python3.12/site-packages/airflow/example_dags/example_complex.py took 1.318 seconds
[2024-07-05T21:04:37.881+0000] {processor.py:161} INFO - Started process (PID=338) to work on /home/airflow/.local/lib/python3.12/site-packages/airflow/example_dags/example_complex.py
[2024-07-05T21:04:37.883+0000] {processor.py:830} INFO - Processing file /home/airflow/.local/lib/python3.12/site-packages/airflow/example_dags/example_complex.py for tasks to queue
[2024-07-05T21:04:37.887+0000] {logging_mixin.py:188} INFO - [2024-07-05T21:04:37.886+0000] {dagbag.py:545} INFO - Filling up the DagBag from /home/airflow/.local/lib/python3.12/site-packages/airflow/example_dags/example_complex.py
[2024-07-05T21:04:37.908+0000] {processor.py:840} INFO - DAG(s) 'example_complex' retrieved from /home/airflow/.local/lib/python3.12/site-packages/airflow/example_dags/example_complex.py
[2024-07-05T21:04:37.975+0000] {logging_mixin.py:188} INFO - [2024-07-05T21:04:37.974+0000] {dag.py:3096} INFO - Sync 1 DAGs
[2024-07-05T21:04:38.010+0000] {logging_mixin.py:188} INFO - [2024-07-05T21:04:38.010+0000] {dag.py:3954} INFO - Setting next_dagrun for example_complex to None, run_after=None
[2024-07-05T21:04:38.053+0000] {processor.py:183} INFO - Processing /home/airflow/.local/lib/python3.12/site-packages/airflow/example_dags/example_complex.py took 0.184 seconds
[2024-07-05T21:05:08.108+0000] {processor.py:161} INFO - Started process (PID=396) to work on /home/airflow/.local/lib/python3.12/site-packages/airflow/example_dags/example_complex.py
[2024-07-05T21:05:08.111+0000] {processor.py:830} INFO - Processing file /home/airflow/.local/lib/python3.12/site-packages/airflow/example_dags/example_complex.py for tasks to queue
[2024-07-05T21:05:08.114+0000] {logging_mixin.py:188} INFO - [2024-07-05T21:05:08.113+0000] {dagbag.py:545} INFO - Filling up the DagBag from /home/airflow/.local/lib/python3.12/site-packages/airflow/example_dags/example_complex.py
[2024-07-05T21:05:08.133+0000] {processor.py:840} INFO - DAG(s) 'example_complex' retrieved from /home/airflow/.local/lib/python3.12/site-packages/airflow/example_dags/example_complex.py
[2024-07-05T21:05:08.184+0000] {logging_mixin.py:188} INFO - [2024-07-05T21:05:08.184+0000] {dag.py:3096} INFO - Sync 1 DAGs
[2024-07-05T21:05:08.203+0000] {logging_mixin.py:188} INFO - [2024-07-05T21:05:08.203+0000] {dag.py:3954} INFO - Setting next_dagrun for example_complex to None, run_after=None
[2024-07-05T21:05:08.232+0000] {processor.py:183} INFO - Processing /home/airflow/.local/lib/python3.12/site-packages/airflow/example_dags/example_complex.py took 0.133 seconds
[2024-07-05T21:05:38.391+0000] {processor.py:161} INFO - Started process (PID=454) to work on /home/airflow/.local/lib/python3.12/site-packages/airflow/example_dags/example_complex.py
[2024-07-05T21:05:38.393+0000] {processor.py:830} INFO - Processing file /home/airflow/.local/lib/python3.12/site-packages/airflow/example_dags/example_complex.py for tasks to queue
[2024-07-05T21:05:38.396+0000] {logging_mixin.py:188} INFO - [2024-07-05T21:05:38.396+0000] {dagbag.py:545} INFO - Filling up the DagBag from /home/airflow/.local/lib/python3.12/site-packages/airflow/example_dags/example_complex.py
[2024-07-05T21:05:38.412+0000] {processor.py:840} INFO - DAG(s) 'example_complex' retrieved from /home/airflow/.local/lib/python3.12/site-packages/airflow/example_dags/example_complex.py
[2024-07-05T21:05:38.459+0000] {logging_mixin.py:188} INFO - [2024-07-05T21:05:38.459+0000] {dag.py:3096} INFO - Sync 1 DAGs
[2024-07-05T21:05:38.479+0000] {logging_mixin.py:188} INFO - [2024-07-05T21:05:38.479+0000] {dag.py:3954} INFO - Setting next_dagrun for example_complex to None, run_after=None
[2024-07-05T21:05:38.509+0000] {processor.py:183} INFO - Processing /home/airflow/.local/lib/python3.12/site-packages/airflow/example_dags/example_complex.py took 0.127 seconds
[2024-07-05T21:06:08.576+0000] {processor.py:161} INFO - Started process (PID=512) to work on /home/airflow/.local/lib/python3.12/site-packages/airflow/example_dags/example_complex.py
[2024-07-05T21:06:08.579+0000] {processor.py:830} INFO - Processing file /home/airflow/.local/lib/python3.12/site-packages/airflow/example_dags/example_complex.py for tasks to queue
[2024-07-05T21:06:08.582+0000] {logging_mixin.py:188} INFO - [2024-07-05T21:06:08.582+0000] {dagbag.py:545} INFO - Filling up the DagBag from /home/airflow/.local/lib/python3.12/site-packages/airflow/example_dags/example_complex.py
[2024-07-05T21:06:08.599+0000] {processor.py:840} INFO - DAG(s) 'example_complex' retrieved from /home/airflow/.local/lib/python3.12/site-packages/airflow/example_dags/example_complex.py
[2024-07-05T21:06:08.647+0000] {logging_mixin.py:188} INFO - [2024-07-05T21:06:08.647+0000] {dag.py:3096} INFO - Sync 1 DAGs
[2024-07-05T21:06:08.667+0000] {logging_mixin.py:188} INFO - [2024-07-05T21:06:08.667+0000] {dag.py:3954} INFO - Setting next_dagrun for example_complex to None, run_after=None
[2024-07-05T21:06:08.697+0000] {processor.py:183} INFO - Processing /home/airflow/.local/lib/python3.12/site-packages/airflow/example_dags/example_complex.py took 0.129 seconds
[2024-07-05T21:06:39.756+0000] {processor.py:161} INFO - Started process (PID=569) to work on /home/airflow/.local/lib/python3.12/site-packages/airflow/example_dags/example_complex.py
[2024-07-05T21:06:39.758+0000] {processor.py:830} INFO - Processing file /home/airflow/.local/lib/python3.12/site-packages/airflow/example_dags/example_complex.py for tasks to queue
[2024-07-05T21:06:39.763+0000] {logging_mixin.py:188} INFO - [2024-07-05T21:06:39.762+0000] {dagbag.py:545} INFO - Filling up the DagBag from /home/airflow/.local/lib/python3.12/site-packages/airflow/example_dags/example_complex.py
[2024-07-05T21:06:39.816+0000] {processor.py:840} INFO - DAG(s) 'example_complex' retrieved from /home/airflow/.local/lib/python3.12/site-packages/airflow/example_dags/example_complex.py
[2024-07-05T21:06:39.947+0000] {logging_mixin.py:188} INFO - [2024-07-05T21:06:39.946+0000] {dag.py:3096} INFO - Sync 1 DAGs
[2024-07-05T21:06:39.984+0000] {logging_mixin.py:188} INFO - [2024-07-05T21:06:39.984+0000] {dag.py:3954} INFO - Setting next_dagrun for example_complex to None, run_after=None
[2024-07-05T21:06:40.045+0000] {processor.py:183} INFO - Processing /home/airflow/.local/lib/python3.12/site-packages/airflow/example_dags/example_complex.py took 0.313 seconds
[2024-07-05T21:07:10.354+0000] {processor.py:161} INFO - Started process (PID=627) to work on /home/airflow/.local/lib/python3.12/site-packages/airflow/example_dags/example_complex.py
[2024-07-05T21:07:10.338+0000] {processor.py:830} INFO - Processing file /home/airflow/.local/lib/python3.12/site-packages/airflow/example_dags/example_complex.py for tasks to queue
[2024-07-05T21:07:10.342+0000] {logging_mixin.py:188} INFO - [2024-07-05T21:07:10.341+0000] {dagbag.py:545} INFO - Filling up the DagBag from /home/airflow/.local/lib/python3.12/site-packages/airflow/example_dags/example_complex.py
[2024-07-05T21:07:10.361+0000] {processor.py:840} INFO - DAG(s) 'example_complex' retrieved from /home/airflow/.local/lib/python3.12/site-packages/airflow/example_dags/example_complex.py
[2024-07-05T21:07:10.442+0000] {logging_mixin.py:188} INFO - [2024-07-05T21:07:10.442+0000] {dag.py:3096} INFO - Sync 1 DAGs
[2024-07-05T21:07:10.471+0000] {logging_mixin.py:188} INFO - [2024-07-05T21:07:10.470+0000] {dag.py:3954} INFO - Setting next_dagrun for example_complex to None, run_after=None
[2024-07-05T21:07:10.513+0000] {processor.py:183} INFO - Processing /home/airflow/.local/lib/python3.12/site-packages/airflow/example_dags/example_complex.py took 0.209 seconds
[2024-07-05T21:07:40.611+0000] {processor.py:161} INFO - Started process (PID=685) to work on /home/airflow/.local/lib/python3.12/site-packages/airflow/example_dags/example_complex.py
[2024-07-05T21:07:40.613+0000] {processor.py:830} INFO - Processing file /home/airflow/.local/lib/python3.12/site-packages/airflow/example_dags/example_complex.py for tasks to queue
[2024-07-05T21:07:40.616+0000] {logging_mixin.py:188} INFO - [2024-07-05T21:07:40.615+0000] {dagbag.py:545} INFO - Filling up the DagBag from /home/airflow/.local/lib/python3.12/site-packages/airflow/example_dags/example_complex.py
[2024-07-05T21:07:40.634+0000] {processor.py:840} INFO - DAG(s) 'example_complex' retrieved from /home/airflow/.local/lib/python3.12/site-packages/airflow/example_dags/example_complex.py
[2024-07-05T21:07:40.705+0000] {logging_mixin.py:188} INFO - [2024-07-05T21:07:40.705+0000] {dag.py:3096} INFO - Sync 1 DAGs
[2024-07-05T21:07:40.729+0000] {logging_mixin.py:188} INFO - [2024-07-05T21:07:40.729+0000] {dag.py:3954} INFO - Setting next_dagrun for example_complex to None, run_after=None
[2024-07-05T21:07:40.769+0000] {processor.py:183} INFO - Processing /home/airflow/.local/lib/python3.12/site-packages/airflow/example_dags/example_complex.py took 0.171 seconds
[2024-07-05T21:08:11.744+0000] {processor.py:161} INFO - Started process (PID=738) to work on /home/airflow/.local/lib/python3.12/site-packages/airflow/example_dags/example_complex.py
[2024-07-05T21:08:11.753+0000] {processor.py:830} INFO - Processing file /home/airflow/.local/lib/python3.12/site-packages/airflow/example_dags/example_complex.py for tasks to queue
[2024-07-05T21:08:11.759+0000] {logging_mixin.py:188} INFO - [2024-07-05T21:08:11.758+0000] {dagbag.py:545} INFO - Filling up the DagBag from /home/airflow/.local/lib/python3.12/site-packages/airflow/example_dags/example_complex.py
[2024-07-05T21:08:11.784+0000] {processor.py:840} INFO - DAG(s) 'example_complex' retrieved from /home/airflow/.local/lib/python3.12/site-packages/airflow/example_dags/example_complex.py
[2024-07-05T21:08:11.876+0000] {logging_mixin.py:188} INFO - [2024-07-05T21:08:11.875+0000] {dag.py:3096} INFO - Sync 1 DAGs
[2024-07-05T21:08:11.915+0000] {logging_mixin.py:188} INFO - [2024-07-05T21:08:11.914+0000] {dag.py:3954} INFO - Setting next_dagrun for example_complex to None, run_after=None
[2024-07-05T21:08:11.980+0000] {processor.py:183} INFO - Processing /home/airflow/.local/lib/python3.12/site-packages/airflow/example_dags/example_complex.py took 0.259 seconds
[2024-07-05T21:08:42.351+0000] {processor.py:161} INFO - Started process (PID=797) to work on /home/airflow/.local/lib/python3.12/site-packages/airflow/example_dags/example_complex.py
[2024-07-05T21:08:42.354+0000] {processor.py:830} INFO - Processing file /home/airflow/.local/lib/python3.12/site-packages/airflow/example_dags/example_complex.py for tasks to queue
[2024-07-05T21:08:42.361+0000] {logging_mixin.py:188} INFO - [2024-07-05T21:08:42.359+0000] {dagbag.py:545} INFO - Filling up the DagBag from /home/airflow/.local/lib/python3.12/site-packages/airflow/example_dags/example_complex.py
[2024-07-05T21:08:42.396+0000] {processor.py:840} INFO - DAG(s) 'example_complex' retrieved from /home/airflow/.local/lib/python3.12/site-packages/airflow/example_dags/example_complex.py
[2024-07-05T21:08:42.484+0000] {logging_mixin.py:188} INFO - [2024-07-05T21:08:42.484+0000] {dag.py:3096} INFO - Sync 1 DAGs
[2024-07-05T21:08:42.519+0000] {logging_mixin.py:188} INFO - [2024-07-05T21:08:42.518+0000] {dag.py:3954} INFO - Setting next_dagrun for example_complex to None, run_after=None
[2024-07-05T21:08:42.578+0000] {processor.py:183} INFO - Processing /home/airflow/.local/lib/python3.12/site-packages/airflow/example_dags/example_complex.py took 0.248 seconds
[2024-07-05T21:09:12.811+0000] {processor.py:161} INFO - Started process (PID=854) to work on /home/airflow/.local/lib/python3.12/site-packages/airflow/example_dags/example_complex.py
[2024-07-05T21:09:12.813+0000] {processor.py:830} INFO - Processing file /home/airflow/.local/lib/python3.12/site-packages/airflow/example_dags/example_complex.py for tasks to queue
[2024-07-05T21:09:12.816+0000] {logging_mixin.py:188} INFO - [2024-07-05T21:09:12.816+0000] {dagbag.py:545} INFO - Filling up the DagBag from /home/airflow/.local/lib/python3.12/site-packages/airflow/example_dags/example_complex.py
[2024-07-05T21:09:12.833+0000] {processor.py:840} INFO - DAG(s) 'example_complex' retrieved from /home/airflow/.local/lib/python3.12/site-packages/airflow/example_dags/example_complex.py
[2024-07-05T21:09:12.883+0000] {logging_mixin.py:188} INFO - [2024-07-05T21:09:12.883+0000] {dag.py:3096} INFO - Sync 1 DAGs
[2024-07-05T21:09:12.919+0000] {logging_mixin.py:188} INFO - [2024-07-05T21:09:12.918+0000] {dag.py:3954} INFO - Setting next_dagrun for example_complex to None, run_after=None
[2024-07-05T21:09:12.951+0000] {processor.py:183} INFO - Processing /home/airflow/.local/lib/python3.12/site-packages/airflow/example_dags/example_complex.py took 0.151 seconds
[2024-07-05T21:09:43.562+0000] {processor.py:161} INFO - Started process (PID=910) to work on /home/airflow/.local/lib/python3.12/site-packages/airflow/example_dags/example_complex.py
[2024-07-05T21:09:43.564+0000] {processor.py:830} INFO - Processing file /home/airflow/.local/lib/python3.12/site-packages/airflow/example_dags/example_complex.py for tasks to queue
[2024-07-05T21:09:43.568+0000] {logging_mixin.py:188} INFO - [2024-07-05T21:09:43.568+0000] {dagbag.py:545} INFO - Filling up the DagBag from /home/airflow/.local/lib/python3.12/site-packages/airflow/example_dags/example_complex.py
[2024-07-05T21:09:43.596+0000] {processor.py:840} INFO - DAG(s) 'example_complex' retrieved from /home/airflow/.local/lib/python3.12/site-packages/airflow/example_dags/example_complex.py
[2024-07-05T21:09:43.753+0000] {logging_mixin.py:188} INFO - [2024-07-05T21:09:43.752+0000] {dag.py:3096} INFO - Sync 1 DAGs
[2024-07-05T21:09:43.783+0000] {logging_mixin.py:188} INFO - [2024-07-05T21:09:43.783+0000] {dag.py:3954} INFO - Setting next_dagrun for example_complex to None, run_after=None
[2024-07-05T21:09:43.837+0000] {processor.py:183} INFO - Processing /home/airflow/.local/lib/python3.12/site-packages/airflow/example_dags/example_complex.py took 0.289 seconds
[2024-07-05T21:10:14.423+0000] {processor.py:161} INFO - Started process (PID=968) to work on /home/airflow/.local/lib/python3.12/site-packages/airflow/example_dags/example_complex.py
[2024-07-05T21:10:14.426+0000] {processor.py:830} INFO - Processing file /home/airflow/.local/lib/python3.12/site-packages/airflow/example_dags/example_complex.py for tasks to queue
[2024-07-05T21:10:14.432+0000] {logging_mixin.py:188} INFO - [2024-07-05T21:10:14.430+0000] {dagbag.py:545} INFO - Filling up the DagBag from /home/airflow/.local/lib/python3.12/site-packages/airflow/example_dags/example_complex.py
[2024-07-05T21:10:14.485+0000] {processor.py:840} INFO - DAG(s) 'example_complex' retrieved from /home/airflow/.local/lib/python3.12/site-packages/airflow/example_dags/example_complex.py
[2024-07-05T21:10:14.606+0000] {logging_mixin.py:188} INFO - [2024-07-05T21:10:14.605+0000] {dag.py:3096} INFO - Sync 1 DAGs
[2024-07-05T21:10:14.643+0000] {logging_mixin.py:188} INFO - [2024-07-05T21:10:14.643+0000] {dag.py:3954} INFO - Setting next_dagrun for example_complex to None, run_after=None
[2024-07-05T21:10:14.695+0000] {processor.py:183} INFO - Processing /home/airflow/.local/lib/python3.12/site-packages/airflow/example_dags/example_complex.py took 0.319 seconds
[2024-07-05T21:10:44.874+0000] {processor.py:161} INFO - Started process (PID=1026) to work on /home/airflow/.local/lib/python3.12/site-packages/airflow/example_dags/example_complex.py
[2024-07-05T21:10:44.877+0000] {processor.py:830} INFO - Processing file /home/airflow/.local/lib/python3.12/site-packages/airflow/example_dags/example_complex.py for tasks to queue
[2024-07-05T21:10:44.880+0000] {logging_mixin.py:188} INFO - [2024-07-05T21:10:44.879+0000] {dagbag.py:545} INFO - Filling up the DagBag from /home/airflow/.local/lib/python3.12/site-packages/airflow/example_dags/example_complex.py
[2024-07-05T21:10:44.902+0000] {processor.py:840} INFO - DAG(s) 'example_complex' retrieved from /home/airflow/.local/lib/python3.12/site-packages/airflow/example_dags/example_complex.py
[2024-07-05T21:10:44.961+0000] {logging_mixin.py:188} INFO - [2024-07-05T21:10:44.960+0000] {dag.py:3096} INFO - Sync 1 DAGs
[2024-07-05T21:10:44.983+0000] {logging_mixin.py:188} INFO - [2024-07-05T21:10:44.983+0000] {dag.py:3954} INFO - Setting next_dagrun for example_complex to None, run_after=None
[2024-07-05T21:10:45.022+0000] {processor.py:183} INFO - Processing /home/airflow/.local/lib/python3.12/site-packages/airflow/example_dags/example_complex.py took 0.158 seconds
[2024-07-05T21:11:15.120+0000] {processor.py:161} INFO - Started process (PID=1084) to work on /home/airflow/.local/lib/python3.12/site-packages/airflow/example_dags/example_complex.py
[2024-07-05T21:11:15.122+0000] {processor.py:830} INFO - Processing file /home/airflow/.local/lib/python3.12/site-packages/airflow/example_dags/example_complex.py for tasks to queue
[2024-07-05T21:11:15.125+0000] {logging_mixin.py:188} INFO - [2024-07-05T21:11:15.125+0000] {dagbag.py:545} INFO - Filling up the DagBag from /home/airflow/.local/lib/python3.12/site-packages/airflow/example_dags/example_complex.py
[2024-07-05T21:11:15.158+0000] {processor.py:840} INFO - DAG(s) 'example_complex' retrieved from /home/airflow/.local/lib/python3.12/site-packages/airflow/example_dags/example_complex.py
[2024-07-05T21:11:15.250+0000] {logging_mixin.py:188} INFO - [2024-07-05T21:11:15.249+0000] {dag.py:3096} INFO - Sync 1 DAGs
[2024-07-05T21:11:15.312+0000] {logging_mixin.py:188} INFO - [2024-07-05T21:11:15.311+0000] {dag.py:3954} INFO - Setting next_dagrun for example_complex to None, run_after=None
[2024-07-05T21:11:15.374+0000] {processor.py:183} INFO - Processing /home/airflow/.local/lib/python3.12/site-packages/airflow/example_dags/example_complex.py took 0.265 seconds
[2024-07-05T21:11:45.986+0000] {processor.py:161} INFO - Started process (PID=1142) to work on /home/airflow/.local/lib/python3.12/site-packages/airflow/example_dags/example_complex.py
[2024-07-05T21:11:45.989+0000] {processor.py:830} INFO - Processing file /home/airflow/.local/lib/python3.12/site-packages/airflow/example_dags/example_complex.py for tasks to queue
[2024-07-05T21:11:45.997+0000] {logging_mixin.py:188} INFO - [2024-07-05T21:11:45.997+0000] {dagbag.py:545} INFO - Filling up the DagBag from /home/airflow/.local/lib/python3.12/site-packages/airflow/example_dags/example_complex.py
[2024-07-05T21:11:46.022+0000] {processor.py:840} INFO - DAG(s) 'example_complex' retrieved from /home/airflow/.local/lib/python3.12/site-packages/airflow/example_dags/example_complex.py
[2024-07-05T21:11:46.084+0000] {logging_mixin.py:188} INFO - [2024-07-05T21:11:46.083+0000] {dag.py:3096} INFO - Sync 1 DAGs
[2024-07-05T21:11:46.103+0000] {logging_mixin.py:188} INFO - [2024-07-05T21:11:46.102+0000] {dag.py:3954} INFO - Setting next_dagrun for example_complex to None, run_after=None
[2024-07-05T21:11:46.137+0000] {processor.py:183} INFO - Processing /home/airflow/.local/lib/python3.12/site-packages/airflow/example_dags/example_complex.py took 0.163 seconds
[2024-07-05T21:12:16.826+0000] {processor.py:161} INFO - Started process (PID=1200) to work on /home/airflow/.local/lib/python3.12/site-packages/airflow/example_dags/example_complex.py
[2024-07-05T21:12:16.828+0000] {processor.py:830} INFO - Processing file /home/airflow/.local/lib/python3.12/site-packages/airflow/example_dags/example_complex.py for tasks to queue
[2024-07-05T21:12:16.833+0000] {logging_mixin.py:188} INFO - [2024-07-05T21:12:16.832+0000] {dagbag.py:545} INFO - Filling up the DagBag from /home/airflow/.local/lib/python3.12/site-packages/airflow/example_dags/example_complex.py
[2024-07-05T21:12:16.857+0000] {processor.py:840} INFO - DAG(s) 'example_complex' retrieved from /home/airflow/.local/lib/python3.12/site-packages/airflow/example_dags/example_complex.py
[2024-07-05T21:12:16.984+0000] {logging_mixin.py:188} INFO - [2024-07-05T21:12:16.983+0000] {dag.py:3096} INFO - Sync 1 DAGs
[2024-07-05T21:12:17.019+0000] {logging_mixin.py:188} INFO - [2024-07-05T21:12:17.019+0000] {dag.py:3954} INFO - Setting next_dagrun for example_complex to None, run_after=None
[2024-07-05T21:12:17.054+0000] {processor.py:183} INFO - Processing /home/airflow/.local/lib/python3.12/site-packages/airflow/example_dags/example_complex.py took 0.240 seconds
[2024-07-05T21:12:47.128+0000] {processor.py:161} INFO - Started process (PID=1258) to work on /home/airflow/.local/lib/python3.12/site-packages/airflow/example_dags/example_complex.py
[2024-07-05T21:12:47.130+0000] {processor.py:830} INFO - Processing file /home/airflow/.local/lib/python3.12/site-packages/airflow/example_dags/example_complex.py for tasks to queue
[2024-07-05T21:12:47.133+0000] {logging_mixin.py:188} INFO - [2024-07-05T21:12:47.133+0000] {dagbag.py:545} INFO - Filling up the DagBag from /home/airflow/.local/lib/python3.12/site-packages/airflow/example_dags/example_complex.py
[2024-07-05T21:12:47.152+0000] {processor.py:840} INFO - DAG(s) 'example_complex' retrieved from /home/airflow/.local/lib/python3.12/site-packages/airflow/example_dags/example_complex.py
[2024-07-05T21:12:47.212+0000] {logging_mixin.py:188} INFO - [2024-07-05T21:12:47.212+0000] {dag.py:3096} INFO - Sync 1 DAGs
[2024-07-05T21:12:47.243+0000] {logging_mixin.py:188} INFO - [2024-07-05T21:12:47.242+0000] {dag.py:3954} INFO - Setting next_dagrun for example_complex to None, run_after=None
[2024-07-05T21:12:47.293+0000] {processor.py:183} INFO - Processing /home/airflow/.local/lib/python3.12/site-packages/airflow/example_dags/example_complex.py took 0.177 seconds
[2024-07-05T21:13:26.828+0000] {processor.py:161} INFO - Started process (PID=1317) to work on /home/airflow/.local/lib/python3.12/site-packages/airflow/example_dags/example_complex.py
[2024-07-05T21:13:26.830+0000] {processor.py:830} INFO - Processing file /home/airflow/.local/lib/python3.12/site-packages/airflow/example_dags/example_complex.py for tasks to queue
[2024-07-05T21:13:26.834+0000] {logging_mixin.py:188} INFO - [2024-07-05T21:13:26.833+0000] {dagbag.py:545} INFO - Filling up the DagBag from /home/airflow/.local/lib/python3.12/site-packages/airflow/example_dags/example_complex.py
[2024-07-05T21:13:26.853+0000] {processor.py:840} INFO - DAG(s) 'example_complex' retrieved from /home/airflow/.local/lib/python3.12/site-packages/airflow/example_dags/example_complex.py
[2024-07-05T21:13:26.935+0000] {logging_mixin.py:188} INFO - [2024-07-05T21:13:26.934+0000] {dag.py:3096} INFO - Sync 1 DAGs
[2024-07-05T21:13:26.978+0000] {logging_mixin.py:188} INFO - [2024-07-05T21:13:26.977+0000] {dag.py:3954} INFO - Setting next_dagrun for example_complex to None, run_after=None
[2024-07-05T21:13:27.022+0000] {processor.py:183} INFO - Processing /home/airflow/.local/lib/python3.12/site-packages/airflow/example_dags/example_complex.py took 0.207 seconds
[2024-07-05T21:13:57.973+0000] {processor.py:161} INFO - Started process (PID=1375) to work on /home/airflow/.local/lib/python3.12/site-packages/airflow/example_dags/example_complex.py
[2024-07-05T21:13:57.975+0000] {processor.py:830} INFO - Processing file /home/airflow/.local/lib/python3.12/site-packages/airflow/example_dags/example_complex.py for tasks to queue
[2024-07-05T21:13:57.978+0000] {logging_mixin.py:188} INFO - [2024-07-05T21:13:57.978+0000] {dagbag.py:545} INFO - Filling up the DagBag from /home/airflow/.local/lib/python3.12/site-packages/airflow/example_dags/example_complex.py
[2024-07-05T21:13:58.003+0000] {processor.py:840} INFO - DAG(s) 'example_complex' retrieved from /home/airflow/.local/lib/python3.12/site-packages/airflow/example_dags/example_complex.py
[2024-07-05T21:13:58.082+0000] {logging_mixin.py:188} INFO - [2024-07-05T21:13:58.082+0000] {dag.py:3096} INFO - Sync 1 DAGs
[2024-07-05T21:13:58.106+0000] {logging_mixin.py:188} INFO - [2024-07-05T21:13:58.105+0000] {dag.py:3954} INFO - Setting next_dagrun for example_complex to None, run_after=None
[2024-07-05T21:13:58.146+0000] {processor.py:183} INFO - Processing /home/airflow/.local/lib/python3.12/site-packages/airflow/example_dags/example_complex.py took 0.183 seconds
[2024-07-05T21:14:28.709+0000] {processor.py:161} INFO - Started process (PID=1433) to work on /home/airflow/.local/lib/python3.12/site-packages/airflow/example_dags/example_complex.py
[2024-07-05T21:14:28.712+0000] {processor.py:830} INFO - Processing file /home/airflow/.local/lib/python3.12/site-packages/airflow/example_dags/example_complex.py for tasks to queue
[2024-07-05T21:14:28.716+0000] {logging_mixin.py:188} INFO - [2024-07-05T21:14:28.715+0000] {dagbag.py:545} INFO - Filling up the DagBag from /home/airflow/.local/lib/python3.12/site-packages/airflow/example_dags/example_complex.py
[2024-07-05T21:14:28.764+0000] {processor.py:840} INFO - DAG(s) 'example_complex' retrieved from /home/airflow/.local/lib/python3.12/site-packages/airflow/example_dags/example_complex.py
[2024-07-05T21:14:28.863+0000] {logging_mixin.py:188} INFO - [2024-07-05T21:14:28.863+0000] {dag.py:3096} INFO - Sync 1 DAGs
[2024-07-05T21:14:28.908+0000] {logging_mixin.py:188} INFO - [2024-07-05T21:14:28.906+0000] {dag.py:3954} INFO - Setting next_dagrun for example_complex to None, run_after=None
[2024-07-05T21:14:28.961+0000] {processor.py:183} INFO - Processing /home/airflow/.local/lib/python3.12/site-packages/airflow/example_dags/example_complex.py took 0.275 seconds
[2024-07-05T21:14:59.198+0000] {processor.py:161} INFO - Started process (PID=1491) to work on /home/airflow/.local/lib/python3.12/site-packages/airflow/example_dags/example_complex.py
[2024-07-05T21:14:59.200+0000] {processor.py:830} INFO - Processing file /home/airflow/.local/lib/python3.12/site-packages/airflow/example_dags/example_complex.py for tasks to queue
[2024-07-05T21:14:59.204+0000] {logging_mixin.py:188} INFO - [2024-07-05T21:14:59.203+0000] {dagbag.py:545} INFO - Filling up the DagBag from /home/airflow/.local/lib/python3.12/site-packages/airflow/example_dags/example_complex.py
[2024-07-05T21:14:59.226+0000] {processor.py:840} INFO - DAG(s) 'example_complex' retrieved from /home/airflow/.local/lib/python3.12/site-packages/airflow/example_dags/example_complex.py
[2024-07-05T21:14:59.290+0000] {logging_mixin.py:188} INFO - [2024-07-05T21:14:59.290+0000] {dag.py:3096} INFO - Sync 1 DAGs
[2024-07-05T21:14:59.317+0000] {logging_mixin.py:188} INFO - [2024-07-05T21:14:59.317+0000] {dag.py:3954} INFO - Setting next_dagrun for example_complex to None, run_after=None
[2024-07-05T21:14:59.362+0000] {processor.py:183} INFO - Processing /home/airflow/.local/lib/python3.12/site-packages/airflow/example_dags/example_complex.py took 0.174 seconds
[2024-07-05T21:15:29.970+0000] {processor.py:161} INFO - Started process (PID=1549) to work on /home/airflow/.local/lib/python3.12/site-packages/airflow/example_dags/example_complex.py
[2024-07-05T21:15:29.973+0000] {processor.py:830} INFO - Processing file /home/airflow/.local/lib/python3.12/site-packages/airflow/example_dags/example_complex.py for tasks to queue
[2024-07-05T21:15:29.982+0000] {logging_mixin.py:188} INFO - [2024-07-05T21:15:29.981+0000] {dagbag.py:545} INFO - Filling up the DagBag from /home/airflow/.local/lib/python3.12/site-packages/airflow/example_dags/example_complex.py
[2024-07-05T21:15:30.003+0000] {processor.py:840} INFO - DAG(s) 'example_complex' retrieved from /home/airflow/.local/lib/python3.12/site-packages/airflow/example_dags/example_complex.py
[2024-07-05T21:15:30.059+0000] {logging_mixin.py:188} INFO - [2024-07-05T21:15:30.059+0000] {dag.py:3096} INFO - Sync 1 DAGs
[2024-07-05T21:15:30.084+0000] {logging_mixin.py:188} INFO - [2024-07-05T21:15:30.083+0000] {dag.py:3954} INFO - Setting next_dagrun for example_complex to None, run_after=None
[2024-07-05T21:15:30.118+0000] {processor.py:183} INFO - Processing /home/airflow/.local/lib/python3.12/site-packages/airflow/example_dags/example_complex.py took 0.158 seconds
[2024-07-05T21:16:00.944+0000] {processor.py:161} INFO - Started process (PID=1605) to work on /home/airflow/.local/lib/python3.12/site-packages/airflow/example_dags/example_complex.py
[2024-07-05T21:16:00.945+0000] {processor.py:830} INFO - Processing file /home/airflow/.local/lib/python3.12/site-packages/airflow/example_dags/example_complex.py for tasks to queue
[2024-07-05T21:16:00.949+0000] {logging_mixin.py:188} INFO - [2024-07-05T21:16:00.948+0000] {dagbag.py:545} INFO - Filling up the DagBag from /home/airflow/.local/lib/python3.12/site-packages/airflow/example_dags/example_complex.py
[2024-07-05T21:16:00.982+0000] {processor.py:840} INFO - DAG(s) 'example_complex' retrieved from /home/airflow/.local/lib/python3.12/site-packages/airflow/example_dags/example_complex.py
[2024-07-05T21:16:01.084+0000] {logging_mixin.py:188} INFO - [2024-07-05T21:16:01.084+0000] {dag.py:3096} INFO - Sync 1 DAGs
[2024-07-05T21:16:01.123+0000] {logging_mixin.py:188} INFO - [2024-07-05T21:16:01.122+0000] {dag.py:3954} INFO - Setting next_dagrun for example_complex to None, run_after=None
[2024-07-05T21:16:01.195+0000] {processor.py:183} INFO - Processing /home/airflow/.local/lib/python3.12/site-packages/airflow/example_dags/example_complex.py took 0.264 seconds
[2024-07-05T21:16:31.905+0000] {processor.py:161} INFO - Started process (PID=1662) to work on /home/airflow/.local/lib/python3.12/site-packages/airflow/example_dags/example_complex.py
[2024-07-05T21:16:31.906+0000] {processor.py:830} INFO - Processing file /home/airflow/.local/lib/python3.12/site-packages/airflow/example_dags/example_complex.py for tasks to queue
[2024-07-05T21:16:31.910+0000] {logging_mixin.py:188} INFO - [2024-07-05T21:16:31.910+0000] {dagbag.py:545} INFO - Filling up the DagBag from /home/airflow/.local/lib/python3.12/site-packages/airflow/example_dags/example_complex.py
[2024-07-05T21:16:31.930+0000] {processor.py:840} INFO - DAG(s) 'example_complex' retrieved from /home/airflow/.local/lib/python3.12/site-packages/airflow/example_dags/example_complex.py
[2024-07-05T21:16:31.991+0000] {logging_mixin.py:188} INFO - [2024-07-05T21:16:31.991+0000] {dag.py:3096} INFO - Sync 1 DAGs
[2024-07-05T21:16:32.387+0000] {logging_mixin.py:188} INFO - [2024-07-05T21:16:32.387+0000] {dag.py:3954} INFO - Setting next_dagrun for example_complex to None, run_after=None
[2024-07-05T21:16:32.433+0000] {processor.py:183} INFO - Processing /home/airflow/.local/lib/python3.12/site-packages/airflow/example_dags/example_complex.py took 0.539 seconds
[2024-07-05T21:17:02.507+0000] {processor.py:161} INFO - Started process (PID=1721) to work on /home/airflow/.local/lib/python3.12/site-packages/airflow/example_dags/example_complex.py
[2024-07-05T21:17:02.509+0000] {processor.py:830} INFO - Processing file /home/airflow/.local/lib/python3.12/site-packages/airflow/example_dags/example_complex.py for tasks to queue
[2024-07-05T21:17:02.513+0000] {logging_mixin.py:188} INFO - [2024-07-05T21:17:02.513+0000] {dagbag.py:545} INFO - Filling up the DagBag from /home/airflow/.local/lib/python3.12/site-packages/airflow/example_dags/example_complex.py
[2024-07-05T21:17:02.538+0000] {processor.py:840} INFO - DAG(s) 'example_complex' retrieved from /home/airflow/.local/lib/python3.12/site-packages/airflow/example_dags/example_complex.py
[2024-07-05T21:17:02.667+0000] {logging_mixin.py:188} INFO - [2024-07-05T21:17:02.667+0000] {dag.py:3096} INFO - Sync 1 DAGs
[2024-07-05T21:17:02.979+0000] {logging_mixin.py:188} INFO - [2024-07-05T21:17:02.978+0000] {dag.py:3954} INFO - Setting next_dagrun for example_complex to None, run_after=None
[2024-07-05T21:17:03.015+0000] {processor.py:183} INFO - Processing /home/airflow/.local/lib/python3.12/site-packages/airflow/example_dags/example_complex.py took 0.519 seconds
[2024-07-05T21:17:33.904+0000] {processor.py:161} INFO - Started process (PID=1780) to work on /home/airflow/.local/lib/python3.12/site-packages/airflow/example_dags/example_complex.py
[2024-07-05T21:17:33.905+0000] {processor.py:830} INFO - Processing file /home/airflow/.local/lib/python3.12/site-packages/airflow/example_dags/example_complex.py for tasks to queue
[2024-07-05T21:17:33.909+0000] {logging_mixin.py:188} INFO - [2024-07-05T21:17:33.908+0000] {dagbag.py:545} INFO - Filling up the DagBag from /home/airflow/.local/lib/python3.12/site-packages/airflow/example_dags/example_complex.py
[2024-07-05T21:17:33.926+0000] {processor.py:840} INFO - DAG(s) 'example_complex' retrieved from /home/airflow/.local/lib/python3.12/site-packages/airflow/example_dags/example_complex.py
[2024-07-05T21:17:33.980+0000] {logging_mixin.py:188} INFO - [2024-07-05T21:17:33.979+0000] {dag.py:3096} INFO - Sync 1 DAGs
[2024-07-05T21:17:34.220+0000] {logging_mixin.py:188} INFO - [2024-07-05T21:17:34.219+0000] {dag.py:3954} INFO - Setting next_dagrun for example_complex to None, run_after=None
[2024-07-05T21:17:34.252+0000] {processor.py:183} INFO - Processing /home/airflow/.local/lib/python3.12/site-packages/airflow/example_dags/example_complex.py took 0.357 seconds
[2024-07-05T21:18:04.896+0000] {processor.py:161} INFO - Started process (PID=1839) to work on /home/airflow/.local/lib/python3.12/site-packages/airflow/example_dags/example_complex.py
[2024-07-05T21:18:04.898+0000] {processor.py:830} INFO - Processing file /home/airflow/.local/lib/python3.12/site-packages/airflow/example_dags/example_complex.py for tasks to queue
[2024-07-05T21:18:04.903+0000] {logging_mixin.py:188} INFO - [2024-07-05T21:18:04.901+0000] {dagbag.py:545} INFO - Filling up the DagBag from /home/airflow/.local/lib/python3.12/site-packages/airflow/example_dags/example_complex.py
[2024-07-05T21:18:04.940+0000] {processor.py:840} INFO - DAG(s) 'example_complex' retrieved from /home/airflow/.local/lib/python3.12/site-packages/airflow/example_dags/example_complex.py
[2024-07-05T21:18:05.042+0000] {logging_mixin.py:188} INFO - [2024-07-05T21:18:05.041+0000] {dag.py:3096} INFO - Sync 1 DAGs
[2024-07-05T21:18:05.091+0000] {logging_mixin.py:188} INFO - [2024-07-05T21:18:05.091+0000] {dag.py:3954} INFO - Setting next_dagrun for example_complex to None, run_after=None
[2024-07-05T21:18:05.587+0000] {processor.py:183} INFO - Processing /home/airflow/.local/lib/python3.12/site-packages/airflow/example_dags/example_complex.py took 0.703 seconds
[2024-07-05T21:18:35.676+0000] {processor.py:161} INFO - Started process (PID=1899) to work on /home/airflow/.local/lib/python3.12/site-packages/airflow/example_dags/example_complex.py
[2024-07-05T21:18:35.680+0000] {processor.py:830} INFO - Processing file /home/airflow/.local/lib/python3.12/site-packages/airflow/example_dags/example_complex.py for tasks to queue
[2024-07-05T21:18:35.687+0000] {logging_mixin.py:188} INFO - [2024-07-05T21:18:35.686+0000] {dagbag.py:545} INFO - Filling up the DagBag from /home/airflow/.local/lib/python3.12/site-packages/airflow/example_dags/example_complex.py
[2024-07-05T21:18:35.719+0000] {processor.py:840} INFO - DAG(s) 'example_complex' retrieved from /home/airflow/.local/lib/python3.12/site-packages/airflow/example_dags/example_complex.py
[2024-07-05T21:18:35.801+0000] {logging_mixin.py:188} INFO - [2024-07-05T21:18:35.801+0000] {dag.py:3096} INFO - Sync 1 DAGs
[2024-07-05T21:18:35.832+0000] {logging_mixin.py:188} INFO - [2024-07-05T21:18:35.832+0000] {dag.py:3954} INFO - Setting next_dagrun for example_complex to None, run_after=None
[2024-07-05T21:18:35.872+0000] {processor.py:183} INFO - Processing /home/airflow/.local/lib/python3.12/site-packages/airflow/example_dags/example_complex.py took 0.220 seconds
[2024-07-05T21:19:06.054+0000] {processor.py:161} INFO - Started process (PID=1958) to work on /home/airflow/.local/lib/python3.12/site-packages/airflow/example_dags/example_complex.py
[2024-07-05T21:19:06.056+0000] {processor.py:830} INFO - Processing file /home/airflow/.local/lib/python3.12/site-packages/airflow/example_dags/example_complex.py for tasks to queue
[2024-07-05T21:19:06.059+0000] {logging_mixin.py:188} INFO - [2024-07-05T21:19:06.058+0000] {dagbag.py:545} INFO - Filling up the DagBag from /home/airflow/.local/lib/python3.12/site-packages/airflow/example_dags/example_complex.py
[2024-07-05T21:19:06.074+0000] {processor.py:840} INFO - DAG(s) 'example_complex' retrieved from /home/airflow/.local/lib/python3.12/site-packages/airflow/example_dags/example_complex.py
[2024-07-05T21:19:06.129+0000] {logging_mixin.py:188} INFO - [2024-07-05T21:19:06.128+0000] {dag.py:3096} INFO - Sync 1 DAGs
[2024-07-05T21:19:06.152+0000] {logging_mixin.py:188} INFO - [2024-07-05T21:19:06.151+0000] {dag.py:3954} INFO - Setting next_dagrun for example_complex to None, run_after=None
[2024-07-05T21:19:06.192+0000] {processor.py:183} INFO - Processing /home/airflow/.local/lib/python3.12/site-packages/airflow/example_dags/example_complex.py took 0.151 seconds
[2024-07-05T21:19:36.318+0000] {processor.py:161} INFO - Started process (PID=2015) to work on /home/airflow/.local/lib/python3.12/site-packages/airflow/example_dags/example_complex.py
[2024-07-05T21:19:36.320+0000] {processor.py:830} INFO - Processing file /home/airflow/.local/lib/python3.12/site-packages/airflow/example_dags/example_complex.py for tasks to queue
[2024-07-05T21:19:36.324+0000] {logging_mixin.py:188} INFO - [2024-07-05T21:19:36.323+0000] {dagbag.py:545} INFO - Filling up the DagBag from /home/airflow/.local/lib/python3.12/site-packages/airflow/example_dags/example_complex.py
[2024-07-05T21:19:36.343+0000] {processor.py:840} INFO - DAG(s) 'example_complex' retrieved from /home/airflow/.local/lib/python3.12/site-packages/airflow/example_dags/example_complex.py
[2024-07-05T21:19:36.396+0000] {logging_mixin.py:188} INFO - [2024-07-05T21:19:36.396+0000] {dag.py:3096} INFO - Sync 1 DAGs
[2024-07-05T21:19:36.417+0000] {logging_mixin.py:188} INFO - [2024-07-05T21:19:36.416+0000] {dag.py:3954} INFO - Setting next_dagrun for example_complex to None, run_after=None
[2024-07-05T21:19:36.451+0000] {processor.py:183} INFO - Processing /home/airflow/.local/lib/python3.12/site-packages/airflow/example_dags/example_complex.py took 0.148 seconds
[2024-07-05T21:20:06.622+0000] {processor.py:161} INFO - Started process (PID=2074) to work on /home/airflow/.local/lib/python3.12/site-packages/airflow/example_dags/example_complex.py
[2024-07-05T21:20:06.624+0000] {processor.py:830} INFO - Processing file /home/airflow/.local/lib/python3.12/site-packages/airflow/example_dags/example_complex.py for tasks to queue
[2024-07-05T21:20:06.628+0000] {logging_mixin.py:188} INFO - [2024-07-05T21:20:06.627+0000] {dagbag.py:545} INFO - Filling up the DagBag from /home/airflow/.local/lib/python3.12/site-packages/airflow/example_dags/example_complex.py
[2024-07-05T21:20:06.645+0000] {processor.py:840} INFO - DAG(s) 'example_complex' retrieved from /home/airflow/.local/lib/python3.12/site-packages/airflow/example_dags/example_complex.py
[2024-07-05T21:20:06.699+0000] {logging_mixin.py:188} INFO - [2024-07-05T21:20:06.699+0000] {dag.py:3096} INFO - Sync 1 DAGs
[2024-07-05T21:20:06.722+0000] {logging_mixin.py:188} INFO - [2024-07-05T21:20:06.721+0000] {dag.py:3954} INFO - Setting next_dagrun for example_complex to None, run_after=None
[2024-07-05T21:20:06.764+0000] {processor.py:183} INFO - Processing /home/airflow/.local/lib/python3.12/site-packages/airflow/example_dags/example_complex.py took 0.151 seconds
[2024-07-05T21:20:36.809+0000] {processor.py:161} INFO - Started process (PID=2133) to work on /home/airflow/.local/lib/python3.12/site-packages/airflow/example_dags/example_complex.py
[2024-07-05T21:20:36.810+0000] {processor.py:830} INFO - Processing file /home/airflow/.local/lib/python3.12/site-packages/airflow/example_dags/example_complex.py for tasks to queue
[2024-07-05T21:20:36.813+0000] {logging_mixin.py:188} INFO - [2024-07-05T21:20:36.813+0000] {dagbag.py:545} INFO - Filling up the DagBag from /home/airflow/.local/lib/python3.12/site-packages/airflow/example_dags/example_complex.py
[2024-07-05T21:20:36.832+0000] {processor.py:840} INFO - DAG(s) 'example_complex' retrieved from /home/airflow/.local/lib/python3.12/site-packages/airflow/example_dags/example_complex.py
[2024-07-05T21:20:36.919+0000] {logging_mixin.py:188} INFO - [2024-07-05T21:20:36.918+0000] {dag.py:3096} INFO - Sync 1 DAGs
[2024-07-05T21:20:36.941+0000] {logging_mixin.py:188} INFO - [2024-07-05T21:20:36.940+0000] {dag.py:3954} INFO - Setting next_dagrun for example_complex to None, run_after=None
[2024-07-05T21:20:37.006+0000] {processor.py:183} INFO - Processing /home/airflow/.local/lib/python3.12/site-packages/airflow/example_dags/example_complex.py took 0.207 seconds
[2024-07-05T21:21:07.809+0000] {processor.py:161} INFO - Started process (PID=2192) to work on /home/airflow/.local/lib/python3.12/site-packages/airflow/example_dags/example_complex.py
[2024-07-05T21:21:07.814+0000] {processor.py:830} INFO - Processing file /home/airflow/.local/lib/python3.12/site-packages/airflow/example_dags/example_complex.py for tasks to queue
[2024-07-05T21:21:07.818+0000] {logging_mixin.py:188} INFO - [2024-07-05T21:21:07.818+0000] {dagbag.py:545} INFO - Filling up the DagBag from /home/airflow/.local/lib/python3.12/site-packages/airflow/example_dags/example_complex.py
[2024-07-05T21:21:07.840+0000] {processor.py:840} INFO - DAG(s) 'example_complex' retrieved from /home/airflow/.local/lib/python3.12/site-packages/airflow/example_dags/example_complex.py
[2024-07-05T21:21:07.948+0000] {logging_mixin.py:188} INFO - [2024-07-05T21:21:07.945+0000] {dag.py:3096} INFO - Sync 1 DAGs
[2024-07-05T21:21:07.990+0000] {logging_mixin.py:188} INFO - [2024-07-05T21:21:07.990+0000] {dag.py:3954} INFO - Setting next_dagrun for example_complex to None, run_after=None
[2024-07-05T21:21:08.033+0000] {processor.py:183} INFO - Processing /home/airflow/.local/lib/python3.12/site-packages/airflow/example_dags/example_complex.py took 0.239 seconds
[2024-07-05T21:21:39.041+0000] {processor.py:161} INFO - Started process (PID=2251) to work on /home/airflow/.local/lib/python3.12/site-packages/airflow/example_dags/example_complex.py
[2024-07-05T21:21:39.043+0000] {processor.py:830} INFO - Processing file /home/airflow/.local/lib/python3.12/site-packages/airflow/example_dags/example_complex.py for tasks to queue
[2024-07-05T21:21:39.048+0000] {logging_mixin.py:188} INFO - [2024-07-05T21:21:39.047+0000] {dagbag.py:545} INFO - Filling up the DagBag from /home/airflow/.local/lib/python3.12/site-packages/airflow/example_dags/example_complex.py
[2024-07-05T21:21:39.075+0000] {processor.py:840} INFO - DAG(s) 'example_complex' retrieved from /home/airflow/.local/lib/python3.12/site-packages/airflow/example_dags/example_complex.py
[2024-07-05T21:21:39.173+0000] {logging_mixin.py:188} INFO - [2024-07-05T21:21:39.172+0000] {dag.py:3096} INFO - Sync 1 DAGs
[2024-07-05T21:21:39.210+0000] {logging_mixin.py:188} INFO - [2024-07-05T21:21:39.209+0000] {dag.py:3954} INFO - Setting next_dagrun for example_complex to None, run_after=None
[2024-07-05T21:21:39.277+0000] {processor.py:183} INFO - Processing /home/airflow/.local/lib/python3.12/site-packages/airflow/example_dags/example_complex.py took 0.250 seconds
[2024-07-05T21:22:09.366+0000] {processor.py:161} INFO - Started process (PID=2309) to work on /home/airflow/.local/lib/python3.12/site-packages/airflow/example_dags/example_complex.py
[2024-07-05T21:22:09.367+0000] {processor.py:830} INFO - Processing file /home/airflow/.local/lib/python3.12/site-packages/airflow/example_dags/example_complex.py for tasks to queue
[2024-07-05T21:22:09.370+0000] {logging_mixin.py:188} INFO - [2024-07-05T21:22:09.370+0000] {dagbag.py:545} INFO - Filling up the DagBag from /home/airflow/.local/lib/python3.12/site-packages/airflow/example_dags/example_complex.py
[2024-07-05T21:22:09.388+0000] {processor.py:840} INFO - DAG(s) 'example_complex' retrieved from /home/airflow/.local/lib/python3.12/site-packages/airflow/example_dags/example_complex.py
[2024-07-05T21:22:09.443+0000] {logging_mixin.py:188} INFO - [2024-07-05T21:22:09.442+0000] {dag.py:3096} INFO - Sync 1 DAGs
[2024-07-05T21:22:09.465+0000] {logging_mixin.py:188} INFO - [2024-07-05T21:22:09.465+0000] {dag.py:3954} INFO - Setting next_dagrun for example_complex to None, run_after=None
[2024-07-05T21:22:09.501+0000] {processor.py:183} INFO - Processing /home/airflow/.local/lib/python3.12/site-packages/airflow/example_dags/example_complex.py took 0.145 seconds
[2024-07-05T21:22:40.824+0000] {processor.py:161} INFO - Started process (PID=2368) to work on /home/airflow/.local/lib/python3.12/site-packages/airflow/example_dags/example_complex.py
[2024-07-05T21:22:40.831+0000] {processor.py:830} INFO - Processing file /home/airflow/.local/lib/python3.12/site-packages/airflow/example_dags/example_complex.py for tasks to queue
[2024-07-05T21:22:40.838+0000] {logging_mixin.py:188} INFO - [2024-07-05T21:22:40.836+0000] {dagbag.py:545} INFO - Filling up the DagBag from /home/airflow/.local/lib/python3.12/site-packages/airflow/example_dags/example_complex.py
[2024-07-05T21:22:40.885+0000] {processor.py:840} INFO - DAG(s) 'example_complex' retrieved from /home/airflow/.local/lib/python3.12/site-packages/airflow/example_dags/example_complex.py
[2024-07-05T21:22:41.077+0000] {logging_mixin.py:188} INFO - [2024-07-05T21:22:41.077+0000] {dag.py:3096} INFO - Sync 1 DAGs
[2024-07-05T21:22:41.192+0000] {logging_mixin.py:188} INFO - [2024-07-05T21:22:41.191+0000] {dag.py:3954} INFO - Setting next_dagrun for example_complex to None, run_after=None
[2024-07-05T21:22:41.241+0000] {processor.py:183} INFO - Processing /home/airflow/.local/lib/python3.12/site-packages/airflow/example_dags/example_complex.py took 0.444 seconds
[2024-07-05T21:23:11.310+0000] {processor.py:161} INFO - Started process (PID=2427) to work on /home/airflow/.local/lib/python3.12/site-packages/airflow/example_dags/example_complex.py
[2024-07-05T21:23:11.313+0000] {processor.py:830} INFO - Processing file /home/airflow/.local/lib/python3.12/site-packages/airflow/example_dags/example_complex.py for tasks to queue
[2024-07-05T21:23:11.316+0000] {logging_mixin.py:188} INFO - [2024-07-05T21:23:11.316+0000] {dagbag.py:545} INFO - Filling up the DagBag from /home/airflow/.local/lib/python3.12/site-packages/airflow/example_dags/example_complex.py
[2024-07-05T21:23:11.337+0000] {processor.py:840} INFO - DAG(s) 'example_complex' retrieved from /home/airflow/.local/lib/python3.12/site-packages/airflow/example_dags/example_complex.py
[2024-07-05T21:23:11.396+0000] {logging_mixin.py:188} INFO - [2024-07-05T21:23:11.396+0000] {dag.py:3096} INFO - Sync 1 DAGs
[2024-07-05T21:23:11.420+0000] {logging_mixin.py:188} INFO - [2024-07-05T21:23:11.419+0000] {dag.py:3954} INFO - Setting next_dagrun for example_complex to None, run_after=None
[2024-07-05T21:23:11.460+0000] {processor.py:183} INFO - Processing /home/airflow/.local/lib/python3.12/site-packages/airflow/example_dags/example_complex.py took 0.160 seconds
[2024-07-05T21:23:41.662+0000] {processor.py:161} INFO - Started process (PID=2486) to work on /home/airflow/.local/lib/python3.12/site-packages/airflow/example_dags/example_complex.py
[2024-07-05T21:23:41.664+0000] {processor.py:830} INFO - Processing file /home/airflow/.local/lib/python3.12/site-packages/airflow/example_dags/example_complex.py for tasks to queue
[2024-07-05T21:23:41.668+0000] {logging_mixin.py:188} INFO - [2024-07-05T21:23:41.667+0000] {dagbag.py:545} INFO - Filling up the DagBag from /home/airflow/.local/lib/python3.12/site-packages/airflow/example_dags/example_complex.py
[2024-07-05T21:23:41.685+0000] {processor.py:840} INFO - DAG(s) 'example_complex' retrieved from /home/airflow/.local/lib/python3.12/site-packages/airflow/example_dags/example_complex.py
[2024-07-05T21:23:41.740+0000] {logging_mixin.py:188} INFO - [2024-07-05T21:23:41.740+0000] {dag.py:3096} INFO - Sync 1 DAGs
[2024-07-05T21:23:41.762+0000] {logging_mixin.py:188} INFO - [2024-07-05T21:23:41.761+0000] {dag.py:3954} INFO - Setting next_dagrun for example_complex to None, run_after=None
[2024-07-05T21:23:41.804+0000] {processor.py:183} INFO - Processing /home/airflow/.local/lib/python3.12/site-packages/airflow/example_dags/example_complex.py took 0.152 seconds
[2024-07-05T21:24:12.221+0000] {processor.py:161} INFO - Started process (PID=2545) to work on /home/airflow/.local/lib/python3.12/site-packages/airflow/example_dags/example_complex.py
[2024-07-05T21:24:12.223+0000] {processor.py:830} INFO - Processing file /home/airflow/.local/lib/python3.12/site-packages/airflow/example_dags/example_complex.py for tasks to queue
[2024-07-05T21:24:12.226+0000] {logging_mixin.py:188} INFO - [2024-07-05T21:24:12.226+0000] {dagbag.py:545} INFO - Filling up the DagBag from /home/airflow/.local/lib/python3.12/site-packages/airflow/example_dags/example_complex.py
[2024-07-05T21:24:12.248+0000] {processor.py:840} INFO - DAG(s) 'example_complex' retrieved from /home/airflow/.local/lib/python3.12/site-packages/airflow/example_dags/example_complex.py
[2024-07-05T21:24:12.305+0000] {logging_mixin.py:188} INFO - [2024-07-05T21:24:12.304+0000] {dag.py:3096} INFO - Sync 1 DAGs
[2024-07-05T21:24:12.328+0000] {logging_mixin.py:188} INFO - [2024-07-05T21:24:12.328+0000] {dag.py:3954} INFO - Setting next_dagrun for example_complex to None, run_after=None
[2024-07-05T21:24:12.373+0000] {processor.py:183} INFO - Processing /home/airflow/.local/lib/python3.12/site-packages/airflow/example_dags/example_complex.py took 0.161 seconds
[2024-07-05T21:24:42.812+0000] {processor.py:161} INFO - Started process (PID=2603) to work on /home/airflow/.local/lib/python3.12/site-packages/airflow/example_dags/example_complex.py
[2024-07-05T21:24:42.817+0000] {processor.py:830} INFO - Processing file /home/airflow/.local/lib/python3.12/site-packages/airflow/example_dags/example_complex.py for tasks to queue
[2024-07-05T21:24:42.821+0000] {logging_mixin.py:188} INFO - [2024-07-05T21:24:42.820+0000] {dagbag.py:545} INFO - Filling up the DagBag from /home/airflow/.local/lib/python3.12/site-packages/airflow/example_dags/example_complex.py
[2024-07-05T21:24:42.850+0000] {processor.py:840} INFO - DAG(s) 'example_complex' retrieved from /home/airflow/.local/lib/python3.12/site-packages/airflow/example_dags/example_complex.py
[2024-07-05T21:24:42.941+0000] {logging_mixin.py:188} INFO - [2024-07-05T21:24:42.941+0000] {dag.py:3096} INFO - Sync 1 DAGs
[2024-07-05T21:24:42.985+0000] {logging_mixin.py:188} INFO - [2024-07-05T21:24:42.984+0000] {dag.py:3954} INFO - Setting next_dagrun for example_complex to None, run_after=None
[2024-07-05T21:24:43.044+0000] {processor.py:183} INFO - Processing /home/airflow/.local/lib/python3.12/site-packages/airflow/example_dags/example_complex.py took 0.247 seconds
[2024-07-05T21:25:13.529+0000] {processor.py:161} INFO - Started process (PID=2662) to work on /home/airflow/.local/lib/python3.12/site-packages/airflow/example_dags/example_complex.py
[2024-07-05T21:25:13.534+0000] {processor.py:830} INFO - Processing file /home/airflow/.local/lib/python3.12/site-packages/airflow/example_dags/example_complex.py for tasks to queue
[2024-07-05T21:25:13.537+0000] {logging_mixin.py:188} INFO - [2024-07-05T21:25:13.536+0000] {dagbag.py:545} INFO - Filling up the DagBag from /home/airflow/.local/lib/python3.12/site-packages/airflow/example_dags/example_complex.py
[2024-07-05T21:25:13.557+0000] {processor.py:840} INFO - DAG(s) 'example_complex' retrieved from /home/airflow/.local/lib/python3.12/site-packages/airflow/example_dags/example_complex.py
[2024-07-05T21:25:13.614+0000] {logging_mixin.py:188} INFO - [2024-07-05T21:25:13.614+0000] {dag.py:3096} INFO - Sync 1 DAGs
[2024-07-05T21:25:13.638+0000] {logging_mixin.py:188} INFO - [2024-07-05T21:25:13.638+0000] {dag.py:3954} INFO - Setting next_dagrun for example_complex to None, run_after=None
[2024-07-05T21:25:13.684+0000] {processor.py:183} INFO - Processing /home/airflow/.local/lib/python3.12/site-packages/airflow/example_dags/example_complex.py took 0.164 seconds
[2024-07-05T21:25:44.450+0000] {processor.py:161} INFO - Started process (PID=2721) to work on /home/airflow/.local/lib/python3.12/site-packages/airflow/example_dags/example_complex.py
[2024-07-05T21:25:44.451+0000] {processor.py:830} INFO - Processing file /home/airflow/.local/lib/python3.12/site-packages/airflow/example_dags/example_complex.py for tasks to queue
[2024-07-05T21:25:44.455+0000] {logging_mixin.py:188} INFO - [2024-07-05T21:25:44.454+0000] {dagbag.py:545} INFO - Filling up the DagBag from /home/airflow/.local/lib/python3.12/site-packages/airflow/example_dags/example_complex.py
[2024-07-05T21:25:44.472+0000] {processor.py:840} INFO - DAG(s) 'example_complex' retrieved from /home/airflow/.local/lib/python3.12/site-packages/airflow/example_dags/example_complex.py
[2024-07-05T21:25:44.525+0000] {logging_mixin.py:188} INFO - [2024-07-05T21:25:44.525+0000] {dag.py:3096} INFO - Sync 1 DAGs
[2024-07-05T21:25:44.546+0000] {logging_mixin.py:188} INFO - [2024-07-05T21:25:44.546+0000] {dag.py:3954} INFO - Setting next_dagrun for example_complex to None, run_after=None
[2024-07-05T21:25:44.586+0000] {processor.py:183} INFO - Processing /home/airflow/.local/lib/python3.12/site-packages/airflow/example_dags/example_complex.py took 0.144 seconds
[2024-07-05T21:26:14.775+0000] {processor.py:161} INFO - Started process (PID=2780) to work on /home/airflow/.local/lib/python3.12/site-packages/airflow/example_dags/example_complex.py
[2024-07-05T21:26:14.777+0000] {processor.py:830} INFO - Processing file /home/airflow/.local/lib/python3.12/site-packages/airflow/example_dags/example_complex.py for tasks to queue
[2024-07-05T21:26:14.782+0000] {logging_mixin.py:188} INFO - [2024-07-05T21:26:14.781+0000] {dagbag.py:545} INFO - Filling up the DagBag from /home/airflow/.local/lib/python3.12/site-packages/airflow/example_dags/example_complex.py
[2024-07-05T21:26:14.803+0000] {processor.py:840} INFO - DAG(s) 'example_complex' retrieved from /home/airflow/.local/lib/python3.12/site-packages/airflow/example_dags/example_complex.py
[2024-07-05T21:26:14.859+0000] {logging_mixin.py:188} INFO - [2024-07-05T21:26:14.858+0000] {dag.py:3096} INFO - Sync 1 DAGs
[2024-07-05T21:26:14.882+0000] {logging_mixin.py:188} INFO - [2024-07-05T21:26:14.881+0000] {dag.py:3954} INFO - Setting next_dagrun for example_complex to None, run_after=None
[2024-07-05T21:26:14.921+0000] {processor.py:183} INFO - Processing /home/airflow/.local/lib/python3.12/site-packages/airflow/example_dags/example_complex.py took 0.156 seconds
[2024-07-05T21:26:44.974+0000] {processor.py:161} INFO - Started process (PID=2839) to work on /home/airflow/.local/lib/python3.12/site-packages/airflow/example_dags/example_complex.py
[2024-07-05T21:26:44.976+0000] {processor.py:830} INFO - Processing file /home/airflow/.local/lib/python3.12/site-packages/airflow/example_dags/example_complex.py for tasks to queue
[2024-07-05T21:26:44.979+0000] {logging_mixin.py:188} INFO - [2024-07-05T21:26:44.979+0000] {dagbag.py:545} INFO - Filling up the DagBag from /home/airflow/.local/lib/python3.12/site-packages/airflow/example_dags/example_complex.py
[2024-07-05T21:26:44.996+0000] {processor.py:840} INFO - DAG(s) 'example_complex' retrieved from /home/airflow/.local/lib/python3.12/site-packages/airflow/example_dags/example_complex.py
[2024-07-05T21:26:45.050+0000] {logging_mixin.py:188} INFO - [2024-07-05T21:26:45.050+0000] {dag.py:3096} INFO - Sync 1 DAGs
[2024-07-05T21:26:45.073+0000] {logging_mixin.py:188} INFO - [2024-07-05T21:26:45.073+0000] {dag.py:3954} INFO - Setting next_dagrun for example_complex to None, run_after=None
[2024-07-05T21:26:45.126+0000] {processor.py:183} INFO - Processing /home/airflow/.local/lib/python3.12/site-packages/airflow/example_dags/example_complex.py took 0.162 seconds
