[2024-07-05T21:02:01.878+0000] {processor.py:161} INFO - Started process (PID=69) to work on /home/airflow/.local/lib/python3.12/site-packages/airflow/example_dags/example_task_group.py
[2024-07-05T21:02:01.881+0000] {processor.py:830} INFO - Processing file /home/airflow/.local/lib/python3.12/site-packages/airflow/example_dags/example_task_group.py for tasks to queue
[2024-07-05T21:02:01.950+0000] {logging_mixin.py:188} INFO - [2024-07-05T21:02:01.950+0000] {dagbag.py:545} INFO - Filling up the DagBag from /home/airflow/.local/lib/python3.12/site-packages/airflow/example_dags/example_task_group.py
[2024-07-05T21:02:02.056+0000] {processor.py:840} INFO - DAG(s) 'example_task_group' retrieved from /home/airflow/.local/lib/python3.12/site-packages/airflow/example_dags/example_task_group.py
[2024-07-05T21:02:02.688+0000] {logging_mixin.py:188} INFO - [2024-07-05T21:02:02.688+0000] {dag.py:3096} INFO - Sync 1 DAGs
[2024-07-05T21:02:02.815+0000] {logging_mixin.py:188} INFO - [2024-07-05T21:02:02.814+0000] {dag.py:3954} INFO - Setting next_dagrun for example_task_group to 2024-07-04 00:00:00+00:00, run_after=2024-07-05 00:00:00+00:00
[2024-07-05T21:02:02.956+0000] {processor.py:183} INFO - Processing /home/airflow/.local/lib/python3.12/site-packages/airflow/example_dags/example_task_group.py took 1.090 seconds
[2024-07-05T21:02:33.254+0000] {processor.py:161} INFO - Started process (PID=126) to work on /home/airflow/.local/lib/python3.12/site-packages/airflow/example_dags/example_task_group.py
[2024-07-05T21:02:33.257+0000] {processor.py:830} INFO - Processing file /home/airflow/.local/lib/python3.12/site-packages/airflow/example_dags/example_task_group.py for tasks to queue
[2024-07-05T21:02:33.260+0000] {logging_mixin.py:188} INFO - [2024-07-05T21:02:33.259+0000] {dagbag.py:545} INFO - Filling up the DagBag from /home/airflow/.local/lib/python3.12/site-packages/airflow/example_dags/example_task_group.py
[2024-07-05T21:02:33.271+0000] {processor.py:840} INFO - DAG(s) 'example_task_group' retrieved from /home/airflow/.local/lib/python3.12/site-packages/airflow/example_dags/example_task_group.py
[2024-07-05T21:02:33.312+0000] {logging_mixin.py:188} INFO - [2024-07-05T21:02:33.311+0000] {dag.py:3096} INFO - Sync 1 DAGs
[2024-07-05T21:02:33.368+0000] {logging_mixin.py:188} INFO - [2024-07-05T21:02:33.368+0000] {dag.py:3954} INFO - Setting next_dagrun for example_task_group to 2024-07-04 00:00:00+00:00, run_after=2024-07-05 00:00:00+00:00
[2024-07-05T21:02:33.422+0000] {processor.py:183} INFO - Processing /home/airflow/.local/lib/python3.12/site-packages/airflow/example_dags/example_task_group.py took 0.178 seconds
[2024-07-05T21:03:04.321+0000] {processor.py:161} INFO - Started process (PID=184) to work on /home/airflow/.local/lib/python3.12/site-packages/airflow/example_dags/example_task_group.py
[2024-07-05T21:03:04.334+0000] {processor.py:830} INFO - Processing file /home/airflow/.local/lib/python3.12/site-packages/airflow/example_dags/example_task_group.py for tasks to queue
[2024-07-05T21:03:04.338+0000] {logging_mixin.py:188} INFO - [2024-07-05T21:03:04.338+0000] {dagbag.py:545} INFO - Filling up the DagBag from /home/airflow/.local/lib/python3.12/site-packages/airflow/example_dags/example_task_group.py
[2024-07-05T21:03:04.395+0000] {processor.py:840} INFO - DAG(s) 'example_task_group' retrieved from /home/airflow/.local/lib/python3.12/site-packages/airflow/example_dags/example_task_group.py
[2024-07-05T21:03:04.727+0000] {logging_mixin.py:188} INFO - [2024-07-05T21:03:04.726+0000] {dag.py:3096} INFO - Sync 1 DAGs
[2024-07-05T21:03:04.978+0000] {logging_mixin.py:188} INFO - [2024-07-05T21:03:04.978+0000] {dag.py:3954} INFO - Setting next_dagrun for example_task_group to 2024-07-04 00:00:00+00:00, run_after=2024-07-05 00:00:00+00:00
[2024-07-05T21:03:05.173+0000] {processor.py:183} INFO - Processing /home/airflow/.local/lib/python3.12/site-packages/airflow/example_dags/example_task_group.py took 0.919 seconds
[2024-07-05T21:03:35.417+0000] {processor.py:161} INFO - Started process (PID=241) to work on /home/airflow/.local/lib/python3.12/site-packages/airflow/example_dags/example_task_group.py
[2024-07-05T21:03:35.420+0000] {processor.py:830} INFO - Processing file /home/airflow/.local/lib/python3.12/site-packages/airflow/example_dags/example_task_group.py for tasks to queue
[2024-07-05T21:03:35.424+0000] {logging_mixin.py:188} INFO - [2024-07-05T21:03:35.422+0000] {dagbag.py:545} INFO - Filling up the DagBag from /home/airflow/.local/lib/python3.12/site-packages/airflow/example_dags/example_task_group.py
[2024-07-05T21:03:35.436+0000] {processor.py:840} INFO - DAG(s) 'example_task_group' retrieved from /home/airflow/.local/lib/python3.12/site-packages/airflow/example_dags/example_task_group.py
[2024-07-05T21:03:35.475+0000] {logging_mixin.py:188} INFO - [2024-07-05T21:03:35.475+0000] {dag.py:3096} INFO - Sync 1 DAGs
[2024-07-05T21:03:35.541+0000] {logging_mixin.py:188} INFO - [2024-07-05T21:03:35.541+0000] {dag.py:3954} INFO - Setting next_dagrun for example_task_group to 2024-07-04 00:00:00+00:00, run_after=2024-07-05 00:00:00+00:00
[2024-07-05T21:03:35.581+0000] {processor.py:183} INFO - Processing /home/airflow/.local/lib/python3.12/site-packages/airflow/example_dags/example_task_group.py took 0.173 seconds
[2024-07-05T21:04:26.505+0000] {processor.py:161} INFO - Started process (PID=305) to work on /home/airflow/.local/lib/python3.12/site-packages/airflow/example_dags/example_task_group.py
[2024-07-05T21:04:26.514+0000] {processor.py:830} INFO - Processing file /home/airflow/.local/lib/python3.12/site-packages/airflow/example_dags/example_task_group.py for tasks to queue
[2024-07-05T21:04:26.532+0000] {logging_mixin.py:188} INFO - [2024-07-05T21:04:26.531+0000] {dagbag.py:545} INFO - Filling up the DagBag from /home/airflow/.local/lib/python3.12/site-packages/airflow/example_dags/example_task_group.py
[2024-07-05T21:04:26.560+0000] {processor.py:840} INFO - DAG(s) 'example_task_group' retrieved from /home/airflow/.local/lib/python3.12/site-packages/airflow/example_dags/example_task_group.py
[2024-07-05T21:04:26.763+0000] {logging_mixin.py:188} INFO - [2024-07-05T21:04:26.762+0000] {dag.py:3096} INFO - Sync 1 DAGs
[2024-07-05T21:04:27.053+0000] {logging_mixin.py:188} INFO - [2024-07-05T21:04:27.052+0000] {dag.py:3954} INFO - Setting next_dagrun for example_task_group to 2024-07-04 00:00:00+00:00, run_after=2024-07-05 00:00:00+00:00
[2024-07-05T21:04:27.375+0000] {processor.py:183} INFO - Processing /home/airflow/.local/lib/python3.12/site-packages/airflow/example_dags/example_task_group.py took 0.892 seconds
[2024-07-05T21:04:58.268+0000] {processor.py:161} INFO - Started process (PID=363) to work on /home/airflow/.local/lib/python3.12/site-packages/airflow/example_dags/example_task_group.py
[2024-07-05T21:04:58.270+0000] {processor.py:830} INFO - Processing file /home/airflow/.local/lib/python3.12/site-packages/airflow/example_dags/example_task_group.py for tasks to queue
[2024-07-05T21:04:58.273+0000] {logging_mixin.py:188} INFO - [2024-07-05T21:04:58.272+0000] {dagbag.py:545} INFO - Filling up the DagBag from /home/airflow/.local/lib/python3.12/site-packages/airflow/example_dags/example_task_group.py
[2024-07-05T21:04:58.285+0000] {processor.py:840} INFO - DAG(s) 'example_task_group' retrieved from /home/airflow/.local/lib/python3.12/site-packages/airflow/example_dags/example_task_group.py
[2024-07-05T21:04:58.326+0000] {logging_mixin.py:188} INFO - [2024-07-05T21:04:58.326+0000] {dag.py:3096} INFO - Sync 1 DAGs
[2024-07-05T21:04:58.367+0000] {logging_mixin.py:188} INFO - [2024-07-05T21:04:58.367+0000] {dag.py:3954} INFO - Setting next_dagrun for example_task_group to 2024-07-04 00:00:00+00:00, run_after=2024-07-05 00:00:00+00:00
[2024-07-05T21:04:58.400+0000] {processor.py:183} INFO - Processing /home/airflow/.local/lib/python3.12/site-packages/airflow/example_dags/example_task_group.py took 0.141 seconds
[2024-07-05T21:05:28.979+0000] {processor.py:161} INFO - Started process (PID=421) to work on /home/airflow/.local/lib/python3.12/site-packages/airflow/example_dags/example_task_group.py
[2024-07-05T21:05:28.982+0000] {processor.py:830} INFO - Processing file /home/airflow/.local/lib/python3.12/site-packages/airflow/example_dags/example_task_group.py for tasks to queue
[2024-07-05T21:05:28.989+0000] {logging_mixin.py:188} INFO - [2024-07-05T21:05:28.988+0000] {dagbag.py:545} INFO - Filling up the DagBag from /home/airflow/.local/lib/python3.12/site-packages/airflow/example_dags/example_task_group.py
[2024-07-05T21:05:29.007+0000] {processor.py:840} INFO - DAG(s) 'example_task_group' retrieved from /home/airflow/.local/lib/python3.12/site-packages/airflow/example_dags/example_task_group.py
[2024-07-05T21:05:29.058+0000] {logging_mixin.py:188} INFO - [2024-07-05T21:05:29.058+0000] {dag.py:3096} INFO - Sync 1 DAGs
[2024-07-05T21:05:29.107+0000] {logging_mixin.py:188} INFO - [2024-07-05T21:05:29.106+0000] {dag.py:3954} INFO - Setting next_dagrun for example_task_group to 2024-07-04 00:00:00+00:00, run_after=2024-07-05 00:00:00+00:00
[2024-07-05T21:05:29.157+0000] {processor.py:183} INFO - Processing /home/airflow/.local/lib/python3.12/site-packages/airflow/example_dags/example_task_group.py took 0.193 seconds
[2024-07-05T21:05:59.542+0000] {processor.py:161} INFO - Started process (PID=479) to work on /home/airflow/.local/lib/python3.12/site-packages/airflow/example_dags/example_task_group.py
[2024-07-05T21:05:59.545+0000] {processor.py:830} INFO - Processing file /home/airflow/.local/lib/python3.12/site-packages/airflow/example_dags/example_task_group.py for tasks to queue
[2024-07-05T21:05:59.554+0000] {logging_mixin.py:188} INFO - [2024-07-05T21:05:59.553+0000] {dagbag.py:545} INFO - Filling up the DagBag from /home/airflow/.local/lib/python3.12/site-packages/airflow/example_dags/example_task_group.py
[2024-07-05T21:05:59.581+0000] {processor.py:840} INFO - DAG(s) 'example_task_group' retrieved from /home/airflow/.local/lib/python3.12/site-packages/airflow/example_dags/example_task_group.py
[2024-07-05T21:05:59.629+0000] {logging_mixin.py:188} INFO - [2024-07-05T21:05:59.628+0000] {dag.py:3096} INFO - Sync 1 DAGs
[2024-07-05T21:05:59.676+0000] {logging_mixin.py:188} INFO - [2024-07-05T21:05:59.676+0000] {dag.py:3954} INFO - Setting next_dagrun for example_task_group to 2024-07-04 00:00:00+00:00, run_after=2024-07-05 00:00:00+00:00
[2024-07-05T21:05:59.741+0000] {processor.py:183} INFO - Processing /home/airflow/.local/lib/python3.12/site-packages/airflow/example_dags/example_task_group.py took 0.236 seconds
[2024-07-05T21:06:30.555+0000] {processor.py:161} INFO - Started process (PID=537) to work on /home/airflow/.local/lib/python3.12/site-packages/airflow/example_dags/example_task_group.py
[2024-07-05T21:06:30.557+0000] {processor.py:830} INFO - Processing file /home/airflow/.local/lib/python3.12/site-packages/airflow/example_dags/example_task_group.py for tasks to queue
[2024-07-05T21:06:30.562+0000] {logging_mixin.py:188} INFO - [2024-07-05T21:06:30.561+0000] {dagbag.py:545} INFO - Filling up the DagBag from /home/airflow/.local/lib/python3.12/site-packages/airflow/example_dags/example_task_group.py
[2024-07-05T21:06:30.591+0000] {processor.py:840} INFO - DAG(s) 'example_task_group' retrieved from /home/airflow/.local/lib/python3.12/site-packages/airflow/example_dags/example_task_group.py
[2024-07-05T21:06:30.672+0000] {logging_mixin.py:188} INFO - [2024-07-05T21:06:30.671+0000] {dag.py:3096} INFO - Sync 1 DAGs
[2024-07-05T21:06:30.744+0000] {logging_mixin.py:188} INFO - [2024-07-05T21:06:30.743+0000] {dag.py:3954} INFO - Setting next_dagrun for example_task_group to 2024-07-04 00:00:00+00:00, run_after=2024-07-05 00:00:00+00:00
[2024-07-05T21:06:30.809+0000] {processor.py:183} INFO - Processing /home/airflow/.local/lib/python3.12/site-packages/airflow/example_dags/example_task_group.py took 0.277 seconds
[2024-07-05T21:07:00.907+0000] {processor.py:161} INFO - Started process (PID=595) to work on /home/airflow/.local/lib/python3.12/site-packages/airflow/example_dags/example_task_group.py
[2024-07-05T21:07:00.909+0000] {processor.py:830} INFO - Processing file /home/airflow/.local/lib/python3.12/site-packages/airflow/example_dags/example_task_group.py for tasks to queue
[2024-07-05T21:07:00.913+0000] {logging_mixin.py:188} INFO - [2024-07-05T21:07:00.912+0000] {dagbag.py:545} INFO - Filling up the DagBag from /home/airflow/.local/lib/python3.12/site-packages/airflow/example_dags/example_task_group.py
[2024-07-05T21:07:00.925+0000] {processor.py:840} INFO - DAG(s) 'example_task_group' retrieved from /home/airflow/.local/lib/python3.12/site-packages/airflow/example_dags/example_task_group.py
[2024-07-05T21:07:00.963+0000] {logging_mixin.py:188} INFO - [2024-07-05T21:07:00.963+0000] {dag.py:3096} INFO - Sync 1 DAGs
[2024-07-05T21:07:00.999+0000] {logging_mixin.py:188} INFO - [2024-07-05T21:07:00.998+0000] {dag.py:3954} INFO - Setting next_dagrun for example_task_group to 2024-07-04 00:00:00+00:00, run_after=2024-07-05 00:00:00+00:00
[2024-07-05T21:07:01.035+0000] {processor.py:183} INFO - Processing /home/airflow/.local/lib/python3.12/site-packages/airflow/example_dags/example_task_group.py took 0.138 seconds
[2024-07-05T21:07:31.131+0000] {processor.py:161} INFO - Started process (PID=653) to work on /home/airflow/.local/lib/python3.12/site-packages/airflow/example_dags/example_task_group.py
[2024-07-05T21:07:31.133+0000] {processor.py:830} INFO - Processing file /home/airflow/.local/lib/python3.12/site-packages/airflow/example_dags/example_task_group.py for tasks to queue
[2024-07-05T21:07:31.142+0000] {logging_mixin.py:188} INFO - [2024-07-05T21:07:31.142+0000] {dagbag.py:545} INFO - Filling up the DagBag from /home/airflow/.local/lib/python3.12/site-packages/airflow/example_dags/example_task_group.py
[2024-07-05T21:07:31.158+0000] {processor.py:840} INFO - DAG(s) 'example_task_group' retrieved from /home/airflow/.local/lib/python3.12/site-packages/airflow/example_dags/example_task_group.py
[2024-07-05T21:07:31.225+0000] {logging_mixin.py:188} INFO - [2024-07-05T21:07:31.224+0000] {dag.py:3096} INFO - Sync 1 DAGs
[2024-07-05T21:07:31.293+0000] {logging_mixin.py:188} INFO - [2024-07-05T21:07:31.292+0000] {dag.py:3954} INFO - Setting next_dagrun for example_task_group to 2024-07-04 00:00:00+00:00, run_after=2024-07-05 00:00:00+00:00
[2024-07-05T21:07:31.388+0000] {processor.py:183} INFO - Processing /home/airflow/.local/lib/python3.12/site-packages/airflow/example_dags/example_task_group.py took 0.272 seconds
[2024-07-05T21:08:01.772+0000] {processor.py:161} INFO - Started process (PID=711) to work on /home/airflow/.local/lib/python3.12/site-packages/airflow/example_dags/example_task_group.py
[2024-07-05T21:08:01.773+0000] {processor.py:830} INFO - Processing file /home/airflow/.local/lib/python3.12/site-packages/airflow/example_dags/example_task_group.py for tasks to queue
[2024-07-05T21:08:01.776+0000] {logging_mixin.py:188} INFO - [2024-07-05T21:08:01.776+0000] {dagbag.py:545} INFO - Filling up the DagBag from /home/airflow/.local/lib/python3.12/site-packages/airflow/example_dags/example_task_group.py
[2024-07-05T21:08:01.792+0000] {processor.py:840} INFO - DAG(s) 'example_task_group' retrieved from /home/airflow/.local/lib/python3.12/site-packages/airflow/example_dags/example_task_group.py
[2024-07-05T21:08:01.848+0000] {logging_mixin.py:188} INFO - [2024-07-05T21:08:01.847+0000] {dag.py:3096} INFO - Sync 1 DAGs
[2024-07-05T21:08:01.888+0000] {logging_mixin.py:188} INFO - [2024-07-05T21:08:01.888+0000] {dag.py:3954} INFO - Setting next_dagrun for example_task_group to 2024-07-04 00:00:00+00:00, run_after=2024-07-05 00:00:00+00:00
[2024-07-05T21:08:01.931+0000] {processor.py:183} INFO - Processing /home/airflow/.local/lib/python3.12/site-packages/airflow/example_dags/example_task_group.py took 0.172 seconds
[2024-07-05T21:08:33.730+0000] {processor.py:161} INFO - Started process (PID=770) to work on /home/airflow/.local/lib/python3.12/site-packages/airflow/example_dags/example_task_group.py
[2024-07-05T21:08:33.734+0000] {processor.py:830} INFO - Processing file /home/airflow/.local/lib/python3.12/site-packages/airflow/example_dags/example_task_group.py for tasks to queue
[2024-07-05T21:08:33.740+0000] {logging_mixin.py:188} INFO - [2024-07-05T21:08:33.738+0000] {dagbag.py:545} INFO - Filling up the DagBag from /home/airflow/.local/lib/python3.12/site-packages/airflow/example_dags/example_task_group.py
[2024-07-05T21:08:33.775+0000] {processor.py:840} INFO - DAG(s) 'example_task_group' retrieved from /home/airflow/.local/lib/python3.12/site-packages/airflow/example_dags/example_task_group.py
[2024-07-05T21:08:33.873+0000] {logging_mixin.py:188} INFO - [2024-07-05T21:08:33.873+0000] {dag.py:3096} INFO - Sync 1 DAGs
[2024-07-05T21:08:33.938+0000] {logging_mixin.py:188} INFO - [2024-07-05T21:08:33.938+0000] {dag.py:3954} INFO - Setting next_dagrun for example_task_group to 2024-07-04 00:00:00+00:00, run_after=2024-07-05 00:00:00+00:00
[2024-07-05T21:08:34.033+0000] {processor.py:183} INFO - Processing /home/airflow/.local/lib/python3.12/site-packages/airflow/example_dags/example_task_group.py took 0.359 seconds
[2024-07-05T21:09:06.116+0000] {processor.py:161} INFO - Started process (PID=829) to work on /home/airflow/.local/lib/python3.12/site-packages/airflow/example_dags/example_task_group.py
[2024-07-05T21:09:06.119+0000] {processor.py:830} INFO - Processing file /home/airflow/.local/lib/python3.12/site-packages/airflow/example_dags/example_task_group.py for tasks to queue
[2024-07-05T21:09:06.123+0000] {logging_mixin.py:188} INFO - [2024-07-05T21:09:06.123+0000] {dagbag.py:545} INFO - Filling up the DagBag from /home/airflow/.local/lib/python3.12/site-packages/airflow/example_dags/example_task_group.py
[2024-07-05T21:09:06.154+0000] {processor.py:840} INFO - DAG(s) 'example_task_group' retrieved from /home/airflow/.local/lib/python3.12/site-packages/airflow/example_dags/example_task_group.py
[2024-07-05T21:09:06.211+0000] {logging_mixin.py:188} INFO - [2024-07-05T21:09:06.210+0000] {dag.py:3096} INFO - Sync 1 DAGs
[2024-07-05T21:09:06.251+0000] {logging_mixin.py:188} INFO - [2024-07-05T21:09:06.251+0000] {dag.py:3954} INFO - Setting next_dagrun for example_task_group to 2024-07-04 00:00:00+00:00, run_after=2024-07-05 00:00:00+00:00
[2024-07-05T21:09:06.288+0000] {processor.py:183} INFO - Processing /home/airflow/.local/lib/python3.12/site-packages/airflow/example_dags/example_task_group.py took 0.191 seconds
[2024-07-05T21:09:36.715+0000] {processor.py:161} INFO - Started process (PID=886) to work on /home/airflow/.local/lib/python3.12/site-packages/airflow/example_dags/example_task_group.py
[2024-07-05T21:09:36.717+0000] {processor.py:830} INFO - Processing file /home/airflow/.local/lib/python3.12/site-packages/airflow/example_dags/example_task_group.py for tasks to queue
[2024-07-05T21:09:36.721+0000] {logging_mixin.py:188} INFO - [2024-07-05T21:09:36.720+0000] {dagbag.py:545} INFO - Filling up the DagBag from /home/airflow/.local/lib/python3.12/site-packages/airflow/example_dags/example_task_group.py
[2024-07-05T21:09:36.735+0000] {processor.py:840} INFO - DAG(s) 'example_task_group' retrieved from /home/airflow/.local/lib/python3.12/site-packages/airflow/example_dags/example_task_group.py
[2024-07-05T21:09:36.785+0000] {logging_mixin.py:188} INFO - [2024-07-05T21:09:36.784+0000] {dag.py:3096} INFO - Sync 1 DAGs
[2024-07-05T21:09:36.882+0000] {logging_mixin.py:188} INFO - [2024-07-05T21:09:36.882+0000] {dag.py:3954} INFO - Setting next_dagrun for example_task_group to 2024-07-04 00:00:00+00:00, run_after=2024-07-05 00:00:00+00:00
[2024-07-05T21:09:37.029+0000] {processor.py:183} INFO - Processing /home/airflow/.local/lib/python3.12/site-packages/airflow/example_dags/example_task_group.py took 0.327 seconds
