[2024-07-05T21:01:58.318+0000] {processor.py:161} INFO - Started process (PID=63) to work on /home/airflow/.local/lib/python3.12/site-packages/airflow/example_dags/example_datasets.py
[2024-07-05T21:01:58.320+0000] {processor.py:830} INFO - Processing file /home/airflow/.local/lib/python3.12/site-packages/airflow/example_dags/example_datasets.py for tasks to queue
[2024-07-05T21:01:58.323+0000] {logging_mixin.py:188} INFO - [2024-07-05T21:01:58.323+0000] {dagbag.py:545} INFO - Filling up the DagBag from /home/airflow/.local/lib/python3.12/site-packages/airflow/example_dags/example_datasets.py
[2024-07-05T21:01:58.369+0000] {processor.py:840} INFO - DAG(s) 'dataset_consumes_1', 'consume_1_or_2_with_dataset_expressions', 'dataset_consumes_unknown_never_scheduled', 'dataset_consumes_1_never_scheduled', 'conditional_dataset_and_time_based_timetable', 'consume_1_and_2_with_dataset_expressions', 'dataset_produces_1', 'consume_1_or_both_2_and_3_with_dataset_expressions', 'dataset_produces_2', 'dataset_consumes_1_and_2' retrieved from /home/airflow/.local/lib/python3.12/site-packages/airflow/example_dags/example_datasets.py
[2024-07-05T21:01:59.041+0000] {logging_mixin.py:188} INFO - [2024-07-05T21:01:59.038+0000] {dag.py:3096} INFO - Sync 10 DAGs
[2024-07-05T21:01:59.192+0000] {logging_mixin.py:188} INFO - [2024-07-05T21:01:59.191+0000] {dag.py:3954} INFO - Setting next_dagrun for conditional_dataset_and_time_based_timetable to 2024-07-03 01:00:00+00:00, run_after=2024-07-03 01:00:00+00:00
[2024-07-05T21:01:59.220+0000] {logging_mixin.py:188} INFO - [2024-07-05T21:01:59.220+0000] {dag.py:3954} INFO - Setting next_dagrun for consume_1_and_2_with_dataset_expressions to None, run_after=None
[2024-07-05T21:01:59.230+0000] {logging_mixin.py:188} INFO - [2024-07-05T21:01:59.229+0000] {dag.py:3954} INFO - Setting next_dagrun for consume_1_or_2_with_dataset_expressions to None, run_after=None
[2024-07-05T21:01:59.238+0000] {logging_mixin.py:188} INFO - [2024-07-05T21:01:59.237+0000] {dag.py:3954} INFO - Setting next_dagrun for consume_1_or_both_2_and_3_with_dataset_expressions to None, run_after=None
[2024-07-05T21:01:59.274+0000] {logging_mixin.py:188} INFO - [2024-07-05T21:01:59.272+0000] {dag.py:3954} INFO - Setting next_dagrun for dataset_consumes_1 to None, run_after=None
[2024-07-05T21:01:59.279+0000] {logging_mixin.py:188} INFO - [2024-07-05T21:01:59.279+0000] {dag.py:3954} INFO - Setting next_dagrun for dataset_consumes_1_and_2 to None, run_after=None
[2024-07-05T21:01:59.285+0000] {logging_mixin.py:188} INFO - [2024-07-05T21:01:59.284+0000] {dag.py:3954} INFO - Setting next_dagrun for dataset_consumes_1_never_scheduled to None, run_after=None
[2024-07-05T21:01:59.297+0000] {logging_mixin.py:188} INFO - [2024-07-05T21:01:59.296+0000] {dag.py:3954} INFO - Setting next_dagrun for dataset_consumes_unknown_never_scheduled to None, run_after=None
[2024-07-05T21:01:59.312+0000] {logging_mixin.py:188} INFO - [2024-07-05T21:01:59.312+0000] {dag.py:3954} INFO - Setting next_dagrun for dataset_produces_1 to 2024-07-04 00:00:00+00:00, run_after=2024-07-05 00:00:00+00:00
[2024-07-05T21:01:59.316+0000] {logging_mixin.py:188} INFO - [2024-07-05T21:01:59.315+0000] {dag.py:3954} INFO - Setting next_dagrun for dataset_produces_2 to None, run_after=None
[2024-07-05T21:01:59.436+0000] {processor.py:183} INFO - Processing /home/airflow/.local/lib/python3.12/site-packages/airflow/example_dags/example_datasets.py took 1.133 seconds
[2024-07-05T21:02:30.230+0000] {processor.py:161} INFO - Started process (PID=120) to work on /home/airflow/.local/lib/python3.12/site-packages/airflow/example_dags/example_datasets.py
[2024-07-05T21:02:30.233+0000] {processor.py:830} INFO - Processing file /home/airflow/.local/lib/python3.12/site-packages/airflow/example_dags/example_datasets.py for tasks to queue
[2024-07-05T21:02:30.240+0000] {logging_mixin.py:188} INFO - [2024-07-05T21:02:30.239+0000] {dagbag.py:545} INFO - Filling up the DagBag from /home/airflow/.local/lib/python3.12/site-packages/airflow/example_dags/example_datasets.py
[2024-07-05T21:02:30.308+0000] {processor.py:840} INFO - DAG(s) 'dataset_produces_2', 'dataset_consumes_1', 'consume_1_or_both_2_and_3_with_dataset_expressions', 'dataset_consumes_1_never_scheduled', 'dataset_consumes_unknown_never_scheduled', 'dataset_produces_1', 'consume_1_and_2_with_dataset_expressions', 'conditional_dataset_and_time_based_timetable', 'consume_1_or_2_with_dataset_expressions', 'dataset_consumes_1_and_2' retrieved from /home/airflow/.local/lib/python3.12/site-packages/airflow/example_dags/example_datasets.py
[2024-07-05T21:02:30.490+0000] {logging_mixin.py:188} INFO - [2024-07-05T21:02:30.490+0000] {dag.py:3096} INFO - Sync 10 DAGs
[2024-07-05T21:02:30.588+0000] {logging_mixin.py:188} INFO - [2024-07-05T21:02:30.587+0000] {dag.py:3954} INFO - Setting next_dagrun for conditional_dataset_and_time_based_timetable to 2024-07-03 01:00:00+00:00, run_after=2024-07-03 01:00:00+00:00
[2024-07-05T21:02:30.596+0000] {logging_mixin.py:188} INFO - [2024-07-05T21:02:30.595+0000] {dag.py:3954} INFO - Setting next_dagrun for consume_1_and_2_with_dataset_expressions to None, run_after=None
[2024-07-05T21:02:30.599+0000] {logging_mixin.py:188} INFO - [2024-07-05T21:02:30.598+0000] {dag.py:3954} INFO - Setting next_dagrun for consume_1_or_2_with_dataset_expressions to None, run_after=None
[2024-07-05T21:02:30.602+0000] {logging_mixin.py:188} INFO - [2024-07-05T21:02:30.602+0000] {dag.py:3954} INFO - Setting next_dagrun for consume_1_or_both_2_and_3_with_dataset_expressions to None, run_after=None
[2024-07-05T21:02:30.605+0000] {logging_mixin.py:188} INFO - [2024-07-05T21:02:30.604+0000] {dag.py:3954} INFO - Setting next_dagrun for dataset_consumes_1 to None, run_after=None
[2024-07-05T21:02:30.608+0000] {logging_mixin.py:188} INFO - [2024-07-05T21:02:30.608+0000] {dag.py:3954} INFO - Setting next_dagrun for dataset_consumes_1_and_2 to None, run_after=None
[2024-07-05T21:02:30.611+0000] {logging_mixin.py:188} INFO - [2024-07-05T21:02:30.610+0000] {dag.py:3954} INFO - Setting next_dagrun for dataset_consumes_1_never_scheduled to None, run_after=None
[2024-07-05T21:02:30.614+0000] {logging_mixin.py:188} INFO - [2024-07-05T21:02:30.614+0000] {dag.py:3954} INFO - Setting next_dagrun for dataset_consumes_unknown_never_scheduled to None, run_after=None
[2024-07-05T21:02:30.620+0000] {logging_mixin.py:188} INFO - [2024-07-05T21:02:30.619+0000] {dag.py:3954} INFO - Setting next_dagrun for dataset_produces_1 to 2024-07-04 00:00:00+00:00, run_after=2024-07-05 00:00:00+00:00
[2024-07-05T21:02:30.623+0000] {logging_mixin.py:188} INFO - [2024-07-05T21:02:30.622+0000] {dag.py:3954} INFO - Setting next_dagrun for dataset_produces_2 to None, run_after=None
[2024-07-05T21:02:30.698+0000] {processor.py:183} INFO - Processing /home/airflow/.local/lib/python3.12/site-packages/airflow/example_dags/example_datasets.py took 0.479 seconds
[2024-07-05T21:03:01.049+0000] {processor.py:161} INFO - Started process (PID=178) to work on /home/airflow/.local/lib/python3.12/site-packages/airflow/example_dags/example_datasets.py
[2024-07-05T21:03:01.083+0000] {processor.py:830} INFO - Processing file /home/airflow/.local/lib/python3.12/site-packages/airflow/example_dags/example_datasets.py for tasks to queue
[2024-07-05T21:03:01.099+0000] {logging_mixin.py:188} INFO - [2024-07-05T21:03:01.097+0000] {dagbag.py:545} INFO - Filling up the DagBag from /home/airflow/.local/lib/python3.12/site-packages/airflow/example_dags/example_datasets.py
[2024-07-05T21:03:01.192+0000] {processor.py:840} INFO - DAG(s) 'dataset_consumes_1_and_2', 'consume_1_or_2_with_dataset_expressions', 'dataset_produces_2', 'consume_1_or_both_2_and_3_with_dataset_expressions', 'dataset_consumes_unknown_never_scheduled', 'consume_1_and_2_with_dataset_expressions', 'conditional_dataset_and_time_based_timetable', 'dataset_produces_1', 'dataset_consumes_1_never_scheduled', 'dataset_consumes_1' retrieved from /home/airflow/.local/lib/python3.12/site-packages/airflow/example_dags/example_datasets.py
[2024-07-05T21:03:01.669+0000] {logging_mixin.py:188} INFO - [2024-07-05T21:03:01.668+0000] {dag.py:3096} INFO - Sync 10 DAGs
[2024-07-05T21:03:01.811+0000] {logging_mixin.py:188} INFO - [2024-07-05T21:03:01.811+0000] {dag.py:3954} INFO - Setting next_dagrun for conditional_dataset_and_time_based_timetable to 2024-07-03 01:00:00+00:00, run_after=2024-07-03 01:00:00+00:00
[2024-07-05T21:03:01.829+0000] {logging_mixin.py:188} INFO - [2024-07-05T21:03:01.829+0000] {dag.py:3954} INFO - Setting next_dagrun for consume_1_and_2_with_dataset_expressions to None, run_after=None
[2024-07-05T21:03:01.836+0000] {logging_mixin.py:188} INFO - [2024-07-05T21:03:01.836+0000] {dag.py:3954} INFO - Setting next_dagrun for consume_1_or_2_with_dataset_expressions to None, run_after=None
[2024-07-05T21:03:01.844+0000] {logging_mixin.py:188} INFO - [2024-07-05T21:03:01.843+0000] {dag.py:3954} INFO - Setting next_dagrun for consume_1_or_both_2_and_3_with_dataset_expressions to None, run_after=None
[2024-07-05T21:03:01.849+0000] {logging_mixin.py:188} INFO - [2024-07-05T21:03:01.848+0000] {dag.py:3954} INFO - Setting next_dagrun for dataset_consumes_1 to None, run_after=None
[2024-07-05T21:03:01.855+0000] {logging_mixin.py:188} INFO - [2024-07-05T21:03:01.855+0000] {dag.py:3954} INFO - Setting next_dagrun for dataset_consumes_1_and_2 to None, run_after=None
[2024-07-05T21:03:01.861+0000] {logging_mixin.py:188} INFO - [2024-07-05T21:03:01.861+0000] {dag.py:3954} INFO - Setting next_dagrun for dataset_consumes_1_never_scheduled to None, run_after=None
[2024-07-05T21:03:01.869+0000] {logging_mixin.py:188} INFO - [2024-07-05T21:03:01.869+0000] {dag.py:3954} INFO - Setting next_dagrun for dataset_consumes_unknown_never_scheduled to None, run_after=None
[2024-07-05T21:03:01.897+0000] {logging_mixin.py:188} INFO - [2024-07-05T21:03:01.895+0000] {dag.py:3954} INFO - Setting next_dagrun for dataset_produces_1 to 2024-07-04 00:00:00+00:00, run_after=2024-07-05 00:00:00+00:00
[2024-07-05T21:03:01.903+0000] {logging_mixin.py:188} INFO - [2024-07-05T21:03:01.900+0000] {dag.py:3954} INFO - Setting next_dagrun for dataset_produces_2 to None, run_after=None
[2024-07-05T21:03:02.142+0000] {processor.py:183} INFO - Processing /home/airflow/.local/lib/python3.12/site-packages/airflow/example_dags/example_datasets.py took 1.138 seconds
[2024-07-05T21:03:32.454+0000] {processor.py:161} INFO - Started process (PID=234) to work on /home/airflow/.local/lib/python3.12/site-packages/airflow/example_dags/example_datasets.py
[2024-07-05T21:03:32.458+0000] {processor.py:830} INFO - Processing file /home/airflow/.local/lib/python3.12/site-packages/airflow/example_dags/example_datasets.py for tasks to queue
[2024-07-05T21:03:32.462+0000] {logging_mixin.py:188} INFO - [2024-07-05T21:03:32.461+0000] {dagbag.py:545} INFO - Filling up the DagBag from /home/airflow/.local/lib/python3.12/site-packages/airflow/example_dags/example_datasets.py
[2024-07-05T21:03:32.485+0000] {processor.py:840} INFO - DAG(s) 'dataset_consumes_unknown_never_scheduled', 'consume_1_or_both_2_and_3_with_dataset_expressions', 'dataset_produces_1', 'conditional_dataset_and_time_based_timetable', 'consume_1_or_2_with_dataset_expressions', 'dataset_consumes_1_never_scheduled', 'dataset_consumes_1_and_2', 'dataset_produces_2', 'consume_1_and_2_with_dataset_expressions', 'dataset_consumes_1' retrieved from /home/airflow/.local/lib/python3.12/site-packages/airflow/example_dags/example_datasets.py
[2024-07-05T21:03:32.565+0000] {logging_mixin.py:188} INFO - [2024-07-05T21:03:32.564+0000] {dag.py:3096} INFO - Sync 10 DAGs
[2024-07-05T21:03:32.606+0000] {logging_mixin.py:188} INFO - [2024-07-05T21:03:32.606+0000] {dag.py:3954} INFO - Setting next_dagrun for conditional_dataset_and_time_based_timetable to 2024-07-03 01:00:00+00:00, run_after=2024-07-03 01:00:00+00:00
[2024-07-05T21:03:32.613+0000] {logging_mixin.py:188} INFO - [2024-07-05T21:03:32.613+0000] {dag.py:3954} INFO - Setting next_dagrun for consume_1_and_2_with_dataset_expressions to None, run_after=None
[2024-07-05T21:03:32.616+0000] {logging_mixin.py:188} INFO - [2024-07-05T21:03:32.616+0000] {dag.py:3954} INFO - Setting next_dagrun for consume_1_or_2_with_dataset_expressions to None, run_after=None
[2024-07-05T21:03:32.619+0000] {logging_mixin.py:188} INFO - [2024-07-05T21:03:32.619+0000] {dag.py:3954} INFO - Setting next_dagrun for consume_1_or_both_2_and_3_with_dataset_expressions to None, run_after=None
[2024-07-05T21:03:32.622+0000] {logging_mixin.py:188} INFO - [2024-07-05T21:03:32.621+0000] {dag.py:3954} INFO - Setting next_dagrun for dataset_consumes_1 to None, run_after=None
[2024-07-05T21:03:32.624+0000] {logging_mixin.py:188} INFO - [2024-07-05T21:03:32.624+0000] {dag.py:3954} INFO - Setting next_dagrun for dataset_consumes_1_and_2 to None, run_after=None
[2024-07-05T21:03:32.627+0000] {logging_mixin.py:188} INFO - [2024-07-05T21:03:32.627+0000] {dag.py:3954} INFO - Setting next_dagrun for dataset_consumes_1_never_scheduled to None, run_after=None
[2024-07-05T21:03:32.630+0000] {logging_mixin.py:188} INFO - [2024-07-05T21:03:32.630+0000] {dag.py:3954} INFO - Setting next_dagrun for dataset_consumes_unknown_never_scheduled to None, run_after=None
[2024-07-05T21:03:32.639+0000] {logging_mixin.py:188} INFO - [2024-07-05T21:03:32.639+0000] {dag.py:3954} INFO - Setting next_dagrun for dataset_produces_1 to 2024-07-04 00:00:00+00:00, run_after=2024-07-05 00:00:00+00:00
[2024-07-05T21:03:32.644+0000] {logging_mixin.py:188} INFO - [2024-07-05T21:03:32.644+0000] {dag.py:3954} INFO - Setting next_dagrun for dataset_produces_2 to None, run_after=None
[2024-07-05T21:03:32.714+0000] {processor.py:183} INFO - Processing /home/airflow/.local/lib/python3.12/site-packages/airflow/example_dags/example_datasets.py took 0.270 seconds
[2024-07-05T21:04:22.749+0000] {processor.py:161} INFO - Started process (PID=299) to work on /home/airflow/.local/lib/python3.12/site-packages/airflow/example_dags/example_datasets.py
[2024-07-05T21:04:22.792+0000] {processor.py:830} INFO - Processing file /home/airflow/.local/lib/python3.12/site-packages/airflow/example_dags/example_datasets.py for tasks to queue
[2024-07-05T21:04:22.872+0000] {logging_mixin.py:188} INFO - [2024-07-05T21:04:22.861+0000] {dagbag.py:545} INFO - Filling up the DagBag from /home/airflow/.local/lib/python3.12/site-packages/airflow/example_dags/example_datasets.py
[2024-07-05T21:04:22.941+0000] {processor.py:840} INFO - DAG(s) 'dataset_produces_2', 'dataset_consumes_1', 'dataset_produces_1', 'consume_1_or_both_2_and_3_with_dataset_expressions', 'dataset_consumes_1_never_scheduled', 'conditional_dataset_and_time_based_timetable', 'dataset_consumes_1_and_2', 'consume_1_and_2_with_dataset_expressions', 'dataset_consumes_unknown_never_scheduled', 'consume_1_or_2_with_dataset_expressions' retrieved from /home/airflow/.local/lib/python3.12/site-packages/airflow/example_dags/example_datasets.py
[2024-07-05T21:04:23.508+0000] {logging_mixin.py:188} INFO - [2024-07-05T21:04:23.490+0000] {dag.py:3096} INFO - Sync 10 DAGs
[2024-07-05T21:04:23.752+0000] {logging_mixin.py:188} INFO - [2024-07-05T21:04:23.751+0000] {dag.py:3954} INFO - Setting next_dagrun for conditional_dataset_and_time_based_timetable to 2024-07-03 01:00:00+00:00, run_after=2024-07-03 01:00:00+00:00
[2024-07-05T21:04:23.793+0000] {logging_mixin.py:188} INFO - [2024-07-05T21:04:23.792+0000] {dag.py:3954} INFO - Setting next_dagrun for consume_1_and_2_with_dataset_expressions to None, run_after=None
[2024-07-05T21:04:23.833+0000] {logging_mixin.py:188} INFO - [2024-07-05T21:04:23.832+0000] {dag.py:3954} INFO - Setting next_dagrun for consume_1_or_2_with_dataset_expressions to None, run_after=None
[2024-07-05T21:04:23.918+0000] {logging_mixin.py:188} INFO - [2024-07-05T21:04:23.917+0000] {dag.py:3954} INFO - Setting next_dagrun for consume_1_or_both_2_and_3_with_dataset_expressions to None, run_after=None
[2024-07-05T21:04:23.944+0000] {logging_mixin.py:188} INFO - [2024-07-05T21:04:23.944+0000] {dag.py:3954} INFO - Setting next_dagrun for dataset_consumes_1 to None, run_after=None
[2024-07-05T21:04:24.002+0000] {logging_mixin.py:188} INFO - [2024-07-05T21:04:24.002+0000] {dag.py:3954} INFO - Setting next_dagrun for dataset_consumes_1_and_2 to None, run_after=None
[2024-07-05T21:04:24.046+0000] {logging_mixin.py:188} INFO - [2024-07-05T21:04:24.045+0000] {dag.py:3954} INFO - Setting next_dagrun for dataset_consumes_1_never_scheduled to None, run_after=None
[2024-07-05T21:04:24.066+0000] {logging_mixin.py:188} INFO - [2024-07-05T21:04:24.065+0000] {dag.py:3954} INFO - Setting next_dagrun for dataset_consumes_unknown_never_scheduled to None, run_after=None
[2024-07-05T21:04:24.104+0000] {logging_mixin.py:188} INFO - [2024-07-05T21:04:24.104+0000] {dag.py:3954} INFO - Setting next_dagrun for dataset_produces_1 to 2024-07-04 00:00:00+00:00, run_after=2024-07-05 00:00:00+00:00
[2024-07-05T21:04:24.134+0000] {logging_mixin.py:188} INFO - [2024-07-05T21:04:24.133+0000] {dag.py:3954} INFO - Setting next_dagrun for dataset_produces_2 to None, run_after=None
[2024-07-05T21:04:24.699+0000] {processor.py:183} INFO - Processing /home/airflow/.local/lib/python3.12/site-packages/airflow/example_dags/example_datasets.py took 1.973 seconds
[2024-07-05T21:04:54.882+0000] {processor.py:161} INFO - Started process (PID=357) to work on /home/airflow/.local/lib/python3.12/site-packages/airflow/example_dags/example_datasets.py
[2024-07-05T21:04:54.884+0000] {processor.py:830} INFO - Processing file /home/airflow/.local/lib/python3.12/site-packages/airflow/example_dags/example_datasets.py for tasks to queue
[2024-07-05T21:04:54.888+0000] {logging_mixin.py:188} INFO - [2024-07-05T21:04:54.887+0000] {dagbag.py:545} INFO - Filling up the DagBag from /home/airflow/.local/lib/python3.12/site-packages/airflow/example_dags/example_datasets.py
[2024-07-05T21:04:54.910+0000] {processor.py:840} INFO - DAG(s) 'dataset_produces_2', 'consume_1_and_2_with_dataset_expressions', 'dataset_produces_1', 'dataset_consumes_1', 'dataset_consumes_1_and_2', 'consume_1_or_both_2_and_3_with_dataset_expressions', 'conditional_dataset_and_time_based_timetable', 'dataset_consumes_unknown_never_scheduled', 'dataset_consumes_1_never_scheduled', 'consume_1_or_2_with_dataset_expressions' retrieved from /home/airflow/.local/lib/python3.12/site-packages/airflow/example_dags/example_datasets.py
[2024-07-05T21:04:54.992+0000] {logging_mixin.py:188} INFO - [2024-07-05T21:04:54.991+0000] {dag.py:3096} INFO - Sync 10 DAGs
[2024-07-05T21:04:55.080+0000] {logging_mixin.py:188} INFO - [2024-07-05T21:04:55.079+0000] {dag.py:3954} INFO - Setting next_dagrun for conditional_dataset_and_time_based_timetable to 2024-07-03 01:00:00+00:00, run_after=2024-07-03 01:00:00+00:00
[2024-07-05T21:04:55.098+0000] {logging_mixin.py:188} INFO - [2024-07-05T21:04:55.098+0000] {dag.py:3954} INFO - Setting next_dagrun for consume_1_and_2_with_dataset_expressions to None, run_after=None
[2024-07-05T21:04:55.103+0000] {logging_mixin.py:188} INFO - [2024-07-05T21:04:55.102+0000] {dag.py:3954} INFO - Setting next_dagrun for consume_1_or_2_with_dataset_expressions to None, run_after=None
[2024-07-05T21:04:55.107+0000] {logging_mixin.py:188} INFO - [2024-07-05T21:04:55.107+0000] {dag.py:3954} INFO - Setting next_dagrun for consume_1_or_both_2_and_3_with_dataset_expressions to None, run_after=None
[2024-07-05T21:04:55.111+0000] {logging_mixin.py:188} INFO - [2024-07-05T21:04:55.111+0000] {dag.py:3954} INFO - Setting next_dagrun for dataset_consumes_1 to None, run_after=None
[2024-07-05T21:04:55.122+0000] {logging_mixin.py:188} INFO - [2024-07-05T21:04:55.121+0000] {dag.py:3954} INFO - Setting next_dagrun for dataset_consumes_1_and_2 to None, run_after=None
[2024-07-05T21:04:55.125+0000] {logging_mixin.py:188} INFO - [2024-07-05T21:04:55.124+0000] {dag.py:3954} INFO - Setting next_dagrun for dataset_consumes_1_never_scheduled to None, run_after=None
[2024-07-05T21:04:55.135+0000] {logging_mixin.py:188} INFO - [2024-07-05T21:04:55.135+0000] {dag.py:3954} INFO - Setting next_dagrun for dataset_consumes_unknown_never_scheduled to None, run_after=None
[2024-07-05T21:04:55.171+0000] {logging_mixin.py:188} INFO - [2024-07-05T21:04:55.170+0000] {dag.py:3954} INFO - Setting next_dagrun for dataset_produces_1 to 2024-07-04 00:00:00+00:00, run_after=2024-07-05 00:00:00+00:00
[2024-07-05T21:04:55.185+0000] {logging_mixin.py:188} INFO - [2024-07-05T21:04:55.182+0000] {dag.py:3954} INFO - Setting next_dagrun for dataset_produces_2 to None, run_after=None
[2024-07-05T21:04:55.400+0000] {processor.py:183} INFO - Processing /home/airflow/.local/lib/python3.12/site-packages/airflow/example_dags/example_datasets.py took 0.527 seconds
[2024-07-05T21:05:26.160+0000] {processor.py:161} INFO - Started process (PID=416) to work on /home/airflow/.local/lib/python3.12/site-packages/airflow/example_dags/example_datasets.py
[2024-07-05T21:05:26.164+0000] {processor.py:830} INFO - Processing file /home/airflow/.local/lib/python3.12/site-packages/airflow/example_dags/example_datasets.py for tasks to queue
[2024-07-05T21:05:26.168+0000] {logging_mixin.py:188} INFO - [2024-07-05T21:05:26.168+0000] {dagbag.py:545} INFO - Filling up the DagBag from /home/airflow/.local/lib/python3.12/site-packages/airflow/example_dags/example_datasets.py
[2024-07-05T21:05:26.223+0000] {processor.py:840} INFO - DAG(s) 'dataset_produces_2', 'conditional_dataset_and_time_based_timetable', 'dataset_produces_1', 'consume_1_or_2_with_dataset_expressions', 'dataset_consumes_1', 'consume_1_and_2_with_dataset_expressions', 'dataset_consumes_1_and_2', 'dataset_consumes_1_never_scheduled', 'consume_1_or_both_2_and_3_with_dataset_expressions', 'dataset_consumes_unknown_never_scheduled' retrieved from /home/airflow/.local/lib/python3.12/site-packages/airflow/example_dags/example_datasets.py
[2024-07-05T21:05:26.370+0000] {logging_mixin.py:188} INFO - [2024-07-05T21:05:26.369+0000] {dag.py:3096} INFO - Sync 10 DAGs
[2024-07-05T21:05:26.413+0000] {logging_mixin.py:188} INFO - [2024-07-05T21:05:26.412+0000] {dag.py:3954} INFO - Setting next_dagrun for conditional_dataset_and_time_based_timetable to 2024-07-03 01:00:00+00:00, run_after=2024-07-03 01:00:00+00:00
[2024-07-05T21:05:26.421+0000] {logging_mixin.py:188} INFO - [2024-07-05T21:05:26.421+0000] {dag.py:3954} INFO - Setting next_dagrun for consume_1_and_2_with_dataset_expressions to None, run_after=None
[2024-07-05T21:05:26.424+0000] {logging_mixin.py:188} INFO - [2024-07-05T21:05:26.424+0000] {dag.py:3954} INFO - Setting next_dagrun for consume_1_or_2_with_dataset_expressions to None, run_after=None
[2024-07-05T21:05:26.427+0000] {logging_mixin.py:188} INFO - [2024-07-05T21:05:26.426+0000] {dag.py:3954} INFO - Setting next_dagrun for consume_1_or_both_2_and_3_with_dataset_expressions to None, run_after=None
[2024-07-05T21:05:26.429+0000] {logging_mixin.py:188} INFO - [2024-07-05T21:05:26.429+0000] {dag.py:3954} INFO - Setting next_dagrun for dataset_consumes_1 to None, run_after=None
[2024-07-05T21:05:26.432+0000] {logging_mixin.py:188} INFO - [2024-07-05T21:05:26.432+0000] {dag.py:3954} INFO - Setting next_dagrun for dataset_consumes_1_and_2 to None, run_after=None
[2024-07-05T21:05:26.435+0000] {logging_mixin.py:188} INFO - [2024-07-05T21:05:26.435+0000] {dag.py:3954} INFO - Setting next_dagrun for dataset_consumes_1_never_scheduled to None, run_after=None
[2024-07-05T21:05:26.438+0000] {logging_mixin.py:188} INFO - [2024-07-05T21:05:26.438+0000] {dag.py:3954} INFO - Setting next_dagrun for dataset_consumes_unknown_never_scheduled to None, run_after=None
[2024-07-05T21:05:26.443+0000] {logging_mixin.py:188} INFO - [2024-07-05T21:05:26.442+0000] {dag.py:3954} INFO - Setting next_dagrun for dataset_produces_1 to 2024-07-04 00:00:00+00:00, run_after=2024-07-05 00:00:00+00:00
[2024-07-05T21:05:26.446+0000] {logging_mixin.py:188} INFO - [2024-07-05T21:05:26.445+0000] {dag.py:3954} INFO - Setting next_dagrun for dataset_produces_2 to None, run_after=None
[2024-07-05T21:05:26.506+0000] {processor.py:183} INFO - Processing /home/airflow/.local/lib/python3.12/site-packages/airflow/example_dags/example_datasets.py took 0.363 seconds
[2024-07-05T21:05:57.032+0000] {processor.py:161} INFO - Started process (PID=474) to work on /home/airflow/.local/lib/python3.12/site-packages/airflow/example_dags/example_datasets.py
[2024-07-05T21:05:57.035+0000] {processor.py:830} INFO - Processing file /home/airflow/.local/lib/python3.12/site-packages/airflow/example_dags/example_datasets.py for tasks to queue
[2024-07-05T21:05:57.040+0000] {logging_mixin.py:188} INFO - [2024-07-05T21:05:57.039+0000] {dagbag.py:545} INFO - Filling up the DagBag from /home/airflow/.local/lib/python3.12/site-packages/airflow/example_dags/example_datasets.py
[2024-07-05T21:05:57.092+0000] {processor.py:840} INFO - DAG(s) 'consume_1_or_2_with_dataset_expressions', 'dataset_produces_1', 'consume_1_and_2_with_dataset_expressions', 'conditional_dataset_and_time_based_timetable', 'dataset_consumes_1_never_scheduled', 'dataset_consumes_1', 'dataset_consumes_unknown_never_scheduled', 'dataset_produces_2', 'consume_1_or_both_2_and_3_with_dataset_expressions', 'dataset_consumes_1_and_2' retrieved from /home/airflow/.local/lib/python3.12/site-packages/airflow/example_dags/example_datasets.py
[2024-07-05T21:05:57.222+0000] {logging_mixin.py:188} INFO - [2024-07-05T21:05:57.222+0000] {dag.py:3096} INFO - Sync 10 DAGs
[2024-07-05T21:05:57.294+0000] {logging_mixin.py:188} INFO - [2024-07-05T21:05:57.294+0000] {dag.py:3954} INFO - Setting next_dagrun for conditional_dataset_and_time_based_timetable to 2024-07-03 01:00:00+00:00, run_after=2024-07-03 01:00:00+00:00
[2024-07-05T21:05:57.302+0000] {logging_mixin.py:188} INFO - [2024-07-05T21:05:57.302+0000] {dag.py:3954} INFO - Setting next_dagrun for consume_1_and_2_with_dataset_expressions to None, run_after=None
[2024-07-05T21:05:57.307+0000] {logging_mixin.py:188} INFO - [2024-07-05T21:05:57.306+0000] {dag.py:3954} INFO - Setting next_dagrun for consume_1_or_2_with_dataset_expressions to None, run_after=None
[2024-07-05T21:05:57.311+0000] {logging_mixin.py:188} INFO - [2024-07-05T21:05:57.310+0000] {dag.py:3954} INFO - Setting next_dagrun for consume_1_or_both_2_and_3_with_dataset_expressions to None, run_after=None
[2024-07-05T21:05:57.316+0000] {logging_mixin.py:188} INFO - [2024-07-05T21:05:57.315+0000] {dag.py:3954} INFO - Setting next_dagrun for dataset_consumes_1 to None, run_after=None
[2024-07-05T21:05:57.319+0000] {logging_mixin.py:188} INFO - [2024-07-05T21:05:57.319+0000] {dag.py:3954} INFO - Setting next_dagrun for dataset_consumes_1_and_2 to None, run_after=None
[2024-07-05T21:05:57.323+0000] {logging_mixin.py:188} INFO - [2024-07-05T21:05:57.322+0000] {dag.py:3954} INFO - Setting next_dagrun for dataset_consumes_1_never_scheduled to None, run_after=None
[2024-07-05T21:05:57.326+0000] {logging_mixin.py:188} INFO - [2024-07-05T21:05:57.326+0000] {dag.py:3954} INFO - Setting next_dagrun for dataset_consumes_unknown_never_scheduled to None, run_after=None
[2024-07-05T21:05:57.333+0000] {logging_mixin.py:188} INFO - [2024-07-05T21:05:57.332+0000] {dag.py:3954} INFO - Setting next_dagrun for dataset_produces_1 to 2024-07-04 00:00:00+00:00, run_after=2024-07-05 00:00:00+00:00
[2024-07-05T21:05:57.336+0000] {logging_mixin.py:188} INFO - [2024-07-05T21:05:57.336+0000] {dag.py:3954} INFO - Setting next_dagrun for dataset_produces_2 to None, run_after=None
[2024-07-05T21:05:57.466+0000] {processor.py:183} INFO - Processing /home/airflow/.local/lib/python3.12/site-packages/airflow/example_dags/example_datasets.py took 0.447 seconds
[2024-07-05T21:06:27.706+0000] {processor.py:161} INFO - Started process (PID=532) to work on /home/airflow/.local/lib/python3.12/site-packages/airflow/example_dags/example_datasets.py
[2024-07-05T21:06:27.707+0000] {processor.py:830} INFO - Processing file /home/airflow/.local/lib/python3.12/site-packages/airflow/example_dags/example_datasets.py for tasks to queue
[2024-07-05T21:06:27.711+0000] {logging_mixin.py:188} INFO - [2024-07-05T21:06:27.710+0000] {dagbag.py:545} INFO - Filling up the DagBag from /home/airflow/.local/lib/python3.12/site-packages/airflow/example_dags/example_datasets.py
[2024-07-05T21:06:27.737+0000] {processor.py:840} INFO - DAG(s) 'consume_1_and_2_with_dataset_expressions', 'conditional_dataset_and_time_based_timetable', 'consume_1_or_2_with_dataset_expressions', 'dataset_consumes_unknown_never_scheduled', 'dataset_produces_2', 'consume_1_or_both_2_and_3_with_dataset_expressions', 'dataset_produces_1', 'dataset_consumes_1', 'dataset_consumes_1_and_2', 'dataset_consumes_1_never_scheduled' retrieved from /home/airflow/.local/lib/python3.12/site-packages/airflow/example_dags/example_datasets.py
[2024-07-05T21:06:27.908+0000] {logging_mixin.py:188} INFO - [2024-07-05T21:06:27.908+0000] {dag.py:3096} INFO - Sync 10 DAGs
[2024-07-05T21:06:27.972+0000] {logging_mixin.py:188} INFO - [2024-07-05T21:06:27.972+0000] {dag.py:3954} INFO - Setting next_dagrun for conditional_dataset_and_time_based_timetable to 2024-07-03 01:00:00+00:00, run_after=2024-07-03 01:00:00+00:00
[2024-07-05T21:06:27.982+0000] {logging_mixin.py:188} INFO - [2024-07-05T21:06:27.982+0000] {dag.py:3954} INFO - Setting next_dagrun for consume_1_and_2_with_dataset_expressions to None, run_after=None
[2024-07-05T21:06:27.988+0000] {logging_mixin.py:188} INFO - [2024-07-05T21:06:27.987+0000] {dag.py:3954} INFO - Setting next_dagrun for consume_1_or_2_with_dataset_expressions to None, run_after=None
[2024-07-05T21:06:27.992+0000] {logging_mixin.py:188} INFO - [2024-07-05T21:06:27.991+0000] {dag.py:3954} INFO - Setting next_dagrun for consume_1_or_both_2_and_3_with_dataset_expressions to None, run_after=None
[2024-07-05T21:06:27.996+0000] {logging_mixin.py:188} INFO - [2024-07-05T21:06:27.995+0000] {dag.py:3954} INFO - Setting next_dagrun for dataset_consumes_1 to None, run_after=None
[2024-07-05T21:06:28.001+0000] {logging_mixin.py:188} INFO - [2024-07-05T21:06:28.000+0000] {dag.py:3954} INFO - Setting next_dagrun for dataset_consumes_1_and_2 to None, run_after=None
[2024-07-05T21:06:28.004+0000] {logging_mixin.py:188} INFO - [2024-07-05T21:06:28.004+0000] {dag.py:3954} INFO - Setting next_dagrun for dataset_consumes_1_never_scheduled to None, run_after=None
[2024-07-05T21:06:28.007+0000] {logging_mixin.py:188} INFO - [2024-07-05T21:06:28.007+0000] {dag.py:3954} INFO - Setting next_dagrun for dataset_consumes_unknown_never_scheduled to None, run_after=None
[2024-07-05T21:06:28.012+0000] {logging_mixin.py:188} INFO - [2024-07-05T21:06:28.011+0000] {dag.py:3954} INFO - Setting next_dagrun for dataset_produces_1 to 2024-07-04 00:00:00+00:00, run_after=2024-07-05 00:00:00+00:00
[2024-07-05T21:06:28.014+0000] {logging_mixin.py:188} INFO - [2024-07-05T21:06:28.014+0000] {dag.py:3954} INFO - Setting next_dagrun for dataset_produces_2 to None, run_after=None
[2024-07-05T21:06:28.172+0000] {processor.py:183} INFO - Processing /home/airflow/.local/lib/python3.12/site-packages/airflow/example_dags/example_datasets.py took 0.477 seconds
[2024-07-05T21:06:58.274+0000] {processor.py:161} INFO - Started process (PID=591) to work on /home/airflow/.local/lib/python3.12/site-packages/airflow/example_dags/example_datasets.py
[2024-07-05T21:06:58.275+0000] {processor.py:830} INFO - Processing file /home/airflow/.local/lib/python3.12/site-packages/airflow/example_dags/example_datasets.py for tasks to queue
[2024-07-05T21:06:58.278+0000] {logging_mixin.py:188} INFO - [2024-07-05T21:06:58.278+0000] {dagbag.py:545} INFO - Filling up the DagBag from /home/airflow/.local/lib/python3.12/site-packages/airflow/example_dags/example_datasets.py
[2024-07-05T21:06:58.298+0000] {processor.py:840} INFO - DAG(s) 'consume_1_and_2_with_dataset_expressions', 'dataset_consumes_1', 'dataset_produces_2', 'conditional_dataset_and_time_based_timetable', 'dataset_consumes_unknown_never_scheduled', 'dataset_consumes_1_never_scheduled', 'consume_1_or_both_2_and_3_with_dataset_expressions', 'dataset_consumes_1_and_2', 'dataset_produces_1', 'consume_1_or_2_with_dataset_expressions' retrieved from /home/airflow/.local/lib/python3.12/site-packages/airflow/example_dags/example_datasets.py
[2024-07-05T21:06:58.373+0000] {logging_mixin.py:188} INFO - [2024-07-05T21:06:58.373+0000] {dag.py:3096} INFO - Sync 10 DAGs
[2024-07-05T21:06:58.416+0000] {logging_mixin.py:188} INFO - [2024-07-05T21:06:58.415+0000] {dag.py:3954} INFO - Setting next_dagrun for conditional_dataset_and_time_based_timetable to 2024-07-03 01:00:00+00:00, run_after=2024-07-03 01:00:00+00:00
[2024-07-05T21:06:58.423+0000] {logging_mixin.py:188} INFO - [2024-07-05T21:06:58.422+0000] {dag.py:3954} INFO - Setting next_dagrun for consume_1_and_2_with_dataset_expressions to None, run_after=None
[2024-07-05T21:06:58.426+0000] {logging_mixin.py:188} INFO - [2024-07-05T21:06:58.425+0000] {dag.py:3954} INFO - Setting next_dagrun for consume_1_or_2_with_dataset_expressions to None, run_after=None
[2024-07-05T21:06:58.428+0000] {logging_mixin.py:188} INFO - [2024-07-05T21:06:58.428+0000] {dag.py:3954} INFO - Setting next_dagrun for consume_1_or_both_2_and_3_with_dataset_expressions to None, run_after=None
[2024-07-05T21:06:58.431+0000] {logging_mixin.py:188} INFO - [2024-07-05T21:06:58.431+0000] {dag.py:3954} INFO - Setting next_dagrun for dataset_consumes_1 to None, run_after=None
[2024-07-05T21:06:58.434+0000] {logging_mixin.py:188} INFO - [2024-07-05T21:06:58.434+0000] {dag.py:3954} INFO - Setting next_dagrun for dataset_consumes_1_and_2 to None, run_after=None
[2024-07-05T21:06:58.437+0000] {logging_mixin.py:188} INFO - [2024-07-05T21:06:58.437+0000] {dag.py:3954} INFO - Setting next_dagrun for dataset_consumes_1_never_scheduled to None, run_after=None
[2024-07-05T21:06:58.440+0000] {logging_mixin.py:188} INFO - [2024-07-05T21:06:58.440+0000] {dag.py:3954} INFO - Setting next_dagrun for dataset_consumes_unknown_never_scheduled to None, run_after=None
[2024-07-05T21:06:58.444+0000] {logging_mixin.py:188} INFO - [2024-07-05T21:06:58.444+0000] {dag.py:3954} INFO - Setting next_dagrun for dataset_produces_1 to 2024-07-04 00:00:00+00:00, run_after=2024-07-05 00:00:00+00:00
[2024-07-05T21:06:58.447+0000] {logging_mixin.py:188} INFO - [2024-07-05T21:06:58.447+0000] {dag.py:3954} INFO - Setting next_dagrun for dataset_produces_2 to None, run_after=None
[2024-07-05T21:06:58.538+0000] {processor.py:183} INFO - Processing /home/airflow/.local/lib/python3.12/site-packages/airflow/example_dags/example_datasets.py took 0.273 seconds
[2024-07-05T21:07:29.500+0000] {processor.py:161} INFO - Started process (PID=649) to work on /home/airflow/.local/lib/python3.12/site-packages/airflow/example_dags/example_datasets.py
[2024-07-05T21:07:29.502+0000] {processor.py:830} INFO - Processing file /home/airflow/.local/lib/python3.12/site-packages/airflow/example_dags/example_datasets.py for tasks to queue
[2024-07-05T21:07:29.506+0000] {logging_mixin.py:188} INFO - [2024-07-05T21:07:29.505+0000] {dagbag.py:545} INFO - Filling up the DagBag from /home/airflow/.local/lib/python3.12/site-packages/airflow/example_dags/example_datasets.py
[2024-07-05T21:07:29.542+0000] {processor.py:840} INFO - DAG(s) 'dataset_produces_1', 'conditional_dataset_and_time_based_timetable', 'consume_1_and_2_with_dataset_expressions', 'consume_1_or_2_with_dataset_expressions', 'dataset_consumes_1_and_2', 'consume_1_or_both_2_and_3_with_dataset_expressions', 'dataset_consumes_1_never_scheduled', 'dataset_consumes_1', 'dataset_produces_2', 'dataset_consumes_unknown_never_scheduled' retrieved from /home/airflow/.local/lib/python3.12/site-packages/airflow/example_dags/example_datasets.py
[2024-07-05T21:07:29.625+0000] {logging_mixin.py:188} INFO - [2024-07-05T21:07:29.625+0000] {dag.py:3096} INFO - Sync 10 DAGs
[2024-07-05T21:07:29.673+0000] {logging_mixin.py:188} INFO - [2024-07-05T21:07:29.673+0000] {dag.py:3954} INFO - Setting next_dagrun for conditional_dataset_and_time_based_timetable to 2024-07-03 01:00:00+00:00, run_after=2024-07-03 01:00:00+00:00
[2024-07-05T21:07:29.681+0000] {logging_mixin.py:188} INFO - [2024-07-05T21:07:29.680+0000] {dag.py:3954} INFO - Setting next_dagrun for consume_1_and_2_with_dataset_expressions to None, run_after=None
[2024-07-05T21:07:29.684+0000] {logging_mixin.py:188} INFO - [2024-07-05T21:07:29.684+0000] {dag.py:3954} INFO - Setting next_dagrun for consume_1_or_2_with_dataset_expressions to None, run_after=None
[2024-07-05T21:07:29.687+0000] {logging_mixin.py:188} INFO - [2024-07-05T21:07:29.687+0000] {dag.py:3954} INFO - Setting next_dagrun for consume_1_or_both_2_and_3_with_dataset_expressions to None, run_after=None
[2024-07-05T21:07:29.690+0000] {logging_mixin.py:188} INFO - [2024-07-05T21:07:29.690+0000] {dag.py:3954} INFO - Setting next_dagrun for dataset_consumes_1 to None, run_after=None
[2024-07-05T21:07:29.696+0000] {logging_mixin.py:188} INFO - [2024-07-05T21:07:29.696+0000] {dag.py:3954} INFO - Setting next_dagrun for dataset_consumes_1_and_2 to None, run_after=None
[2024-07-05T21:07:29.699+0000] {logging_mixin.py:188} INFO - [2024-07-05T21:07:29.698+0000] {dag.py:3954} INFO - Setting next_dagrun for dataset_consumes_1_never_scheduled to None, run_after=None
[2024-07-05T21:07:29.701+0000] {logging_mixin.py:188} INFO - [2024-07-05T21:07:29.701+0000] {dag.py:3954} INFO - Setting next_dagrun for dataset_consumes_unknown_never_scheduled to None, run_after=None
[2024-07-05T21:07:29.707+0000] {logging_mixin.py:188} INFO - [2024-07-05T21:07:29.706+0000] {dag.py:3954} INFO - Setting next_dagrun for dataset_produces_1 to 2024-07-04 00:00:00+00:00, run_after=2024-07-05 00:00:00+00:00
[2024-07-05T21:07:29.710+0000] {logging_mixin.py:188} INFO - [2024-07-05T21:07:29.709+0000] {dag.py:3954} INFO - Setting next_dagrun for dataset_produces_2 to None, run_after=None
[2024-07-05T21:07:29.781+0000] {processor.py:183} INFO - Processing /home/airflow/.local/lib/python3.12/site-packages/airflow/example_dags/example_datasets.py took 0.300 seconds
[2024-07-05T21:08:00.188+0000] {processor.py:161} INFO - Started process (PID=708) to work on /home/airflow/.local/lib/python3.12/site-packages/airflow/example_dags/example_datasets.py
[2024-07-05T21:08:00.190+0000] {processor.py:830} INFO - Processing file /home/airflow/.local/lib/python3.12/site-packages/airflow/example_dags/example_datasets.py for tasks to queue
[2024-07-05T21:08:00.195+0000] {logging_mixin.py:188} INFO - [2024-07-05T21:08:00.194+0000] {dagbag.py:545} INFO - Filling up the DagBag from /home/airflow/.local/lib/python3.12/site-packages/airflow/example_dags/example_datasets.py
[2024-07-05T21:08:00.228+0000] {processor.py:840} INFO - DAG(s) 'conditional_dataset_and_time_based_timetable', 'dataset_produces_1', 'dataset_produces_2', 'dataset_consumes_1_never_scheduled', 'consume_1_or_2_with_dataset_expressions', 'dataset_consumes_unknown_never_scheduled', 'dataset_consumes_1_and_2', 'consume_1_and_2_with_dataset_expressions', 'consume_1_or_both_2_and_3_with_dataset_expressions', 'dataset_consumes_1' retrieved from /home/airflow/.local/lib/python3.12/site-packages/airflow/example_dags/example_datasets.py
[2024-07-05T21:08:00.423+0000] {logging_mixin.py:188} INFO - [2024-07-05T21:08:00.422+0000] {dag.py:3096} INFO - Sync 10 DAGs
[2024-07-05T21:08:00.489+0000] {logging_mixin.py:188} INFO - [2024-07-05T21:08:00.488+0000] {dag.py:3954} INFO - Setting next_dagrun for conditional_dataset_and_time_based_timetable to 2024-07-03 01:00:00+00:00, run_after=2024-07-03 01:00:00+00:00
[2024-07-05T21:08:00.499+0000] {logging_mixin.py:188} INFO - [2024-07-05T21:08:00.499+0000] {dag.py:3954} INFO - Setting next_dagrun for consume_1_and_2_with_dataset_expressions to None, run_after=None
[2024-07-05T21:08:00.503+0000] {logging_mixin.py:188} INFO - [2024-07-05T21:08:00.502+0000] {dag.py:3954} INFO - Setting next_dagrun for consume_1_or_2_with_dataset_expressions to None, run_after=None
[2024-07-05T21:08:00.506+0000] {logging_mixin.py:188} INFO - [2024-07-05T21:08:00.505+0000] {dag.py:3954} INFO - Setting next_dagrun for consume_1_or_both_2_and_3_with_dataset_expressions to None, run_after=None
[2024-07-05T21:08:00.508+0000] {logging_mixin.py:188} INFO - [2024-07-05T21:08:00.508+0000] {dag.py:3954} INFO - Setting next_dagrun for dataset_consumes_1 to None, run_after=None
[2024-07-05T21:08:00.511+0000] {logging_mixin.py:188} INFO - [2024-07-05T21:08:00.511+0000] {dag.py:3954} INFO - Setting next_dagrun for dataset_consumes_1_and_2 to None, run_after=None
[2024-07-05T21:08:00.514+0000] {logging_mixin.py:188} INFO - [2024-07-05T21:08:00.513+0000] {dag.py:3954} INFO - Setting next_dagrun for dataset_consumes_1_never_scheduled to None, run_after=None
[2024-07-05T21:08:00.516+0000] {logging_mixin.py:188} INFO - [2024-07-05T21:08:00.516+0000] {dag.py:3954} INFO - Setting next_dagrun for dataset_consumes_unknown_never_scheduled to None, run_after=None
[2024-07-05T21:08:00.521+0000] {logging_mixin.py:188} INFO - [2024-07-05T21:08:00.521+0000] {dag.py:3954} INFO - Setting next_dagrun for dataset_produces_1 to 2024-07-04 00:00:00+00:00, run_after=2024-07-05 00:00:00+00:00
[2024-07-05T21:08:00.524+0000] {logging_mixin.py:188} INFO - [2024-07-05T21:08:00.524+0000] {dag.py:3954} INFO - Setting next_dagrun for dataset_produces_2 to None, run_after=None
[2024-07-05T21:08:00.591+0000] {processor.py:183} INFO - Processing /home/airflow/.local/lib/python3.12/site-packages/airflow/example_dags/example_datasets.py took 0.417 seconds
[2024-07-05T21:08:31.880+0000] {processor.py:161} INFO - Started process (PID=767) to work on /home/airflow/.local/lib/python3.12/site-packages/airflow/example_dags/example_datasets.py
[2024-07-05T21:08:31.889+0000] {processor.py:830} INFO - Processing file /home/airflow/.local/lib/python3.12/site-packages/airflow/example_dags/example_datasets.py for tasks to queue
[2024-07-05T21:08:31.916+0000] {logging_mixin.py:188} INFO - [2024-07-05T21:08:31.913+0000] {dagbag.py:545} INFO - Filling up the DagBag from /home/airflow/.local/lib/python3.12/site-packages/airflow/example_dags/example_datasets.py
[2024-07-05T21:08:32.067+0000] {processor.py:840} INFO - DAG(s) 'consume_1_or_2_with_dataset_expressions', 'dataset_consumes_unknown_never_scheduled', 'dataset_consumes_1_and_2', 'consume_1_and_2_with_dataset_expressions', 'conditional_dataset_and_time_based_timetable', 'dataset_consumes_1_never_scheduled', 'consume_1_or_both_2_and_3_with_dataset_expressions', 'dataset_produces_2', 'dataset_consumes_1', 'dataset_produces_1' retrieved from /home/airflow/.local/lib/python3.12/site-packages/airflow/example_dags/example_datasets.py
[2024-07-05T21:08:32.421+0000] {logging_mixin.py:188} INFO - [2024-07-05T21:08:32.421+0000] {dag.py:3096} INFO - Sync 10 DAGs
[2024-07-05T21:08:32.573+0000] {logging_mixin.py:188} INFO - [2024-07-05T21:08:32.572+0000] {dag.py:3954} INFO - Setting next_dagrun for conditional_dataset_and_time_based_timetable to 2024-07-03 01:00:00+00:00, run_after=2024-07-03 01:00:00+00:00
[2024-07-05T21:08:32.609+0000] {logging_mixin.py:188} INFO - [2024-07-05T21:08:32.608+0000] {dag.py:3954} INFO - Setting next_dagrun for consume_1_and_2_with_dataset_expressions to None, run_after=None
[2024-07-05T21:08:32.621+0000] {logging_mixin.py:188} INFO - [2024-07-05T21:08:32.621+0000] {dag.py:3954} INFO - Setting next_dagrun for consume_1_or_2_with_dataset_expressions to None, run_after=None
[2024-07-05T21:08:32.642+0000] {logging_mixin.py:188} INFO - [2024-07-05T21:08:32.640+0000] {dag.py:3954} INFO - Setting next_dagrun for consume_1_or_both_2_and_3_with_dataset_expressions to None, run_after=None
[2024-07-05T21:08:32.658+0000] {logging_mixin.py:188} INFO - [2024-07-05T21:08:32.657+0000] {dag.py:3954} INFO - Setting next_dagrun for dataset_consumes_1 to None, run_after=None
[2024-07-05T21:08:32.692+0000] {logging_mixin.py:188} INFO - [2024-07-05T21:08:32.692+0000] {dag.py:3954} INFO - Setting next_dagrun for dataset_consumes_1_and_2 to None, run_after=None
[2024-07-05T21:08:32.702+0000] {logging_mixin.py:188} INFO - [2024-07-05T21:08:32.702+0000] {dag.py:3954} INFO - Setting next_dagrun for dataset_consumes_1_never_scheduled to None, run_after=None
[2024-07-05T21:08:32.731+0000] {logging_mixin.py:188} INFO - [2024-07-05T21:08:32.730+0000] {dag.py:3954} INFO - Setting next_dagrun for dataset_consumes_unknown_never_scheduled to None, run_after=None
[2024-07-05T21:08:32.755+0000] {logging_mixin.py:188} INFO - [2024-07-05T21:08:32.749+0000] {dag.py:3954} INFO - Setting next_dagrun for dataset_produces_1 to 2024-07-04 00:00:00+00:00, run_after=2024-07-05 00:00:00+00:00
[2024-07-05T21:08:32.771+0000] {logging_mixin.py:188} INFO - [2024-07-05T21:08:32.770+0000] {dag.py:3954} INFO - Setting next_dagrun for dataset_produces_2 to None, run_after=None
[2024-07-05T21:08:33.147+0000] {processor.py:183} INFO - Processing /home/airflow/.local/lib/python3.12/site-packages/airflow/example_dags/example_datasets.py took 1.300 seconds
[2024-07-05T21:09:03.280+0000] {processor.py:161} INFO - Started process (PID=824) to work on /home/airflow/.local/lib/python3.12/site-packages/airflow/example_dags/example_datasets.py
[2024-07-05T21:09:03.285+0000] {processor.py:830} INFO - Processing file /home/airflow/.local/lib/python3.12/site-packages/airflow/example_dags/example_datasets.py for tasks to queue
[2024-07-05T21:09:03.290+0000] {logging_mixin.py:188} INFO - [2024-07-05T21:09:03.289+0000] {dagbag.py:545} INFO - Filling up the DagBag from /home/airflow/.local/lib/python3.12/site-packages/airflow/example_dags/example_datasets.py
[2024-07-05T21:09:03.356+0000] {processor.py:840} INFO - DAG(s) 'consume_1_and_2_with_dataset_expressions', 'dataset_consumes_1_never_scheduled', 'consume_1_or_both_2_and_3_with_dataset_expressions', 'dataset_produces_2', 'dataset_produces_1', 'conditional_dataset_and_time_based_timetable', 'dataset_consumes_unknown_never_scheduled', 'dataset_consumes_1_and_2', 'consume_1_or_2_with_dataset_expressions', 'dataset_consumes_1' retrieved from /home/airflow/.local/lib/python3.12/site-packages/airflow/example_dags/example_datasets.py
[2024-07-05T21:09:03.581+0000] {logging_mixin.py:188} INFO - [2024-07-05T21:09:03.580+0000] {dag.py:3096} INFO - Sync 10 DAGs
[2024-07-05T21:09:03.670+0000] {logging_mixin.py:188} INFO - [2024-07-05T21:09:03.669+0000] {dag.py:3954} INFO - Setting next_dagrun for conditional_dataset_and_time_based_timetable to 2024-07-03 01:00:00+00:00, run_after=2024-07-03 01:00:00+00:00
[2024-07-05T21:09:03.689+0000] {logging_mixin.py:188} INFO - [2024-07-05T21:09:03.688+0000] {dag.py:3954} INFO - Setting next_dagrun for consume_1_and_2_with_dataset_expressions to None, run_after=None
[2024-07-05T21:09:03.705+0000] {logging_mixin.py:188} INFO - [2024-07-05T21:09:03.704+0000] {dag.py:3954} INFO - Setting next_dagrun for consume_1_or_2_with_dataset_expressions to None, run_after=None
[2024-07-05T21:09:03.727+0000] {logging_mixin.py:188} INFO - [2024-07-05T21:09:03.726+0000] {dag.py:3954} INFO - Setting next_dagrun for consume_1_or_both_2_and_3_with_dataset_expressions to None, run_after=None
[2024-07-05T21:09:03.736+0000] {logging_mixin.py:188} INFO - [2024-07-05T21:09:03.735+0000] {dag.py:3954} INFO - Setting next_dagrun for dataset_consumes_1 to None, run_after=None
[2024-07-05T21:09:03.744+0000] {logging_mixin.py:188} INFO - [2024-07-05T21:09:03.744+0000] {dag.py:3954} INFO - Setting next_dagrun for dataset_consumes_1_and_2 to None, run_after=None
[2024-07-05T21:09:03.768+0000] {logging_mixin.py:188} INFO - [2024-07-05T21:09:03.768+0000] {dag.py:3954} INFO - Setting next_dagrun for dataset_consumes_1_never_scheduled to None, run_after=None
[2024-07-05T21:09:03.774+0000] {logging_mixin.py:188} INFO - [2024-07-05T21:09:03.772+0000] {dag.py:3954} INFO - Setting next_dagrun for dataset_consumes_unknown_never_scheduled to None, run_after=None
[2024-07-05T21:09:03.794+0000] {logging_mixin.py:188} INFO - [2024-07-05T21:09:03.792+0000] {dag.py:3954} INFO - Setting next_dagrun for dataset_produces_1 to 2024-07-04 00:00:00+00:00, run_after=2024-07-05 00:00:00+00:00
[2024-07-05T21:09:03.803+0000] {logging_mixin.py:188} INFO - [2024-07-05T21:09:03.803+0000] {dag.py:3954} INFO - Setting next_dagrun for dataset_produces_2 to None, run_after=None
[2024-07-05T21:09:04.173+0000] {processor.py:183} INFO - Processing /home/airflow/.local/lib/python3.12/site-packages/airflow/example_dags/example_datasets.py took 0.908 seconds
[2024-07-05T21:09:34.480+0000] {processor.py:161} INFO - Started process (PID=882) to work on /home/airflow/.local/lib/python3.12/site-packages/airflow/example_dags/example_datasets.py
[2024-07-05T21:09:34.482+0000] {processor.py:830} INFO - Processing file /home/airflow/.local/lib/python3.12/site-packages/airflow/example_dags/example_datasets.py for tasks to queue
[2024-07-05T21:09:34.490+0000] {logging_mixin.py:188} INFO - [2024-07-05T21:09:34.489+0000] {dagbag.py:545} INFO - Filling up the DagBag from /home/airflow/.local/lib/python3.12/site-packages/airflow/example_dags/example_datasets.py
[2024-07-05T21:09:34.519+0000] {processor.py:840} INFO - DAG(s) 'conditional_dataset_and_time_based_timetable', 'consume_1_or_both_2_and_3_with_dataset_expressions', 'dataset_consumes_unknown_never_scheduled', 'dataset_produces_2', 'dataset_consumes_1_never_scheduled', 'dataset_consumes_1', 'consume_1_and_2_with_dataset_expressions', 'consume_1_or_2_with_dataset_expressions', 'dataset_consumes_1_and_2', 'dataset_produces_1' retrieved from /home/airflow/.local/lib/python3.12/site-packages/airflow/example_dags/example_datasets.py
[2024-07-05T21:09:34.615+0000] {logging_mixin.py:188} INFO - [2024-07-05T21:09:34.615+0000] {dag.py:3096} INFO - Sync 10 DAGs
[2024-07-05T21:09:34.656+0000] {logging_mixin.py:188} INFO - [2024-07-05T21:09:34.655+0000] {dag.py:3954} INFO - Setting next_dagrun for conditional_dataset_and_time_based_timetable to 2024-07-03 01:00:00+00:00, run_after=2024-07-03 01:00:00+00:00
[2024-07-05T21:09:34.662+0000] {logging_mixin.py:188} INFO - [2024-07-05T21:09:34.662+0000] {dag.py:3954} INFO - Setting next_dagrun for consume_1_and_2_with_dataset_expressions to None, run_after=None
[2024-07-05T21:09:34.665+0000] {logging_mixin.py:188} INFO - [2024-07-05T21:09:34.665+0000] {dag.py:3954} INFO - Setting next_dagrun for consume_1_or_2_with_dataset_expressions to None, run_after=None
[2024-07-05T21:09:34.668+0000] {logging_mixin.py:188} INFO - [2024-07-05T21:09:34.667+0000] {dag.py:3954} INFO - Setting next_dagrun for consume_1_or_both_2_and_3_with_dataset_expressions to None, run_after=None
[2024-07-05T21:09:34.670+0000] {logging_mixin.py:188} INFO - [2024-07-05T21:09:34.670+0000] {dag.py:3954} INFO - Setting next_dagrun for dataset_consumes_1 to None, run_after=None
[2024-07-05T21:09:34.673+0000] {logging_mixin.py:188} INFO - [2024-07-05T21:09:34.673+0000] {dag.py:3954} INFO - Setting next_dagrun for dataset_consumes_1_and_2 to None, run_after=None
[2024-07-05T21:09:34.676+0000] {logging_mixin.py:188} INFO - [2024-07-05T21:09:34.676+0000] {dag.py:3954} INFO - Setting next_dagrun for dataset_consumes_1_never_scheduled to None, run_after=None
[2024-07-05T21:09:34.679+0000] {logging_mixin.py:188} INFO - [2024-07-05T21:09:34.678+0000] {dag.py:3954} INFO - Setting next_dagrun for dataset_consumes_unknown_never_scheduled to None, run_after=None
[2024-07-05T21:09:34.683+0000] {logging_mixin.py:188} INFO - [2024-07-05T21:09:34.683+0000] {dag.py:3954} INFO - Setting next_dagrun for dataset_produces_1 to 2024-07-04 00:00:00+00:00, run_after=2024-07-05 00:00:00+00:00
[2024-07-05T21:09:34.686+0000] {logging_mixin.py:188} INFO - [2024-07-05T21:09:34.686+0000] {dag.py:3954} INFO - Setting next_dagrun for dataset_produces_2 to None, run_after=None
[2024-07-05T21:09:34.768+0000] {processor.py:183} INFO - Processing /home/airflow/.local/lib/python3.12/site-packages/airflow/example_dags/example_datasets.py took 0.303 seconds
