[2024-07-05T21:01:41.252+0000] {processor.py:161} INFO - Started process (PID=32) to work on /home/airflow/.local/lib/python3.12/site-packages/airflow/example_dags/example_xcomargs.py
[2024-07-05T21:01:41.255+0000] {processor.py:830} INFO - Processing file /home/airflow/.local/lib/python3.12/site-packages/airflow/example_dags/example_xcomargs.py for tasks to queue
[2024-07-05T21:01:41.265+0000] {logging_mixin.py:188} INFO - [2024-07-05T21:01:41.262+0000] {dagbag.py:545} INFO - Filling up the DagBag from /home/airflow/.local/lib/python3.12/site-packages/airflow/example_dags/example_xcomargs.py
[2024-07-05T21:01:41.319+0000] {processor.py:840} INFO - DAG(s) 'example_xcom_args_with_operators', 'example_xcom_args' retrieved from /home/airflow/.local/lib/python3.12/site-packages/airflow/example_dags/example_xcomargs.py
[2024-07-05T21:01:43.250+0000] {logging_mixin.py:188} INFO - [2024-07-05T21:01:43.249+0000] {dag.py:3096} INFO - Sync 2 DAGs
[2024-07-05T21:01:43.294+0000] {logging_mixin.py:188} INFO - [2024-07-05T21:01:43.294+0000] {dag.py:3954} INFO - Setting next_dagrun for example_xcom_args to None, run_after=None
[2024-07-05T21:01:43.303+0000] {logging_mixin.py:188} INFO - [2024-07-05T21:01:43.302+0000] {dag.py:3954} INFO - Setting next_dagrun for example_xcom_args_with_operators to None, run_after=None
[2024-07-05T21:01:43.381+0000] {processor.py:183} INFO - Processing /home/airflow/.local/lib/python3.12/site-packages/airflow/example_dags/example_xcomargs.py took 2.230 seconds
[2024-07-05T21:02:14.086+0000] {processor.py:161} INFO - Started process (PID=90) to work on /home/airflow/.local/lib/python3.12/site-packages/airflow/example_dags/example_xcomargs.py
[2024-07-05T21:02:14.088+0000] {processor.py:830} INFO - Processing file /home/airflow/.local/lib/python3.12/site-packages/airflow/example_dags/example_xcomargs.py for tasks to queue
[2024-07-05T21:02:14.092+0000] {logging_mixin.py:188} INFO - [2024-07-05T21:02:14.091+0000] {dagbag.py:545} INFO - Filling up the DagBag from /home/airflow/.local/lib/python3.12/site-packages/airflow/example_dags/example_xcomargs.py
[2024-07-05T21:02:14.111+0000] {processor.py:840} INFO - DAG(s) 'example_xcom_args_with_operators', 'example_xcom_args' retrieved from /home/airflow/.local/lib/python3.12/site-packages/airflow/example_dags/example_xcomargs.py
[2024-07-05T21:02:14.167+0000] {logging_mixin.py:188} INFO - [2024-07-05T21:02:14.166+0000] {dag.py:3096} INFO - Sync 2 DAGs
[2024-07-05T21:02:14.201+0000] {logging_mixin.py:188} INFO - [2024-07-05T21:02:14.200+0000] {dag.py:3954} INFO - Setting next_dagrun for example_xcom_args to None, run_after=None
[2024-07-05T21:02:14.211+0000] {logging_mixin.py:188} INFO - [2024-07-05T21:02:14.210+0000] {dag.py:3954} INFO - Setting next_dagrun for example_xcom_args_with_operators to None, run_after=None
[2024-07-05T21:02:14.258+0000] {processor.py:183} INFO - Processing /home/airflow/.local/lib/python3.12/site-packages/airflow/example_dags/example_xcomargs.py took 0.183 seconds
[2024-07-05T21:02:49.011+0000] {processor.py:161} INFO - Started process (PID=153) to work on /home/airflow/.local/lib/python3.12/site-packages/airflow/example_dags/example_xcomargs.py
[2024-07-05T21:02:49.013+0000] {processor.py:830} INFO - Processing file /home/airflow/.local/lib/python3.12/site-packages/airflow/example_dags/example_xcomargs.py for tasks to queue
[2024-07-05T21:02:49.025+0000] {logging_mixin.py:188} INFO - [2024-07-05T21:02:49.021+0000] {dagbag.py:545} INFO - Filling up the DagBag from /home/airflow/.local/lib/python3.12/site-packages/airflow/example_dags/example_xcomargs.py
[2024-07-05T21:02:49.137+0000] {processor.py:840} INFO - DAG(s) 'example_xcom_args', 'example_xcom_args_with_operators' retrieved from /home/airflow/.local/lib/python3.12/site-packages/airflow/example_dags/example_xcomargs.py
[2024-07-05T21:02:49.613+0000] {logging_mixin.py:188} INFO - [2024-07-05T21:02:49.612+0000] {dag.py:3096} INFO - Sync 2 DAGs
[2024-07-05T21:02:49.769+0000] {logging_mixin.py:188} INFO - [2024-07-05T21:02:49.769+0000] {dag.py:3954} INFO - Setting next_dagrun for example_xcom_args to None, run_after=None
[2024-07-05T21:02:49.794+0000] {logging_mixin.py:188} INFO - [2024-07-05T21:02:49.793+0000] {dag.py:3954} INFO - Setting next_dagrun for example_xcom_args_with_operators to None, run_after=None
[2024-07-05T21:02:49.873+0000] {processor.py:183} INFO - Processing /home/airflow/.local/lib/python3.12/site-packages/airflow/example_dags/example_xcomargs.py took 0.888 seconds
[2024-07-05T21:03:20.276+0000] {processor.py:161} INFO - Started process (PID=208) to work on /home/airflow/.local/lib/python3.12/site-packages/airflow/example_dags/example_xcomargs.py
[2024-07-05T21:03:20.332+0000] {processor.py:830} INFO - Processing file /home/airflow/.local/lib/python3.12/site-packages/airflow/example_dags/example_xcomargs.py for tasks to queue
[2024-07-05T21:03:20.365+0000] {logging_mixin.py:188} INFO - [2024-07-05T21:03:20.364+0000] {dagbag.py:545} INFO - Filling up the DagBag from /home/airflow/.local/lib/python3.12/site-packages/airflow/example_dags/example_xcomargs.py
[2024-07-05T21:03:20.445+0000] {processor.py:840} INFO - DAG(s) 'example_xcom_args_with_operators', 'example_xcom_args' retrieved from /home/airflow/.local/lib/python3.12/site-packages/airflow/example_dags/example_xcomargs.py
[2024-07-05T21:03:20.534+0000] {logging_mixin.py:188} INFO - [2024-07-05T21:03:20.534+0000] {dag.py:3096} INFO - Sync 2 DAGs
[2024-07-05T21:03:20.599+0000] {logging_mixin.py:188} INFO - [2024-07-05T21:03:20.598+0000] {dag.py:3954} INFO - Setting next_dagrun for example_xcom_args to None, run_after=None
[2024-07-05T21:03:20.630+0000] {logging_mixin.py:188} INFO - [2024-07-05T21:03:20.630+0000] {dag.py:3954} INFO - Setting next_dagrun for example_xcom_args_with_operators to None, run_after=None
[2024-07-05T21:03:20.758+0000] {processor.py:183} INFO - Processing /home/airflow/.local/lib/python3.12/site-packages/airflow/example_dags/example_xcomargs.py took 0.539 seconds
[2024-07-05T21:03:51.368+0000] {processor.py:161} INFO - Started process (PID=266) to work on /home/airflow/.local/lib/python3.12/site-packages/airflow/example_dags/example_xcomargs.py
[2024-07-05T21:03:51.397+0000] {processor.py:830} INFO - Processing file /home/airflow/.local/lib/python3.12/site-packages/airflow/example_dags/example_xcomargs.py for tasks to queue
[2024-07-05T21:03:51.446+0000] {logging_mixin.py:188} INFO - [2024-07-05T21:03:51.421+0000] {dagbag.py:545} INFO - Filling up the DagBag from /home/airflow/.local/lib/python3.12/site-packages/airflow/example_dags/example_xcomargs.py
[2024-07-05T21:03:51.736+0000] {processor.py:840} INFO - DAG(s) 'example_xcom_args', 'example_xcom_args_with_operators' retrieved from /home/airflow/.local/lib/python3.12/site-packages/airflow/example_dags/example_xcomargs.py
[2024-07-05T21:03:52.249+0000] {logging_mixin.py:188} INFO - [2024-07-05T21:03:52.248+0000] {dag.py:3096} INFO - Sync 2 DAGs
[2024-07-05T21:03:52.647+0000] {logging_mixin.py:188} INFO - [2024-07-05T21:03:52.647+0000] {dag.py:3954} INFO - Setting next_dagrun for example_xcom_args to None, run_after=None
[2024-07-05T21:03:52.734+0000] {logging_mixin.py:188} INFO - [2024-07-05T21:03:52.734+0000] {dag.py:3954} INFO - Setting next_dagrun for example_xcom_args_with_operators to None, run_after=None
[2024-07-05T21:03:53.050+0000] {processor.py:183} INFO - Processing /home/airflow/.local/lib/python3.12/site-packages/airflow/example_dags/example_xcomargs.py took 1.923 seconds
[2024-07-05T21:04:28.995+0000] {processor.py:161} INFO - Started process (PID=310) to work on /home/airflow/.local/lib/python3.12/site-packages/airflow/example_dags/example_xcomargs.py
[2024-07-05T21:04:29.026+0000] {processor.py:830} INFO - Processing file /home/airflow/.local/lib/python3.12/site-packages/airflow/example_dags/example_xcomargs.py for tasks to queue
[2024-07-05T21:04:29.074+0000] {logging_mixin.py:188} INFO - [2024-07-05T21:04:29.046+0000] {dagbag.py:545} INFO - Filling up the DagBag from /home/airflow/.local/lib/python3.12/site-packages/airflow/example_dags/example_xcomargs.py
[2024-07-05T21:04:29.429+0000] {processor.py:840} INFO - DAG(s) 'example_xcom_args', 'example_xcom_args_with_operators' retrieved from /home/airflow/.local/lib/python3.12/site-packages/airflow/example_dags/example_xcomargs.py
[2024-07-05T21:04:29.710+0000] {logging_mixin.py:188} INFO - [2024-07-05T21:04:29.710+0000] {dag.py:3096} INFO - Sync 2 DAGs
[2024-07-05T21:04:29.853+0000] {logging_mixin.py:188} INFO - [2024-07-05T21:04:29.850+0000] {dag.py:3954} INFO - Setting next_dagrun for example_xcom_args to None, run_after=None
[2024-07-05T21:04:29.871+0000] {logging_mixin.py:188} INFO - [2024-07-05T21:04:29.870+0000] {dag.py:3954} INFO - Setting next_dagrun for example_xcom_args_with_operators to None, run_after=None
[2024-07-05T21:04:29.938+0000] {processor.py:183} INFO - Processing /home/airflow/.local/lib/python3.12/site-packages/airflow/example_dags/example_xcomargs.py took 1.170 seconds
[2024-07-05T21:05:00.607+0000] {processor.py:161} INFO - Started process (PID=368) to work on /home/airflow/.local/lib/python3.12/site-packages/airflow/example_dags/example_xcomargs.py
[2024-07-05T21:05:00.609+0000] {processor.py:830} INFO - Processing file /home/airflow/.local/lib/python3.12/site-packages/airflow/example_dags/example_xcomargs.py for tasks to queue
[2024-07-05T21:05:00.612+0000] {logging_mixin.py:188} INFO - [2024-07-05T21:05:00.611+0000] {dagbag.py:545} INFO - Filling up the DagBag from /home/airflow/.local/lib/python3.12/site-packages/airflow/example_dags/example_xcomargs.py
[2024-07-05T21:05:00.625+0000] {processor.py:840} INFO - DAG(s) 'example_xcom_args_with_operators', 'example_xcom_args' retrieved from /home/airflow/.local/lib/python3.12/site-packages/airflow/example_dags/example_xcomargs.py
[2024-07-05T21:05:00.663+0000] {logging_mixin.py:188} INFO - [2024-07-05T21:05:00.662+0000] {dag.py:3096} INFO - Sync 2 DAGs
[2024-07-05T21:05:00.683+0000] {logging_mixin.py:188} INFO - [2024-07-05T21:05:00.683+0000] {dag.py:3954} INFO - Setting next_dagrun for example_xcom_args to None, run_after=None
[2024-07-05T21:05:00.691+0000] {logging_mixin.py:188} INFO - [2024-07-05T21:05:00.690+0000] {dag.py:3954} INFO - Setting next_dagrun for example_xcom_args_with_operators to None, run_after=None
[2024-07-05T21:05:00.719+0000] {processor.py:183} INFO - Processing /home/airflow/.local/lib/python3.12/site-packages/airflow/example_dags/example_xcomargs.py took 0.122 seconds
[2024-07-05T21:05:30.764+0000] {processor.py:161} INFO - Started process (PID=425) to work on /home/airflow/.local/lib/python3.12/site-packages/airflow/example_dags/example_xcomargs.py
[2024-07-05T21:05:30.767+0000] {processor.py:830} INFO - Processing file /home/airflow/.local/lib/python3.12/site-packages/airflow/example_dags/example_xcomargs.py for tasks to queue
[2024-07-05T21:05:30.771+0000] {logging_mixin.py:188} INFO - [2024-07-05T21:05:30.770+0000] {dagbag.py:545} INFO - Filling up the DagBag from /home/airflow/.local/lib/python3.12/site-packages/airflow/example_dags/example_xcomargs.py
[2024-07-05T21:05:30.784+0000] {processor.py:840} INFO - DAG(s) 'example_xcom_args', 'example_xcom_args_with_operators' retrieved from /home/airflow/.local/lib/python3.12/site-packages/airflow/example_dags/example_xcomargs.py
[2024-07-05T21:05:30.833+0000] {logging_mixin.py:188} INFO - [2024-07-05T21:05:30.833+0000] {dag.py:3096} INFO - Sync 2 DAGs
[2024-07-05T21:05:30.855+0000] {logging_mixin.py:188} INFO - [2024-07-05T21:05:30.855+0000] {dag.py:3954} INFO - Setting next_dagrun for example_xcom_args to None, run_after=None
[2024-07-05T21:05:30.862+0000] {logging_mixin.py:188} INFO - [2024-07-05T21:05:30.862+0000] {dag.py:3954} INFO - Setting next_dagrun for example_xcom_args_with_operators to None, run_after=None
[2024-07-05T21:05:30.889+0000] {processor.py:183} INFO - Processing /home/airflow/.local/lib/python3.12/site-packages/airflow/example_dags/example_xcomargs.py took 0.139 seconds
[2024-07-05T21:06:00.949+0000] {processor.py:161} INFO - Started process (PID=483) to work on /home/airflow/.local/lib/python3.12/site-packages/airflow/example_dags/example_xcomargs.py
[2024-07-05T21:06:00.951+0000] {processor.py:830} INFO - Processing file /home/airflow/.local/lib/python3.12/site-packages/airflow/example_dags/example_xcomargs.py for tasks to queue
[2024-07-05T21:06:00.954+0000] {logging_mixin.py:188} INFO - [2024-07-05T21:06:00.954+0000] {dagbag.py:545} INFO - Filling up the DagBag from /home/airflow/.local/lib/python3.12/site-packages/airflow/example_dags/example_xcomargs.py
[2024-07-05T21:06:00.970+0000] {processor.py:840} INFO - DAG(s) 'example_xcom_args_with_operators', 'example_xcom_args' retrieved from /home/airflow/.local/lib/python3.12/site-packages/airflow/example_dags/example_xcomargs.py
[2024-07-05T21:06:01.024+0000] {logging_mixin.py:188} INFO - [2024-07-05T21:06:01.024+0000] {dag.py:3096} INFO - Sync 2 DAGs
[2024-07-05T21:06:01.045+0000] {logging_mixin.py:188} INFO - [2024-07-05T21:06:01.045+0000] {dag.py:3954} INFO - Setting next_dagrun for example_xcom_args to None, run_after=None
[2024-07-05T21:06:01.051+0000] {logging_mixin.py:188} INFO - [2024-07-05T21:06:01.051+0000] {dag.py:3954} INFO - Setting next_dagrun for example_xcom_args_with_operators to None, run_after=None
[2024-07-05T21:06:01.078+0000] {processor.py:183} INFO - Processing /home/airflow/.local/lib/python3.12/site-packages/airflow/example_dags/example_xcomargs.py took 0.141 seconds
[2024-07-05T21:06:31.843+0000] {processor.py:161} INFO - Started process (PID=539) to work on /home/airflow/.local/lib/python3.12/site-packages/airflow/example_dags/example_xcomargs.py
[2024-07-05T21:06:31.847+0000] {processor.py:830} INFO - Processing file /home/airflow/.local/lib/python3.12/site-packages/airflow/example_dags/example_xcomargs.py for tasks to queue
[2024-07-05T21:06:31.853+0000] {logging_mixin.py:188} INFO - [2024-07-05T21:06:31.852+0000] {dagbag.py:545} INFO - Filling up the DagBag from /home/airflow/.local/lib/python3.12/site-packages/airflow/example_dags/example_xcomargs.py
[2024-07-05T21:06:31.885+0000] {processor.py:840} INFO - DAG(s) 'example_xcom_args', 'example_xcom_args_with_operators' retrieved from /home/airflow/.local/lib/python3.12/site-packages/airflow/example_dags/example_xcomargs.py
[2024-07-05T21:06:31.961+0000] {logging_mixin.py:188} INFO - [2024-07-05T21:06:31.960+0000] {dag.py:3096} INFO - Sync 2 DAGs
[2024-07-05T21:06:32.013+0000] {logging_mixin.py:188} INFO - [2024-07-05T21:06:32.012+0000] {dag.py:3954} INFO - Setting next_dagrun for example_xcom_args to None, run_after=None
[2024-07-05T21:06:32.025+0000] {logging_mixin.py:188} INFO - [2024-07-05T21:06:32.025+0000] {dag.py:3954} INFO - Setting next_dagrun for example_xcom_args_with_operators to None, run_after=None
[2024-07-05T21:06:32.084+0000] {processor.py:183} INFO - Processing /home/airflow/.local/lib/python3.12/site-packages/airflow/example_dags/example_xcomargs.py took 0.257 seconds
[2024-07-05T21:07:03.093+0000] {processor.py:161} INFO - Started process (PID=598) to work on /home/airflow/.local/lib/python3.12/site-packages/airflow/example_dags/example_xcomargs.py
[2024-07-05T21:07:03.096+0000] {processor.py:830} INFO - Processing file /home/airflow/.local/lib/python3.12/site-packages/airflow/example_dags/example_xcomargs.py for tasks to queue
[2024-07-05T21:07:03.101+0000] {logging_mixin.py:188} INFO - [2024-07-05T21:07:03.100+0000] {dagbag.py:545} INFO - Filling up the DagBag from /home/airflow/.local/lib/python3.12/site-packages/airflow/example_dags/example_xcomargs.py
[2024-07-05T21:07:03.126+0000] {processor.py:840} INFO - DAG(s) 'example_xcom_args', 'example_xcom_args_with_operators' retrieved from /home/airflow/.local/lib/python3.12/site-packages/airflow/example_dags/example_xcomargs.py
[2024-07-05T21:07:03.189+0000] {logging_mixin.py:188} INFO - [2024-07-05T21:07:03.189+0000] {dag.py:3096} INFO - Sync 2 DAGs
[2024-07-05T21:07:03.215+0000] {logging_mixin.py:188} INFO - [2024-07-05T21:07:03.215+0000] {dag.py:3954} INFO - Setting next_dagrun for example_xcom_args to None, run_after=None
[2024-07-05T21:07:03.222+0000] {logging_mixin.py:188} INFO - [2024-07-05T21:07:03.222+0000] {dag.py:3954} INFO - Setting next_dagrun for example_xcom_args_with_operators to None, run_after=None
[2024-07-05T21:07:03.252+0000] {processor.py:183} INFO - Processing /home/airflow/.local/lib/python3.12/site-packages/airflow/example_dags/example_xcomargs.py took 0.172 seconds
[2024-07-05T21:07:33.504+0000] {processor.py:161} INFO - Started process (PID=656) to work on /home/airflow/.local/lib/python3.12/site-packages/airflow/example_dags/example_xcomargs.py
[2024-07-05T21:07:33.507+0000] {processor.py:830} INFO - Processing file /home/airflow/.local/lib/python3.12/site-packages/airflow/example_dags/example_xcomargs.py for tasks to queue
[2024-07-05T21:07:33.516+0000] {logging_mixin.py:188} INFO - [2024-07-05T21:07:33.515+0000] {dagbag.py:545} INFO - Filling up the DagBag from /home/airflow/.local/lib/python3.12/site-packages/airflow/example_dags/example_xcomargs.py
[2024-07-05T21:07:33.548+0000] {processor.py:840} INFO - DAG(s) 'example_xcom_args_with_operators', 'example_xcom_args' retrieved from /home/airflow/.local/lib/python3.12/site-packages/airflow/example_dags/example_xcomargs.py
[2024-07-05T21:07:33.675+0000] {logging_mixin.py:188} INFO - [2024-07-05T21:07:33.675+0000] {dag.py:3096} INFO - Sync 2 DAGs
[2024-07-05T21:07:33.755+0000] {logging_mixin.py:188} INFO - [2024-07-05T21:07:33.754+0000] {dag.py:3954} INFO - Setting next_dagrun for example_xcom_args to None, run_after=None
[2024-07-05T21:07:33.786+0000] {logging_mixin.py:188} INFO - [2024-07-05T21:07:33.785+0000] {dag.py:3954} INFO - Setting next_dagrun for example_xcom_args_with_operators to None, run_after=None
[2024-07-05T21:07:33.918+0000] {processor.py:183} INFO - Processing /home/airflow/.local/lib/python3.12/site-packages/airflow/example_dags/example_xcomargs.py took 0.478 seconds
[2024-07-05T21:08:05.153+0000] {processor.py:161} INFO - Started process (PID=714) to work on /home/airflow/.local/lib/python3.12/site-packages/airflow/example_dags/example_xcomargs.py
[2024-07-05T21:08:05.164+0000] {processor.py:830} INFO - Processing file /home/airflow/.local/lib/python3.12/site-packages/airflow/example_dags/example_xcomargs.py for tasks to queue
[2024-07-05T21:08:05.285+0000] {logging_mixin.py:188} INFO - [2024-07-05T21:08:05.285+0000] {dagbag.py:545} INFO - Filling up the DagBag from /home/airflow/.local/lib/python3.12/site-packages/airflow/example_dags/example_xcomargs.py
[2024-07-05T21:08:05.319+0000] {processor.py:840} INFO - DAG(s) 'example_xcom_args', 'example_xcom_args_with_operators' retrieved from /home/airflow/.local/lib/python3.12/site-packages/airflow/example_dags/example_xcomargs.py
[2024-07-05T21:08:05.538+0000] {logging_mixin.py:188} INFO - [2024-07-05T21:08:05.537+0000] {dag.py:3096} INFO - Sync 2 DAGs
[2024-07-05T21:08:05.574+0000] {logging_mixin.py:188} INFO - [2024-07-05T21:08:05.574+0000] {dag.py:3954} INFO - Setting next_dagrun for example_xcom_args to None, run_after=None
[2024-07-05T21:08:05.585+0000] {logging_mixin.py:188} INFO - [2024-07-05T21:08:05.585+0000] {dag.py:3954} INFO - Setting next_dagrun for example_xcom_args_with_operators to None, run_after=None
[2024-07-05T21:08:05.622+0000] {processor.py:183} INFO - Processing /home/airflow/.local/lib/python3.12/site-packages/airflow/example_dags/example_xcomargs.py took 0.490 seconds
[2024-07-05T21:08:36.321+0000] {processor.py:161} INFO - Started process (PID=773) to work on /home/airflow/.local/lib/python3.12/site-packages/airflow/example_dags/example_xcomargs.py
[2024-07-05T21:08:36.335+0000] {processor.py:830} INFO - Processing file /home/airflow/.local/lib/python3.12/site-packages/airflow/example_dags/example_xcomargs.py for tasks to queue
[2024-07-05T21:08:36.356+0000] {logging_mixin.py:188} INFO - [2024-07-05T21:08:36.355+0000] {dagbag.py:545} INFO - Filling up the DagBag from /home/airflow/.local/lib/python3.12/site-packages/airflow/example_dags/example_xcomargs.py
[2024-07-05T21:08:36.438+0000] {processor.py:840} INFO - DAG(s) 'example_xcom_args_with_operators', 'example_xcom_args' retrieved from /home/airflow/.local/lib/python3.12/site-packages/airflow/example_dags/example_xcomargs.py
[2024-07-05T21:08:36.535+0000] {logging_mixin.py:188} INFO - [2024-07-05T21:08:36.534+0000] {dag.py:3096} INFO - Sync 2 DAGs
[2024-07-05T21:08:36.576+0000] {logging_mixin.py:188} INFO - [2024-07-05T21:08:36.575+0000] {dag.py:3954} INFO - Setting next_dagrun for example_xcom_args to None, run_after=None
[2024-07-05T21:08:36.593+0000] {logging_mixin.py:188} INFO - [2024-07-05T21:08:36.592+0000] {dag.py:3954} INFO - Setting next_dagrun for example_xcom_args_with_operators to None, run_after=None
[2024-07-05T21:08:36.652+0000] {processor.py:183} INFO - Processing /home/airflow/.local/lib/python3.12/site-packages/airflow/example_dags/example_xcomargs.py took 0.399 seconds
[2024-07-05T21:09:07.236+0000] {processor.py:161} INFO - Started process (PID=831) to work on /home/airflow/.local/lib/python3.12/site-packages/airflow/example_dags/example_xcomargs.py
[2024-07-05T21:09:07.238+0000] {processor.py:830} INFO - Processing file /home/airflow/.local/lib/python3.12/site-packages/airflow/example_dags/example_xcomargs.py for tasks to queue
[2024-07-05T21:09:07.245+0000] {logging_mixin.py:188} INFO - [2024-07-05T21:09:07.242+0000] {dagbag.py:545} INFO - Filling up the DagBag from /home/airflow/.local/lib/python3.12/site-packages/airflow/example_dags/example_xcomargs.py
[2024-07-05T21:09:07.271+0000] {processor.py:840} INFO - DAG(s) 'example_xcom_args', 'example_xcom_args_with_operators' retrieved from /home/airflow/.local/lib/python3.12/site-packages/airflow/example_dags/example_xcomargs.py
[2024-07-05T21:09:07.351+0000] {logging_mixin.py:188} INFO - [2024-07-05T21:09:07.350+0000] {dag.py:3096} INFO - Sync 2 DAGs
[2024-07-05T21:09:07.386+0000] {logging_mixin.py:188} INFO - [2024-07-05T21:09:07.385+0000] {dag.py:3954} INFO - Setting next_dagrun for example_xcom_args to None, run_after=None
[2024-07-05T21:09:07.400+0000] {logging_mixin.py:188} INFO - [2024-07-05T21:09:07.399+0000] {dag.py:3954} INFO - Setting next_dagrun for example_xcom_args_with_operators to None, run_after=None
[2024-07-05T21:09:07.443+0000] {processor.py:183} INFO - Processing /home/airflow/.local/lib/python3.12/site-packages/airflow/example_dags/example_xcomargs.py took 0.223 seconds
[2024-07-05T21:09:38.037+0000] {processor.py:161} INFO - Started process (PID=889) to work on /home/airflow/.local/lib/python3.12/site-packages/airflow/example_dags/example_xcomargs.py
[2024-07-05T21:09:38.039+0000] {processor.py:830} INFO - Processing file /home/airflow/.local/lib/python3.12/site-packages/airflow/example_dags/example_xcomargs.py for tasks to queue
[2024-07-05T21:09:38.043+0000] {logging_mixin.py:188} INFO - [2024-07-05T21:09:38.043+0000] {dagbag.py:545} INFO - Filling up the DagBag from /home/airflow/.local/lib/python3.12/site-packages/airflow/example_dags/example_xcomargs.py
[2024-07-05T21:09:38.063+0000] {processor.py:840} INFO - DAG(s) 'example_xcom_args', 'example_xcom_args_with_operators' retrieved from /home/airflow/.local/lib/python3.12/site-packages/airflow/example_dags/example_xcomargs.py
[2024-07-05T21:09:38.120+0000] {logging_mixin.py:188} INFO - [2024-07-05T21:09:38.120+0000] {dag.py:3096} INFO - Sync 2 DAGs
[2024-07-05T21:09:38.159+0000] {logging_mixin.py:188} INFO - [2024-07-05T21:09:38.158+0000] {dag.py:3954} INFO - Setting next_dagrun for example_xcom_args to None, run_after=None
[2024-07-05T21:09:38.168+0000] {logging_mixin.py:188} INFO - [2024-07-05T21:09:38.167+0000] {dag.py:3954} INFO - Setting next_dagrun for example_xcom_args_with_operators to None, run_after=None
[2024-07-05T21:09:38.205+0000] {processor.py:183} INFO - Processing /home/airflow/.local/lib/python3.12/site-packages/airflow/example_dags/example_xcomargs.py took 0.181 seconds
[2024-07-05T21:10:08.672+0000] {processor.py:161} INFO - Started process (PID=947) to work on /home/airflow/.local/lib/python3.12/site-packages/airflow/example_dags/example_xcomargs.py
[2024-07-05T21:10:08.674+0000] {processor.py:830} INFO - Processing file /home/airflow/.local/lib/python3.12/site-packages/airflow/example_dags/example_xcomargs.py for tasks to queue
[2024-07-05T21:10:08.678+0000] {logging_mixin.py:188} INFO - [2024-07-05T21:10:08.678+0000] {dagbag.py:545} INFO - Filling up the DagBag from /home/airflow/.local/lib/python3.12/site-packages/airflow/example_dags/example_xcomargs.py
[2024-07-05T21:10:08.693+0000] {processor.py:840} INFO - DAG(s) 'example_xcom_args', 'example_xcom_args_with_operators' retrieved from /home/airflow/.local/lib/python3.12/site-packages/airflow/example_dags/example_xcomargs.py
[2024-07-05T21:10:08.732+0000] {logging_mixin.py:188} INFO - [2024-07-05T21:10:08.732+0000] {dag.py:3096} INFO - Sync 2 DAGs
[2024-07-05T21:10:08.757+0000] {logging_mixin.py:188} INFO - [2024-07-05T21:10:08.756+0000] {dag.py:3954} INFO - Setting next_dagrun for example_xcom_args to None, run_after=None
[2024-07-05T21:10:08.763+0000] {logging_mixin.py:188} INFO - [2024-07-05T21:10:08.763+0000] {dag.py:3954} INFO - Setting next_dagrun for example_xcom_args_with_operators to None, run_after=None
[2024-07-05T21:10:08.795+0000] {processor.py:183} INFO - Processing /home/airflow/.local/lib/python3.12/site-packages/airflow/example_dags/example_xcomargs.py took 0.132 seconds
[2024-07-05T21:10:38.879+0000] {processor.py:161} INFO - Started process (PID=1004) to work on /home/airflow/.local/lib/python3.12/site-packages/airflow/example_dags/example_xcomargs.py
[2024-07-05T21:10:38.881+0000] {processor.py:830} INFO - Processing file /home/airflow/.local/lib/python3.12/site-packages/airflow/example_dags/example_xcomargs.py for tasks to queue
[2024-07-05T21:10:38.884+0000] {logging_mixin.py:188} INFO - [2024-07-05T21:10:38.884+0000] {dagbag.py:545} INFO - Filling up the DagBag from /home/airflow/.local/lib/python3.12/site-packages/airflow/example_dags/example_xcomargs.py
[2024-07-05T21:10:38.915+0000] {processor.py:840} INFO - DAG(s) 'example_xcom_args_with_operators', 'example_xcom_args' retrieved from /home/airflow/.local/lib/python3.12/site-packages/airflow/example_dags/example_xcomargs.py
[2024-07-05T21:10:38.971+0000] {logging_mixin.py:188} INFO - [2024-07-05T21:10:38.970+0000] {dag.py:3096} INFO - Sync 2 DAGs
[2024-07-05T21:10:39.001+0000] {logging_mixin.py:188} INFO - [2024-07-05T21:10:39.001+0000] {dag.py:3954} INFO - Setting next_dagrun for example_xcom_args to None, run_after=None
[2024-07-05T21:10:39.013+0000] {logging_mixin.py:188} INFO - [2024-07-05T21:10:39.012+0000] {dag.py:3954} INFO - Setting next_dagrun for example_xcom_args_with_operators to None, run_after=None
[2024-07-05T21:10:39.051+0000] {processor.py:183} INFO - Processing /home/airflow/.local/lib/python3.12/site-packages/airflow/example_dags/example_xcomargs.py took 0.183 seconds
[2024-07-05T21:11:09.327+0000] {processor.py:161} INFO - Started process (PID=1061) to work on /home/airflow/.local/lib/python3.12/site-packages/airflow/example_dags/example_xcomargs.py
[2024-07-05T21:11:09.332+0000] {processor.py:830} INFO - Processing file /home/airflow/.local/lib/python3.12/site-packages/airflow/example_dags/example_xcomargs.py for tasks to queue
[2024-07-05T21:11:09.335+0000] {logging_mixin.py:188} INFO - [2024-07-05T21:11:09.334+0000] {dagbag.py:545} INFO - Filling up the DagBag from /home/airflow/.local/lib/python3.12/site-packages/airflow/example_dags/example_xcomargs.py
[2024-07-05T21:11:09.350+0000] {processor.py:840} INFO - DAG(s) 'example_xcom_args_with_operators', 'example_xcom_args' retrieved from /home/airflow/.local/lib/python3.12/site-packages/airflow/example_dags/example_xcomargs.py
[2024-07-05T21:11:09.391+0000] {logging_mixin.py:188} INFO - [2024-07-05T21:11:09.391+0000] {dag.py:3096} INFO - Sync 2 DAGs
[2024-07-05T21:11:09.412+0000] {logging_mixin.py:188} INFO - [2024-07-05T21:11:09.412+0000] {dag.py:3954} INFO - Setting next_dagrun for example_xcom_args to None, run_after=None
[2024-07-05T21:11:09.419+0000] {logging_mixin.py:188} INFO - [2024-07-05T21:11:09.419+0000] {dag.py:3954} INFO - Setting next_dagrun for example_xcom_args_with_operators to None, run_after=None
[2024-07-05T21:11:09.450+0000] {processor.py:183} INFO - Processing /home/airflow/.local/lib/python3.12/site-packages/airflow/example_dags/example_xcomargs.py took 0.132 seconds
[2024-07-05T21:11:39.780+0000] {processor.py:161} INFO - Started process (PID=1120) to work on /home/airflow/.local/lib/python3.12/site-packages/airflow/example_dags/example_xcomargs.py
[2024-07-05T21:11:39.784+0000] {processor.py:830} INFO - Processing file /home/airflow/.local/lib/python3.12/site-packages/airflow/example_dags/example_xcomargs.py for tasks to queue
[2024-07-05T21:11:39.789+0000] {logging_mixin.py:188} INFO - [2024-07-05T21:11:39.787+0000] {dagbag.py:545} INFO - Filling up the DagBag from /home/airflow/.local/lib/python3.12/site-packages/airflow/example_dags/example_xcomargs.py
[2024-07-05T21:11:39.877+0000] {processor.py:840} INFO - DAG(s) 'example_xcom_args', 'example_xcom_args_with_operators' retrieved from /home/airflow/.local/lib/python3.12/site-packages/airflow/example_dags/example_xcomargs.py
[2024-07-05T21:11:39.927+0000] {logging_mixin.py:188} INFO - [2024-07-05T21:11:39.927+0000] {dag.py:3096} INFO - Sync 2 DAGs
[2024-07-05T21:11:39.949+0000] {logging_mixin.py:188} INFO - [2024-07-05T21:11:39.949+0000] {dag.py:3954} INFO - Setting next_dagrun for example_xcom_args to None, run_after=None
[2024-07-05T21:11:39.956+0000] {logging_mixin.py:188} INFO - [2024-07-05T21:11:39.956+0000] {dag.py:3954} INFO - Setting next_dagrun for example_xcom_args_with_operators to None, run_after=None
[2024-07-05T21:11:39.987+0000] {processor.py:183} INFO - Processing /home/airflow/.local/lib/python3.12/site-packages/airflow/example_dags/example_xcomargs.py took 0.224 seconds
[2024-07-05T21:12:10.075+0000] {processor.py:161} INFO - Started process (PID=1177) to work on /home/airflow/.local/lib/python3.12/site-packages/airflow/example_dags/example_xcomargs.py
[2024-07-05T21:12:10.077+0000] {processor.py:830} INFO - Processing file /home/airflow/.local/lib/python3.12/site-packages/airflow/example_dags/example_xcomargs.py for tasks to queue
[2024-07-05T21:12:10.082+0000] {logging_mixin.py:188} INFO - [2024-07-05T21:12:10.081+0000] {dagbag.py:545} INFO - Filling up the DagBag from /home/airflow/.local/lib/python3.12/site-packages/airflow/example_dags/example_xcomargs.py
[2024-07-05T21:12:10.101+0000] {processor.py:840} INFO - DAG(s) 'example_xcom_args_with_operators', 'example_xcom_args' retrieved from /home/airflow/.local/lib/python3.12/site-packages/airflow/example_dags/example_xcomargs.py
[2024-07-05T21:12:10.141+0000] {logging_mixin.py:188} INFO - [2024-07-05T21:12:10.141+0000] {dag.py:3096} INFO - Sync 2 DAGs
[2024-07-05T21:12:10.161+0000] {logging_mixin.py:188} INFO - [2024-07-05T21:12:10.161+0000] {dag.py:3954} INFO - Setting next_dagrun for example_xcom_args to None, run_after=None
[2024-07-05T21:12:10.167+0000] {logging_mixin.py:188} INFO - [2024-07-05T21:12:10.167+0000] {dag.py:3954} INFO - Setting next_dagrun for example_xcom_args_with_operators to None, run_after=None
[2024-07-05T21:12:10.196+0000] {processor.py:183} INFO - Processing /home/airflow/.local/lib/python3.12/site-packages/airflow/example_dags/example_xcomargs.py took 0.131 seconds
[2024-07-05T21:12:41.012+0000] {processor.py:161} INFO - Started process (PID=1234) to work on /home/airflow/.local/lib/python3.12/site-packages/airflow/example_dags/example_xcomargs.py
[2024-07-05T21:12:41.014+0000] {processor.py:830} INFO - Processing file /home/airflow/.local/lib/python3.12/site-packages/airflow/example_dags/example_xcomargs.py for tasks to queue
[2024-07-05T21:12:41.020+0000] {logging_mixin.py:188} INFO - [2024-07-05T21:12:41.019+0000] {dagbag.py:545} INFO - Filling up the DagBag from /home/airflow/.local/lib/python3.12/site-packages/airflow/example_dags/example_xcomargs.py
[2024-07-05T21:12:41.044+0000] {processor.py:840} INFO - DAG(s) 'example_xcom_args_with_operators', 'example_xcom_args' retrieved from /home/airflow/.local/lib/python3.12/site-packages/airflow/example_dags/example_xcomargs.py
[2024-07-05T21:12:41.083+0000] {logging_mixin.py:188} INFO - [2024-07-05T21:12:41.082+0000] {dag.py:3096} INFO - Sync 2 DAGs
[2024-07-05T21:12:41.104+0000] {logging_mixin.py:188} INFO - [2024-07-05T21:12:41.104+0000] {dag.py:3954} INFO - Setting next_dagrun for example_xcom_args to None, run_after=None
[2024-07-05T21:12:41.111+0000] {logging_mixin.py:188} INFO - [2024-07-05T21:12:41.110+0000] {dag.py:3954} INFO - Setting next_dagrun for example_xcom_args_with_operators to None, run_after=None
[2024-07-05T21:12:41.144+0000] {processor.py:183} INFO - Processing /home/airflow/.local/lib/python3.12/site-packages/airflow/example_dags/example_xcomargs.py took 0.145 seconds
[2024-07-05T21:13:11.696+0000] {processor.py:161} INFO - Started process (PID=1290) to work on /home/airflow/.local/lib/python3.12/site-packages/airflow/example_dags/example_xcomargs.py
[2024-07-05T21:13:11.700+0000] {processor.py:830} INFO - Processing file /home/airflow/.local/lib/python3.12/site-packages/airflow/example_dags/example_xcomargs.py for tasks to queue
[2024-07-05T21:13:11.730+0000] {logging_mixin.py:188} INFO - [2024-07-05T21:13:11.712+0000] {dagbag.py:545} INFO - Filling up the DagBag from /home/airflow/.local/lib/python3.12/site-packages/airflow/example_dags/example_xcomargs.py
[2024-07-05T21:13:11.832+0000] {processor.py:840} INFO - DAG(s) 'example_xcom_args_with_operators', 'example_xcom_args' retrieved from /home/airflow/.local/lib/python3.12/site-packages/airflow/example_dags/example_xcomargs.py
[2024-07-05T21:13:12.013+0000] {logging_mixin.py:188} INFO - [2024-07-05T21:13:12.012+0000] {dag.py:3096} INFO - Sync 2 DAGs
[2024-07-05T21:13:12.690+0000] {logging_mixin.py:188} INFO - [2024-07-05T21:13:12.690+0000] {dag.py:3954} INFO - Setting next_dagrun for example_xcom_args to None, run_after=None
[2024-07-05T21:13:12.700+0000] {logging_mixin.py:188} INFO - [2024-07-05T21:13:12.699+0000] {dag.py:3954} INFO - Setting next_dagrun for example_xcom_args_with_operators to None, run_after=None
[2024-07-05T21:13:12.843+0000] {processor.py:183} INFO - Processing /home/airflow/.local/lib/python3.12/site-packages/airflow/example_dags/example_xcomargs.py took 1.178 seconds
[2024-07-05T21:13:43.045+0000] {processor.py:161} INFO - Started process (PID=1348) to work on /home/airflow/.local/lib/python3.12/site-packages/airflow/example_dags/example_xcomargs.py
[2024-07-05T21:13:43.046+0000] {processor.py:830} INFO - Processing file /home/airflow/.local/lib/python3.12/site-packages/airflow/example_dags/example_xcomargs.py for tasks to queue
[2024-07-05T21:13:43.050+0000] {logging_mixin.py:188} INFO - [2024-07-05T21:13:43.049+0000] {dagbag.py:545} INFO - Filling up the DagBag from /home/airflow/.local/lib/python3.12/site-packages/airflow/example_dags/example_xcomargs.py
[2024-07-05T21:13:43.145+0000] {processor.py:840} INFO - DAG(s) 'example_xcom_args', 'example_xcom_args_with_operators' retrieved from /home/airflow/.local/lib/python3.12/site-packages/airflow/example_dags/example_xcomargs.py
[2024-07-05T21:13:43.310+0000] {logging_mixin.py:188} INFO - [2024-07-05T21:13:43.309+0000] {dag.py:3096} INFO - Sync 2 DAGs
[2024-07-05T21:13:43.355+0000] {logging_mixin.py:188} INFO - [2024-07-05T21:13:43.355+0000] {dag.py:3954} INFO - Setting next_dagrun for example_xcom_args to None, run_after=None
[2024-07-05T21:13:43.363+0000] {logging_mixin.py:188} INFO - [2024-07-05T21:13:43.362+0000] {dag.py:3954} INFO - Setting next_dagrun for example_xcom_args_with_operators to None, run_after=None
[2024-07-05T21:13:43.472+0000] {processor.py:183} INFO - Processing /home/airflow/.local/lib/python3.12/site-packages/airflow/example_dags/example_xcomargs.py took 0.442 seconds
[2024-07-05T21:14:14.413+0000] {processor.py:161} INFO - Started process (PID=1406) to work on /home/airflow/.local/lib/python3.12/site-packages/airflow/example_dags/example_xcomargs.py
[2024-07-05T21:14:14.415+0000] {processor.py:830} INFO - Processing file /home/airflow/.local/lib/python3.12/site-packages/airflow/example_dags/example_xcomargs.py for tasks to queue
[2024-07-05T21:14:14.418+0000] {logging_mixin.py:188} INFO - [2024-07-05T21:14:14.418+0000] {dagbag.py:545} INFO - Filling up the DagBag from /home/airflow/.local/lib/python3.12/site-packages/airflow/example_dags/example_xcomargs.py
[2024-07-05T21:14:14.435+0000] {processor.py:840} INFO - DAG(s) 'example_xcom_args_with_operators', 'example_xcom_args' retrieved from /home/airflow/.local/lib/python3.12/site-packages/airflow/example_dags/example_xcomargs.py
[2024-07-05T21:14:14.474+0000] {logging_mixin.py:188} INFO - [2024-07-05T21:14:14.474+0000] {dag.py:3096} INFO - Sync 2 DAGs
[2024-07-05T21:14:14.498+0000] {logging_mixin.py:188} INFO - [2024-07-05T21:14:14.498+0000] {dag.py:3954} INFO - Setting next_dagrun for example_xcom_args to None, run_after=None
[2024-07-05T21:14:14.504+0000] {logging_mixin.py:188} INFO - [2024-07-05T21:14:14.504+0000] {dag.py:3954} INFO - Setting next_dagrun for example_xcom_args_with_operators to None, run_after=None
[2024-07-05T21:14:14.533+0000] {processor.py:183} INFO - Processing /home/airflow/.local/lib/python3.12/site-packages/airflow/example_dags/example_xcomargs.py took 0.131 seconds
[2024-07-05T21:14:45.228+0000] {processor.py:161} INFO - Started process (PID=1464) to work on /home/airflow/.local/lib/python3.12/site-packages/airflow/example_dags/example_xcomargs.py
[2024-07-05T21:14:45.230+0000] {processor.py:830} INFO - Processing file /home/airflow/.local/lib/python3.12/site-packages/airflow/example_dags/example_xcomargs.py for tasks to queue
[2024-07-05T21:14:45.234+0000] {logging_mixin.py:188} INFO - [2024-07-05T21:14:45.233+0000] {dagbag.py:545} INFO - Filling up the DagBag from /home/airflow/.local/lib/python3.12/site-packages/airflow/example_dags/example_xcomargs.py
[2024-07-05T21:14:45.251+0000] {processor.py:840} INFO - DAG(s) 'example_xcom_args', 'example_xcom_args_with_operators' retrieved from /home/airflow/.local/lib/python3.12/site-packages/airflow/example_dags/example_xcomargs.py
[2024-07-05T21:14:45.296+0000] {logging_mixin.py:188} INFO - [2024-07-05T21:14:45.296+0000] {dag.py:3096} INFO - Sync 2 DAGs
[2024-07-05T21:14:45.320+0000] {logging_mixin.py:188} INFO - [2024-07-05T21:14:45.320+0000] {dag.py:3954} INFO - Setting next_dagrun for example_xcom_args to None, run_after=None
[2024-07-05T21:14:45.328+0000] {logging_mixin.py:188} INFO - [2024-07-05T21:14:45.328+0000] {dag.py:3954} INFO - Setting next_dagrun for example_xcom_args_with_operators to None, run_after=None
[2024-07-05T21:14:45.362+0000] {processor.py:183} INFO - Processing /home/airflow/.local/lib/python3.12/site-packages/airflow/example_dags/example_xcomargs.py took 0.147 seconds
[2024-07-05T21:15:15.777+0000] {processor.py:161} INFO - Started process (PID=1522) to work on /home/airflow/.local/lib/python3.12/site-packages/airflow/example_dags/example_xcomargs.py
[2024-07-05T21:15:15.779+0000] {processor.py:830} INFO - Processing file /home/airflow/.local/lib/python3.12/site-packages/airflow/example_dags/example_xcomargs.py for tasks to queue
[2024-07-05T21:15:15.782+0000] {logging_mixin.py:188} INFO - [2024-07-05T21:15:15.782+0000] {dagbag.py:545} INFO - Filling up the DagBag from /home/airflow/.local/lib/python3.12/site-packages/airflow/example_dags/example_xcomargs.py
[2024-07-05T21:15:15.798+0000] {processor.py:840} INFO - DAG(s) 'example_xcom_args_with_operators', 'example_xcom_args' retrieved from /home/airflow/.local/lib/python3.12/site-packages/airflow/example_dags/example_xcomargs.py
[2024-07-05T21:15:15.843+0000] {logging_mixin.py:188} INFO - [2024-07-05T21:15:15.843+0000] {dag.py:3096} INFO - Sync 2 DAGs
[2024-07-05T21:15:15.864+0000] {logging_mixin.py:188} INFO - [2024-07-05T21:15:15.864+0000] {dag.py:3954} INFO - Setting next_dagrun for example_xcom_args to None, run_after=None
[2024-07-05T21:15:15.871+0000] {logging_mixin.py:188} INFO - [2024-07-05T21:15:15.871+0000] {dag.py:3954} INFO - Setting next_dagrun for example_xcom_args_with_operators to None, run_after=None
[2024-07-05T21:15:15.902+0000] {processor.py:183} INFO - Processing /home/airflow/.local/lib/python3.12/site-packages/airflow/example_dags/example_xcomargs.py took 0.135 seconds
[2024-07-05T21:15:45.961+0000] {processor.py:161} INFO - Started process (PID=1579) to work on /home/airflow/.local/lib/python3.12/site-packages/airflow/example_dags/example_xcomargs.py
[2024-07-05T21:15:45.963+0000] {processor.py:830} INFO - Processing file /home/airflow/.local/lib/python3.12/site-packages/airflow/example_dags/example_xcomargs.py for tasks to queue
[2024-07-05T21:15:45.966+0000] {logging_mixin.py:188} INFO - [2024-07-05T21:15:45.965+0000] {dagbag.py:545} INFO - Filling up the DagBag from /home/airflow/.local/lib/python3.12/site-packages/airflow/example_dags/example_xcomargs.py
[2024-07-05T21:15:45.978+0000] {processor.py:840} INFO - DAG(s) 'example_xcom_args_with_operators', 'example_xcom_args' retrieved from /home/airflow/.local/lib/python3.12/site-packages/airflow/example_dags/example_xcomargs.py
[2024-07-05T21:15:46.034+0000] {logging_mixin.py:188} INFO - [2024-07-05T21:15:46.033+0000] {dag.py:3096} INFO - Sync 2 DAGs
[2024-07-05T21:15:46.066+0000] {logging_mixin.py:188} INFO - [2024-07-05T21:15:46.066+0000] {dag.py:3954} INFO - Setting next_dagrun for example_xcom_args to None, run_after=None
[2024-07-05T21:15:46.073+0000] {logging_mixin.py:188} INFO - [2024-07-05T21:15:46.073+0000] {dag.py:3954} INFO - Setting next_dagrun for example_xcom_args_with_operators to None, run_after=None
[2024-07-05T21:15:46.104+0000] {processor.py:183} INFO - Processing /home/airflow/.local/lib/python3.12/site-packages/airflow/example_dags/example_xcomargs.py took 0.152 seconds
[2024-07-05T21:16:16.490+0000] {processor.py:161} INFO - Started process (PID=1637) to work on /home/airflow/.local/lib/python3.12/site-packages/airflow/example_dags/example_xcomargs.py
[2024-07-05T21:16:16.492+0000] {processor.py:830} INFO - Processing file /home/airflow/.local/lib/python3.12/site-packages/airflow/example_dags/example_xcomargs.py for tasks to queue
[2024-07-05T21:16:16.497+0000] {logging_mixin.py:188} INFO - [2024-07-05T21:16:16.496+0000] {dagbag.py:545} INFO - Filling up the DagBag from /home/airflow/.local/lib/python3.12/site-packages/airflow/example_dags/example_xcomargs.py
[2024-07-05T21:16:16.518+0000] {processor.py:840} INFO - DAG(s) 'example_xcom_args', 'example_xcom_args_with_operators' retrieved from /home/airflow/.local/lib/python3.12/site-packages/airflow/example_dags/example_xcomargs.py
[2024-07-05T21:16:16.573+0000] {logging_mixin.py:188} INFO - [2024-07-05T21:16:16.572+0000] {dag.py:3096} INFO - Sync 2 DAGs
[2024-07-05T21:16:16.608+0000] {logging_mixin.py:188} INFO - [2024-07-05T21:16:16.608+0000] {dag.py:3954} INFO - Setting next_dagrun for example_xcom_args to None, run_after=None
[2024-07-05T21:16:16.617+0000] {logging_mixin.py:188} INFO - [2024-07-05T21:16:16.617+0000] {dag.py:3954} INFO - Setting next_dagrun for example_xcom_args_with_operators to None, run_after=None
[2024-07-05T21:16:16.663+0000] {processor.py:183} INFO - Processing /home/airflow/.local/lib/python3.12/site-packages/airflow/example_dags/example_xcomargs.py took 0.186 seconds
[2024-07-05T21:16:47.408+0000] {processor.py:161} INFO - Started process (PID=1696) to work on /home/airflow/.local/lib/python3.12/site-packages/airflow/example_dags/example_xcomargs.py
[2024-07-05T21:16:47.413+0000] {processor.py:830} INFO - Processing file /home/airflow/.local/lib/python3.12/site-packages/airflow/example_dags/example_xcomargs.py for tasks to queue
[2024-07-05T21:16:47.418+0000] {logging_mixin.py:188} INFO - [2024-07-05T21:16:47.417+0000] {dagbag.py:545} INFO - Filling up the DagBag from /home/airflow/.local/lib/python3.12/site-packages/airflow/example_dags/example_xcomargs.py
[2024-07-05T21:16:47.439+0000] {processor.py:840} INFO - DAG(s) 'example_xcom_args_with_operators', 'example_xcom_args' retrieved from /home/airflow/.local/lib/python3.12/site-packages/airflow/example_dags/example_xcomargs.py
[2024-07-05T21:16:47.504+0000] {logging_mixin.py:188} INFO - [2024-07-05T21:16:47.503+0000] {dag.py:3096} INFO - Sync 2 DAGs
[2024-07-05T21:16:47.546+0000] {logging_mixin.py:188} INFO - [2024-07-05T21:16:47.545+0000] {dag.py:3954} INFO - Setting next_dagrun for example_xcom_args to None, run_after=None
[2024-07-05T21:16:47.559+0000] {logging_mixin.py:188} INFO - [2024-07-05T21:16:47.557+0000] {dag.py:3954} INFO - Setting next_dagrun for example_xcom_args_with_operators to None, run_after=None
[2024-07-05T21:16:47.604+0000] {processor.py:183} INFO - Processing /home/airflow/.local/lib/python3.12/site-packages/airflow/example_dags/example_xcomargs.py took 0.213 seconds
[2024-07-05T21:17:18.262+0000] {processor.py:161} INFO - Started process (PID=1754) to work on /home/airflow/.local/lib/python3.12/site-packages/airflow/example_dags/example_xcomargs.py
[2024-07-05T21:17:18.264+0000] {processor.py:830} INFO - Processing file /home/airflow/.local/lib/python3.12/site-packages/airflow/example_dags/example_xcomargs.py for tasks to queue
[2024-07-05T21:17:18.267+0000] {logging_mixin.py:188} INFO - [2024-07-05T21:17:18.267+0000] {dagbag.py:545} INFO - Filling up the DagBag from /home/airflow/.local/lib/python3.12/site-packages/airflow/example_dags/example_xcomargs.py
[2024-07-05T21:17:18.283+0000] {processor.py:840} INFO - DAG(s) 'example_xcom_args', 'example_xcom_args_with_operators' retrieved from /home/airflow/.local/lib/python3.12/site-packages/airflow/example_dags/example_xcomargs.py
[2024-07-05T21:17:18.325+0000] {logging_mixin.py:188} INFO - [2024-07-05T21:17:18.325+0000] {dag.py:3096} INFO - Sync 2 DAGs
[2024-07-05T21:17:18.348+0000] {logging_mixin.py:188} INFO - [2024-07-05T21:17:18.348+0000] {dag.py:3954} INFO - Setting next_dagrun for example_xcom_args to None, run_after=None
[2024-07-05T21:17:18.354+0000] {logging_mixin.py:188} INFO - [2024-07-05T21:17:18.354+0000] {dag.py:3954} INFO - Setting next_dagrun for example_xcom_args_with_operators to None, run_after=None
[2024-07-05T21:17:18.384+0000] {processor.py:183} INFO - Processing /home/airflow/.local/lib/python3.12/site-packages/airflow/example_dags/example_xcomargs.py took 0.132 seconds
[2024-07-05T21:17:48.889+0000] {processor.py:161} INFO - Started process (PID=1813) to work on /home/airflow/.local/lib/python3.12/site-packages/airflow/example_dags/example_xcomargs.py
[2024-07-05T21:17:48.891+0000] {processor.py:830} INFO - Processing file /home/airflow/.local/lib/python3.12/site-packages/airflow/example_dags/example_xcomargs.py for tasks to queue
[2024-07-05T21:17:48.895+0000] {logging_mixin.py:188} INFO - [2024-07-05T21:17:48.894+0000] {dagbag.py:545} INFO - Filling up the DagBag from /home/airflow/.local/lib/python3.12/site-packages/airflow/example_dags/example_xcomargs.py
[2024-07-05T21:17:48.918+0000] {processor.py:840} INFO - DAG(s) 'example_xcom_args_with_operators', 'example_xcom_args' retrieved from /home/airflow/.local/lib/python3.12/site-packages/airflow/example_dags/example_xcomargs.py
[2024-07-05T21:17:48.974+0000] {logging_mixin.py:188} INFO - [2024-07-05T21:17:48.974+0000] {dag.py:3096} INFO - Sync 2 DAGs
[2024-07-05T21:17:48.999+0000] {logging_mixin.py:188} INFO - [2024-07-05T21:17:48.998+0000] {dag.py:3954} INFO - Setting next_dagrun for example_xcom_args to None, run_after=None
[2024-07-05T21:17:49.007+0000] {logging_mixin.py:188} INFO - [2024-07-05T21:17:49.006+0000] {dag.py:3954} INFO - Setting next_dagrun for example_xcom_args_with_operators to None, run_after=None
[2024-07-05T21:17:49.046+0000] {processor.py:183} INFO - Processing /home/airflow/.local/lib/python3.12/site-packages/airflow/example_dags/example_xcomargs.py took 0.168 seconds
[2024-07-05T21:18:19.288+0000] {processor.py:161} INFO - Started process (PID=1872) to work on /home/airflow/.local/lib/python3.12/site-packages/airflow/example_dags/example_xcomargs.py
[2024-07-05T21:18:19.290+0000] {processor.py:830} INFO - Processing file /home/airflow/.local/lib/python3.12/site-packages/airflow/example_dags/example_xcomargs.py for tasks to queue
[2024-07-05T21:18:19.293+0000] {logging_mixin.py:188} INFO - [2024-07-05T21:18:19.292+0000] {dagbag.py:545} INFO - Filling up the DagBag from /home/airflow/.local/lib/python3.12/site-packages/airflow/example_dags/example_xcomargs.py
[2024-07-05T21:18:19.529+0000] {processor.py:840} INFO - DAG(s) 'example_xcom_args', 'example_xcom_args_with_operators' retrieved from /home/airflow/.local/lib/python3.12/site-packages/airflow/example_dags/example_xcomargs.py
[2024-07-05T21:18:19.565+0000] {logging_mixin.py:188} INFO - [2024-07-05T21:18:19.565+0000] {dag.py:3096} INFO - Sync 2 DAGs
[2024-07-05T21:18:19.585+0000] {logging_mixin.py:188} INFO - [2024-07-05T21:18:19.585+0000] {dag.py:3954} INFO - Setting next_dagrun for example_xcom_args to None, run_after=None
[2024-07-05T21:18:19.592+0000] {logging_mixin.py:188} INFO - [2024-07-05T21:18:19.591+0000] {dag.py:3954} INFO - Setting next_dagrun for example_xcom_args_with_operators to None, run_after=None
[2024-07-05T21:18:19.619+0000] {processor.py:183} INFO - Processing /home/airflow/.local/lib/python3.12/site-packages/airflow/example_dags/example_xcomargs.py took 0.344 seconds
[2024-07-05T21:18:49.683+0000] {processor.py:161} INFO - Started process (PID=1930) to work on /home/airflow/.local/lib/python3.12/site-packages/airflow/example_dags/example_xcomargs.py
[2024-07-05T21:18:49.685+0000] {processor.py:830} INFO - Processing file /home/airflow/.local/lib/python3.12/site-packages/airflow/example_dags/example_xcomargs.py for tasks to queue
[2024-07-05T21:18:49.688+0000] {logging_mixin.py:188} INFO - [2024-07-05T21:18:49.687+0000] {dagbag.py:545} INFO - Filling up the DagBag from /home/airflow/.local/lib/python3.12/site-packages/airflow/example_dags/example_xcomargs.py
[2024-07-05T21:18:49.701+0000] {processor.py:840} INFO - DAG(s) 'example_xcom_args_with_operators', 'example_xcom_args' retrieved from /home/airflow/.local/lib/python3.12/site-packages/airflow/example_dags/example_xcomargs.py
[2024-07-05T21:18:49.749+0000] {logging_mixin.py:188} INFO - [2024-07-05T21:18:49.748+0000] {dag.py:3096} INFO - Sync 2 DAGs
[2024-07-05T21:18:49.768+0000] {logging_mixin.py:188} INFO - [2024-07-05T21:18:49.768+0000] {dag.py:3954} INFO - Setting next_dagrun for example_xcom_args to None, run_after=None
[2024-07-05T21:18:49.774+0000] {logging_mixin.py:188} INFO - [2024-07-05T21:18:49.774+0000] {dag.py:3954} INFO - Setting next_dagrun for example_xcom_args_with_operators to None, run_after=None
[2024-07-05T21:18:49.805+0000] {processor.py:183} INFO - Processing /home/airflow/.local/lib/python3.12/site-packages/airflow/example_dags/example_xcomargs.py took 0.130 seconds
[2024-07-05T21:19:20.356+0000] {processor.py:161} INFO - Started process (PID=1989) to work on /home/airflow/.local/lib/python3.12/site-packages/airflow/example_dags/example_xcomargs.py
[2024-07-05T21:19:20.358+0000] {processor.py:830} INFO - Processing file /home/airflow/.local/lib/python3.12/site-packages/airflow/example_dags/example_xcomargs.py for tasks to queue
[2024-07-05T21:19:20.361+0000] {logging_mixin.py:188} INFO - [2024-07-05T21:19:20.360+0000] {dagbag.py:545} INFO - Filling up the DagBag from /home/airflow/.local/lib/python3.12/site-packages/airflow/example_dags/example_xcomargs.py
[2024-07-05T21:19:20.373+0000] {processor.py:840} INFO - DAG(s) 'example_xcom_args', 'example_xcom_args_with_operators' retrieved from /home/airflow/.local/lib/python3.12/site-packages/airflow/example_dags/example_xcomargs.py
[2024-07-05T21:19:20.410+0000] {logging_mixin.py:188} INFO - [2024-07-05T21:19:20.410+0000] {dag.py:3096} INFO - Sync 2 DAGs
[2024-07-05T21:19:20.431+0000] {logging_mixin.py:188} INFO - [2024-07-05T21:19:20.431+0000] {dag.py:3954} INFO - Setting next_dagrun for example_xcom_args to None, run_after=None
[2024-07-05T21:19:20.438+0000] {logging_mixin.py:188} INFO - [2024-07-05T21:19:20.437+0000] {dag.py:3954} INFO - Setting next_dagrun for example_xcom_args_with_operators to None, run_after=None
[2024-07-05T21:19:20.466+0000] {processor.py:183} INFO - Processing /home/airflow/.local/lib/python3.12/site-packages/airflow/example_dags/example_xcomargs.py took 0.119 seconds
[2024-07-05T21:19:50.687+0000] {processor.py:161} INFO - Started process (PID=2047) to work on /home/airflow/.local/lib/python3.12/site-packages/airflow/example_dags/example_xcomargs.py
[2024-07-05T21:19:50.695+0000] {processor.py:830} INFO - Processing file /home/airflow/.local/lib/python3.12/site-packages/airflow/example_dags/example_xcomargs.py for tasks to queue
[2024-07-05T21:19:50.707+0000] {logging_mixin.py:188} INFO - [2024-07-05T21:19:50.703+0000] {dagbag.py:545} INFO - Filling up the DagBag from /home/airflow/.local/lib/python3.12/site-packages/airflow/example_dags/example_xcomargs.py
[2024-07-05T21:19:50.754+0000] {processor.py:840} INFO - DAG(s) 'example_xcom_args_with_operators', 'example_xcom_args' retrieved from /home/airflow/.local/lib/python3.12/site-packages/airflow/example_dags/example_xcomargs.py
[2024-07-05T21:19:50.820+0000] {logging_mixin.py:188} INFO - [2024-07-05T21:19:50.820+0000] {dag.py:3096} INFO - Sync 2 DAGs
[2024-07-05T21:19:50.856+0000] {logging_mixin.py:188} INFO - [2024-07-05T21:19:50.855+0000] {dag.py:3954} INFO - Setting next_dagrun for example_xcom_args to None, run_after=None
[2024-07-05T21:19:50.866+0000] {logging_mixin.py:188} INFO - [2024-07-05T21:19:50.865+0000] {dag.py:3954} INFO - Setting next_dagrun for example_xcom_args_with_operators to None, run_after=None
[2024-07-05T21:19:50.929+0000] {processor.py:183} INFO - Processing /home/airflow/.local/lib/python3.12/site-packages/airflow/example_dags/example_xcomargs.py took 0.256 seconds
[2024-07-05T21:20:21.260+0000] {processor.py:161} INFO - Started process (PID=2106) to work on /home/airflow/.local/lib/python3.12/site-packages/airflow/example_dags/example_xcomargs.py
[2024-07-05T21:20:21.262+0000] {processor.py:830} INFO - Processing file /home/airflow/.local/lib/python3.12/site-packages/airflow/example_dags/example_xcomargs.py for tasks to queue
[2024-07-05T21:20:21.265+0000] {logging_mixin.py:188} INFO - [2024-07-05T21:20:21.264+0000] {dagbag.py:545} INFO - Filling up the DagBag from /home/airflow/.local/lib/python3.12/site-packages/airflow/example_dags/example_xcomargs.py
[2024-07-05T21:20:21.277+0000] {processor.py:840} INFO - DAG(s) 'example_xcom_args_with_operators', 'example_xcom_args' retrieved from /home/airflow/.local/lib/python3.12/site-packages/airflow/example_dags/example_xcomargs.py
[2024-07-05T21:20:21.325+0000] {logging_mixin.py:188} INFO - [2024-07-05T21:20:21.325+0000] {dag.py:3096} INFO - Sync 2 DAGs
[2024-07-05T21:20:21.346+0000] {logging_mixin.py:188} INFO - [2024-07-05T21:20:21.346+0000] {dag.py:3954} INFO - Setting next_dagrun for example_xcom_args to None, run_after=None
[2024-07-05T21:20:21.353+0000] {logging_mixin.py:188} INFO - [2024-07-05T21:20:21.353+0000] {dag.py:3954} INFO - Setting next_dagrun for example_xcom_args_with_operators to None, run_after=None
[2024-07-05T21:20:21.383+0000] {processor.py:183} INFO - Processing /home/airflow/.local/lib/python3.12/site-packages/airflow/example_dags/example_xcomargs.py took 0.132 seconds
[2024-07-05T21:20:52.384+0000] {processor.py:161} INFO - Started process (PID=2165) to work on /home/airflow/.local/lib/python3.12/site-packages/airflow/example_dags/example_xcomargs.py
[2024-07-05T21:20:52.385+0000] {processor.py:830} INFO - Processing file /home/airflow/.local/lib/python3.12/site-packages/airflow/example_dags/example_xcomargs.py for tasks to queue
[2024-07-05T21:20:52.388+0000] {logging_mixin.py:188} INFO - [2024-07-05T21:20:52.387+0000] {dagbag.py:545} INFO - Filling up the DagBag from /home/airflow/.local/lib/python3.12/site-packages/airflow/example_dags/example_xcomargs.py
[2024-07-05T21:20:52.400+0000] {processor.py:840} INFO - DAG(s) 'example_xcom_args', 'example_xcom_args_with_operators' retrieved from /home/airflow/.local/lib/python3.12/site-packages/airflow/example_dags/example_xcomargs.py
[2024-07-05T21:20:52.434+0000] {logging_mixin.py:188} INFO - [2024-07-05T21:20:52.434+0000] {dag.py:3096} INFO - Sync 2 DAGs
[2024-07-05T21:20:52.454+0000] {logging_mixin.py:188} INFO - [2024-07-05T21:20:52.454+0000] {dag.py:3954} INFO - Setting next_dagrun for example_xcom_args to None, run_after=None
[2024-07-05T21:20:52.460+0000] {logging_mixin.py:188} INFO - [2024-07-05T21:20:52.460+0000] {dag.py:3954} INFO - Setting next_dagrun for example_xcom_args_with_operators to None, run_after=None
[2024-07-05T21:20:52.489+0000] {processor.py:183} INFO - Processing /home/airflow/.local/lib/python3.12/site-packages/airflow/example_dags/example_xcomargs.py took 0.115 seconds
[2024-07-05T21:21:22.736+0000] {processor.py:161} INFO - Started process (PID=2224) to work on /home/airflow/.local/lib/python3.12/site-packages/airflow/example_dags/example_xcomargs.py
[2024-07-05T21:21:22.737+0000] {processor.py:830} INFO - Processing file /home/airflow/.local/lib/python3.12/site-packages/airflow/example_dags/example_xcomargs.py for tasks to queue
[2024-07-05T21:21:22.742+0000] {logging_mixin.py:188} INFO - [2024-07-05T21:21:22.742+0000] {dagbag.py:545} INFO - Filling up the DagBag from /home/airflow/.local/lib/python3.12/site-packages/airflow/example_dags/example_xcomargs.py
[2024-07-05T21:21:22.764+0000] {processor.py:840} INFO - DAG(s) 'example_xcom_args_with_operators', 'example_xcom_args' retrieved from /home/airflow/.local/lib/python3.12/site-packages/airflow/example_dags/example_xcomargs.py
[2024-07-05T21:21:22.817+0000] {logging_mixin.py:188} INFO - [2024-07-05T21:21:22.817+0000] {dag.py:3096} INFO - Sync 2 DAGs
[2024-07-05T21:21:22.849+0000] {logging_mixin.py:188} INFO - [2024-07-05T21:21:22.849+0000] {dag.py:3954} INFO - Setting next_dagrun for example_xcom_args to None, run_after=None
[2024-07-05T21:21:22.856+0000] {logging_mixin.py:188} INFO - [2024-07-05T21:21:22.855+0000] {dag.py:3954} INFO - Setting next_dagrun for example_xcom_args_with_operators to None, run_after=None
[2024-07-05T21:21:22.897+0000] {processor.py:183} INFO - Processing /home/airflow/.local/lib/python3.12/site-packages/airflow/example_dags/example_xcomargs.py took 0.174 seconds
[2024-07-05T21:21:53.181+0000] {processor.py:161} INFO - Started process (PID=2283) to work on /home/airflow/.local/lib/python3.12/site-packages/airflow/example_dags/example_xcomargs.py
[2024-07-05T21:21:53.183+0000] {processor.py:830} INFO - Processing file /home/airflow/.local/lib/python3.12/site-packages/airflow/example_dags/example_xcomargs.py for tasks to queue
[2024-07-05T21:21:53.186+0000] {logging_mixin.py:188} INFO - [2024-07-05T21:21:53.186+0000] {dagbag.py:545} INFO - Filling up the DagBag from /home/airflow/.local/lib/python3.12/site-packages/airflow/example_dags/example_xcomargs.py
[2024-07-05T21:21:53.204+0000] {processor.py:840} INFO - DAG(s) 'example_xcom_args', 'example_xcom_args_with_operators' retrieved from /home/airflow/.local/lib/python3.12/site-packages/airflow/example_dags/example_xcomargs.py
[2024-07-05T21:21:53.265+0000] {logging_mixin.py:188} INFO - [2024-07-05T21:21:53.265+0000] {dag.py:3096} INFO - Sync 2 DAGs
[2024-07-05T21:21:53.292+0000] {logging_mixin.py:188} INFO - [2024-07-05T21:21:53.292+0000] {dag.py:3954} INFO - Setting next_dagrun for example_xcom_args to None, run_after=None
[2024-07-05T21:21:53.300+0000] {logging_mixin.py:188} INFO - [2024-07-05T21:21:53.300+0000] {dag.py:3954} INFO - Setting next_dagrun for example_xcom_args_with_operators to None, run_after=None
[2024-07-05T21:21:53.332+0000] {processor.py:183} INFO - Processing /home/airflow/.local/lib/python3.12/site-packages/airflow/example_dags/example_xcomargs.py took 0.164 seconds
[2024-07-05T21:22:23.880+0000] {processor.py:161} INFO - Started process (PID=2341) to work on /home/airflow/.local/lib/python3.12/site-packages/airflow/example_dags/example_xcomargs.py
[2024-07-05T21:22:23.882+0000] {processor.py:830} INFO - Processing file /home/airflow/.local/lib/python3.12/site-packages/airflow/example_dags/example_xcomargs.py for tasks to queue
[2024-07-05T21:22:23.885+0000] {logging_mixin.py:188} INFO - [2024-07-05T21:22:23.884+0000] {dagbag.py:545} INFO - Filling up the DagBag from /home/airflow/.local/lib/python3.12/site-packages/airflow/example_dags/example_xcomargs.py
[2024-07-05T21:22:23.898+0000] {processor.py:840} INFO - DAG(s) 'example_xcom_args', 'example_xcom_args_with_operators' retrieved from /home/airflow/.local/lib/python3.12/site-packages/airflow/example_dags/example_xcomargs.py
[2024-07-05T21:22:23.942+0000] {logging_mixin.py:188} INFO - [2024-07-05T21:22:23.941+0000] {dag.py:3096} INFO - Sync 2 DAGs
[2024-07-05T21:22:23.964+0000] {logging_mixin.py:188} INFO - [2024-07-05T21:22:23.964+0000] {dag.py:3954} INFO - Setting next_dagrun for example_xcom_args to None, run_after=None
[2024-07-05T21:22:23.974+0000] {logging_mixin.py:188} INFO - [2024-07-05T21:22:23.974+0000] {dag.py:3954} INFO - Setting next_dagrun for example_xcom_args_with_operators to None, run_after=None
[2024-07-05T21:22:24.028+0000] {processor.py:183} INFO - Processing /home/airflow/.local/lib/python3.12/site-packages/airflow/example_dags/example_xcomargs.py took 0.159 seconds
[2024-07-05T21:22:54.844+0000] {processor.py:161} INFO - Started process (PID=2400) to work on /home/airflow/.local/lib/python3.12/site-packages/airflow/example_dags/example_xcomargs.py
[2024-07-05T21:22:54.849+0000] {processor.py:830} INFO - Processing file /home/airflow/.local/lib/python3.12/site-packages/airflow/example_dags/example_xcomargs.py for tasks to queue
[2024-07-05T21:22:54.856+0000] {logging_mixin.py:188} INFO - [2024-07-05T21:22:54.855+0000] {dagbag.py:545} INFO - Filling up the DagBag from /home/airflow/.local/lib/python3.12/site-packages/airflow/example_dags/example_xcomargs.py
[2024-07-05T21:22:54.894+0000] {processor.py:840} INFO - DAG(s) 'example_xcom_args_with_operators', 'example_xcom_args' retrieved from /home/airflow/.local/lib/python3.12/site-packages/airflow/example_dags/example_xcomargs.py
[2024-07-05T21:22:54.989+0000] {logging_mixin.py:188} INFO - [2024-07-05T21:22:54.988+0000] {dag.py:3096} INFO - Sync 2 DAGs
[2024-07-05T21:22:55.112+0000] {logging_mixin.py:188} INFO - [2024-07-05T21:22:55.112+0000] {dag.py:3954} INFO - Setting next_dagrun for example_xcom_args to None, run_after=None
[2024-07-05T21:22:55.147+0000] {logging_mixin.py:188} INFO - [2024-07-05T21:22:55.146+0000] {dag.py:3954} INFO - Setting next_dagrun for example_xcom_args_with_operators to None, run_after=None
[2024-07-05T21:22:55.232+0000] {processor.py:183} INFO - Processing /home/airflow/.local/lib/python3.12/site-packages/airflow/example_dags/example_xcomargs.py took 0.437 seconds
[2024-07-05T21:23:25.328+0000] {processor.py:161} INFO - Started process (PID=2459) to work on /home/airflow/.local/lib/python3.12/site-packages/airflow/example_dags/example_xcomargs.py
[2024-07-05T21:23:25.330+0000] {processor.py:830} INFO - Processing file /home/airflow/.local/lib/python3.12/site-packages/airflow/example_dags/example_xcomargs.py for tasks to queue
[2024-07-05T21:23:25.333+0000] {logging_mixin.py:188} INFO - [2024-07-05T21:23:25.332+0000] {dagbag.py:545} INFO - Filling up the DagBag from /home/airflow/.local/lib/python3.12/site-packages/airflow/example_dags/example_xcomargs.py
[2024-07-05T21:23:25.345+0000] {processor.py:840} INFO - DAG(s) 'example_xcom_args_with_operators', 'example_xcom_args' retrieved from /home/airflow/.local/lib/python3.12/site-packages/airflow/example_dags/example_xcomargs.py
[2024-07-05T21:23:25.381+0000] {logging_mixin.py:188} INFO - [2024-07-05T21:23:25.380+0000] {dag.py:3096} INFO - Sync 2 DAGs
[2024-07-05T21:23:25.400+0000] {logging_mixin.py:188} INFO - [2024-07-05T21:23:25.400+0000] {dag.py:3954} INFO - Setting next_dagrun for example_xcom_args to None, run_after=None
[2024-07-05T21:23:25.409+0000] {logging_mixin.py:188} INFO - [2024-07-05T21:23:25.408+0000] {dag.py:3954} INFO - Setting next_dagrun for example_xcom_args_with_operators to None, run_after=None
[2024-07-05T21:23:25.442+0000] {processor.py:183} INFO - Processing /home/airflow/.local/lib/python3.12/site-packages/airflow/example_dags/example_xcomargs.py took 0.122 seconds
[2024-07-05T21:23:55.916+0000] {processor.py:161} INFO - Started process (PID=2518) to work on /home/airflow/.local/lib/python3.12/site-packages/airflow/example_dags/example_xcomargs.py
[2024-07-05T21:23:55.919+0000] {processor.py:830} INFO - Processing file /home/airflow/.local/lib/python3.12/site-packages/airflow/example_dags/example_xcomargs.py for tasks to queue
[2024-07-05T21:23:55.924+0000] {logging_mixin.py:188} INFO - [2024-07-05T21:23:55.923+0000] {dagbag.py:545} INFO - Filling up the DagBag from /home/airflow/.local/lib/python3.12/site-packages/airflow/example_dags/example_xcomargs.py
[2024-07-05T21:23:55.940+0000] {processor.py:840} INFO - DAG(s) 'example_xcom_args', 'example_xcom_args_with_operators' retrieved from /home/airflow/.local/lib/python3.12/site-packages/airflow/example_dags/example_xcomargs.py
[2024-07-05T21:23:55.988+0000] {logging_mixin.py:188} INFO - [2024-07-05T21:23:55.987+0000] {dag.py:3096} INFO - Sync 2 DAGs
[2024-07-05T21:23:56.010+0000] {logging_mixin.py:188} INFO - [2024-07-05T21:23:56.009+0000] {dag.py:3954} INFO - Setting next_dagrun for example_xcom_args to None, run_after=None
[2024-07-05T21:23:56.016+0000] {logging_mixin.py:188} INFO - [2024-07-05T21:23:56.016+0000] {dag.py:3954} INFO - Setting next_dagrun for example_xcom_args_with_operators to None, run_after=None
[2024-07-05T21:23:56.059+0000] {processor.py:183} INFO - Processing /home/airflow/.local/lib/python3.12/site-packages/airflow/example_dags/example_xcomargs.py took 0.161 seconds
[2024-07-05T21:24:26.169+0000] {processor.py:161} INFO - Started process (PID=2577) to work on /home/airflow/.local/lib/python3.12/site-packages/airflow/example_dags/example_xcomargs.py
[2024-07-05T21:24:26.177+0000] {processor.py:830} INFO - Processing file /home/airflow/.local/lib/python3.12/site-packages/airflow/example_dags/example_xcomargs.py for tasks to queue
[2024-07-05T21:24:26.187+0000] {logging_mixin.py:188} INFO - [2024-07-05T21:24:26.186+0000] {dagbag.py:545} INFO - Filling up the DagBag from /home/airflow/.local/lib/python3.12/site-packages/airflow/example_dags/example_xcomargs.py
[2024-07-05T21:24:26.208+0000] {processor.py:840} INFO - DAG(s) 'example_xcom_args_with_operators', 'example_xcom_args' retrieved from /home/airflow/.local/lib/python3.12/site-packages/airflow/example_dags/example_xcomargs.py
[2024-07-05T21:24:26.269+0000] {logging_mixin.py:188} INFO - [2024-07-05T21:24:26.268+0000] {dag.py:3096} INFO - Sync 2 DAGs
[2024-07-05T21:24:26.304+0000] {logging_mixin.py:188} INFO - [2024-07-05T21:24:26.303+0000] {dag.py:3954} INFO - Setting next_dagrun for example_xcom_args to None, run_after=None
[2024-07-05T21:24:26.315+0000] {logging_mixin.py:188} INFO - [2024-07-05T21:24:26.314+0000] {dag.py:3954} INFO - Setting next_dagrun for example_xcom_args_with_operators to None, run_after=None
[2024-07-05T21:24:26.358+0000] {processor.py:183} INFO - Processing /home/airflow/.local/lib/python3.12/site-packages/airflow/example_dags/example_xcomargs.py took 0.214 seconds
[2024-07-05T21:24:56.507+0000] {processor.py:161} INFO - Started process (PID=2634) to work on /home/airflow/.local/lib/python3.12/site-packages/airflow/example_dags/example_xcomargs.py
[2024-07-05T21:24:56.510+0000] {processor.py:830} INFO - Processing file /home/airflow/.local/lib/python3.12/site-packages/airflow/example_dags/example_xcomargs.py for tasks to queue
[2024-07-05T21:24:56.516+0000] {logging_mixin.py:188} INFO - [2024-07-05T21:24:56.515+0000] {dagbag.py:545} INFO - Filling up the DagBag from /home/airflow/.local/lib/python3.12/site-packages/airflow/example_dags/example_xcomargs.py
[2024-07-05T21:24:56.532+0000] {processor.py:840} INFO - DAG(s) 'example_xcom_args_with_operators', 'example_xcom_args' retrieved from /home/airflow/.local/lib/python3.12/site-packages/airflow/example_dags/example_xcomargs.py
[2024-07-05T21:24:56.577+0000] {logging_mixin.py:188} INFO - [2024-07-05T21:24:56.577+0000] {dag.py:3096} INFO - Sync 2 DAGs
[2024-07-05T21:24:56.598+0000] {logging_mixin.py:188} INFO - [2024-07-05T21:24:56.598+0000] {dag.py:3954} INFO - Setting next_dagrun for example_xcom_args to None, run_after=None
[2024-07-05T21:24:56.606+0000] {logging_mixin.py:188} INFO - [2024-07-05T21:24:56.606+0000] {dag.py:3954} INFO - Setting next_dagrun for example_xcom_args_with_operators to None, run_after=None
[2024-07-05T21:24:56.636+0000] {processor.py:183} INFO - Processing /home/airflow/.local/lib/python3.12/site-packages/airflow/example_dags/example_xcomargs.py took 0.142 seconds
[2024-07-05T21:25:26.704+0000] {processor.py:161} INFO - Started process (PID=2690) to work on /home/airflow/.local/lib/python3.12/site-packages/airflow/example_dags/example_xcomargs.py
[2024-07-05T21:25:26.706+0000] {processor.py:830} INFO - Processing file /home/airflow/.local/lib/python3.12/site-packages/airflow/example_dags/example_xcomargs.py for tasks to queue
[2024-07-05T21:25:26.709+0000] {logging_mixin.py:188} INFO - [2024-07-05T21:25:26.709+0000] {dagbag.py:545} INFO - Filling up the DagBag from /home/airflow/.local/lib/python3.12/site-packages/airflow/example_dags/example_xcomargs.py
[2024-07-05T21:25:26.724+0000] {processor.py:840} INFO - DAG(s) 'example_xcom_args', 'example_xcom_args_with_operators' retrieved from /home/airflow/.local/lib/python3.12/site-packages/airflow/example_dags/example_xcomargs.py
[2024-07-05T21:25:26.792+0000] {logging_mixin.py:188} INFO - [2024-07-05T21:25:26.791+0000] {dag.py:3096} INFO - Sync 2 DAGs
[2024-07-05T21:25:26.835+0000] {logging_mixin.py:188} INFO - [2024-07-05T21:25:26.835+0000] {dag.py:3954} INFO - Setting next_dagrun for example_xcom_args to None, run_after=None
[2024-07-05T21:25:26.843+0000] {logging_mixin.py:188} INFO - [2024-07-05T21:25:26.842+0000] {dag.py:3954} INFO - Setting next_dagrun for example_xcom_args_with_operators to None, run_after=None
[2024-07-05T21:25:26.889+0000] {processor.py:183} INFO - Processing /home/airflow/.local/lib/python3.12/site-packages/airflow/example_dags/example_xcomargs.py took 0.195 seconds
[2024-07-05T21:25:57.388+0000] {processor.py:161} INFO - Started process (PID=2749) to work on /home/airflow/.local/lib/python3.12/site-packages/airflow/example_dags/example_xcomargs.py
[2024-07-05T21:25:57.391+0000] {processor.py:830} INFO - Processing file /home/airflow/.local/lib/python3.12/site-packages/airflow/example_dags/example_xcomargs.py for tasks to queue
[2024-07-05T21:25:57.395+0000] {logging_mixin.py:188} INFO - [2024-07-05T21:25:57.394+0000] {dagbag.py:545} INFO - Filling up the DagBag from /home/airflow/.local/lib/python3.12/site-packages/airflow/example_dags/example_xcomargs.py
[2024-07-05T21:25:57.417+0000] {processor.py:840} INFO - DAG(s) 'example_xcom_args', 'example_xcom_args_with_operators' retrieved from /home/airflow/.local/lib/python3.12/site-packages/airflow/example_dags/example_xcomargs.py
[2024-07-05T21:25:57.511+0000] {logging_mixin.py:188} INFO - [2024-07-05T21:25:57.510+0000] {dag.py:3096} INFO - Sync 2 DAGs
[2024-07-05T21:25:57.544+0000] {logging_mixin.py:188} INFO - [2024-07-05T21:25:57.543+0000] {dag.py:3954} INFO - Setting next_dagrun for example_xcom_args to None, run_after=None
[2024-07-05T21:25:57.555+0000] {logging_mixin.py:188} INFO - [2024-07-05T21:25:57.555+0000] {dag.py:3954} INFO - Setting next_dagrun for example_xcom_args_with_operators to None, run_after=None
[2024-07-05T21:25:57.605+0000] {processor.py:183} INFO - Processing /home/airflow/.local/lib/python3.12/site-packages/airflow/example_dags/example_xcomargs.py took 0.229 seconds
[2024-07-05T21:26:27.740+0000] {processor.py:161} INFO - Started process (PID=2808) to work on /home/airflow/.local/lib/python3.12/site-packages/airflow/example_dags/example_xcomargs.py
[2024-07-05T21:26:27.751+0000] {processor.py:830} INFO - Processing file /home/airflow/.local/lib/python3.12/site-packages/airflow/example_dags/example_xcomargs.py for tasks to queue
[2024-07-05T21:26:27.768+0000] {logging_mixin.py:188} INFO - [2024-07-05T21:26:27.767+0000] {dagbag.py:545} INFO - Filling up the DagBag from /home/airflow/.local/lib/python3.12/site-packages/airflow/example_dags/example_xcomargs.py
[2024-07-05T21:26:27.844+0000] {processor.py:840} INFO - DAG(s) 'example_xcom_args', 'example_xcom_args_with_operators' retrieved from /home/airflow/.local/lib/python3.12/site-packages/airflow/example_dags/example_xcomargs.py
[2024-07-05T21:26:27.949+0000] {logging_mixin.py:188} INFO - [2024-07-05T21:26:27.948+0000] {dag.py:3096} INFO - Sync 2 DAGs
[2024-07-05T21:26:27.991+0000] {logging_mixin.py:188} INFO - [2024-07-05T21:26:27.991+0000] {dag.py:3954} INFO - Setting next_dagrun for example_xcom_args to None, run_after=None
[2024-07-05T21:26:28.001+0000] {logging_mixin.py:188} INFO - [2024-07-05T21:26:28.000+0000] {dag.py:3954} INFO - Setting next_dagrun for example_xcom_args_with_operators to None, run_after=None
[2024-07-05T21:26:28.043+0000] {processor.py:183} INFO - Processing /home/airflow/.local/lib/python3.12/site-packages/airflow/example_dags/example_xcomargs.py took 0.323 seconds
