[2024-07-05T21:02:04.535+0000] {processor.py:161} INFO - Started process (PID=73) to work on /home/airflow/.local/lib/python3.12/site-packages/airflow/example_dags/example_branch_python_dop_operator_3.py
[2024-07-05T21:02:04.538+0000] {processor.py:830} INFO - Processing file /home/airflow/.local/lib/python3.12/site-packages/airflow/example_dags/example_branch_python_dop_operator_3.py for tasks to queue
[2024-07-05T21:02:04.550+0000] {logging_mixin.py:188} INFO - [2024-07-05T21:02:04.549+0000] {dagbag.py:545} INFO - Filling up the DagBag from /home/airflow/.local/lib/python3.12/site-packages/airflow/example_dags/example_branch_python_dop_operator_3.py
[2024-07-05T21:02:04.606+0000] {processor.py:840} INFO - DAG(s) 'example_branch_dop_operator_v3' retrieved from /home/airflow/.local/lib/python3.12/site-packages/airflow/example_dags/example_branch_python_dop_operator_3.py
[2024-07-05T21:02:05.236+0000] {logging_mixin.py:188} INFO - [2024-07-05T21:02:05.235+0000] {dag.py:3096} INFO - Sync 1 DAGs
[2024-07-05T21:02:05.520+0000] {logging_mixin.py:188} INFO - [2024-07-05T21:02:05.514+0000] {dag.py:3954} INFO - Setting next_dagrun for example_branch_dop_operator_v3 to 2024-07-05 21:01:00+00:00, run_after=2024-07-05 21:02:00+00:00
[2024-07-05T21:02:05.791+0000] {processor.py:183} INFO - Processing /home/airflow/.local/lib/python3.12/site-packages/airflow/example_dags/example_branch_python_dop_operator_3.py took 1.304 seconds
[2024-07-05T21:02:36.186+0000] {processor.py:161} INFO - Started process (PID=131) to work on /home/airflow/.local/lib/python3.12/site-packages/airflow/example_dags/example_branch_python_dop_operator_3.py
[2024-07-05T21:02:36.203+0000] {processor.py:830} INFO - Processing file /home/airflow/.local/lib/python3.12/site-packages/airflow/example_dags/example_branch_python_dop_operator_3.py for tasks to queue
[2024-07-05T21:02:36.220+0000] {logging_mixin.py:188} INFO - [2024-07-05T21:02:36.220+0000] {dagbag.py:545} INFO - Filling up the DagBag from /home/airflow/.local/lib/python3.12/site-packages/airflow/example_dags/example_branch_python_dop_operator_3.py
[2024-07-05T21:02:36.249+0000] {processor.py:840} INFO - DAG(s) 'example_branch_dop_operator_v3' retrieved from /home/airflow/.local/lib/python3.12/site-packages/airflow/example_dags/example_branch_python_dop_operator_3.py
[2024-07-05T21:02:36.299+0000] {logging_mixin.py:188} INFO - [2024-07-05T21:02:36.298+0000] {dag.py:3096} INFO - Sync 1 DAGs
[2024-07-05T21:02:36.356+0000] {logging_mixin.py:188} INFO - [2024-07-05T21:02:36.355+0000] {dag.py:3954} INFO - Setting next_dagrun for example_branch_dop_operator_v3 to 2024-07-05 21:01:00+00:00, run_after=2024-07-05 21:02:00+00:00
[2024-07-05T21:02:36.397+0000] {processor.py:183} INFO - Processing /home/airflow/.local/lib/python3.12/site-packages/airflow/example_dags/example_branch_python_dop_operator_3.py took 0.248 seconds
[2024-07-05T21:03:06.891+0000] {processor.py:161} INFO - Started process (PID=188) to work on /home/airflow/.local/lib/python3.12/site-packages/airflow/example_dags/example_branch_python_dop_operator_3.py
[2024-07-05T21:03:06.896+0000] {processor.py:830} INFO - Processing file /home/airflow/.local/lib/python3.12/site-packages/airflow/example_dags/example_branch_python_dop_operator_3.py for tasks to queue
[2024-07-05T21:03:06.900+0000] {logging_mixin.py:188} INFO - [2024-07-05T21:03:06.899+0000] {dagbag.py:545} INFO - Filling up the DagBag from /home/airflow/.local/lib/python3.12/site-packages/airflow/example_dags/example_branch_python_dop_operator_3.py
[2024-07-05T21:03:06.927+0000] {processor.py:840} INFO - DAG(s) 'example_branch_dop_operator_v3' retrieved from /home/airflow/.local/lib/python3.12/site-packages/airflow/example_dags/example_branch_python_dop_operator_3.py
[2024-07-05T21:03:06.990+0000] {logging_mixin.py:188} INFO - [2024-07-05T21:03:06.988+0000] {dag.py:3096} INFO - Sync 1 DAGs
[2024-07-05T21:03:07.109+0000] {logging_mixin.py:188} INFO - [2024-07-05T21:03:07.107+0000] {dag.py:3954} INFO - Setting next_dagrun for example_branch_dop_operator_v3 to 2024-07-05 21:02:00+00:00, run_after=2024-07-05 21:03:00+00:00
[2024-07-05T21:03:07.215+0000] {processor.py:183} INFO - Processing /home/airflow/.local/lib/python3.12/site-packages/airflow/example_dags/example_branch_python_dop_operator_3.py took 0.339 seconds
[2024-07-05T21:03:37.851+0000] {processor.py:161} INFO - Started process (PID=245) to work on /home/airflow/.local/lib/python3.12/site-packages/airflow/example_dags/example_branch_python_dop_operator_3.py
[2024-07-05T21:03:37.854+0000] {processor.py:830} INFO - Processing file /home/airflow/.local/lib/python3.12/site-packages/airflow/example_dags/example_branch_python_dop_operator_3.py for tasks to queue
[2024-07-05T21:03:37.857+0000] {logging_mixin.py:188} INFO - [2024-07-05T21:03:37.857+0000] {dagbag.py:545} INFO - Filling up the DagBag from /home/airflow/.local/lib/python3.12/site-packages/airflow/example_dags/example_branch_python_dop_operator_3.py
[2024-07-05T21:03:37.875+0000] {processor.py:840} INFO - DAG(s) 'example_branch_dop_operator_v3' retrieved from /home/airflow/.local/lib/python3.12/site-packages/airflow/example_dags/example_branch_python_dop_operator_3.py
[2024-07-05T21:03:38.081+0000] {logging_mixin.py:188} INFO - [2024-07-05T21:03:38.080+0000] {dag.py:3096} INFO - Sync 1 DAGs
[2024-07-05T21:03:38.257+0000] {logging_mixin.py:188} INFO - [2024-07-05T21:03:38.257+0000] {dag.py:3954} INFO - Setting next_dagrun for example_branch_dop_operator_v3 to 2024-07-05 21:02:00+00:00, run_after=2024-07-05 21:03:00+00:00
[2024-07-05T21:03:38.306+0000] {processor.py:183} INFO - Processing /home/airflow/.local/lib/python3.12/site-packages/airflow/example_dags/example_branch_python_dop_operator_3.py took 0.468 seconds
[2024-07-05T21:04:31.500+0000] {processor.py:161} INFO - Started process (PID=315) to work on /home/airflow/.local/lib/python3.12/site-packages/airflow/example_dags/example_branch_python_dop_operator_3.py
[2024-07-05T21:04:31.504+0000] {processor.py:830} INFO - Processing file /home/airflow/.local/lib/python3.12/site-packages/airflow/example_dags/example_branch_python_dop_operator_3.py for tasks to queue
[2024-07-05T21:04:31.510+0000] {logging_mixin.py:188} INFO - [2024-07-05T21:04:31.509+0000] {dagbag.py:545} INFO - Filling up the DagBag from /home/airflow/.local/lib/python3.12/site-packages/airflow/example_dags/example_branch_python_dop_operator_3.py
[2024-07-05T21:04:31.549+0000] {processor.py:840} INFO - DAG(s) 'example_branch_dop_operator_v3' retrieved from /home/airflow/.local/lib/python3.12/site-packages/airflow/example_dags/example_branch_python_dop_operator_3.py
[2024-07-05T21:04:31.740+0000] {logging_mixin.py:188} INFO - [2024-07-05T21:04:31.739+0000] {dag.py:3096} INFO - Sync 1 DAGs
[2024-07-05T21:04:31.845+0000] {logging_mixin.py:188} INFO - [2024-07-05T21:04:31.844+0000] {dag.py:3954} INFO - Setting next_dagrun for example_branch_dop_operator_v3 to 2024-07-05 21:03:00+00:00, run_after=2024-07-05 21:04:00+00:00
[2024-07-05T21:04:31.902+0000] {processor.py:183} INFO - Processing /home/airflow/.local/lib/python3.12/site-packages/airflow/example_dags/example_branch_python_dop_operator_3.py took 0.431 seconds
[2024-07-05T21:05:02.126+0000] {processor.py:161} INFO - Started process (PID=373) to work on /home/airflow/.local/lib/python3.12/site-packages/airflow/example_dags/example_branch_python_dop_operator_3.py
[2024-07-05T21:05:02.128+0000] {processor.py:830} INFO - Processing file /home/airflow/.local/lib/python3.12/site-packages/airflow/example_dags/example_branch_python_dop_operator_3.py for tasks to queue
[2024-07-05T21:05:02.132+0000] {logging_mixin.py:188} INFO - [2024-07-05T21:05:02.131+0000] {dagbag.py:545} INFO - Filling up the DagBag from /home/airflow/.local/lib/python3.12/site-packages/airflow/example_dags/example_branch_python_dop_operator_3.py
[2024-07-05T21:05:02.147+0000] {processor.py:840} INFO - DAG(s) 'example_branch_dop_operator_v3' retrieved from /home/airflow/.local/lib/python3.12/site-packages/airflow/example_dags/example_branch_python_dop_operator_3.py
[2024-07-05T21:05:02.181+0000] {logging_mixin.py:188} INFO - [2024-07-05T21:05:02.180+0000] {dag.py:3096} INFO - Sync 1 DAGs
[2024-07-05T21:05:02.225+0000] {logging_mixin.py:188} INFO - [2024-07-05T21:05:02.224+0000] {dag.py:3954} INFO - Setting next_dagrun for example_branch_dop_operator_v3 to 2024-07-05 21:04:00+00:00, run_after=2024-07-05 21:05:00+00:00
[2024-07-05T21:05:02.263+0000] {processor.py:183} INFO - Processing /home/airflow/.local/lib/python3.12/site-packages/airflow/example_dags/example_branch_python_dop_operator_3.py took 0.147 seconds
[2024-07-05T21:05:32.678+0000] {processor.py:161} INFO - Started process (PID=431) to work on /home/airflow/.local/lib/python3.12/site-packages/airflow/example_dags/example_branch_python_dop_operator_3.py
[2024-07-05T21:05:32.680+0000] {processor.py:830} INFO - Processing file /home/airflow/.local/lib/python3.12/site-packages/airflow/example_dags/example_branch_python_dop_operator_3.py for tasks to queue
[2024-07-05T21:05:32.683+0000] {logging_mixin.py:188} INFO - [2024-07-05T21:05:32.682+0000] {dagbag.py:545} INFO - Filling up the DagBag from /home/airflow/.local/lib/python3.12/site-packages/airflow/example_dags/example_branch_python_dop_operator_3.py
[2024-07-05T21:05:32.701+0000] {processor.py:840} INFO - DAG(s) 'example_branch_dop_operator_v3' retrieved from /home/airflow/.local/lib/python3.12/site-packages/airflow/example_dags/example_branch_python_dop_operator_3.py
[2024-07-05T21:05:32.759+0000] {logging_mixin.py:188} INFO - [2024-07-05T21:05:32.757+0000] {dag.py:3096} INFO - Sync 1 DAGs
[2024-07-05T21:05:32.832+0000] {logging_mixin.py:188} INFO - [2024-07-05T21:05:32.832+0000] {dag.py:3954} INFO - Setting next_dagrun for example_branch_dop_operator_v3 to 2024-07-05 21:04:00+00:00, run_after=2024-07-05 21:05:00+00:00
[2024-07-05T21:05:32.883+0000] {processor.py:183} INFO - Processing /home/airflow/.local/lib/python3.12/site-packages/airflow/example_dags/example_branch_python_dop_operator_3.py took 0.216 seconds
[2024-07-05T21:06:03.492+0000] {processor.py:161} INFO - Started process (PID=489) to work on /home/airflow/.local/lib/python3.12/site-packages/airflow/example_dags/example_branch_python_dop_operator_3.py
[2024-07-05T21:06:03.494+0000] {processor.py:830} INFO - Processing file /home/airflow/.local/lib/python3.12/site-packages/airflow/example_dags/example_branch_python_dop_operator_3.py for tasks to queue
[2024-07-05T21:06:03.498+0000] {logging_mixin.py:188} INFO - [2024-07-05T21:06:03.498+0000] {dagbag.py:545} INFO - Filling up the DagBag from /home/airflow/.local/lib/python3.12/site-packages/airflow/example_dags/example_branch_python_dop_operator_3.py
[2024-07-05T21:06:03.517+0000] {processor.py:840} INFO - DAG(s) 'example_branch_dop_operator_v3' retrieved from /home/airflow/.local/lib/python3.12/site-packages/airflow/example_dags/example_branch_python_dop_operator_3.py
[2024-07-05T21:06:03.567+0000] {logging_mixin.py:188} INFO - [2024-07-05T21:06:03.566+0000] {dag.py:3096} INFO - Sync 1 DAGs
[2024-07-05T21:06:03.624+0000] {logging_mixin.py:188} INFO - [2024-07-05T21:06:03.624+0000] {dag.py:3954} INFO - Setting next_dagrun for example_branch_dop_operator_v3 to 2024-07-05 21:05:00+00:00, run_after=2024-07-05 21:06:00+00:00
[2024-07-05T21:06:03.660+0000] {processor.py:183} INFO - Processing /home/airflow/.local/lib/python3.12/site-packages/airflow/example_dags/example_branch_python_dop_operator_3.py took 0.183 seconds
[2024-07-05T21:06:34.642+0000] {processor.py:161} INFO - Started process (PID=547) to work on /home/airflow/.local/lib/python3.12/site-packages/airflow/example_dags/example_branch_python_dop_operator_3.py
[2024-07-05T21:06:34.645+0000] {processor.py:830} INFO - Processing file /home/airflow/.local/lib/python3.12/site-packages/airflow/example_dags/example_branch_python_dop_operator_3.py for tasks to queue
[2024-07-05T21:06:34.653+0000] {logging_mixin.py:188} INFO - [2024-07-05T21:06:34.650+0000] {dagbag.py:545} INFO - Filling up the DagBag from /home/airflow/.local/lib/python3.12/site-packages/airflow/example_dags/example_branch_python_dop_operator_3.py
[2024-07-05T21:06:34.688+0000] {processor.py:840} INFO - DAG(s) 'example_branch_dop_operator_v3' retrieved from /home/airflow/.local/lib/python3.12/site-packages/airflow/example_dags/example_branch_python_dop_operator_3.py
[2024-07-05T21:06:34.771+0000] {logging_mixin.py:188} INFO - [2024-07-05T21:06:34.771+0000] {dag.py:3096} INFO - Sync 1 DAGs
[2024-07-05T21:06:34.861+0000] {logging_mixin.py:188} INFO - [2024-07-05T21:06:34.860+0000] {dag.py:3954} INFO - Setting next_dagrun for example_branch_dop_operator_v3 to 2024-07-05 21:05:00+00:00, run_after=2024-07-05 21:06:00+00:00
[2024-07-05T21:06:34.918+0000] {processor.py:183} INFO - Processing /home/airflow/.local/lib/python3.12/site-packages/airflow/example_dags/example_branch_python_dop_operator_3.py took 0.290 seconds
[2024-07-05T21:07:05.685+0000] {processor.py:161} INFO - Started process (PID=605) to work on /home/airflow/.local/lib/python3.12/site-packages/airflow/example_dags/example_branch_python_dop_operator_3.py
[2024-07-05T21:07:05.687+0000] {processor.py:830} INFO - Processing file /home/airflow/.local/lib/python3.12/site-packages/airflow/example_dags/example_branch_python_dop_operator_3.py for tasks to queue
[2024-07-05T21:07:05.692+0000] {logging_mixin.py:188} INFO - [2024-07-05T21:07:05.691+0000] {dagbag.py:545} INFO - Filling up the DagBag from /home/airflow/.local/lib/python3.12/site-packages/airflow/example_dags/example_branch_python_dop_operator_3.py
[2024-07-05T21:07:05.707+0000] {processor.py:840} INFO - DAG(s) 'example_branch_dop_operator_v3' retrieved from /home/airflow/.local/lib/python3.12/site-packages/airflow/example_dags/example_branch_python_dop_operator_3.py
[2024-07-05T21:07:05.739+0000] {logging_mixin.py:188} INFO - [2024-07-05T21:07:05.739+0000] {dag.py:3096} INFO - Sync 1 DAGs
[2024-07-05T21:07:05.779+0000] {logging_mixin.py:188} INFO - [2024-07-05T21:07:05.779+0000] {dag.py:3954} INFO - Setting next_dagrun for example_branch_dop_operator_v3 to 2024-07-05 21:06:00+00:00, run_after=2024-07-05 21:07:00+00:00
[2024-07-05T21:07:05.815+0000] {processor.py:183} INFO - Processing /home/airflow/.local/lib/python3.12/site-packages/airflow/example_dags/example_branch_python_dop_operator_3.py took 0.138 seconds
[2024-07-05T21:07:36.808+0000] {processor.py:161} INFO - Started process (PID=663) to work on /home/airflow/.local/lib/python3.12/site-packages/airflow/example_dags/example_branch_python_dop_operator_3.py
[2024-07-05T21:07:36.812+0000] {processor.py:830} INFO - Processing file /home/airflow/.local/lib/python3.12/site-packages/airflow/example_dags/example_branch_python_dop_operator_3.py for tasks to queue
[2024-07-05T21:07:36.815+0000] {logging_mixin.py:188} INFO - [2024-07-05T21:07:36.815+0000] {dagbag.py:545} INFO - Filling up the DagBag from /home/airflow/.local/lib/python3.12/site-packages/airflow/example_dags/example_branch_python_dop_operator_3.py
[2024-07-05T21:07:36.831+0000] {processor.py:840} INFO - DAG(s) 'example_branch_dop_operator_v3' retrieved from /home/airflow/.local/lib/python3.12/site-packages/airflow/example_dags/example_branch_python_dop_operator_3.py
[2024-07-05T21:07:36.865+0000] {logging_mixin.py:188} INFO - [2024-07-05T21:07:36.864+0000] {dag.py:3096} INFO - Sync 1 DAGs
[2024-07-05T21:07:36.908+0000] {logging_mixin.py:188} INFO - [2024-07-05T21:07:36.908+0000] {dag.py:3954} INFO - Setting next_dagrun for example_branch_dop_operator_v3 to 2024-07-05 21:06:00+00:00, run_after=2024-07-05 21:07:00+00:00
[2024-07-05T21:07:36.943+0000] {processor.py:183} INFO - Processing /home/airflow/.local/lib/python3.12/site-packages/airflow/example_dags/example_branch_python_dop_operator_3.py took 0.146 seconds
[2024-07-05T21:08:07.613+0000] {processor.py:161} INFO - Started process (PID=721) to work on /home/airflow/.local/lib/python3.12/site-packages/airflow/example_dags/example_branch_python_dop_operator_3.py
[2024-07-05T21:08:07.623+0000] {processor.py:830} INFO - Processing file /home/airflow/.local/lib/python3.12/site-packages/airflow/example_dags/example_branch_python_dop_operator_3.py for tasks to queue
[2024-07-05T21:08:07.626+0000] {logging_mixin.py:188} INFO - [2024-07-05T21:08:07.626+0000] {dagbag.py:545} INFO - Filling up the DagBag from /home/airflow/.local/lib/python3.12/site-packages/airflow/example_dags/example_branch_python_dop_operator_3.py
[2024-07-05T21:08:07.669+0000] {processor.py:840} INFO - DAG(s) 'example_branch_dop_operator_v3' retrieved from /home/airflow/.local/lib/python3.12/site-packages/airflow/example_dags/example_branch_python_dop_operator_3.py
[2024-07-05T21:08:07.719+0000] {logging_mixin.py:188} INFO - [2024-07-05T21:08:07.718+0000] {dag.py:3096} INFO - Sync 1 DAGs
[2024-07-05T21:08:07.804+0000] {logging_mixin.py:188} INFO - [2024-07-05T21:08:07.804+0000] {dag.py:3954} INFO - Setting next_dagrun for example_branch_dop_operator_v3 to 2024-07-05 21:07:00+00:00, run_after=2024-07-05 21:08:00+00:00
[2024-07-05T21:08:07.872+0000] {processor.py:183} INFO - Processing /home/airflow/.local/lib/python3.12/site-packages/airflow/example_dags/example_branch_python_dop_operator_3.py took 0.282 seconds
[2024-07-05T21:08:38.532+0000] {processor.py:161} INFO - Started process (PID=780) to work on /home/airflow/.local/lib/python3.12/site-packages/airflow/example_dags/example_branch_python_dop_operator_3.py
[2024-07-05T21:08:38.533+0000] {processor.py:830} INFO - Processing file /home/airflow/.local/lib/python3.12/site-packages/airflow/example_dags/example_branch_python_dop_operator_3.py for tasks to queue
[2024-07-05T21:08:38.537+0000] {logging_mixin.py:188} INFO - [2024-07-05T21:08:38.536+0000] {dagbag.py:545} INFO - Filling up the DagBag from /home/airflow/.local/lib/python3.12/site-packages/airflow/example_dags/example_branch_python_dop_operator_3.py
[2024-07-05T21:08:38.558+0000] {processor.py:840} INFO - DAG(s) 'example_branch_dop_operator_v3' retrieved from /home/airflow/.local/lib/python3.12/site-packages/airflow/example_dags/example_branch_python_dop_operator_3.py
[2024-07-05T21:08:38.598+0000] {logging_mixin.py:188} INFO - [2024-07-05T21:08:38.598+0000] {dag.py:3096} INFO - Sync 1 DAGs
[2024-07-05T21:08:38.650+0000] {logging_mixin.py:188} INFO - [2024-07-05T21:08:38.649+0000] {dag.py:3954} INFO - Setting next_dagrun for example_branch_dop_operator_v3 to 2024-07-05 21:07:00+00:00, run_after=2024-07-05 21:08:00+00:00
[2024-07-05T21:08:38.689+0000] {processor.py:183} INFO - Processing /home/airflow/.local/lib/python3.12/site-packages/airflow/example_dags/example_branch_python_dop_operator_3.py took 0.169 seconds
[2024-07-05T21:09:09.184+0000] {processor.py:161} INFO - Started process (PID=838) to work on /home/airflow/.local/lib/python3.12/site-packages/airflow/example_dags/example_branch_python_dop_operator_3.py
[2024-07-05T21:09:09.187+0000] {processor.py:830} INFO - Processing file /home/airflow/.local/lib/python3.12/site-packages/airflow/example_dags/example_branch_python_dop_operator_3.py for tasks to queue
[2024-07-05T21:09:09.194+0000] {logging_mixin.py:188} INFO - [2024-07-05T21:09:09.193+0000] {dagbag.py:545} INFO - Filling up the DagBag from /home/airflow/.local/lib/python3.12/site-packages/airflow/example_dags/example_branch_python_dop_operator_3.py
[2024-07-05T21:09:09.211+0000] {processor.py:840} INFO - DAG(s) 'example_branch_dop_operator_v3' retrieved from /home/airflow/.local/lib/python3.12/site-packages/airflow/example_dags/example_branch_python_dop_operator_3.py
[2024-07-05T21:09:09.260+0000] {logging_mixin.py:188} INFO - [2024-07-05T21:09:09.260+0000] {dag.py:3096} INFO - Sync 1 DAGs
[2024-07-05T21:09:09.310+0000] {logging_mixin.py:188} INFO - [2024-07-05T21:09:09.309+0000] {dag.py:3954} INFO - Setting next_dagrun for example_branch_dop_operator_v3 to 2024-07-05 21:08:00+00:00, run_after=2024-07-05 21:09:00+00:00
[2024-07-05T21:09:09.344+0000] {processor.py:183} INFO - Processing /home/airflow/.local/lib/python3.12/site-packages/airflow/example_dags/example_branch_python_dop_operator_3.py took 0.170 seconds
[2024-07-05T21:09:40.279+0000] {processor.py:161} INFO - Started process (PID=896) to work on /home/airflow/.local/lib/python3.12/site-packages/airflow/example_dags/example_branch_python_dop_operator_3.py
[2024-07-05T21:09:40.282+0000] {processor.py:830} INFO - Processing file /home/airflow/.local/lib/python3.12/site-packages/airflow/example_dags/example_branch_python_dop_operator_3.py for tasks to queue
[2024-07-05T21:09:40.286+0000] {logging_mixin.py:188} INFO - [2024-07-05T21:09:40.285+0000] {dagbag.py:545} INFO - Filling up the DagBag from /home/airflow/.local/lib/python3.12/site-packages/airflow/example_dags/example_branch_python_dop_operator_3.py
[2024-07-05T21:09:40.307+0000] {processor.py:840} INFO - DAG(s) 'example_branch_dop_operator_v3' retrieved from /home/airflow/.local/lib/python3.12/site-packages/airflow/example_dags/example_branch_python_dop_operator_3.py
[2024-07-05T21:09:40.364+0000] {logging_mixin.py:188} INFO - [2024-07-05T21:09:40.363+0000] {dag.py:3096} INFO - Sync 1 DAGs
[2024-07-05T21:09:40.437+0000] {logging_mixin.py:188} INFO - [2024-07-05T21:09:40.435+0000] {dag.py:3954} INFO - Setting next_dagrun for example_branch_dop_operator_v3 to 2024-07-05 21:08:00+00:00, run_after=2024-07-05 21:09:00+00:00
[2024-07-05T21:09:40.494+0000] {processor.py:183} INFO - Processing /home/airflow/.local/lib/python3.12/site-packages/airflow/example_dags/example_branch_python_dop_operator_3.py took 0.227 seconds
