[2024-07-05T21:01:45.108+0000] {processor.py:161} INFO - Started process (PID=36) to work on /home/airflow/.local/lib/python3.12/site-packages/airflow/example_dags/example_python_decorator.py
[2024-07-05T21:01:45.111+0000] {processor.py:830} INFO - Processing file /home/airflow/.local/lib/python3.12/site-packages/airflow/example_dags/example_python_decorator.py for tasks to queue
[2024-07-05T21:01:45.117+0000] {logging_mixin.py:188} INFO - [2024-07-05T21:01:45.116+0000] {dagbag.py:545} INFO - Filling up the DagBag from /home/airflow/.local/lib/python3.12/site-packages/airflow/example_dags/example_python_decorator.py
[2024-07-05T21:01:45.196+0000] {processor.py:840} INFO - DAG(s) 'example_python_decorator' retrieved from /home/airflow/.local/lib/python3.12/site-packages/airflow/example_dags/example_python_decorator.py
[2024-07-05T21:01:45.658+0000] {logging_mixin.py:188} INFO - [2024-07-05T21:01:45.657+0000] {dag.py:3096} INFO - Sync 1 DAGs
[2024-07-05T21:01:45.687+0000] {logging_mixin.py:188} INFO - [2024-07-05T21:01:45.687+0000] {dag.py:3954} INFO - Setting next_dagrun for example_python_decorator to None, run_after=None
[2024-07-05T21:01:45.740+0000] {processor.py:183} INFO - Processing /home/airflow/.local/lib/python3.12/site-packages/airflow/example_dags/example_python_decorator.py took 0.666 seconds
[2024-07-05T21:02:15.854+0000] {processor.py:161} INFO - Started process (PID=94) to work on /home/airflow/.local/lib/python3.12/site-packages/airflow/example_dags/example_python_decorator.py
[2024-07-05T21:02:15.856+0000] {processor.py:830} INFO - Processing file /home/airflow/.local/lib/python3.12/site-packages/airflow/example_dags/example_python_decorator.py for tasks to queue
[2024-07-05T21:02:15.859+0000] {logging_mixin.py:188} INFO - [2024-07-05T21:02:15.858+0000] {dagbag.py:545} INFO - Filling up the DagBag from /home/airflow/.local/lib/python3.12/site-packages/airflow/example_dags/example_python_decorator.py
[2024-07-05T21:02:15.880+0000] {processor.py:840} INFO - DAG(s) 'example_python_decorator' retrieved from /home/airflow/.local/lib/python3.12/site-packages/airflow/example_dags/example_python_decorator.py
[2024-07-05T21:02:15.919+0000] {logging_mixin.py:188} INFO - [2024-07-05T21:02:15.919+0000] {dag.py:3096} INFO - Sync 1 DAGs
[2024-07-05T21:02:15.941+0000] {logging_mixin.py:188} INFO - [2024-07-05T21:02:15.941+0000] {dag.py:3954} INFO - Setting next_dagrun for example_python_decorator to None, run_after=None
[2024-07-05T21:02:15.978+0000] {processor.py:183} INFO - Processing /home/airflow/.local/lib/python3.12/site-packages/airflow/example_dags/example_python_decorator.py took 0.133 seconds
[2024-07-05T21:02:51.525+0000] {processor.py:161} INFO - Started process (PID=157) to work on /home/airflow/.local/lib/python3.12/site-packages/airflow/example_dags/example_python_decorator.py
[2024-07-05T21:02:51.534+0000] {processor.py:830} INFO - Processing file /home/airflow/.local/lib/python3.12/site-packages/airflow/example_dags/example_python_decorator.py for tasks to queue
[2024-07-05T21:02:51.542+0000] {logging_mixin.py:188} INFO - [2024-07-05T21:02:51.541+0000] {dagbag.py:545} INFO - Filling up the DagBag from /home/airflow/.local/lib/python3.12/site-packages/airflow/example_dags/example_python_decorator.py
[2024-07-05T21:02:51.575+0000] {processor.py:840} INFO - DAG(s) 'example_python_decorator' retrieved from /home/airflow/.local/lib/python3.12/site-packages/airflow/example_dags/example_python_decorator.py
[2024-07-05T21:02:51.650+0000] {logging_mixin.py:188} INFO - [2024-07-05T21:02:51.649+0000] {dag.py:3096} INFO - Sync 1 DAGs
[2024-07-05T21:02:51.694+0000] {logging_mixin.py:188} INFO - [2024-07-05T21:02:51.692+0000] {dag.py:3954} INFO - Setting next_dagrun for example_python_decorator to None, run_after=None
[2024-07-05T21:02:51.744+0000] {processor.py:183} INFO - Processing /home/airflow/.local/lib/python3.12/site-packages/airflow/example_dags/example_python_decorator.py took 0.260 seconds
[2024-07-05T21:03:22.749+0000] {processor.py:161} INFO - Started process (PID=214) to work on /home/airflow/.local/lib/python3.12/site-packages/airflow/example_dags/example_python_decorator.py
[2024-07-05T21:03:22.752+0000] {processor.py:830} INFO - Processing file /home/airflow/.local/lib/python3.12/site-packages/airflow/example_dags/example_python_decorator.py for tasks to queue
[2024-07-05T21:03:22.758+0000] {logging_mixin.py:188} INFO - [2024-07-05T21:03:22.758+0000] {dagbag.py:545} INFO - Filling up the DagBag from /home/airflow/.local/lib/python3.12/site-packages/airflow/example_dags/example_python_decorator.py
[2024-07-05T21:03:22.813+0000] {processor.py:840} INFO - DAG(s) 'example_python_decorator' retrieved from /home/airflow/.local/lib/python3.12/site-packages/airflow/example_dags/example_python_decorator.py
[2024-07-05T21:03:22.897+0000] {logging_mixin.py:188} INFO - [2024-07-05T21:03:22.896+0000] {dag.py:3096} INFO - Sync 1 DAGs
[2024-07-05T21:03:22.930+0000] {logging_mixin.py:188} INFO - [2024-07-05T21:03:22.929+0000] {dag.py:3954} INFO - Setting next_dagrun for example_python_decorator to None, run_after=None
[2024-07-05T21:03:22.980+0000] {processor.py:183} INFO - Processing /home/airflow/.local/lib/python3.12/site-packages/airflow/example_dags/example_python_decorator.py took 0.246 seconds
[2024-07-05T21:03:55.425+0000] {processor.py:161} INFO - Started process (PID=270) to work on /home/airflow/.local/lib/python3.12/site-packages/airflow/example_dags/example_python_decorator.py
[2024-07-05T21:03:55.428+0000] {processor.py:830} INFO - Processing file /home/airflow/.local/lib/python3.12/site-packages/airflow/example_dags/example_python_decorator.py for tasks to queue
[2024-07-05T21:03:55.447+0000] {logging_mixin.py:188} INFO - [2024-07-05T21:03:55.446+0000] {dagbag.py:545} INFO - Filling up the DagBag from /home/airflow/.local/lib/python3.12/site-packages/airflow/example_dags/example_python_decorator.py
[2024-07-05T21:03:55.645+0000] {processor.py:840} INFO - DAG(s) 'example_python_decorator' retrieved from /home/airflow/.local/lib/python3.12/site-packages/airflow/example_dags/example_python_decorator.py
[2024-07-05T21:03:56.124+0000] {logging_mixin.py:188} INFO - [2024-07-05T21:03:56.123+0000] {dag.py:3096} INFO - Sync 1 DAGs
[2024-07-05T21:03:56.319+0000] {logging_mixin.py:188} INFO - [2024-07-05T21:03:56.319+0000] {dag.py:3954} INFO - Setting next_dagrun for example_python_decorator to None, run_after=None
[2024-07-05T21:03:56.928+0000] {processor.py:183} INFO - Processing /home/airflow/.local/lib/python3.12/site-packages/airflow/example_dags/example_python_decorator.py took 1.515 seconds
[2024-07-05T21:04:31.167+0000] {processor.py:161} INFO - Started process (PID=314) to work on /home/airflow/.local/lib/python3.12/site-packages/airflow/example_dags/example_python_decorator.py
[2024-07-05T21:04:31.174+0000] {processor.py:830} INFO - Processing file /home/airflow/.local/lib/python3.12/site-packages/airflow/example_dags/example_python_decorator.py for tasks to queue
[2024-07-05T21:04:31.210+0000] {logging_mixin.py:188} INFO - [2024-07-05T21:04:31.206+0000] {dagbag.py:545} INFO - Filling up the DagBag from /home/airflow/.local/lib/python3.12/site-packages/airflow/example_dags/example_python_decorator.py
[2024-07-05T21:04:31.267+0000] {processor.py:840} INFO - DAG(s) 'example_python_decorator' retrieved from /home/airflow/.local/lib/python3.12/site-packages/airflow/example_dags/example_python_decorator.py
[2024-07-05T21:04:31.384+0000] {logging_mixin.py:188} INFO - [2024-07-05T21:04:31.377+0000] {dag.py:3096} INFO - Sync 1 DAGs
[2024-07-05T21:04:31.441+0000] {logging_mixin.py:188} INFO - [2024-07-05T21:04:31.440+0000] {dag.py:3954} INFO - Setting next_dagrun for example_python_decorator to None, run_after=None
[2024-07-05T21:04:31.522+0000] {processor.py:183} INFO - Processing /home/airflow/.local/lib/python3.12/site-packages/airflow/example_dags/example_python_decorator.py took 0.378 seconds
[2024-07-05T21:05:01.983+0000] {processor.py:161} INFO - Started process (PID=372) to work on /home/airflow/.local/lib/python3.12/site-packages/airflow/example_dags/example_python_decorator.py
[2024-07-05T21:05:01.987+0000] {processor.py:830} INFO - Processing file /home/airflow/.local/lib/python3.12/site-packages/airflow/example_dags/example_python_decorator.py for tasks to queue
[2024-07-05T21:05:01.990+0000] {logging_mixin.py:188} INFO - [2024-07-05T21:05:01.990+0000] {dagbag.py:545} INFO - Filling up the DagBag from /home/airflow/.local/lib/python3.12/site-packages/airflow/example_dags/example_python_decorator.py
[2024-07-05T21:05:02.010+0000] {processor.py:840} INFO - DAG(s) 'example_python_decorator' retrieved from /home/airflow/.local/lib/python3.12/site-packages/airflow/example_dags/example_python_decorator.py
[2024-07-05T21:05:02.051+0000] {logging_mixin.py:188} INFO - [2024-07-05T21:05:02.051+0000] {dag.py:3096} INFO - Sync 1 DAGs
[2024-07-05T21:05:02.072+0000] {logging_mixin.py:188} INFO - [2024-07-05T21:05:02.072+0000] {dag.py:3954} INFO - Setting next_dagrun for example_python_decorator to None, run_after=None
[2024-07-05T21:05:02.107+0000] {processor.py:183} INFO - Processing /home/airflow/.local/lib/python3.12/site-packages/airflow/example_dags/example_python_decorator.py took 0.133 seconds
[2024-07-05T21:05:32.671+0000] {processor.py:161} INFO - Started process (PID=430) to work on /home/airflow/.local/lib/python3.12/site-packages/airflow/example_dags/example_python_decorator.py
[2024-07-05T21:05:32.673+0000] {processor.py:830} INFO - Processing file /home/airflow/.local/lib/python3.12/site-packages/airflow/example_dags/example_python_decorator.py for tasks to queue
[2024-07-05T21:05:32.677+0000] {logging_mixin.py:188} INFO - [2024-07-05T21:05:32.676+0000] {dagbag.py:545} INFO - Filling up the DagBag from /home/airflow/.local/lib/python3.12/site-packages/airflow/example_dags/example_python_decorator.py
[2024-07-05T21:05:32.705+0000] {processor.py:840} INFO - DAG(s) 'example_python_decorator' retrieved from /home/airflow/.local/lib/python3.12/site-packages/airflow/example_dags/example_python_decorator.py
[2024-07-05T21:05:32.768+0000] {logging_mixin.py:188} INFO - [2024-07-05T21:05:32.768+0000] {dag.py:3096} INFO - Sync 1 DAGs
[2024-07-05T21:05:32.810+0000] {logging_mixin.py:188} INFO - [2024-07-05T21:05:32.810+0000] {dag.py:3954} INFO - Setting next_dagrun for example_python_decorator to None, run_after=None
[2024-07-05T21:05:32.863+0000] {processor.py:183} INFO - Processing /home/airflow/.local/lib/python3.12/site-packages/airflow/example_dags/example_python_decorator.py took 0.203 seconds
[2024-07-05T21:06:03.326+0000] {processor.py:161} INFO - Started process (PID=488) to work on /home/airflow/.local/lib/python3.12/site-packages/airflow/example_dags/example_python_decorator.py
[2024-07-05T21:06:03.327+0000] {processor.py:830} INFO - Processing file /home/airflow/.local/lib/python3.12/site-packages/airflow/example_dags/example_python_decorator.py for tasks to queue
[2024-07-05T21:06:03.331+0000] {logging_mixin.py:188} INFO - [2024-07-05T21:06:03.330+0000] {dagbag.py:545} INFO - Filling up the DagBag from /home/airflow/.local/lib/python3.12/site-packages/airflow/example_dags/example_python_decorator.py
[2024-07-05T21:06:03.354+0000] {processor.py:840} INFO - DAG(s) 'example_python_decorator' retrieved from /home/airflow/.local/lib/python3.12/site-packages/airflow/example_dags/example_python_decorator.py
[2024-07-05T21:06:03.393+0000] {logging_mixin.py:188} INFO - [2024-07-05T21:06:03.393+0000] {dag.py:3096} INFO - Sync 1 DAGs
[2024-07-05T21:06:03.420+0000] {logging_mixin.py:188} INFO - [2024-07-05T21:06:03.419+0000] {dag.py:3954} INFO - Setting next_dagrun for example_python_decorator to None, run_after=None
[2024-07-05T21:06:03.458+0000] {processor.py:183} INFO - Processing /home/airflow/.local/lib/python3.12/site-packages/airflow/example_dags/example_python_decorator.py took 0.142 seconds
[2024-07-05T21:06:34.401+0000] {processor.py:161} INFO - Started process (PID=546) to work on /home/airflow/.local/lib/python3.12/site-packages/airflow/example_dags/example_python_decorator.py
[2024-07-05T21:06:34.405+0000] {processor.py:830} INFO - Processing file /home/airflow/.local/lib/python3.12/site-packages/airflow/example_dags/example_python_decorator.py for tasks to queue
[2024-07-05T21:06:34.409+0000] {logging_mixin.py:188} INFO - [2024-07-05T21:06:34.409+0000] {dagbag.py:545} INFO - Filling up the DagBag from /home/airflow/.local/lib/python3.12/site-packages/airflow/example_dags/example_python_decorator.py
[2024-07-05T21:06:34.446+0000] {processor.py:840} INFO - DAG(s) 'example_python_decorator' retrieved from /home/airflow/.local/lib/python3.12/site-packages/airflow/example_dags/example_python_decorator.py
[2024-07-05T21:06:34.513+0000] {logging_mixin.py:188} INFO - [2024-07-05T21:06:34.512+0000] {dag.py:3096} INFO - Sync 1 DAGs
[2024-07-05T21:06:34.546+0000] {logging_mixin.py:188} INFO - [2024-07-05T21:06:34.545+0000] {dag.py:3954} INFO - Setting next_dagrun for example_python_decorator to None, run_after=None
[2024-07-05T21:06:34.594+0000] {processor.py:183} INFO - Processing /home/airflow/.local/lib/python3.12/site-packages/airflow/example_dags/example_python_decorator.py took 0.206 seconds
[2024-07-05T21:07:04.670+0000] {processor.py:161} INFO - Started process (PID=604) to work on /home/airflow/.local/lib/python3.12/site-packages/airflow/example_dags/example_python_decorator.py
[2024-07-05T21:07:04.672+0000] {processor.py:830} INFO - Processing file /home/airflow/.local/lib/python3.12/site-packages/airflow/example_dags/example_python_decorator.py for tasks to queue
[2024-07-05T21:07:04.675+0000] {logging_mixin.py:188} INFO - [2024-07-05T21:07:04.674+0000] {dagbag.py:545} INFO - Filling up the DagBag from /home/airflow/.local/lib/python3.12/site-packages/airflow/example_dags/example_python_decorator.py
[2024-07-05T21:07:04.710+0000] {processor.py:840} INFO - DAG(s) 'example_python_decorator' retrieved from /home/airflow/.local/lib/python3.12/site-packages/airflow/example_dags/example_python_decorator.py
[2024-07-05T21:07:04.753+0000] {logging_mixin.py:188} INFO - [2024-07-05T21:07:04.753+0000] {dag.py:3096} INFO - Sync 1 DAGs
[2024-07-05T21:07:04.775+0000] {logging_mixin.py:188} INFO - [2024-07-05T21:07:04.775+0000] {dag.py:3954} INFO - Setting next_dagrun for example_python_decorator to None, run_after=None
[2024-07-05T21:07:04.814+0000] {processor.py:183} INFO - Processing /home/airflow/.local/lib/python3.12/site-packages/airflow/example_dags/example_python_decorator.py took 0.153 seconds
[2024-07-05T21:07:35.665+0000] {processor.py:161} INFO - Started process (PID=662) to work on /home/airflow/.local/lib/python3.12/site-packages/airflow/example_dags/example_python_decorator.py
[2024-07-05T21:07:35.667+0000] {processor.py:830} INFO - Processing file /home/airflow/.local/lib/python3.12/site-packages/airflow/example_dags/example_python_decorator.py for tasks to queue
[2024-07-05T21:07:35.671+0000] {logging_mixin.py:188} INFO - [2024-07-05T21:07:35.670+0000] {dagbag.py:545} INFO - Filling up the DagBag from /home/airflow/.local/lib/python3.12/site-packages/airflow/example_dags/example_python_decorator.py
[2024-07-05T21:07:35.691+0000] {processor.py:840} INFO - DAG(s) 'example_python_decorator' retrieved from /home/airflow/.local/lib/python3.12/site-packages/airflow/example_dags/example_python_decorator.py
[2024-07-05T21:07:35.730+0000] {logging_mixin.py:188} INFO - [2024-07-05T21:07:35.730+0000] {dag.py:3096} INFO - Sync 1 DAGs
[2024-07-05T21:07:35.753+0000] {logging_mixin.py:188} INFO - [2024-07-05T21:07:35.753+0000] {dag.py:3954} INFO - Setting next_dagrun for example_python_decorator to None, run_after=None
[2024-07-05T21:07:35.789+0000] {processor.py:183} INFO - Processing /home/airflow/.local/lib/python3.12/site-packages/airflow/example_dags/example_python_decorator.py took 0.134 seconds
[2024-07-05T21:08:06.575+0000] {processor.py:161} INFO - Started process (PID=720) to work on /home/airflow/.local/lib/python3.12/site-packages/airflow/example_dags/example_python_decorator.py
[2024-07-05T21:08:06.577+0000] {processor.py:830} INFO - Processing file /home/airflow/.local/lib/python3.12/site-packages/airflow/example_dags/example_python_decorator.py for tasks to queue
[2024-07-05T21:08:06.585+0000] {logging_mixin.py:188} INFO - [2024-07-05T21:08:06.585+0000] {dagbag.py:545} INFO - Filling up the DagBag from /home/airflow/.local/lib/python3.12/site-packages/airflow/example_dags/example_python_decorator.py
[2024-07-05T21:08:06.610+0000] {processor.py:840} INFO - DAG(s) 'example_python_decorator' retrieved from /home/airflow/.local/lib/python3.12/site-packages/airflow/example_dags/example_python_decorator.py
[2024-07-05T21:08:06.658+0000] {logging_mixin.py:188} INFO - [2024-07-05T21:08:06.658+0000] {dag.py:3096} INFO - Sync 1 DAGs
[2024-07-05T21:08:06.688+0000] {logging_mixin.py:188} INFO - [2024-07-05T21:08:06.687+0000] {dag.py:3954} INFO - Setting next_dagrun for example_python_decorator to None, run_after=None
[2024-07-05T21:08:06.725+0000] {processor.py:183} INFO - Processing /home/airflow/.local/lib/python3.12/site-packages/airflow/example_dags/example_python_decorator.py took 0.159 seconds
[2024-07-05T21:08:37.354+0000] {processor.py:161} INFO - Started process (PID=779) to work on /home/airflow/.local/lib/python3.12/site-packages/airflow/example_dags/example_python_decorator.py
[2024-07-05T21:08:37.356+0000] {processor.py:830} INFO - Processing file /home/airflow/.local/lib/python3.12/site-packages/airflow/example_dags/example_python_decorator.py for tasks to queue
[2024-07-05T21:08:37.359+0000] {logging_mixin.py:188} INFO - [2024-07-05T21:08:37.358+0000] {dagbag.py:545} INFO - Filling up the DagBag from /home/airflow/.local/lib/python3.12/site-packages/airflow/example_dags/example_python_decorator.py
[2024-07-05T21:08:37.380+0000] {processor.py:840} INFO - DAG(s) 'example_python_decorator' retrieved from /home/airflow/.local/lib/python3.12/site-packages/airflow/example_dags/example_python_decorator.py
[2024-07-05T21:08:37.446+0000] {logging_mixin.py:188} INFO - [2024-07-05T21:08:37.446+0000] {dag.py:3096} INFO - Sync 1 DAGs
[2024-07-05T21:08:37.482+0000] {logging_mixin.py:188} INFO - [2024-07-05T21:08:37.481+0000] {dag.py:3954} INFO - Setting next_dagrun for example_python_decorator to None, run_after=None
[2024-07-05T21:08:37.526+0000] {processor.py:183} INFO - Processing /home/airflow/.local/lib/python3.12/site-packages/airflow/example_dags/example_python_decorator.py took 0.182 seconds
[2024-07-05T21:09:07.999+0000] {processor.py:161} INFO - Started process (PID=837) to work on /home/airflow/.local/lib/python3.12/site-packages/airflow/example_dags/example_python_decorator.py
[2024-07-05T21:09:08.001+0000] {processor.py:830} INFO - Processing file /home/airflow/.local/lib/python3.12/site-packages/airflow/example_dags/example_python_decorator.py for tasks to queue
[2024-07-05T21:09:08.004+0000] {logging_mixin.py:188} INFO - [2024-07-05T21:09:08.004+0000] {dagbag.py:545} INFO - Filling up the DagBag from /home/airflow/.local/lib/python3.12/site-packages/airflow/example_dags/example_python_decorator.py
[2024-07-05T21:09:08.037+0000] {processor.py:840} INFO - DAG(s) 'example_python_decorator' retrieved from /home/airflow/.local/lib/python3.12/site-packages/airflow/example_dags/example_python_decorator.py
[2024-07-05T21:09:08.109+0000] {logging_mixin.py:188} INFO - [2024-07-05T21:09:08.109+0000] {dag.py:3096} INFO - Sync 1 DAGs
[2024-07-05T21:09:08.133+0000] {logging_mixin.py:188} INFO - [2024-07-05T21:09:08.133+0000] {dag.py:3954} INFO - Setting next_dagrun for example_python_decorator to None, run_after=None
[2024-07-05T21:09:08.170+0000] {processor.py:183} INFO - Processing /home/airflow/.local/lib/python3.12/site-packages/airflow/example_dags/example_python_decorator.py took 0.181 seconds
[2024-07-05T21:09:39.095+0000] {processor.py:161} INFO - Started process (PID=895) to work on /home/airflow/.local/lib/python3.12/site-packages/airflow/example_dags/example_python_decorator.py
[2024-07-05T21:09:39.097+0000] {processor.py:830} INFO - Processing file /home/airflow/.local/lib/python3.12/site-packages/airflow/example_dags/example_python_decorator.py for tasks to queue
[2024-07-05T21:09:39.101+0000] {logging_mixin.py:188} INFO - [2024-07-05T21:09:39.101+0000] {dagbag.py:545} INFO - Filling up the DagBag from /home/airflow/.local/lib/python3.12/site-packages/airflow/example_dags/example_python_decorator.py
[2024-07-05T21:09:39.133+0000] {processor.py:840} INFO - DAG(s) 'example_python_decorator' retrieved from /home/airflow/.local/lib/python3.12/site-packages/airflow/example_dags/example_python_decorator.py
[2024-07-05T21:09:39.212+0000] {logging_mixin.py:188} INFO - [2024-07-05T21:09:39.211+0000] {dag.py:3096} INFO - Sync 1 DAGs
[2024-07-05T21:09:39.244+0000] {logging_mixin.py:188} INFO - [2024-07-05T21:09:39.243+0000] {dag.py:3954} INFO - Setting next_dagrun for example_python_decorator to None, run_after=None
[2024-07-05T21:09:39.282+0000] {processor.py:183} INFO - Processing /home/airflow/.local/lib/python3.12/site-packages/airflow/example_dags/example_python_decorator.py took 0.202 seconds
[2024-07-05T21:10:10.225+0000] {processor.py:161} INFO - Started process (PID=953) to work on /home/airflow/.local/lib/python3.12/site-packages/airflow/example_dags/example_python_decorator.py
[2024-07-05T21:10:10.227+0000] {processor.py:830} INFO - Processing file /home/airflow/.local/lib/python3.12/site-packages/airflow/example_dags/example_python_decorator.py for tasks to queue
[2024-07-05T21:10:10.232+0000] {logging_mixin.py:188} INFO - [2024-07-05T21:10:10.231+0000] {dagbag.py:545} INFO - Filling up the DagBag from /home/airflow/.local/lib/python3.12/site-packages/airflow/example_dags/example_python_decorator.py
[2024-07-05T21:10:10.274+0000] {processor.py:840} INFO - DAG(s) 'example_python_decorator' retrieved from /home/airflow/.local/lib/python3.12/site-packages/airflow/example_dags/example_python_decorator.py
[2024-07-05T21:10:10.364+0000] {logging_mixin.py:188} INFO - [2024-07-05T21:10:10.363+0000] {dag.py:3096} INFO - Sync 1 DAGs
[2024-07-05T21:10:10.389+0000] {logging_mixin.py:188} INFO - [2024-07-05T21:10:10.389+0000] {dag.py:3954} INFO - Setting next_dagrun for example_python_decorator to None, run_after=None
[2024-07-05T21:10:10.422+0000] {processor.py:183} INFO - Processing /home/airflow/.local/lib/python3.12/site-packages/airflow/example_dags/example_python_decorator.py took 0.205 seconds
[2024-07-05T21:10:40.950+0000] {processor.py:161} INFO - Started process (PID=1011) to work on /home/airflow/.local/lib/python3.12/site-packages/airflow/example_dags/example_python_decorator.py
[2024-07-05T21:10:40.951+0000] {processor.py:830} INFO - Processing file /home/airflow/.local/lib/python3.12/site-packages/airflow/example_dags/example_python_decorator.py for tasks to queue
[2024-07-05T21:10:40.955+0000] {logging_mixin.py:188} INFO - [2024-07-05T21:10:40.955+0000] {dagbag.py:545} INFO - Filling up the DagBag from /home/airflow/.local/lib/python3.12/site-packages/airflow/example_dags/example_python_decorator.py
[2024-07-05T21:10:40.977+0000] {processor.py:840} INFO - DAG(s) 'example_python_decorator' retrieved from /home/airflow/.local/lib/python3.12/site-packages/airflow/example_dags/example_python_decorator.py
[2024-07-05T21:10:41.032+0000] {logging_mixin.py:188} INFO - [2024-07-05T21:10:41.031+0000] {dag.py:3096} INFO - Sync 1 DAGs
[2024-07-05T21:10:41.071+0000] {logging_mixin.py:188} INFO - [2024-07-05T21:10:41.071+0000] {dag.py:3954} INFO - Setting next_dagrun for example_python_decorator to None, run_after=None
[2024-07-05T21:10:41.108+0000] {processor.py:183} INFO - Processing /home/airflow/.local/lib/python3.12/site-packages/airflow/example_dags/example_python_decorator.py took 0.178 seconds
[2024-07-05T21:11:11.313+0000] {processor.py:161} INFO - Started process (PID=1069) to work on /home/airflow/.local/lib/python3.12/site-packages/airflow/example_dags/example_python_decorator.py
[2024-07-05T21:11:11.318+0000] {processor.py:830} INFO - Processing file /home/airflow/.local/lib/python3.12/site-packages/airflow/example_dags/example_python_decorator.py for tasks to queue
[2024-07-05T21:11:11.323+0000] {logging_mixin.py:188} INFO - [2024-07-05T21:11:11.322+0000] {dagbag.py:545} INFO - Filling up the DagBag from /home/airflow/.local/lib/python3.12/site-packages/airflow/example_dags/example_python_decorator.py
[2024-07-05T21:11:11.346+0000] {processor.py:840} INFO - DAG(s) 'example_python_decorator' retrieved from /home/airflow/.local/lib/python3.12/site-packages/airflow/example_dags/example_python_decorator.py
[2024-07-05T21:11:11.386+0000] {logging_mixin.py:188} INFO - [2024-07-05T21:11:11.386+0000] {dag.py:3096} INFO - Sync 1 DAGs
[2024-07-05T21:11:11.406+0000] {logging_mixin.py:188} INFO - [2024-07-05T21:11:11.405+0000] {dag.py:3954} INFO - Setting next_dagrun for example_python_decorator to None, run_after=None
[2024-07-05T21:11:11.439+0000] {processor.py:183} INFO - Processing /home/airflow/.local/lib/python3.12/site-packages/airflow/example_dags/example_python_decorator.py took 0.135 seconds
[2024-07-05T21:11:42.207+0000] {processor.py:161} INFO - Started process (PID=1127) to work on /home/airflow/.local/lib/python3.12/site-packages/airflow/example_dags/example_python_decorator.py
[2024-07-05T21:11:42.209+0000] {processor.py:830} INFO - Processing file /home/airflow/.local/lib/python3.12/site-packages/airflow/example_dags/example_python_decorator.py for tasks to queue
[2024-07-05T21:11:42.214+0000] {logging_mixin.py:188} INFO - [2024-07-05T21:11:42.214+0000] {dagbag.py:545} INFO - Filling up the DagBag from /home/airflow/.local/lib/python3.12/site-packages/airflow/example_dags/example_python_decorator.py
[2024-07-05T21:11:42.240+0000] {processor.py:840} INFO - DAG(s) 'example_python_decorator' retrieved from /home/airflow/.local/lib/python3.12/site-packages/airflow/example_dags/example_python_decorator.py
[2024-07-05T21:11:42.284+0000] {logging_mixin.py:188} INFO - [2024-07-05T21:11:42.284+0000] {dag.py:3096} INFO - Sync 1 DAGs
[2024-07-05T21:11:42.304+0000] {logging_mixin.py:188} INFO - [2024-07-05T21:11:42.304+0000] {dag.py:3954} INFO - Setting next_dagrun for example_python_decorator to None, run_after=None
[2024-07-05T21:11:42.338+0000] {processor.py:183} INFO - Processing /home/airflow/.local/lib/python3.12/site-packages/airflow/example_dags/example_python_decorator.py took 0.142 seconds
[2024-07-05T21:12:13.022+0000] {processor.py:161} INFO - Started process (PID=1185) to work on /home/airflow/.local/lib/python3.12/site-packages/airflow/example_dags/example_python_decorator.py
[2024-07-05T21:12:13.024+0000] {processor.py:830} INFO - Processing file /home/airflow/.local/lib/python3.12/site-packages/airflow/example_dags/example_python_decorator.py for tasks to queue
[2024-07-05T21:12:13.028+0000] {logging_mixin.py:188} INFO - [2024-07-05T21:12:13.027+0000] {dagbag.py:545} INFO - Filling up the DagBag from /home/airflow/.local/lib/python3.12/site-packages/airflow/example_dags/example_python_decorator.py
[2024-07-05T21:12:13.054+0000] {processor.py:840} INFO - DAG(s) 'example_python_decorator' retrieved from /home/airflow/.local/lib/python3.12/site-packages/airflow/example_dags/example_python_decorator.py
[2024-07-05T21:12:13.123+0000] {logging_mixin.py:188} INFO - [2024-07-05T21:12:13.122+0000] {dag.py:3096} INFO - Sync 1 DAGs
[2024-07-05T21:12:13.166+0000] {logging_mixin.py:188} INFO - [2024-07-05T21:12:13.165+0000] {dag.py:3954} INFO - Setting next_dagrun for example_python_decorator to None, run_after=None
[2024-07-05T21:12:13.208+0000] {processor.py:183} INFO - Processing /home/airflow/.local/lib/python3.12/site-packages/airflow/example_dags/example_python_decorator.py took 0.200 seconds
[2024-07-05T21:12:43.331+0000] {processor.py:161} INFO - Started process (PID=1243) to work on /home/airflow/.local/lib/python3.12/site-packages/airflow/example_dags/example_python_decorator.py
[2024-07-05T21:12:43.333+0000] {processor.py:830} INFO - Processing file /home/airflow/.local/lib/python3.12/site-packages/airflow/example_dags/example_python_decorator.py for tasks to queue
[2024-07-05T21:12:43.336+0000] {logging_mixin.py:188} INFO - [2024-07-05T21:12:43.336+0000] {dagbag.py:545} INFO - Filling up the DagBag from /home/airflow/.local/lib/python3.12/site-packages/airflow/example_dags/example_python_decorator.py
[2024-07-05T21:12:43.360+0000] {processor.py:840} INFO - DAG(s) 'example_python_decorator' retrieved from /home/airflow/.local/lib/python3.12/site-packages/airflow/example_dags/example_python_decorator.py
[2024-07-05T21:12:43.417+0000] {logging_mixin.py:188} INFO - [2024-07-05T21:12:43.417+0000] {dag.py:3096} INFO - Sync 1 DAGs
[2024-07-05T21:12:43.451+0000] {logging_mixin.py:188} INFO - [2024-07-05T21:12:43.451+0000] {dag.py:3954} INFO - Setting next_dagrun for example_python_decorator to None, run_after=None
[2024-07-05T21:12:43.488+0000] {processor.py:183} INFO - Processing /home/airflow/.local/lib/python3.12/site-packages/airflow/example_dags/example_python_decorator.py took 0.167 seconds
[2024-07-05T21:13:19.534+0000] {processor.py:161} INFO - Started process (PID=1301) to work on /home/airflow/.local/lib/python3.12/site-packages/airflow/example_dags/example_python_decorator.py
[2024-07-05T21:13:19.538+0000] {processor.py:830} INFO - Processing file /home/airflow/.local/lib/python3.12/site-packages/airflow/example_dags/example_python_decorator.py for tasks to queue
[2024-07-05T21:13:19.547+0000] {logging_mixin.py:188} INFO - [2024-07-05T21:13:19.547+0000] {dagbag.py:545} INFO - Filling up the DagBag from /home/airflow/.local/lib/python3.12/site-packages/airflow/example_dags/example_python_decorator.py
[2024-07-05T21:13:19.617+0000] {processor.py:840} INFO - DAG(s) 'example_python_decorator' retrieved from /home/airflow/.local/lib/python3.12/site-packages/airflow/example_dags/example_python_decorator.py
[2024-07-05T21:13:19.976+0000] {logging_mixin.py:188} INFO - [2024-07-05T21:13:19.976+0000] {dag.py:3096} INFO - Sync 1 DAGs
[2024-07-05T21:13:20.062+0000] {logging_mixin.py:188} INFO - [2024-07-05T21:13:20.061+0000] {dag.py:3954} INFO - Setting next_dagrun for example_python_decorator to None, run_after=None
[2024-07-05T21:13:20.166+0000] {processor.py:183} INFO - Processing /home/airflow/.local/lib/python3.12/site-packages/airflow/example_dags/example_python_decorator.py took 0.675 seconds
[2024-07-05T21:13:50.760+0000] {processor.py:161} INFO - Started process (PID=1357) to work on /home/airflow/.local/lib/python3.12/site-packages/airflow/example_dags/example_python_decorator.py
[2024-07-05T21:13:50.762+0000] {processor.py:830} INFO - Processing file /home/airflow/.local/lib/python3.12/site-packages/airflow/example_dags/example_python_decorator.py for tasks to queue
[2024-07-05T21:13:50.766+0000] {logging_mixin.py:188} INFO - [2024-07-05T21:13:50.765+0000] {dagbag.py:545} INFO - Filling up the DagBag from /home/airflow/.local/lib/python3.12/site-packages/airflow/example_dags/example_python_decorator.py
[2024-07-05T21:13:50.795+0000] {processor.py:840} INFO - DAG(s) 'example_python_decorator' retrieved from /home/airflow/.local/lib/python3.12/site-packages/airflow/example_dags/example_python_decorator.py
[2024-07-05T21:13:50.848+0000] {logging_mixin.py:188} INFO - [2024-07-05T21:13:50.847+0000] {dag.py:3096} INFO - Sync 1 DAGs
[2024-07-05T21:13:50.875+0000] {logging_mixin.py:188} INFO - [2024-07-05T21:13:50.874+0000] {dag.py:3954} INFO - Setting next_dagrun for example_python_decorator to None, run_after=None
[2024-07-05T21:13:50.921+0000] {processor.py:183} INFO - Processing /home/airflow/.local/lib/python3.12/site-packages/airflow/example_dags/example_python_decorator.py took 0.174 seconds
[2024-07-05T21:14:21.261+0000] {processor.py:161} INFO - Started process (PID=1415) to work on /home/airflow/.local/lib/python3.12/site-packages/airflow/example_dags/example_python_decorator.py
[2024-07-05T21:14:21.264+0000] {processor.py:830} INFO - Processing file /home/airflow/.local/lib/python3.12/site-packages/airflow/example_dags/example_python_decorator.py for tasks to queue
[2024-07-05T21:14:21.268+0000] {logging_mixin.py:188} INFO - [2024-07-05T21:14:21.267+0000] {dagbag.py:545} INFO - Filling up the DagBag from /home/airflow/.local/lib/python3.12/site-packages/airflow/example_dags/example_python_decorator.py
[2024-07-05T21:14:21.298+0000] {processor.py:840} INFO - DAG(s) 'example_python_decorator' retrieved from /home/airflow/.local/lib/python3.12/site-packages/airflow/example_dags/example_python_decorator.py
[2024-07-05T21:14:21.338+0000] {logging_mixin.py:188} INFO - [2024-07-05T21:14:21.338+0000] {dag.py:3096} INFO - Sync 1 DAGs
[2024-07-05T21:14:21.361+0000] {logging_mixin.py:188} INFO - [2024-07-05T21:14:21.361+0000] {dag.py:3954} INFO - Setting next_dagrun for example_python_decorator to None, run_after=None
[2024-07-05T21:14:21.396+0000] {processor.py:183} INFO - Processing /home/airflow/.local/lib/python3.12/site-packages/airflow/example_dags/example_python_decorator.py took 0.145 seconds
[2024-07-05T21:14:51.792+0000] {processor.py:161} INFO - Started process (PID=1473) to work on /home/airflow/.local/lib/python3.12/site-packages/airflow/example_dags/example_python_decorator.py
[2024-07-05T21:14:51.803+0000] {processor.py:830} INFO - Processing file /home/airflow/.local/lib/python3.12/site-packages/airflow/example_dags/example_python_decorator.py for tasks to queue
[2024-07-05T21:14:51.807+0000] {logging_mixin.py:188} INFO - [2024-07-05T21:14:51.806+0000] {dagbag.py:545} INFO - Filling up the DagBag from /home/airflow/.local/lib/python3.12/site-packages/airflow/example_dags/example_python_decorator.py
[2024-07-05T21:14:51.870+0000] {processor.py:840} INFO - DAG(s) 'example_python_decorator' retrieved from /home/airflow/.local/lib/python3.12/site-packages/airflow/example_dags/example_python_decorator.py
[2024-07-05T21:14:51.954+0000] {logging_mixin.py:188} INFO - [2024-07-05T21:14:51.953+0000] {dag.py:3096} INFO - Sync 1 DAGs
[2024-07-05T21:14:51.988+0000] {logging_mixin.py:188} INFO - [2024-07-05T21:14:51.988+0000] {dag.py:3954} INFO - Setting next_dagrun for example_python_decorator to None, run_after=None
[2024-07-05T21:14:52.049+0000] {processor.py:183} INFO - Processing /home/airflow/.local/lib/python3.12/site-packages/airflow/example_dags/example_python_decorator.py took 0.274 seconds
[2024-07-05T21:15:22.381+0000] {processor.py:161} INFO - Started process (PID=1530) to work on /home/airflow/.local/lib/python3.12/site-packages/airflow/example_dags/example_python_decorator.py
[2024-07-05T21:15:22.383+0000] {processor.py:830} INFO - Processing file /home/airflow/.local/lib/python3.12/site-packages/airflow/example_dags/example_python_decorator.py for tasks to queue
[2024-07-05T21:15:22.386+0000] {logging_mixin.py:188} INFO - [2024-07-05T21:15:22.385+0000] {dagbag.py:545} INFO - Filling up the DagBag from /home/airflow/.local/lib/python3.12/site-packages/airflow/example_dags/example_python_decorator.py
[2024-07-05T21:15:22.408+0000] {processor.py:840} INFO - DAG(s) 'example_python_decorator' retrieved from /home/airflow/.local/lib/python3.12/site-packages/airflow/example_dags/example_python_decorator.py
[2024-07-05T21:15:22.446+0000] {logging_mixin.py:188} INFO - [2024-07-05T21:15:22.446+0000] {dag.py:3096} INFO - Sync 1 DAGs
[2024-07-05T21:15:22.466+0000] {logging_mixin.py:188} INFO - [2024-07-05T21:15:22.466+0000] {dag.py:3954} INFO - Setting next_dagrun for example_python_decorator to None, run_after=None
[2024-07-05T21:15:22.502+0000] {processor.py:183} INFO - Processing /home/airflow/.local/lib/python3.12/site-packages/airflow/example_dags/example_python_decorator.py took 0.131 seconds
[2024-07-05T21:15:52.823+0000] {processor.py:161} INFO - Started process (PID=1588) to work on /home/airflow/.local/lib/python3.12/site-packages/airflow/example_dags/example_python_decorator.py
[2024-07-05T21:15:52.825+0000] {processor.py:830} INFO - Processing file /home/airflow/.local/lib/python3.12/site-packages/airflow/example_dags/example_python_decorator.py for tasks to queue
[2024-07-05T21:15:52.829+0000] {logging_mixin.py:188} INFO - [2024-07-05T21:15:52.828+0000] {dagbag.py:545} INFO - Filling up the DagBag from /home/airflow/.local/lib/python3.12/site-packages/airflow/example_dags/example_python_decorator.py
[2024-07-05T21:15:52.881+0000] {processor.py:840} INFO - DAG(s) 'example_python_decorator' retrieved from /home/airflow/.local/lib/python3.12/site-packages/airflow/example_dags/example_python_decorator.py
[2024-07-05T21:15:52.944+0000] {logging_mixin.py:188} INFO - [2024-07-05T21:15:52.943+0000] {dag.py:3096} INFO - Sync 1 DAGs
[2024-07-05T21:15:52.989+0000] {logging_mixin.py:188} INFO - [2024-07-05T21:15:52.989+0000] {dag.py:3954} INFO - Setting next_dagrun for example_python_decorator to None, run_after=None
[2024-07-05T21:15:53.042+0000] {processor.py:183} INFO - Processing /home/airflow/.local/lib/python3.12/site-packages/airflow/example_dags/example_python_decorator.py took 0.244 seconds
[2024-07-05T21:16:23.529+0000] {processor.py:161} INFO - Started process (PID=1646) to work on /home/airflow/.local/lib/python3.12/site-packages/airflow/example_dags/example_python_decorator.py
[2024-07-05T21:16:23.531+0000] {processor.py:830} INFO - Processing file /home/airflow/.local/lib/python3.12/site-packages/airflow/example_dags/example_python_decorator.py for tasks to queue
[2024-07-05T21:16:23.535+0000] {logging_mixin.py:188} INFO - [2024-07-05T21:16:23.534+0000] {dagbag.py:545} INFO - Filling up the DagBag from /home/airflow/.local/lib/python3.12/site-packages/airflow/example_dags/example_python_decorator.py
[2024-07-05T21:16:23.559+0000] {processor.py:840} INFO - DAG(s) 'example_python_decorator' retrieved from /home/airflow/.local/lib/python3.12/site-packages/airflow/example_dags/example_python_decorator.py
[2024-07-05T21:16:23.618+0000] {logging_mixin.py:188} INFO - [2024-07-05T21:16:23.617+0000] {dag.py:3096} INFO - Sync 1 DAGs
[2024-07-05T21:16:23.640+0000] {logging_mixin.py:188} INFO - [2024-07-05T21:16:23.640+0000] {dag.py:3954} INFO - Setting next_dagrun for example_python_decorator to None, run_after=None
[2024-07-05T21:16:23.684+0000] {processor.py:183} INFO - Processing /home/airflow/.local/lib/python3.12/site-packages/airflow/example_dags/example_python_decorator.py took 0.169 seconds
[2024-07-05T21:16:53.762+0000] {processor.py:161} INFO - Started process (PID=1704) to work on /home/airflow/.local/lib/python3.12/site-packages/airflow/example_dags/example_python_decorator.py
[2024-07-05T21:16:53.764+0000] {processor.py:830} INFO - Processing file /home/airflow/.local/lib/python3.12/site-packages/airflow/example_dags/example_python_decorator.py for tasks to queue
[2024-07-05T21:16:53.768+0000] {logging_mixin.py:188} INFO - [2024-07-05T21:16:53.768+0000] {dagbag.py:545} INFO - Filling up the DagBag from /home/airflow/.local/lib/python3.12/site-packages/airflow/example_dags/example_python_decorator.py
[2024-07-05T21:16:53.796+0000] {processor.py:840} INFO - DAG(s) 'example_python_decorator' retrieved from /home/airflow/.local/lib/python3.12/site-packages/airflow/example_dags/example_python_decorator.py
[2024-07-05T21:16:53.851+0000] {logging_mixin.py:188} INFO - [2024-07-05T21:16:53.851+0000] {dag.py:3096} INFO - Sync 1 DAGs
[2024-07-05T21:16:53.879+0000] {logging_mixin.py:188} INFO - [2024-07-05T21:16:53.878+0000] {dag.py:3954} INFO - Setting next_dagrun for example_python_decorator to None, run_after=None
[2024-07-05T21:16:53.925+0000] {processor.py:183} INFO - Processing /home/airflow/.local/lib/python3.12/site-packages/airflow/example_dags/example_python_decorator.py took 0.173 seconds
[2024-07-05T21:17:24.026+0000] {processor.py:161} INFO - Started process (PID=1763) to work on /home/airflow/.local/lib/python3.12/site-packages/airflow/example_dags/example_python_decorator.py
[2024-07-05T21:17:24.029+0000] {processor.py:830} INFO - Processing file /home/airflow/.local/lib/python3.12/site-packages/airflow/example_dags/example_python_decorator.py for tasks to queue
[2024-07-05T21:17:24.033+0000] {logging_mixin.py:188} INFO - [2024-07-05T21:17:24.032+0000] {dagbag.py:545} INFO - Filling up the DagBag from /home/airflow/.local/lib/python3.12/site-packages/airflow/example_dags/example_python_decorator.py
[2024-07-05T21:17:24.069+0000] {processor.py:840} INFO - DAG(s) 'example_python_decorator' retrieved from /home/airflow/.local/lib/python3.12/site-packages/airflow/example_dags/example_python_decorator.py
[2024-07-05T21:17:24.116+0000] {logging_mixin.py:188} INFO - [2024-07-05T21:17:24.116+0000] {dag.py:3096} INFO - Sync 1 DAGs
[2024-07-05T21:17:24.223+0000] {logging_mixin.py:188} INFO - [2024-07-05T21:17:24.222+0000] {dag.py:3954} INFO - Setting next_dagrun for example_python_decorator to None, run_after=None
[2024-07-05T21:17:24.291+0000] {processor.py:183} INFO - Processing /home/airflow/.local/lib/python3.12/site-packages/airflow/example_dags/example_python_decorator.py took 0.278 seconds
[2024-07-05T21:17:54.869+0000] {processor.py:161} INFO - Started process (PID=1822) to work on /home/airflow/.local/lib/python3.12/site-packages/airflow/example_dags/example_python_decorator.py
[2024-07-05T21:17:54.873+0000] {processor.py:830} INFO - Processing file /home/airflow/.local/lib/python3.12/site-packages/airflow/example_dags/example_python_decorator.py for tasks to queue
[2024-07-05T21:17:54.890+0000] {logging_mixin.py:188} INFO - [2024-07-05T21:17:54.889+0000] {dagbag.py:545} INFO - Filling up the DagBag from /home/airflow/.local/lib/python3.12/site-packages/airflow/example_dags/example_python_decorator.py
[2024-07-05T21:17:54.951+0000] {processor.py:840} INFO - DAG(s) 'example_python_decorator' retrieved from /home/airflow/.local/lib/python3.12/site-packages/airflow/example_dags/example_python_decorator.py
[2024-07-05T21:17:54.993+0000] {logging_mixin.py:188} INFO - [2024-07-05T21:17:54.992+0000] {dag.py:3096} INFO - Sync 1 DAGs
[2024-07-05T21:17:55.016+0000] {logging_mixin.py:188} INFO - [2024-07-05T21:17:55.016+0000] {dag.py:3954} INFO - Setting next_dagrun for example_python_decorator to None, run_after=None
[2024-07-05T21:17:55.057+0000] {processor.py:183} INFO - Processing /home/airflow/.local/lib/python3.12/site-packages/airflow/example_dags/example_python_decorator.py took 0.201 seconds
[2024-07-05T21:18:25.437+0000] {processor.py:161} INFO - Started process (PID=1881) to work on /home/airflow/.local/lib/python3.12/site-packages/airflow/example_dags/example_python_decorator.py
[2024-07-05T21:18:25.438+0000] {processor.py:830} INFO - Processing file /home/airflow/.local/lib/python3.12/site-packages/airflow/example_dags/example_python_decorator.py for tasks to queue
[2024-07-05T21:18:25.441+0000] {logging_mixin.py:188} INFO - [2024-07-05T21:18:25.441+0000] {dagbag.py:545} INFO - Filling up the DagBag from /home/airflow/.local/lib/python3.12/site-packages/airflow/example_dags/example_python_decorator.py
[2024-07-05T21:18:25.463+0000] {processor.py:840} INFO - DAG(s) 'example_python_decorator' retrieved from /home/airflow/.local/lib/python3.12/site-packages/airflow/example_dags/example_python_decorator.py
[2024-07-05T21:18:25.501+0000] {logging_mixin.py:188} INFO - [2024-07-05T21:18:25.500+0000] {dag.py:3096} INFO - Sync 1 DAGs
[2024-07-05T21:18:25.527+0000] {logging_mixin.py:188} INFO - [2024-07-05T21:18:25.527+0000] {dag.py:3954} INFO - Setting next_dagrun for example_python_decorator to None, run_after=None
[2024-07-05T21:18:25.596+0000] {processor.py:183} INFO - Processing /home/airflow/.local/lib/python3.12/site-packages/airflow/example_dags/example_python_decorator.py took 0.170 seconds
[2024-07-05T21:18:56.519+0000] {processor.py:161} INFO - Started process (PID=1946) to work on /home/airflow/.local/lib/python3.12/site-packages/airflow/example_dags/example_python_decorator.py
[2024-07-05T21:18:56.521+0000] {processor.py:830} INFO - Processing file /home/airflow/.local/lib/python3.12/site-packages/airflow/example_dags/example_python_decorator.py for tasks to queue
[2024-07-05T21:18:56.524+0000] {logging_mixin.py:188} INFO - [2024-07-05T21:18:56.524+0000] {dagbag.py:545} INFO - Filling up the DagBag from /home/airflow/.local/lib/python3.12/site-packages/airflow/example_dags/example_python_decorator.py
[2024-07-05T21:18:56.547+0000] {processor.py:840} INFO - DAG(s) 'example_python_decorator' retrieved from /home/airflow/.local/lib/python3.12/site-packages/airflow/example_dags/example_python_decorator.py
[2024-07-05T21:18:56.589+0000] {logging_mixin.py:188} INFO - [2024-07-05T21:18:56.589+0000] {dag.py:3096} INFO - Sync 1 DAGs
[2024-07-05T21:18:56.612+0000] {logging_mixin.py:188} INFO - [2024-07-05T21:18:56.612+0000] {dag.py:3954} INFO - Setting next_dagrun for example_python_decorator to None, run_after=None
[2024-07-05T21:18:56.652+0000] {processor.py:183} INFO - Processing /home/airflow/.local/lib/python3.12/site-packages/airflow/example_dags/example_python_decorator.py took 0.142 seconds
[2024-07-05T21:19:27.402+0000] {processor.py:161} INFO - Started process (PID=2004) to work on /home/airflow/.local/lib/python3.12/site-packages/airflow/example_dags/example_python_decorator.py
[2024-07-05T21:19:27.404+0000] {processor.py:830} INFO - Processing file /home/airflow/.local/lib/python3.12/site-packages/airflow/example_dags/example_python_decorator.py for tasks to queue
[2024-07-05T21:19:27.408+0000] {logging_mixin.py:188} INFO - [2024-07-05T21:19:27.407+0000] {dagbag.py:545} INFO - Filling up the DagBag from /home/airflow/.local/lib/python3.12/site-packages/airflow/example_dags/example_python_decorator.py
[2024-07-05T21:19:27.460+0000] {processor.py:840} INFO - DAG(s) 'example_python_decorator' retrieved from /home/airflow/.local/lib/python3.12/site-packages/airflow/example_dags/example_python_decorator.py
[2024-07-05T21:19:27.547+0000] {logging_mixin.py:188} INFO - [2024-07-05T21:19:27.547+0000] {dag.py:3096} INFO - Sync 1 DAGs
[2024-07-05T21:19:27.585+0000] {logging_mixin.py:188} INFO - [2024-07-05T21:19:27.584+0000] {dag.py:3954} INFO - Setting next_dagrun for example_python_decorator to None, run_after=None
[2024-07-05T21:19:27.754+0000] {processor.py:183} INFO - Processing /home/airflow/.local/lib/python3.12/site-packages/airflow/example_dags/example_python_decorator.py took 0.375 seconds
[2024-07-05T21:19:58.003+0000] {processor.py:161} INFO - Started process (PID=2063) to work on /home/airflow/.local/lib/python3.12/site-packages/airflow/example_dags/example_python_decorator.py
[2024-07-05T21:19:58.004+0000] {processor.py:830} INFO - Processing file /home/airflow/.local/lib/python3.12/site-packages/airflow/example_dags/example_python_decorator.py for tasks to queue
[2024-07-05T21:19:58.008+0000] {logging_mixin.py:188} INFO - [2024-07-05T21:19:58.007+0000] {dagbag.py:545} INFO - Filling up the DagBag from /home/airflow/.local/lib/python3.12/site-packages/airflow/example_dags/example_python_decorator.py
[2024-07-05T21:19:58.032+0000] {processor.py:840} INFO - DAG(s) 'example_python_decorator' retrieved from /home/airflow/.local/lib/python3.12/site-packages/airflow/example_dags/example_python_decorator.py
[2024-07-05T21:19:58.073+0000] {logging_mixin.py:188} INFO - [2024-07-05T21:19:58.072+0000] {dag.py:3096} INFO - Sync 1 DAGs
[2024-07-05T21:19:58.096+0000] {logging_mixin.py:188} INFO - [2024-07-05T21:19:58.095+0000] {dag.py:3954} INFO - Setting next_dagrun for example_python_decorator to None, run_after=None
[2024-07-05T21:19:58.130+0000] {processor.py:183} INFO - Processing /home/airflow/.local/lib/python3.12/site-packages/airflow/example_dags/example_python_decorator.py took 0.136 seconds
[2024-07-05T21:20:28.442+0000] {processor.py:161} INFO - Started process (PID=2122) to work on /home/airflow/.local/lib/python3.12/site-packages/airflow/example_dags/example_python_decorator.py
[2024-07-05T21:20:28.449+0000] {processor.py:830} INFO - Processing file /home/airflow/.local/lib/python3.12/site-packages/airflow/example_dags/example_python_decorator.py for tasks to queue
[2024-07-05T21:20:28.455+0000] {logging_mixin.py:188} INFO - [2024-07-05T21:20:28.454+0000] {dagbag.py:545} INFO - Filling up the DagBag from /home/airflow/.local/lib/python3.12/site-packages/airflow/example_dags/example_python_decorator.py
[2024-07-05T21:20:28.504+0000] {processor.py:840} INFO - DAG(s) 'example_python_decorator' retrieved from /home/airflow/.local/lib/python3.12/site-packages/airflow/example_dags/example_python_decorator.py
[2024-07-05T21:20:28.586+0000] {logging_mixin.py:188} INFO - [2024-07-05T21:20:28.586+0000] {dag.py:3096} INFO - Sync 1 DAGs
[2024-07-05T21:20:28.639+0000] {logging_mixin.py:188} INFO - [2024-07-05T21:20:28.638+0000] {dag.py:3954} INFO - Setting next_dagrun for example_python_decorator to None, run_after=None
[2024-07-05T21:20:28.720+0000] {processor.py:183} INFO - Processing /home/airflow/.local/lib/python3.12/site-packages/airflow/example_dags/example_python_decorator.py took 0.299 seconds
[2024-07-05T21:20:59.592+0000] {processor.py:161} INFO - Started process (PID=2181) to work on /home/airflow/.local/lib/python3.12/site-packages/airflow/example_dags/example_python_decorator.py
[2024-07-05T21:20:59.594+0000] {processor.py:830} INFO - Processing file /home/airflow/.local/lib/python3.12/site-packages/airflow/example_dags/example_python_decorator.py for tasks to queue
[2024-07-05T21:20:59.598+0000] {logging_mixin.py:188} INFO - [2024-07-05T21:20:59.597+0000] {dagbag.py:545} INFO - Filling up the DagBag from /home/airflow/.local/lib/python3.12/site-packages/airflow/example_dags/example_python_decorator.py
[2024-07-05T21:20:59.627+0000] {processor.py:840} INFO - DAG(s) 'example_python_decorator' retrieved from /home/airflow/.local/lib/python3.12/site-packages/airflow/example_dags/example_python_decorator.py
[2024-07-05T21:20:59.696+0000] {logging_mixin.py:188} INFO - [2024-07-05T21:20:59.696+0000] {dag.py:3096} INFO - Sync 1 DAGs
[2024-07-05T21:20:59.742+0000] {logging_mixin.py:188} INFO - [2024-07-05T21:20:59.741+0000] {dag.py:3954} INFO - Setting next_dagrun for example_python_decorator to None, run_after=None
[2024-07-05T21:20:59.790+0000] {processor.py:183} INFO - Processing /home/airflow/.local/lib/python3.12/site-packages/airflow/example_dags/example_python_decorator.py took 0.229 seconds
[2024-07-05T21:21:30.009+0000] {processor.py:161} INFO - Started process (PID=2240) to work on /home/airflow/.local/lib/python3.12/site-packages/airflow/example_dags/example_python_decorator.py
[2024-07-05T21:21:30.015+0000] {processor.py:830} INFO - Processing file /home/airflow/.local/lib/python3.12/site-packages/airflow/example_dags/example_python_decorator.py for tasks to queue
[2024-07-05T21:21:30.018+0000] {logging_mixin.py:188} INFO - [2024-07-05T21:21:30.017+0000] {dagbag.py:545} INFO - Filling up the DagBag from /home/airflow/.local/lib/python3.12/site-packages/airflow/example_dags/example_python_decorator.py
[2024-07-05T21:21:30.053+0000] {processor.py:840} INFO - DAG(s) 'example_python_decorator' retrieved from /home/airflow/.local/lib/python3.12/site-packages/airflow/example_dags/example_python_decorator.py
[2024-07-05T21:21:30.108+0000] {logging_mixin.py:188} INFO - [2024-07-05T21:21:30.108+0000] {dag.py:3096} INFO - Sync 1 DAGs
[2024-07-05T21:21:30.136+0000] {logging_mixin.py:188} INFO - [2024-07-05T21:21:30.136+0000] {dag.py:3954} INFO - Setting next_dagrun for example_python_decorator to None, run_after=None
[2024-07-05T21:21:30.188+0000] {processor.py:183} INFO - Processing /home/airflow/.local/lib/python3.12/site-packages/airflow/example_dags/example_python_decorator.py took 0.190 seconds
[2024-07-05T21:22:00.555+0000] {processor.py:161} INFO - Started process (PID=2298) to work on /home/airflow/.local/lib/python3.12/site-packages/airflow/example_dags/example_python_decorator.py
[2024-07-05T21:22:00.557+0000] {processor.py:830} INFO - Processing file /home/airflow/.local/lib/python3.12/site-packages/airflow/example_dags/example_python_decorator.py for tasks to queue
[2024-07-05T21:22:00.566+0000] {logging_mixin.py:188} INFO - [2024-07-05T21:22:00.565+0000] {dagbag.py:545} INFO - Filling up the DagBag from /home/airflow/.local/lib/python3.12/site-packages/airflow/example_dags/example_python_decorator.py
[2024-07-05T21:22:00.599+0000] {processor.py:840} INFO - DAG(s) 'example_python_decorator' retrieved from /home/airflow/.local/lib/python3.12/site-packages/airflow/example_dags/example_python_decorator.py
[2024-07-05T21:22:00.655+0000] {logging_mixin.py:188} INFO - [2024-07-05T21:22:00.654+0000] {dag.py:3096} INFO - Sync 1 DAGs
[2024-07-05T21:22:00.683+0000] {logging_mixin.py:188} INFO - [2024-07-05T21:22:00.683+0000] {dag.py:3954} INFO - Setting next_dagrun for example_python_decorator to None, run_after=None
[2024-07-05T21:22:00.720+0000] {processor.py:183} INFO - Processing /home/airflow/.local/lib/python3.12/site-packages/airflow/example_dags/example_python_decorator.py took 0.176 seconds
[2024-07-05T21:22:31.438+0000] {processor.py:161} INFO - Started process (PID=2357) to work on /home/airflow/.local/lib/python3.12/site-packages/airflow/example_dags/example_python_decorator.py
[2024-07-05T21:22:31.440+0000] {processor.py:830} INFO - Processing file /home/airflow/.local/lib/python3.12/site-packages/airflow/example_dags/example_python_decorator.py for tasks to queue
[2024-07-05T21:22:31.443+0000] {logging_mixin.py:188} INFO - [2024-07-05T21:22:31.443+0000] {dagbag.py:545} INFO - Filling up the DagBag from /home/airflow/.local/lib/python3.12/site-packages/airflow/example_dags/example_python_decorator.py
[2024-07-05T21:22:31.468+0000] {processor.py:840} INFO - DAG(s) 'example_python_decorator' retrieved from /home/airflow/.local/lib/python3.12/site-packages/airflow/example_dags/example_python_decorator.py
[2024-07-05T21:22:31.510+0000] {logging_mixin.py:188} INFO - [2024-07-05T21:22:31.509+0000] {dag.py:3096} INFO - Sync 1 DAGs
[2024-07-05T21:22:31.624+0000] {logging_mixin.py:188} INFO - [2024-07-05T21:22:31.623+0000] {dag.py:3954} INFO - Setting next_dagrun for example_python_decorator to None, run_after=None
[2024-07-05T21:22:31.703+0000] {processor.py:183} INFO - Processing /home/airflow/.local/lib/python3.12/site-packages/airflow/example_dags/example_python_decorator.py took 0.276 seconds
[2024-07-05T21:23:02.354+0000] {processor.py:161} INFO - Started process (PID=2416) to work on /home/airflow/.local/lib/python3.12/site-packages/airflow/example_dags/example_python_decorator.py
[2024-07-05T21:23:02.355+0000] {processor.py:830} INFO - Processing file /home/airflow/.local/lib/python3.12/site-packages/airflow/example_dags/example_python_decorator.py for tasks to queue
[2024-07-05T21:23:02.358+0000] {logging_mixin.py:188} INFO - [2024-07-05T21:23:02.358+0000] {dagbag.py:545} INFO - Filling up the DagBag from /home/airflow/.local/lib/python3.12/site-packages/airflow/example_dags/example_python_decorator.py
[2024-07-05T21:23:02.384+0000] {processor.py:840} INFO - DAG(s) 'example_python_decorator' retrieved from /home/airflow/.local/lib/python3.12/site-packages/airflow/example_dags/example_python_decorator.py
[2024-07-05T21:23:02.427+0000] {logging_mixin.py:188} INFO - [2024-07-05T21:23:02.427+0000] {dag.py:3096} INFO - Sync 1 DAGs
[2024-07-05T21:23:02.461+0000] {logging_mixin.py:188} INFO - [2024-07-05T21:23:02.460+0000] {dag.py:3954} INFO - Setting next_dagrun for example_python_decorator to None, run_after=None
[2024-07-05T21:23:02.513+0000] {processor.py:183} INFO - Processing /home/airflow/.local/lib/python3.12/site-packages/airflow/example_dags/example_python_decorator.py took 0.170 seconds
[2024-07-05T21:23:33.271+0000] {processor.py:161} INFO - Started process (PID=2475) to work on /home/airflow/.local/lib/python3.12/site-packages/airflow/example_dags/example_python_decorator.py
[2024-07-05T21:23:33.282+0000] {processor.py:830} INFO - Processing file /home/airflow/.local/lib/python3.12/site-packages/airflow/example_dags/example_python_decorator.py for tasks to queue
[2024-07-05T21:23:33.288+0000] {logging_mixin.py:188} INFO - [2024-07-05T21:23:33.286+0000] {dagbag.py:545} INFO - Filling up the DagBag from /home/airflow/.local/lib/python3.12/site-packages/airflow/example_dags/example_python_decorator.py
[2024-07-05T21:23:33.333+0000] {processor.py:840} INFO - DAG(s) 'example_python_decorator' retrieved from /home/airflow/.local/lib/python3.12/site-packages/airflow/example_dags/example_python_decorator.py
[2024-07-05T21:23:33.385+0000] {logging_mixin.py:188} INFO - [2024-07-05T21:23:33.384+0000] {dag.py:3096} INFO - Sync 1 DAGs
[2024-07-05T21:23:33.428+0000] {logging_mixin.py:188} INFO - [2024-07-05T21:23:33.427+0000] {dag.py:3954} INFO - Setting next_dagrun for example_python_decorator to None, run_after=None
[2024-07-05T21:23:33.471+0000] {processor.py:183} INFO - Processing /home/airflow/.local/lib/python3.12/site-packages/airflow/example_dags/example_python_decorator.py took 0.219 seconds
[2024-07-05T21:24:04.024+0000] {processor.py:161} INFO - Started process (PID=2534) to work on /home/airflow/.local/lib/python3.12/site-packages/airflow/example_dags/example_python_decorator.py
[2024-07-05T21:24:04.028+0000] {processor.py:830} INFO - Processing file /home/airflow/.local/lib/python3.12/site-packages/airflow/example_dags/example_python_decorator.py for tasks to queue
[2024-07-05T21:24:04.032+0000] {logging_mixin.py:188} INFO - [2024-07-05T21:24:04.031+0000] {dagbag.py:545} INFO - Filling up the DagBag from /home/airflow/.local/lib/python3.12/site-packages/airflow/example_dags/example_python_decorator.py
[2024-07-05T21:24:04.063+0000] {processor.py:840} INFO - DAG(s) 'example_python_decorator' retrieved from /home/airflow/.local/lib/python3.12/site-packages/airflow/example_dags/example_python_decorator.py
[2024-07-05T21:24:04.112+0000] {logging_mixin.py:188} INFO - [2024-07-05T21:24:04.111+0000] {dag.py:3096} INFO - Sync 1 DAGs
[2024-07-05T21:24:04.139+0000] {logging_mixin.py:188} INFO - [2024-07-05T21:24:04.139+0000] {dag.py:3954} INFO - Setting next_dagrun for example_python_decorator to None, run_after=None
[2024-07-05T21:24:04.193+0000] {processor.py:183} INFO - Processing /home/airflow/.local/lib/python3.12/site-packages/airflow/example_dags/example_python_decorator.py took 0.182 seconds
[2024-07-05T21:24:34.902+0000] {processor.py:161} INFO - Started process (PID=2593) to work on /home/airflow/.local/lib/python3.12/site-packages/airflow/example_dags/example_python_decorator.py
[2024-07-05T21:24:34.904+0000] {processor.py:830} INFO - Processing file /home/airflow/.local/lib/python3.12/site-packages/airflow/example_dags/example_python_decorator.py for tasks to queue
[2024-07-05T21:24:34.908+0000] {logging_mixin.py:188} INFO - [2024-07-05T21:24:34.907+0000] {dagbag.py:545} INFO - Filling up the DagBag from /home/airflow/.local/lib/python3.12/site-packages/airflow/example_dags/example_python_decorator.py
[2024-07-05T21:24:34.931+0000] {processor.py:840} INFO - DAG(s) 'example_python_decorator' retrieved from /home/airflow/.local/lib/python3.12/site-packages/airflow/example_dags/example_python_decorator.py
[2024-07-05T21:24:34.974+0000] {logging_mixin.py:188} INFO - [2024-07-05T21:24:34.974+0000] {dag.py:3096} INFO - Sync 1 DAGs
[2024-07-05T21:24:34.998+0000] {logging_mixin.py:188} INFO - [2024-07-05T21:24:34.998+0000] {dag.py:3954} INFO - Setting next_dagrun for example_python_decorator to None, run_after=None
[2024-07-05T21:24:35.033+0000] {processor.py:183} INFO - Processing /home/airflow/.local/lib/python3.12/site-packages/airflow/example_dags/example_python_decorator.py took 0.140 seconds
[2024-07-05T21:25:05.816+0000] {processor.py:161} INFO - Started process (PID=2652) to work on /home/airflow/.local/lib/python3.12/site-packages/airflow/example_dags/example_python_decorator.py
[2024-07-05T21:25:05.818+0000] {processor.py:830} INFO - Processing file /home/airflow/.local/lib/python3.12/site-packages/airflow/example_dags/example_python_decorator.py for tasks to queue
[2024-07-05T21:25:05.821+0000] {logging_mixin.py:188} INFO - [2024-07-05T21:25:05.821+0000] {dagbag.py:545} INFO - Filling up the DagBag from /home/airflow/.local/lib/python3.12/site-packages/airflow/example_dags/example_python_decorator.py
[2024-07-05T21:25:05.844+0000] {processor.py:840} INFO - DAG(s) 'example_python_decorator' retrieved from /home/airflow/.local/lib/python3.12/site-packages/airflow/example_dags/example_python_decorator.py
[2024-07-05T21:25:05.882+0000] {logging_mixin.py:188} INFO - [2024-07-05T21:25:05.882+0000] {dag.py:3096} INFO - Sync 1 DAGs
[2024-07-05T21:25:05.904+0000] {logging_mixin.py:188} INFO - [2024-07-05T21:25:05.903+0000] {dag.py:3954} INFO - Setting next_dagrun for example_python_decorator to None, run_after=None
[2024-07-05T21:25:05.938+0000] {processor.py:183} INFO - Processing /home/airflow/.local/lib/python3.12/site-packages/airflow/example_dags/example_python_decorator.py took 0.130 seconds
[2024-07-05T21:25:36.597+0000] {processor.py:161} INFO - Started process (PID=2711) to work on /home/airflow/.local/lib/python3.12/site-packages/airflow/example_dags/example_python_decorator.py
[2024-07-05T21:25:36.599+0000] {processor.py:830} INFO - Processing file /home/airflow/.local/lib/python3.12/site-packages/airflow/example_dags/example_python_decorator.py for tasks to queue
[2024-07-05T21:25:36.604+0000] {logging_mixin.py:188} INFO - [2024-07-05T21:25:36.603+0000] {dagbag.py:545} INFO - Filling up the DagBag from /home/airflow/.local/lib/python3.12/site-packages/airflow/example_dags/example_python_decorator.py
[2024-07-05T21:25:36.626+0000] {processor.py:840} INFO - DAG(s) 'example_python_decorator' retrieved from /home/airflow/.local/lib/python3.12/site-packages/airflow/example_dags/example_python_decorator.py
[2024-07-05T21:25:36.668+0000] {logging_mixin.py:188} INFO - [2024-07-05T21:25:36.667+0000] {dag.py:3096} INFO - Sync 1 DAGs
[2024-07-05T21:25:36.688+0000] {logging_mixin.py:188} INFO - [2024-07-05T21:25:36.688+0000] {dag.py:3954} INFO - Setting next_dagrun for example_python_decorator to None, run_after=None
[2024-07-05T21:25:36.725+0000] {processor.py:183} INFO - Processing /home/airflow/.local/lib/python3.12/site-packages/airflow/example_dags/example_python_decorator.py took 0.136 seconds
[2024-07-05T21:26:06.996+0000] {processor.py:161} INFO - Started process (PID=2770) to work on /home/airflow/.local/lib/python3.12/site-packages/airflow/example_dags/example_python_decorator.py
[2024-07-05T21:26:06.997+0000] {processor.py:830} INFO - Processing file /home/airflow/.local/lib/python3.12/site-packages/airflow/example_dags/example_python_decorator.py for tasks to queue
[2024-07-05T21:26:07.001+0000] {logging_mixin.py:188} INFO - [2024-07-05T21:26:07.000+0000] {dagbag.py:545} INFO - Filling up the DagBag from /home/airflow/.local/lib/python3.12/site-packages/airflow/example_dags/example_python_decorator.py
[2024-07-05T21:26:07.025+0000] {processor.py:840} INFO - DAG(s) 'example_python_decorator' retrieved from /home/airflow/.local/lib/python3.12/site-packages/airflow/example_dags/example_python_decorator.py
[2024-07-05T21:26:07.065+0000] {logging_mixin.py:188} INFO - [2024-07-05T21:26:07.064+0000] {dag.py:3096} INFO - Sync 1 DAGs
[2024-07-05T21:26:07.088+0000] {logging_mixin.py:188} INFO - [2024-07-05T21:26:07.087+0000] {dag.py:3954} INFO - Setting next_dagrun for example_python_decorator to None, run_after=None
[2024-07-05T21:26:07.124+0000] {processor.py:183} INFO - Processing /home/airflow/.local/lib/python3.12/site-packages/airflow/example_dags/example_python_decorator.py took 0.139 seconds
