[2024-07-05T21:01:55.673+0000] {processor.py:161} INFO - Started process (PID=58) to work on /home/airflow/.local/lib/python3.12/site-packages/airflow/example_dags/example_sensors.py
[2024-07-05T21:01:55.677+0000] {processor.py:830} INFO - Processing file /home/airflow/.local/lib/python3.12/site-packages/airflow/example_dags/example_sensors.py for tasks to queue
[2024-07-05T21:01:55.693+0000] {logging_mixin.py:188} INFO - [2024-07-05T21:01:55.681+0000] {dagbag.py:545} INFO - Filling up the DagBag from /home/airflow/.local/lib/python3.12/site-packages/airflow/example_dags/example_sensors.py
[2024-07-05T21:01:55.768+0000] {processor.py:840} INFO - DAG(s) 'example_sensors' retrieved from /home/airflow/.local/lib/python3.12/site-packages/airflow/example_dags/example_sensors.py
[2024-07-05T21:01:56.056+0000] {logging_mixin.py:188} INFO - [2024-07-05T21:01:56.055+0000] {dag.py:3096} INFO - Sync 1 DAGs
[2024-07-05T21:01:56.077+0000] {logging_mixin.py:188} INFO - [2024-07-05T21:01:56.077+0000] {dag.py:3954} INFO - Setting next_dagrun for example_sensors to None, run_after=None
[2024-07-05T21:01:56.118+0000] {processor.py:183} INFO - Processing /home/airflow/.local/lib/python3.12/site-packages/airflow/example_dags/example_sensors.py took 0.457 seconds
[2024-07-05T21:02:26.901+0000] {processor.py:161} INFO - Started process (PID=115) to work on /home/airflow/.local/lib/python3.12/site-packages/airflow/example_dags/example_sensors.py
[2024-07-05T21:02:26.903+0000] {processor.py:830} INFO - Processing file /home/airflow/.local/lib/python3.12/site-packages/airflow/example_dags/example_sensors.py for tasks to queue
[2024-07-05T21:02:26.906+0000] {logging_mixin.py:188} INFO - [2024-07-05T21:02:26.905+0000] {dagbag.py:545} INFO - Filling up the DagBag from /home/airflow/.local/lib/python3.12/site-packages/airflow/example_dags/example_sensors.py
[2024-07-05T21:02:26.923+0000] {processor.py:840} INFO - DAG(s) 'example_sensors' retrieved from /home/airflow/.local/lib/python3.12/site-packages/airflow/example_dags/example_sensors.py
[2024-07-05T21:02:26.988+0000] {logging_mixin.py:188} INFO - [2024-07-05T21:02:26.987+0000] {dag.py:3096} INFO - Sync 1 DAGs
[2024-07-05T21:02:27.064+0000] {logging_mixin.py:188} INFO - [2024-07-05T21:02:27.064+0000] {dag.py:3954} INFO - Setting next_dagrun for example_sensors to None, run_after=None
[2024-07-05T21:02:28.342+0000] {processor.py:183} INFO - Processing /home/airflow/.local/lib/python3.12/site-packages/airflow/example_dags/example_sensors.py took 1.444 seconds
[2024-07-05T21:02:59.378+0000] {processor.py:161} INFO - Started process (PID=173) to work on /home/airflow/.local/lib/python3.12/site-packages/airflow/example_dags/example_sensors.py
[2024-07-05T21:02:59.394+0000] {processor.py:830} INFO - Processing file /home/airflow/.local/lib/python3.12/site-packages/airflow/example_dags/example_sensors.py for tasks to queue
[2024-07-05T21:02:59.405+0000] {logging_mixin.py:188} INFO - [2024-07-05T21:02:59.404+0000] {dagbag.py:545} INFO - Filling up the DagBag from /home/airflow/.local/lib/python3.12/site-packages/airflow/example_dags/example_sensors.py
[2024-07-05T21:02:59.453+0000] {processor.py:840} INFO - DAG(s) 'example_sensors' retrieved from /home/airflow/.local/lib/python3.12/site-packages/airflow/example_dags/example_sensors.py
[2024-07-05T21:02:59.938+0000] {logging_mixin.py:188} INFO - [2024-07-05T21:02:59.937+0000] {dag.py:3096} INFO - Sync 1 DAGs
[2024-07-05T21:03:00.320+0000] {logging_mixin.py:188} INFO - [2024-07-05T21:03:00.319+0000] {dag.py:3954} INFO - Setting next_dagrun for example_sensors to None, run_after=None
[2024-07-05T21:03:00.478+0000] {processor.py:183} INFO - Processing /home/airflow/.local/lib/python3.12/site-packages/airflow/example_dags/example_sensors.py took 1.183 seconds
[2024-07-05T21:03:30.834+0000] {processor.py:161} INFO - Started process (PID=230) to work on /home/airflow/.local/lib/python3.12/site-packages/airflow/example_dags/example_sensors.py
[2024-07-05T21:03:30.840+0000] {processor.py:830} INFO - Processing file /home/airflow/.local/lib/python3.12/site-packages/airflow/example_dags/example_sensors.py for tasks to queue
[2024-07-05T21:03:30.853+0000] {logging_mixin.py:188} INFO - [2024-07-05T21:03:30.851+0000] {dagbag.py:545} INFO - Filling up the DagBag from /home/airflow/.local/lib/python3.12/site-packages/airflow/example_dags/example_sensors.py
[2024-07-05T21:03:30.885+0000] {processor.py:840} INFO - DAG(s) 'example_sensors' retrieved from /home/airflow/.local/lib/python3.12/site-packages/airflow/example_dags/example_sensors.py
[2024-07-05T21:03:30.984+0000] {logging_mixin.py:188} INFO - [2024-07-05T21:03:30.983+0000] {dag.py:3096} INFO - Sync 1 DAGs
[2024-07-05T21:03:31.048+0000] {logging_mixin.py:188} INFO - [2024-07-05T21:03:31.047+0000] {dag.py:3954} INFO - Setting next_dagrun for example_sensors to None, run_after=None
[2024-07-05T21:03:31.115+0000] {processor.py:183} INFO - Processing /home/airflow/.local/lib/python3.12/site-packages/airflow/example_dags/example_sensors.py took 0.301 seconds
[2024-07-05T21:04:16.085+0000] {processor.py:161} INFO - Started process (PID=288) to work on /home/airflow/.local/lib/python3.12/site-packages/airflow/example_dags/example_sensors.py
[2024-07-05T21:04:16.100+0000] {processor.py:830} INFO - Processing file /home/airflow/.local/lib/python3.12/site-packages/airflow/example_dags/example_sensors.py for tasks to queue
[2024-07-05T21:04:16.269+0000] {logging_mixin.py:188} INFO - [2024-07-05T21:04:16.268+0000] {dagbag.py:545} INFO - Filling up the DagBag from /home/airflow/.local/lib/python3.12/site-packages/airflow/example_dags/example_sensors.py
[2024-07-05T21:04:16.340+0000] {processor.py:840} INFO - DAG(s) 'example_sensors' retrieved from /home/airflow/.local/lib/python3.12/site-packages/airflow/example_dags/example_sensors.py
[2024-07-05T21:04:16.762+0000] {logging_mixin.py:188} INFO - [2024-07-05T21:04:16.761+0000] {dag.py:3096} INFO - Sync 1 DAGs
[2024-07-05T21:04:17.177+0000] {logging_mixin.py:188} INFO - [2024-07-05T21:04:17.129+0000] {dag.py:3954} INFO - Setting next_dagrun for example_sensors to None, run_after=None
[2024-07-05T21:04:17.365+0000] {processor.py:183} INFO - Processing /home/airflow/.local/lib/python3.12/site-packages/airflow/example_dags/example_sensors.py took 1.303 seconds
[2024-07-05T21:04:48.033+0000] {processor.py:161} INFO - Started process (PID=346) to work on /home/airflow/.local/lib/python3.12/site-packages/airflow/example_dags/example_sensors.py
[2024-07-05T21:04:48.048+0000] {processor.py:830} INFO - Processing file /home/airflow/.local/lib/python3.12/site-packages/airflow/example_dags/example_sensors.py for tasks to queue
[2024-07-05T21:04:48.054+0000] {logging_mixin.py:188} INFO - [2024-07-05T21:04:48.053+0000] {dagbag.py:545} INFO - Filling up the DagBag from /home/airflow/.local/lib/python3.12/site-packages/airflow/example_dags/example_sensors.py
[2024-07-05T21:04:48.075+0000] {processor.py:840} INFO - DAG(s) 'example_sensors' retrieved from /home/airflow/.local/lib/python3.12/site-packages/airflow/example_dags/example_sensors.py
[2024-07-05T21:04:48.158+0000] {logging_mixin.py:188} INFO - [2024-07-05T21:04:48.158+0000] {dag.py:3096} INFO - Sync 1 DAGs
[2024-07-05T21:04:48.191+0000] {logging_mixin.py:188} INFO - [2024-07-05T21:04:48.191+0000] {dag.py:3954} INFO - Setting next_dagrun for example_sensors to None, run_after=None
[2024-07-05T21:04:48.298+0000] {processor.py:183} INFO - Processing /home/airflow/.local/lib/python3.12/site-packages/airflow/example_dags/example_sensors.py took 0.280 seconds
[2024-07-05T21:05:19.009+0000] {processor.py:161} INFO - Started process (PID=402) to work on /home/airflow/.local/lib/python3.12/site-packages/airflow/example_dags/example_sensors.py
[2024-07-05T21:05:19.013+0000] {processor.py:830} INFO - Processing file /home/airflow/.local/lib/python3.12/site-packages/airflow/example_dags/example_sensors.py for tasks to queue
[2024-07-05T21:05:19.018+0000] {logging_mixin.py:188} INFO - [2024-07-05T21:05:19.018+0000] {dagbag.py:545} INFO - Filling up the DagBag from /home/airflow/.local/lib/python3.12/site-packages/airflow/example_dags/example_sensors.py
[2024-07-05T21:05:19.036+0000] {processor.py:840} INFO - DAG(s) 'example_sensors' retrieved from /home/airflow/.local/lib/python3.12/site-packages/airflow/example_dags/example_sensors.py
[2024-07-05T21:05:19.094+0000] {logging_mixin.py:188} INFO - [2024-07-05T21:05:19.093+0000] {dag.py:3096} INFO - Sync 1 DAGs
[2024-07-05T21:05:19.116+0000] {logging_mixin.py:188} INFO - [2024-07-05T21:05:19.115+0000] {dag.py:3954} INFO - Setting next_dagrun for example_sensors to None, run_after=None
[2024-07-05T21:05:19.152+0000] {processor.py:183} INFO - Processing /home/airflow/.local/lib/python3.12/site-packages/airflow/example_dags/example_sensors.py took 0.154 seconds
[2024-07-05T21:05:49.229+0000] {processor.py:161} INFO - Started process (PID=460) to work on /home/airflow/.local/lib/python3.12/site-packages/airflow/example_dags/example_sensors.py
[2024-07-05T21:05:49.231+0000] {processor.py:830} INFO - Processing file /home/airflow/.local/lib/python3.12/site-packages/airflow/example_dags/example_sensors.py for tasks to queue
[2024-07-05T21:05:49.234+0000] {logging_mixin.py:188} INFO - [2024-07-05T21:05:49.233+0000] {dagbag.py:545} INFO - Filling up the DagBag from /home/airflow/.local/lib/python3.12/site-packages/airflow/example_dags/example_sensors.py
[2024-07-05T21:05:49.249+0000] {processor.py:840} INFO - DAG(s) 'example_sensors' retrieved from /home/airflow/.local/lib/python3.12/site-packages/airflow/example_dags/example_sensors.py
[2024-07-05T21:05:49.288+0000] {logging_mixin.py:188} INFO - [2024-07-05T21:05:49.287+0000] {dag.py:3096} INFO - Sync 1 DAGs
[2024-07-05T21:05:49.307+0000] {logging_mixin.py:188} INFO - [2024-07-05T21:05:49.307+0000] {dag.py:3954} INFO - Setting next_dagrun for example_sensors to None, run_after=None
[2024-07-05T21:05:49.337+0000] {processor.py:183} INFO - Processing /home/airflow/.local/lib/python3.12/site-packages/airflow/example_dags/example_sensors.py took 0.118 seconds
[2024-07-05T21:06:20.204+0000] {processor.py:161} INFO - Started process (PID=518) to work on /home/airflow/.local/lib/python3.12/site-packages/airflow/example_dags/example_sensors.py
[2024-07-05T21:06:20.205+0000] {processor.py:830} INFO - Processing file /home/airflow/.local/lib/python3.12/site-packages/airflow/example_dags/example_sensors.py for tasks to queue
[2024-07-05T21:06:20.209+0000] {logging_mixin.py:188} INFO - [2024-07-05T21:06:20.209+0000] {dagbag.py:545} INFO - Filling up the DagBag from /home/airflow/.local/lib/python3.12/site-packages/airflow/example_dags/example_sensors.py
[2024-07-05T21:06:20.225+0000] {processor.py:840} INFO - DAG(s) 'example_sensors' retrieved from /home/airflow/.local/lib/python3.12/site-packages/airflow/example_dags/example_sensors.py
[2024-07-05T21:06:20.275+0000] {logging_mixin.py:188} INFO - [2024-07-05T21:06:20.275+0000] {dag.py:3096} INFO - Sync 1 DAGs
[2024-07-05T21:06:20.307+0000] {logging_mixin.py:188} INFO - [2024-07-05T21:06:20.307+0000] {dag.py:3954} INFO - Setting next_dagrun for example_sensors to None, run_after=None
[2024-07-05T21:06:20.344+0000] {processor.py:183} INFO - Processing /home/airflow/.local/lib/python3.12/site-packages/airflow/example_dags/example_sensors.py took 0.152 seconds
[2024-07-05T21:06:50.647+0000] {processor.py:161} INFO - Started process (PID=576) to work on /home/airflow/.local/lib/python3.12/site-packages/airflow/example_dags/example_sensors.py
[2024-07-05T21:06:50.648+0000] {processor.py:830} INFO - Processing file /home/airflow/.local/lib/python3.12/site-packages/airflow/example_dags/example_sensors.py for tasks to queue
[2024-07-05T21:06:50.651+0000] {logging_mixin.py:188} INFO - [2024-07-05T21:06:50.651+0000] {dagbag.py:545} INFO - Filling up the DagBag from /home/airflow/.local/lib/python3.12/site-packages/airflow/example_dags/example_sensors.py
[2024-07-05T21:06:50.665+0000] {processor.py:840} INFO - DAG(s) 'example_sensors' retrieved from /home/airflow/.local/lib/python3.12/site-packages/airflow/example_dags/example_sensors.py
[2024-07-05T21:06:50.704+0000] {logging_mixin.py:188} INFO - [2024-07-05T21:06:50.703+0000] {dag.py:3096} INFO - Sync 1 DAGs
[2024-07-05T21:06:50.726+0000] {logging_mixin.py:188} INFO - [2024-07-05T21:06:50.725+0000] {dag.py:3954} INFO - Setting next_dagrun for example_sensors to None, run_after=None
[2024-07-05T21:06:50.765+0000] {processor.py:183} INFO - Processing /home/airflow/.local/lib/python3.12/site-packages/airflow/example_dags/example_sensors.py took 0.127 seconds
[2024-07-05T21:07:21.180+0000] {processor.py:161} INFO - Started process (PID=634) to work on /home/airflow/.local/lib/python3.12/site-packages/airflow/example_dags/example_sensors.py
[2024-07-05T21:07:21.182+0000] {processor.py:830} INFO - Processing file /home/airflow/.local/lib/python3.12/site-packages/airflow/example_dags/example_sensors.py for tasks to queue
[2024-07-05T21:07:21.185+0000] {logging_mixin.py:188} INFO - [2024-07-05T21:07:21.184+0000] {dagbag.py:545} INFO - Filling up the DagBag from /home/airflow/.local/lib/python3.12/site-packages/airflow/example_dags/example_sensors.py
[2024-07-05T21:07:21.198+0000] {processor.py:840} INFO - DAG(s) 'example_sensors' retrieved from /home/airflow/.local/lib/python3.12/site-packages/airflow/example_dags/example_sensors.py
[2024-07-05T21:07:21.238+0000] {logging_mixin.py:188} INFO - [2024-07-05T21:07:21.238+0000] {dag.py:3096} INFO - Sync 1 DAGs
[2024-07-05T21:07:21.258+0000] {logging_mixin.py:188} INFO - [2024-07-05T21:07:21.258+0000] {dag.py:3954} INFO - Setting next_dagrun for example_sensors to None, run_after=None
[2024-07-05T21:07:21.288+0000] {processor.py:183} INFO - Processing /home/airflow/.local/lib/python3.12/site-packages/airflow/example_dags/example_sensors.py took 0.117 seconds
[2024-07-05T21:07:51.530+0000] {processor.py:161} INFO - Started process (PID=692) to work on /home/airflow/.local/lib/python3.12/site-packages/airflow/example_dags/example_sensors.py
[2024-07-05T21:07:51.532+0000] {processor.py:830} INFO - Processing file /home/airflow/.local/lib/python3.12/site-packages/airflow/example_dags/example_sensors.py for tasks to queue
[2024-07-05T21:07:51.535+0000] {logging_mixin.py:188} INFO - [2024-07-05T21:07:51.534+0000] {dagbag.py:545} INFO - Filling up the DagBag from /home/airflow/.local/lib/python3.12/site-packages/airflow/example_dags/example_sensors.py
[2024-07-05T21:07:51.549+0000] {processor.py:840} INFO - DAG(s) 'example_sensors' retrieved from /home/airflow/.local/lib/python3.12/site-packages/airflow/example_dags/example_sensors.py
[2024-07-05T21:07:51.589+0000] {logging_mixin.py:188} INFO - [2024-07-05T21:07:51.589+0000] {dag.py:3096} INFO - Sync 1 DAGs
[2024-07-05T21:07:51.608+0000] {logging_mixin.py:188} INFO - [2024-07-05T21:07:51.608+0000] {dag.py:3954} INFO - Setting next_dagrun for example_sensors to None, run_after=None
[2024-07-05T21:07:51.636+0000] {processor.py:183} INFO - Processing /home/airflow/.local/lib/python3.12/site-packages/airflow/example_dags/example_sensors.py took 0.116 seconds
[2024-07-05T21:08:23.571+0000] {processor.py:161} INFO - Started process (PID=757) to work on /home/airflow/.local/lib/python3.12/site-packages/airflow/example_dags/example_sensors.py
[2024-07-05T21:08:23.575+0000] {processor.py:830} INFO - Processing file /home/airflow/.local/lib/python3.12/site-packages/airflow/example_dags/example_sensors.py for tasks to queue
[2024-07-05T21:08:23.581+0000] {logging_mixin.py:188} INFO - [2024-07-05T21:08:23.581+0000] {dagbag.py:545} INFO - Filling up the DagBag from /home/airflow/.local/lib/python3.12/site-packages/airflow/example_dags/example_sensors.py
[2024-07-05T21:08:23.618+0000] {processor.py:840} INFO - DAG(s) 'example_sensors' retrieved from /home/airflow/.local/lib/python3.12/site-packages/airflow/example_dags/example_sensors.py
[2024-07-05T21:08:23.753+0000] {logging_mixin.py:188} INFO - [2024-07-05T21:08:23.753+0000] {dag.py:3096} INFO - Sync 1 DAGs
[2024-07-05T21:08:23.819+0000] {logging_mixin.py:188} INFO - [2024-07-05T21:08:23.818+0000] {dag.py:3954} INFO - Setting next_dagrun for example_sensors to None, run_after=None
[2024-07-05T21:08:23.900+0000] {processor.py:183} INFO - Processing /home/airflow/.local/lib/python3.12/site-packages/airflow/example_dags/example_sensors.py took 0.383 seconds
[2024-07-05T21:08:53.994+0000] {processor.py:161} INFO - Started process (PID=815) to work on /home/airflow/.local/lib/python3.12/site-packages/airflow/example_dags/example_sensors.py
[2024-07-05T21:08:53.997+0000] {processor.py:830} INFO - Processing file /home/airflow/.local/lib/python3.12/site-packages/airflow/example_dags/example_sensors.py for tasks to queue
[2024-07-05T21:08:54.000+0000] {logging_mixin.py:188} INFO - [2024-07-05T21:08:53.999+0000] {dagbag.py:545} INFO - Filling up the DagBag from /home/airflow/.local/lib/python3.12/site-packages/airflow/example_dags/example_sensors.py
[2024-07-05T21:08:54.015+0000] {processor.py:840} INFO - DAG(s) 'example_sensors' retrieved from /home/airflow/.local/lib/python3.12/site-packages/airflow/example_dags/example_sensors.py
[2024-07-05T21:08:54.064+0000] {logging_mixin.py:188} INFO - [2024-07-05T21:08:54.063+0000] {dag.py:3096} INFO - Sync 1 DAGs
[2024-07-05T21:08:54.084+0000] {logging_mixin.py:188} INFO - [2024-07-05T21:08:54.084+0000] {dag.py:3954} INFO - Setting next_dagrun for example_sensors to None, run_after=None
[2024-07-05T21:08:54.116+0000] {processor.py:183} INFO - Processing /home/airflow/.local/lib/python3.12/site-packages/airflow/example_dags/example_sensors.py took 0.135 seconds
[2024-07-05T21:09:24.321+0000] {processor.py:161} INFO - Started process (PID=873) to work on /home/airflow/.local/lib/python3.12/site-packages/airflow/example_dags/example_sensors.py
[2024-07-05T21:09:24.329+0000] {processor.py:830} INFO - Processing file /home/airflow/.local/lib/python3.12/site-packages/airflow/example_dags/example_sensors.py for tasks to queue
[2024-07-05T21:09:24.335+0000] {logging_mixin.py:188} INFO - [2024-07-05T21:09:24.334+0000] {dagbag.py:545} INFO - Filling up the DagBag from /home/airflow/.local/lib/python3.12/site-packages/airflow/example_dags/example_sensors.py
[2024-07-05T21:09:24.417+0000] {processor.py:840} INFO - DAG(s) 'example_sensors' retrieved from /home/airflow/.local/lib/python3.12/site-packages/airflow/example_dags/example_sensors.py
[2024-07-05T21:09:24.517+0000] {logging_mixin.py:188} INFO - [2024-07-05T21:09:24.517+0000] {dag.py:3096} INFO - Sync 1 DAGs
[2024-07-05T21:09:24.565+0000] {logging_mixin.py:188} INFO - [2024-07-05T21:09:24.565+0000] {dag.py:3954} INFO - Setting next_dagrun for example_sensors to None, run_after=None
[2024-07-05T21:09:24.601+0000] {processor.py:183} INFO - Processing /home/airflow/.local/lib/python3.12/site-packages/airflow/example_dags/example_sensors.py took 0.299 seconds
[2024-07-05T21:09:55.164+0000] {processor.py:161} INFO - Started process (PID=931) to work on /home/airflow/.local/lib/python3.12/site-packages/airflow/example_dags/example_sensors.py
[2024-07-05T21:09:55.165+0000] {processor.py:830} INFO - Processing file /home/airflow/.local/lib/python3.12/site-packages/airflow/example_dags/example_sensors.py for tasks to queue
[2024-07-05T21:09:55.171+0000] {logging_mixin.py:188} INFO - [2024-07-05T21:09:55.170+0000] {dagbag.py:545} INFO - Filling up the DagBag from /home/airflow/.local/lib/python3.12/site-packages/airflow/example_dags/example_sensors.py
[2024-07-05T21:09:55.186+0000] {processor.py:840} INFO - DAG(s) 'example_sensors' retrieved from /home/airflow/.local/lib/python3.12/site-packages/airflow/example_dags/example_sensors.py
[2024-07-05T21:09:55.233+0000] {logging_mixin.py:188} INFO - [2024-07-05T21:09:55.233+0000] {dag.py:3096} INFO - Sync 1 DAGs
[2024-07-05T21:09:55.252+0000] {logging_mixin.py:188} INFO - [2024-07-05T21:09:55.252+0000] {dag.py:3954} INFO - Setting next_dagrun for example_sensors to None, run_after=None
[2024-07-05T21:09:55.284+0000] {processor.py:183} INFO - Processing /home/airflow/.local/lib/python3.12/site-packages/airflow/example_dags/example_sensors.py took 0.140 seconds
[2024-07-05T21:10:25.343+0000] {processor.py:161} INFO - Started process (PID=989) to work on /home/airflow/.local/lib/python3.12/site-packages/airflow/example_dags/example_sensors.py
[2024-07-05T21:10:25.344+0000] {processor.py:830} INFO - Processing file /home/airflow/.local/lib/python3.12/site-packages/airflow/example_dags/example_sensors.py for tasks to queue
[2024-07-05T21:10:25.348+0000] {logging_mixin.py:188} INFO - [2024-07-05T21:10:25.347+0000] {dagbag.py:545} INFO - Filling up the DagBag from /home/airflow/.local/lib/python3.12/site-packages/airflow/example_dags/example_sensors.py
[2024-07-05T21:10:25.361+0000] {processor.py:840} INFO - DAG(s) 'example_sensors' retrieved from /home/airflow/.local/lib/python3.12/site-packages/airflow/example_dags/example_sensors.py
[2024-07-05T21:10:25.401+0000] {logging_mixin.py:188} INFO - [2024-07-05T21:10:25.400+0000] {dag.py:3096} INFO - Sync 1 DAGs
[2024-07-05T21:10:25.420+0000] {logging_mixin.py:188} INFO - [2024-07-05T21:10:25.420+0000] {dag.py:3954} INFO - Setting next_dagrun for example_sensors to None, run_after=None
[2024-07-05T21:10:25.449+0000] {processor.py:183} INFO - Processing /home/airflow/.local/lib/python3.12/site-packages/airflow/example_dags/example_sensors.py took 0.115 seconds
[2024-07-05T21:10:56.049+0000] {processor.py:161} INFO - Started process (PID=1047) to work on /home/airflow/.local/lib/python3.12/site-packages/airflow/example_dags/example_sensors.py
[2024-07-05T21:10:56.051+0000] {processor.py:830} INFO - Processing file /home/airflow/.local/lib/python3.12/site-packages/airflow/example_dags/example_sensors.py for tasks to queue
[2024-07-05T21:10:56.054+0000] {logging_mixin.py:188} INFO - [2024-07-05T21:10:56.053+0000] {dagbag.py:545} INFO - Filling up the DagBag from /home/airflow/.local/lib/python3.12/site-packages/airflow/example_dags/example_sensors.py
[2024-07-05T21:10:56.067+0000] {processor.py:840} INFO - DAG(s) 'example_sensors' retrieved from /home/airflow/.local/lib/python3.12/site-packages/airflow/example_dags/example_sensors.py
[2024-07-05T21:10:56.107+0000] {logging_mixin.py:188} INFO - [2024-07-05T21:10:56.106+0000] {dag.py:3096} INFO - Sync 1 DAGs
[2024-07-05T21:10:56.126+0000] {logging_mixin.py:188} INFO - [2024-07-05T21:10:56.126+0000] {dag.py:3954} INFO - Setting next_dagrun for example_sensors to None, run_after=None
[2024-07-05T21:10:56.156+0000] {processor.py:183} INFO - Processing /home/airflow/.local/lib/python3.12/site-packages/airflow/example_dags/example_sensors.py took 0.117 seconds
[2024-07-05T21:11:26.433+0000] {processor.py:161} INFO - Started process (PID=1105) to work on /home/airflow/.local/lib/python3.12/site-packages/airflow/example_dags/example_sensors.py
[2024-07-05T21:11:26.435+0000] {processor.py:830} INFO - Processing file /home/airflow/.local/lib/python3.12/site-packages/airflow/example_dags/example_sensors.py for tasks to queue
[2024-07-05T21:11:26.438+0000] {logging_mixin.py:188} INFO - [2024-07-05T21:11:26.438+0000] {dagbag.py:545} INFO - Filling up the DagBag from /home/airflow/.local/lib/python3.12/site-packages/airflow/example_dags/example_sensors.py
[2024-07-05T21:11:26.455+0000] {processor.py:840} INFO - DAG(s) 'example_sensors' retrieved from /home/airflow/.local/lib/python3.12/site-packages/airflow/example_dags/example_sensors.py
[2024-07-05T21:11:26.511+0000] {logging_mixin.py:188} INFO - [2024-07-05T21:11:26.510+0000] {dag.py:3096} INFO - Sync 1 DAGs
[2024-07-05T21:11:26.537+0000] {logging_mixin.py:188} INFO - [2024-07-05T21:11:26.537+0000] {dag.py:3954} INFO - Setting next_dagrun for example_sensors to None, run_after=None
[2024-07-05T21:11:26.587+0000] {processor.py:183} INFO - Processing /home/airflow/.local/lib/python3.12/site-packages/airflow/example_dags/example_sensors.py took 0.164 seconds
[2024-07-05T21:11:57.132+0000] {processor.py:161} INFO - Started process (PID=1163) to work on /home/airflow/.local/lib/python3.12/site-packages/airflow/example_dags/example_sensors.py
[2024-07-05T21:11:57.134+0000] {processor.py:830} INFO - Processing file /home/airflow/.local/lib/python3.12/site-packages/airflow/example_dags/example_sensors.py for tasks to queue
[2024-07-05T21:11:57.139+0000] {logging_mixin.py:188} INFO - [2024-07-05T21:11:57.138+0000] {dagbag.py:545} INFO - Filling up the DagBag from /home/airflow/.local/lib/python3.12/site-packages/airflow/example_dags/example_sensors.py
[2024-07-05T21:11:57.154+0000] {processor.py:840} INFO - DAG(s) 'example_sensors' retrieved from /home/airflow/.local/lib/python3.12/site-packages/airflow/example_dags/example_sensors.py
[2024-07-05T21:11:57.218+0000] {logging_mixin.py:188} INFO - [2024-07-05T21:11:57.217+0000] {dag.py:3096} INFO - Sync 1 DAGs
[2024-07-05T21:11:57.242+0000] {logging_mixin.py:188} INFO - [2024-07-05T21:11:57.241+0000] {dag.py:3954} INFO - Setting next_dagrun for example_sensors to None, run_after=None
[2024-07-05T21:11:57.287+0000] {processor.py:183} INFO - Processing /home/airflow/.local/lib/python3.12/site-packages/airflow/example_dags/example_sensors.py took 0.168 seconds
[2024-07-05T21:12:28.164+0000] {processor.py:161} INFO - Started process (PID=1221) to work on /home/airflow/.local/lib/python3.12/site-packages/airflow/example_dags/example_sensors.py
[2024-07-05T21:12:28.165+0000] {processor.py:830} INFO - Processing file /home/airflow/.local/lib/python3.12/site-packages/airflow/example_dags/example_sensors.py for tasks to queue
[2024-07-05T21:12:28.168+0000] {logging_mixin.py:188} INFO - [2024-07-05T21:12:28.168+0000] {dagbag.py:545} INFO - Filling up the DagBag from /home/airflow/.local/lib/python3.12/site-packages/airflow/example_dags/example_sensors.py
[2024-07-05T21:12:28.181+0000] {processor.py:840} INFO - DAG(s) 'example_sensors' retrieved from /home/airflow/.local/lib/python3.12/site-packages/airflow/example_dags/example_sensors.py
[2024-07-05T21:12:28.220+0000] {logging_mixin.py:188} INFO - [2024-07-05T21:12:28.220+0000] {dag.py:3096} INFO - Sync 1 DAGs
[2024-07-05T21:12:28.242+0000] {logging_mixin.py:188} INFO - [2024-07-05T21:12:28.241+0000] {dag.py:3954} INFO - Setting next_dagrun for example_sensors to None, run_after=None
[2024-07-05T21:12:28.277+0000] {processor.py:183} INFO - Processing /home/airflow/.local/lib/python3.12/site-packages/airflow/example_dags/example_sensors.py took 0.122 seconds
[2024-07-05T21:12:58.417+0000] {processor.py:161} INFO - Started process (PID=1279) to work on /home/airflow/.local/lib/python3.12/site-packages/airflow/example_dags/example_sensors.py
[2024-07-05T21:12:58.419+0000] {processor.py:830} INFO - Processing file /home/airflow/.local/lib/python3.12/site-packages/airflow/example_dags/example_sensors.py for tasks to queue
[2024-07-05T21:12:58.422+0000] {logging_mixin.py:188} INFO - [2024-07-05T21:12:58.422+0000] {dagbag.py:545} INFO - Filling up the DagBag from /home/airflow/.local/lib/python3.12/site-packages/airflow/example_dags/example_sensors.py
[2024-07-05T21:12:58.437+0000] {processor.py:840} INFO - DAG(s) 'example_sensors' retrieved from /home/airflow/.local/lib/python3.12/site-packages/airflow/example_dags/example_sensors.py
[2024-07-05T21:12:58.480+0000] {logging_mixin.py:188} INFO - [2024-07-05T21:12:58.480+0000] {dag.py:3096} INFO - Sync 1 DAGs
[2024-07-05T21:12:58.503+0000] {logging_mixin.py:188} INFO - [2024-07-05T21:12:58.502+0000] {dag.py:3954} INFO - Setting next_dagrun for example_sensors to None, run_after=None
[2024-07-05T21:12:58.535+0000] {processor.py:183} INFO - Processing /home/airflow/.local/lib/python3.12/site-packages/airflow/example_dags/example_sensors.py took 0.129 seconds
[2024-07-05T21:13:29.092+0000] {processor.py:161} INFO - Started process (PID=1337) to work on /home/airflow/.local/lib/python3.12/site-packages/airflow/example_dags/example_sensors.py
[2024-07-05T21:13:29.113+0000] {processor.py:830} INFO - Processing file /home/airflow/.local/lib/python3.12/site-packages/airflow/example_dags/example_sensors.py for tasks to queue
[2024-07-05T21:13:29.118+0000] {logging_mixin.py:188} INFO - [2024-07-05T21:13:29.117+0000] {dagbag.py:545} INFO - Filling up the DagBag from /home/airflow/.local/lib/python3.12/site-packages/airflow/example_dags/example_sensors.py
[2024-07-05T21:13:29.141+0000] {processor.py:840} INFO - DAG(s) 'example_sensors' retrieved from /home/airflow/.local/lib/python3.12/site-packages/airflow/example_dags/example_sensors.py
[2024-07-05T21:13:29.200+0000] {logging_mixin.py:188} INFO - [2024-07-05T21:13:29.199+0000] {dag.py:3096} INFO - Sync 1 DAGs
[2024-07-05T21:13:29.223+0000] {logging_mixin.py:188} INFO - [2024-07-05T21:13:29.223+0000] {dag.py:3954} INFO - Setting next_dagrun for example_sensors to None, run_after=None
[2024-07-05T21:13:29.261+0000] {processor.py:183} INFO - Processing /home/airflow/.local/lib/python3.12/site-packages/airflow/example_dags/example_sensors.py took 0.183 seconds
[2024-07-05T21:13:59.777+0000] {processor.py:161} INFO - Started process (PID=1393) to work on /home/airflow/.local/lib/python3.12/site-packages/airflow/example_dags/example_sensors.py
[2024-07-05T21:13:59.779+0000] {processor.py:830} INFO - Processing file /home/airflow/.local/lib/python3.12/site-packages/airflow/example_dags/example_sensors.py for tasks to queue
[2024-07-05T21:13:59.783+0000] {logging_mixin.py:188} INFO - [2024-07-05T21:13:59.782+0000] {dagbag.py:545} INFO - Filling up the DagBag from /home/airflow/.local/lib/python3.12/site-packages/airflow/example_dags/example_sensors.py
[2024-07-05T21:13:59.804+0000] {processor.py:840} INFO - DAG(s) 'example_sensors' retrieved from /home/airflow/.local/lib/python3.12/site-packages/airflow/example_dags/example_sensors.py
[2024-07-05T21:13:59.885+0000] {logging_mixin.py:188} INFO - [2024-07-05T21:13:59.885+0000] {dag.py:3096} INFO - Sync 1 DAGs
[2024-07-05T21:13:59.940+0000] {logging_mixin.py:188} INFO - [2024-07-05T21:13:59.940+0000] {dag.py:3954} INFO - Setting next_dagrun for example_sensors to None, run_after=None
[2024-07-05T21:13:59.985+0000] {processor.py:183} INFO - Processing /home/airflow/.local/lib/python3.12/site-packages/airflow/example_dags/example_sensors.py took 0.221 seconds
[2024-07-05T21:14:31.318+0000] {processor.py:161} INFO - Started process (PID=1445) to work on /home/airflow/.local/lib/python3.12/site-packages/airflow/example_dags/example_sensors.py
[2024-07-05T21:14:31.320+0000] {processor.py:830} INFO - Processing file /home/airflow/.local/lib/python3.12/site-packages/airflow/example_dags/example_sensors.py for tasks to queue
[2024-07-05T21:14:31.327+0000] {logging_mixin.py:188} INFO - [2024-07-05T21:14:31.326+0000] {dagbag.py:545} INFO - Filling up the DagBag from /home/airflow/.local/lib/python3.12/site-packages/airflow/example_dags/example_sensors.py
[2024-07-05T21:14:31.353+0000] {processor.py:840} INFO - DAG(s) 'example_sensors' retrieved from /home/airflow/.local/lib/python3.12/site-packages/airflow/example_dags/example_sensors.py
[2024-07-05T21:14:31.428+0000] {logging_mixin.py:188} INFO - [2024-07-05T21:14:31.428+0000] {dag.py:3096} INFO - Sync 1 DAGs
[2024-07-05T21:14:31.466+0000] {logging_mixin.py:188} INFO - [2024-07-05T21:14:31.465+0000] {dag.py:3954} INFO - Setting next_dagrun for example_sensors to None, run_after=None
[2024-07-05T21:14:31.512+0000] {processor.py:183} INFO - Processing /home/airflow/.local/lib/python3.12/site-packages/airflow/example_dags/example_sensors.py took 0.209 seconds
[2024-07-05T21:15:01.623+0000] {processor.py:161} INFO - Started process (PID=1503) to work on /home/airflow/.local/lib/python3.12/site-packages/airflow/example_dags/example_sensors.py
[2024-07-05T21:15:01.626+0000] {processor.py:830} INFO - Processing file /home/airflow/.local/lib/python3.12/site-packages/airflow/example_dags/example_sensors.py for tasks to queue
[2024-07-05T21:15:01.631+0000] {logging_mixin.py:188} INFO - [2024-07-05T21:15:01.630+0000] {dagbag.py:545} INFO - Filling up the DagBag from /home/airflow/.local/lib/python3.12/site-packages/airflow/example_dags/example_sensors.py
[2024-07-05T21:15:01.653+0000] {processor.py:840} INFO - DAG(s) 'example_sensors' retrieved from /home/airflow/.local/lib/python3.12/site-packages/airflow/example_dags/example_sensors.py
[2024-07-05T21:15:01.717+0000] {logging_mixin.py:188} INFO - [2024-07-05T21:15:01.716+0000] {dag.py:3096} INFO - Sync 1 DAGs
[2024-07-05T21:15:01.747+0000] {logging_mixin.py:188} INFO - [2024-07-05T21:15:01.746+0000] {dag.py:3954} INFO - Setting next_dagrun for example_sensors to None, run_after=None
[2024-07-05T21:15:01.823+0000] {processor.py:183} INFO - Processing /home/airflow/.local/lib/python3.12/site-packages/airflow/example_dags/example_sensors.py took 0.219 seconds
[2024-07-05T21:15:32.327+0000] {processor.py:161} INFO - Started process (PID=1561) to work on /home/airflow/.local/lib/python3.12/site-packages/airflow/example_dags/example_sensors.py
[2024-07-05T21:15:32.330+0000] {processor.py:830} INFO - Processing file /home/airflow/.local/lib/python3.12/site-packages/airflow/example_dags/example_sensors.py for tasks to queue
[2024-07-05T21:15:32.335+0000] {logging_mixin.py:188} INFO - [2024-07-05T21:15:32.335+0000] {dagbag.py:545} INFO - Filling up the DagBag from /home/airflow/.local/lib/python3.12/site-packages/airflow/example_dags/example_sensors.py
[2024-07-05T21:15:32.360+0000] {processor.py:840} INFO - DAG(s) 'example_sensors' retrieved from /home/airflow/.local/lib/python3.12/site-packages/airflow/example_dags/example_sensors.py
[2024-07-05T21:15:32.420+0000] {logging_mixin.py:188} INFO - [2024-07-05T21:15:32.419+0000] {dag.py:3096} INFO - Sync 1 DAGs
[2024-07-05T21:15:32.449+0000] {logging_mixin.py:188} INFO - [2024-07-05T21:15:32.449+0000] {dag.py:3954} INFO - Setting next_dagrun for example_sensors to None, run_after=None
[2024-07-05T21:15:32.495+0000] {processor.py:183} INFO - Processing /home/airflow/.local/lib/python3.12/site-packages/airflow/example_dags/example_sensors.py took 0.183 seconds
[2024-07-05T21:16:03.547+0000] {processor.py:161} INFO - Started process (PID=1619) to work on /home/airflow/.local/lib/python3.12/site-packages/airflow/example_dags/example_sensors.py
[2024-07-05T21:16:03.551+0000] {processor.py:830} INFO - Processing file /home/airflow/.local/lib/python3.12/site-packages/airflow/example_dags/example_sensors.py for tasks to queue
[2024-07-05T21:16:03.555+0000] {logging_mixin.py:188} INFO - [2024-07-05T21:16:03.554+0000] {dagbag.py:545} INFO - Filling up the DagBag from /home/airflow/.local/lib/python3.12/site-packages/airflow/example_dags/example_sensors.py
[2024-07-05T21:16:03.571+0000] {processor.py:840} INFO - DAG(s) 'example_sensors' retrieved from /home/airflow/.local/lib/python3.12/site-packages/airflow/example_dags/example_sensors.py
[2024-07-05T21:16:03.617+0000] {logging_mixin.py:188} INFO - [2024-07-05T21:16:03.617+0000] {dag.py:3096} INFO - Sync 1 DAGs
[2024-07-05T21:16:03.652+0000] {logging_mixin.py:188} INFO - [2024-07-05T21:16:03.652+0000] {dag.py:3954} INFO - Setting next_dagrun for example_sensors to None, run_after=None
[2024-07-05T21:16:03.688+0000] {processor.py:183} INFO - Processing /home/airflow/.local/lib/python3.12/site-packages/airflow/example_dags/example_sensors.py took 0.157 seconds
[2024-07-05T21:16:34.601+0000] {processor.py:161} INFO - Started process (PID=1676) to work on /home/airflow/.local/lib/python3.12/site-packages/airflow/example_dags/example_sensors.py
[2024-07-05T21:16:34.603+0000] {processor.py:830} INFO - Processing file /home/airflow/.local/lib/python3.12/site-packages/airflow/example_dags/example_sensors.py for tasks to queue
[2024-07-05T21:16:34.608+0000] {logging_mixin.py:188} INFO - [2024-07-05T21:16:34.607+0000] {dagbag.py:545} INFO - Filling up the DagBag from /home/airflow/.local/lib/python3.12/site-packages/airflow/example_dags/example_sensors.py
[2024-07-05T21:16:34.630+0000] {processor.py:840} INFO - DAG(s) 'example_sensors' retrieved from /home/airflow/.local/lib/python3.12/site-packages/airflow/example_dags/example_sensors.py
[2024-07-05T21:16:34.683+0000] {logging_mixin.py:188} INFO - [2024-07-05T21:16:34.682+0000] {dag.py:3096} INFO - Sync 1 DAGs
[2024-07-05T21:16:34.713+0000] {logging_mixin.py:188} INFO - [2024-07-05T21:16:34.713+0000] {dag.py:3954} INFO - Setting next_dagrun for example_sensors to None, run_after=None
[2024-07-05T21:16:34.748+0000] {processor.py:183} INFO - Processing /home/airflow/.local/lib/python3.12/site-packages/airflow/example_dags/example_sensors.py took 0.161 seconds
[2024-07-05T21:17:05.434+0000] {processor.py:161} INFO - Started process (PID=1733) to work on /home/airflow/.local/lib/python3.12/site-packages/airflow/example_dags/example_sensors.py
[2024-07-05T21:17:05.436+0000] {processor.py:830} INFO - Processing file /home/airflow/.local/lib/python3.12/site-packages/airflow/example_dags/example_sensors.py for tasks to queue
[2024-07-05T21:17:05.440+0000] {logging_mixin.py:188} INFO - [2024-07-05T21:17:05.440+0000] {dagbag.py:545} INFO - Filling up the DagBag from /home/airflow/.local/lib/python3.12/site-packages/airflow/example_dags/example_sensors.py
[2024-07-05T21:17:05.461+0000] {processor.py:840} INFO - DAG(s) 'example_sensors' retrieved from /home/airflow/.local/lib/python3.12/site-packages/airflow/example_dags/example_sensors.py
[2024-07-05T21:17:05.518+0000] {logging_mixin.py:188} INFO - [2024-07-05T21:17:05.517+0000] {dag.py:3096} INFO - Sync 1 DAGs
[2024-07-05T21:17:05.545+0000] {logging_mixin.py:188} INFO - [2024-07-05T21:17:05.544+0000] {dag.py:3954} INFO - Setting next_dagrun for example_sensors to None, run_after=None
[2024-07-05T21:17:05.579+0000] {processor.py:183} INFO - Processing /home/airflow/.local/lib/python3.12/site-packages/airflow/example_dags/example_sensors.py took 0.155 seconds
[2024-07-05T21:17:36.317+0000] {processor.py:161} INFO - Started process (PID=1791) to work on /home/airflow/.local/lib/python3.12/site-packages/airflow/example_dags/example_sensors.py
[2024-07-05T21:17:36.318+0000] {processor.py:830} INFO - Processing file /home/airflow/.local/lib/python3.12/site-packages/airflow/example_dags/example_sensors.py for tasks to queue
[2024-07-05T21:17:36.321+0000] {logging_mixin.py:188} INFO - [2024-07-05T21:17:36.321+0000] {dagbag.py:545} INFO - Filling up the DagBag from /home/airflow/.local/lib/python3.12/site-packages/airflow/example_dags/example_sensors.py
[2024-07-05T21:17:36.339+0000] {processor.py:840} INFO - DAG(s) 'example_sensors' retrieved from /home/airflow/.local/lib/python3.12/site-packages/airflow/example_dags/example_sensors.py
[2024-07-05T21:17:36.384+0000] {logging_mixin.py:188} INFO - [2024-07-05T21:17:36.384+0000] {dag.py:3096} INFO - Sync 1 DAGs
[2024-07-05T21:17:36.606+0000] {logging_mixin.py:188} INFO - [2024-07-05T21:17:36.605+0000] {dag.py:3954} INFO - Setting next_dagrun for example_sensors to None, run_after=None
[2024-07-05T21:17:36.638+0000] {processor.py:183} INFO - Processing /home/airflow/.local/lib/python3.12/site-packages/airflow/example_dags/example_sensors.py took 0.332 seconds
[2024-07-05T21:18:07.486+0000] {processor.py:161} INFO - Started process (PID=1847) to work on /home/airflow/.local/lib/python3.12/site-packages/airflow/example_dags/example_sensors.py
[2024-07-05T21:18:07.490+0000] {processor.py:830} INFO - Processing file /home/airflow/.local/lib/python3.12/site-packages/airflow/example_dags/example_sensors.py for tasks to queue
[2024-07-05T21:18:07.495+0000] {logging_mixin.py:188} INFO - [2024-07-05T21:18:07.494+0000] {dagbag.py:545} INFO - Filling up the DagBag from /home/airflow/.local/lib/python3.12/site-packages/airflow/example_dags/example_sensors.py
[2024-07-05T21:18:07.522+0000] {processor.py:840} INFO - DAG(s) 'example_sensors' retrieved from /home/airflow/.local/lib/python3.12/site-packages/airflow/example_dags/example_sensors.py
[2024-07-05T21:18:07.593+0000] {logging_mixin.py:188} INFO - [2024-07-05T21:18:07.593+0000] {dag.py:3096} INFO - Sync 1 DAGs
[2024-07-05T21:18:07.866+0000] {logging_mixin.py:188} INFO - [2024-07-05T21:18:07.866+0000] {dag.py:3954} INFO - Setting next_dagrun for example_sensors to None, run_after=None
[2024-07-05T21:18:07.912+0000] {processor.py:183} INFO - Processing /home/airflow/.local/lib/python3.12/site-packages/airflow/example_dags/example_sensors.py took 0.448 seconds
[2024-07-05T21:18:38.519+0000] {processor.py:161} INFO - Started process (PID=1906) to work on /home/airflow/.local/lib/python3.12/site-packages/airflow/example_dags/example_sensors.py
[2024-07-05T21:18:38.521+0000] {processor.py:830} INFO - Processing file /home/airflow/.local/lib/python3.12/site-packages/airflow/example_dags/example_sensors.py for tasks to queue
[2024-07-05T21:18:38.524+0000] {logging_mixin.py:188} INFO - [2024-07-05T21:18:38.523+0000] {dagbag.py:545} INFO - Filling up the DagBag from /home/airflow/.local/lib/python3.12/site-packages/airflow/example_dags/example_sensors.py
[2024-07-05T21:18:38.539+0000] {processor.py:840} INFO - DAG(s) 'example_sensors' retrieved from /home/airflow/.local/lib/python3.12/site-packages/airflow/example_dags/example_sensors.py
[2024-07-05T21:18:38.583+0000] {logging_mixin.py:188} INFO - [2024-07-05T21:18:38.582+0000] {dag.py:3096} INFO - Sync 1 DAGs
[2024-07-05T21:18:38.601+0000] {logging_mixin.py:188} INFO - [2024-07-05T21:18:38.601+0000] {dag.py:3954} INFO - Setting next_dagrun for example_sensors to None, run_after=None
[2024-07-05T21:18:38.633+0000] {processor.py:183} INFO - Processing /home/airflow/.local/lib/python3.12/site-packages/airflow/example_dags/example_sensors.py took 0.126 seconds
[2024-07-05T21:19:08.887+0000] {processor.py:161} INFO - Started process (PID=1965) to work on /home/airflow/.local/lib/python3.12/site-packages/airflow/example_dags/example_sensors.py
[2024-07-05T21:19:08.892+0000] {processor.py:830} INFO - Processing file /home/airflow/.local/lib/python3.12/site-packages/airflow/example_dags/example_sensors.py for tasks to queue
[2024-07-05T21:19:08.898+0000] {logging_mixin.py:188} INFO - [2024-07-05T21:19:08.896+0000] {dagbag.py:545} INFO - Filling up the DagBag from /home/airflow/.local/lib/python3.12/site-packages/airflow/example_dags/example_sensors.py
[2024-07-05T21:19:09.132+0000] {processor.py:840} INFO - DAG(s) 'example_sensors' retrieved from /home/airflow/.local/lib/python3.12/site-packages/airflow/example_dags/example_sensors.py
[2024-07-05T21:19:09.230+0000] {logging_mixin.py:188} INFO - [2024-07-05T21:19:09.230+0000] {dag.py:3096} INFO - Sync 1 DAGs
[2024-07-05T21:19:09.265+0000] {logging_mixin.py:188} INFO - [2024-07-05T21:19:09.264+0000] {dag.py:3954} INFO - Setting next_dagrun for example_sensors to None, run_after=None
[2024-07-05T21:19:09.316+0000] {processor.py:183} INFO - Processing /home/airflow/.local/lib/python3.12/site-packages/airflow/example_dags/example_sensors.py took 0.442 seconds
[2024-07-05T21:19:40.162+0000] {processor.py:161} INFO - Started process (PID=2023) to work on /home/airflow/.local/lib/python3.12/site-packages/airflow/example_dags/example_sensors.py
[2024-07-05T21:19:40.163+0000] {processor.py:830} INFO - Processing file /home/airflow/.local/lib/python3.12/site-packages/airflow/example_dags/example_sensors.py for tasks to queue
[2024-07-05T21:19:40.167+0000] {logging_mixin.py:188} INFO - [2024-07-05T21:19:40.166+0000] {dagbag.py:545} INFO - Filling up the DagBag from /home/airflow/.local/lib/python3.12/site-packages/airflow/example_dags/example_sensors.py
[2024-07-05T21:19:40.183+0000] {processor.py:840} INFO - DAG(s) 'example_sensors' retrieved from /home/airflow/.local/lib/python3.12/site-packages/airflow/example_dags/example_sensors.py
[2024-07-05T21:19:40.231+0000] {logging_mixin.py:188} INFO - [2024-07-05T21:19:40.231+0000] {dag.py:3096} INFO - Sync 1 DAGs
[2024-07-05T21:19:40.258+0000] {logging_mixin.py:188} INFO - [2024-07-05T21:19:40.255+0000] {dag.py:3954} INFO - Setting next_dagrun for example_sensors to None, run_after=None
[2024-07-05T21:19:40.314+0000] {processor.py:183} INFO - Processing /home/airflow/.local/lib/python3.12/site-packages/airflow/example_dags/example_sensors.py took 0.164 seconds
[2024-07-05T21:20:10.766+0000] {processor.py:161} INFO - Started process (PID=2082) to work on /home/airflow/.local/lib/python3.12/site-packages/airflow/example_dags/example_sensors.py
[2024-07-05T21:20:10.768+0000] {processor.py:830} INFO - Processing file /home/airflow/.local/lib/python3.12/site-packages/airflow/example_dags/example_sensors.py for tasks to queue
[2024-07-05T21:20:10.776+0000] {logging_mixin.py:188} INFO - [2024-07-05T21:20:10.771+0000] {dagbag.py:545} INFO - Filling up the DagBag from /home/airflow/.local/lib/python3.12/site-packages/airflow/example_dags/example_sensors.py
[2024-07-05T21:20:10.803+0000] {processor.py:840} INFO - DAG(s) 'example_sensors' retrieved from /home/airflow/.local/lib/python3.12/site-packages/airflow/example_dags/example_sensors.py
[2024-07-05T21:20:10.875+0000] {logging_mixin.py:188} INFO - [2024-07-05T21:20:10.874+0000] {dag.py:3096} INFO - Sync 1 DAGs
[2024-07-05T21:20:10.900+0000] {logging_mixin.py:188} INFO - [2024-07-05T21:20:10.900+0000] {dag.py:3954} INFO - Setting next_dagrun for example_sensors to None, run_after=None
[2024-07-05T21:20:10.938+0000] {processor.py:183} INFO - Processing /home/airflow/.local/lib/python3.12/site-packages/airflow/example_dags/example_sensors.py took 0.202 seconds
[2024-07-05T21:20:41.559+0000] {processor.py:161} INFO - Started process (PID=2141) to work on /home/airflow/.local/lib/python3.12/site-packages/airflow/example_dags/example_sensors.py
[2024-07-05T21:20:41.560+0000] {processor.py:830} INFO - Processing file /home/airflow/.local/lib/python3.12/site-packages/airflow/example_dags/example_sensors.py for tasks to queue
[2024-07-05T21:20:41.564+0000] {logging_mixin.py:188} INFO - [2024-07-05T21:20:41.563+0000] {dagbag.py:545} INFO - Filling up the DagBag from /home/airflow/.local/lib/python3.12/site-packages/airflow/example_dags/example_sensors.py
[2024-07-05T21:20:41.579+0000] {processor.py:840} INFO - DAG(s) 'example_sensors' retrieved from /home/airflow/.local/lib/python3.12/site-packages/airflow/example_dags/example_sensors.py
[2024-07-05T21:20:41.623+0000] {logging_mixin.py:188} INFO - [2024-07-05T21:20:41.623+0000] {dag.py:3096} INFO - Sync 1 DAGs
[2024-07-05T21:20:41.644+0000] {logging_mixin.py:188} INFO - [2024-07-05T21:20:41.643+0000] {dag.py:3954} INFO - Setting next_dagrun for example_sensors to None, run_after=None
[2024-07-05T21:20:41.680+0000] {processor.py:183} INFO - Processing /home/airflow/.local/lib/python3.12/site-packages/airflow/example_dags/example_sensors.py took 0.133 seconds
[2024-07-05T21:21:11.873+0000] {processor.py:161} INFO - Started process (PID=2200) to work on /home/airflow/.local/lib/python3.12/site-packages/airflow/example_dags/example_sensors.py
[2024-07-05T21:21:11.875+0000] {processor.py:830} INFO - Processing file /home/airflow/.local/lib/python3.12/site-packages/airflow/example_dags/example_sensors.py for tasks to queue
[2024-07-05T21:21:11.881+0000] {logging_mixin.py:188} INFO - [2024-07-05T21:21:11.880+0000] {dagbag.py:545} INFO - Filling up the DagBag from /home/airflow/.local/lib/python3.12/site-packages/airflow/example_dags/example_sensors.py
[2024-07-05T21:21:11.907+0000] {processor.py:840} INFO - DAG(s) 'example_sensors' retrieved from /home/airflow/.local/lib/python3.12/site-packages/airflow/example_dags/example_sensors.py
[2024-07-05T21:21:11.971+0000] {logging_mixin.py:188} INFO - [2024-07-05T21:21:11.970+0000] {dag.py:3096} INFO - Sync 1 DAGs
[2024-07-05T21:21:12.007+0000] {logging_mixin.py:188} INFO - [2024-07-05T21:21:12.007+0000] {dag.py:3954} INFO - Setting next_dagrun for example_sensors to None, run_after=None
[2024-07-05T21:21:12.057+0000] {processor.py:183} INFO - Processing /home/airflow/.local/lib/python3.12/site-packages/airflow/example_dags/example_sensors.py took 0.210 seconds
[2024-07-05T21:21:42.745+0000] {processor.py:161} INFO - Started process (PID=2259) to work on /home/airflow/.local/lib/python3.12/site-packages/airflow/example_dags/example_sensors.py
[2024-07-05T21:21:42.747+0000] {processor.py:830} INFO - Processing file /home/airflow/.local/lib/python3.12/site-packages/airflow/example_dags/example_sensors.py for tasks to queue
[2024-07-05T21:21:42.754+0000] {logging_mixin.py:188} INFO - [2024-07-05T21:21:42.753+0000] {dagbag.py:545} INFO - Filling up the DagBag from /home/airflow/.local/lib/python3.12/site-packages/airflow/example_dags/example_sensors.py
[2024-07-05T21:21:42.792+0000] {processor.py:840} INFO - DAG(s) 'example_sensors' retrieved from /home/airflow/.local/lib/python3.12/site-packages/airflow/example_dags/example_sensors.py
[2024-07-05T21:21:42.894+0000] {logging_mixin.py:188} INFO - [2024-07-05T21:21:42.893+0000] {dag.py:3096} INFO - Sync 1 DAGs
[2024-07-05T21:21:42.942+0000] {logging_mixin.py:188} INFO - [2024-07-05T21:21:42.940+0000] {dag.py:3954} INFO - Setting next_dagrun for example_sensors to None, run_after=None
[2024-07-05T21:21:43.027+0000] {processor.py:183} INFO - Processing /home/airflow/.local/lib/python3.12/site-packages/airflow/example_dags/example_sensors.py took 0.304 seconds
[2024-07-05T21:22:13.087+0000] {processor.py:161} INFO - Started process (PID=2317) to work on /home/airflow/.local/lib/python3.12/site-packages/airflow/example_dags/example_sensors.py
[2024-07-05T21:22:13.089+0000] {processor.py:830} INFO - Processing file /home/airflow/.local/lib/python3.12/site-packages/airflow/example_dags/example_sensors.py for tasks to queue
[2024-07-05T21:22:13.092+0000] {logging_mixin.py:188} INFO - [2024-07-05T21:22:13.091+0000] {dagbag.py:545} INFO - Filling up the DagBag from /home/airflow/.local/lib/python3.12/site-packages/airflow/example_dags/example_sensors.py
[2024-07-05T21:22:13.106+0000] {processor.py:840} INFO - DAG(s) 'example_sensors' retrieved from /home/airflow/.local/lib/python3.12/site-packages/airflow/example_dags/example_sensors.py
[2024-07-05T21:22:13.150+0000] {logging_mixin.py:188} INFO - [2024-07-05T21:22:13.150+0000] {dag.py:3096} INFO - Sync 1 DAGs
[2024-07-05T21:22:13.179+0000] {logging_mixin.py:188} INFO - [2024-07-05T21:22:13.179+0000] {dag.py:3954} INFO - Setting next_dagrun for example_sensors to None, run_after=None
[2024-07-05T21:22:13.227+0000] {processor.py:183} INFO - Processing /home/airflow/.local/lib/python3.12/site-packages/airflow/example_dags/example_sensors.py took 0.149 seconds
[2024-07-05T21:22:43.338+0000] {processor.py:161} INFO - Started process (PID=2376) to work on /home/airflow/.local/lib/python3.12/site-packages/airflow/example_dags/example_sensors.py
[2024-07-05T21:22:43.339+0000] {processor.py:830} INFO - Processing file /home/airflow/.local/lib/python3.12/site-packages/airflow/example_dags/example_sensors.py for tasks to queue
[2024-07-05T21:22:43.343+0000] {logging_mixin.py:188} INFO - [2024-07-05T21:22:43.343+0000] {dagbag.py:545} INFO - Filling up the DagBag from /home/airflow/.local/lib/python3.12/site-packages/airflow/example_dags/example_sensors.py
[2024-07-05T21:22:43.361+0000] {processor.py:840} INFO - DAG(s) 'example_sensors' retrieved from /home/airflow/.local/lib/python3.12/site-packages/airflow/example_dags/example_sensors.py
[2024-07-05T21:22:43.442+0000] {logging_mixin.py:188} INFO - [2024-07-05T21:22:43.441+0000] {dag.py:3096} INFO - Sync 1 DAGs
[2024-07-05T21:22:43.460+0000] {logging_mixin.py:188} INFO - [2024-07-05T21:22:43.460+0000] {dag.py:3954} INFO - Setting next_dagrun for example_sensors to None, run_after=None
[2024-07-05T21:22:43.490+0000] {processor.py:183} INFO - Processing /home/airflow/.local/lib/python3.12/site-packages/airflow/example_dags/example_sensors.py took 0.164 seconds
[2024-07-05T21:23:14.306+0000] {processor.py:161} INFO - Started process (PID=2435) to work on /home/airflow/.local/lib/python3.12/site-packages/airflow/example_dags/example_sensors.py
[2024-07-05T21:23:14.308+0000] {processor.py:830} INFO - Processing file /home/airflow/.local/lib/python3.12/site-packages/airflow/example_dags/example_sensors.py for tasks to queue
[2024-07-05T21:23:14.311+0000] {logging_mixin.py:188} INFO - [2024-07-05T21:23:14.311+0000] {dagbag.py:545} INFO - Filling up the DagBag from /home/airflow/.local/lib/python3.12/site-packages/airflow/example_dags/example_sensors.py
[2024-07-05T21:23:14.327+0000] {processor.py:840} INFO - DAG(s) 'example_sensors' retrieved from /home/airflow/.local/lib/python3.12/site-packages/airflow/example_dags/example_sensors.py
[2024-07-05T21:23:14.379+0000] {logging_mixin.py:188} INFO - [2024-07-05T21:23:14.378+0000] {dag.py:3096} INFO - Sync 1 DAGs
[2024-07-05T21:23:14.413+0000] {logging_mixin.py:188} INFO - [2024-07-05T21:23:14.412+0000] {dag.py:3954} INFO - Setting next_dagrun for example_sensors to None, run_after=None
[2024-07-05T21:23:14.467+0000] {processor.py:183} INFO - Processing /home/airflow/.local/lib/python3.12/site-packages/airflow/example_dags/example_sensors.py took 0.174 seconds
[2024-07-05T21:23:44.580+0000] {processor.py:161} INFO - Started process (PID=2494) to work on /home/airflow/.local/lib/python3.12/site-packages/airflow/example_dags/example_sensors.py
[2024-07-05T21:23:44.582+0000] {processor.py:830} INFO - Processing file /home/airflow/.local/lib/python3.12/site-packages/airflow/example_dags/example_sensors.py for tasks to queue
[2024-07-05T21:23:44.585+0000] {logging_mixin.py:188} INFO - [2024-07-05T21:23:44.585+0000] {dagbag.py:545} INFO - Filling up the DagBag from /home/airflow/.local/lib/python3.12/site-packages/airflow/example_dags/example_sensors.py
[2024-07-05T21:23:44.601+0000] {processor.py:840} INFO - DAG(s) 'example_sensors' retrieved from /home/airflow/.local/lib/python3.12/site-packages/airflow/example_dags/example_sensors.py
[2024-07-05T21:23:44.647+0000] {logging_mixin.py:188} INFO - [2024-07-05T21:23:44.647+0000] {dag.py:3096} INFO - Sync 1 DAGs
[2024-07-05T21:23:44.672+0000] {logging_mixin.py:188} INFO - [2024-07-05T21:23:44.671+0000] {dag.py:3954} INFO - Setting next_dagrun for example_sensors to None, run_after=None
[2024-07-05T21:23:44.711+0000] {processor.py:183} INFO - Processing /home/airflow/.local/lib/python3.12/site-packages/airflow/example_dags/example_sensors.py took 0.140 seconds
[2024-07-05T21:24:15.018+0000] {processor.py:161} INFO - Started process (PID=2553) to work on /home/airflow/.local/lib/python3.12/site-packages/airflow/example_dags/example_sensors.py
[2024-07-05T21:24:15.020+0000] {processor.py:830} INFO - Processing file /home/airflow/.local/lib/python3.12/site-packages/airflow/example_dags/example_sensors.py for tasks to queue
[2024-07-05T21:24:15.023+0000] {logging_mixin.py:188} INFO - [2024-07-05T21:24:15.022+0000] {dagbag.py:545} INFO - Filling up the DagBag from /home/airflow/.local/lib/python3.12/site-packages/airflow/example_dags/example_sensors.py
[2024-07-05T21:24:15.036+0000] {processor.py:840} INFO - DAG(s) 'example_sensors' retrieved from /home/airflow/.local/lib/python3.12/site-packages/airflow/example_dags/example_sensors.py
[2024-07-05T21:24:15.076+0000] {logging_mixin.py:188} INFO - [2024-07-05T21:24:15.075+0000] {dag.py:3096} INFO - Sync 1 DAGs
[2024-07-05T21:24:15.095+0000] {logging_mixin.py:188} INFO - [2024-07-05T21:24:15.095+0000] {dag.py:3954} INFO - Setting next_dagrun for example_sensors to None, run_after=None
[2024-07-05T21:24:15.127+0000] {processor.py:183} INFO - Processing /home/airflow/.local/lib/python3.12/site-packages/airflow/example_dags/example_sensors.py took 0.117 seconds
[2024-07-05T21:24:45.624+0000] {processor.py:161} INFO - Started process (PID=2612) to work on /home/airflow/.local/lib/python3.12/site-packages/airflow/example_dags/example_sensors.py
[2024-07-05T21:24:45.626+0000] {processor.py:830} INFO - Processing file /home/airflow/.local/lib/python3.12/site-packages/airflow/example_dags/example_sensors.py for tasks to queue
[2024-07-05T21:24:45.630+0000] {logging_mixin.py:188} INFO - [2024-07-05T21:24:45.629+0000] {dagbag.py:545} INFO - Filling up the DagBag from /home/airflow/.local/lib/python3.12/site-packages/airflow/example_dags/example_sensors.py
[2024-07-05T21:24:45.649+0000] {processor.py:840} INFO - DAG(s) 'example_sensors' retrieved from /home/airflow/.local/lib/python3.12/site-packages/airflow/example_dags/example_sensors.py
[2024-07-05T21:24:45.699+0000] {logging_mixin.py:188} INFO - [2024-07-05T21:24:45.698+0000] {dag.py:3096} INFO - Sync 1 DAGs
[2024-07-05T21:24:45.730+0000] {logging_mixin.py:188} INFO - [2024-07-05T21:24:45.730+0000] {dag.py:3954} INFO - Setting next_dagrun for example_sensors to None, run_after=None
[2024-07-05T21:24:45.775+0000] {processor.py:183} INFO - Processing /home/airflow/.local/lib/python3.12/site-packages/airflow/example_dags/example_sensors.py took 0.165 seconds
[2024-07-05T21:25:15.883+0000] {processor.py:161} INFO - Started process (PID=2671) to work on /home/airflow/.local/lib/python3.12/site-packages/airflow/example_dags/example_sensors.py
[2024-07-05T21:25:15.885+0000] {processor.py:830} INFO - Processing file /home/airflow/.local/lib/python3.12/site-packages/airflow/example_dags/example_sensors.py for tasks to queue
[2024-07-05T21:25:15.888+0000] {logging_mixin.py:188} INFO - [2024-07-05T21:25:15.887+0000] {dagbag.py:545} INFO - Filling up the DagBag from /home/airflow/.local/lib/python3.12/site-packages/airflow/example_dags/example_sensors.py
[2024-07-05T21:25:15.901+0000] {processor.py:840} INFO - DAG(s) 'example_sensors' retrieved from /home/airflow/.local/lib/python3.12/site-packages/airflow/example_dags/example_sensors.py
[2024-07-05T21:25:15.953+0000] {logging_mixin.py:188} INFO - [2024-07-05T21:25:15.952+0000] {dag.py:3096} INFO - Sync 1 DAGs
[2024-07-05T21:25:15.976+0000] {logging_mixin.py:188} INFO - [2024-07-05T21:25:15.975+0000] {dag.py:3954} INFO - Setting next_dagrun for example_sensors to None, run_after=None
[2024-07-05T21:25:16.007+0000] {processor.py:183} INFO - Processing /home/airflow/.local/lib/python3.12/site-packages/airflow/example_dags/example_sensors.py took 0.132 seconds
[2024-07-05T21:25:46.594+0000] {processor.py:161} INFO - Started process (PID=2730) to work on /home/airflow/.local/lib/python3.12/site-packages/airflow/example_dags/example_sensors.py
[2024-07-05T21:25:46.596+0000] {processor.py:830} INFO - Processing file /home/airflow/.local/lib/python3.12/site-packages/airflow/example_dags/example_sensors.py for tasks to queue
[2024-07-05T21:25:46.599+0000] {logging_mixin.py:188} INFO - [2024-07-05T21:25:46.598+0000] {dagbag.py:545} INFO - Filling up the DagBag from /home/airflow/.local/lib/python3.12/site-packages/airflow/example_dags/example_sensors.py
[2024-07-05T21:25:46.612+0000] {processor.py:840} INFO - DAG(s) 'example_sensors' retrieved from /home/airflow/.local/lib/python3.12/site-packages/airflow/example_dags/example_sensors.py
[2024-07-05T21:25:46.660+0000] {logging_mixin.py:188} INFO - [2024-07-05T21:25:46.659+0000] {dag.py:3096} INFO - Sync 1 DAGs
[2024-07-05T21:25:46.681+0000] {logging_mixin.py:188} INFO - [2024-07-05T21:25:46.680+0000] {dag.py:3954} INFO - Setting next_dagrun for example_sensors to None, run_after=None
[2024-07-05T21:25:46.719+0000] {processor.py:183} INFO - Processing /home/airflow/.local/lib/python3.12/site-packages/airflow/example_dags/example_sensors.py took 0.133 seconds
[2024-07-05T21:26:17.146+0000] {processor.py:161} INFO - Started process (PID=2789) to work on /home/airflow/.local/lib/python3.12/site-packages/airflow/example_dags/example_sensors.py
[2024-07-05T21:26:17.148+0000] {processor.py:830} INFO - Processing file /home/airflow/.local/lib/python3.12/site-packages/airflow/example_dags/example_sensors.py for tasks to queue
[2024-07-05T21:26:17.151+0000] {logging_mixin.py:188} INFO - [2024-07-05T21:26:17.150+0000] {dagbag.py:545} INFO - Filling up the DagBag from /home/airflow/.local/lib/python3.12/site-packages/airflow/example_dags/example_sensors.py
[2024-07-05T21:26:17.164+0000] {processor.py:840} INFO - DAG(s) 'example_sensors' retrieved from /home/airflow/.local/lib/python3.12/site-packages/airflow/example_dags/example_sensors.py
[2024-07-05T21:26:17.205+0000] {logging_mixin.py:188} INFO - [2024-07-05T21:26:17.204+0000] {dag.py:3096} INFO - Sync 1 DAGs
[2024-07-05T21:26:17.224+0000] {logging_mixin.py:188} INFO - [2024-07-05T21:26:17.224+0000] {dag.py:3954} INFO - Setting next_dagrun for example_sensors to None, run_after=None
[2024-07-05T21:26:17.257+0000] {processor.py:183} INFO - Processing /home/airflow/.local/lib/python3.12/site-packages/airflow/example_dags/example_sensors.py took 0.119 seconds
[2024-07-05T21:26:47.332+0000] {processor.py:161} INFO - Started process (PID=2848) to work on /home/airflow/.local/lib/python3.12/site-packages/airflow/example_dags/example_sensors.py
[2024-07-05T21:26:47.334+0000] {processor.py:830} INFO - Processing file /home/airflow/.local/lib/python3.12/site-packages/airflow/example_dags/example_sensors.py for tasks to queue
[2024-07-05T21:26:47.337+0000] {logging_mixin.py:188} INFO - [2024-07-05T21:26:47.336+0000] {dagbag.py:545} INFO - Filling up the DagBag from /home/airflow/.local/lib/python3.12/site-packages/airflow/example_dags/example_sensors.py
[2024-07-05T21:26:47.351+0000] {processor.py:840} INFO - DAG(s) 'example_sensors' retrieved from /home/airflow/.local/lib/python3.12/site-packages/airflow/example_dags/example_sensors.py
[2024-07-05T21:26:47.406+0000] {logging_mixin.py:188} INFO - [2024-07-05T21:26:47.405+0000] {dag.py:3096} INFO - Sync 1 DAGs
[2024-07-05T21:26:47.425+0000] {logging_mixin.py:188} INFO - [2024-07-05T21:26:47.425+0000] {dag.py:3954} INFO - Setting next_dagrun for example_sensors to None, run_after=None
[2024-07-05T21:26:47.458+0000] {processor.py:183} INFO - Processing /home/airflow/.local/lib/python3.12/site-packages/airflow/example_dags/example_sensors.py took 0.143 seconds
