[2024-07-05T21:01:50.583+0000] {processor.py:161} INFO - Started process (PID=50) to work on /home/airflow/.local/lib/python3.12/site-packages/airflow/example_dags/example_latest_only.py
[2024-07-05T21:01:50.594+0000] {processor.py:830} INFO - Processing file /home/airflow/.local/lib/python3.12/site-packages/airflow/example_dags/example_latest_only.py for tasks to queue
[2024-07-05T21:01:50.603+0000] {logging_mixin.py:188} INFO - [2024-07-05T21:01:50.603+0000] {dagbag.py:545} INFO - Filling up the DagBag from /home/airflow/.local/lib/python3.12/site-packages/airflow/example_dags/example_latest_only.py
[2024-07-05T21:01:50.658+0000] {processor.py:840} INFO - DAG(s) 'latest_only' retrieved from /home/airflow/.local/lib/python3.12/site-packages/airflow/example_dags/example_latest_only.py
[2024-07-05T21:01:51.407+0000] {logging_mixin.py:188} INFO - [2024-07-05T21:01:51.407+0000] {dag.py:3096} INFO - Sync 1 DAGs
[2024-07-05T21:01:51.464+0000] {logging_mixin.py:188} INFO - [2024-07-05T21:01:51.464+0000] {dag.py:3954} INFO - Setting next_dagrun for latest_only to 2024-07-05 16:00:00+00:00, run_after=2024-07-05 20:00:00+00:00
[2024-07-05T21:01:51.517+0000] {processor.py:183} INFO - Processing /home/airflow/.local/lib/python3.12/site-packages/airflow/example_dags/example_latest_only.py took 0.949 seconds
[2024-07-05T21:02:22.401+0000] {processor.py:161} INFO - Started process (PID=107) to work on /home/airflow/.local/lib/python3.12/site-packages/airflow/example_dags/example_latest_only.py
[2024-07-05T21:02:22.449+0000] {processor.py:830} INFO - Processing file /home/airflow/.local/lib/python3.12/site-packages/airflow/example_dags/example_latest_only.py for tasks to queue
[2024-07-05T21:02:22.473+0000] {logging_mixin.py:188} INFO - [2024-07-05T21:02:22.469+0000] {dagbag.py:545} INFO - Filling up the DagBag from /home/airflow/.local/lib/python3.12/site-packages/airflow/example_dags/example_latest_only.py
[2024-07-05T21:02:22.507+0000] {processor.py:840} INFO - DAG(s) 'latest_only' retrieved from /home/airflow/.local/lib/python3.12/site-packages/airflow/example_dags/example_latest_only.py
[2024-07-05T21:02:22.689+0000] {logging_mixin.py:188} INFO - [2024-07-05T21:02:22.688+0000] {dag.py:3096} INFO - Sync 1 DAGs
[2024-07-05T21:02:23.363+0000] {logging_mixin.py:188} INFO - [2024-07-05T21:02:23.362+0000] {dag.py:3954} INFO - Setting next_dagrun for latest_only to 2024-07-05 16:00:00+00:00, run_after=2024-07-05 20:00:00+00:00
[2024-07-05T21:02:23.995+0000] {processor.py:183} INFO - Processing /home/airflow/.local/lib/python3.12/site-packages/airflow/example_dags/example_latest_only.py took 1.789 seconds
[2024-07-05T21:02:54.275+0000] {processor.py:161} INFO - Started process (PID=165) to work on /home/airflow/.local/lib/python3.12/site-packages/airflow/example_dags/example_latest_only.py
[2024-07-05T21:02:54.282+0000] {processor.py:830} INFO - Processing file /home/airflow/.local/lib/python3.12/site-packages/airflow/example_dags/example_latest_only.py for tasks to queue
[2024-07-05T21:02:54.291+0000] {logging_mixin.py:188} INFO - [2024-07-05T21:02:54.287+0000] {dagbag.py:545} INFO - Filling up the DagBag from /home/airflow/.local/lib/python3.12/site-packages/airflow/example_dags/example_latest_only.py
[2024-07-05T21:02:54.311+0000] {processor.py:840} INFO - DAG(s) 'latest_only' retrieved from /home/airflow/.local/lib/python3.12/site-packages/airflow/example_dags/example_latest_only.py
[2024-07-05T21:02:54.372+0000] {logging_mixin.py:188} INFO - [2024-07-05T21:02:54.371+0000] {dag.py:3096} INFO - Sync 1 DAGs
[2024-07-05T21:02:54.459+0000] {logging_mixin.py:188} INFO - [2024-07-05T21:02:54.459+0000] {dag.py:3954} INFO - Setting next_dagrun for latest_only to 2024-07-05 16:00:00+00:00, run_after=2024-07-05 20:00:00+00:00
[2024-07-05T21:02:54.556+0000] {processor.py:183} INFO - Processing /home/airflow/.local/lib/python3.12/site-packages/airflow/example_dags/example_latest_only.py took 0.292 seconds
[2024-07-05T21:03:25.342+0000] {processor.py:161} INFO - Started process (PID=222) to work on /home/airflow/.local/lib/python3.12/site-packages/airflow/example_dags/example_latest_only.py
[2024-07-05T21:03:25.350+0000] {processor.py:830} INFO - Processing file /home/airflow/.local/lib/python3.12/site-packages/airflow/example_dags/example_latest_only.py for tasks to queue
[2024-07-05T21:03:25.355+0000] {logging_mixin.py:188} INFO - [2024-07-05T21:03:25.354+0000] {dagbag.py:545} INFO - Filling up the DagBag from /home/airflow/.local/lib/python3.12/site-packages/airflow/example_dags/example_latest_only.py
[2024-07-05T21:03:25.372+0000] {processor.py:840} INFO - DAG(s) 'latest_only' retrieved from /home/airflow/.local/lib/python3.12/site-packages/airflow/example_dags/example_latest_only.py
[2024-07-05T21:03:25.477+0000] {logging_mixin.py:188} INFO - [2024-07-05T21:03:25.477+0000] {dag.py:3096} INFO - Sync 1 DAGs
[2024-07-05T21:03:25.571+0000] {logging_mixin.py:188} INFO - [2024-07-05T21:03:25.571+0000] {dag.py:3954} INFO - Setting next_dagrun for latest_only to 2024-07-05 16:00:00+00:00, run_after=2024-07-05 20:00:00+00:00
[2024-07-05T21:03:25.635+0000] {processor.py:183} INFO - Processing /home/airflow/.local/lib/python3.12/site-packages/airflow/example_dags/example_latest_only.py took 0.314 seconds
[2024-07-05T21:04:04.336+0000] {processor.py:161} INFO - Started process (PID=278) to work on /home/airflow/.local/lib/python3.12/site-packages/airflow/example_dags/example_latest_only.py
[2024-07-05T21:04:04.354+0000] {processor.py:830} INFO - Processing file /home/airflow/.local/lib/python3.12/site-packages/airflow/example_dags/example_latest_only.py for tasks to queue
[2024-07-05T21:04:04.385+0000] {logging_mixin.py:188} INFO - [2024-07-05T21:04:04.384+0000] {dagbag.py:545} INFO - Filling up the DagBag from /home/airflow/.local/lib/python3.12/site-packages/airflow/example_dags/example_latest_only.py
[2024-07-05T21:04:04.586+0000] {processor.py:840} INFO - DAG(s) 'latest_only' retrieved from /home/airflow/.local/lib/python3.12/site-packages/airflow/example_dags/example_latest_only.py
[2024-07-05T21:04:04.919+0000] {logging_mixin.py:188} INFO - [2024-07-05T21:04:04.919+0000] {dag.py:3096} INFO - Sync 1 DAGs
[2024-07-05T21:04:05.454+0000] {logging_mixin.py:188} INFO - [2024-07-05T21:04:05.453+0000] {dag.py:3954} INFO - Setting next_dagrun for latest_only to 2024-07-05 16:00:00+00:00, run_after=2024-07-05 20:00:00+00:00
[2024-07-05T21:04:06.081+0000] {processor.py:183} INFO - Processing /home/airflow/.local/lib/python3.12/site-packages/airflow/example_dags/example_latest_only.py took 1.903 seconds
[2024-07-05T21:04:36.370+0000] {processor.py:161} INFO - Started process (PID=336) to work on /home/airflow/.local/lib/python3.12/site-packages/airflow/example_dags/example_latest_only.py
[2024-07-05T21:04:36.372+0000] {processor.py:830} INFO - Processing file /home/airflow/.local/lib/python3.12/site-packages/airflow/example_dags/example_latest_only.py for tasks to queue
[2024-07-05T21:04:36.389+0000] {logging_mixin.py:188} INFO - [2024-07-05T21:04:36.388+0000] {dagbag.py:545} INFO - Filling up the DagBag from /home/airflow/.local/lib/python3.12/site-packages/airflow/example_dags/example_latest_only.py
[2024-07-05T21:04:36.413+0000] {processor.py:840} INFO - DAG(s) 'latest_only' retrieved from /home/airflow/.local/lib/python3.12/site-packages/airflow/example_dags/example_latest_only.py
[2024-07-05T21:04:36.562+0000] {logging_mixin.py:188} INFO - [2024-07-05T21:04:36.562+0000] {dag.py:3096} INFO - Sync 1 DAGs
[2024-07-05T21:04:36.645+0000] {logging_mixin.py:188} INFO - [2024-07-05T21:04:36.644+0000] {dag.py:3954} INFO - Setting next_dagrun for latest_only to 2024-07-05 16:00:00+00:00, run_after=2024-07-05 20:00:00+00:00
[2024-07-05T21:04:36.701+0000] {processor.py:183} INFO - Processing /home/airflow/.local/lib/python3.12/site-packages/airflow/example_dags/example_latest_only.py took 0.342 seconds
[2024-07-05T21:05:06.935+0000] {processor.py:161} INFO - Started process (PID=394) to work on /home/airflow/.local/lib/python3.12/site-packages/airflow/example_dags/example_latest_only.py
[2024-07-05T21:05:06.937+0000] {processor.py:830} INFO - Processing file /home/airflow/.local/lib/python3.12/site-packages/airflow/example_dags/example_latest_only.py for tasks to queue
[2024-07-05T21:05:06.940+0000] {logging_mixin.py:188} INFO - [2024-07-05T21:05:06.940+0000] {dagbag.py:545} INFO - Filling up the DagBag from /home/airflow/.local/lib/python3.12/site-packages/airflow/example_dags/example_latest_only.py
[2024-07-05T21:05:06.948+0000] {processor.py:840} INFO - DAG(s) 'latest_only' retrieved from /home/airflow/.local/lib/python3.12/site-packages/airflow/example_dags/example_latest_only.py
[2024-07-05T21:05:06.980+0000] {logging_mixin.py:188} INFO - [2024-07-05T21:05:06.980+0000] {dag.py:3096} INFO - Sync 1 DAGs
[2024-07-05T21:05:07.018+0000] {logging_mixin.py:188} INFO - [2024-07-05T21:05:07.017+0000] {dag.py:3954} INFO - Setting next_dagrun for latest_only to 2024-07-05 16:00:00+00:00, run_after=2024-07-05 20:00:00+00:00
[2024-07-05T21:05:07.059+0000] {processor.py:183} INFO - Processing /home/airflow/.local/lib/python3.12/site-packages/airflow/example_dags/example_latest_only.py took 0.133 seconds
[2024-07-05T21:05:37.190+0000] {processor.py:161} INFO - Started process (PID=452) to work on /home/airflow/.local/lib/python3.12/site-packages/airflow/example_dags/example_latest_only.py
[2024-07-05T21:05:37.192+0000] {processor.py:830} INFO - Processing file /home/airflow/.local/lib/python3.12/site-packages/airflow/example_dags/example_latest_only.py for tasks to queue
[2024-07-05T21:05:37.199+0000] {logging_mixin.py:188} INFO - [2024-07-05T21:05:37.198+0000] {dagbag.py:545} INFO - Filling up the DagBag from /home/airflow/.local/lib/python3.12/site-packages/airflow/example_dags/example_latest_only.py
[2024-07-05T21:05:37.208+0000] {processor.py:840} INFO - DAG(s) 'latest_only' retrieved from /home/airflow/.local/lib/python3.12/site-packages/airflow/example_dags/example_latest_only.py
[2024-07-05T21:05:37.253+0000] {logging_mixin.py:188} INFO - [2024-07-05T21:05:37.253+0000] {dag.py:3096} INFO - Sync 1 DAGs
[2024-07-05T21:05:37.296+0000] {logging_mixin.py:188} INFO - [2024-07-05T21:05:37.296+0000] {dag.py:3954} INFO - Setting next_dagrun for latest_only to 2024-07-05 16:00:00+00:00, run_after=2024-07-05 20:00:00+00:00
[2024-07-05T21:05:37.343+0000] {processor.py:183} INFO - Processing /home/airflow/.local/lib/python3.12/site-packages/airflow/example_dags/example_latest_only.py took 0.166 seconds
[2024-07-05T21:06:07.401+0000] {processor.py:161} INFO - Started process (PID=510) to work on /home/airflow/.local/lib/python3.12/site-packages/airflow/example_dags/example_latest_only.py
[2024-07-05T21:06:07.403+0000] {processor.py:830} INFO - Processing file /home/airflow/.local/lib/python3.12/site-packages/airflow/example_dags/example_latest_only.py for tasks to queue
[2024-07-05T21:06:07.406+0000] {logging_mixin.py:188} INFO - [2024-07-05T21:06:07.405+0000] {dagbag.py:545} INFO - Filling up the DagBag from /home/airflow/.local/lib/python3.12/site-packages/airflow/example_dags/example_latest_only.py
[2024-07-05T21:06:07.414+0000] {processor.py:840} INFO - DAG(s) 'latest_only' retrieved from /home/airflow/.local/lib/python3.12/site-packages/airflow/example_dags/example_latest_only.py
[2024-07-05T21:06:07.448+0000] {logging_mixin.py:188} INFO - [2024-07-05T21:06:07.448+0000] {dag.py:3096} INFO - Sync 1 DAGs
[2024-07-05T21:06:07.485+0000] {logging_mixin.py:188} INFO - [2024-07-05T21:06:07.485+0000] {dag.py:3954} INFO - Setting next_dagrun for latest_only to 2024-07-05 16:00:00+00:00, run_after=2024-07-05 20:00:00+00:00
[2024-07-05T21:06:07.519+0000] {processor.py:183} INFO - Processing /home/airflow/.local/lib/python3.12/site-packages/airflow/example_dags/example_latest_only.py took 0.128 seconds
[2024-07-05T21:06:39.422+0000] {processor.py:161} INFO - Started process (PID=567) to work on /home/airflow/.local/lib/python3.12/site-packages/airflow/example_dags/example_latest_only.py
[2024-07-05T21:06:39.424+0000] {processor.py:830} INFO - Processing file /home/airflow/.local/lib/python3.12/site-packages/airflow/example_dags/example_latest_only.py for tasks to queue
[2024-07-05T21:06:39.432+0000] {logging_mixin.py:188} INFO - [2024-07-05T21:06:39.431+0000] {dagbag.py:545} INFO - Filling up the DagBag from /home/airflow/.local/lib/python3.12/site-packages/airflow/example_dags/example_latest_only.py
[2024-07-05T21:06:39.463+0000] {processor.py:840} INFO - DAG(s) 'latest_only' retrieved from /home/airflow/.local/lib/python3.12/site-packages/airflow/example_dags/example_latest_only.py
[2024-07-05T21:06:39.517+0000] {logging_mixin.py:188} INFO - [2024-07-05T21:06:39.516+0000] {dag.py:3096} INFO - Sync 1 DAGs
[2024-07-05T21:06:39.583+0000] {logging_mixin.py:188} INFO - [2024-07-05T21:06:39.583+0000] {dag.py:3954} INFO - Setting next_dagrun for latest_only to 2024-07-05 16:00:00+00:00, run_after=2024-07-05 20:00:00+00:00
[2024-07-05T21:06:39.655+0000] {processor.py:183} INFO - Processing /home/airflow/.local/lib/python3.12/site-packages/airflow/example_dags/example_latest_only.py took 0.250 seconds
[2024-07-05T21:07:10.078+0000] {processor.py:161} INFO - Started process (PID=625) to work on /home/airflow/.local/lib/python3.12/site-packages/airflow/example_dags/example_latest_only.py
[2024-07-05T21:07:10.080+0000] {processor.py:830} INFO - Processing file /home/airflow/.local/lib/python3.12/site-packages/airflow/example_dags/example_latest_only.py for tasks to queue
[2024-07-05T21:07:10.086+0000] {logging_mixin.py:188} INFO - [2024-07-05T21:07:10.085+0000] {dagbag.py:545} INFO - Filling up the DagBag from /home/airflow/.local/lib/python3.12/site-packages/airflow/example_dags/example_latest_only.py
[2024-07-05T21:07:10.116+0000] {processor.py:840} INFO - DAG(s) 'latest_only' retrieved from /home/airflow/.local/lib/python3.12/site-packages/airflow/example_dags/example_latest_only.py
[2024-07-05T21:07:10.170+0000] {logging_mixin.py:188} INFO - [2024-07-05T21:07:10.169+0000] {dag.py:3096} INFO - Sync 1 DAGs
[2024-07-05T21:07:10.222+0000] {logging_mixin.py:188} INFO - [2024-07-05T21:07:10.221+0000] {dag.py:3954} INFO - Setting next_dagrun for latest_only to 2024-07-05 16:00:00+00:00, run_after=2024-07-05 20:00:00+00:00
[2024-07-05T21:07:10.264+0000] {processor.py:183} INFO - Processing /home/airflow/.local/lib/python3.12/site-packages/airflow/example_dags/example_latest_only.py took 0.198 seconds
[2024-07-05T21:07:40.452+0000] {processor.py:161} INFO - Started process (PID=683) to work on /home/airflow/.local/lib/python3.12/site-packages/airflow/example_dags/example_latest_only.py
[2024-07-05T21:07:40.455+0000] {processor.py:830} INFO - Processing file /home/airflow/.local/lib/python3.12/site-packages/airflow/example_dags/example_latest_only.py for tasks to queue
[2024-07-05T21:07:40.458+0000] {logging_mixin.py:188} INFO - [2024-07-05T21:07:40.457+0000] {dagbag.py:545} INFO - Filling up the DagBag from /home/airflow/.local/lib/python3.12/site-packages/airflow/example_dags/example_latest_only.py
[2024-07-05T21:07:40.465+0000] {processor.py:840} INFO - DAG(s) 'latest_only' retrieved from /home/airflow/.local/lib/python3.12/site-packages/airflow/example_dags/example_latest_only.py
[2024-07-05T21:07:40.496+0000] {logging_mixin.py:188} INFO - [2024-07-05T21:07:40.496+0000] {dag.py:3096} INFO - Sync 1 DAGs
[2024-07-05T21:07:40.528+0000] {logging_mixin.py:188} INFO - [2024-07-05T21:07:40.527+0000] {dag.py:3954} INFO - Setting next_dagrun for latest_only to 2024-07-05 16:00:00+00:00, run_after=2024-07-05 20:00:00+00:00
[2024-07-05T21:07:40.556+0000] {processor.py:183} INFO - Processing /home/airflow/.local/lib/python3.12/site-packages/airflow/example_dags/example_latest_only.py took 0.118 seconds
[2024-07-05T21:08:11.224+0000] {processor.py:161} INFO - Started process (PID=736) to work on /home/airflow/.local/lib/python3.12/site-packages/airflow/example_dags/example_latest_only.py
[2024-07-05T21:08:11.261+0000] {processor.py:830} INFO - Processing file /home/airflow/.local/lib/python3.12/site-packages/airflow/example_dags/example_latest_only.py for tasks to queue
[2024-07-05T21:08:11.281+0000] {logging_mixin.py:188} INFO - [2024-07-05T21:08:11.280+0000] {dagbag.py:545} INFO - Filling up the DagBag from /home/airflow/.local/lib/python3.12/site-packages/airflow/example_dags/example_latest_only.py
[2024-07-05T21:08:11.329+0000] {processor.py:840} INFO - DAG(s) 'latest_only' retrieved from /home/airflow/.local/lib/python3.12/site-packages/airflow/example_dags/example_latest_only.py
[2024-07-05T21:08:11.404+0000] {logging_mixin.py:188} INFO - [2024-07-05T21:08:11.404+0000] {dag.py:3096} INFO - Sync 1 DAGs
[2024-07-05T21:08:11.470+0000] {logging_mixin.py:188} INFO - [2024-07-05T21:08:11.470+0000] {dag.py:3954} INFO - Setting next_dagrun for latest_only to 2024-07-05 16:00:00+00:00, run_after=2024-07-05 20:00:00+00:00
[2024-07-05T21:08:11.586+0000] {processor.py:183} INFO - Processing /home/airflow/.local/lib/python3.12/site-packages/airflow/example_dags/example_latest_only.py took 0.372 seconds
[2024-07-05T21:08:42.111+0000] {processor.py:161} INFO - Started process (PID=795) to work on /home/airflow/.local/lib/python3.12/site-packages/airflow/example_dags/example_latest_only.py
[2024-07-05T21:08:42.114+0000] {processor.py:830} INFO - Processing file /home/airflow/.local/lib/python3.12/site-packages/airflow/example_dags/example_latest_only.py for tasks to queue
[2024-07-05T21:08:42.118+0000] {logging_mixin.py:188} INFO - [2024-07-05T21:08:42.117+0000] {dagbag.py:545} INFO - Filling up the DagBag from /home/airflow/.local/lib/python3.12/site-packages/airflow/example_dags/example_latest_only.py
[2024-07-05T21:08:42.128+0000] {processor.py:840} INFO - DAG(s) 'latest_only' retrieved from /home/airflow/.local/lib/python3.12/site-packages/airflow/example_dags/example_latest_only.py
[2024-07-05T21:08:42.183+0000] {logging_mixin.py:188} INFO - [2024-07-05T21:08:42.182+0000] {dag.py:3096} INFO - Sync 1 DAGs
[2024-07-05T21:08:42.244+0000] {logging_mixin.py:188} INFO - [2024-07-05T21:08:42.243+0000] {dag.py:3954} INFO - Setting next_dagrun for latest_only to 2024-07-05 16:00:00+00:00, run_after=2024-07-05 20:00:00+00:00
[2024-07-05T21:08:42.281+0000] {processor.py:183} INFO - Processing /home/airflow/.local/lib/python3.12/site-packages/airflow/example_dags/example_latest_only.py took 0.194 seconds
[2024-07-05T21:09:12.628+0000] {processor.py:161} INFO - Started process (PID=852) to work on /home/airflow/.local/lib/python3.12/site-packages/airflow/example_dags/example_latest_only.py
[2024-07-05T21:09:12.630+0000] {processor.py:830} INFO - Processing file /home/airflow/.local/lib/python3.12/site-packages/airflow/example_dags/example_latest_only.py for tasks to queue
[2024-07-05T21:09:12.633+0000] {logging_mixin.py:188} INFO - [2024-07-05T21:09:12.633+0000] {dagbag.py:545} INFO - Filling up the DagBag from /home/airflow/.local/lib/python3.12/site-packages/airflow/example_dags/example_latest_only.py
[2024-07-05T21:09:12.641+0000] {processor.py:840} INFO - DAG(s) 'latest_only' retrieved from /home/airflow/.local/lib/python3.12/site-packages/airflow/example_dags/example_latest_only.py
[2024-07-05T21:09:12.680+0000] {logging_mixin.py:188} INFO - [2024-07-05T21:09:12.679+0000] {dag.py:3096} INFO - Sync 1 DAGs
[2024-07-05T21:09:12.717+0000] {logging_mixin.py:188} INFO - [2024-07-05T21:09:12.716+0000] {dag.py:3954} INFO - Setting next_dagrun for latest_only to 2024-07-05 16:00:00+00:00, run_after=2024-07-05 20:00:00+00:00
[2024-07-05T21:09:12.762+0000] {processor.py:183} INFO - Processing /home/airflow/.local/lib/python3.12/site-packages/airflow/example_dags/example_latest_only.py took 0.144 seconds
[2024-07-05T21:09:43.340+0000] {processor.py:161} INFO - Started process (PID=908) to work on /home/airflow/.local/lib/python3.12/site-packages/airflow/example_dags/example_latest_only.py
[2024-07-05T21:09:43.342+0000] {processor.py:830} INFO - Processing file /home/airflow/.local/lib/python3.12/site-packages/airflow/example_dags/example_latest_only.py for tasks to queue
[2024-07-05T21:09:43.348+0000] {logging_mixin.py:188} INFO - [2024-07-05T21:09:43.346+0000] {dagbag.py:545} INFO - Filling up the DagBag from /home/airflow/.local/lib/python3.12/site-packages/airflow/example_dags/example_latest_only.py
[2024-07-05T21:09:43.357+0000] {processor.py:840} INFO - DAG(s) 'latest_only' retrieved from /home/airflow/.local/lib/python3.12/site-packages/airflow/example_dags/example_latest_only.py
[2024-07-05T21:09:43.398+0000] {logging_mixin.py:188} INFO - [2024-07-05T21:09:43.397+0000] {dag.py:3096} INFO - Sync 1 DAGs
[2024-07-05T21:09:43.452+0000] {logging_mixin.py:188} INFO - [2024-07-05T21:09:43.450+0000] {dag.py:3954} INFO - Setting next_dagrun for latest_only to 2024-07-05 16:00:00+00:00, run_after=2024-07-05 20:00:00+00:00
[2024-07-05T21:09:43.504+0000] {processor.py:183} INFO - Processing /home/airflow/.local/lib/python3.12/site-packages/airflow/example_dags/example_latest_only.py took 0.176 seconds
[2024-07-05T21:10:14.087+0000] {processor.py:161} INFO - Started process (PID=966) to work on /home/airflow/.local/lib/python3.12/site-packages/airflow/example_dags/example_latest_only.py
[2024-07-05T21:10:14.089+0000] {processor.py:830} INFO - Processing file /home/airflow/.local/lib/python3.12/site-packages/airflow/example_dags/example_latest_only.py for tasks to queue
[2024-07-05T21:10:14.097+0000] {logging_mixin.py:188} INFO - [2024-07-05T21:10:14.096+0000] {dagbag.py:545} INFO - Filling up the DagBag from /home/airflow/.local/lib/python3.12/site-packages/airflow/example_dags/example_latest_only.py
[2024-07-05T21:10:14.114+0000] {processor.py:840} INFO - DAG(s) 'latest_only' retrieved from /home/airflow/.local/lib/python3.12/site-packages/airflow/example_dags/example_latest_only.py
[2024-07-05T21:10:14.188+0000] {logging_mixin.py:188} INFO - [2024-07-05T21:10:14.187+0000] {dag.py:3096} INFO - Sync 1 DAGs
[2024-07-05T21:10:14.253+0000] {logging_mixin.py:188} INFO - [2024-07-05T21:10:14.252+0000] {dag.py:3954} INFO - Setting next_dagrun for latest_only to 2024-07-05 16:00:00+00:00, run_after=2024-07-05 20:00:00+00:00
[2024-07-05T21:10:14.313+0000] {processor.py:183} INFO - Processing /home/airflow/.local/lib/python3.12/site-packages/airflow/example_dags/example_latest_only.py took 0.243 seconds
[2024-07-05T21:10:44.505+0000] {processor.py:161} INFO - Started process (PID=1024) to work on /home/airflow/.local/lib/python3.12/site-packages/airflow/example_dags/example_latest_only.py
[2024-07-05T21:10:44.515+0000] {processor.py:830} INFO - Processing file /home/airflow/.local/lib/python3.12/site-packages/airflow/example_dags/example_latest_only.py for tasks to queue
[2024-07-05T21:10:44.525+0000] {logging_mixin.py:188} INFO - [2024-07-05T21:10:44.524+0000] {dagbag.py:545} INFO - Filling up the DagBag from /home/airflow/.local/lib/python3.12/site-packages/airflow/example_dags/example_latest_only.py
[2024-07-05T21:10:44.536+0000] {processor.py:840} INFO - DAG(s) 'latest_only' retrieved from /home/airflow/.local/lib/python3.12/site-packages/airflow/example_dags/example_latest_only.py
[2024-07-05T21:10:44.588+0000] {logging_mixin.py:188} INFO - [2024-07-05T21:10:44.587+0000] {dag.py:3096} INFO - Sync 1 DAGs
[2024-07-05T21:10:44.633+0000] {logging_mixin.py:188} INFO - [2024-07-05T21:10:44.632+0000] {dag.py:3954} INFO - Setting next_dagrun for latest_only to 2024-07-05 16:00:00+00:00, run_after=2024-07-05 20:00:00+00:00
[2024-07-05T21:10:44.666+0000] {processor.py:183} INFO - Processing /home/airflow/.local/lib/python3.12/site-packages/airflow/example_dags/example_latest_only.py took 0.200 seconds
[2024-07-05T21:11:14.775+0000] {processor.py:161} INFO - Started process (PID=1082) to work on /home/airflow/.local/lib/python3.12/site-packages/airflow/example_dags/example_latest_only.py
[2024-07-05T21:11:14.777+0000] {processor.py:830} INFO - Processing file /home/airflow/.local/lib/python3.12/site-packages/airflow/example_dags/example_latest_only.py for tasks to queue
[2024-07-05T21:11:14.789+0000] {logging_mixin.py:188} INFO - [2024-07-05T21:11:14.788+0000] {dagbag.py:545} INFO - Filling up the DagBag from /home/airflow/.local/lib/python3.12/site-packages/airflow/example_dags/example_latest_only.py
[2024-07-05T21:11:14.798+0000] {processor.py:840} INFO - DAG(s) 'latest_only' retrieved from /home/airflow/.local/lib/python3.12/site-packages/airflow/example_dags/example_latest_only.py
[2024-07-05T21:11:14.841+0000] {logging_mixin.py:188} INFO - [2024-07-05T21:11:14.840+0000] {dag.py:3096} INFO - Sync 1 DAGs
[2024-07-05T21:11:14.877+0000] {logging_mixin.py:188} INFO - [2024-07-05T21:11:14.876+0000] {dag.py:3954} INFO - Setting next_dagrun for latest_only to 2024-07-05 16:00:00+00:00, run_after=2024-07-05 20:00:00+00:00
[2024-07-05T21:11:14.924+0000] {processor.py:183} INFO - Processing /home/airflow/.local/lib/python3.12/site-packages/airflow/example_dags/example_latest_only.py took 0.157 seconds
[2024-07-05T21:11:45.816+0000] {processor.py:161} INFO - Started process (PID=1140) to work on /home/airflow/.local/lib/python3.12/site-packages/airflow/example_dags/example_latest_only.py
[2024-07-05T21:11:45.818+0000] {processor.py:830} INFO - Processing file /home/airflow/.local/lib/python3.12/site-packages/airflow/example_dags/example_latest_only.py for tasks to queue
[2024-07-05T21:11:45.822+0000] {logging_mixin.py:188} INFO - [2024-07-05T21:11:45.821+0000] {dagbag.py:545} INFO - Filling up the DagBag from /home/airflow/.local/lib/python3.12/site-packages/airflow/example_dags/example_latest_only.py
[2024-07-05T21:11:45.831+0000] {processor.py:840} INFO - DAG(s) 'latest_only' retrieved from /home/airflow/.local/lib/python3.12/site-packages/airflow/example_dags/example_latest_only.py
[2024-07-05T21:11:45.872+0000] {logging_mixin.py:188} INFO - [2024-07-05T21:11:45.871+0000] {dag.py:3096} INFO - Sync 1 DAGs
[2024-07-05T21:11:45.910+0000] {logging_mixin.py:188} INFO - [2024-07-05T21:11:45.910+0000] {dag.py:3954} INFO - Setting next_dagrun for latest_only to 2024-07-05 16:00:00+00:00, run_after=2024-07-05 20:00:00+00:00
[2024-07-05T21:11:45.941+0000] {processor.py:183} INFO - Processing /home/airflow/.local/lib/python3.12/site-packages/airflow/example_dags/example_latest_only.py took 0.136 seconds
[2024-07-05T21:12:16.591+0000] {processor.py:161} INFO - Started process (PID=1198) to work on /home/airflow/.local/lib/python3.12/site-packages/airflow/example_dags/example_latest_only.py
[2024-07-05T21:12:16.593+0000] {processor.py:830} INFO - Processing file /home/airflow/.local/lib/python3.12/site-packages/airflow/example_dags/example_latest_only.py for tasks to queue
[2024-07-05T21:12:16.598+0000] {logging_mixin.py:188} INFO - [2024-07-05T21:12:16.597+0000] {dagbag.py:545} INFO - Filling up the DagBag from /home/airflow/.local/lib/python3.12/site-packages/airflow/example_dags/example_latest_only.py
[2024-07-05T21:12:16.609+0000] {processor.py:840} INFO - DAG(s) 'latest_only' retrieved from /home/airflow/.local/lib/python3.12/site-packages/airflow/example_dags/example_latest_only.py
[2024-07-05T21:12:16.662+0000] {logging_mixin.py:188} INFO - [2024-07-05T21:12:16.661+0000] {dag.py:3096} INFO - Sync 1 DAGs
[2024-07-05T21:12:16.728+0000] {logging_mixin.py:188} INFO - [2024-07-05T21:12:16.727+0000] {dag.py:3954} INFO - Setting next_dagrun for latest_only to 2024-07-05 16:00:00+00:00, run_after=2024-07-05 20:00:00+00:00
[2024-07-05T21:12:16.771+0000] {processor.py:183} INFO - Processing /home/airflow/.local/lib/python3.12/site-packages/airflow/example_dags/example_latest_only.py took 0.192 seconds
[2024-07-05T21:12:46.820+0000] {processor.py:161} INFO - Started process (PID=1256) to work on /home/airflow/.local/lib/python3.12/site-packages/airflow/example_dags/example_latest_only.py
[2024-07-05T21:12:46.822+0000] {processor.py:830} INFO - Processing file /home/airflow/.local/lib/python3.12/site-packages/airflow/example_dags/example_latest_only.py for tasks to queue
[2024-07-05T21:12:46.827+0000] {logging_mixin.py:188} INFO - [2024-07-05T21:12:46.826+0000] {dagbag.py:545} INFO - Filling up the DagBag from /home/airflow/.local/lib/python3.12/site-packages/airflow/example_dags/example_latest_only.py
[2024-07-05T21:12:46.835+0000] {processor.py:840} INFO - DAG(s) 'latest_only' retrieved from /home/airflow/.local/lib/python3.12/site-packages/airflow/example_dags/example_latest_only.py
[2024-07-05T21:12:46.868+0000] {logging_mixin.py:188} INFO - [2024-07-05T21:12:46.868+0000] {dag.py:3096} INFO - Sync 1 DAGs
[2024-07-05T21:12:46.904+0000] {logging_mixin.py:188} INFO - [2024-07-05T21:12:46.903+0000] {dag.py:3954} INFO - Setting next_dagrun for latest_only to 2024-07-05 16:00:00+00:00, run_after=2024-07-05 20:00:00+00:00
[2024-07-05T21:12:46.940+0000] {processor.py:183} INFO - Processing /home/airflow/.local/lib/python3.12/site-packages/airflow/example_dags/example_latest_only.py took 0.129 seconds
[2024-07-05T21:13:25.984+0000] {processor.py:161} INFO - Started process (PID=1315) to work on /home/airflow/.local/lib/python3.12/site-packages/airflow/example_dags/example_latest_only.py
[2024-07-05T21:13:26.016+0000] {processor.py:830} INFO - Processing file /home/airflow/.local/lib/python3.12/site-packages/airflow/example_dags/example_latest_only.py for tasks to queue
[2024-07-05T21:13:26.131+0000] {logging_mixin.py:188} INFO - [2024-07-05T21:13:26.130+0000] {dagbag.py:545} INFO - Filling up the DagBag from /home/airflow/.local/lib/python3.12/site-packages/airflow/example_dags/example_latest_only.py
[2024-07-05T21:13:26.203+0000] {processor.py:840} INFO - DAG(s) 'latest_only' retrieved from /home/airflow/.local/lib/python3.12/site-packages/airflow/example_dags/example_latest_only.py
[2024-07-05T21:13:26.293+0000] {logging_mixin.py:188} INFO - [2024-07-05T21:13:26.293+0000] {dag.py:3096} INFO - Sync 1 DAGs
[2024-07-05T21:13:26.543+0000] {logging_mixin.py:188} INFO - [2024-07-05T21:13:26.538+0000] {dag.py:3954} INFO - Setting next_dagrun for latest_only to 2024-07-05 16:00:00+00:00, run_after=2024-07-05 20:00:00+00:00
[2024-07-05T21:13:26.747+0000] {processor.py:183} INFO - Processing /home/airflow/.local/lib/python3.12/site-packages/airflow/example_dags/example_latest_only.py took 0.786 seconds
[2024-07-05T21:13:57.052+0000] {processor.py:161} INFO - Started process (PID=1373) to work on /home/airflow/.local/lib/python3.12/site-packages/airflow/example_dags/example_latest_only.py
[2024-07-05T21:13:57.055+0000] {processor.py:830} INFO - Processing file /home/airflow/.local/lib/python3.12/site-packages/airflow/example_dags/example_latest_only.py for tasks to queue
[2024-07-05T21:13:57.058+0000] {logging_mixin.py:188} INFO - [2024-07-05T21:13:57.057+0000] {dagbag.py:545} INFO - Filling up the DagBag from /home/airflow/.local/lib/python3.12/site-packages/airflow/example_dags/example_latest_only.py
[2024-07-05T21:13:57.067+0000] {processor.py:840} INFO - DAG(s) 'latest_only' retrieved from /home/airflow/.local/lib/python3.12/site-packages/airflow/example_dags/example_latest_only.py
[2024-07-05T21:13:57.101+0000] {logging_mixin.py:188} INFO - [2024-07-05T21:13:57.101+0000] {dag.py:3096} INFO - Sync 1 DAGs
[2024-07-05T21:13:57.143+0000] {logging_mixin.py:188} INFO - [2024-07-05T21:13:57.142+0000] {dag.py:3954} INFO - Setting next_dagrun for latest_only to 2024-07-05 16:00:00+00:00, run_after=2024-07-05 20:00:00+00:00
[2024-07-05T21:13:57.184+0000] {processor.py:183} INFO - Processing /home/airflow/.local/lib/python3.12/site-packages/airflow/example_dags/example_latest_only.py took 0.142 seconds
[2024-07-05T21:14:28.114+0000] {processor.py:161} INFO - Started process (PID=1431) to work on /home/airflow/.local/lib/python3.12/site-packages/airflow/example_dags/example_latest_only.py
[2024-07-05T21:14:28.137+0000] {processor.py:830} INFO - Processing file /home/airflow/.local/lib/python3.12/site-packages/airflow/example_dags/example_latest_only.py for tasks to queue
[2024-07-05T21:14:28.150+0000] {logging_mixin.py:188} INFO - [2024-07-05T21:14:28.146+0000] {dagbag.py:545} INFO - Filling up the DagBag from /home/airflow/.local/lib/python3.12/site-packages/airflow/example_dags/example_latest_only.py
[2024-07-05T21:14:28.171+0000] {processor.py:840} INFO - DAG(s) 'latest_only' retrieved from /home/airflow/.local/lib/python3.12/site-packages/airflow/example_dags/example_latest_only.py
[2024-07-05T21:14:28.242+0000] {logging_mixin.py:188} INFO - [2024-07-05T21:14:28.242+0000] {dag.py:3096} INFO - Sync 1 DAGs
[2024-07-05T21:14:28.315+0000] {logging_mixin.py:188} INFO - [2024-07-05T21:14:28.314+0000] {dag.py:3954} INFO - Setting next_dagrun for latest_only to 2024-07-05 16:00:00+00:00, run_after=2024-07-05 20:00:00+00:00
[2024-07-05T21:14:28.570+0000] {processor.py:183} INFO - Processing /home/airflow/.local/lib/python3.12/site-packages/airflow/example_dags/example_latest_only.py took 0.521 seconds
[2024-07-05T21:14:58.639+0000] {processor.py:161} INFO - Started process (PID=1489) to work on /home/airflow/.local/lib/python3.12/site-packages/airflow/example_dags/example_latest_only.py
[2024-07-05T21:14:58.641+0000] {processor.py:830} INFO - Processing file /home/airflow/.local/lib/python3.12/site-packages/airflow/example_dags/example_latest_only.py for tasks to queue
[2024-07-05T21:14:58.645+0000] {logging_mixin.py:188} INFO - [2024-07-05T21:14:58.644+0000] {dagbag.py:545} INFO - Filling up the DagBag from /home/airflow/.local/lib/python3.12/site-packages/airflow/example_dags/example_latest_only.py
[2024-07-05T21:14:58.653+0000] {processor.py:840} INFO - DAG(s) 'latest_only' retrieved from /home/airflow/.local/lib/python3.12/site-packages/airflow/example_dags/example_latest_only.py
[2024-07-05T21:14:58.687+0000] {logging_mixin.py:188} INFO - [2024-07-05T21:14:58.686+0000] {dag.py:3096} INFO - Sync 1 DAGs
[2024-07-05T21:14:58.728+0000] {logging_mixin.py:188} INFO - [2024-07-05T21:14:58.727+0000] {dag.py:3954} INFO - Setting next_dagrun for latest_only to 2024-07-05 16:00:00+00:00, run_after=2024-07-05 20:00:00+00:00
[2024-07-05T21:14:58.770+0000] {processor.py:183} INFO - Processing /home/airflow/.local/lib/python3.12/site-packages/airflow/example_dags/example_latest_only.py took 0.141 seconds
[2024-07-05T21:15:29.067+0000] {processor.py:161} INFO - Started process (PID=1545) to work on /home/airflow/.local/lib/python3.12/site-packages/airflow/example_dags/example_latest_only.py
[2024-07-05T21:15:29.069+0000] {processor.py:830} INFO - Processing file /home/airflow/.local/lib/python3.12/site-packages/airflow/example_dags/example_latest_only.py for tasks to queue
[2024-07-05T21:15:29.075+0000] {logging_mixin.py:188} INFO - [2024-07-05T21:15:29.073+0000] {dagbag.py:545} INFO - Filling up the DagBag from /home/airflow/.local/lib/python3.12/site-packages/airflow/example_dags/example_latest_only.py
[2024-07-05T21:15:29.088+0000] {processor.py:840} INFO - DAG(s) 'latest_only' retrieved from /home/airflow/.local/lib/python3.12/site-packages/airflow/example_dags/example_latest_only.py
[2024-07-05T21:15:29.133+0000] {logging_mixin.py:188} INFO - [2024-07-05T21:15:29.133+0000] {dag.py:3096} INFO - Sync 1 DAGs
[2024-07-05T21:15:29.184+0000] {logging_mixin.py:188} INFO - [2024-07-05T21:15:29.184+0000] {dag.py:3954} INFO - Setting next_dagrun for latest_only to 2024-07-05 16:00:00+00:00, run_after=2024-07-05 20:00:00+00:00
[2024-07-05T21:15:29.218+0000] {processor.py:183} INFO - Processing /home/airflow/.local/lib/python3.12/site-packages/airflow/example_dags/example_latest_only.py took 0.183 seconds
[2024-07-05T21:15:59.615+0000] {processor.py:161} INFO - Started process (PID=1603) to work on /home/airflow/.local/lib/python3.12/site-packages/airflow/example_dags/example_latest_only.py
[2024-07-05T21:15:59.616+0000] {processor.py:830} INFO - Processing file /home/airflow/.local/lib/python3.12/site-packages/airflow/example_dags/example_latest_only.py for tasks to queue
[2024-07-05T21:15:59.622+0000] {logging_mixin.py:188} INFO - [2024-07-05T21:15:59.620+0000] {dagbag.py:545} INFO - Filling up the DagBag from /home/airflow/.local/lib/python3.12/site-packages/airflow/example_dags/example_latest_only.py
[2024-07-05T21:15:59.642+0000] {processor.py:840} INFO - DAG(s) 'latest_only' retrieved from /home/airflow/.local/lib/python3.12/site-packages/airflow/example_dags/example_latest_only.py
[2024-07-05T21:15:59.678+0000] {logging_mixin.py:188} INFO - [2024-07-05T21:15:59.677+0000] {dag.py:3096} INFO - Sync 1 DAGs
[2024-07-05T21:15:59.819+0000] {logging_mixin.py:188} INFO - [2024-07-05T21:15:59.819+0000] {dag.py:3954} INFO - Setting next_dagrun for latest_only to 2024-07-05 16:00:00+00:00, run_after=2024-07-05 20:00:00+00:00
[2024-07-05T21:15:59.868+0000] {processor.py:183} INFO - Processing /home/airflow/.local/lib/python3.12/site-packages/airflow/example_dags/example_latest_only.py took 0.264 seconds
[2024-07-05T21:16:30.474+0000] {processor.py:161} INFO - Started process (PID=1660) to work on /home/airflow/.local/lib/python3.12/site-packages/airflow/example_dags/example_latest_only.py
[2024-07-05T21:16:30.475+0000] {processor.py:830} INFO - Processing file /home/airflow/.local/lib/python3.12/site-packages/airflow/example_dags/example_latest_only.py for tasks to queue
[2024-07-05T21:16:30.480+0000] {logging_mixin.py:188} INFO - [2024-07-05T21:16:30.479+0000] {dagbag.py:545} INFO - Filling up the DagBag from /home/airflow/.local/lib/python3.12/site-packages/airflow/example_dags/example_latest_only.py
[2024-07-05T21:16:30.490+0000] {processor.py:840} INFO - DAG(s) 'latest_only' retrieved from /home/airflow/.local/lib/python3.12/site-packages/airflow/example_dags/example_latest_only.py
[2024-07-05T21:16:30.535+0000] {logging_mixin.py:188} INFO - [2024-07-05T21:16:30.534+0000] {dag.py:3096} INFO - Sync 1 DAGs
[2024-07-05T21:16:30.580+0000] {logging_mixin.py:188} INFO - [2024-07-05T21:16:30.580+0000] {dag.py:3954} INFO - Setting next_dagrun for latest_only to 2024-07-05 16:00:00+00:00, run_after=2024-07-05 20:00:00+00:00
[2024-07-05T21:16:30.839+0000] {processor.py:183} INFO - Processing /home/airflow/.local/lib/python3.12/site-packages/airflow/example_dags/example_latest_only.py took 0.378 seconds
[2024-07-05T21:17:01.135+0000] {processor.py:161} INFO - Started process (PID=1719) to work on /home/airflow/.local/lib/python3.12/site-packages/airflow/example_dags/example_latest_only.py
[2024-07-05T21:17:01.137+0000] {processor.py:830} INFO - Processing file /home/airflow/.local/lib/python3.12/site-packages/airflow/example_dags/example_latest_only.py for tasks to queue
[2024-07-05T21:17:01.143+0000] {logging_mixin.py:188} INFO - [2024-07-05T21:17:01.142+0000] {dagbag.py:545} INFO - Filling up the DagBag from /home/airflow/.local/lib/python3.12/site-packages/airflow/example_dags/example_latest_only.py
[2024-07-05T21:17:01.152+0000] {processor.py:840} INFO - DAG(s) 'latest_only' retrieved from /home/airflow/.local/lib/python3.12/site-packages/airflow/example_dags/example_latest_only.py
[2024-07-05T21:17:01.191+0000] {logging_mixin.py:188} INFO - [2024-07-05T21:17:01.190+0000] {dag.py:3096} INFO - Sync 1 DAGs
[2024-07-05T21:17:01.233+0000] {logging_mixin.py:188} INFO - [2024-07-05T21:17:01.233+0000] {dag.py:3954} INFO - Setting next_dagrun for latest_only to 2024-07-05 16:00:00+00:00, run_after=2024-07-05 20:00:00+00:00
[2024-07-05T21:17:01.447+0000] {processor.py:183} INFO - Processing /home/airflow/.local/lib/python3.12/site-packages/airflow/example_dags/example_latest_only.py took 0.321 seconds
[2024-07-05T21:17:32.454+0000] {processor.py:161} INFO - Started process (PID=1778) to work on /home/airflow/.local/lib/python3.12/site-packages/airflow/example_dags/example_latest_only.py
[2024-07-05T21:17:32.457+0000] {processor.py:830} INFO - Processing file /home/airflow/.local/lib/python3.12/site-packages/airflow/example_dags/example_latest_only.py for tasks to queue
[2024-07-05T21:17:32.462+0000] {logging_mixin.py:188} INFO - [2024-07-05T21:17:32.462+0000] {dagbag.py:545} INFO - Filling up the DagBag from /home/airflow/.local/lib/python3.12/site-packages/airflow/example_dags/example_latest_only.py
[2024-07-05T21:17:32.471+0000] {processor.py:840} INFO - DAG(s) 'latest_only' retrieved from /home/airflow/.local/lib/python3.12/site-packages/airflow/example_dags/example_latest_only.py
[2024-07-05T21:17:32.510+0000] {logging_mixin.py:188} INFO - [2024-07-05T21:17:32.509+0000] {dag.py:3096} INFO - Sync 1 DAGs
[2024-07-05T21:17:32.555+0000] {logging_mixin.py:188} INFO - [2024-07-05T21:17:32.555+0000] {dag.py:3954} INFO - Setting next_dagrun for latest_only to 2024-07-05 16:00:00+00:00, run_after=2024-07-05 20:00:00+00:00
[2024-07-05T21:17:32.844+0000] {processor.py:183} INFO - Processing /home/airflow/.local/lib/python3.12/site-packages/airflow/example_dags/example_latest_only.py took 0.409 seconds
[2024-07-05T21:18:03.684+0000] {processor.py:161} INFO - Started process (PID=1837) to work on /home/airflow/.local/lib/python3.12/site-packages/airflow/example_dags/example_latest_only.py
[2024-07-05T21:18:03.686+0000] {processor.py:830} INFO - Processing file /home/airflow/.local/lib/python3.12/site-packages/airflow/example_dags/example_latest_only.py for tasks to queue
[2024-07-05T21:18:03.690+0000] {logging_mixin.py:188} INFO - [2024-07-05T21:18:03.690+0000] {dagbag.py:545} INFO - Filling up the DagBag from /home/airflow/.local/lib/python3.12/site-packages/airflow/example_dags/example_latest_only.py
[2024-07-05T21:18:03.700+0000] {processor.py:840} INFO - DAG(s) 'latest_only' retrieved from /home/airflow/.local/lib/python3.12/site-packages/airflow/example_dags/example_latest_only.py
[2024-07-05T21:18:03.748+0000] {logging_mixin.py:188} INFO - [2024-07-05T21:18:03.748+0000] {dag.py:3096} INFO - Sync 1 DAGs
[2024-07-05T21:18:03.795+0000] {logging_mixin.py:188} INFO - [2024-07-05T21:18:03.794+0000] {dag.py:3954} INFO - Setting next_dagrun for latest_only to 2024-07-05 16:00:00+00:00, run_after=2024-07-05 20:00:00+00:00
[2024-07-05T21:18:03.836+0000] {processor.py:183} INFO - Processing /home/airflow/.local/lib/python3.12/site-packages/airflow/example_dags/example_latest_only.py took 0.164 seconds
[2024-07-05T21:18:34.233+0000] {processor.py:161} INFO - Started process (PID=1896) to work on /home/airflow/.local/lib/python3.12/site-packages/airflow/example_dags/example_latest_only.py
[2024-07-05T21:18:34.237+0000] {processor.py:830} INFO - Processing file /home/airflow/.local/lib/python3.12/site-packages/airflow/example_dags/example_latest_only.py for tasks to queue
[2024-07-05T21:18:34.242+0000] {logging_mixin.py:188} INFO - [2024-07-05T21:18:34.241+0000] {dagbag.py:545} INFO - Filling up the DagBag from /home/airflow/.local/lib/python3.12/site-packages/airflow/example_dags/example_latest_only.py
[2024-07-05T21:18:34.253+0000] {processor.py:840} INFO - DAG(s) 'latest_only' retrieved from /home/airflow/.local/lib/python3.12/site-packages/airflow/example_dags/example_latest_only.py
[2024-07-05T21:18:34.317+0000] {logging_mixin.py:188} INFO - [2024-07-05T21:18:34.317+0000] {dag.py:3096} INFO - Sync 1 DAGs
[2024-07-05T21:18:34.425+0000] {logging_mixin.py:188} INFO - [2024-07-05T21:18:34.425+0000] {dag.py:3954} INFO - Setting next_dagrun for latest_only to 2024-07-05 16:00:00+00:00, run_after=2024-07-05 20:00:00+00:00
[2024-07-05T21:18:34.476+0000] {processor.py:183} INFO - Processing /home/airflow/.local/lib/python3.12/site-packages/airflow/example_dags/example_latest_only.py took 0.258 seconds
[2024-07-05T21:19:04.542+0000] {processor.py:161} INFO - Started process (PID=1955) to work on /home/airflow/.local/lib/python3.12/site-packages/airflow/example_dags/example_latest_only.py
[2024-07-05T21:19:04.557+0000] {processor.py:830} INFO - Processing file /home/airflow/.local/lib/python3.12/site-packages/airflow/example_dags/example_latest_only.py for tasks to queue
[2024-07-05T21:19:04.564+0000] {logging_mixin.py:188} INFO - [2024-07-05T21:19:04.563+0000] {dagbag.py:545} INFO - Filling up the DagBag from /home/airflow/.local/lib/python3.12/site-packages/airflow/example_dags/example_latest_only.py
[2024-07-05T21:19:04.577+0000] {processor.py:840} INFO - DAG(s) 'latest_only' retrieved from /home/airflow/.local/lib/python3.12/site-packages/airflow/example_dags/example_latest_only.py
[2024-07-05T21:19:04.624+0000] {logging_mixin.py:188} INFO - [2024-07-05T21:19:04.624+0000] {dag.py:3096} INFO - Sync 1 DAGs
[2024-07-05T21:19:04.764+0000] {logging_mixin.py:188} INFO - [2024-07-05T21:19:04.764+0000] {dag.py:3954} INFO - Setting next_dagrun for latest_only to 2024-07-05 16:00:00+00:00, run_after=2024-07-05 20:00:00+00:00
[2024-07-05T21:19:04.826+0000] {processor.py:183} INFO - Processing /home/airflow/.local/lib/python3.12/site-packages/airflow/example_dags/example_latest_only.py took 0.304 seconds
[2024-07-05T21:19:35.092+0000] {processor.py:161} INFO - Started process (PID=2013) to work on /home/airflow/.local/lib/python3.12/site-packages/airflow/example_dags/example_latest_only.py
[2024-07-05T21:19:35.094+0000] {processor.py:830} INFO - Processing file /home/airflow/.local/lib/python3.12/site-packages/airflow/example_dags/example_latest_only.py for tasks to queue
[2024-07-05T21:19:35.097+0000] {logging_mixin.py:188} INFO - [2024-07-05T21:19:35.096+0000] {dagbag.py:545} INFO - Filling up the DagBag from /home/airflow/.local/lib/python3.12/site-packages/airflow/example_dags/example_latest_only.py
[2024-07-05T21:19:35.105+0000] {processor.py:840} INFO - DAG(s) 'latest_only' retrieved from /home/airflow/.local/lib/python3.12/site-packages/airflow/example_dags/example_latest_only.py
[2024-07-05T21:19:35.143+0000] {logging_mixin.py:188} INFO - [2024-07-05T21:19:35.143+0000] {dag.py:3096} INFO - Sync 1 DAGs
[2024-07-05T21:19:35.180+0000] {logging_mixin.py:188} INFO - [2024-07-05T21:19:35.180+0000] {dag.py:3954} INFO - Setting next_dagrun for latest_only to 2024-07-05 16:00:00+00:00, run_after=2024-07-05 20:00:00+00:00
[2024-07-05T21:19:35.218+0000] {processor.py:183} INFO - Processing /home/airflow/.local/lib/python3.12/site-packages/airflow/example_dags/example_latest_only.py took 0.137 seconds
[2024-07-05T21:20:05.599+0000] {processor.py:161} INFO - Started process (PID=2072) to work on /home/airflow/.local/lib/python3.12/site-packages/airflow/example_dags/example_latest_only.py
[2024-07-05T21:20:05.601+0000] {processor.py:830} INFO - Processing file /home/airflow/.local/lib/python3.12/site-packages/airflow/example_dags/example_latest_only.py for tasks to queue
[2024-07-05T21:20:05.604+0000] {logging_mixin.py:188} INFO - [2024-07-05T21:20:05.603+0000] {dagbag.py:545} INFO - Filling up the DagBag from /home/airflow/.local/lib/python3.12/site-packages/airflow/example_dags/example_latest_only.py
[2024-07-05T21:20:05.612+0000] {processor.py:840} INFO - DAG(s) 'latest_only' retrieved from /home/airflow/.local/lib/python3.12/site-packages/airflow/example_dags/example_latest_only.py
[2024-07-05T21:20:05.647+0000] {logging_mixin.py:188} INFO - [2024-07-05T21:20:05.646+0000] {dag.py:3096} INFO - Sync 1 DAGs
[2024-07-05T21:20:05.683+0000] {logging_mixin.py:188} INFO - [2024-07-05T21:20:05.682+0000] {dag.py:3954} INFO - Setting next_dagrun for latest_only to 2024-07-05 16:00:00+00:00, run_after=2024-07-05 20:00:00+00:00
[2024-07-05T21:20:05.720+0000] {processor.py:183} INFO - Processing /home/airflow/.local/lib/python3.12/site-packages/airflow/example_dags/example_latest_only.py took 0.134 seconds
[2024-07-05T21:20:35.788+0000] {processor.py:161} INFO - Started process (PID=2131) to work on /home/airflow/.local/lib/python3.12/site-packages/airflow/example_dags/example_latest_only.py
[2024-07-05T21:20:35.793+0000] {processor.py:830} INFO - Processing file /home/airflow/.local/lib/python3.12/site-packages/airflow/example_dags/example_latest_only.py for tasks to queue
[2024-07-05T21:20:35.797+0000] {logging_mixin.py:188} INFO - [2024-07-05T21:20:35.796+0000] {dagbag.py:545} INFO - Filling up the DagBag from /home/airflow/.local/lib/python3.12/site-packages/airflow/example_dags/example_latest_only.py
[2024-07-05T21:20:35.808+0000] {processor.py:840} INFO - DAG(s) 'latest_only' retrieved from /home/airflow/.local/lib/python3.12/site-packages/airflow/example_dags/example_latest_only.py
[2024-07-05T21:20:35.853+0000] {logging_mixin.py:188} INFO - [2024-07-05T21:20:35.853+0000] {dag.py:3096} INFO - Sync 1 DAGs
[2024-07-05T21:20:35.891+0000] {logging_mixin.py:188} INFO - [2024-07-05T21:20:35.890+0000] {dag.py:3954} INFO - Setting next_dagrun for latest_only to 2024-07-05 16:00:00+00:00, run_after=2024-07-05 20:00:00+00:00
[2024-07-05T21:20:35.926+0000] {processor.py:183} INFO - Processing /home/airflow/.local/lib/python3.12/site-packages/airflow/example_dags/example_latest_only.py took 0.148 seconds
[2024-07-05T21:21:06.519+0000] {processor.py:161} INFO - Started process (PID=2190) to work on /home/airflow/.local/lib/python3.12/site-packages/airflow/example_dags/example_latest_only.py
[2024-07-05T21:21:06.523+0000] {processor.py:830} INFO - Processing file /home/airflow/.local/lib/python3.12/site-packages/airflow/example_dags/example_latest_only.py for tasks to queue
[2024-07-05T21:21:06.528+0000] {logging_mixin.py:188} INFO - [2024-07-05T21:21:06.527+0000] {dagbag.py:545} INFO - Filling up the DagBag from /home/airflow/.local/lib/python3.12/site-packages/airflow/example_dags/example_latest_only.py
[2024-07-05T21:21:06.540+0000] {processor.py:840} INFO - DAG(s) 'latest_only' retrieved from /home/airflow/.local/lib/python3.12/site-packages/airflow/example_dags/example_latest_only.py
[2024-07-05T21:21:06.609+0000] {logging_mixin.py:188} INFO - [2024-07-05T21:21:06.608+0000] {dag.py:3096} INFO - Sync 1 DAGs
[2024-07-05T21:21:06.677+0000] {logging_mixin.py:188} INFO - [2024-07-05T21:21:06.676+0000] {dag.py:3954} INFO - Setting next_dagrun for latest_only to 2024-07-05 16:00:00+00:00, run_after=2024-07-05 20:00:00+00:00
[2024-07-05T21:21:06.724+0000] {processor.py:183} INFO - Processing /home/airflow/.local/lib/python3.12/site-packages/airflow/example_dags/example_latest_only.py took 0.223 seconds
[2024-07-05T21:21:36.853+0000] {processor.py:161} INFO - Started process (PID=2248) to work on /home/airflow/.local/lib/python3.12/site-packages/airflow/example_dags/example_latest_only.py
[2024-07-05T21:21:36.855+0000] {processor.py:830} INFO - Processing file /home/airflow/.local/lib/python3.12/site-packages/airflow/example_dags/example_latest_only.py for tasks to queue
[2024-07-05T21:21:36.860+0000] {logging_mixin.py:188} INFO - [2024-07-05T21:21:36.859+0000] {dagbag.py:545} INFO - Filling up the DagBag from /home/airflow/.local/lib/python3.12/site-packages/airflow/example_dags/example_latest_only.py
[2024-07-05T21:21:36.875+0000] {processor.py:840} INFO - DAG(s) 'latest_only' retrieved from /home/airflow/.local/lib/python3.12/site-packages/airflow/example_dags/example_latest_only.py
[2024-07-05T21:21:36.943+0000] {logging_mixin.py:188} INFO - [2024-07-05T21:21:36.943+0000] {dag.py:3096} INFO - Sync 1 DAGs
[2024-07-05T21:21:37.003+0000] {logging_mixin.py:188} INFO - [2024-07-05T21:21:37.002+0000] {dag.py:3954} INFO - Setting next_dagrun for latest_only to 2024-07-05 16:00:00+00:00, run_after=2024-07-05 20:00:00+00:00
[2024-07-05T21:21:37.059+0000] {processor.py:183} INFO - Processing /home/airflow/.local/lib/python3.12/site-packages/airflow/example_dags/example_latest_only.py took 0.225 seconds
[2024-07-05T21:22:07.181+0000] {processor.py:161} INFO - Started process (PID=2306) to work on /home/airflow/.local/lib/python3.12/site-packages/airflow/example_dags/example_latest_only.py
[2024-07-05T21:22:07.183+0000] {processor.py:830} INFO - Processing file /home/airflow/.local/lib/python3.12/site-packages/airflow/example_dags/example_latest_only.py for tasks to queue
[2024-07-05T21:22:07.187+0000] {logging_mixin.py:188} INFO - [2024-07-05T21:22:07.186+0000] {dagbag.py:545} INFO - Filling up the DagBag from /home/airflow/.local/lib/python3.12/site-packages/airflow/example_dags/example_latest_only.py
[2024-07-05T21:22:07.194+0000] {processor.py:840} INFO - DAG(s) 'latest_only' retrieved from /home/airflow/.local/lib/python3.12/site-packages/airflow/example_dags/example_latest_only.py
[2024-07-05T21:22:07.227+0000] {logging_mixin.py:188} INFO - [2024-07-05T21:22:07.227+0000] {dag.py:3096} INFO - Sync 1 DAGs
[2024-07-05T21:22:07.272+0000] {logging_mixin.py:188} INFO - [2024-07-05T21:22:07.272+0000] {dag.py:3954} INFO - Setting next_dagrun for latest_only to 2024-07-05 16:00:00+00:00, run_after=2024-07-05 20:00:00+00:00
[2024-07-05T21:22:07.306+0000] {processor.py:183} INFO - Processing /home/airflow/.local/lib/python3.12/site-packages/airflow/example_dags/example_latest_only.py took 0.134 seconds
[2024-07-05T21:22:37.461+0000] {processor.py:161} INFO - Started process (PID=2365) to work on /home/airflow/.local/lib/python3.12/site-packages/airflow/example_dags/example_latest_only.py
[2024-07-05T21:22:37.468+0000] {processor.py:830} INFO - Processing file /home/airflow/.local/lib/python3.12/site-packages/airflow/example_dags/example_latest_only.py for tasks to queue
[2024-07-05T21:22:37.475+0000] {logging_mixin.py:188} INFO - [2024-07-05T21:22:37.475+0000] {dagbag.py:545} INFO - Filling up the DagBag from /home/airflow/.local/lib/python3.12/site-packages/airflow/example_dags/example_latest_only.py
[2024-07-05T21:22:37.492+0000] {processor.py:840} INFO - DAG(s) 'latest_only' retrieved from /home/airflow/.local/lib/python3.12/site-packages/airflow/example_dags/example_latest_only.py
[2024-07-05T21:22:37.558+0000] {logging_mixin.py:188} INFO - [2024-07-05T21:22:37.558+0000] {dag.py:3096} INFO - Sync 1 DAGs
[2024-07-05T21:22:37.684+0000] {logging_mixin.py:188} INFO - [2024-07-05T21:22:37.683+0000] {dag.py:3954} INFO - Setting next_dagrun for latest_only to 2024-07-05 16:00:00+00:00, run_after=2024-07-05 20:00:00+00:00
[2024-07-05T21:22:37.804+0000] {processor.py:183} INFO - Processing /home/airflow/.local/lib/python3.12/site-packages/airflow/example_dags/example_latest_only.py took 0.382 seconds
[2024-07-05T21:23:08.033+0000] {processor.py:161} INFO - Started process (PID=2424) to work on /home/airflow/.local/lib/python3.12/site-packages/airflow/example_dags/example_latest_only.py
[2024-07-05T21:23:08.035+0000] {processor.py:830} INFO - Processing file /home/airflow/.local/lib/python3.12/site-packages/airflow/example_dags/example_latest_only.py for tasks to queue
[2024-07-05T21:23:08.040+0000] {logging_mixin.py:188} INFO - [2024-07-05T21:23:08.039+0000] {dagbag.py:545} INFO - Filling up the DagBag from /home/airflow/.local/lib/python3.12/site-packages/airflow/example_dags/example_latest_only.py
[2024-07-05T21:23:08.047+0000] {processor.py:840} INFO - DAG(s) 'latest_only' retrieved from /home/airflow/.local/lib/python3.12/site-packages/airflow/example_dags/example_latest_only.py
[2024-07-05T21:23:08.081+0000] {logging_mixin.py:188} INFO - [2024-07-05T21:23:08.081+0000] {dag.py:3096} INFO - Sync 1 DAGs
[2024-07-05T21:23:08.130+0000] {logging_mixin.py:188} INFO - [2024-07-05T21:23:08.129+0000] {dag.py:3954} INFO - Setting next_dagrun for latest_only to 2024-07-05 16:00:00+00:00, run_after=2024-07-05 20:00:00+00:00
[2024-07-05T21:23:08.181+0000] {processor.py:183} INFO - Processing /home/airflow/.local/lib/python3.12/site-packages/airflow/example_dags/example_latest_only.py took 0.159 seconds
[2024-07-05T21:23:38.414+0000] {processor.py:161} INFO - Started process (PID=2483) to work on /home/airflow/.local/lib/python3.12/site-packages/airflow/example_dags/example_latest_only.py
[2024-07-05T21:23:38.416+0000] {processor.py:830} INFO - Processing file /home/airflow/.local/lib/python3.12/site-packages/airflow/example_dags/example_latest_only.py for tasks to queue
[2024-07-05T21:23:38.422+0000] {logging_mixin.py:188} INFO - [2024-07-05T21:23:38.420+0000] {dagbag.py:545} INFO - Filling up the DagBag from /home/airflow/.local/lib/python3.12/site-packages/airflow/example_dags/example_latest_only.py
[2024-07-05T21:23:38.441+0000] {processor.py:840} INFO - DAG(s) 'latest_only' retrieved from /home/airflow/.local/lib/python3.12/site-packages/airflow/example_dags/example_latest_only.py
[2024-07-05T21:23:38.514+0000] {logging_mixin.py:188} INFO - [2024-07-05T21:23:38.513+0000] {dag.py:3096} INFO - Sync 1 DAGs
[2024-07-05T21:23:38.559+0000] {logging_mixin.py:188} INFO - [2024-07-05T21:23:38.559+0000] {dag.py:3954} INFO - Setting next_dagrun for latest_only to 2024-07-05 16:00:00+00:00, run_after=2024-07-05 20:00:00+00:00
[2024-07-05T21:23:38.596+0000] {processor.py:183} INFO - Processing /home/airflow/.local/lib/python3.12/site-packages/airflow/example_dags/example_latest_only.py took 0.198 seconds
[2024-07-05T21:24:09.204+0000] {processor.py:161} INFO - Started process (PID=2542) to work on /home/airflow/.local/lib/python3.12/site-packages/airflow/example_dags/example_latest_only.py
[2024-07-05T21:24:09.206+0000] {processor.py:830} INFO - Processing file /home/airflow/.local/lib/python3.12/site-packages/airflow/example_dags/example_latest_only.py for tasks to queue
[2024-07-05T21:24:09.215+0000] {logging_mixin.py:188} INFO - [2024-07-05T21:24:09.213+0000] {dagbag.py:545} INFO - Filling up the DagBag from /home/airflow/.local/lib/python3.12/site-packages/airflow/example_dags/example_latest_only.py
[2024-07-05T21:24:09.285+0000] {processor.py:840} INFO - DAG(s) 'latest_only' retrieved from /home/airflow/.local/lib/python3.12/site-packages/airflow/example_dags/example_latest_only.py
[2024-07-05T21:24:09.495+0000] {logging_mixin.py:188} INFO - [2024-07-05T21:24:09.495+0000] {dag.py:3096} INFO - Sync 1 DAGs
[2024-07-05T21:24:09.596+0000] {logging_mixin.py:188} INFO - [2024-07-05T21:24:09.596+0000] {dag.py:3954} INFO - Setting next_dagrun for latest_only to 2024-07-05 16:00:00+00:00, run_after=2024-07-05 20:00:00+00:00
[2024-07-05T21:24:09.653+0000] {processor.py:183} INFO - Processing /home/airflow/.local/lib/python3.12/site-packages/airflow/example_dags/example_latest_only.py took 0.470 seconds
[2024-07-05T21:24:39.735+0000] {processor.py:161} INFO - Started process (PID=2601) to work on /home/airflow/.local/lib/python3.12/site-packages/airflow/example_dags/example_latest_only.py
[2024-07-05T21:24:39.738+0000] {processor.py:830} INFO - Processing file /home/airflow/.local/lib/python3.12/site-packages/airflow/example_dags/example_latest_only.py for tasks to queue
[2024-07-05T21:24:39.745+0000] {logging_mixin.py:188} INFO - [2024-07-05T21:24:39.744+0000] {dagbag.py:545} INFO - Filling up the DagBag from /home/airflow/.local/lib/python3.12/site-packages/airflow/example_dags/example_latest_only.py
[2024-07-05T21:24:39.753+0000] {processor.py:840} INFO - DAG(s) 'latest_only' retrieved from /home/airflow/.local/lib/python3.12/site-packages/airflow/example_dags/example_latest_only.py
[2024-07-05T21:24:39.786+0000] {logging_mixin.py:188} INFO - [2024-07-05T21:24:39.786+0000] {dag.py:3096} INFO - Sync 1 DAGs
[2024-07-05T21:24:39.828+0000] {logging_mixin.py:188} INFO - [2024-07-05T21:24:39.828+0000] {dag.py:3954} INFO - Setting next_dagrun for latest_only to 2024-07-05 16:00:00+00:00, run_after=2024-07-05 20:00:00+00:00
[2024-07-05T21:24:39.867+0000] {processor.py:183} INFO - Processing /home/airflow/.local/lib/python3.12/site-packages/airflow/example_dags/example_latest_only.py took 0.147 seconds
[2024-07-05T21:25:10.387+0000] {processor.py:161} INFO - Started process (PID=2660) to work on /home/airflow/.local/lib/python3.12/site-packages/airflow/example_dags/example_latest_only.py
[2024-07-05T21:25:10.388+0000] {processor.py:830} INFO - Processing file /home/airflow/.local/lib/python3.12/site-packages/airflow/example_dags/example_latest_only.py for tasks to queue
[2024-07-05T21:25:10.393+0000] {logging_mixin.py:188} INFO - [2024-07-05T21:25:10.391+0000] {dagbag.py:545} INFO - Filling up the DagBag from /home/airflow/.local/lib/python3.12/site-packages/airflow/example_dags/example_latest_only.py
[2024-07-05T21:25:10.401+0000] {processor.py:840} INFO - DAG(s) 'latest_only' retrieved from /home/airflow/.local/lib/python3.12/site-packages/airflow/example_dags/example_latest_only.py
[2024-07-05T21:25:10.434+0000] {logging_mixin.py:188} INFO - [2024-07-05T21:25:10.433+0000] {dag.py:3096} INFO - Sync 1 DAGs
[2024-07-05T21:25:10.477+0000] {logging_mixin.py:188} INFO - [2024-07-05T21:25:10.477+0000] {dag.py:3954} INFO - Setting next_dagrun for latest_only to 2024-07-05 16:00:00+00:00, run_after=2024-07-05 20:00:00+00:00
[2024-07-05T21:25:10.511+0000] {processor.py:183} INFO - Processing /home/airflow/.local/lib/python3.12/site-packages/airflow/example_dags/example_latest_only.py took 0.131 seconds
[2024-07-05T21:25:41.214+0000] {processor.py:161} INFO - Started process (PID=2719) to work on /home/airflow/.local/lib/python3.12/site-packages/airflow/example_dags/example_latest_only.py
[2024-07-05T21:25:41.216+0000] {processor.py:830} INFO - Processing file /home/airflow/.local/lib/python3.12/site-packages/airflow/example_dags/example_latest_only.py for tasks to queue
[2024-07-05T21:25:41.220+0000] {logging_mixin.py:188} INFO - [2024-07-05T21:25:41.220+0000] {dagbag.py:545} INFO - Filling up the DagBag from /home/airflow/.local/lib/python3.12/site-packages/airflow/example_dags/example_latest_only.py
[2024-07-05T21:25:41.230+0000] {processor.py:840} INFO - DAG(s) 'latest_only' retrieved from /home/airflow/.local/lib/python3.12/site-packages/airflow/example_dags/example_latest_only.py
[2024-07-05T21:25:41.292+0000] {logging_mixin.py:188} INFO - [2024-07-05T21:25:41.292+0000] {dag.py:3096} INFO - Sync 1 DAGs
[2024-07-05T21:25:41.349+0000] {logging_mixin.py:188} INFO - [2024-07-05T21:25:41.348+0000] {dag.py:3954} INFO - Setting next_dagrun for latest_only to 2024-07-05 16:00:00+00:00, run_after=2024-07-05 20:00:00+00:00
[2024-07-05T21:25:41.393+0000] {processor.py:183} INFO - Processing /home/airflow/.local/lib/python3.12/site-packages/airflow/example_dags/example_latest_only.py took 0.188 seconds
[2024-07-05T21:26:11.572+0000] {processor.py:161} INFO - Started process (PID=2778) to work on /home/airflow/.local/lib/python3.12/site-packages/airflow/example_dags/example_latest_only.py
[2024-07-05T21:26:11.577+0000] {processor.py:830} INFO - Processing file /home/airflow/.local/lib/python3.12/site-packages/airflow/example_dags/example_latest_only.py for tasks to queue
[2024-07-05T21:26:11.581+0000] {logging_mixin.py:188} INFO - [2024-07-05T21:26:11.581+0000] {dagbag.py:545} INFO - Filling up the DagBag from /home/airflow/.local/lib/python3.12/site-packages/airflow/example_dags/example_latest_only.py
[2024-07-05T21:26:11.590+0000] {processor.py:840} INFO - DAG(s) 'latest_only' retrieved from /home/airflow/.local/lib/python3.12/site-packages/airflow/example_dags/example_latest_only.py
[2024-07-05T21:26:11.626+0000] {logging_mixin.py:188} INFO - [2024-07-05T21:26:11.625+0000] {dag.py:3096} INFO - Sync 1 DAGs
[2024-07-05T21:26:11.668+0000] {logging_mixin.py:188} INFO - [2024-07-05T21:26:11.667+0000] {dag.py:3954} INFO - Setting next_dagrun for latest_only to 2024-07-05 16:00:00+00:00, run_after=2024-07-05 20:00:00+00:00
[2024-07-05T21:26:11.705+0000] {processor.py:183} INFO - Processing /home/airflow/.local/lib/python3.12/site-packages/airflow/example_dags/example_latest_only.py took 0.144 seconds
