[2024-07-05T21:02:01.240+0000] {processor.py:161} INFO - Started process (PID=67) to work on /home/airflow/.local/lib/python3.12/site-packages/airflow/example_dags/example_branch_operator.py
[2024-07-05T21:02:01.243+0000] {processor.py:830} INFO - Processing file /home/airflow/.local/lib/python3.12/site-packages/airflow/example_dags/example_branch_operator.py for tasks to queue
[2024-07-05T21:02:01.247+0000] {logging_mixin.py:188} INFO - [2024-07-05T21:02:01.246+0000] {dagbag.py:545} INFO - Filling up the DagBag from /home/airflow/.local/lib/python3.12/site-packages/airflow/example_dags/example_branch_operator.py
[2024-07-05T21:02:01.329+0000] {processor.py:840} INFO - DAG(s) 'example_branch_operator' retrieved from /home/airflow/.local/lib/python3.12/site-packages/airflow/example_dags/example_branch_operator.py
[2024-07-05T21:02:02.138+0000] {logging_mixin.py:188} INFO - [2024-07-05T21:02:02.137+0000] {dag.py:3096} INFO - Sync 1 DAGs
[2024-07-05T21:02:02.217+0000] {logging_mixin.py:188} INFO - [2024-07-05T21:02:02.216+0000] {dag.py:3954} INFO - Setting next_dagrun for example_branch_operator to 2024-07-04 00:00:00+00:00, run_after=2024-07-05 00:00:00+00:00
[2024-07-05T21:02:02.379+0000] {processor.py:183} INFO - Processing /home/airflow/.local/lib/python3.12/site-packages/airflow/example_dags/example_branch_operator.py took 1.158 seconds
[2024-07-05T21:02:33.247+0000] {processor.py:161} INFO - Started process (PID=125) to work on /home/airflow/.local/lib/python3.12/site-packages/airflow/example_dags/example_branch_operator.py
[2024-07-05T21:02:33.253+0000] {processor.py:830} INFO - Processing file /home/airflow/.local/lib/python3.12/site-packages/airflow/example_dags/example_branch_operator.py for tasks to queue
[2024-07-05T21:02:33.256+0000] {logging_mixin.py:188} INFO - [2024-07-05T21:02:33.255+0000] {dagbag.py:545} INFO - Filling up the DagBag from /home/airflow/.local/lib/python3.12/site-packages/airflow/example_dags/example_branch_operator.py
[2024-07-05T21:02:33.282+0000] {processor.py:840} INFO - DAG(s) 'example_branch_operator' retrieved from /home/airflow/.local/lib/python3.12/site-packages/airflow/example_dags/example_branch_operator.py
[2024-07-05T21:02:33.344+0000] {logging_mixin.py:188} INFO - [2024-07-05T21:02:33.344+0000] {dag.py:3096} INFO - Sync 1 DAGs
[2024-07-05T21:02:33.411+0000] {logging_mixin.py:188} INFO - [2024-07-05T21:02:33.411+0000] {dag.py:3954} INFO - Setting next_dagrun for example_branch_operator to 2024-07-04 00:00:00+00:00, run_after=2024-07-05 00:00:00+00:00
[2024-07-05T21:02:33.452+0000] {processor.py:183} INFO - Processing /home/airflow/.local/lib/python3.12/site-packages/airflow/example_dags/example_branch_operator.py took 0.217 seconds
[2024-07-05T21:03:04.360+0000] {processor.py:161} INFO - Started process (PID=183) to work on /home/airflow/.local/lib/python3.12/site-packages/airflow/example_dags/example_branch_operator.py
[2024-07-05T21:03:04.372+0000] {processor.py:830} INFO - Processing file /home/airflow/.local/lib/python3.12/site-packages/airflow/example_dags/example_branch_operator.py for tasks to queue
[2024-07-05T21:03:04.400+0000] {logging_mixin.py:188} INFO - [2024-07-05T21:03:04.399+0000] {dagbag.py:545} INFO - Filling up the DagBag from /home/airflow/.local/lib/python3.12/site-packages/airflow/example_dags/example_branch_operator.py
[2024-07-05T21:03:04.569+0000] {processor.py:840} INFO - DAG(s) 'example_branch_operator' retrieved from /home/airflow/.local/lib/python3.12/site-packages/airflow/example_dags/example_branch_operator.py
[2024-07-05T21:03:04.901+0000] {logging_mixin.py:188} INFO - [2024-07-05T21:03:04.893+0000] {dag.py:3096} INFO - Sync 1 DAGs
[2024-07-05T21:03:05.154+0000] {logging_mixin.py:188} INFO - [2024-07-05T21:03:05.152+0000] {dag.py:3954} INFO - Setting next_dagrun for example_branch_operator to 2024-07-04 00:00:00+00:00, run_after=2024-07-05 00:00:00+00:00
[2024-07-05T21:03:05.272+0000] {processor.py:183} INFO - Processing /home/airflow/.local/lib/python3.12/site-packages/airflow/example_dags/example_branch_operator.py took 0.971 seconds
[2024-07-05T21:03:35.407+0000] {processor.py:161} INFO - Started process (PID=240) to work on /home/airflow/.local/lib/python3.12/site-packages/airflow/example_dags/example_branch_operator.py
[2024-07-05T21:03:35.409+0000] {processor.py:830} INFO - Processing file /home/airflow/.local/lib/python3.12/site-packages/airflow/example_dags/example_branch_operator.py for tasks to queue
[2024-07-05T21:03:35.412+0000] {logging_mixin.py:188} INFO - [2024-07-05T21:03:35.412+0000] {dagbag.py:545} INFO - Filling up the DagBag from /home/airflow/.local/lib/python3.12/site-packages/airflow/example_dags/example_branch_operator.py
[2024-07-05T21:03:35.443+0000] {processor.py:840} INFO - DAG(s) 'example_branch_operator' retrieved from /home/airflow/.local/lib/python3.12/site-packages/airflow/example_dags/example_branch_operator.py
[2024-07-05T21:03:35.514+0000] {logging_mixin.py:188} INFO - [2024-07-05T21:03:35.514+0000] {dag.py:3096} INFO - Sync 1 DAGs
[2024-07-05T21:03:35.563+0000] {logging_mixin.py:188} INFO - [2024-07-05T21:03:35.562+0000] {dag.py:3954} INFO - Setting next_dagrun for example_branch_operator to 2024-07-04 00:00:00+00:00, run_after=2024-07-05 00:00:00+00:00
[2024-07-05T21:03:35.605+0000] {processor.py:183} INFO - Processing /home/airflow/.local/lib/python3.12/site-packages/airflow/example_dags/example_branch_operator.py took 0.209 seconds
[2024-07-05T21:04:25.701+0000] {processor.py:161} INFO - Started process (PID=303) to work on /home/airflow/.local/lib/python3.12/site-packages/airflow/example_dags/example_branch_operator.py
[2024-07-05T21:04:25.704+0000] {processor.py:830} INFO - Processing file /home/airflow/.local/lib/python3.12/site-packages/airflow/example_dags/example_branch_operator.py for tasks to queue
[2024-07-05T21:04:25.734+0000] {logging_mixin.py:188} INFO - [2024-07-05T21:04:25.723+0000] {dagbag.py:545} INFO - Filling up the DagBag from /home/airflow/.local/lib/python3.12/site-packages/airflow/example_dags/example_branch_operator.py
[2024-07-05T21:04:25.828+0000] {processor.py:840} INFO - DAG(s) 'example_branch_operator' retrieved from /home/airflow/.local/lib/python3.12/site-packages/airflow/example_dags/example_branch_operator.py
[2024-07-05T21:04:26.090+0000] {logging_mixin.py:188} INFO - [2024-07-05T21:04:26.089+0000] {dag.py:3096} INFO - Sync 1 DAGs
[2024-07-05T21:04:26.221+0000] {logging_mixin.py:188} INFO - [2024-07-05T21:04:26.220+0000] {dag.py:3954} INFO - Setting next_dagrun for example_branch_operator to 2024-07-04 00:00:00+00:00, run_after=2024-07-05 00:00:00+00:00
[2024-07-05T21:04:26.392+0000] {processor.py:183} INFO - Processing /home/airflow/.local/lib/python3.12/site-packages/airflow/example_dags/example_branch_operator.py took 0.740 seconds
[2024-07-05T21:04:57.099+0000] {processor.py:161} INFO - Started process (PID=361) to work on /home/airflow/.local/lib/python3.12/site-packages/airflow/example_dags/example_branch_operator.py
[2024-07-05T21:04:57.101+0000] {processor.py:830} INFO - Processing file /home/airflow/.local/lib/python3.12/site-packages/airflow/example_dags/example_branch_operator.py for tasks to queue
[2024-07-05T21:04:57.106+0000] {logging_mixin.py:188} INFO - [2024-07-05T21:04:57.105+0000] {dagbag.py:545} INFO - Filling up the DagBag from /home/airflow/.local/lib/python3.12/site-packages/airflow/example_dags/example_branch_operator.py
[2024-07-05T21:04:57.152+0000] {processor.py:840} INFO - DAG(s) 'example_branch_operator' retrieved from /home/airflow/.local/lib/python3.12/site-packages/airflow/example_dags/example_branch_operator.py
[2024-07-05T21:04:57.205+0000] {logging_mixin.py:188} INFO - [2024-07-05T21:04:57.205+0000] {dag.py:3096} INFO - Sync 1 DAGs
[2024-07-05T21:04:57.244+0000] {logging_mixin.py:188} INFO - [2024-07-05T21:04:57.244+0000] {dag.py:3954} INFO - Setting next_dagrun for example_branch_operator to 2024-07-04 00:00:00+00:00, run_after=2024-07-05 00:00:00+00:00
[2024-07-05T21:04:57.276+0000] {processor.py:183} INFO - Processing /home/airflow/.local/lib/python3.12/site-packages/airflow/example_dags/example_branch_operator.py took 0.199 seconds
[2024-07-05T21:05:27.738+0000] {processor.py:161} INFO - Started process (PID=419) to work on /home/airflow/.local/lib/python3.12/site-packages/airflow/example_dags/example_branch_operator.py
[2024-07-05T21:05:27.741+0000] {processor.py:830} INFO - Processing file /home/airflow/.local/lib/python3.12/site-packages/airflow/example_dags/example_branch_operator.py for tasks to queue
[2024-07-05T21:05:27.744+0000] {logging_mixin.py:188} INFO - [2024-07-05T21:05:27.744+0000] {dagbag.py:545} INFO - Filling up the DagBag from /home/airflow/.local/lib/python3.12/site-packages/airflow/example_dags/example_branch_operator.py
[2024-07-05T21:05:27.779+0000] {processor.py:840} INFO - DAG(s) 'example_branch_operator' retrieved from /home/airflow/.local/lib/python3.12/site-packages/airflow/example_dags/example_branch_operator.py
[2024-07-05T21:05:27.838+0000] {logging_mixin.py:188} INFO - [2024-07-05T21:05:27.837+0000] {dag.py:3096} INFO - Sync 1 DAGs
[2024-07-05T21:05:27.879+0000] {logging_mixin.py:188} INFO - [2024-07-05T21:05:27.879+0000] {dag.py:3954} INFO - Setting next_dagrun for example_branch_operator to 2024-07-04 00:00:00+00:00, run_after=2024-07-05 00:00:00+00:00
[2024-07-05T21:05:27.920+0000] {processor.py:183} INFO - Processing /home/airflow/.local/lib/python3.12/site-packages/airflow/example_dags/example_branch_operator.py took 0.191 seconds
[2024-07-05T21:05:58.272+0000] {processor.py:161} INFO - Started process (PID=477) to work on /home/airflow/.local/lib/python3.12/site-packages/airflow/example_dags/example_branch_operator.py
[2024-07-05T21:05:58.275+0000] {processor.py:830} INFO - Processing file /home/airflow/.local/lib/python3.12/site-packages/airflow/example_dags/example_branch_operator.py for tasks to queue
[2024-07-05T21:05:58.280+0000] {logging_mixin.py:188} INFO - [2024-07-05T21:05:58.279+0000] {dagbag.py:545} INFO - Filling up the DagBag from /home/airflow/.local/lib/python3.12/site-packages/airflow/example_dags/example_branch_operator.py
[2024-07-05T21:05:58.326+0000] {processor.py:840} INFO - DAG(s) 'example_branch_operator' retrieved from /home/airflow/.local/lib/python3.12/site-packages/airflow/example_dags/example_branch_operator.py
[2024-07-05T21:05:58.402+0000] {logging_mixin.py:188} INFO - [2024-07-05T21:05:58.402+0000] {dag.py:3096} INFO - Sync 1 DAGs
[2024-07-05T21:05:58.461+0000] {logging_mixin.py:188} INFO - [2024-07-05T21:05:58.461+0000] {dag.py:3954} INFO - Setting next_dagrun for example_branch_operator to 2024-07-04 00:00:00+00:00, run_after=2024-07-05 00:00:00+00:00
[2024-07-05T21:05:58.498+0000] {processor.py:183} INFO - Processing /home/airflow/.local/lib/python3.12/site-packages/airflow/example_dags/example_branch_operator.py took 0.240 seconds
[2024-07-05T21:06:29.288+0000] {processor.py:161} INFO - Started process (PID=535) to work on /home/airflow/.local/lib/python3.12/site-packages/airflow/example_dags/example_branch_operator.py
[2024-07-05T21:06:29.290+0000] {processor.py:830} INFO - Processing file /home/airflow/.local/lib/python3.12/site-packages/airflow/example_dags/example_branch_operator.py for tasks to queue
[2024-07-05T21:06:29.295+0000] {logging_mixin.py:188} INFO - [2024-07-05T21:06:29.294+0000] {dagbag.py:545} INFO - Filling up the DagBag from /home/airflow/.local/lib/python3.12/site-packages/airflow/example_dags/example_branch_operator.py
[2024-07-05T21:06:29.354+0000] {processor.py:840} INFO - DAG(s) 'example_branch_operator' retrieved from /home/airflow/.local/lib/python3.12/site-packages/airflow/example_dags/example_branch_operator.py
[2024-07-05T21:06:29.459+0000] {logging_mixin.py:188} INFO - [2024-07-05T21:06:29.458+0000] {dag.py:3096} INFO - Sync 1 DAGs
[2024-07-05T21:06:29.525+0000] {logging_mixin.py:188} INFO - [2024-07-05T21:06:29.525+0000] {dag.py:3954} INFO - Setting next_dagrun for example_branch_operator to 2024-07-04 00:00:00+00:00, run_after=2024-07-05 00:00:00+00:00
[2024-07-05T21:06:29.569+0000] {processor.py:183} INFO - Processing /home/airflow/.local/lib/python3.12/site-packages/airflow/example_dags/example_branch_operator.py took 0.293 seconds
[2024-07-05T21:06:59.718+0000] {processor.py:161} INFO - Started process (PID=594) to work on /home/airflow/.local/lib/python3.12/site-packages/airflow/example_dags/example_branch_operator.py
[2024-07-05T21:06:59.720+0000] {processor.py:830} INFO - Processing file /home/airflow/.local/lib/python3.12/site-packages/airflow/example_dags/example_branch_operator.py for tasks to queue
[2024-07-05T21:06:59.723+0000] {logging_mixin.py:188} INFO - [2024-07-05T21:06:59.722+0000] {dagbag.py:545} INFO - Filling up the DagBag from /home/airflow/.local/lib/python3.12/site-packages/airflow/example_dags/example_branch_operator.py
[2024-07-05T21:06:59.747+0000] {processor.py:840} INFO - DAG(s) 'example_branch_operator' retrieved from /home/airflow/.local/lib/python3.12/site-packages/airflow/example_dags/example_branch_operator.py
[2024-07-05T21:06:59.790+0000] {logging_mixin.py:188} INFO - [2024-07-05T21:06:59.790+0000] {dag.py:3096} INFO - Sync 1 DAGs
[2024-07-05T21:06:59.823+0000] {logging_mixin.py:188} INFO - [2024-07-05T21:06:59.823+0000] {dag.py:3954} INFO - Setting next_dagrun for example_branch_operator to 2024-07-04 00:00:00+00:00, run_after=2024-07-05 00:00:00+00:00
[2024-07-05T21:06:59.865+0000] {processor.py:183} INFO - Processing /home/airflow/.local/lib/python3.12/site-packages/airflow/example_dags/example_branch_operator.py took 0.156 seconds
[2024-07-05T21:07:29.936+0000] {processor.py:161} INFO - Started process (PID=652) to work on /home/airflow/.local/lib/python3.12/site-packages/airflow/example_dags/example_branch_operator.py
[2024-07-05T21:07:29.937+0000] {processor.py:830} INFO - Processing file /home/airflow/.local/lib/python3.12/site-packages/airflow/example_dags/example_branch_operator.py for tasks to queue
[2024-07-05T21:07:29.941+0000] {logging_mixin.py:188} INFO - [2024-07-05T21:07:29.940+0000] {dagbag.py:545} INFO - Filling up the DagBag from /home/airflow/.local/lib/python3.12/site-packages/airflow/example_dags/example_branch_operator.py
[2024-07-05T21:07:29.968+0000] {processor.py:840} INFO - DAG(s) 'example_branch_operator' retrieved from /home/airflow/.local/lib/python3.12/site-packages/airflow/example_dags/example_branch_operator.py
[2024-07-05T21:07:30.012+0000] {logging_mixin.py:188} INFO - [2024-07-05T21:07:30.011+0000] {dag.py:3096} INFO - Sync 1 DAGs
[2024-07-05T21:07:30.044+0000] {logging_mixin.py:188} INFO - [2024-07-05T21:07:30.043+0000] {dag.py:3954} INFO - Setting next_dagrun for example_branch_operator to 2024-07-04 00:00:00+00:00, run_after=2024-07-05 00:00:00+00:00
[2024-07-05T21:07:30.076+0000] {processor.py:183} INFO - Processing /home/airflow/.local/lib/python3.12/site-packages/airflow/example_dags/example_branch_operator.py took 0.150 seconds
[2024-07-05T21:08:00.513+0000] {processor.py:161} INFO - Started process (PID=709) to work on /home/airflow/.local/lib/python3.12/site-packages/airflow/example_dags/example_branch_operator.py
[2024-07-05T21:08:00.515+0000] {processor.py:830} INFO - Processing file /home/airflow/.local/lib/python3.12/site-packages/airflow/example_dags/example_branch_operator.py for tasks to queue
[2024-07-05T21:08:00.518+0000] {logging_mixin.py:188} INFO - [2024-07-05T21:08:00.518+0000] {dagbag.py:545} INFO - Filling up the DagBag from /home/airflow/.local/lib/python3.12/site-packages/airflow/example_dags/example_branch_operator.py
[2024-07-05T21:08:00.552+0000] {processor.py:840} INFO - DAG(s) 'example_branch_operator' retrieved from /home/airflow/.local/lib/python3.12/site-packages/airflow/example_dags/example_branch_operator.py
[2024-07-05T21:08:00.605+0000] {logging_mixin.py:188} INFO - [2024-07-05T21:08:00.605+0000] {dag.py:3096} INFO - Sync 1 DAGs
[2024-07-05T21:08:00.656+0000] {logging_mixin.py:188} INFO - [2024-07-05T21:08:00.655+0000] {dag.py:3954} INFO - Setting next_dagrun for example_branch_operator to 2024-07-04 00:00:00+00:00, run_after=2024-07-05 00:00:00+00:00
[2024-07-05T21:08:00.712+0000] {processor.py:183} INFO - Processing /home/airflow/.local/lib/python3.12/site-packages/airflow/example_dags/example_branch_operator.py took 0.209 seconds
[2024-07-05T21:08:33.339+0000] {processor.py:161} INFO - Started process (PID=768) to work on /home/airflow/.local/lib/python3.12/site-packages/airflow/example_dags/example_branch_operator.py
[2024-07-05T21:08:33.341+0000] {processor.py:830} INFO - Processing file /home/airflow/.local/lib/python3.12/site-packages/airflow/example_dags/example_branch_operator.py for tasks to queue
[2024-07-05T21:08:33.348+0000] {logging_mixin.py:188} INFO - [2024-07-05T21:08:33.344+0000] {dagbag.py:545} INFO - Filling up the DagBag from /home/airflow/.local/lib/python3.12/site-packages/airflow/example_dags/example_branch_operator.py
[2024-07-05T21:08:33.407+0000] {processor.py:840} INFO - DAG(s) 'example_branch_operator' retrieved from /home/airflow/.local/lib/python3.12/site-packages/airflow/example_dags/example_branch_operator.py
[2024-07-05T21:08:33.501+0000] {logging_mixin.py:188} INFO - [2024-07-05T21:08:33.500+0000] {dag.py:3096} INFO - Sync 1 DAGs
[2024-07-05T21:08:33.624+0000] {logging_mixin.py:188} INFO - [2024-07-05T21:08:33.623+0000] {dag.py:3954} INFO - Setting next_dagrun for example_branch_operator to 2024-07-04 00:00:00+00:00, run_after=2024-07-05 00:00:00+00:00
[2024-07-05T21:08:33.736+0000] {processor.py:183} INFO - Processing /home/airflow/.local/lib/python3.12/site-packages/airflow/example_dags/example_branch_operator.py took 0.433 seconds
[2024-07-05T21:09:04.286+0000] {processor.py:161} INFO - Started process (PID=826) to work on /home/airflow/.local/lib/python3.12/site-packages/airflow/example_dags/example_branch_operator.py
[2024-07-05T21:09:04.290+0000] {processor.py:830} INFO - Processing file /home/airflow/.local/lib/python3.12/site-packages/airflow/example_dags/example_branch_operator.py for tasks to queue
[2024-07-05T21:09:04.301+0000] {logging_mixin.py:188} INFO - [2024-07-05T21:09:04.300+0000] {dagbag.py:545} INFO - Filling up the DagBag from /home/airflow/.local/lib/python3.12/site-packages/airflow/example_dags/example_branch_operator.py
[2024-07-05T21:09:04.424+0000] {processor.py:840} INFO - DAG(s) 'example_branch_operator' retrieved from /home/airflow/.local/lib/python3.12/site-packages/airflow/example_dags/example_branch_operator.py
[2024-07-05T21:09:04.588+0000] {logging_mixin.py:188} INFO - [2024-07-05T21:09:04.587+0000] {dag.py:3096} INFO - Sync 1 DAGs
[2024-07-05T21:09:04.696+0000] {logging_mixin.py:188} INFO - [2024-07-05T21:09:04.692+0000] {dag.py:3954} INFO - Setting next_dagrun for example_branch_operator to 2024-07-04 00:00:00+00:00, run_after=2024-07-05 00:00:00+00:00
[2024-07-05T21:09:04.804+0000] {processor.py:183} INFO - Processing /home/airflow/.local/lib/python3.12/site-packages/airflow/example_dags/example_branch_operator.py took 0.539 seconds
[2024-07-05T21:09:35.840+0000] {processor.py:161} INFO - Started process (PID=883) to work on /home/airflow/.local/lib/python3.12/site-packages/airflow/example_dags/example_branch_operator.py
[2024-07-05T21:09:35.847+0000] {processor.py:830} INFO - Processing file /home/airflow/.local/lib/python3.12/site-packages/airflow/example_dags/example_branch_operator.py for tasks to queue
[2024-07-05T21:09:35.853+0000] {logging_mixin.py:188} INFO - [2024-07-05T21:09:35.852+0000] {dagbag.py:545} INFO - Filling up the DagBag from /home/airflow/.local/lib/python3.12/site-packages/airflow/example_dags/example_branch_operator.py
[2024-07-05T21:09:35.901+0000] {processor.py:840} INFO - DAG(s) 'example_branch_operator' retrieved from /home/airflow/.local/lib/python3.12/site-packages/airflow/example_dags/example_branch_operator.py
[2024-07-05T21:09:35.990+0000] {logging_mixin.py:188} INFO - [2024-07-05T21:09:35.989+0000] {dag.py:3096} INFO - Sync 1 DAGs
[2024-07-05T21:09:36.045+0000] {logging_mixin.py:188} INFO - [2024-07-05T21:09:36.044+0000] {dag.py:3954} INFO - Setting next_dagrun for example_branch_operator to 2024-07-04 00:00:00+00:00, run_after=2024-07-05 00:00:00+00:00
[2024-07-05T21:09:36.093+0000] {processor.py:183} INFO - Processing /home/airflow/.local/lib/python3.12/site-packages/airflow/example_dags/example_branch_operator.py took 0.274 seconds
[2024-07-05T21:10:06.182+0000] {processor.py:161} INFO - Started process (PID=941) to work on /home/airflow/.local/lib/python3.12/site-packages/airflow/example_dags/example_branch_operator.py
[2024-07-05T21:10:06.184+0000] {processor.py:830} INFO - Processing file /home/airflow/.local/lib/python3.12/site-packages/airflow/example_dags/example_branch_operator.py for tasks to queue
[2024-07-05T21:10:06.187+0000] {logging_mixin.py:188} INFO - [2024-07-05T21:10:06.187+0000] {dagbag.py:545} INFO - Filling up the DagBag from /home/airflow/.local/lib/python3.12/site-packages/airflow/example_dags/example_branch_operator.py
[2024-07-05T21:10:06.215+0000] {processor.py:840} INFO - DAG(s) 'example_branch_operator' retrieved from /home/airflow/.local/lib/python3.12/site-packages/airflow/example_dags/example_branch_operator.py
[2024-07-05T21:10:06.268+0000] {logging_mixin.py:188} INFO - [2024-07-05T21:10:06.267+0000] {dag.py:3096} INFO - Sync 1 DAGs
[2024-07-05T21:10:06.308+0000] {logging_mixin.py:188} INFO - [2024-07-05T21:10:06.308+0000] {dag.py:3954} INFO - Setting next_dagrun for example_branch_operator to 2024-07-04 00:00:00+00:00, run_after=2024-07-05 00:00:00+00:00
[2024-07-05T21:10:06.338+0000] {processor.py:183} INFO - Processing /home/airflow/.local/lib/python3.12/site-packages/airflow/example_dags/example_branch_operator.py took 0.166 seconds
[2024-07-05T21:10:36.471+0000] {processor.py:161} INFO - Started process (PID=999) to work on /home/airflow/.local/lib/python3.12/site-packages/airflow/example_dags/example_branch_operator.py
[2024-07-05T21:10:36.473+0000] {processor.py:830} INFO - Processing file /home/airflow/.local/lib/python3.12/site-packages/airflow/example_dags/example_branch_operator.py for tasks to queue
[2024-07-05T21:10:36.476+0000] {logging_mixin.py:188} INFO - [2024-07-05T21:10:36.475+0000] {dagbag.py:545} INFO - Filling up the DagBag from /home/airflow/.local/lib/python3.12/site-packages/airflow/example_dags/example_branch_operator.py
[2024-07-05T21:10:36.506+0000] {processor.py:840} INFO - DAG(s) 'example_branch_operator' retrieved from /home/airflow/.local/lib/python3.12/site-packages/airflow/example_dags/example_branch_operator.py
[2024-07-05T21:10:36.558+0000] {logging_mixin.py:188} INFO - [2024-07-05T21:10:36.557+0000] {dag.py:3096} INFO - Sync 1 DAGs
[2024-07-05T21:10:36.614+0000] {logging_mixin.py:188} INFO - [2024-07-05T21:10:36.614+0000] {dag.py:3954} INFO - Setting next_dagrun for example_branch_operator to 2024-07-04 00:00:00+00:00, run_after=2024-07-05 00:00:00+00:00
[2024-07-05T21:10:36.652+0000] {processor.py:183} INFO - Processing /home/airflow/.local/lib/python3.12/site-packages/airflow/example_dags/example_branch_operator.py took 0.191 seconds
[2024-07-05T21:11:06.719+0000] {processor.py:161} INFO - Started process (PID=1055) to work on /home/airflow/.local/lib/python3.12/site-packages/airflow/example_dags/example_branch_operator.py
[2024-07-05T21:11:06.721+0000] {processor.py:830} INFO - Processing file /home/airflow/.local/lib/python3.12/site-packages/airflow/example_dags/example_branch_operator.py for tasks to queue
[2024-07-05T21:11:06.726+0000] {logging_mixin.py:188} INFO - [2024-07-05T21:11:06.725+0000] {dagbag.py:545} INFO - Filling up the DagBag from /home/airflow/.local/lib/python3.12/site-packages/airflow/example_dags/example_branch_operator.py
[2024-07-05T21:11:06.760+0000] {processor.py:840} INFO - DAG(s) 'example_branch_operator' retrieved from /home/airflow/.local/lib/python3.12/site-packages/airflow/example_dags/example_branch_operator.py
[2024-07-05T21:11:06.814+0000] {logging_mixin.py:188} INFO - [2024-07-05T21:11:06.814+0000] {dag.py:3096} INFO - Sync 1 DAGs
[2024-07-05T21:11:06.856+0000] {logging_mixin.py:188} INFO - [2024-07-05T21:11:06.856+0000] {dag.py:3954} INFO - Setting next_dagrun for example_branch_operator to 2024-07-04 00:00:00+00:00, run_after=2024-07-05 00:00:00+00:00
[2024-07-05T21:11:06.892+0000] {processor.py:183} INFO - Processing /home/airflow/.local/lib/python3.12/site-packages/airflow/example_dags/example_branch_operator.py took 0.183 seconds
[2024-07-05T21:11:37.240+0000] {processor.py:161} INFO - Started process (PID=1113) to work on /home/airflow/.local/lib/python3.12/site-packages/airflow/example_dags/example_branch_operator.py
[2024-07-05T21:11:37.242+0000] {processor.py:830} INFO - Processing file /home/airflow/.local/lib/python3.12/site-packages/airflow/example_dags/example_branch_operator.py for tasks to queue
[2024-07-05T21:11:37.246+0000] {logging_mixin.py:188} INFO - [2024-07-05T21:11:37.245+0000] {dagbag.py:545} INFO - Filling up the DagBag from /home/airflow/.local/lib/python3.12/site-packages/airflow/example_dags/example_branch_operator.py
[2024-07-05T21:11:37.273+0000] {processor.py:840} INFO - DAG(s) 'example_branch_operator' retrieved from /home/airflow/.local/lib/python3.12/site-packages/airflow/example_dags/example_branch_operator.py
[2024-07-05T21:11:37.321+0000] {logging_mixin.py:188} INFO - [2024-07-05T21:11:37.321+0000] {dag.py:3096} INFO - Sync 1 DAGs
[2024-07-05T21:11:37.358+0000] {logging_mixin.py:188} INFO - [2024-07-05T21:11:37.358+0000] {dag.py:3954} INFO - Setting next_dagrun for example_branch_operator to 2024-07-04 00:00:00+00:00, run_after=2024-07-05 00:00:00+00:00
[2024-07-05T21:11:37.391+0000] {processor.py:183} INFO - Processing /home/airflow/.local/lib/python3.12/site-packages/airflow/example_dags/example_branch_operator.py took 0.160 seconds
[2024-07-05T21:12:07.855+0000] {processor.py:161} INFO - Started process (PID=1171) to work on /home/airflow/.local/lib/python3.12/site-packages/airflow/example_dags/example_branch_operator.py
[2024-07-05T21:12:07.857+0000] {processor.py:830} INFO - Processing file /home/airflow/.local/lib/python3.12/site-packages/airflow/example_dags/example_branch_operator.py for tasks to queue
[2024-07-05T21:12:07.860+0000] {logging_mixin.py:188} INFO - [2024-07-05T21:12:07.859+0000] {dagbag.py:545} INFO - Filling up the DagBag from /home/airflow/.local/lib/python3.12/site-packages/airflow/example_dags/example_branch_operator.py
[2024-07-05T21:12:07.899+0000] {processor.py:840} INFO - DAG(s) 'example_branch_operator' retrieved from /home/airflow/.local/lib/python3.12/site-packages/airflow/example_dags/example_branch_operator.py
[2024-07-05T21:12:07.970+0000] {logging_mixin.py:188} INFO - [2024-07-05T21:12:07.969+0000] {dag.py:3096} INFO - Sync 1 DAGs
[2024-07-05T21:12:08.015+0000] {logging_mixin.py:188} INFO - [2024-07-05T21:12:08.015+0000] {dag.py:3954} INFO - Setting next_dagrun for example_branch_operator to 2024-07-04 00:00:00+00:00, run_after=2024-07-05 00:00:00+00:00
[2024-07-05T21:12:08.051+0000] {processor.py:183} INFO - Processing /home/airflow/.local/lib/python3.12/site-packages/airflow/example_dags/example_branch_operator.py took 0.208 seconds
[2024-07-05T21:12:38.442+0000] {processor.py:161} INFO - Started process (PID=1229) to work on /home/airflow/.local/lib/python3.12/site-packages/airflow/example_dags/example_branch_operator.py
[2024-07-05T21:12:38.444+0000] {processor.py:830} INFO - Processing file /home/airflow/.local/lib/python3.12/site-packages/airflow/example_dags/example_branch_operator.py for tasks to queue
[2024-07-05T21:12:38.449+0000] {logging_mixin.py:188} INFO - [2024-07-05T21:12:38.449+0000] {dagbag.py:545} INFO - Filling up the DagBag from /home/airflow/.local/lib/python3.12/site-packages/airflow/example_dags/example_branch_operator.py
[2024-07-05T21:12:38.486+0000] {processor.py:840} INFO - DAG(s) 'example_branch_operator' retrieved from /home/airflow/.local/lib/python3.12/site-packages/airflow/example_dags/example_branch_operator.py
[2024-07-05T21:12:38.545+0000] {logging_mixin.py:188} INFO - [2024-07-05T21:12:38.545+0000] {dag.py:3096} INFO - Sync 1 DAGs
[2024-07-05T21:12:38.600+0000] {logging_mixin.py:188} INFO - [2024-07-05T21:12:38.599+0000] {dag.py:3954} INFO - Setting next_dagrun for example_branch_operator to 2024-07-04 00:00:00+00:00, run_after=2024-07-05 00:00:00+00:00
[2024-07-05T21:12:38.645+0000] {processor.py:183} INFO - Processing /home/airflow/.local/lib/python3.12/site-packages/airflow/example_dags/example_branch_operator.py took 0.216 seconds
[2024-07-05T21:13:09.194+0000] {processor.py:161} INFO - Started process (PID=1287) to work on /home/airflow/.local/lib/python3.12/site-packages/airflow/example_dags/example_branch_operator.py
[2024-07-05T21:13:09.196+0000] {processor.py:830} INFO - Processing file /home/airflow/.local/lib/python3.12/site-packages/airflow/example_dags/example_branch_operator.py for tasks to queue
[2024-07-05T21:13:09.201+0000] {logging_mixin.py:188} INFO - [2024-07-05T21:13:09.199+0000] {dagbag.py:545} INFO - Filling up the DagBag from /home/airflow/.local/lib/python3.12/site-packages/airflow/example_dags/example_branch_operator.py
[2024-07-05T21:13:09.373+0000] {processor.py:840} INFO - DAG(s) 'example_branch_operator' retrieved from /home/airflow/.local/lib/python3.12/site-packages/airflow/example_dags/example_branch_operator.py
[2024-07-05T21:13:09.889+0000] {logging_mixin.py:188} INFO - [2024-07-05T21:13:09.889+0000] {dag.py:3096} INFO - Sync 1 DAGs
[2024-07-05T21:13:10.094+0000] {logging_mixin.py:188} INFO - [2024-07-05T21:13:10.094+0000] {dag.py:3954} INFO - Setting next_dagrun for example_branch_operator to 2024-07-04 00:00:00+00:00, run_after=2024-07-05 00:00:00+00:00
[2024-07-05T21:13:10.508+0000] {processor.py:183} INFO - Processing /home/airflow/.local/lib/python3.12/site-packages/airflow/example_dags/example_branch_operator.py took 1.368 seconds
[2024-07-05T21:13:41.106+0000] {processor.py:161} INFO - Started process (PID=1344) to work on /home/airflow/.local/lib/python3.12/site-packages/airflow/example_dags/example_branch_operator.py
[2024-07-05T21:13:41.109+0000] {processor.py:830} INFO - Processing file /home/airflow/.local/lib/python3.12/site-packages/airflow/example_dags/example_branch_operator.py for tasks to queue
[2024-07-05T21:13:41.163+0000] {logging_mixin.py:188} INFO - [2024-07-05T21:13:41.162+0000] {dagbag.py:545} INFO - Filling up the DagBag from /home/airflow/.local/lib/python3.12/site-packages/airflow/example_dags/example_branch_operator.py
[2024-07-05T21:13:41.192+0000] {processor.py:840} INFO - DAG(s) 'example_branch_operator' retrieved from /home/airflow/.local/lib/python3.12/site-packages/airflow/example_dags/example_branch_operator.py
[2024-07-05T21:13:41.296+0000] {logging_mixin.py:188} INFO - [2024-07-05T21:13:41.294+0000] {dag.py:3096} INFO - Sync 1 DAGs
[2024-07-05T21:13:41.398+0000] {logging_mixin.py:188} INFO - [2024-07-05T21:13:41.398+0000] {dag.py:3954} INFO - Setting next_dagrun for example_branch_operator to 2024-07-04 00:00:00+00:00, run_after=2024-07-05 00:00:00+00:00
[2024-07-05T21:13:41.440+0000] {processor.py:183} INFO - Processing /home/airflow/.local/lib/python3.12/site-packages/airflow/example_dags/example_branch_operator.py took 0.347 seconds
[2024-07-05T21:14:12.098+0000] {processor.py:161} INFO - Started process (PID=1403) to work on /home/airflow/.local/lib/python3.12/site-packages/airflow/example_dags/example_branch_operator.py
[2024-07-05T21:14:12.105+0000] {processor.py:830} INFO - Processing file /home/airflow/.local/lib/python3.12/site-packages/airflow/example_dags/example_branch_operator.py for tasks to queue
[2024-07-05T21:14:12.108+0000] {logging_mixin.py:188} INFO - [2024-07-05T21:14:12.107+0000] {dagbag.py:545} INFO - Filling up the DagBag from /home/airflow/.local/lib/python3.12/site-packages/airflow/example_dags/example_branch_operator.py
[2024-07-05T21:14:12.138+0000] {processor.py:840} INFO - DAG(s) 'example_branch_operator' retrieved from /home/airflow/.local/lib/python3.12/site-packages/airflow/example_dags/example_branch_operator.py
[2024-07-05T21:14:12.188+0000] {logging_mixin.py:188} INFO - [2024-07-05T21:14:12.187+0000] {dag.py:3096} INFO - Sync 1 DAGs
[2024-07-05T21:14:12.229+0000] {logging_mixin.py:188} INFO - [2024-07-05T21:14:12.228+0000] {dag.py:3954} INFO - Setting next_dagrun for example_branch_operator to 2024-07-04 00:00:00+00:00, run_after=2024-07-05 00:00:00+00:00
[2024-07-05T21:14:12.267+0000] {processor.py:183} INFO - Processing /home/airflow/.local/lib/python3.12/site-packages/airflow/example_dags/example_branch_operator.py took 0.177 seconds
[2024-07-05T21:14:42.899+0000] {processor.py:161} INFO - Started process (PID=1461) to work on /home/airflow/.local/lib/python3.12/site-packages/airflow/example_dags/example_branch_operator.py
[2024-07-05T21:14:42.901+0000] {processor.py:830} INFO - Processing file /home/airflow/.local/lib/python3.12/site-packages/airflow/example_dags/example_branch_operator.py for tasks to queue
[2024-07-05T21:14:42.904+0000] {logging_mixin.py:188} INFO - [2024-07-05T21:14:42.904+0000] {dagbag.py:545} INFO - Filling up the DagBag from /home/airflow/.local/lib/python3.12/site-packages/airflow/example_dags/example_branch_operator.py
[2024-07-05T21:14:42.934+0000] {processor.py:840} INFO - DAG(s) 'example_branch_operator' retrieved from /home/airflow/.local/lib/python3.12/site-packages/airflow/example_dags/example_branch_operator.py
[2024-07-05T21:14:42.984+0000] {logging_mixin.py:188} INFO - [2024-07-05T21:14:42.983+0000] {dag.py:3096} INFO - Sync 1 DAGs
[2024-07-05T21:14:43.023+0000] {logging_mixin.py:188} INFO - [2024-07-05T21:14:43.023+0000] {dag.py:3954} INFO - Setting next_dagrun for example_branch_operator to 2024-07-04 00:00:00+00:00, run_after=2024-07-05 00:00:00+00:00
[2024-07-05T21:14:43.058+0000] {processor.py:183} INFO - Processing /home/airflow/.local/lib/python3.12/site-packages/airflow/example_dags/example_branch_operator.py took 0.169 seconds
[2024-07-05T21:15:13.424+0000] {processor.py:161} INFO - Started process (PID=1519) to work on /home/airflow/.local/lib/python3.12/site-packages/airflow/example_dags/example_branch_operator.py
[2024-07-05T21:15:13.428+0000] {processor.py:830} INFO - Processing file /home/airflow/.local/lib/python3.12/site-packages/airflow/example_dags/example_branch_operator.py for tasks to queue
[2024-07-05T21:15:13.432+0000] {logging_mixin.py:188} INFO - [2024-07-05T21:15:13.431+0000] {dagbag.py:545} INFO - Filling up the DagBag from /home/airflow/.local/lib/python3.12/site-packages/airflow/example_dags/example_branch_operator.py
[2024-07-05T21:15:13.470+0000] {processor.py:840} INFO - DAG(s) 'example_branch_operator' retrieved from /home/airflow/.local/lib/python3.12/site-packages/airflow/example_dags/example_branch_operator.py
[2024-07-05T21:15:13.521+0000] {logging_mixin.py:188} INFO - [2024-07-05T21:15:13.521+0000] {dag.py:3096} INFO - Sync 1 DAGs
[2024-07-05T21:15:13.560+0000] {logging_mixin.py:188} INFO - [2024-07-05T21:15:13.560+0000] {dag.py:3954} INFO - Setting next_dagrun for example_branch_operator to 2024-07-04 00:00:00+00:00, run_after=2024-07-05 00:00:00+00:00
[2024-07-05T21:15:13.595+0000] {processor.py:183} INFO - Processing /home/airflow/.local/lib/python3.12/site-packages/airflow/example_dags/example_branch_operator.py took 0.179 seconds
[2024-07-05T21:15:43.669+0000] {processor.py:161} INFO - Started process (PID=1576) to work on /home/airflow/.local/lib/python3.12/site-packages/airflow/example_dags/example_branch_operator.py
[2024-07-05T21:15:43.670+0000] {processor.py:830} INFO - Processing file /home/airflow/.local/lib/python3.12/site-packages/airflow/example_dags/example_branch_operator.py for tasks to queue
[2024-07-05T21:15:43.674+0000] {logging_mixin.py:188} INFO - [2024-07-05T21:15:43.673+0000] {dagbag.py:545} INFO - Filling up the DagBag from /home/airflow/.local/lib/python3.12/site-packages/airflow/example_dags/example_branch_operator.py
[2024-07-05T21:15:43.720+0000] {processor.py:840} INFO - DAG(s) 'example_branch_operator' retrieved from /home/airflow/.local/lib/python3.12/site-packages/airflow/example_dags/example_branch_operator.py
[2024-07-05T21:15:43.782+0000] {logging_mixin.py:188} INFO - [2024-07-05T21:15:43.782+0000] {dag.py:3096} INFO - Sync 1 DAGs
[2024-07-05T21:15:43.840+0000] {logging_mixin.py:188} INFO - [2024-07-05T21:15:43.840+0000] {dag.py:3954} INFO - Setting next_dagrun for example_branch_operator to 2024-07-04 00:00:00+00:00, run_after=2024-07-05 00:00:00+00:00
[2024-07-05T21:15:43.881+0000] {processor.py:183} INFO - Processing /home/airflow/.local/lib/python3.12/site-packages/airflow/example_dags/example_branch_operator.py took 0.224 seconds
[2024-07-05T21:16:14.111+0000] {processor.py:161} INFO - Started process (PID=1634) to work on /home/airflow/.local/lib/python3.12/site-packages/airflow/example_dags/example_branch_operator.py
[2024-07-05T21:16:14.114+0000] {processor.py:830} INFO - Processing file /home/airflow/.local/lib/python3.12/site-packages/airflow/example_dags/example_branch_operator.py for tasks to queue
[2024-07-05T21:16:14.118+0000] {logging_mixin.py:188} INFO - [2024-07-05T21:16:14.118+0000] {dagbag.py:545} INFO - Filling up the DagBag from /home/airflow/.local/lib/python3.12/site-packages/airflow/example_dags/example_branch_operator.py
[2024-07-05T21:16:14.157+0000] {processor.py:840} INFO - DAG(s) 'example_branch_operator' retrieved from /home/airflow/.local/lib/python3.12/site-packages/airflow/example_dags/example_branch_operator.py
[2024-07-05T21:16:14.246+0000] {logging_mixin.py:188} INFO - [2024-07-05T21:16:14.246+0000] {dag.py:3096} INFO - Sync 1 DAGs
[2024-07-05T21:16:14.312+0000] {logging_mixin.py:188} INFO - [2024-07-05T21:16:14.312+0000] {dag.py:3954} INFO - Setting next_dagrun for example_branch_operator to 2024-07-04 00:00:00+00:00, run_after=2024-07-05 00:00:00+00:00
[2024-07-05T21:16:14.361+0000] {processor.py:183} INFO - Processing /home/airflow/.local/lib/python3.12/site-packages/airflow/example_dags/example_branch_operator.py took 0.262 seconds
[2024-07-05T21:16:44.473+0000] {processor.py:161} INFO - Started process (PID=1692) to work on /home/airflow/.local/lib/python3.12/site-packages/airflow/example_dags/example_branch_operator.py
[2024-07-05T21:16:44.475+0000] {processor.py:830} INFO - Processing file /home/airflow/.local/lib/python3.12/site-packages/airflow/example_dags/example_branch_operator.py for tasks to queue
[2024-07-05T21:16:44.478+0000] {logging_mixin.py:188} INFO - [2024-07-05T21:16:44.477+0000] {dagbag.py:545} INFO - Filling up the DagBag from /home/airflow/.local/lib/python3.12/site-packages/airflow/example_dags/example_branch_operator.py
[2024-07-05T21:16:44.507+0000] {processor.py:840} INFO - DAG(s) 'example_branch_operator' retrieved from /home/airflow/.local/lib/python3.12/site-packages/airflow/example_dags/example_branch_operator.py
[2024-07-05T21:16:44.558+0000] {logging_mixin.py:188} INFO - [2024-07-05T21:16:44.557+0000] {dag.py:3096} INFO - Sync 1 DAGs
[2024-07-05T21:16:44.609+0000] {logging_mixin.py:188} INFO - [2024-07-05T21:16:44.608+0000] {dag.py:3954} INFO - Setting next_dagrun for example_branch_operator to 2024-07-04 00:00:00+00:00, run_after=2024-07-05 00:00:00+00:00
[2024-07-05T21:16:44.642+0000] {processor.py:183} INFO - Processing /home/airflow/.local/lib/python3.12/site-packages/airflow/example_dags/example_branch_operator.py took 0.179 seconds
[2024-07-05T21:17:15.075+0000] {processor.py:161} INFO - Started process (PID=1751) to work on /home/airflow/.local/lib/python3.12/site-packages/airflow/example_dags/example_branch_operator.py
[2024-07-05T21:17:15.077+0000] {processor.py:830} INFO - Processing file /home/airflow/.local/lib/python3.12/site-packages/airflow/example_dags/example_branch_operator.py for tasks to queue
[2024-07-05T21:17:15.080+0000] {logging_mixin.py:188} INFO - [2024-07-05T21:17:15.079+0000] {dagbag.py:545} INFO - Filling up the DagBag from /home/airflow/.local/lib/python3.12/site-packages/airflow/example_dags/example_branch_operator.py
[2024-07-05T21:17:15.113+0000] {processor.py:840} INFO - DAG(s) 'example_branch_operator' retrieved from /home/airflow/.local/lib/python3.12/site-packages/airflow/example_dags/example_branch_operator.py
[2024-07-05T21:17:15.164+0000] {logging_mixin.py:188} INFO - [2024-07-05T21:17:15.164+0000] {dag.py:3096} INFO - Sync 1 DAGs
[2024-07-05T21:17:15.210+0000] {logging_mixin.py:188} INFO - [2024-07-05T21:17:15.210+0000] {dag.py:3954} INFO - Setting next_dagrun for example_branch_operator to 2024-07-04 00:00:00+00:00, run_after=2024-07-05 00:00:00+00:00
[2024-07-05T21:17:15.244+0000] {processor.py:183} INFO - Processing /home/airflow/.local/lib/python3.12/site-packages/airflow/example_dags/example_branch_operator.py took 0.179 seconds
[2024-07-05T21:17:45.685+0000] {processor.py:161} INFO - Started process (PID=1810) to work on /home/airflow/.local/lib/python3.12/site-packages/airflow/example_dags/example_branch_operator.py
[2024-07-05T21:17:45.687+0000] {processor.py:830} INFO - Processing file /home/airflow/.local/lib/python3.12/site-packages/airflow/example_dags/example_branch_operator.py for tasks to queue
[2024-07-05T21:17:45.690+0000] {logging_mixin.py:188} INFO - [2024-07-05T21:17:45.690+0000] {dagbag.py:545} INFO - Filling up the DagBag from /home/airflow/.local/lib/python3.12/site-packages/airflow/example_dags/example_branch_operator.py
[2024-07-05T21:17:45.720+0000] {processor.py:840} INFO - DAG(s) 'example_branch_operator' retrieved from /home/airflow/.local/lib/python3.12/site-packages/airflow/example_dags/example_branch_operator.py
[2024-07-05T21:17:45.787+0000] {logging_mixin.py:188} INFO - [2024-07-05T21:17:45.786+0000] {dag.py:3096} INFO - Sync 1 DAGs
[2024-07-05T21:17:45.841+0000] {logging_mixin.py:188} INFO - [2024-07-05T21:17:45.840+0000] {dag.py:3954} INFO - Setting next_dagrun for example_branch_operator to 2024-07-04 00:00:00+00:00, run_after=2024-07-05 00:00:00+00:00
[2024-07-05T21:17:45.873+0000] {processor.py:183} INFO - Processing /home/airflow/.local/lib/python3.12/site-packages/airflow/example_dags/example_branch_operator.py took 0.198 seconds
[2024-07-05T21:18:15.931+0000] {processor.py:161} INFO - Started process (PID=1869) to work on /home/airflow/.local/lib/python3.12/site-packages/airflow/example_dags/example_branch_operator.py
[2024-07-05T21:18:15.933+0000] {processor.py:830} INFO - Processing file /home/airflow/.local/lib/python3.12/site-packages/airflow/example_dags/example_branch_operator.py for tasks to queue
[2024-07-05T21:18:15.936+0000] {logging_mixin.py:188} INFO - [2024-07-05T21:18:15.935+0000] {dagbag.py:545} INFO - Filling up the DagBag from /home/airflow/.local/lib/python3.12/site-packages/airflow/example_dags/example_branch_operator.py
[2024-07-05T21:18:16.148+0000] {processor.py:840} INFO - DAG(s) 'example_branch_operator' retrieved from /home/airflow/.local/lib/python3.12/site-packages/airflow/example_dags/example_branch_operator.py
[2024-07-05T21:18:16.190+0000] {logging_mixin.py:188} INFO - [2024-07-05T21:18:16.189+0000] {dag.py:3096} INFO - Sync 1 DAGs
[2024-07-05T21:18:16.223+0000] {logging_mixin.py:188} INFO - [2024-07-05T21:18:16.223+0000] {dag.py:3954} INFO - Setting next_dagrun for example_branch_operator to 2024-07-04 00:00:00+00:00, run_after=2024-07-05 00:00:00+00:00
[2024-07-05T21:18:16.253+0000] {processor.py:183} INFO - Processing /home/airflow/.local/lib/python3.12/site-packages/airflow/example_dags/example_branch_operator.py took 0.332 seconds
[2024-07-05T21:18:46.483+0000] {processor.py:161} INFO - Started process (PID=1928) to work on /home/airflow/.local/lib/python3.12/site-packages/airflow/example_dags/example_branch_operator.py
[2024-07-05T21:18:46.485+0000] {processor.py:830} INFO - Processing file /home/airflow/.local/lib/python3.12/site-packages/airflow/example_dags/example_branch_operator.py for tasks to queue
[2024-07-05T21:18:46.488+0000] {logging_mixin.py:188} INFO - [2024-07-05T21:18:46.488+0000] {dagbag.py:545} INFO - Filling up the DagBag from /home/airflow/.local/lib/python3.12/site-packages/airflow/example_dags/example_branch_operator.py
[2024-07-05T21:18:46.523+0000] {processor.py:840} INFO - DAG(s) 'example_branch_operator' retrieved from /home/airflow/.local/lib/python3.12/site-packages/airflow/example_dags/example_branch_operator.py
[2024-07-05T21:18:46.585+0000] {logging_mixin.py:188} INFO - [2024-07-05T21:18:46.585+0000] {dag.py:3096} INFO - Sync 1 DAGs
[2024-07-05T21:18:46.635+0000] {logging_mixin.py:188} INFO - [2024-07-05T21:18:46.634+0000] {dag.py:3954} INFO - Setting next_dagrun for example_branch_operator to 2024-07-04 00:00:00+00:00, run_after=2024-07-05 00:00:00+00:00
[2024-07-05T21:18:46.668+0000] {processor.py:183} INFO - Processing /home/airflow/.local/lib/python3.12/site-packages/airflow/example_dags/example_branch_operator.py took 0.195 seconds
[2024-07-05T21:19:17.146+0000] {processor.py:161} INFO - Started process (PID=1987) to work on /home/airflow/.local/lib/python3.12/site-packages/airflow/example_dags/example_branch_operator.py
[2024-07-05T21:19:17.148+0000] {processor.py:830} INFO - Processing file /home/airflow/.local/lib/python3.12/site-packages/airflow/example_dags/example_branch_operator.py for tasks to queue
[2024-07-05T21:19:17.153+0000] {logging_mixin.py:188} INFO - [2024-07-05T21:19:17.152+0000] {dagbag.py:545} INFO - Filling up the DagBag from /home/airflow/.local/lib/python3.12/site-packages/airflow/example_dags/example_branch_operator.py
[2024-07-05T21:19:17.189+0000] {processor.py:840} INFO - DAG(s) 'example_branch_operator' retrieved from /home/airflow/.local/lib/python3.12/site-packages/airflow/example_dags/example_branch_operator.py
[2024-07-05T21:19:17.250+0000] {logging_mixin.py:188} INFO - [2024-07-05T21:19:17.250+0000] {dag.py:3096} INFO - Sync 1 DAGs
[2024-07-05T21:19:17.299+0000] {logging_mixin.py:188} INFO - [2024-07-05T21:19:17.298+0000] {dag.py:3954} INFO - Setting next_dagrun for example_branch_operator to 2024-07-04 00:00:00+00:00, run_after=2024-07-05 00:00:00+00:00
[2024-07-05T21:19:17.339+0000] {processor.py:183} INFO - Processing /home/airflow/.local/lib/python3.12/site-packages/airflow/example_dags/example_branch_operator.py took 0.206 seconds
[2024-07-05T21:19:47.735+0000] {processor.py:161} INFO - Started process (PID=2045) to work on /home/airflow/.local/lib/python3.12/site-packages/airflow/example_dags/example_branch_operator.py
[2024-07-05T21:19:47.743+0000] {processor.py:830} INFO - Processing file /home/airflow/.local/lib/python3.12/site-packages/airflow/example_dags/example_branch_operator.py for tasks to queue
[2024-07-05T21:19:47.746+0000] {logging_mixin.py:188} INFO - [2024-07-05T21:19:47.746+0000] {dagbag.py:545} INFO - Filling up the DagBag from /home/airflow/.local/lib/python3.12/site-packages/airflow/example_dags/example_branch_operator.py
[2024-07-05T21:19:47.845+0000] {processor.py:840} INFO - DAG(s) 'example_branch_operator' retrieved from /home/airflow/.local/lib/python3.12/site-packages/airflow/example_dags/example_branch_operator.py
[2024-07-05T21:19:48.069+0000] {logging_mixin.py:188} INFO - [2024-07-05T21:19:48.069+0000] {dag.py:3096} INFO - Sync 1 DAGs
[2024-07-05T21:19:48.393+0000] {logging_mixin.py:188} INFO - [2024-07-05T21:19:48.392+0000] {dag.py:3954} INFO - Setting next_dagrun for example_branch_operator to 2024-07-04 00:00:00+00:00, run_after=2024-07-05 00:00:00+00:00
[2024-07-05T21:19:48.521+0000] {processor.py:183} INFO - Processing /home/airflow/.local/lib/python3.12/site-packages/airflow/example_dags/example_branch_operator.py took 0.822 seconds
[2024-07-05T21:20:18.918+0000] {processor.py:161} INFO - Started process (PID=2105) to work on /home/airflow/.local/lib/python3.12/site-packages/airflow/example_dags/example_branch_operator.py
[2024-07-05T21:20:18.919+0000] {processor.py:830} INFO - Processing file /home/airflow/.local/lib/python3.12/site-packages/airflow/example_dags/example_branch_operator.py for tasks to queue
[2024-07-05T21:20:18.922+0000] {logging_mixin.py:188} INFO - [2024-07-05T21:20:18.922+0000] {dagbag.py:545} INFO - Filling up the DagBag from /home/airflow/.local/lib/python3.12/site-packages/airflow/example_dags/example_branch_operator.py
[2024-07-05T21:20:18.950+0000] {processor.py:840} INFO - DAG(s) 'example_branch_operator' retrieved from /home/airflow/.local/lib/python3.12/site-packages/airflow/example_dags/example_branch_operator.py
[2024-07-05T21:20:19.038+0000] {logging_mixin.py:188} INFO - [2024-07-05T21:20:19.037+0000] {dag.py:3096} INFO - Sync 1 DAGs
[2024-07-05T21:20:19.178+0000] {logging_mixin.py:188} INFO - [2024-07-05T21:20:19.178+0000] {dag.py:3954} INFO - Setting next_dagrun for example_branch_operator to 2024-07-04 00:00:00+00:00, run_after=2024-07-05 00:00:00+00:00
[2024-07-05T21:20:19.212+0000] {processor.py:183} INFO - Processing /home/airflow/.local/lib/python3.12/site-packages/airflow/example_dags/example_branch_operator.py took 0.305 seconds
[2024-07-05T21:20:50.052+0000] {processor.py:161} INFO - Started process (PID=2164) to work on /home/airflow/.local/lib/python3.12/site-packages/airflow/example_dags/example_branch_operator.py
[2024-07-05T21:20:50.054+0000] {processor.py:830} INFO - Processing file /home/airflow/.local/lib/python3.12/site-packages/airflow/example_dags/example_branch_operator.py for tasks to queue
[2024-07-05T21:20:50.070+0000] {logging_mixin.py:188} INFO - [2024-07-05T21:20:50.069+0000] {dagbag.py:545} INFO - Filling up the DagBag from /home/airflow/.local/lib/python3.12/site-packages/airflow/example_dags/example_branch_operator.py
[2024-07-05T21:20:50.203+0000] {processor.py:840} INFO - DAG(s) 'example_branch_operator' retrieved from /home/airflow/.local/lib/python3.12/site-packages/airflow/example_dags/example_branch_operator.py
[2024-07-05T21:20:50.251+0000] {logging_mixin.py:188} INFO - [2024-07-05T21:20:50.250+0000] {dag.py:3096} INFO - Sync 1 DAGs
[2024-07-05T21:20:50.294+0000] {logging_mixin.py:188} INFO - [2024-07-05T21:20:50.293+0000] {dag.py:3954} INFO - Setting next_dagrun for example_branch_operator to 2024-07-04 00:00:00+00:00, run_after=2024-07-05 00:00:00+00:00
[2024-07-05T21:20:50.327+0000] {processor.py:183} INFO - Processing /home/airflow/.local/lib/python3.12/site-packages/airflow/example_dags/example_branch_operator.py took 0.289 seconds
[2024-07-05T21:21:20.708+0000] {processor.py:161} INFO - Started process (PID=2223) to work on /home/airflow/.local/lib/python3.12/site-packages/airflow/example_dags/example_branch_operator.py
[2024-07-05T21:21:20.710+0000] {processor.py:830} INFO - Processing file /home/airflow/.local/lib/python3.12/site-packages/airflow/example_dags/example_branch_operator.py for tasks to queue
[2024-07-05T21:21:20.714+0000] {logging_mixin.py:188} INFO - [2024-07-05T21:21:20.713+0000] {dagbag.py:545} INFO - Filling up the DagBag from /home/airflow/.local/lib/python3.12/site-packages/airflow/example_dags/example_branch_operator.py
[2024-07-05T21:21:20.741+0000] {processor.py:840} INFO - DAG(s) 'example_branch_operator' retrieved from /home/airflow/.local/lib/python3.12/site-packages/airflow/example_dags/example_branch_operator.py
[2024-07-05T21:21:20.790+0000] {logging_mixin.py:188} INFO - [2024-07-05T21:21:20.789+0000] {dag.py:3096} INFO - Sync 1 DAGs
[2024-07-05T21:21:20.836+0000] {logging_mixin.py:188} INFO - [2024-07-05T21:21:20.835+0000] {dag.py:3954} INFO - Setting next_dagrun for example_branch_operator to 2024-07-04 00:00:00+00:00, run_after=2024-07-05 00:00:00+00:00
[2024-07-05T21:21:20.883+0000] {processor.py:183} INFO - Processing /home/airflow/.local/lib/python3.12/site-packages/airflow/example_dags/example_branch_operator.py took 0.186 seconds
[2024-07-05T21:21:51.157+0000] {processor.py:161} INFO - Started process (PID=2282) to work on /home/airflow/.local/lib/python3.12/site-packages/airflow/example_dags/example_branch_operator.py
[2024-07-05T21:21:51.159+0000] {processor.py:830} INFO - Processing file /home/airflow/.local/lib/python3.12/site-packages/airflow/example_dags/example_branch_operator.py for tasks to queue
[2024-07-05T21:21:51.162+0000] {logging_mixin.py:188} INFO - [2024-07-05T21:21:51.162+0000] {dagbag.py:545} INFO - Filling up the DagBag from /home/airflow/.local/lib/python3.12/site-packages/airflow/example_dags/example_branch_operator.py
[2024-07-05T21:21:51.199+0000] {processor.py:840} INFO - DAG(s) 'example_branch_operator' retrieved from /home/airflow/.local/lib/python3.12/site-packages/airflow/example_dags/example_branch_operator.py
[2024-07-05T21:21:51.262+0000] {logging_mixin.py:188} INFO - [2024-07-05T21:21:51.261+0000] {dag.py:3096} INFO - Sync 1 DAGs
[2024-07-05T21:21:51.300+0000] {logging_mixin.py:188} INFO - [2024-07-05T21:21:51.299+0000] {dag.py:3954} INFO - Setting next_dagrun for example_branch_operator to 2024-07-04 00:00:00+00:00, run_after=2024-07-05 00:00:00+00:00
[2024-07-05T21:21:51.340+0000] {processor.py:183} INFO - Processing /home/airflow/.local/lib/python3.12/site-packages/airflow/example_dags/example_branch_operator.py took 0.196 seconds
[2024-07-05T21:22:21.709+0000] {processor.py:161} INFO - Started process (PID=2340) to work on /home/airflow/.local/lib/python3.12/site-packages/airflow/example_dags/example_branch_operator.py
[2024-07-05T21:22:21.711+0000] {processor.py:830} INFO - Processing file /home/airflow/.local/lib/python3.12/site-packages/airflow/example_dags/example_branch_operator.py for tasks to queue
[2024-07-05T21:22:21.714+0000] {logging_mixin.py:188} INFO - [2024-07-05T21:22:21.714+0000] {dagbag.py:545} INFO - Filling up the DagBag from /home/airflow/.local/lib/python3.12/site-packages/airflow/example_dags/example_branch_operator.py
[2024-07-05T21:22:21.748+0000] {processor.py:840} INFO - DAG(s) 'example_branch_operator' retrieved from /home/airflow/.local/lib/python3.12/site-packages/airflow/example_dags/example_branch_operator.py
[2024-07-05T21:22:21.816+0000] {logging_mixin.py:188} INFO - [2024-07-05T21:22:21.815+0000] {dag.py:3096} INFO - Sync 1 DAGs
[2024-07-05T21:22:21.891+0000] {logging_mixin.py:188} INFO - [2024-07-05T21:22:21.890+0000] {dag.py:3954} INFO - Setting next_dagrun for example_branch_operator to 2024-07-04 00:00:00+00:00, run_after=2024-07-05 00:00:00+00:00
[2024-07-05T21:22:21.944+0000] {processor.py:183} INFO - Processing /home/airflow/.local/lib/python3.12/site-packages/airflow/example_dags/example_branch_operator.py took 0.250 seconds
[2024-07-05T21:22:52.359+0000] {processor.py:161} INFO - Started process (PID=2396) to work on /home/airflow/.local/lib/python3.12/site-packages/airflow/example_dags/example_branch_operator.py
[2024-07-05T21:22:52.363+0000] {processor.py:830} INFO - Processing file /home/airflow/.local/lib/python3.12/site-packages/airflow/example_dags/example_branch_operator.py for tasks to queue
[2024-07-05T21:22:52.367+0000] {logging_mixin.py:188} INFO - [2024-07-05T21:22:52.367+0000] {dagbag.py:545} INFO - Filling up the DagBag from /home/airflow/.local/lib/python3.12/site-packages/airflow/example_dags/example_branch_operator.py
[2024-07-05T21:22:52.467+0000] {processor.py:840} INFO - DAG(s) 'example_branch_operator' retrieved from /home/airflow/.local/lib/python3.12/site-packages/airflow/example_dags/example_branch_operator.py
[2024-07-05T21:22:52.592+0000] {logging_mixin.py:188} INFO - [2024-07-05T21:22:52.591+0000] {dag.py:3096} INFO - Sync 1 DAGs
[2024-07-05T21:22:52.774+0000] {logging_mixin.py:188} INFO - [2024-07-05T21:22:52.774+0000] {dag.py:3954} INFO - Setting next_dagrun for example_branch_operator to 2024-07-04 00:00:00+00:00, run_after=2024-07-05 00:00:00+00:00
[2024-07-05T21:22:52.851+0000] {processor.py:183} INFO - Processing /home/airflow/.local/lib/python3.12/site-packages/airflow/example_dags/example_branch_operator.py took 0.509 seconds
[2024-07-05T21:23:23.654+0000] {processor.py:161} INFO - Started process (PID=2455) to work on /home/airflow/.local/lib/python3.12/site-packages/airflow/example_dags/example_branch_operator.py
[2024-07-05T21:23:23.656+0000] {processor.py:830} INFO - Processing file /home/airflow/.local/lib/python3.12/site-packages/airflow/example_dags/example_branch_operator.py for tasks to queue
[2024-07-05T21:23:23.659+0000] {logging_mixin.py:188} INFO - [2024-07-05T21:23:23.659+0000] {dagbag.py:545} INFO - Filling up the DagBag from /home/airflow/.local/lib/python3.12/site-packages/airflow/example_dags/example_branch_operator.py
[2024-07-05T21:23:23.688+0000] {processor.py:840} INFO - DAG(s) 'example_branch_operator' retrieved from /home/airflow/.local/lib/python3.12/site-packages/airflow/example_dags/example_branch_operator.py
[2024-07-05T21:23:23.737+0000] {logging_mixin.py:188} INFO - [2024-07-05T21:23:23.737+0000] {dag.py:3096} INFO - Sync 1 DAGs
[2024-07-05T21:23:23.779+0000] {logging_mixin.py:188} INFO - [2024-07-05T21:23:23.779+0000] {dag.py:3954} INFO - Setting next_dagrun for example_branch_operator to 2024-07-04 00:00:00+00:00, run_after=2024-07-05 00:00:00+00:00
[2024-07-05T21:23:23.825+0000] {processor.py:183} INFO - Processing /home/airflow/.local/lib/python3.12/site-packages/airflow/example_dags/example_branch_operator.py took 0.180 seconds
[2024-07-05T21:23:54.763+0000] {processor.py:161} INFO - Started process (PID=2514) to work on /home/airflow/.local/lib/python3.12/site-packages/airflow/example_dags/example_branch_operator.py
[2024-07-05T21:23:54.766+0000] {processor.py:830} INFO - Processing file /home/airflow/.local/lib/python3.12/site-packages/airflow/example_dags/example_branch_operator.py for tasks to queue
[2024-07-05T21:23:54.832+0000] {logging_mixin.py:188} INFO - [2024-07-05T21:23:54.831+0000] {dagbag.py:545} INFO - Filling up the DagBag from /home/airflow/.local/lib/python3.12/site-packages/airflow/example_dags/example_branch_operator.py
[2024-07-05T21:23:54.957+0000] {processor.py:840} INFO - DAG(s) 'example_branch_operator' retrieved from /home/airflow/.local/lib/python3.12/site-packages/airflow/example_dags/example_branch_operator.py
[2024-07-05T21:23:55.214+0000] {logging_mixin.py:188} INFO - [2024-07-05T21:23:55.214+0000] {dag.py:3096} INFO - Sync 1 DAGs
[2024-07-05T21:23:55.278+0000] {logging_mixin.py:188} INFO - [2024-07-05T21:23:55.277+0000] {dag.py:3954} INFO - Setting next_dagrun for example_branch_operator to 2024-07-04 00:00:00+00:00, run_after=2024-07-05 00:00:00+00:00
[2024-07-05T21:23:55.323+0000] {processor.py:183} INFO - Processing /home/airflow/.local/lib/python3.12/site-packages/airflow/example_dags/example_branch_operator.py took 0.711 seconds
[2024-07-05T21:24:25.658+0000] {processor.py:161} INFO - Started process (PID=2573) to work on /home/airflow/.local/lib/python3.12/site-packages/airflow/example_dags/example_branch_operator.py
[2024-07-05T21:24:25.661+0000] {processor.py:830} INFO - Processing file /home/airflow/.local/lib/python3.12/site-packages/airflow/example_dags/example_branch_operator.py for tasks to queue
[2024-07-05T21:24:25.667+0000] {logging_mixin.py:188} INFO - [2024-07-05T21:24:25.666+0000] {dagbag.py:545} INFO - Filling up the DagBag from /home/airflow/.local/lib/python3.12/site-packages/airflow/example_dags/example_branch_operator.py
[2024-07-05T21:24:25.721+0000] {processor.py:840} INFO - DAG(s) 'example_branch_operator' retrieved from /home/airflow/.local/lib/python3.12/site-packages/airflow/example_dags/example_branch_operator.py
[2024-07-05T21:24:25.792+0000] {logging_mixin.py:188} INFO - [2024-07-05T21:24:25.792+0000] {dag.py:3096} INFO - Sync 1 DAGs
[2024-07-05T21:24:25.879+0000] {logging_mixin.py:188} INFO - [2024-07-05T21:24:25.878+0000] {dag.py:3954} INFO - Setting next_dagrun for example_branch_operator to 2024-07-04 00:00:00+00:00, run_after=2024-07-05 00:00:00+00:00
[2024-07-05T21:24:25.930+0000] {processor.py:183} INFO - Processing /home/airflow/.local/lib/python3.12/site-packages/airflow/example_dags/example_branch_operator.py took 0.287 seconds
[2024-07-05T21:24:56.169+0000] {processor.py:161} INFO - Started process (PID=2632) to work on /home/airflow/.local/lib/python3.12/site-packages/airflow/example_dags/example_branch_operator.py
[2024-07-05T21:24:56.171+0000] {processor.py:830} INFO - Processing file /home/airflow/.local/lib/python3.12/site-packages/airflow/example_dags/example_branch_operator.py for tasks to queue
[2024-07-05T21:24:56.174+0000] {logging_mixin.py:188} INFO - [2024-07-05T21:24:56.174+0000] {dagbag.py:545} INFO - Filling up the DagBag from /home/airflow/.local/lib/python3.12/site-packages/airflow/example_dags/example_branch_operator.py
[2024-07-05T21:24:56.207+0000] {processor.py:840} INFO - DAG(s) 'example_branch_operator' retrieved from /home/airflow/.local/lib/python3.12/site-packages/airflow/example_dags/example_branch_operator.py
[2024-07-05T21:24:56.260+0000] {logging_mixin.py:188} INFO - [2024-07-05T21:24:56.260+0000] {dag.py:3096} INFO - Sync 1 DAGs
[2024-07-05T21:24:56.307+0000] {logging_mixin.py:188} INFO - [2024-07-05T21:24:56.306+0000] {dag.py:3954} INFO - Setting next_dagrun for example_branch_operator to 2024-07-04 00:00:00+00:00, run_after=2024-07-05 00:00:00+00:00
[2024-07-05T21:24:56.346+0000] {processor.py:183} INFO - Processing /home/airflow/.local/lib/python3.12/site-packages/airflow/example_dags/example_branch_operator.py took 0.187 seconds
[2024-07-05T21:25:26.946+0000] {processor.py:161} INFO - Started process (PID=2692) to work on /home/airflow/.local/lib/python3.12/site-packages/airflow/example_dags/example_branch_operator.py
[2024-07-05T21:25:26.948+0000] {processor.py:830} INFO - Processing file /home/airflow/.local/lib/python3.12/site-packages/airflow/example_dags/example_branch_operator.py for tasks to queue
[2024-07-05T21:25:26.952+0000] {logging_mixin.py:188} INFO - [2024-07-05T21:25:26.952+0000] {dagbag.py:545} INFO - Filling up the DagBag from /home/airflow/.local/lib/python3.12/site-packages/airflow/example_dags/example_branch_operator.py
[2024-07-05T21:25:26.986+0000] {processor.py:840} INFO - DAG(s) 'example_branch_operator' retrieved from /home/airflow/.local/lib/python3.12/site-packages/airflow/example_dags/example_branch_operator.py
[2024-07-05T21:25:27.065+0000] {logging_mixin.py:188} INFO - [2024-07-05T21:25:27.064+0000] {dag.py:3096} INFO - Sync 1 DAGs
[2024-07-05T21:25:27.111+0000] {logging_mixin.py:188} INFO - [2024-07-05T21:25:27.110+0000] {dag.py:3954} INFO - Setting next_dagrun for example_branch_operator to 2024-07-04 00:00:00+00:00, run_after=2024-07-05 00:00:00+00:00
[2024-07-05T21:25:27.145+0000] {processor.py:183} INFO - Processing /home/airflow/.local/lib/python3.12/site-packages/airflow/example_dags/example_branch_operator.py took 0.208 seconds
[2024-07-05T21:25:57.666+0000] {processor.py:161} INFO - Started process (PID=2751) to work on /home/airflow/.local/lib/python3.12/site-packages/airflow/example_dags/example_branch_operator.py
[2024-07-05T21:25:57.667+0000] {processor.py:830} INFO - Processing file /home/airflow/.local/lib/python3.12/site-packages/airflow/example_dags/example_branch_operator.py for tasks to queue
[2024-07-05T21:25:57.673+0000] {logging_mixin.py:188} INFO - [2024-07-05T21:25:57.672+0000] {dagbag.py:545} INFO - Filling up the DagBag from /home/airflow/.local/lib/python3.12/site-packages/airflow/example_dags/example_branch_operator.py
[2024-07-05T21:25:57.755+0000] {processor.py:840} INFO - DAG(s) 'example_branch_operator' retrieved from /home/airflow/.local/lib/python3.12/site-packages/airflow/example_dags/example_branch_operator.py
[2024-07-05T21:25:57.828+0000] {logging_mixin.py:188} INFO - [2024-07-05T21:25:57.827+0000] {dag.py:3096} INFO - Sync 1 DAGs
[2024-07-05T21:25:57.866+0000] {logging_mixin.py:188} INFO - [2024-07-05T21:25:57.866+0000] {dag.py:3954} INFO - Setting next_dagrun for example_branch_operator to 2024-07-04 00:00:00+00:00, run_after=2024-07-05 00:00:00+00:00
[2024-07-05T21:25:57.903+0000] {processor.py:183} INFO - Processing /home/airflow/.local/lib/python3.12/site-packages/airflow/example_dags/example_branch_operator.py took 0.253 seconds
