[2024-07-05T21:01:55.371+0000] {processor.py:161} INFO - Started process (PID=57) to work on /home/airflow/.local/lib/python3.12/site-packages/airflow/example_dags/example_nested_branch_dag.py
[2024-07-05T21:01:55.375+0000] {processor.py:830} INFO - Processing file /home/airflow/.local/lib/python3.12/site-packages/airflow/example_dags/example_nested_branch_dag.py for tasks to queue
[2024-07-05T21:01:55.379+0000] {logging_mixin.py:188} INFO - [2024-07-05T21:01:55.378+0000] {dagbag.py:545} INFO - Filling up the DagBag from /home/airflow/.local/lib/python3.12/site-packages/airflow/example_dags/example_nested_branch_dag.py
[2024-07-05T21:01:55.412+0000] {processor.py:840} INFO - DAG(s) 'example_nested_branch_dag' retrieved from /home/airflow/.local/lib/python3.12/site-packages/airflow/example_dags/example_nested_branch_dag.py
[2024-07-05T21:01:55.659+0000] {logging_mixin.py:188} INFO - [2024-07-05T21:01:55.659+0000] {dag.py:3096} INFO - Sync 1 DAGs
[2024-07-05T21:01:55.751+0000] {logging_mixin.py:188} INFO - [2024-07-05T21:01:55.751+0000] {dag.py:3954} INFO - Setting next_dagrun for example_nested_branch_dag to 2024-07-04 00:00:00+00:00, run_after=2024-07-05 00:00:00+00:00
[2024-07-05T21:01:55.840+0000] {processor.py:183} INFO - Processing /home/airflow/.local/lib/python3.12/site-packages/airflow/example_dags/example_nested_branch_dag.py took 0.483 seconds
[2024-07-05T21:02:25.888+0000] {processor.py:161} INFO - Started process (PID=114) to work on /home/airflow/.local/lib/python3.12/site-packages/airflow/example_dags/example_nested_branch_dag.py
[2024-07-05T21:02:25.890+0000] {processor.py:830} INFO - Processing file /home/airflow/.local/lib/python3.12/site-packages/airflow/example_dags/example_nested_branch_dag.py for tasks to queue
[2024-07-05T21:02:25.894+0000] {logging_mixin.py:188} INFO - [2024-07-05T21:02:25.893+0000] {dagbag.py:545} INFO - Filling up the DagBag from /home/airflow/.local/lib/python3.12/site-packages/airflow/example_dags/example_nested_branch_dag.py
[2024-07-05T21:02:25.911+0000] {processor.py:840} INFO - DAG(s) 'example_nested_branch_dag' retrieved from /home/airflow/.local/lib/python3.12/site-packages/airflow/example_dags/example_nested_branch_dag.py
[2024-07-05T21:02:25.947+0000] {logging_mixin.py:188} INFO - [2024-07-05T21:02:25.946+0000] {dag.py:3096} INFO - Sync 1 DAGs
[2024-07-05T21:02:25.988+0000] {logging_mixin.py:188} INFO - [2024-07-05T21:02:25.988+0000] {dag.py:3954} INFO - Setting next_dagrun for example_nested_branch_dag to 2024-07-04 00:00:00+00:00, run_after=2024-07-05 00:00:00+00:00
[2024-07-05T21:02:26.023+0000] {processor.py:183} INFO - Processing /home/airflow/.local/lib/python3.12/site-packages/airflow/example_dags/example_nested_branch_dag.py took 0.144 seconds
[2024-07-05T21:02:57.111+0000] {processor.py:161} INFO - Started process (PID=172) to work on /home/airflow/.local/lib/python3.12/site-packages/airflow/example_dags/example_nested_branch_dag.py
[2024-07-05T21:02:57.116+0000] {processor.py:830} INFO - Processing file /home/airflow/.local/lib/python3.12/site-packages/airflow/example_dags/example_nested_branch_dag.py for tasks to queue
[2024-07-05T21:02:57.123+0000] {logging_mixin.py:188} INFO - [2024-07-05T21:02:57.123+0000] {dagbag.py:545} INFO - Filling up the DagBag from /home/airflow/.local/lib/python3.12/site-packages/airflow/example_dags/example_nested_branch_dag.py
[2024-07-05T21:02:57.186+0000] {processor.py:840} INFO - DAG(s) 'example_nested_branch_dag' retrieved from /home/airflow/.local/lib/python3.12/site-packages/airflow/example_dags/example_nested_branch_dag.py
[2024-07-05T21:02:57.443+0000] {logging_mixin.py:188} INFO - [2024-07-05T21:02:57.443+0000] {dag.py:3096} INFO - Sync 1 DAGs
[2024-07-05T21:02:57.501+0000] {logging_mixin.py:188} INFO - [2024-07-05T21:02:57.501+0000] {dag.py:3954} INFO - Setting next_dagrun for example_nested_branch_dag to 2024-07-04 00:00:00+00:00, run_after=2024-07-05 00:00:00+00:00
[2024-07-05T21:02:57.551+0000] {processor.py:183} INFO - Processing /home/airflow/.local/lib/python3.12/site-packages/airflow/example_dags/example_nested_branch_dag.py took 0.474 seconds
[2024-07-05T21:03:27.756+0000] {processor.py:161} INFO - Started process (PID=229) to work on /home/airflow/.local/lib/python3.12/site-packages/airflow/example_dags/example_nested_branch_dag.py
[2024-07-05T21:03:27.764+0000] {processor.py:830} INFO - Processing file /home/airflow/.local/lib/python3.12/site-packages/airflow/example_dags/example_nested_branch_dag.py for tasks to queue
[2024-07-05T21:03:27.771+0000] {logging_mixin.py:188} INFO - [2024-07-05T21:03:27.770+0000] {dagbag.py:545} INFO - Filling up the DagBag from /home/airflow/.local/lib/python3.12/site-packages/airflow/example_dags/example_nested_branch_dag.py
[2024-07-05T21:03:27.793+0000] {processor.py:840} INFO - DAG(s) 'example_nested_branch_dag' retrieved from /home/airflow/.local/lib/python3.12/site-packages/airflow/example_dags/example_nested_branch_dag.py
[2024-07-05T21:03:27.854+0000] {logging_mixin.py:188} INFO - [2024-07-05T21:03:27.854+0000] {dag.py:3096} INFO - Sync 1 DAGs
[2024-07-05T21:03:27.925+0000] {logging_mixin.py:188} INFO - [2024-07-05T21:03:27.925+0000] {dag.py:3954} INFO - Setting next_dagrun for example_nested_branch_dag to 2024-07-04 00:00:00+00:00, run_after=2024-07-05 00:00:00+00:00
[2024-07-05T21:03:27.970+0000] {processor.py:183} INFO - Processing /home/airflow/.local/lib/python3.12/site-packages/airflow/example_dags/example_nested_branch_dag.py took 0.233 seconds
[2024-07-05T21:04:14.475+0000] {processor.py:161} INFO - Started process (PID=287) to work on /home/airflow/.local/lib/python3.12/site-packages/airflow/example_dags/example_nested_branch_dag.py
[2024-07-05T21:04:14.502+0000] {processor.py:830} INFO - Processing file /home/airflow/.local/lib/python3.12/site-packages/airflow/example_dags/example_nested_branch_dag.py for tasks to queue
[2024-07-05T21:04:14.532+0000] {logging_mixin.py:188} INFO - [2024-07-05T21:04:14.530+0000] {dagbag.py:545} INFO - Filling up the DagBag from /home/airflow/.local/lib/python3.12/site-packages/airflow/example_dags/example_nested_branch_dag.py
[2024-07-05T21:04:14.638+0000] {processor.py:840} INFO - DAG(s) 'example_nested_branch_dag' retrieved from /home/airflow/.local/lib/python3.12/site-packages/airflow/example_dags/example_nested_branch_dag.py
[2024-07-05T21:04:14.825+0000] {logging_mixin.py:188} INFO - [2024-07-05T21:04:14.824+0000] {dag.py:3096} INFO - Sync 1 DAGs
[2024-07-05T21:04:15.686+0000] {logging_mixin.py:188} INFO - [2024-07-05T21:04:15.685+0000] {dag.py:3954} INFO - Setting next_dagrun for example_nested_branch_dag to 2024-07-04 00:00:00+00:00, run_after=2024-07-05 00:00:00+00:00
[2024-07-05T21:04:15.894+0000] {processor.py:183} INFO - Processing /home/airflow/.local/lib/python3.12/site-packages/airflow/example_dags/example_nested_branch_dag.py took 1.442 seconds
[2024-07-05T21:04:47.554+0000] {processor.py:161} INFO - Started process (PID=345) to work on /home/airflow/.local/lib/python3.12/site-packages/airflow/example_dags/example_nested_branch_dag.py
[2024-07-05T21:04:47.556+0000] {processor.py:830} INFO - Processing file /home/airflow/.local/lib/python3.12/site-packages/airflow/example_dags/example_nested_branch_dag.py for tasks to queue
[2024-07-05T21:04:47.561+0000] {logging_mixin.py:188} INFO - [2024-07-05T21:04:47.560+0000] {dagbag.py:545} INFO - Filling up the DagBag from /home/airflow/.local/lib/python3.12/site-packages/airflow/example_dags/example_nested_branch_dag.py
[2024-07-05T21:04:47.604+0000] {processor.py:840} INFO - DAG(s) 'example_nested_branch_dag' retrieved from /home/airflow/.local/lib/python3.12/site-packages/airflow/example_dags/example_nested_branch_dag.py
[2024-07-05T21:04:47.673+0000] {logging_mixin.py:188} INFO - [2024-07-05T21:04:47.673+0000] {dag.py:3096} INFO - Sync 1 DAGs
[2024-07-05T21:04:47.764+0000] {logging_mixin.py:188} INFO - [2024-07-05T21:04:47.763+0000] {dag.py:3954} INFO - Setting next_dagrun for example_nested_branch_dag to 2024-07-04 00:00:00+00:00, run_after=2024-07-05 00:00:00+00:00
[2024-07-05T21:04:47.826+0000] {processor.py:183} INFO - Processing /home/airflow/.local/lib/python3.12/site-packages/airflow/example_dags/example_nested_branch_dag.py took 0.298 seconds
[2024-07-05T21:05:17.989+0000] {processor.py:161} INFO - Started process (PID=401) to work on /home/airflow/.local/lib/python3.12/site-packages/airflow/example_dags/example_nested_branch_dag.py
[2024-07-05T21:05:17.991+0000] {processor.py:830} INFO - Processing file /home/airflow/.local/lib/python3.12/site-packages/airflow/example_dags/example_nested_branch_dag.py for tasks to queue
[2024-07-05T21:05:17.994+0000] {logging_mixin.py:188} INFO - [2024-07-05T21:05:17.993+0000] {dagbag.py:545} INFO - Filling up the DagBag from /home/airflow/.local/lib/python3.12/site-packages/airflow/example_dags/example_nested_branch_dag.py
[2024-07-05T21:05:18.011+0000] {processor.py:840} INFO - DAG(s) 'example_nested_branch_dag' retrieved from /home/airflow/.local/lib/python3.12/site-packages/airflow/example_dags/example_nested_branch_dag.py
[2024-07-05T21:05:18.053+0000] {logging_mixin.py:188} INFO - [2024-07-05T21:05:18.052+0000] {dag.py:3096} INFO - Sync 1 DAGs
[2024-07-05T21:05:18.092+0000] {logging_mixin.py:188} INFO - [2024-07-05T21:05:18.091+0000] {dag.py:3954} INFO - Setting next_dagrun for example_nested_branch_dag to 2024-07-04 00:00:00+00:00, run_after=2024-07-05 00:00:00+00:00
[2024-07-05T21:05:18.133+0000] {processor.py:183} INFO - Processing /home/airflow/.local/lib/python3.12/site-packages/airflow/example_dags/example_nested_branch_dag.py took 0.155 seconds
[2024-07-05T21:05:48.856+0000] {processor.py:161} INFO - Started process (PID=459) to work on /home/airflow/.local/lib/python3.12/site-packages/airflow/example_dags/example_nested_branch_dag.py
[2024-07-05T21:05:48.858+0000] {processor.py:830} INFO - Processing file /home/airflow/.local/lib/python3.12/site-packages/airflow/example_dags/example_nested_branch_dag.py for tasks to queue
[2024-07-05T21:05:48.862+0000] {logging_mixin.py:188} INFO - [2024-07-05T21:05:48.861+0000] {dagbag.py:545} INFO - Filling up the DagBag from /home/airflow/.local/lib/python3.12/site-packages/airflow/example_dags/example_nested_branch_dag.py
[2024-07-05T21:05:48.887+0000] {processor.py:840} INFO - DAG(s) 'example_nested_branch_dag' retrieved from /home/airflow/.local/lib/python3.12/site-packages/airflow/example_dags/example_nested_branch_dag.py
[2024-07-05T21:05:48.953+0000] {logging_mixin.py:188} INFO - [2024-07-05T21:05:48.952+0000] {dag.py:3096} INFO - Sync 1 DAGs
[2024-07-05T21:05:49.159+0000] {logging_mixin.py:188} INFO - [2024-07-05T21:05:49.159+0000] {dag.py:3954} INFO - Setting next_dagrun for example_nested_branch_dag to 2024-07-04 00:00:00+00:00, run_after=2024-07-05 00:00:00+00:00
[2024-07-05T21:05:49.195+0000] {processor.py:183} INFO - Processing /home/airflow/.local/lib/python3.12/site-packages/airflow/example_dags/example_nested_branch_dag.py took 0.355 seconds
[2024-07-05T21:06:20.034+0000] {processor.py:161} INFO - Started process (PID=517) to work on /home/airflow/.local/lib/python3.12/site-packages/airflow/example_dags/example_nested_branch_dag.py
[2024-07-05T21:06:20.036+0000] {processor.py:830} INFO - Processing file /home/airflow/.local/lib/python3.12/site-packages/airflow/example_dags/example_nested_branch_dag.py for tasks to queue
[2024-07-05T21:06:20.039+0000] {logging_mixin.py:188} INFO - [2024-07-05T21:06:20.039+0000] {dagbag.py:545} INFO - Filling up the DagBag from /home/airflow/.local/lib/python3.12/site-packages/airflow/example_dags/example_nested_branch_dag.py
[2024-07-05T21:06:20.057+0000] {processor.py:840} INFO - DAG(s) 'example_nested_branch_dag' retrieved from /home/airflow/.local/lib/python3.12/site-packages/airflow/example_dags/example_nested_branch_dag.py
[2024-07-05T21:06:20.094+0000] {logging_mixin.py:188} INFO - [2024-07-05T21:06:20.094+0000] {dag.py:3096} INFO - Sync 1 DAGs
[2024-07-05T21:06:20.134+0000] {logging_mixin.py:188} INFO - [2024-07-05T21:06:20.134+0000] {dag.py:3954} INFO - Setting next_dagrun for example_nested_branch_dag to 2024-07-04 00:00:00+00:00, run_after=2024-07-05 00:00:00+00:00
[2024-07-05T21:06:20.171+0000] {processor.py:183} INFO - Processing /home/airflow/.local/lib/python3.12/site-packages/airflow/example_dags/example_nested_branch_dag.py took 0.146 seconds
[2024-07-05T21:06:50.480+0000] {processor.py:161} INFO - Started process (PID=575) to work on /home/airflow/.local/lib/python3.12/site-packages/airflow/example_dags/example_nested_branch_dag.py
[2024-07-05T21:06:50.482+0000] {processor.py:830} INFO - Processing file /home/airflow/.local/lib/python3.12/site-packages/airflow/example_dags/example_nested_branch_dag.py for tasks to queue
[2024-07-05T21:06:50.485+0000] {logging_mixin.py:188} INFO - [2024-07-05T21:06:50.484+0000] {dagbag.py:545} INFO - Filling up the DagBag from /home/airflow/.local/lib/python3.12/site-packages/airflow/example_dags/example_nested_branch_dag.py
[2024-07-05T21:06:50.502+0000] {processor.py:840} INFO - DAG(s) 'example_nested_branch_dag' retrieved from /home/airflow/.local/lib/python3.12/site-packages/airflow/example_dags/example_nested_branch_dag.py
[2024-07-05T21:06:50.543+0000] {logging_mixin.py:188} INFO - [2024-07-05T21:06:50.543+0000] {dag.py:3096} INFO - Sync 1 DAGs
[2024-07-05T21:06:50.579+0000] {logging_mixin.py:188} INFO - [2024-07-05T21:06:50.579+0000] {dag.py:3954} INFO - Setting next_dagrun for example_nested_branch_dag to 2024-07-04 00:00:00+00:00, run_after=2024-07-05 00:00:00+00:00
[2024-07-05T21:06:50.613+0000] {processor.py:183} INFO - Processing /home/airflow/.local/lib/python3.12/site-packages/airflow/example_dags/example_nested_branch_dag.py took 0.143 seconds
[2024-07-05T21:07:21.019+0000] {processor.py:161} INFO - Started process (PID=633) to work on /home/airflow/.local/lib/python3.12/site-packages/airflow/example_dags/example_nested_branch_dag.py
[2024-07-05T21:07:21.020+0000] {processor.py:830} INFO - Processing file /home/airflow/.local/lib/python3.12/site-packages/airflow/example_dags/example_nested_branch_dag.py for tasks to queue
[2024-07-05T21:07:21.023+0000] {logging_mixin.py:188} INFO - [2024-07-05T21:07:21.023+0000] {dagbag.py:545} INFO - Filling up the DagBag from /home/airflow/.local/lib/python3.12/site-packages/airflow/example_dags/example_nested_branch_dag.py
[2024-07-05T21:07:21.039+0000] {processor.py:840} INFO - DAG(s) 'example_nested_branch_dag' retrieved from /home/airflow/.local/lib/python3.12/site-packages/airflow/example_dags/example_nested_branch_dag.py
[2024-07-05T21:07:21.072+0000] {logging_mixin.py:188} INFO - [2024-07-05T21:07:21.072+0000] {dag.py:3096} INFO - Sync 1 DAGs
[2024-07-05T21:07:21.110+0000] {logging_mixin.py:188} INFO - [2024-07-05T21:07:21.109+0000] {dag.py:3954} INFO - Setting next_dagrun for example_nested_branch_dag to 2024-07-04 00:00:00+00:00, run_after=2024-07-05 00:00:00+00:00
[2024-07-05T21:07:21.147+0000] {processor.py:183} INFO - Processing /home/airflow/.local/lib/python3.12/site-packages/airflow/example_dags/example_nested_branch_dag.py took 0.137 seconds
[2024-07-05T21:07:51.342+0000] {processor.py:161} INFO - Started process (PID=691) to work on /home/airflow/.local/lib/python3.12/site-packages/airflow/example_dags/example_nested_branch_dag.py
[2024-07-05T21:07:51.344+0000] {processor.py:830} INFO - Processing file /home/airflow/.local/lib/python3.12/site-packages/airflow/example_dags/example_nested_branch_dag.py for tasks to queue
[2024-07-05T21:07:51.347+0000] {logging_mixin.py:188} INFO - [2024-07-05T21:07:51.347+0000] {dagbag.py:545} INFO - Filling up the DagBag from /home/airflow/.local/lib/python3.12/site-packages/airflow/example_dags/example_nested_branch_dag.py
[2024-07-05T21:07:51.365+0000] {processor.py:840} INFO - DAG(s) 'example_nested_branch_dag' retrieved from /home/airflow/.local/lib/python3.12/site-packages/airflow/example_dags/example_nested_branch_dag.py
[2024-07-05T21:07:51.408+0000] {logging_mixin.py:188} INFO - [2024-07-05T21:07:51.408+0000] {dag.py:3096} INFO - Sync 1 DAGs
[2024-07-05T21:07:51.453+0000] {logging_mixin.py:188} INFO - [2024-07-05T21:07:51.452+0000] {dag.py:3954} INFO - Setting next_dagrun for example_nested_branch_dag to 2024-07-04 00:00:00+00:00, run_after=2024-07-05 00:00:00+00:00
[2024-07-05T21:07:51.497+0000] {processor.py:183} INFO - Processing /home/airflow/.local/lib/python3.12/site-packages/airflow/example_dags/example_nested_branch_dag.py took 0.163 seconds
[2024-07-05T21:08:21.925+0000] {processor.py:161} INFO - Started process (PID=749) to work on /home/airflow/.local/lib/python3.12/site-packages/airflow/example_dags/example_nested_branch_dag.py
[2024-07-05T21:08:21.968+0000] {processor.py:830} INFO - Processing file /home/airflow/.local/lib/python3.12/site-packages/airflow/example_dags/example_nested_branch_dag.py for tasks to queue
[2024-07-05T21:08:21.981+0000] {logging_mixin.py:188} INFO - [2024-07-05T21:08:21.980+0000] {dagbag.py:545} INFO - Filling up the DagBag from /home/airflow/.local/lib/python3.12/site-packages/airflow/example_dags/example_nested_branch_dag.py
[2024-07-05T21:08:22.259+0000] {processor.py:840} INFO - DAG(s) 'example_nested_branch_dag' retrieved from /home/airflow/.local/lib/python3.12/site-packages/airflow/example_dags/example_nested_branch_dag.py
[2024-07-05T21:08:22.812+0000] {logging_mixin.py:188} INFO - [2024-07-05T21:08:22.800+0000] {dag.py:3096} INFO - Sync 1 DAGs
[2024-07-05T21:08:23.298+0000] {logging_mixin.py:188} INFO - [2024-07-05T21:08:23.297+0000] {dag.py:3954} INFO - Setting next_dagrun for example_nested_branch_dag to 2024-07-04 00:00:00+00:00, run_after=2024-07-05 00:00:00+00:00
[2024-07-05T21:08:23.446+0000] {processor.py:183} INFO - Processing /home/airflow/.local/lib/python3.12/site-packages/airflow/example_dags/example_nested_branch_dag.py took 1.805 seconds
[2024-07-05T21:08:53.798+0000] {processor.py:161} INFO - Started process (PID=814) to work on /home/airflow/.local/lib/python3.12/site-packages/airflow/example_dags/example_nested_branch_dag.py
[2024-07-05T21:08:53.800+0000] {processor.py:830} INFO - Processing file /home/airflow/.local/lib/python3.12/site-packages/airflow/example_dags/example_nested_branch_dag.py for tasks to queue
[2024-07-05T21:08:53.803+0000] {logging_mixin.py:188} INFO - [2024-07-05T21:08:53.803+0000] {dagbag.py:545} INFO - Filling up the DagBag from /home/airflow/.local/lib/python3.12/site-packages/airflow/example_dags/example_nested_branch_dag.py
[2024-07-05T21:08:53.823+0000] {processor.py:840} INFO - DAG(s) 'example_nested_branch_dag' retrieved from /home/airflow/.local/lib/python3.12/site-packages/airflow/example_dags/example_nested_branch_dag.py
[2024-07-05T21:08:53.875+0000] {logging_mixin.py:188} INFO - [2024-07-05T21:08:53.875+0000] {dag.py:3096} INFO - Sync 1 DAGs
[2024-07-05T21:08:53.917+0000] {logging_mixin.py:188} INFO - [2024-07-05T21:08:53.916+0000] {dag.py:3954} INFO - Setting next_dagrun for example_nested_branch_dag to 2024-07-04 00:00:00+00:00, run_after=2024-07-05 00:00:00+00:00
[2024-07-05T21:08:53.964+0000] {processor.py:183} INFO - Processing /home/airflow/.local/lib/python3.12/site-packages/airflow/example_dags/example_nested_branch_dag.py took 0.177 seconds
[2024-07-05T21:09:24.045+0000] {processor.py:161} INFO - Started process (PID=872) to work on /home/airflow/.local/lib/python3.12/site-packages/airflow/example_dags/example_nested_branch_dag.py
[2024-07-05T21:09:24.047+0000] {processor.py:830} INFO - Processing file /home/airflow/.local/lib/python3.12/site-packages/airflow/example_dags/example_nested_branch_dag.py for tasks to queue
[2024-07-05T21:09:24.051+0000] {logging_mixin.py:188} INFO - [2024-07-05T21:09:24.050+0000] {dagbag.py:545} INFO - Filling up the DagBag from /home/airflow/.local/lib/python3.12/site-packages/airflow/example_dags/example_nested_branch_dag.py
[2024-07-05T21:09:24.078+0000] {processor.py:840} INFO - DAG(s) 'example_nested_branch_dag' retrieved from /home/airflow/.local/lib/python3.12/site-packages/airflow/example_dags/example_nested_branch_dag.py
[2024-07-05T21:09:24.146+0000] {logging_mixin.py:188} INFO - [2024-07-05T21:09:24.145+0000] {dag.py:3096} INFO - Sync 1 DAGs
[2024-07-05T21:09:24.212+0000] {logging_mixin.py:188} INFO - [2024-07-05T21:09:24.212+0000] {dag.py:3954} INFO - Setting next_dagrun for example_nested_branch_dag to 2024-07-04 00:00:00+00:00, run_after=2024-07-05 00:00:00+00:00
[2024-07-05T21:09:24.255+0000] {processor.py:183} INFO - Processing /home/airflow/.local/lib/python3.12/site-packages/airflow/example_dags/example_nested_branch_dag.py took 0.229 seconds
