[2024-07-05T21:01:48.285+0000] {processor.py:161} INFO - Started process (PID=45) to work on /home/airflow/.local/lib/python3.12/site-packages/airflow/example_dags/example_subdag_operator.py
[2024-07-05T21:01:48.289+0000] {processor.py:830} INFO - Processing file /home/airflow/.local/lib/python3.12/site-packages/airflow/example_dags/example_subdag_operator.py for tasks to queue
[2024-07-05T21:01:48.297+0000] {logging_mixin.py:188} INFO - [2024-07-05T21:01:48.296+0000] {dagbag.py:545} INFO - Filling up the DagBag from /home/airflow/.local/lib/python3.12/site-packages/airflow/example_dags/example_subdag_operator.py
[2024-07-05T21:01:48.374+0000] {processor.py:840} INFO - DAG(s) 'example_subdag_operator.section-1', 'example_subdag_operator.section-2', 'example_subdag_operator' retrieved from /home/airflow/.local/lib/python3.12/site-packages/airflow/example_dags/example_subdag_operator.py
[2024-07-05T21:01:48.850+0000] {logging_mixin.py:188} INFO - [2024-07-05T21:01:48.849+0000] {dag.py:3096} INFO - Sync 3 DAGs
[2024-07-05T21:01:48.918+0000] {logging_mixin.py:188} INFO - [2024-07-05T21:01:48.917+0000] {dag.py:3954} INFO - Setting next_dagrun for example_subdag_operator to 2022-01-01 00:00:00+00:00, run_after=2022-01-01 00:00:00+00:00
[2024-07-05T21:01:48.926+0000] {logging_mixin.py:188} INFO - [2024-07-05T21:01:48.925+0000] {dag.py:3954} INFO - Setting next_dagrun for example_subdag_operator.section-1 to None, run_after=None
[2024-07-05T21:01:48.935+0000] {logging_mixin.py:188} INFO - [2024-07-05T21:01:48.934+0000] {dag.py:3954} INFO - Setting next_dagrun for example_subdag_operator.section-2 to None, run_after=None
[2024-07-05T21:01:48.963+0000] {logging_mixin.py:188} INFO - [2024-07-05T21:01:48.963+0000] {dag.py:3096} INFO - Sync 2 DAGs
[2024-07-05T21:01:48.981+0000] {logging_mixin.py:188} INFO - [2024-07-05T21:01:48.980+0000] {dag.py:3954} INFO - Setting next_dagrun for example_subdag_operator.section-1 to None, run_after=None
[2024-07-05T21:01:48.983+0000] {logging_mixin.py:188} INFO - [2024-07-05T21:01:48.982+0000] {dag.py:3954} INFO - Setting next_dagrun for example_subdag_operator.section-2 to None, run_after=None
[2024-07-05T21:01:49.011+0000] {processor.py:183} INFO - Processing /home/airflow/.local/lib/python3.12/site-packages/airflow/example_dags/example_subdag_operator.py took 0.749 seconds
[2024-07-05T21:02:19.203+0000] {processor.py:161} INFO - Started process (PID=102) to work on /home/airflow/.local/lib/python3.12/site-packages/airflow/example_dags/example_subdag_operator.py
[2024-07-05T21:02:19.208+0000] {processor.py:830} INFO - Processing file /home/airflow/.local/lib/python3.12/site-packages/airflow/example_dags/example_subdag_operator.py for tasks to queue
[2024-07-05T21:02:19.212+0000] {logging_mixin.py:188} INFO - [2024-07-05T21:02:19.211+0000] {dagbag.py:545} INFO - Filling up the DagBag from /home/airflow/.local/lib/python3.12/site-packages/airflow/example_dags/example_subdag_operator.py
[2024-07-05T21:02:19.252+0000] {processor.py:840} INFO - DAG(s) 'example_subdag_operator.section-1', 'example_subdag_operator.section-2', 'example_subdag_operator' retrieved from /home/airflow/.local/lib/python3.12/site-packages/airflow/example_dags/example_subdag_operator.py
[2024-07-05T21:02:19.284+0000] {logging_mixin.py:188} INFO - [2024-07-05T21:02:19.284+0000] {dag.py:3096} INFO - Sync 3 DAGs
[2024-07-05T21:02:19.322+0000] {logging_mixin.py:188} INFO - [2024-07-05T21:02:19.321+0000] {dag.py:3954} INFO - Setting next_dagrun for example_subdag_operator to 2022-01-01 00:00:00+00:00, run_after=2022-01-01 00:00:00+00:00
[2024-07-05T21:02:19.371+0000] {logging_mixin.py:188} INFO - [2024-07-05T21:02:19.370+0000] {dag.py:3954} INFO - Setting next_dagrun for example_subdag_operator.section-1 to None, run_after=None
[2024-07-05T21:02:19.381+0000] {logging_mixin.py:188} INFO - [2024-07-05T21:02:19.380+0000] {dag.py:3954} INFO - Setting next_dagrun for example_subdag_operator.section-2 to None, run_after=None
[2024-07-05T21:02:19.404+0000] {logging_mixin.py:188} INFO - [2024-07-05T21:02:19.404+0000] {dag.py:3096} INFO - Sync 2 DAGs
[2024-07-05T21:02:19.423+0000] {logging_mixin.py:188} INFO - [2024-07-05T21:02:19.423+0000] {dag.py:3954} INFO - Setting next_dagrun for example_subdag_operator.section-1 to None, run_after=None
[2024-07-05T21:02:19.425+0000] {logging_mixin.py:188} INFO - [2024-07-05T21:02:19.425+0000] {dag.py:3954} INFO - Setting next_dagrun for example_subdag_operator.section-2 to None, run_after=None
[2024-07-05T21:02:19.446+0000] {processor.py:183} INFO - Processing /home/airflow/.local/lib/python3.12/site-packages/airflow/example_dags/example_subdag_operator.py took 0.252 seconds
[2024-07-05T21:02:51.993+0000] {processor.py:161} INFO - Started process (PID=160) to work on /home/airflow/.local/lib/python3.12/site-packages/airflow/example_dags/example_subdag_operator.py
[2024-07-05T21:02:51.996+0000] {processor.py:830} INFO - Processing file /home/airflow/.local/lib/python3.12/site-packages/airflow/example_dags/example_subdag_operator.py for tasks to queue
[2024-07-05T21:02:52.001+0000] {logging_mixin.py:188} INFO - [2024-07-05T21:02:52.000+0000] {dagbag.py:545} INFO - Filling up the DagBag from /home/airflow/.local/lib/python3.12/site-packages/airflow/example_dags/example_subdag_operator.py
[2024-07-05T21:02:52.081+0000] {processor.py:840} INFO - DAG(s) 'example_subdag_operator.section-1', 'example_subdag_operator.section-2', 'example_subdag_operator' retrieved from /home/airflow/.local/lib/python3.12/site-packages/airflow/example_dags/example_subdag_operator.py
[2024-07-05T21:02:52.124+0000] {logging_mixin.py:188} INFO - [2024-07-05T21:02:52.124+0000] {dag.py:3096} INFO - Sync 3 DAGs
[2024-07-05T21:02:52.216+0000] {logging_mixin.py:188} INFO - [2024-07-05T21:02:52.215+0000] {dag.py:3954} INFO - Setting next_dagrun for example_subdag_operator to 2022-01-01 00:00:00+00:00, run_after=2022-01-01 00:00:00+00:00
[2024-07-05T21:02:52.225+0000] {logging_mixin.py:188} INFO - [2024-07-05T21:02:52.225+0000] {dag.py:3954} INFO - Setting next_dagrun for example_subdag_operator.section-1 to None, run_after=None
[2024-07-05T21:02:52.228+0000] {logging_mixin.py:188} INFO - [2024-07-05T21:02:52.228+0000] {dag.py:3954} INFO - Setting next_dagrun for example_subdag_operator.section-2 to None, run_after=None
[2024-07-05T21:02:52.246+0000] {logging_mixin.py:188} INFO - [2024-07-05T21:02:52.245+0000] {dag.py:3096} INFO - Sync 2 DAGs
[2024-07-05T21:02:52.266+0000] {logging_mixin.py:188} INFO - [2024-07-05T21:02:52.266+0000] {dag.py:3954} INFO - Setting next_dagrun for example_subdag_operator.section-1 to None, run_after=None
[2024-07-05T21:02:52.268+0000] {logging_mixin.py:188} INFO - [2024-07-05T21:02:52.267+0000] {dag.py:3954} INFO - Setting next_dagrun for example_subdag_operator.section-2 to None, run_after=None
[2024-07-05T21:02:52.304+0000] {processor.py:183} INFO - Processing /home/airflow/.local/lib/python3.12/site-packages/airflow/example_dags/example_subdag_operator.py took 0.326 seconds
[2024-07-05T21:03:24.117+0000] {processor.py:161} INFO - Started process (PID=217) to work on /home/airflow/.local/lib/python3.12/site-packages/airflow/example_dags/example_subdag_operator.py
[2024-07-05T21:03:24.121+0000] {processor.py:830} INFO - Processing file /home/airflow/.local/lib/python3.12/site-packages/airflow/example_dags/example_subdag_operator.py for tasks to queue
[2024-07-05T21:03:24.126+0000] {logging_mixin.py:188} INFO - [2024-07-05T21:03:24.126+0000] {dagbag.py:545} INFO - Filling up the DagBag from /home/airflow/.local/lib/python3.12/site-packages/airflow/example_dags/example_subdag_operator.py
[2024-07-05T21:03:24.180+0000] {processor.py:840} INFO - DAG(s) 'example_subdag_operator.section-1', 'example_subdag_operator.section-2', 'example_subdag_operator' retrieved from /home/airflow/.local/lib/python3.12/site-packages/airflow/example_dags/example_subdag_operator.py
[2024-07-05T21:03:24.224+0000] {logging_mixin.py:188} INFO - [2024-07-05T21:03:24.223+0000] {dag.py:3096} INFO - Sync 3 DAGs
[2024-07-05T21:03:24.361+0000] {logging_mixin.py:188} INFO - [2024-07-05T21:03:24.360+0000] {dag.py:3954} INFO - Setting next_dagrun for example_subdag_operator to 2022-01-01 00:00:00+00:00, run_after=2022-01-01 00:00:00+00:00
[2024-07-05T21:03:24.372+0000] {logging_mixin.py:188} INFO - [2024-07-05T21:03:24.371+0000] {dag.py:3954} INFO - Setting next_dagrun for example_subdag_operator.section-1 to None, run_after=None
[2024-07-05T21:03:24.383+0000] {logging_mixin.py:188} INFO - [2024-07-05T21:03:24.381+0000] {dag.py:3954} INFO - Setting next_dagrun for example_subdag_operator.section-2 to None, run_after=None
[2024-07-05T21:03:24.446+0000] {logging_mixin.py:188} INFO - [2024-07-05T21:03:24.446+0000] {dag.py:3096} INFO - Sync 2 DAGs
[2024-07-05T21:03:24.461+0000] {logging_mixin.py:188} INFO - [2024-07-05T21:03:24.460+0000] {dag.py:3954} INFO - Setting next_dagrun for example_subdag_operator.section-1 to None, run_after=None
[2024-07-05T21:03:24.462+0000] {logging_mixin.py:188} INFO - [2024-07-05T21:03:24.462+0000] {dag.py:3954} INFO - Setting next_dagrun for example_subdag_operator.section-2 to None, run_after=None
[2024-07-05T21:03:24.495+0000] {processor.py:183} INFO - Processing /home/airflow/.local/lib/python3.12/site-packages/airflow/example_dags/example_subdag_operator.py took 0.392 seconds
[2024-07-05T21:03:58.860+0000] {processor.py:161} INFO - Started process (PID=273) to work on /home/airflow/.local/lib/python3.12/site-packages/airflow/example_dags/example_subdag_operator.py
[2024-07-05T21:03:58.880+0000] {processor.py:830} INFO - Processing file /home/airflow/.local/lib/python3.12/site-packages/airflow/example_dags/example_subdag_operator.py for tasks to queue
[2024-07-05T21:03:58.908+0000] {logging_mixin.py:188} INFO - [2024-07-05T21:03:58.907+0000] {dagbag.py:545} INFO - Filling up the DagBag from /home/airflow/.local/lib/python3.12/site-packages/airflow/example_dags/example_subdag_operator.py
[2024-07-05T21:03:59.439+0000] {processor.py:840} INFO - DAG(s) 'example_subdag_operator.section-1', 'example_subdag_operator.section-2', 'example_subdag_operator' retrieved from /home/airflow/.local/lib/python3.12/site-packages/airflow/example_dags/example_subdag_operator.py
[2024-07-05T21:03:59.801+0000] {logging_mixin.py:188} INFO - [2024-07-05T21:03:59.801+0000] {dag.py:3096} INFO - Sync 3 DAGs
[2024-07-05T21:04:00.666+0000] {logging_mixin.py:188} INFO - [2024-07-05T21:04:00.666+0000] {dag.py:3954} INFO - Setting next_dagrun for example_subdag_operator to 2022-01-01 00:00:00+00:00, run_after=2022-01-01 00:00:00+00:00
[2024-07-05T21:04:00.750+0000] {logging_mixin.py:188} INFO - [2024-07-05T21:04:00.749+0000] {dag.py:3954} INFO - Setting next_dagrun for example_subdag_operator.section-1 to None, run_after=None
[2024-07-05T21:04:00.764+0000] {logging_mixin.py:188} INFO - [2024-07-05T21:04:00.762+0000] {dag.py:3954} INFO - Setting next_dagrun for example_subdag_operator.section-2 to None, run_after=None
[2024-07-05T21:04:00.884+0000] {logging_mixin.py:188} INFO - [2024-07-05T21:04:00.884+0000] {dag.py:3096} INFO - Sync 2 DAGs
[2024-07-05T21:04:00.993+0000] {logging_mixin.py:188} INFO - [2024-07-05T21:04:00.992+0000] {dag.py:3954} INFO - Setting next_dagrun for example_subdag_operator.section-1 to None, run_after=None
[2024-07-05T21:04:01.023+0000] {logging_mixin.py:188} INFO - [2024-07-05T21:04:01.022+0000] {dag.py:3954} INFO - Setting next_dagrun for example_subdag_operator.section-2 to None, run_after=None
[2024-07-05T21:04:01.424+0000] {processor.py:183} INFO - Processing /home/airflow/.local/lib/python3.12/site-packages/airflow/example_dags/example_subdag_operator.py took 2.581 seconds
[2024-07-05T21:04:33.637+0000] {processor.py:161} INFO - Started process (PID=331) to work on /home/airflow/.local/lib/python3.12/site-packages/airflow/example_dags/example_subdag_operator.py
[2024-07-05T21:04:33.640+0000] {processor.py:830} INFO - Processing file /home/airflow/.local/lib/python3.12/site-packages/airflow/example_dags/example_subdag_operator.py for tasks to queue
[2024-07-05T21:04:33.645+0000] {logging_mixin.py:188} INFO - [2024-07-05T21:04:33.644+0000] {dagbag.py:545} INFO - Filling up the DagBag from /home/airflow/.local/lib/python3.12/site-packages/airflow/example_dags/example_subdag_operator.py
[2024-07-05T21:04:33.747+0000] {processor.py:840} INFO - DAG(s) 'example_subdag_operator.section-1', 'example_subdag_operator.section-2', 'example_subdag_operator' retrieved from /home/airflow/.local/lib/python3.12/site-packages/airflow/example_dags/example_subdag_operator.py
[2024-07-05T21:04:33.822+0000] {logging_mixin.py:188} INFO - [2024-07-05T21:04:33.821+0000] {dag.py:3096} INFO - Sync 3 DAGs
[2024-07-05T21:04:33.873+0000] {logging_mixin.py:188} INFO - [2024-07-05T21:04:33.873+0000] {dag.py:3954} INFO - Setting next_dagrun for example_subdag_operator to 2022-01-01 00:00:00+00:00, run_after=2022-01-01 00:00:00+00:00
[2024-07-05T21:04:33.885+0000] {logging_mixin.py:188} INFO - [2024-07-05T21:04:33.884+0000] {dag.py:3954} INFO - Setting next_dagrun for example_subdag_operator.section-1 to None, run_after=None
[2024-07-05T21:04:33.891+0000] {logging_mixin.py:188} INFO - [2024-07-05T21:04:33.890+0000] {dag.py:3954} INFO - Setting next_dagrun for example_subdag_operator.section-2 to None, run_after=None
[2024-07-05T21:04:33.912+0000] {logging_mixin.py:188} INFO - [2024-07-05T21:04:33.912+0000] {dag.py:3096} INFO - Sync 2 DAGs
[2024-07-05T21:04:33.929+0000] {logging_mixin.py:188} INFO - [2024-07-05T21:04:33.929+0000] {dag.py:3954} INFO - Setting next_dagrun for example_subdag_operator.section-1 to None, run_after=None
[2024-07-05T21:04:33.934+0000] {logging_mixin.py:188} INFO - [2024-07-05T21:04:33.933+0000] {dag.py:3954} INFO - Setting next_dagrun for example_subdag_operator.section-2 to None, run_after=None
[2024-07-05T21:04:33.965+0000] {processor.py:183} INFO - Processing /home/airflow/.local/lib/python3.12/site-packages/airflow/example_dags/example_subdag_operator.py took 0.340 seconds
[2024-07-05T21:05:04.246+0000] {processor.py:161} INFO - Started process (PID=384) to work on /home/airflow/.local/lib/python3.12/site-packages/airflow/example_dags/example_subdag_operator.py
[2024-07-05T21:05:04.248+0000] {processor.py:830} INFO - Processing file /home/airflow/.local/lib/python3.12/site-packages/airflow/example_dags/example_subdag_operator.py for tasks to queue
[2024-07-05T21:05:04.251+0000] {logging_mixin.py:188} INFO - [2024-07-05T21:05:04.250+0000] {dagbag.py:545} INFO - Filling up the DagBag from /home/airflow/.local/lib/python3.12/site-packages/airflow/example_dags/example_subdag_operator.py
[2024-07-05T21:05:04.286+0000] {processor.py:840} INFO - DAG(s) 'example_subdag_operator.section-1', 'example_subdag_operator.section-2', 'example_subdag_operator' retrieved from /home/airflow/.local/lib/python3.12/site-packages/airflow/example_dags/example_subdag_operator.py
[2024-07-05T21:05:04.310+0000] {logging_mixin.py:188} INFO - [2024-07-05T21:05:04.310+0000] {dag.py:3096} INFO - Sync 3 DAGs
[2024-07-05T21:05:04.342+0000] {logging_mixin.py:188} INFO - [2024-07-05T21:05:04.342+0000] {dag.py:3954} INFO - Setting next_dagrun for example_subdag_operator to 2022-01-01 00:00:00+00:00, run_after=2022-01-01 00:00:00+00:00
[2024-07-05T21:05:04.348+0000] {logging_mixin.py:188} INFO - [2024-07-05T21:05:04.348+0000] {dag.py:3954} INFO - Setting next_dagrun for example_subdag_operator.section-1 to None, run_after=None
[2024-07-05T21:05:04.352+0000] {logging_mixin.py:188} INFO - [2024-07-05T21:05:04.351+0000] {dag.py:3954} INFO - Setting next_dagrun for example_subdag_operator.section-2 to None, run_after=None
[2024-07-05T21:05:04.364+0000] {logging_mixin.py:188} INFO - [2024-07-05T21:05:04.364+0000] {dag.py:3096} INFO - Sync 2 DAGs
[2024-07-05T21:05:04.372+0000] {logging_mixin.py:188} INFO - [2024-07-05T21:05:04.372+0000] {dag.py:3954} INFO - Setting next_dagrun for example_subdag_operator.section-1 to None, run_after=None
[2024-07-05T21:05:04.374+0000] {logging_mixin.py:188} INFO - [2024-07-05T21:05:04.373+0000] {dag.py:3954} INFO - Setting next_dagrun for example_subdag_operator.section-2 to None, run_after=None
[2024-07-05T21:05:04.391+0000] {processor.py:183} INFO - Processing /home/airflow/.local/lib/python3.12/site-packages/airflow/example_dags/example_subdag_operator.py took 0.154 seconds
[2024-07-05T21:05:35.060+0000] {processor.py:161} INFO - Started process (PID=441) to work on /home/airflow/.local/lib/python3.12/site-packages/airflow/example_dags/example_subdag_operator.py
[2024-07-05T21:05:35.069+0000] {processor.py:830} INFO - Processing file /home/airflow/.local/lib/python3.12/site-packages/airflow/example_dags/example_subdag_operator.py for tasks to queue
[2024-07-05T21:05:35.073+0000] {logging_mixin.py:188} INFO - [2024-07-05T21:05:35.073+0000] {dagbag.py:545} INFO - Filling up the DagBag from /home/airflow/.local/lib/python3.12/site-packages/airflow/example_dags/example_subdag_operator.py
[2024-07-05T21:05:35.129+0000] {processor.py:840} INFO - DAG(s) 'example_subdag_operator.section-1', 'example_subdag_operator.section-2', 'example_subdag_operator' retrieved from /home/airflow/.local/lib/python3.12/site-packages/airflow/example_dags/example_subdag_operator.py
[2024-07-05T21:05:35.170+0000] {logging_mixin.py:188} INFO - [2024-07-05T21:05:35.170+0000] {dag.py:3096} INFO - Sync 3 DAGs
[2024-07-05T21:05:35.327+0000] {logging_mixin.py:188} INFO - [2024-07-05T21:05:35.326+0000] {dag.py:3954} INFO - Setting next_dagrun for example_subdag_operator to 2022-01-01 00:00:00+00:00, run_after=2022-01-01 00:00:00+00:00
[2024-07-05T21:05:35.349+0000] {logging_mixin.py:188} INFO - [2024-07-05T21:05:35.349+0000] {dag.py:3954} INFO - Setting next_dagrun for example_subdag_operator.section-1 to None, run_after=None
[2024-07-05T21:05:35.357+0000] {logging_mixin.py:188} INFO - [2024-07-05T21:05:35.354+0000] {dag.py:3954} INFO - Setting next_dagrun for example_subdag_operator.section-2 to None, run_after=None
[2024-07-05T21:05:35.376+0000] {logging_mixin.py:188} INFO - [2024-07-05T21:05:35.375+0000] {dag.py:3096} INFO - Sync 2 DAGs
[2024-07-05T21:05:35.389+0000] {logging_mixin.py:188} INFO - [2024-07-05T21:05:35.389+0000] {dag.py:3954} INFO - Setting next_dagrun for example_subdag_operator.section-1 to None, run_after=None
[2024-07-05T21:05:35.391+0000] {logging_mixin.py:188} INFO - [2024-07-05T21:05:35.390+0000] {dag.py:3954} INFO - Setting next_dagrun for example_subdag_operator.section-2 to None, run_after=None
[2024-07-05T21:05:35.416+0000] {processor.py:183} INFO - Processing /home/airflow/.local/lib/python3.12/site-packages/airflow/example_dags/example_subdag_operator.py took 0.382 seconds
[2024-07-05T21:06:05.492+0000] {processor.py:161} INFO - Started process (PID=499) to work on /home/airflow/.local/lib/python3.12/site-packages/airflow/example_dags/example_subdag_operator.py
[2024-07-05T21:06:05.493+0000] {processor.py:830} INFO - Processing file /home/airflow/.local/lib/python3.12/site-packages/airflow/example_dags/example_subdag_operator.py for tasks to queue
[2024-07-05T21:06:05.497+0000] {logging_mixin.py:188} INFO - [2024-07-05T21:06:05.497+0000] {dagbag.py:545} INFO - Filling up the DagBag from /home/airflow/.local/lib/python3.12/site-packages/airflow/example_dags/example_subdag_operator.py
[2024-07-05T21:06:05.535+0000] {processor.py:840} INFO - DAG(s) 'example_subdag_operator.section-1', 'example_subdag_operator.section-2', 'example_subdag_operator' retrieved from /home/airflow/.local/lib/python3.12/site-packages/airflow/example_dags/example_subdag_operator.py
[2024-07-05T21:06:05.560+0000] {logging_mixin.py:188} INFO - [2024-07-05T21:06:05.560+0000] {dag.py:3096} INFO - Sync 3 DAGs
[2024-07-05T21:06:05.595+0000] {logging_mixin.py:188} INFO - [2024-07-05T21:06:05.594+0000] {dag.py:3954} INFO - Setting next_dagrun for example_subdag_operator to 2022-01-01 00:00:00+00:00, run_after=2022-01-01 00:00:00+00:00
[2024-07-05T21:06:05.605+0000] {logging_mixin.py:188} INFO - [2024-07-05T21:06:05.604+0000] {dag.py:3954} INFO - Setting next_dagrun for example_subdag_operator.section-1 to None, run_after=None
[2024-07-05T21:06:05.612+0000] {logging_mixin.py:188} INFO - [2024-07-05T21:06:05.611+0000] {dag.py:3954} INFO - Setting next_dagrun for example_subdag_operator.section-2 to None, run_after=None
[2024-07-05T21:06:05.625+0000] {logging_mixin.py:188} INFO - [2024-07-05T21:06:05.624+0000] {dag.py:3096} INFO - Sync 2 DAGs
[2024-07-05T21:06:05.640+0000] {logging_mixin.py:188} INFO - [2024-07-05T21:06:05.639+0000] {dag.py:3954} INFO - Setting next_dagrun for example_subdag_operator.section-1 to None, run_after=None
[2024-07-05T21:06:05.642+0000] {logging_mixin.py:188} INFO - [2024-07-05T21:06:05.641+0000] {dag.py:3954} INFO - Setting next_dagrun for example_subdag_operator.section-2 to None, run_after=None
[2024-07-05T21:06:05.662+0000] {processor.py:183} INFO - Processing /home/airflow/.local/lib/python3.12/site-packages/airflow/example_dags/example_subdag_operator.py took 0.180 seconds
[2024-07-05T21:06:37.265+0000] {processor.py:161} INFO - Started process (PID=553) to work on /home/airflow/.local/lib/python3.12/site-packages/airflow/example_dags/example_subdag_operator.py
[2024-07-05T21:06:37.268+0000] {processor.py:830} INFO - Processing file /home/airflow/.local/lib/python3.12/site-packages/airflow/example_dags/example_subdag_operator.py for tasks to queue
[2024-07-05T21:06:37.274+0000] {logging_mixin.py:188} INFO - [2024-07-05T21:06:37.273+0000] {dagbag.py:545} INFO - Filling up the DagBag from /home/airflow/.local/lib/python3.12/site-packages/airflow/example_dags/example_subdag_operator.py
[2024-07-05T21:06:37.406+0000] {processor.py:840} INFO - DAG(s) 'example_subdag_operator.section-1', 'example_subdag_operator.section-2', 'example_subdag_operator' retrieved from /home/airflow/.local/lib/python3.12/site-packages/airflow/example_dags/example_subdag_operator.py
[2024-07-05T21:06:37.473+0000] {logging_mixin.py:188} INFO - [2024-07-05T21:06:37.473+0000] {dag.py:3096} INFO - Sync 3 DAGs
[2024-07-05T21:06:37.620+0000] {logging_mixin.py:188} INFO - [2024-07-05T21:06:37.619+0000] {dag.py:3954} INFO - Setting next_dagrun for example_subdag_operator to 2022-01-01 00:00:00+00:00, run_after=2022-01-01 00:00:00+00:00
[2024-07-05T21:06:37.639+0000] {logging_mixin.py:188} INFO - [2024-07-05T21:06:37.638+0000] {dag.py:3954} INFO - Setting next_dagrun for example_subdag_operator.section-1 to None, run_after=None
[2024-07-05T21:06:37.662+0000] {logging_mixin.py:188} INFO - [2024-07-05T21:06:37.661+0000] {dag.py:3954} INFO - Setting next_dagrun for example_subdag_operator.section-2 to None, run_after=None
[2024-07-05T21:06:37.700+0000] {logging_mixin.py:188} INFO - [2024-07-05T21:06:37.699+0000] {dag.py:3096} INFO - Sync 2 DAGs
[2024-07-05T21:06:37.715+0000] {logging_mixin.py:188} INFO - [2024-07-05T21:06:37.714+0000] {dag.py:3954} INFO - Setting next_dagrun for example_subdag_operator.section-1 to None, run_after=None
[2024-07-05T21:06:37.716+0000] {logging_mixin.py:188} INFO - [2024-07-05T21:06:37.716+0000] {dag.py:3954} INFO - Setting next_dagrun for example_subdag_operator.section-2 to None, run_after=None
[2024-07-05T21:06:37.749+0000] {processor.py:183} INFO - Processing /home/airflow/.local/lib/python3.12/site-packages/airflow/example_dags/example_subdag_operator.py took 0.547 seconds
[2024-07-05T21:07:08.170+0000] {processor.py:161} INFO - Started process (PID=611) to work on /home/airflow/.local/lib/python3.12/site-packages/airflow/example_dags/example_subdag_operator.py
[2024-07-05T21:07:08.172+0000] {processor.py:830} INFO - Processing file /home/airflow/.local/lib/python3.12/site-packages/airflow/example_dags/example_subdag_operator.py for tasks to queue
[2024-07-05T21:07:08.175+0000] {logging_mixin.py:188} INFO - [2024-07-05T21:07:08.175+0000] {dagbag.py:545} INFO - Filling up the DagBag from /home/airflow/.local/lib/python3.12/site-packages/airflow/example_dags/example_subdag_operator.py
[2024-07-05T21:07:08.218+0000] {processor.py:840} INFO - DAG(s) 'example_subdag_operator.section-1', 'example_subdag_operator.section-2', 'example_subdag_operator' retrieved from /home/airflow/.local/lib/python3.12/site-packages/airflow/example_dags/example_subdag_operator.py
[2024-07-05T21:07:08.254+0000] {logging_mixin.py:188} INFO - [2024-07-05T21:07:08.254+0000] {dag.py:3096} INFO - Sync 3 DAGs
[2024-07-05T21:07:08.302+0000] {logging_mixin.py:188} INFO - [2024-07-05T21:07:08.301+0000] {dag.py:3954} INFO - Setting next_dagrun for example_subdag_operator to 2022-01-01 00:00:00+00:00, run_after=2022-01-01 00:00:00+00:00
[2024-07-05T21:07:08.311+0000] {logging_mixin.py:188} INFO - [2024-07-05T21:07:08.310+0000] {dag.py:3954} INFO - Setting next_dagrun for example_subdag_operator.section-1 to None, run_after=None
[2024-07-05T21:07:08.314+0000] {logging_mixin.py:188} INFO - [2024-07-05T21:07:08.314+0000] {dag.py:3954} INFO - Setting next_dagrun for example_subdag_operator.section-2 to None, run_after=None
[2024-07-05T21:07:08.332+0000] {logging_mixin.py:188} INFO - [2024-07-05T21:07:08.331+0000] {dag.py:3096} INFO - Sync 2 DAGs
[2024-07-05T21:07:08.350+0000] {logging_mixin.py:188} INFO - [2024-07-05T21:07:08.349+0000] {dag.py:3954} INFO - Setting next_dagrun for example_subdag_operator.section-1 to None, run_after=None
[2024-07-05T21:07:08.355+0000] {logging_mixin.py:188} INFO - [2024-07-05T21:07:08.355+0000] {dag.py:3954} INFO - Setting next_dagrun for example_subdag_operator.section-2 to None, run_after=None
[2024-07-05T21:07:08.379+0000] {processor.py:183} INFO - Processing /home/airflow/.local/lib/python3.12/site-packages/airflow/example_dags/example_subdag_operator.py took 0.220 seconds
[2024-07-05T21:07:39.189+0000] {processor.py:161} INFO - Started process (PID=669) to work on /home/airflow/.local/lib/python3.12/site-packages/airflow/example_dags/example_subdag_operator.py
[2024-07-05T21:07:39.192+0000] {processor.py:830} INFO - Processing file /home/airflow/.local/lib/python3.12/site-packages/airflow/example_dags/example_subdag_operator.py for tasks to queue
[2024-07-05T21:07:39.195+0000] {logging_mixin.py:188} INFO - [2024-07-05T21:07:39.195+0000] {dagbag.py:545} INFO - Filling up the DagBag from /home/airflow/.local/lib/python3.12/site-packages/airflow/example_dags/example_subdag_operator.py
[2024-07-05T21:07:39.242+0000] {processor.py:840} INFO - DAG(s) 'example_subdag_operator.section-1', 'example_subdag_operator.section-2', 'example_subdag_operator' retrieved from /home/airflow/.local/lib/python3.12/site-packages/airflow/example_dags/example_subdag_operator.py
[2024-07-05T21:07:39.268+0000] {logging_mixin.py:188} INFO - [2024-07-05T21:07:39.267+0000] {dag.py:3096} INFO - Sync 3 DAGs
[2024-07-05T21:07:39.309+0000] {logging_mixin.py:188} INFO - [2024-07-05T21:07:39.309+0000] {dag.py:3954} INFO - Setting next_dagrun for example_subdag_operator to 2022-01-01 00:00:00+00:00, run_after=2022-01-01 00:00:00+00:00
[2024-07-05T21:07:39.318+0000] {logging_mixin.py:188} INFO - [2024-07-05T21:07:39.318+0000] {dag.py:3954} INFO - Setting next_dagrun for example_subdag_operator.section-1 to None, run_after=None
[2024-07-05T21:07:39.321+0000] {logging_mixin.py:188} INFO - [2024-07-05T21:07:39.321+0000] {dag.py:3954} INFO - Setting next_dagrun for example_subdag_operator.section-2 to None, run_after=None
[2024-07-05T21:07:39.339+0000] {logging_mixin.py:188} INFO - [2024-07-05T21:07:39.339+0000] {dag.py:3096} INFO - Sync 2 DAGs
[2024-07-05T21:07:39.348+0000] {logging_mixin.py:188} INFO - [2024-07-05T21:07:39.348+0000] {dag.py:3954} INFO - Setting next_dagrun for example_subdag_operator.section-1 to None, run_after=None
[2024-07-05T21:07:39.350+0000] {logging_mixin.py:188} INFO - [2024-07-05T21:07:39.350+0000] {dag.py:3954} INFO - Setting next_dagrun for example_subdag_operator.section-2 to None, run_after=None
[2024-07-05T21:07:39.373+0000] {processor.py:183} INFO - Processing /home/airflow/.local/lib/python3.12/site-packages/airflow/example_dags/example_subdag_operator.py took 0.192 seconds
[2024-07-05T21:08:09.661+0000] {processor.py:161} INFO - Started process (PID=727) to work on /home/airflow/.local/lib/python3.12/site-packages/airflow/example_dags/example_subdag_operator.py
[2024-07-05T21:08:09.663+0000] {processor.py:830} INFO - Processing file /home/airflow/.local/lib/python3.12/site-packages/airflow/example_dags/example_subdag_operator.py for tasks to queue
[2024-07-05T21:08:09.669+0000] {logging_mixin.py:188} INFO - [2024-07-05T21:08:09.668+0000] {dagbag.py:545} INFO - Filling up the DagBag from /home/airflow/.local/lib/python3.12/site-packages/airflow/example_dags/example_subdag_operator.py
[2024-07-05T21:08:09.726+0000] {processor.py:840} INFO - DAG(s) 'example_subdag_operator.section-1', 'example_subdag_operator.section-2', 'example_subdag_operator' retrieved from /home/airflow/.local/lib/python3.12/site-packages/airflow/example_dags/example_subdag_operator.py
[2024-07-05T21:08:09.774+0000] {logging_mixin.py:188} INFO - [2024-07-05T21:08:09.772+0000] {dag.py:3096} INFO - Sync 3 DAGs
[2024-07-05T21:08:09.871+0000] {logging_mixin.py:188} INFO - [2024-07-05T21:08:09.870+0000] {dag.py:3954} INFO - Setting next_dagrun for example_subdag_operator to 2022-01-01 00:00:00+00:00, run_after=2022-01-01 00:00:00+00:00
[2024-07-05T21:08:09.878+0000] {logging_mixin.py:188} INFO - [2024-07-05T21:08:09.877+0000] {dag.py:3954} INFO - Setting next_dagrun for example_subdag_operator.section-1 to None, run_after=None
[2024-07-05T21:08:09.889+0000] {logging_mixin.py:188} INFO - [2024-07-05T21:08:09.888+0000] {dag.py:3954} INFO - Setting next_dagrun for example_subdag_operator.section-2 to None, run_after=None
[2024-07-05T21:08:09.923+0000] {logging_mixin.py:188} INFO - [2024-07-05T21:08:09.922+0000] {dag.py:3096} INFO - Sync 2 DAGs
[2024-07-05T21:08:09.940+0000] {logging_mixin.py:188} INFO - [2024-07-05T21:08:09.939+0000] {dag.py:3954} INFO - Setting next_dagrun for example_subdag_operator.section-1 to None, run_after=None
[2024-07-05T21:08:09.941+0000] {logging_mixin.py:188} INFO - [2024-07-05T21:08:09.941+0000] {dag.py:3954} INFO - Setting next_dagrun for example_subdag_operator.section-2 to None, run_after=None
[2024-07-05T21:08:10.002+0000] {processor.py:183} INFO - Processing /home/airflow/.local/lib/python3.12/site-packages/airflow/example_dags/example_subdag_operator.py took 0.352 seconds
[2024-07-05T21:08:40.235+0000] {processor.py:161} INFO - Started process (PID=786) to work on /home/airflow/.local/lib/python3.12/site-packages/airflow/example_dags/example_subdag_operator.py
[2024-07-05T21:08:40.237+0000] {processor.py:830} INFO - Processing file /home/airflow/.local/lib/python3.12/site-packages/airflow/example_dags/example_subdag_operator.py for tasks to queue
[2024-07-05T21:08:40.241+0000] {logging_mixin.py:188} INFO - [2024-07-05T21:08:40.240+0000] {dagbag.py:545} INFO - Filling up the DagBag from /home/airflow/.local/lib/python3.12/site-packages/airflow/example_dags/example_subdag_operator.py
[2024-07-05T21:08:40.299+0000] {processor.py:840} INFO - DAG(s) 'example_subdag_operator.section-1', 'example_subdag_operator.section-2', 'example_subdag_operator' retrieved from /home/airflow/.local/lib/python3.12/site-packages/airflow/example_dags/example_subdag_operator.py
[2024-07-05T21:08:40.332+0000] {logging_mixin.py:188} INFO - [2024-07-05T21:08:40.331+0000] {dag.py:3096} INFO - Sync 3 DAGs
[2024-07-05T21:08:40.371+0000] {logging_mixin.py:188} INFO - [2024-07-05T21:08:40.371+0000] {dag.py:3954} INFO - Setting next_dagrun for example_subdag_operator to 2022-01-01 00:00:00+00:00, run_after=2022-01-01 00:00:00+00:00
[2024-07-05T21:08:40.377+0000] {logging_mixin.py:188} INFO - [2024-07-05T21:08:40.377+0000] {dag.py:3954} INFO - Setting next_dagrun for example_subdag_operator.section-1 to None, run_after=None
[2024-07-05T21:08:40.380+0000] {logging_mixin.py:188} INFO - [2024-07-05T21:08:40.379+0000] {dag.py:3954} INFO - Setting next_dagrun for example_subdag_operator.section-2 to None, run_after=None
[2024-07-05T21:08:40.394+0000] {logging_mixin.py:188} INFO - [2024-07-05T21:08:40.394+0000] {dag.py:3096} INFO - Sync 2 DAGs
[2024-07-05T21:08:40.407+0000] {logging_mixin.py:188} INFO - [2024-07-05T21:08:40.407+0000] {dag.py:3954} INFO - Setting next_dagrun for example_subdag_operator.section-1 to None, run_after=None
[2024-07-05T21:08:40.408+0000] {logging_mixin.py:188} INFO - [2024-07-05T21:08:40.408+0000] {dag.py:3954} INFO - Setting next_dagrun for example_subdag_operator.section-2 to None, run_after=None
[2024-07-05T21:08:40.429+0000] {processor.py:183} INFO - Processing /home/airflow/.local/lib/python3.12/site-packages/airflow/example_dags/example_subdag_operator.py took 0.207 seconds
[2024-07-05T21:09:10.725+0000] {processor.py:161} INFO - Started process (PID=844) to work on /home/airflow/.local/lib/python3.12/site-packages/airflow/example_dags/example_subdag_operator.py
[2024-07-05T21:09:10.727+0000] {processor.py:830} INFO - Processing file /home/airflow/.local/lib/python3.12/site-packages/airflow/example_dags/example_subdag_operator.py for tasks to queue
[2024-07-05T21:09:10.730+0000] {logging_mixin.py:188} INFO - [2024-07-05T21:09:10.729+0000] {dagbag.py:545} INFO - Filling up the DagBag from /home/airflow/.local/lib/python3.12/site-packages/airflow/example_dags/example_subdag_operator.py
[2024-07-05T21:09:10.789+0000] {processor.py:840} INFO - DAG(s) 'example_subdag_operator.section-1', 'example_subdag_operator.section-2', 'example_subdag_operator' retrieved from /home/airflow/.local/lib/python3.12/site-packages/airflow/example_dags/example_subdag_operator.py
[2024-07-05T21:09:10.833+0000] {logging_mixin.py:188} INFO - [2024-07-05T21:09:10.832+0000] {dag.py:3096} INFO - Sync 3 DAGs
[2024-07-05T21:09:10.874+0000] {logging_mixin.py:188} INFO - [2024-07-05T21:09:10.874+0000] {dag.py:3954} INFO - Setting next_dagrun for example_subdag_operator to 2022-01-01 00:00:00+00:00, run_after=2022-01-01 00:00:00+00:00
[2024-07-05T21:09:10.882+0000] {logging_mixin.py:188} INFO - [2024-07-05T21:09:10.881+0000] {dag.py:3954} INFO - Setting next_dagrun for example_subdag_operator.section-1 to None, run_after=None
[2024-07-05T21:09:10.885+0000] {logging_mixin.py:188} INFO - [2024-07-05T21:09:10.885+0000] {dag.py:3954} INFO - Setting next_dagrun for example_subdag_operator.section-2 to None, run_after=None
[2024-07-05T21:09:10.903+0000] {logging_mixin.py:188} INFO - [2024-07-05T21:09:10.903+0000] {dag.py:3096} INFO - Sync 2 DAGs
[2024-07-05T21:09:10.915+0000] {logging_mixin.py:188} INFO - [2024-07-05T21:09:10.915+0000] {dag.py:3954} INFO - Setting next_dagrun for example_subdag_operator.section-1 to None, run_after=None
[2024-07-05T21:09:10.917+0000] {logging_mixin.py:188} INFO - [2024-07-05T21:09:10.917+0000] {dag.py:3954} INFO - Setting next_dagrun for example_subdag_operator.section-2 to None, run_after=None
[2024-07-05T21:09:10.940+0000] {processor.py:183} INFO - Processing /home/airflow/.local/lib/python3.12/site-packages/airflow/example_dags/example_subdag_operator.py took 0.227 seconds
[2024-07-05T21:09:41.159+0000] {processor.py:161} INFO - Started process (PID=902) to work on /home/airflow/.local/lib/python3.12/site-packages/airflow/example_dags/example_subdag_operator.py
[2024-07-05T21:09:41.162+0000] {processor.py:830} INFO - Processing file /home/airflow/.local/lib/python3.12/site-packages/airflow/example_dags/example_subdag_operator.py for tasks to queue
[2024-07-05T21:09:41.168+0000] {logging_mixin.py:188} INFO - [2024-07-05T21:09:41.167+0000] {dagbag.py:545} INFO - Filling up the DagBag from /home/airflow/.local/lib/python3.12/site-packages/airflow/example_dags/example_subdag_operator.py
[2024-07-05T21:09:41.231+0000] {processor.py:840} INFO - DAG(s) 'example_subdag_operator.section-1', 'example_subdag_operator.section-2', 'example_subdag_operator' retrieved from /home/airflow/.local/lib/python3.12/site-packages/airflow/example_dags/example_subdag_operator.py
[2024-07-05T21:09:41.269+0000] {logging_mixin.py:188} INFO - [2024-07-05T21:09:41.269+0000] {dag.py:3096} INFO - Sync 3 DAGs
[2024-07-05T21:09:41.331+0000] {logging_mixin.py:188} INFO - [2024-07-05T21:09:41.331+0000] {dag.py:3954} INFO - Setting next_dagrun for example_subdag_operator to 2022-01-01 00:00:00+00:00, run_after=2022-01-01 00:00:00+00:00
[2024-07-05T21:09:41.341+0000] {logging_mixin.py:188} INFO - [2024-07-05T21:09:41.341+0000] {dag.py:3954} INFO - Setting next_dagrun for example_subdag_operator.section-1 to None, run_after=None
[2024-07-05T21:09:41.345+0000] {logging_mixin.py:188} INFO - [2024-07-05T21:09:41.344+0000] {dag.py:3954} INFO - Setting next_dagrun for example_subdag_operator.section-2 to None, run_after=None
[2024-07-05T21:09:41.364+0000] {logging_mixin.py:188} INFO - [2024-07-05T21:09:41.364+0000] {dag.py:3096} INFO - Sync 2 DAGs
[2024-07-05T21:09:41.377+0000] {logging_mixin.py:188} INFO - [2024-07-05T21:09:41.377+0000] {dag.py:3954} INFO - Setting next_dagrun for example_subdag_operator.section-1 to None, run_after=None
[2024-07-05T21:09:41.379+0000] {logging_mixin.py:188} INFO - [2024-07-05T21:09:41.378+0000] {dag.py:3954} INFO - Setting next_dagrun for example_subdag_operator.section-2 to None, run_after=None
[2024-07-05T21:09:41.420+0000] {processor.py:183} INFO - Processing /home/airflow/.local/lib/python3.12/site-packages/airflow/example_dags/example_subdag_operator.py took 0.274 seconds
