[2024-07-11T00:00:02.070+0000] {processor.py:161} INFO - Started process (PID=3982) to work on /home/airflow/.local/lib/python3.12/site-packages/airflow/example_dags/example_latest_only_with_trigger.py
[2024-07-11T00:00:02.073+0000] {processor.py:830} INFO - Processing file /home/airflow/.local/lib/python3.12/site-packages/airflow/example_dags/example_latest_only_with_trigger.py for tasks to queue
[2024-07-11T00:00:02.075+0000] {logging_mixin.py:188} INFO - [2024-07-11T00:00:02.074+0000] {dagbag.py:545} INFO - Filling up the DagBag from /home/airflow/.local/lib/python3.12/site-packages/airflow/example_dags/example_latest_only_with_trigger.py
[2024-07-11T00:00:02.088+0000] {processor.py:840} INFO - DAG(s) 'latest_only_with_trigger' retrieved from /home/airflow/.local/lib/python3.12/site-packages/airflow/example_dags/example_latest_only_with_trigger.py
[2024-07-11T00:00:02.155+0000] {logging_mixin.py:188} INFO - [2024-07-11T00:00:02.154+0000] {dag.py:3096} INFO - Sync 1 DAGs
[2024-07-11T00:00:02.197+0000] {logging_mixin.py:188} INFO - [2024-07-11T00:00:02.197+0000] {dag.py:3954} INFO - Setting next_dagrun for latest_only_with_trigger to 2024-07-10 20:00:00+00:00, run_after=2024-07-11 00:00:00+00:00
[2024-07-11T00:00:02.235+0000] {processor.py:183} INFO - Processing /home/airflow/.local/lib/python3.12/site-packages/airflow/example_dags/example_latest_only_with_trigger.py took 0.181 seconds
[2024-07-11T00:00:32.686+0000] {processor.py:161} INFO - Started process (PID=4041) to work on /home/airflow/.local/lib/python3.12/site-packages/airflow/example_dags/example_latest_only_with_trigger.py
[2024-07-11T00:00:32.690+0000] {processor.py:830} INFO - Processing file /home/airflow/.local/lib/python3.12/site-packages/airflow/example_dags/example_latest_only_with_trigger.py for tasks to queue
[2024-07-11T00:00:32.696+0000] {logging_mixin.py:188} INFO - [2024-07-11T00:00:32.696+0000] {dagbag.py:545} INFO - Filling up the DagBag from /home/airflow/.local/lib/python3.12/site-packages/airflow/example_dags/example_latest_only_with_trigger.py
[2024-07-11T00:00:32.726+0000] {processor.py:840} INFO - DAG(s) 'latest_only_with_trigger' retrieved from /home/airflow/.local/lib/python3.12/site-packages/airflow/example_dags/example_latest_only_with_trigger.py
[2024-07-11T00:00:32.789+0000] {logging_mixin.py:188} INFO - [2024-07-11T00:00:32.788+0000] {dag.py:3096} INFO - Sync 1 DAGs
[2024-07-11T00:00:32.843+0000] {logging_mixin.py:188} INFO - [2024-07-11T00:00:32.842+0000] {dag.py:3954} INFO - Setting next_dagrun for latest_only_with_trigger to 2024-07-10 20:00:00+00:00, run_after=2024-07-11 00:00:00+00:00
[2024-07-11T00:00:32.878+0000] {processor.py:183} INFO - Processing /home/airflow/.local/lib/python3.12/site-packages/airflow/example_dags/example_latest_only_with_trigger.py took 0.229 seconds
[2024-07-11T00:01:03.249+0000] {processor.py:161} INFO - Started process (PID=4101) to work on /home/airflow/.local/lib/python3.12/site-packages/airflow/example_dags/example_latest_only_with_trigger.py
[2024-07-11T00:01:03.251+0000] {processor.py:830} INFO - Processing file /home/airflow/.local/lib/python3.12/site-packages/airflow/example_dags/example_latest_only_with_trigger.py for tasks to queue
[2024-07-11T00:01:03.253+0000] {logging_mixin.py:188} INFO - [2024-07-11T00:01:03.252+0000] {dagbag.py:545} INFO - Filling up the DagBag from /home/airflow/.local/lib/python3.12/site-packages/airflow/example_dags/example_latest_only_with_trigger.py
[2024-07-11T00:01:03.267+0000] {processor.py:840} INFO - DAG(s) 'latest_only_with_trigger' retrieved from /home/airflow/.local/lib/python3.12/site-packages/airflow/example_dags/example_latest_only_with_trigger.py
[2024-07-11T00:01:03.326+0000] {logging_mixin.py:188} INFO - [2024-07-11T00:01:03.326+0000] {dag.py:3096} INFO - Sync 1 DAGs
[2024-07-11T00:01:03.373+0000] {logging_mixin.py:188} INFO - [2024-07-11T00:01:03.373+0000] {dag.py:3954} INFO - Setting next_dagrun for latest_only_with_trigger to 2024-07-10 20:00:00+00:00, run_after=2024-07-11 00:00:00+00:00
[2024-07-11T00:01:03.422+0000] {processor.py:183} INFO - Processing /home/airflow/.local/lib/python3.12/site-packages/airflow/example_dags/example_latest_only_with_trigger.py took 0.186 seconds
[2024-07-11T00:01:33.658+0000] {processor.py:161} INFO - Started process (PID=4163) to work on /home/airflow/.local/lib/python3.12/site-packages/airflow/example_dags/example_latest_only_with_trigger.py
[2024-07-11T00:01:33.660+0000] {processor.py:830} INFO - Processing file /home/airflow/.local/lib/python3.12/site-packages/airflow/example_dags/example_latest_only_with_trigger.py for tasks to queue
[2024-07-11T00:01:33.663+0000] {logging_mixin.py:188} INFO - [2024-07-11T00:01:33.662+0000] {dagbag.py:545} INFO - Filling up the DagBag from /home/airflow/.local/lib/python3.12/site-packages/airflow/example_dags/example_latest_only_with_trigger.py
[2024-07-11T00:01:33.676+0000] {processor.py:840} INFO - DAG(s) 'latest_only_with_trigger' retrieved from /home/airflow/.local/lib/python3.12/site-packages/airflow/example_dags/example_latest_only_with_trigger.py
[2024-07-11T00:01:33.743+0000] {logging_mixin.py:188} INFO - [2024-07-11T00:01:33.743+0000] {dag.py:3096} INFO - Sync 1 DAGs
[2024-07-11T00:01:33.796+0000] {logging_mixin.py:188} INFO - [2024-07-11T00:01:33.795+0000] {dag.py:3954} INFO - Setting next_dagrun for latest_only_with_trigger to 2024-07-10 20:00:00+00:00, run_after=2024-07-11 00:00:00+00:00
[2024-07-11T00:01:33.841+0000] {processor.py:183} INFO - Processing /home/airflow/.local/lib/python3.12/site-packages/airflow/example_dags/example_latest_only_with_trigger.py took 0.197 seconds
[2024-07-11T00:02:04.729+0000] {processor.py:161} INFO - Started process (PID=4222) to work on /home/airflow/.local/lib/python3.12/site-packages/airflow/example_dags/example_latest_only_with_trigger.py
[2024-07-11T00:02:04.730+0000] {processor.py:830} INFO - Processing file /home/airflow/.local/lib/python3.12/site-packages/airflow/example_dags/example_latest_only_with_trigger.py for tasks to queue
[2024-07-11T00:02:04.732+0000] {logging_mixin.py:188} INFO - [2024-07-11T00:02:04.731+0000] {dagbag.py:545} INFO - Filling up the DagBag from /home/airflow/.local/lib/python3.12/site-packages/airflow/example_dags/example_latest_only_with_trigger.py
[2024-07-11T00:02:04.743+0000] {processor.py:840} INFO - DAG(s) 'latest_only_with_trigger' retrieved from /home/airflow/.local/lib/python3.12/site-packages/airflow/example_dags/example_latest_only_with_trigger.py
[2024-07-11T00:02:04.796+0000] {logging_mixin.py:188} INFO - [2024-07-11T00:02:04.796+0000] {dag.py:3096} INFO - Sync 1 DAGs
[2024-07-11T00:02:04.834+0000] {logging_mixin.py:188} INFO - [2024-07-11T00:02:04.834+0000] {dag.py:3954} INFO - Setting next_dagrun for latest_only_with_trigger to 2024-07-10 20:00:00+00:00, run_after=2024-07-11 00:00:00+00:00
[2024-07-11T00:02:04.870+0000] {processor.py:183} INFO - Processing /home/airflow/.local/lib/python3.12/site-packages/airflow/example_dags/example_latest_only_with_trigger.py took 0.156 seconds
[2024-07-11T00:02:35.136+0000] {processor.py:161} INFO - Started process (PID=4282) to work on /home/airflow/.local/lib/python3.12/site-packages/airflow/example_dags/example_latest_only_with_trigger.py
[2024-07-11T00:02:35.138+0000] {processor.py:830} INFO - Processing file /home/airflow/.local/lib/python3.12/site-packages/airflow/example_dags/example_latest_only_with_trigger.py for tasks to queue
[2024-07-11T00:02:35.148+0000] {logging_mixin.py:188} INFO - [2024-07-11T00:02:35.147+0000] {dagbag.py:545} INFO - Filling up the DagBag from /home/airflow/.local/lib/python3.12/site-packages/airflow/example_dags/example_latest_only_with_trigger.py
[2024-07-11T00:02:35.166+0000] {processor.py:840} INFO - DAG(s) 'latest_only_with_trigger' retrieved from /home/airflow/.local/lib/python3.12/site-packages/airflow/example_dags/example_latest_only_with_trigger.py
[2024-07-11T00:02:35.237+0000] {logging_mixin.py:188} INFO - [2024-07-11T00:02:35.236+0000] {dag.py:3096} INFO - Sync 1 DAGs
[2024-07-11T00:02:35.304+0000] {logging_mixin.py:188} INFO - [2024-07-11T00:02:35.304+0000] {dag.py:3954} INFO - Setting next_dagrun for latest_only_with_trigger to 2024-07-10 20:00:00+00:00, run_after=2024-07-11 00:00:00+00:00
[2024-07-11T00:02:35.364+0000] {processor.py:183} INFO - Processing /home/airflow/.local/lib/python3.12/site-packages/airflow/example_dags/example_latest_only_with_trigger.py took 0.247 seconds
[2024-07-11T00:03:05.525+0000] {processor.py:161} INFO - Started process (PID=4344) to work on /home/airflow/.local/lib/python3.12/site-packages/airflow/example_dags/example_latest_only_with_trigger.py
[2024-07-11T00:03:05.528+0000] {processor.py:830} INFO - Processing file /home/airflow/.local/lib/python3.12/site-packages/airflow/example_dags/example_latest_only_with_trigger.py for tasks to queue
[2024-07-11T00:03:05.531+0000] {logging_mixin.py:188} INFO - [2024-07-11T00:03:05.531+0000] {dagbag.py:545} INFO - Filling up the DagBag from /home/airflow/.local/lib/python3.12/site-packages/airflow/example_dags/example_latest_only_with_trigger.py
[2024-07-11T00:03:05.548+0000] {processor.py:840} INFO - DAG(s) 'latest_only_with_trigger' retrieved from /home/airflow/.local/lib/python3.12/site-packages/airflow/example_dags/example_latest_only_with_trigger.py
[2024-07-11T00:03:05.621+0000] {logging_mixin.py:188} INFO - [2024-07-11T00:03:05.621+0000] {dag.py:3096} INFO - Sync 1 DAGs
[2024-07-11T00:03:05.663+0000] {logging_mixin.py:188} INFO - [2024-07-11T00:03:05.662+0000] {dag.py:3954} INFO - Setting next_dagrun for latest_only_with_trigger to 2024-07-10 20:00:00+00:00, run_after=2024-07-11 00:00:00+00:00
[2024-07-11T00:03:05.701+0000] {processor.py:183} INFO - Processing /home/airflow/.local/lib/python3.12/site-packages/airflow/example_dags/example_latest_only_with_trigger.py took 0.192 seconds
[2024-07-11T00:03:36.353+0000] {processor.py:161} INFO - Started process (PID=4403) to work on /home/airflow/.local/lib/python3.12/site-packages/airflow/example_dags/example_latest_only_with_trigger.py
[2024-07-11T00:03:36.355+0000] {processor.py:830} INFO - Processing file /home/airflow/.local/lib/python3.12/site-packages/airflow/example_dags/example_latest_only_with_trigger.py for tasks to queue
[2024-07-11T00:03:36.358+0000] {logging_mixin.py:188} INFO - [2024-07-11T00:03:36.357+0000] {dagbag.py:545} INFO - Filling up the DagBag from /home/airflow/.local/lib/python3.12/site-packages/airflow/example_dags/example_latest_only_with_trigger.py
[2024-07-11T00:03:36.385+0000] {processor.py:840} INFO - DAG(s) 'latest_only_with_trigger' retrieved from /home/airflow/.local/lib/python3.12/site-packages/airflow/example_dags/example_latest_only_with_trigger.py
[2024-07-11T00:03:36.463+0000] {logging_mixin.py:188} INFO - [2024-07-11T00:03:36.462+0000] {dag.py:3096} INFO - Sync 1 DAGs
[2024-07-11T00:03:36.533+0000] {logging_mixin.py:188} INFO - [2024-07-11T00:03:36.533+0000] {dag.py:3954} INFO - Setting next_dagrun for latest_only_with_trigger to 2024-07-10 20:00:00+00:00, run_after=2024-07-11 00:00:00+00:00
[2024-07-11T00:03:36.595+0000] {processor.py:183} INFO - Processing /home/airflow/.local/lib/python3.12/site-packages/airflow/example_dags/example_latest_only_with_trigger.py took 0.266 seconds
[2024-07-11T00:04:10.559+0000] {processor.py:161} INFO - Started process (PID=4463) to work on /home/airflow/.local/lib/python3.12/site-packages/airflow/example_dags/example_latest_only_with_trigger.py
[2024-07-11T00:04:10.571+0000] {processor.py:830} INFO - Processing file /home/airflow/.local/lib/python3.12/site-packages/airflow/example_dags/example_latest_only_with_trigger.py for tasks to queue
[2024-07-11T00:04:10.577+0000] {logging_mixin.py:188} INFO - [2024-07-11T00:04:10.575+0000] {dagbag.py:545} INFO - Filling up the DagBag from /home/airflow/.local/lib/python3.12/site-packages/airflow/example_dags/example_latest_only_with_trigger.py
[2024-07-11T00:04:10.618+0000] {processor.py:840} INFO - DAG(s) 'latest_only_with_trigger' retrieved from /home/airflow/.local/lib/python3.12/site-packages/airflow/example_dags/example_latest_only_with_trigger.py
[2024-07-11T00:04:10.694+0000] {logging_mixin.py:188} INFO - [2024-07-11T00:04:10.693+0000] {dag.py:3096} INFO - Sync 1 DAGs
[2024-07-11T00:04:10.753+0000] {logging_mixin.py:188} INFO - [2024-07-11T00:04:10.752+0000] {dag.py:3954} INFO - Setting next_dagrun for latest_only_with_trigger to 2024-07-10 20:00:00+00:00, run_after=2024-07-11 00:00:00+00:00
[2024-07-11T00:04:10.795+0000] {processor.py:183} INFO - Processing /home/airflow/.local/lib/python3.12/site-packages/airflow/example_dags/example_latest_only_with_trigger.py took 0.251 seconds
[2024-07-11T00:04:42.417+0000] {processor.py:161} INFO - Started process (PID=4523) to work on /home/airflow/.local/lib/python3.12/site-packages/airflow/example_dags/example_latest_only_with_trigger.py
[2024-07-11T00:04:42.443+0000] {processor.py:830} INFO - Processing file /home/airflow/.local/lib/python3.12/site-packages/airflow/example_dags/example_latest_only_with_trigger.py for tasks to queue
[2024-07-11T00:04:42.445+0000] {logging_mixin.py:188} INFO - [2024-07-11T00:04:42.444+0000] {dagbag.py:545} INFO - Filling up the DagBag from /home/airflow/.local/lib/python3.12/site-packages/airflow/example_dags/example_latest_only_with_trigger.py
[2024-07-11T00:04:42.459+0000] {processor.py:840} INFO - DAG(s) 'latest_only_with_trigger' retrieved from /home/airflow/.local/lib/python3.12/site-packages/airflow/example_dags/example_latest_only_with_trigger.py
[2024-07-11T00:04:42.662+0000] {logging_mixin.py:188} INFO - [2024-07-11T00:04:42.662+0000] {dag.py:3096} INFO - Sync 1 DAGs
[2024-07-11T00:04:42.749+0000] {logging_mixin.py:188} INFO - [2024-07-11T00:04:42.749+0000] {dag.py:3954} INFO - Setting next_dagrun for latest_only_with_trigger to 2024-07-10 20:00:00+00:00, run_after=2024-07-11 00:00:00+00:00
[2024-07-11T00:04:42.847+0000] {processor.py:183} INFO - Processing /home/airflow/.local/lib/python3.12/site-packages/airflow/example_dags/example_latest_only_with_trigger.py took 0.456 seconds
[2024-07-11T00:05:13.397+0000] {processor.py:161} INFO - Started process (PID=4585) to work on /home/airflow/.local/lib/python3.12/site-packages/airflow/example_dags/example_latest_only_with_trigger.py
[2024-07-11T00:05:13.411+0000] {processor.py:830} INFO - Processing file /home/airflow/.local/lib/python3.12/site-packages/airflow/example_dags/example_latest_only_with_trigger.py for tasks to queue
[2024-07-11T00:05:13.415+0000] {logging_mixin.py:188} INFO - [2024-07-11T00:05:13.414+0000] {dagbag.py:545} INFO - Filling up the DagBag from /home/airflow/.local/lib/python3.12/site-packages/airflow/example_dags/example_latest_only_with_trigger.py
[2024-07-11T00:05:13.466+0000] {processor.py:840} INFO - DAG(s) 'latest_only_with_trigger' retrieved from /home/airflow/.local/lib/python3.12/site-packages/airflow/example_dags/example_latest_only_with_trigger.py
[2024-07-11T00:05:13.666+0000] {logging_mixin.py:188} INFO - [2024-07-11T00:05:13.665+0000] {dag.py:3096} INFO - Sync 1 DAGs
[2024-07-11T00:05:13.778+0000] {logging_mixin.py:188} INFO - [2024-07-11T00:05:13.777+0000] {dag.py:3954} INFO - Setting next_dagrun for latest_only_with_trigger to 2024-07-10 20:00:00+00:00, run_after=2024-07-11 00:00:00+00:00
[2024-07-11T00:05:13.914+0000] {processor.py:183} INFO - Processing /home/airflow/.local/lib/python3.12/site-packages/airflow/example_dags/example_latest_only_with_trigger.py took 0.587 seconds
[2024-07-11T00:05:44.205+0000] {processor.py:161} INFO - Started process (PID=4645) to work on /home/airflow/.local/lib/python3.12/site-packages/airflow/example_dags/example_latest_only_with_trigger.py
[2024-07-11T00:05:44.212+0000] {processor.py:830} INFO - Processing file /home/airflow/.local/lib/python3.12/site-packages/airflow/example_dags/example_latest_only_with_trigger.py for tasks to queue
[2024-07-11T00:05:44.214+0000] {logging_mixin.py:188} INFO - [2024-07-11T00:05:44.213+0000] {dagbag.py:545} INFO - Filling up the DagBag from /home/airflow/.local/lib/python3.12/site-packages/airflow/example_dags/example_latest_only_with_trigger.py
[2024-07-11T00:05:44.232+0000] {processor.py:840} INFO - DAG(s) 'latest_only_with_trigger' retrieved from /home/airflow/.local/lib/python3.12/site-packages/airflow/example_dags/example_latest_only_with_trigger.py
[2024-07-11T00:05:44.303+0000] {logging_mixin.py:188} INFO - [2024-07-11T00:05:44.302+0000] {dag.py:3096} INFO - Sync 1 DAGs
[2024-07-11T00:05:44.346+0000] {logging_mixin.py:188} INFO - [2024-07-11T00:05:44.345+0000] {dag.py:3954} INFO - Setting next_dagrun for latest_only_with_trigger to 2024-07-10 20:00:00+00:00, run_after=2024-07-11 00:00:00+00:00
[2024-07-11T00:05:44.383+0000] {processor.py:183} INFO - Processing /home/airflow/.local/lib/python3.12/site-packages/airflow/example_dags/example_latest_only_with_trigger.py took 0.201 seconds
[2024-07-11T00:06:14.526+0000] {processor.py:161} INFO - Started process (PID=4705) to work on /home/airflow/.local/lib/python3.12/site-packages/airflow/example_dags/example_latest_only_with_trigger.py
[2024-07-11T00:06:14.534+0000] {processor.py:830} INFO - Processing file /home/airflow/.local/lib/python3.12/site-packages/airflow/example_dags/example_latest_only_with_trigger.py for tasks to queue
[2024-07-11T00:06:14.543+0000] {logging_mixin.py:188} INFO - [2024-07-11T00:06:14.538+0000] {dagbag.py:545} INFO - Filling up the DagBag from /home/airflow/.local/lib/python3.12/site-packages/airflow/example_dags/example_latest_only_with_trigger.py
[2024-07-11T00:06:14.563+0000] {processor.py:840} INFO - DAG(s) 'latest_only_with_trigger' retrieved from /home/airflow/.local/lib/python3.12/site-packages/airflow/example_dags/example_latest_only_with_trigger.py
[2024-07-11T00:06:14.669+0000] {logging_mixin.py:188} INFO - [2024-07-11T00:06:14.669+0000] {dag.py:3096} INFO - Sync 1 DAGs
[2024-07-11T00:06:14.734+0000] {logging_mixin.py:188} INFO - [2024-07-11T00:06:14.734+0000] {dag.py:3954} INFO - Setting next_dagrun for latest_only_with_trigger to 2024-07-10 20:00:00+00:00, run_after=2024-07-11 00:00:00+00:00
[2024-07-11T00:06:14.827+0000] {processor.py:183} INFO - Processing /home/airflow/.local/lib/python3.12/site-packages/airflow/example_dags/example_latest_only_with_trigger.py took 0.328 seconds
[2024-07-11T00:06:44.934+0000] {processor.py:161} INFO - Started process (PID=4764) to work on /home/airflow/.local/lib/python3.12/site-packages/airflow/example_dags/example_latest_only_with_trigger.py
[2024-07-11T00:06:44.944+0000] {processor.py:830} INFO - Processing file /home/airflow/.local/lib/python3.12/site-packages/airflow/example_dags/example_latest_only_with_trigger.py for tasks to queue
[2024-07-11T00:06:44.952+0000] {logging_mixin.py:188} INFO - [2024-07-11T00:06:44.946+0000] {dagbag.py:545} INFO - Filling up the DagBag from /home/airflow/.local/lib/python3.12/site-packages/airflow/example_dags/example_latest_only_with_trigger.py
[2024-07-11T00:06:44.969+0000] {processor.py:840} INFO - DAG(s) 'latest_only_with_trigger' retrieved from /home/airflow/.local/lib/python3.12/site-packages/airflow/example_dags/example_latest_only_with_trigger.py
[2024-07-11T00:06:45.029+0000] {logging_mixin.py:188} INFO - [2024-07-11T00:06:45.029+0000] {dag.py:3096} INFO - Sync 1 DAGs
[2024-07-11T00:06:45.113+0000] {logging_mixin.py:188} INFO - [2024-07-11T00:06:45.113+0000] {dag.py:3954} INFO - Setting next_dagrun for latest_only_with_trigger to 2024-07-10 20:00:00+00:00, run_after=2024-07-11 00:00:00+00:00
[2024-07-11T00:06:45.207+0000] {processor.py:183} INFO - Processing /home/airflow/.local/lib/python3.12/site-packages/airflow/example_dags/example_latest_only_with_trigger.py took 0.287 seconds
[2024-07-11T00:07:16.023+0000] {processor.py:161} INFO - Started process (PID=4829) to work on /home/airflow/.local/lib/python3.12/site-packages/airflow/example_dags/example_latest_only_with_trigger.py
[2024-07-11T00:07:16.025+0000] {processor.py:830} INFO - Processing file /home/airflow/.local/lib/python3.12/site-packages/airflow/example_dags/example_latest_only_with_trigger.py for tasks to queue
[2024-07-11T00:07:16.027+0000] {logging_mixin.py:188} INFO - [2024-07-11T00:07:16.026+0000] {dagbag.py:545} INFO - Filling up the DagBag from /home/airflow/.local/lib/python3.12/site-packages/airflow/example_dags/example_latest_only_with_trigger.py
[2024-07-11T00:07:16.036+0000] {processor.py:840} INFO - DAG(s) 'latest_only_with_trigger' retrieved from /home/airflow/.local/lib/python3.12/site-packages/airflow/example_dags/example_latest_only_with_trigger.py
[2024-07-11T00:07:16.071+0000] {logging_mixin.py:188} INFO - [2024-07-11T00:07:16.070+0000] {dag.py:3096} INFO - Sync 1 DAGs
[2024-07-11T00:07:16.104+0000] {logging_mixin.py:188} INFO - [2024-07-11T00:07:16.103+0000] {dag.py:3954} INFO - Setting next_dagrun for latest_only_with_trigger to 2024-07-10 20:00:00+00:00, run_after=2024-07-11 00:00:00+00:00
[2024-07-11T00:07:16.134+0000] {processor.py:183} INFO - Processing /home/airflow/.local/lib/python3.12/site-packages/airflow/example_dags/example_latest_only_with_trigger.py took 0.120 seconds
[2024-07-11T00:07:46.689+0000] {processor.py:161} INFO - Started process (PID=4889) to work on /home/airflow/.local/lib/python3.12/site-packages/airflow/example_dags/example_latest_only_with_trigger.py
[2024-07-11T00:07:46.703+0000] {processor.py:830} INFO - Processing file /home/airflow/.local/lib/python3.12/site-packages/airflow/example_dags/example_latest_only_with_trigger.py for tasks to queue
[2024-07-11T00:07:46.705+0000] {logging_mixin.py:188} INFO - [2024-07-11T00:07:46.704+0000] {dagbag.py:545} INFO - Filling up the DagBag from /home/airflow/.local/lib/python3.12/site-packages/airflow/example_dags/example_latest_only_with_trigger.py
[2024-07-11T00:07:46.752+0000] {processor.py:840} INFO - DAG(s) 'latest_only_with_trigger' retrieved from /home/airflow/.local/lib/python3.12/site-packages/airflow/example_dags/example_latest_only_with_trigger.py
[2024-07-11T00:07:46.836+0000] {logging_mixin.py:188} INFO - [2024-07-11T00:07:46.835+0000] {dag.py:3096} INFO - Sync 1 DAGs
[2024-07-11T00:07:46.948+0000] {logging_mixin.py:188} INFO - [2024-07-11T00:07:46.947+0000] {dag.py:3954} INFO - Setting next_dagrun for latest_only_with_trigger to 2024-07-10 20:00:00+00:00, run_after=2024-07-11 00:00:00+00:00
[2024-07-11T00:07:47.010+0000] {processor.py:183} INFO - Processing /home/airflow/.local/lib/python3.12/site-packages/airflow/example_dags/example_latest_only_with_trigger.py took 0.338 seconds
[2024-07-11T00:08:17.412+0000] {processor.py:161} INFO - Started process (PID=4949) to work on /home/airflow/.local/lib/python3.12/site-packages/airflow/example_dags/example_latest_only_with_trigger.py
[2024-07-11T00:08:17.415+0000] {processor.py:830} INFO - Processing file /home/airflow/.local/lib/python3.12/site-packages/airflow/example_dags/example_latest_only_with_trigger.py for tasks to queue
[2024-07-11T00:08:17.417+0000] {logging_mixin.py:188} INFO - [2024-07-11T00:08:17.417+0000] {dagbag.py:545} INFO - Filling up the DagBag from /home/airflow/.local/lib/python3.12/site-packages/airflow/example_dags/example_latest_only_with_trigger.py
[2024-07-11T00:08:17.427+0000] {processor.py:840} INFO - DAG(s) 'latest_only_with_trigger' retrieved from /home/airflow/.local/lib/python3.12/site-packages/airflow/example_dags/example_latest_only_with_trigger.py
[2024-07-11T00:08:17.468+0000] {logging_mixin.py:188} INFO - [2024-07-11T00:08:17.468+0000] {dag.py:3096} INFO - Sync 1 DAGs
[2024-07-11T00:08:17.499+0000] {logging_mixin.py:188} INFO - [2024-07-11T00:08:17.499+0000] {dag.py:3954} INFO - Setting next_dagrun for latest_only_with_trigger to 2024-07-10 20:00:00+00:00, run_after=2024-07-11 00:00:00+00:00
[2024-07-11T00:08:17.531+0000] {processor.py:183} INFO - Processing /home/airflow/.local/lib/python3.12/site-packages/airflow/example_dags/example_latest_only_with_trigger.py took 0.131 seconds
[2024-07-11T00:08:48.008+0000] {processor.py:161} INFO - Started process (PID=5010) to work on /home/airflow/.local/lib/python3.12/site-packages/airflow/example_dags/example_latest_only_with_trigger.py
[2024-07-11T00:08:48.014+0000] {processor.py:830} INFO - Processing file /home/airflow/.local/lib/python3.12/site-packages/airflow/example_dags/example_latest_only_with_trigger.py for tasks to queue
[2024-07-11T00:08:48.016+0000] {logging_mixin.py:188} INFO - [2024-07-11T00:08:48.015+0000] {dagbag.py:545} INFO - Filling up the DagBag from /home/airflow/.local/lib/python3.12/site-packages/airflow/example_dags/example_latest_only_with_trigger.py
[2024-07-11T00:08:48.033+0000] {processor.py:840} INFO - DAG(s) 'latest_only_with_trigger' retrieved from /home/airflow/.local/lib/python3.12/site-packages/airflow/example_dags/example_latest_only_with_trigger.py
[2024-07-11T00:08:48.096+0000] {logging_mixin.py:188} INFO - [2024-07-11T00:08:48.096+0000] {dag.py:3096} INFO - Sync 1 DAGs
[2024-07-11T00:08:48.131+0000] {logging_mixin.py:188} INFO - [2024-07-11T00:08:48.130+0000] {dag.py:3954} INFO - Setting next_dagrun for latest_only_with_trigger to 2024-07-10 20:00:00+00:00, run_after=2024-07-11 00:00:00+00:00
[2024-07-11T00:08:48.162+0000] {processor.py:183} INFO - Processing /home/airflow/.local/lib/python3.12/site-packages/airflow/example_dags/example_latest_only_with_trigger.py took 0.176 seconds
[2024-07-11T00:09:19.119+0000] {processor.py:161} INFO - Started process (PID=5070) to work on /home/airflow/.local/lib/python3.12/site-packages/airflow/example_dags/example_latest_only_with_trigger.py
[2024-07-11T00:09:19.122+0000] {processor.py:830} INFO - Processing file /home/airflow/.local/lib/python3.12/site-packages/airflow/example_dags/example_latest_only_with_trigger.py for tasks to queue
[2024-07-11T00:09:19.127+0000] {logging_mixin.py:188} INFO - [2024-07-11T00:09:19.125+0000] {dagbag.py:545} INFO - Filling up the DagBag from /home/airflow/.local/lib/python3.12/site-packages/airflow/example_dags/example_latest_only_with_trigger.py
[2024-07-11T00:09:19.147+0000] {processor.py:840} INFO - DAG(s) 'latest_only_with_trigger' retrieved from /home/airflow/.local/lib/python3.12/site-packages/airflow/example_dags/example_latest_only_with_trigger.py
[2024-07-11T00:09:19.222+0000] {logging_mixin.py:188} INFO - [2024-07-11T00:09:19.222+0000] {dag.py:3096} INFO - Sync 1 DAGs
[2024-07-11T00:09:19.339+0000] {logging_mixin.py:188} INFO - [2024-07-11T00:09:19.339+0000] {dag.py:3954} INFO - Setting next_dagrun for latest_only_with_trigger to 2024-07-10 20:00:00+00:00, run_after=2024-07-11 00:00:00+00:00
[2024-07-11T00:09:19.506+0000] {processor.py:183} INFO - Processing /home/airflow/.local/lib/python3.12/site-packages/airflow/example_dags/example_latest_only_with_trigger.py took 0.407 seconds
[2024-07-11T00:09:49.694+0000] {processor.py:161} INFO - Started process (PID=5130) to work on /home/airflow/.local/lib/python3.12/site-packages/airflow/example_dags/example_latest_only_with_trigger.py
[2024-07-11T00:09:49.697+0000] {processor.py:830} INFO - Processing file /home/airflow/.local/lib/python3.12/site-packages/airflow/example_dags/example_latest_only_with_trigger.py for tasks to queue
[2024-07-11T00:09:49.699+0000] {logging_mixin.py:188} INFO - [2024-07-11T00:09:49.699+0000] {dagbag.py:545} INFO - Filling up the DagBag from /home/airflow/.local/lib/python3.12/site-packages/airflow/example_dags/example_latest_only_with_trigger.py
[2024-07-11T00:09:49.709+0000] {processor.py:840} INFO - DAG(s) 'latest_only_with_trigger' retrieved from /home/airflow/.local/lib/python3.12/site-packages/airflow/example_dags/example_latest_only_with_trigger.py
[2024-07-11T00:09:49.743+0000] {logging_mixin.py:188} INFO - [2024-07-11T00:09:49.743+0000] {dag.py:3096} INFO - Sync 1 DAGs
[2024-07-11T00:09:49.774+0000] {logging_mixin.py:188} INFO - [2024-07-11T00:09:49.774+0000] {dag.py:3954} INFO - Setting next_dagrun for latest_only_with_trigger to 2024-07-10 20:00:00+00:00, run_after=2024-07-11 00:00:00+00:00
[2024-07-11T00:09:49.815+0000] {processor.py:183} INFO - Processing /home/airflow/.local/lib/python3.12/site-packages/airflow/example_dags/example_latest_only_with_trigger.py took 0.130 seconds
[2024-07-11T00:10:20.557+0000] {processor.py:161} INFO - Started process (PID=5189) to work on /home/airflow/.local/lib/python3.12/site-packages/airflow/example_dags/example_latest_only_with_trigger.py
[2024-07-11T00:10:20.559+0000] {processor.py:830} INFO - Processing file /home/airflow/.local/lib/python3.12/site-packages/airflow/example_dags/example_latest_only_with_trigger.py for tasks to queue
[2024-07-11T00:10:20.562+0000] {logging_mixin.py:188} INFO - [2024-07-11T00:10:20.561+0000] {dagbag.py:545} INFO - Filling up the DagBag from /home/airflow/.local/lib/python3.12/site-packages/airflow/example_dags/example_latest_only_with_trigger.py
[2024-07-11T00:10:20.572+0000] {processor.py:840} INFO - DAG(s) 'latest_only_with_trigger' retrieved from /home/airflow/.local/lib/python3.12/site-packages/airflow/example_dags/example_latest_only_with_trigger.py
[2024-07-11T00:10:20.616+0000] {logging_mixin.py:188} INFO - [2024-07-11T00:10:20.616+0000] {dag.py:3096} INFO - Sync 1 DAGs
[2024-07-11T00:10:20.654+0000] {logging_mixin.py:188} INFO - [2024-07-11T00:10:20.653+0000] {dag.py:3954} INFO - Setting next_dagrun for latest_only_with_trigger to 2024-07-10 20:00:00+00:00, run_after=2024-07-11 00:00:00+00:00
[2024-07-11T00:10:20.689+0000] {processor.py:183} INFO - Processing /home/airflow/.local/lib/python3.12/site-packages/airflow/example_dags/example_latest_only_with_trigger.py took 0.144 seconds
[2024-07-11T00:10:51.674+0000] {processor.py:161} INFO - Started process (PID=5249) to work on /home/airflow/.local/lib/python3.12/site-packages/airflow/example_dags/example_latest_only_with_trigger.py
[2024-07-11T00:10:51.676+0000] {processor.py:830} INFO - Processing file /home/airflow/.local/lib/python3.12/site-packages/airflow/example_dags/example_latest_only_with_trigger.py for tasks to queue
[2024-07-11T00:10:51.679+0000] {logging_mixin.py:188} INFO - [2024-07-11T00:10:51.678+0000] {dagbag.py:545} INFO - Filling up the DagBag from /home/airflow/.local/lib/python3.12/site-packages/airflow/example_dags/example_latest_only_with_trigger.py
[2024-07-11T00:10:51.692+0000] {processor.py:840} INFO - DAG(s) 'latest_only_with_trigger' retrieved from /home/airflow/.local/lib/python3.12/site-packages/airflow/example_dags/example_latest_only_with_trigger.py
[2024-07-11T00:10:51.742+0000] {logging_mixin.py:188} INFO - [2024-07-11T00:10:51.742+0000] {dag.py:3096} INFO - Sync 1 DAGs
[2024-07-11T00:10:51.796+0000] {logging_mixin.py:188} INFO - [2024-07-11T00:10:51.795+0000] {dag.py:3954} INFO - Setting next_dagrun for latest_only_with_trigger to 2024-07-10 20:00:00+00:00, run_after=2024-07-11 00:00:00+00:00
[2024-07-11T00:10:51.842+0000] {processor.py:183} INFO - Processing /home/airflow/.local/lib/python3.12/site-packages/airflow/example_dags/example_latest_only_with_trigger.py took 0.180 seconds
[2024-07-11T00:11:22.036+0000] {processor.py:161} INFO - Started process (PID=5309) to work on /home/airflow/.local/lib/python3.12/site-packages/airflow/example_dags/example_latest_only_with_trigger.py
[2024-07-11T00:11:22.038+0000] {processor.py:830} INFO - Processing file /home/airflow/.local/lib/python3.12/site-packages/airflow/example_dags/example_latest_only_with_trigger.py for tasks to queue
[2024-07-11T00:11:22.041+0000] {logging_mixin.py:188} INFO - [2024-07-11T00:11:22.040+0000] {dagbag.py:545} INFO - Filling up the DagBag from /home/airflow/.local/lib/python3.12/site-packages/airflow/example_dags/example_latest_only_with_trigger.py
[2024-07-11T00:11:22.056+0000] {processor.py:840} INFO - DAG(s) 'latest_only_with_trigger' retrieved from /home/airflow/.local/lib/python3.12/site-packages/airflow/example_dags/example_latest_only_with_trigger.py
[2024-07-11T00:11:22.113+0000] {logging_mixin.py:188} INFO - [2024-07-11T00:11:22.112+0000] {dag.py:3096} INFO - Sync 1 DAGs
[2024-07-11T00:11:22.179+0000] {logging_mixin.py:188} INFO - [2024-07-11T00:11:22.178+0000] {dag.py:3954} INFO - Setting next_dagrun for latest_only_with_trigger to 2024-07-10 20:00:00+00:00, run_after=2024-07-11 00:00:00+00:00
[2024-07-11T00:11:22.282+0000] {processor.py:183} INFO - Processing /home/airflow/.local/lib/python3.12/site-packages/airflow/example_dags/example_latest_only_with_trigger.py took 0.261 seconds
[2024-07-11T00:11:52.748+0000] {processor.py:161} INFO - Started process (PID=5369) to work on /home/airflow/.local/lib/python3.12/site-packages/airflow/example_dags/example_latest_only_with_trigger.py
[2024-07-11T00:11:52.752+0000] {processor.py:830} INFO - Processing file /home/airflow/.local/lib/python3.12/site-packages/airflow/example_dags/example_latest_only_with_trigger.py for tasks to queue
[2024-07-11T00:11:52.764+0000] {logging_mixin.py:188} INFO - [2024-07-11T00:11:52.763+0000] {dagbag.py:545} INFO - Filling up the DagBag from /home/airflow/.local/lib/python3.12/site-packages/airflow/example_dags/example_latest_only_with_trigger.py
[2024-07-11T00:11:52.777+0000] {processor.py:840} INFO - DAG(s) 'latest_only_with_trigger' retrieved from /home/airflow/.local/lib/python3.12/site-packages/airflow/example_dags/example_latest_only_with_trigger.py
[2024-07-11T00:11:52.834+0000] {logging_mixin.py:188} INFO - [2024-07-11T00:11:52.833+0000] {dag.py:3096} INFO - Sync 1 DAGs
[2024-07-11T00:11:52.870+0000] {logging_mixin.py:188} INFO - [2024-07-11T00:11:52.870+0000] {dag.py:3954} INFO - Setting next_dagrun for latest_only_with_trigger to 2024-07-10 20:00:00+00:00, run_after=2024-07-11 00:00:00+00:00
[2024-07-11T00:11:52.918+0000] {processor.py:183} INFO - Processing /home/airflow/.local/lib/python3.12/site-packages/airflow/example_dags/example_latest_only_with_trigger.py took 0.188 seconds
[2024-07-11T00:12:23.403+0000] {processor.py:161} INFO - Started process (PID=5428) to work on /home/airflow/.local/lib/python3.12/site-packages/airflow/example_dags/example_latest_only_with_trigger.py
[2024-07-11T00:12:23.420+0000] {processor.py:830} INFO - Processing file /home/airflow/.local/lib/python3.12/site-packages/airflow/example_dags/example_latest_only_with_trigger.py for tasks to queue
[2024-07-11T00:12:23.423+0000] {logging_mixin.py:188} INFO - [2024-07-11T00:12:23.422+0000] {dagbag.py:545} INFO - Filling up the DagBag from /home/airflow/.local/lib/python3.12/site-packages/airflow/example_dags/example_latest_only_with_trigger.py
[2024-07-11T00:12:23.475+0000] {processor.py:840} INFO - DAG(s) 'latest_only_with_trigger' retrieved from /home/airflow/.local/lib/python3.12/site-packages/airflow/example_dags/example_latest_only_with_trigger.py
[2024-07-11T00:12:23.574+0000] {logging_mixin.py:188} INFO - [2024-07-11T00:12:23.574+0000] {dag.py:3096} INFO - Sync 1 DAGs
[2024-07-11T00:12:23.661+0000] {logging_mixin.py:188} INFO - [2024-07-11T00:12:23.660+0000] {dag.py:3954} INFO - Setting next_dagrun for latest_only_with_trigger to 2024-07-10 20:00:00+00:00, run_after=2024-07-11 00:00:00+00:00
[2024-07-11T00:12:23.719+0000] {processor.py:183} INFO - Processing /home/airflow/.local/lib/python3.12/site-packages/airflow/example_dags/example_latest_only_with_trigger.py took 0.364 seconds
[2024-07-11T00:12:54.316+0000] {processor.py:161} INFO - Started process (PID=5489) to work on /home/airflow/.local/lib/python3.12/site-packages/airflow/example_dags/example_latest_only_with_trigger.py
[2024-07-11T00:12:54.318+0000] {processor.py:830} INFO - Processing file /home/airflow/.local/lib/python3.12/site-packages/airflow/example_dags/example_latest_only_with_trigger.py for tasks to queue
[2024-07-11T00:12:54.321+0000] {logging_mixin.py:188} INFO - [2024-07-11T00:12:54.320+0000] {dagbag.py:545} INFO - Filling up the DagBag from /home/airflow/.local/lib/python3.12/site-packages/airflow/example_dags/example_latest_only_with_trigger.py
[2024-07-11T00:12:54.334+0000] {processor.py:840} INFO - DAG(s) 'latest_only_with_trigger' retrieved from /home/airflow/.local/lib/python3.12/site-packages/airflow/example_dags/example_latest_only_with_trigger.py
[2024-07-11T00:12:54.380+0000] {logging_mixin.py:188} INFO - [2024-07-11T00:12:54.380+0000] {dag.py:3096} INFO - Sync 1 DAGs
[2024-07-11T00:12:54.436+0000] {logging_mixin.py:188} INFO - [2024-07-11T00:12:54.435+0000] {dag.py:3954} INFO - Setting next_dagrun for latest_only_with_trigger to 2024-07-10 20:00:00+00:00, run_after=2024-07-11 00:00:00+00:00
[2024-07-11T00:12:54.519+0000] {processor.py:183} INFO - Processing /home/airflow/.local/lib/python3.12/site-packages/airflow/example_dags/example_latest_only_with_trigger.py took 0.215 seconds
[2024-07-11T00:13:25.477+0000] {processor.py:161} INFO - Started process (PID=5548) to work on /home/airflow/.local/lib/python3.12/site-packages/airflow/example_dags/example_latest_only_with_trigger.py
[2024-07-11T00:13:25.480+0000] {processor.py:830} INFO - Processing file /home/airflow/.local/lib/python3.12/site-packages/airflow/example_dags/example_latest_only_with_trigger.py for tasks to queue
[2024-07-11T00:13:25.486+0000] {logging_mixin.py:188} INFO - [2024-07-11T00:13:25.485+0000] {dagbag.py:545} INFO - Filling up the DagBag from /home/airflow/.local/lib/python3.12/site-packages/airflow/example_dags/example_latest_only_with_trigger.py
[2024-07-11T00:13:25.513+0000] {processor.py:840} INFO - DAG(s) 'latest_only_with_trigger' retrieved from /home/airflow/.local/lib/python3.12/site-packages/airflow/example_dags/example_latest_only_with_trigger.py
[2024-07-11T00:13:25.563+0000] {logging_mixin.py:188} INFO - [2024-07-11T00:13:25.562+0000] {dag.py:3096} INFO - Sync 1 DAGs
[2024-07-11T00:13:25.604+0000] {logging_mixin.py:188} INFO - [2024-07-11T00:13:25.604+0000] {dag.py:3954} INFO - Setting next_dagrun for latest_only_with_trigger to 2024-07-10 20:00:00+00:00, run_after=2024-07-11 00:00:00+00:00
[2024-07-11T00:13:25.643+0000] {processor.py:183} INFO - Processing /home/airflow/.local/lib/python3.12/site-packages/airflow/example_dags/example_latest_only_with_trigger.py took 0.178 seconds
[2024-07-11T00:13:56.524+0000] {processor.py:161} INFO - Started process (PID=5608) to work on /home/airflow/.local/lib/python3.12/site-packages/airflow/example_dags/example_latest_only_with_trigger.py
[2024-07-11T00:13:56.526+0000] {processor.py:830} INFO - Processing file /home/airflow/.local/lib/python3.12/site-packages/airflow/example_dags/example_latest_only_with_trigger.py for tasks to queue
[2024-07-11T00:13:56.528+0000] {logging_mixin.py:188} INFO - [2024-07-11T00:13:56.527+0000] {dagbag.py:545} INFO - Filling up the DagBag from /home/airflow/.local/lib/python3.12/site-packages/airflow/example_dags/example_latest_only_with_trigger.py
[2024-07-11T00:13:56.546+0000] {processor.py:840} INFO - DAG(s) 'latest_only_with_trigger' retrieved from /home/airflow/.local/lib/python3.12/site-packages/airflow/example_dags/example_latest_only_with_trigger.py
[2024-07-11T00:13:56.595+0000] {logging_mixin.py:188} INFO - [2024-07-11T00:13:56.594+0000] {dag.py:3096} INFO - Sync 1 DAGs
[2024-07-11T00:13:56.702+0000] {logging_mixin.py:188} INFO - [2024-07-11T00:13:56.702+0000] {dag.py:3954} INFO - Setting next_dagrun for latest_only_with_trigger to 2024-07-10 20:00:00+00:00, run_after=2024-07-11 00:00:00+00:00
[2024-07-11T00:13:56.759+0000] {processor.py:183} INFO - Processing /home/airflow/.local/lib/python3.12/site-packages/airflow/example_dags/example_latest_only_with_trigger.py took 0.249 seconds
[2024-07-11T00:14:27.622+0000] {processor.py:161} INFO - Started process (PID=5667) to work on /home/airflow/.local/lib/python3.12/site-packages/airflow/example_dags/example_latest_only_with_trigger.py
[2024-07-11T00:14:27.627+0000] {processor.py:830} INFO - Processing file /home/airflow/.local/lib/python3.12/site-packages/airflow/example_dags/example_latest_only_with_trigger.py for tasks to queue
[2024-07-11T00:14:27.629+0000] {logging_mixin.py:188} INFO - [2024-07-11T00:14:27.628+0000] {dagbag.py:545} INFO - Filling up the DagBag from /home/airflow/.local/lib/python3.12/site-packages/airflow/example_dags/example_latest_only_with_trigger.py
[2024-07-11T00:14:27.648+0000] {processor.py:840} INFO - DAG(s) 'latest_only_with_trigger' retrieved from /home/airflow/.local/lib/python3.12/site-packages/airflow/example_dags/example_latest_only_with_trigger.py
[2024-07-11T00:14:27.717+0000] {logging_mixin.py:188} INFO - [2024-07-11T00:14:27.717+0000] {dag.py:3096} INFO - Sync 1 DAGs
[2024-07-11T00:14:27.773+0000] {logging_mixin.py:188} INFO - [2024-07-11T00:14:27.772+0000] {dag.py:3954} INFO - Setting next_dagrun for latest_only_with_trigger to 2024-07-10 20:00:00+00:00, run_after=2024-07-11 00:00:00+00:00
[2024-07-11T00:14:27.817+0000] {processor.py:183} INFO - Processing /home/airflow/.local/lib/python3.12/site-packages/airflow/example_dags/example_latest_only_with_trigger.py took 0.231 seconds
[2024-07-11T00:14:58.092+0000] {processor.py:161} INFO - Started process (PID=5726) to work on /home/airflow/.local/lib/python3.12/site-packages/airflow/example_dags/example_latest_only_with_trigger.py
[2024-07-11T00:14:58.095+0000] {processor.py:830} INFO - Processing file /home/airflow/.local/lib/python3.12/site-packages/airflow/example_dags/example_latest_only_with_trigger.py for tasks to queue
[2024-07-11T00:14:58.097+0000] {logging_mixin.py:188} INFO - [2024-07-11T00:14:58.096+0000] {dagbag.py:545} INFO - Filling up the DagBag from /home/airflow/.local/lib/python3.12/site-packages/airflow/example_dags/example_latest_only_with_trigger.py
[2024-07-11T00:14:58.121+0000] {processor.py:840} INFO - DAG(s) 'latest_only_with_trigger' retrieved from /home/airflow/.local/lib/python3.12/site-packages/airflow/example_dags/example_latest_only_with_trigger.py
[2024-07-11T00:14:58.173+0000] {logging_mixin.py:188} INFO - [2024-07-11T00:14:58.171+0000] {dag.py:3096} INFO - Sync 1 DAGs
[2024-07-11T00:14:58.217+0000] {logging_mixin.py:188} INFO - [2024-07-11T00:14:58.216+0000] {dag.py:3954} INFO - Setting next_dagrun for latest_only_with_trigger to 2024-07-10 20:00:00+00:00, run_after=2024-07-11 00:00:00+00:00
[2024-07-11T00:14:58.254+0000] {processor.py:183} INFO - Processing /home/airflow/.local/lib/python3.12/site-packages/airflow/example_dags/example_latest_only_with_trigger.py took 0.177 seconds
[2024-07-11T00:15:28.992+0000] {processor.py:161} INFO - Started process (PID=5785) to work on /home/airflow/.local/lib/python3.12/site-packages/airflow/example_dags/example_latest_only_with_trigger.py
[2024-07-11T00:15:29.007+0000] {processor.py:830} INFO - Processing file /home/airflow/.local/lib/python3.12/site-packages/airflow/example_dags/example_latest_only_with_trigger.py for tasks to queue
[2024-07-11T00:15:29.025+0000] {logging_mixin.py:188} INFO - [2024-07-11T00:15:29.023+0000] {dagbag.py:545} INFO - Filling up the DagBag from /home/airflow/.local/lib/python3.12/site-packages/airflow/example_dags/example_latest_only_with_trigger.py
[2024-07-11T00:15:29.052+0000] {processor.py:840} INFO - DAG(s) 'latest_only_with_trigger' retrieved from /home/airflow/.local/lib/python3.12/site-packages/airflow/example_dags/example_latest_only_with_trigger.py
[2024-07-11T00:15:29.112+0000] {logging_mixin.py:188} INFO - [2024-07-11T00:15:29.112+0000] {dag.py:3096} INFO - Sync 1 DAGs
[2024-07-11T00:15:29.189+0000] {logging_mixin.py:188} INFO - [2024-07-11T00:15:29.188+0000] {dag.py:3954} INFO - Setting next_dagrun for latest_only_with_trigger to 2024-07-10 20:00:00+00:00, run_after=2024-07-11 00:00:00+00:00
[2024-07-11T00:15:29.244+0000] {processor.py:183} INFO - Processing /home/airflow/.local/lib/python3.12/site-packages/airflow/example_dags/example_latest_only_with_trigger.py took 0.273 seconds
[2024-07-11T00:15:59.830+0000] {processor.py:161} INFO - Started process (PID=5844) to work on /home/airflow/.local/lib/python3.12/site-packages/airflow/example_dags/example_latest_only_with_trigger.py
[2024-07-11T00:15:59.837+0000] {processor.py:830} INFO - Processing file /home/airflow/.local/lib/python3.12/site-packages/airflow/example_dags/example_latest_only_with_trigger.py for tasks to queue
[2024-07-11T00:15:59.849+0000] {logging_mixin.py:188} INFO - [2024-07-11T00:15:59.839+0000] {dagbag.py:545} INFO - Filling up the DagBag from /home/airflow/.local/lib/python3.12/site-packages/airflow/example_dags/example_latest_only_with_trigger.py
[2024-07-11T00:15:59.888+0000] {processor.py:840} INFO - DAG(s) 'latest_only_with_trigger' retrieved from /home/airflow/.local/lib/python3.12/site-packages/airflow/example_dags/example_latest_only_with_trigger.py
[2024-07-11T00:15:59.944+0000] {logging_mixin.py:188} INFO - [2024-07-11T00:15:59.944+0000] {dag.py:3096} INFO - Sync 1 DAGs
[2024-07-11T00:16:00.034+0000] {logging_mixin.py:188} INFO - [2024-07-11T00:16:00.033+0000] {dag.py:3954} INFO - Setting next_dagrun for latest_only_with_trigger to 2024-07-10 20:00:00+00:00, run_after=2024-07-11 00:00:00+00:00
[2024-07-11T00:16:00.098+0000] {processor.py:183} INFO - Processing /home/airflow/.local/lib/python3.12/site-packages/airflow/example_dags/example_latest_only_with_trigger.py took 0.326 seconds
[2024-07-11T00:16:31.109+0000] {processor.py:161} INFO - Started process (PID=5903) to work on /home/airflow/.local/lib/python3.12/site-packages/airflow/example_dags/example_latest_only_with_trigger.py
[2024-07-11T00:16:31.115+0000] {processor.py:830} INFO - Processing file /home/airflow/.local/lib/python3.12/site-packages/airflow/example_dags/example_latest_only_with_trigger.py for tasks to queue
[2024-07-11T00:16:31.117+0000] {logging_mixin.py:188} INFO - [2024-07-11T00:16:31.116+0000] {dagbag.py:545} INFO - Filling up the DagBag from /home/airflow/.local/lib/python3.12/site-packages/airflow/example_dags/example_latest_only_with_trigger.py
[2024-07-11T00:16:31.129+0000] {processor.py:840} INFO - DAG(s) 'latest_only_with_trigger' retrieved from /home/airflow/.local/lib/python3.12/site-packages/airflow/example_dags/example_latest_only_with_trigger.py
[2024-07-11T00:16:31.219+0000] {logging_mixin.py:188} INFO - [2024-07-11T00:16:31.218+0000] {dag.py:3096} INFO - Sync 1 DAGs
[2024-07-11T00:16:31.275+0000] {logging_mixin.py:188} INFO - [2024-07-11T00:16:31.274+0000] {dag.py:3954} INFO - Setting next_dagrun for latest_only_with_trigger to 2024-07-10 20:00:00+00:00, run_after=2024-07-11 00:00:00+00:00
[2024-07-11T00:16:31.352+0000] {processor.py:183} INFO - Processing /home/airflow/.local/lib/python3.12/site-packages/airflow/example_dags/example_latest_only_with_trigger.py took 0.276 seconds
[2024-07-11T00:17:02.725+0000] {processor.py:161} INFO - Started process (PID=5963) to work on /home/airflow/.local/lib/python3.12/site-packages/airflow/example_dags/example_latest_only_with_trigger.py
[2024-07-11T00:17:02.730+0000] {processor.py:830} INFO - Processing file /home/airflow/.local/lib/python3.12/site-packages/airflow/example_dags/example_latest_only_with_trigger.py for tasks to queue
[2024-07-11T00:17:02.733+0000] {logging_mixin.py:188} INFO - [2024-07-11T00:17:02.732+0000] {dagbag.py:545} INFO - Filling up the DagBag from /home/airflow/.local/lib/python3.12/site-packages/airflow/example_dags/example_latest_only_with_trigger.py
[2024-07-11T00:17:02.756+0000] {processor.py:840} INFO - DAG(s) 'latest_only_with_trigger' retrieved from /home/airflow/.local/lib/python3.12/site-packages/airflow/example_dags/example_latest_only_with_trigger.py
[2024-07-11T00:17:03.095+0000] {logging_mixin.py:188} INFO - [2024-07-11T00:17:03.094+0000] {dag.py:3096} INFO - Sync 1 DAGs
[2024-07-11T00:17:03.319+0000] {logging_mixin.py:188} INFO - [2024-07-11T00:17:03.318+0000] {dag.py:3954} INFO - Setting next_dagrun for latest_only_with_trigger to 2024-07-10 20:00:00+00:00, run_after=2024-07-11 00:00:00+00:00
[2024-07-11T00:17:03.619+0000] {processor.py:183} INFO - Processing /home/airflow/.local/lib/python3.12/site-packages/airflow/example_dags/example_latest_only_with_trigger.py took 0.909 seconds
[2024-07-11T00:17:33.967+0000] {processor.py:161} INFO - Started process (PID=6023) to work on /home/airflow/.local/lib/python3.12/site-packages/airflow/example_dags/example_latest_only_with_trigger.py
[2024-07-11T00:17:33.971+0000] {processor.py:830} INFO - Processing file /home/airflow/.local/lib/python3.12/site-packages/airflow/example_dags/example_latest_only_with_trigger.py for tasks to queue
[2024-07-11T00:17:33.972+0000] {logging_mixin.py:188} INFO - [2024-07-11T00:17:33.972+0000] {dagbag.py:545} INFO - Filling up the DagBag from /home/airflow/.local/lib/python3.12/site-packages/airflow/example_dags/example_latest_only_with_trigger.py
[2024-07-11T00:17:33.986+0000] {processor.py:840} INFO - DAG(s) 'latest_only_with_trigger' retrieved from /home/airflow/.local/lib/python3.12/site-packages/airflow/example_dags/example_latest_only_with_trigger.py
[2024-07-11T00:17:34.036+0000] {logging_mixin.py:188} INFO - [2024-07-11T00:17:34.033+0000] {dag.py:3096} INFO - Sync 1 DAGs
[2024-07-11T00:17:34.082+0000] {logging_mixin.py:188} INFO - [2024-07-11T00:17:34.081+0000] {dag.py:3954} INFO - Setting next_dagrun for latest_only_with_trigger to 2024-07-10 20:00:00+00:00, run_after=2024-07-11 00:00:00+00:00
[2024-07-11T00:17:34.123+0000] {processor.py:183} INFO - Processing /home/airflow/.local/lib/python3.12/site-packages/airflow/example_dags/example_latest_only_with_trigger.py took 0.173 seconds
[2024-07-11T00:18:04.578+0000] {processor.py:161} INFO - Started process (PID=6083) to work on /home/airflow/.local/lib/python3.12/site-packages/airflow/example_dags/example_latest_only_with_trigger.py
[2024-07-11T00:18:04.580+0000] {processor.py:830} INFO - Processing file /home/airflow/.local/lib/python3.12/site-packages/airflow/example_dags/example_latest_only_with_trigger.py for tasks to queue
[2024-07-11T00:18:04.582+0000] {logging_mixin.py:188} INFO - [2024-07-11T00:18:04.581+0000] {dagbag.py:545} INFO - Filling up the DagBag from /home/airflow/.local/lib/python3.12/site-packages/airflow/example_dags/example_latest_only_with_trigger.py
[2024-07-11T00:18:04.610+0000] {processor.py:840} INFO - DAG(s) 'latest_only_with_trigger' retrieved from /home/airflow/.local/lib/python3.12/site-packages/airflow/example_dags/example_latest_only_with_trigger.py
[2024-07-11T00:18:04.792+0000] {logging_mixin.py:188} INFO - [2024-07-11T00:18:04.792+0000] {dag.py:3096} INFO - Sync 1 DAGs
[2024-07-11T00:18:04.863+0000] {logging_mixin.py:188} INFO - [2024-07-11T00:18:04.862+0000] {dag.py:3954} INFO - Setting next_dagrun for latest_only_with_trigger to 2024-07-10 20:00:00+00:00, run_after=2024-07-11 00:00:00+00:00
[2024-07-11T00:18:04.928+0000] {processor.py:183} INFO - Processing /home/airflow/.local/lib/python3.12/site-packages/airflow/example_dags/example_latest_only_with_trigger.py took 0.382 seconds
[2024-07-11T00:18:35.762+0000] {processor.py:161} INFO - Started process (PID=6140) to work on /home/airflow/.local/lib/python3.12/site-packages/airflow/example_dags/example_latest_only_with_trigger.py
[2024-07-11T00:18:35.764+0000] {processor.py:830} INFO - Processing file /home/airflow/.local/lib/python3.12/site-packages/airflow/example_dags/example_latest_only_with_trigger.py for tasks to queue
[2024-07-11T00:18:35.767+0000] {logging_mixin.py:188} INFO - [2024-07-11T00:18:35.766+0000] {dagbag.py:545} INFO - Filling up the DagBag from /home/airflow/.local/lib/python3.12/site-packages/airflow/example_dags/example_latest_only_with_trigger.py
[2024-07-11T00:18:35.778+0000] {processor.py:840} INFO - DAG(s) 'latest_only_with_trigger' retrieved from /home/airflow/.local/lib/python3.12/site-packages/airflow/example_dags/example_latest_only_with_trigger.py
[2024-07-11T00:18:35.818+0000] {logging_mixin.py:188} INFO - [2024-07-11T00:18:35.817+0000] {dag.py:3096} INFO - Sync 1 DAGs
[2024-07-11T00:18:35.853+0000] {logging_mixin.py:188} INFO - [2024-07-11T00:18:35.853+0000] {dag.py:3954} INFO - Setting next_dagrun for latest_only_with_trigger to 2024-07-10 20:00:00+00:00, run_after=2024-07-11 00:00:00+00:00
[2024-07-11T00:18:35.890+0000] {processor.py:183} INFO - Processing /home/airflow/.local/lib/python3.12/site-packages/airflow/example_dags/example_latest_only_with_trigger.py took 0.139 seconds
[2024-07-11T00:19:06.603+0000] {processor.py:161} INFO - Started process (PID=6200) to work on /home/airflow/.local/lib/python3.12/site-packages/airflow/example_dags/example_latest_only_with_trigger.py
[2024-07-11T00:19:06.607+0000] {processor.py:830} INFO - Processing file /home/airflow/.local/lib/python3.12/site-packages/airflow/example_dags/example_latest_only_with_trigger.py for tasks to queue
[2024-07-11T00:19:06.611+0000] {logging_mixin.py:188} INFO - [2024-07-11T00:19:06.609+0000] {dagbag.py:545} INFO - Filling up the DagBag from /home/airflow/.local/lib/python3.12/site-packages/airflow/example_dags/example_latest_only_with_trigger.py
[2024-07-11T00:19:06.629+0000] {processor.py:840} INFO - DAG(s) 'latest_only_with_trigger' retrieved from /home/airflow/.local/lib/python3.12/site-packages/airflow/example_dags/example_latest_only_with_trigger.py
[2024-07-11T00:19:06.689+0000] {logging_mixin.py:188} INFO - [2024-07-11T00:19:06.689+0000] {dag.py:3096} INFO - Sync 1 DAGs
[2024-07-11T00:19:06.766+0000] {logging_mixin.py:188} INFO - [2024-07-11T00:19:06.765+0000] {dag.py:3954} INFO - Setting next_dagrun for latest_only_with_trigger to 2024-07-10 20:00:00+00:00, run_after=2024-07-11 00:00:00+00:00
[2024-07-11T00:19:06.835+0000] {processor.py:183} INFO - Processing /home/airflow/.local/lib/python3.12/site-packages/airflow/example_dags/example_latest_only_with_trigger.py took 0.249 seconds
[2024-07-11T00:19:37.681+0000] {processor.py:161} INFO - Started process (PID=6260) to work on /home/airflow/.local/lib/python3.12/site-packages/airflow/example_dags/example_latest_only_with_trigger.py
[2024-07-11T00:19:37.684+0000] {processor.py:830} INFO - Processing file /home/airflow/.local/lib/python3.12/site-packages/airflow/example_dags/example_latest_only_with_trigger.py for tasks to queue
[2024-07-11T00:19:37.689+0000] {logging_mixin.py:188} INFO - [2024-07-11T00:19:37.688+0000] {dagbag.py:545} INFO - Filling up the DagBag from /home/airflow/.local/lib/python3.12/site-packages/airflow/example_dags/example_latest_only_with_trigger.py
[2024-07-11T00:19:37.703+0000] {processor.py:840} INFO - DAG(s) 'latest_only_with_trigger' retrieved from /home/airflow/.local/lib/python3.12/site-packages/airflow/example_dags/example_latest_only_with_trigger.py
[2024-07-11T00:19:37.768+0000] {logging_mixin.py:188} INFO - [2024-07-11T00:19:37.767+0000] {dag.py:3096} INFO - Sync 1 DAGs
[2024-07-11T00:19:37.821+0000] {logging_mixin.py:188} INFO - [2024-07-11T00:19:37.821+0000] {dag.py:3954} INFO - Setting next_dagrun for latest_only_with_trigger to 2024-07-10 20:00:00+00:00, run_after=2024-07-11 00:00:00+00:00
[2024-07-11T00:19:37.879+0000] {processor.py:183} INFO - Processing /home/airflow/.local/lib/python3.12/site-packages/airflow/example_dags/example_latest_only_with_trigger.py took 0.210 seconds
[2024-07-11T00:20:08.049+0000] {processor.py:161} INFO - Started process (PID=6320) to work on /home/airflow/.local/lib/python3.12/site-packages/airflow/example_dags/example_latest_only_with_trigger.py
[2024-07-11T00:20:08.051+0000] {processor.py:830} INFO - Processing file /home/airflow/.local/lib/python3.12/site-packages/airflow/example_dags/example_latest_only_with_trigger.py for tasks to queue
[2024-07-11T00:20:08.053+0000] {logging_mixin.py:188} INFO - [2024-07-11T00:20:08.052+0000] {dagbag.py:545} INFO - Filling up the DagBag from /home/airflow/.local/lib/python3.12/site-packages/airflow/example_dags/example_latest_only_with_trigger.py
[2024-07-11T00:20:08.076+0000] {processor.py:840} INFO - DAG(s) 'latest_only_with_trigger' retrieved from /home/airflow/.local/lib/python3.12/site-packages/airflow/example_dags/example_latest_only_with_trigger.py
[2024-07-11T00:20:08.149+0000] {logging_mixin.py:188} INFO - [2024-07-11T00:20:08.148+0000] {dag.py:3096} INFO - Sync 1 DAGs
[2024-07-11T00:20:08.217+0000] {logging_mixin.py:188} INFO - [2024-07-11T00:20:08.217+0000] {dag.py:3954} INFO - Setting next_dagrun for latest_only_with_trigger to 2024-07-10 20:00:00+00:00, run_after=2024-07-11 00:00:00+00:00
[2024-07-11T00:20:08.261+0000] {processor.py:183} INFO - Processing /home/airflow/.local/lib/python3.12/site-packages/airflow/example_dags/example_latest_only_with_trigger.py took 0.228 seconds
[2024-07-11T00:20:39.888+0000] {processor.py:161} INFO - Started process (PID=6380) to work on /home/airflow/.local/lib/python3.12/site-packages/airflow/example_dags/example_latest_only_with_trigger.py
[2024-07-11T00:20:39.898+0000] {processor.py:830} INFO - Processing file /home/airflow/.local/lib/python3.12/site-packages/airflow/example_dags/example_latest_only_with_trigger.py for tasks to queue
[2024-07-11T00:20:39.901+0000] {logging_mixin.py:188} INFO - [2024-07-11T00:20:39.900+0000] {dagbag.py:545} INFO - Filling up the DagBag from /home/airflow/.local/lib/python3.12/site-packages/airflow/example_dags/example_latest_only_with_trigger.py
[2024-07-11T00:20:39.918+0000] {processor.py:840} INFO - DAG(s) 'latest_only_with_trigger' retrieved from /home/airflow/.local/lib/python3.12/site-packages/airflow/example_dags/example_latest_only_with_trigger.py
[2024-07-11T00:20:39.990+0000] {logging_mixin.py:188} INFO - [2024-07-11T00:20:39.990+0000] {dag.py:3096} INFO - Sync 1 DAGs
[2024-07-11T00:20:40.502+0000] {logging_mixin.py:188} INFO - [2024-07-11T00:20:40.502+0000] {dag.py:3954} INFO - Setting next_dagrun for latest_only_with_trigger to 2024-07-10 20:00:00+00:00, run_after=2024-07-11 00:00:00+00:00
[2024-07-11T00:20:40.550+0000] {processor.py:183} INFO - Processing /home/airflow/.local/lib/python3.12/site-packages/airflow/example_dags/example_latest_only_with_trigger.py took 0.676 seconds
[2024-07-11T00:21:10.629+0000] {processor.py:161} INFO - Started process (PID=6439) to work on /home/airflow/.local/lib/python3.12/site-packages/airflow/example_dags/example_latest_only_with_trigger.py
[2024-07-11T00:21:10.633+0000] {processor.py:830} INFO - Processing file /home/airflow/.local/lib/python3.12/site-packages/airflow/example_dags/example_latest_only_with_trigger.py for tasks to queue
[2024-07-11T00:21:10.636+0000] {logging_mixin.py:188} INFO - [2024-07-11T00:21:10.634+0000] {dagbag.py:545} INFO - Filling up the DagBag from /home/airflow/.local/lib/python3.12/site-packages/airflow/example_dags/example_latest_only_with_trigger.py
[2024-07-11T00:21:10.660+0000] {processor.py:840} INFO - DAG(s) 'latest_only_with_trigger' retrieved from /home/airflow/.local/lib/python3.12/site-packages/airflow/example_dags/example_latest_only_with_trigger.py
[2024-07-11T00:21:10.702+0000] {logging_mixin.py:188} INFO - [2024-07-11T00:21:10.701+0000] {dag.py:3096} INFO - Sync 1 DAGs
[2024-07-11T00:21:10.753+0000] {logging_mixin.py:188} INFO - [2024-07-11T00:21:10.752+0000] {dag.py:3954} INFO - Setting next_dagrun for latest_only_with_trigger to 2024-07-10 20:00:00+00:00, run_after=2024-07-11 00:00:00+00:00
[2024-07-11T00:21:10.787+0000] {processor.py:183} INFO - Processing /home/airflow/.local/lib/python3.12/site-packages/airflow/example_dags/example_latest_only_with_trigger.py took 0.172 seconds
[2024-07-11T00:21:41.360+0000] {processor.py:161} INFO - Started process (PID=6499) to work on /home/airflow/.local/lib/python3.12/site-packages/airflow/example_dags/example_latest_only_with_trigger.py
[2024-07-11T00:21:41.363+0000] {processor.py:830} INFO - Processing file /home/airflow/.local/lib/python3.12/site-packages/airflow/example_dags/example_latest_only_with_trigger.py for tasks to queue
[2024-07-11T00:21:41.365+0000] {logging_mixin.py:188} INFO - [2024-07-11T00:21:41.364+0000] {dagbag.py:545} INFO - Filling up the DagBag from /home/airflow/.local/lib/python3.12/site-packages/airflow/example_dags/example_latest_only_with_trigger.py
[2024-07-11T00:21:41.379+0000] {processor.py:840} INFO - DAG(s) 'latest_only_with_trigger' retrieved from /home/airflow/.local/lib/python3.12/site-packages/airflow/example_dags/example_latest_only_with_trigger.py
[2024-07-11T00:21:41.421+0000] {logging_mixin.py:188} INFO - [2024-07-11T00:21:41.421+0000] {dag.py:3096} INFO - Sync 1 DAGs
[2024-07-11T00:21:41.460+0000] {logging_mixin.py:188} INFO - [2024-07-11T00:21:41.460+0000] {dag.py:3954} INFO - Setting next_dagrun for latest_only_with_trigger to 2024-07-10 20:00:00+00:00, run_after=2024-07-11 00:00:00+00:00
[2024-07-11T00:21:41.506+0000] {processor.py:183} INFO - Processing /home/airflow/.local/lib/python3.12/site-packages/airflow/example_dags/example_latest_only_with_trigger.py took 0.158 seconds
[2024-07-11T00:22:12.509+0000] {processor.py:161} INFO - Started process (PID=6559) to work on /home/airflow/.local/lib/python3.12/site-packages/airflow/example_dags/example_latest_only_with_trigger.py
[2024-07-11T00:22:12.516+0000] {processor.py:830} INFO - Processing file /home/airflow/.local/lib/python3.12/site-packages/airflow/example_dags/example_latest_only_with_trigger.py for tasks to queue
[2024-07-11T00:22:12.525+0000] {logging_mixin.py:188} INFO - [2024-07-11T00:22:12.524+0000] {dagbag.py:545} INFO - Filling up the DagBag from /home/airflow/.local/lib/python3.12/site-packages/airflow/example_dags/example_latest_only_with_trigger.py
[2024-07-11T00:22:12.545+0000] {processor.py:840} INFO - DAG(s) 'latest_only_with_trigger' retrieved from /home/airflow/.local/lib/python3.12/site-packages/airflow/example_dags/example_latest_only_with_trigger.py
[2024-07-11T00:22:12.634+0000] {logging_mixin.py:188} INFO - [2024-07-11T00:22:12.633+0000] {dag.py:3096} INFO - Sync 1 DAGs
[2024-07-11T00:22:12.721+0000] {logging_mixin.py:188} INFO - [2024-07-11T00:22:12.720+0000] {dag.py:3954} INFO - Setting next_dagrun for latest_only_with_trigger to 2024-07-10 20:00:00+00:00, run_after=2024-07-11 00:00:00+00:00
[2024-07-11T00:22:12.768+0000] {processor.py:183} INFO - Processing /home/airflow/.local/lib/python3.12/site-packages/airflow/example_dags/example_latest_only_with_trigger.py took 0.284 seconds
[2024-07-11T00:22:42.963+0000] {processor.py:161} INFO - Started process (PID=6619) to work on /home/airflow/.local/lib/python3.12/site-packages/airflow/example_dags/example_latest_only_with_trigger.py
[2024-07-11T00:22:42.968+0000] {processor.py:830} INFO - Processing file /home/airflow/.local/lib/python3.12/site-packages/airflow/example_dags/example_latest_only_with_trigger.py for tasks to queue
[2024-07-11T00:22:42.974+0000] {logging_mixin.py:188} INFO - [2024-07-11T00:22:42.974+0000] {dagbag.py:545} INFO - Filling up the DagBag from /home/airflow/.local/lib/python3.12/site-packages/airflow/example_dags/example_latest_only_with_trigger.py
[2024-07-11T00:22:42.997+0000] {processor.py:840} INFO - DAG(s) 'latest_only_with_trigger' retrieved from /home/airflow/.local/lib/python3.12/site-packages/airflow/example_dags/example_latest_only_with_trigger.py
[2024-07-11T00:22:43.097+0000] {logging_mixin.py:188} INFO - [2024-07-11T00:22:43.092+0000] {dag.py:3096} INFO - Sync 1 DAGs
[2024-07-11T00:22:43.183+0000] {logging_mixin.py:188} INFO - [2024-07-11T00:22:43.183+0000] {dag.py:3954} INFO - Setting next_dagrun for latest_only_with_trigger to 2024-07-10 20:00:00+00:00, run_after=2024-07-11 00:00:00+00:00
[2024-07-11T00:22:43.251+0000] {processor.py:183} INFO - Processing /home/airflow/.local/lib/python3.12/site-packages/airflow/example_dags/example_latest_only_with_trigger.py took 0.309 seconds
[2024-07-11T00:23:14.213+0000] {processor.py:161} INFO - Started process (PID=6679) to work on /home/airflow/.local/lib/python3.12/site-packages/airflow/example_dags/example_latest_only_with_trigger.py
[2024-07-11T00:23:14.214+0000] {processor.py:830} INFO - Processing file /home/airflow/.local/lib/python3.12/site-packages/airflow/example_dags/example_latest_only_with_trigger.py for tasks to queue
[2024-07-11T00:23:14.217+0000] {logging_mixin.py:188} INFO - [2024-07-11T00:23:14.216+0000] {dagbag.py:545} INFO - Filling up the DagBag from /home/airflow/.local/lib/python3.12/site-packages/airflow/example_dags/example_latest_only_with_trigger.py
[2024-07-11T00:23:14.231+0000] {processor.py:840} INFO - DAG(s) 'latest_only_with_trigger' retrieved from /home/airflow/.local/lib/python3.12/site-packages/airflow/example_dags/example_latest_only_with_trigger.py
[2024-07-11T00:23:14.284+0000] {logging_mixin.py:188} INFO - [2024-07-11T00:23:14.284+0000] {dag.py:3096} INFO - Sync 1 DAGs
[2024-07-11T00:23:14.354+0000] {logging_mixin.py:188} INFO - [2024-07-11T00:23:14.353+0000] {dag.py:3954} INFO - Setting next_dagrun for latest_only_with_trigger to 2024-07-10 20:00:00+00:00, run_after=2024-07-11 00:00:00+00:00
[2024-07-11T00:23:14.396+0000] {processor.py:183} INFO - Processing /home/airflow/.local/lib/python3.12/site-packages/airflow/example_dags/example_latest_only_with_trigger.py took 0.198 seconds
[2024-07-11T00:23:45.063+0000] {processor.py:161} INFO - Started process (PID=6738) to work on /home/airflow/.local/lib/python3.12/site-packages/airflow/example_dags/example_latest_only_with_trigger.py
[2024-07-11T00:23:45.065+0000] {processor.py:830} INFO - Processing file /home/airflow/.local/lib/python3.12/site-packages/airflow/example_dags/example_latest_only_with_trigger.py for tasks to queue
[2024-07-11T00:23:45.067+0000] {logging_mixin.py:188} INFO - [2024-07-11T00:23:45.066+0000] {dagbag.py:545} INFO - Filling up the DagBag from /home/airflow/.local/lib/python3.12/site-packages/airflow/example_dags/example_latest_only_with_trigger.py
[2024-07-11T00:23:45.078+0000] {processor.py:840} INFO - DAG(s) 'latest_only_with_trigger' retrieved from /home/airflow/.local/lib/python3.12/site-packages/airflow/example_dags/example_latest_only_with_trigger.py
[2024-07-11T00:23:45.124+0000] {logging_mixin.py:188} INFO - [2024-07-11T00:23:45.122+0000] {dag.py:3096} INFO - Sync 1 DAGs
[2024-07-11T00:23:45.174+0000] {logging_mixin.py:188} INFO - [2024-07-11T00:23:45.174+0000] {dag.py:3954} INFO - Setting next_dagrun for latest_only_with_trigger to 2024-07-10 20:00:00+00:00, run_after=2024-07-11 00:00:00+00:00
[2024-07-11T00:23:45.272+0000] {processor.py:183} INFO - Processing /home/airflow/.local/lib/python3.12/site-packages/airflow/example_dags/example_latest_only_with_trigger.py took 0.221 seconds
[2024-07-11T00:24:16.451+0000] {processor.py:161} INFO - Started process (PID=6797) to work on /home/airflow/.local/lib/python3.12/site-packages/airflow/example_dags/example_latest_only_with_trigger.py
[2024-07-11T00:24:16.459+0000] {processor.py:830} INFO - Processing file /home/airflow/.local/lib/python3.12/site-packages/airflow/example_dags/example_latest_only_with_trigger.py for tasks to queue
[2024-07-11T00:24:16.463+0000] {logging_mixin.py:188} INFO - [2024-07-11T00:24:16.462+0000] {dagbag.py:545} INFO - Filling up the DagBag from /home/airflow/.local/lib/python3.12/site-packages/airflow/example_dags/example_latest_only_with_trigger.py
[2024-07-11T00:24:16.486+0000] {processor.py:840} INFO - DAG(s) 'latest_only_with_trigger' retrieved from /home/airflow/.local/lib/python3.12/site-packages/airflow/example_dags/example_latest_only_with_trigger.py
[2024-07-11T00:24:16.544+0000] {logging_mixin.py:188} INFO - [2024-07-11T00:24:16.544+0000] {dag.py:3096} INFO - Sync 1 DAGs
[2024-07-11T00:24:16.595+0000] {logging_mixin.py:188} INFO - [2024-07-11T00:24:16.595+0000] {dag.py:3954} INFO - Setting next_dagrun for latest_only_with_trigger to 2024-07-10 20:00:00+00:00, run_after=2024-07-11 00:00:00+00:00
[2024-07-11T00:24:16.634+0000] {processor.py:183} INFO - Processing /home/airflow/.local/lib/python3.12/site-packages/airflow/example_dags/example_latest_only_with_trigger.py took 0.205 seconds
[2024-07-11T00:24:46.927+0000] {processor.py:161} INFO - Started process (PID=6856) to work on /home/airflow/.local/lib/python3.12/site-packages/airflow/example_dags/example_latest_only_with_trigger.py
[2024-07-11T00:24:46.928+0000] {processor.py:830} INFO - Processing file /home/airflow/.local/lib/python3.12/site-packages/airflow/example_dags/example_latest_only_with_trigger.py for tasks to queue
[2024-07-11T00:24:46.932+0000] {logging_mixin.py:188} INFO - [2024-07-11T00:24:46.930+0000] {dagbag.py:545} INFO - Filling up the DagBag from /home/airflow/.local/lib/python3.12/site-packages/airflow/example_dags/example_latest_only_with_trigger.py
[2024-07-11T00:24:46.948+0000] {processor.py:840} INFO - DAG(s) 'latest_only_with_trigger' retrieved from /home/airflow/.local/lib/python3.12/site-packages/airflow/example_dags/example_latest_only_with_trigger.py
[2024-07-11T00:24:46.994+0000] {logging_mixin.py:188} INFO - [2024-07-11T00:24:46.993+0000] {dag.py:3096} INFO - Sync 1 DAGs
[2024-07-11T00:24:47.045+0000] {logging_mixin.py:188} INFO - [2024-07-11T00:24:47.045+0000] {dag.py:3954} INFO - Setting next_dagrun for latest_only_with_trigger to 2024-07-10 20:00:00+00:00, run_after=2024-07-11 00:00:00+00:00
[2024-07-11T00:24:47.097+0000] {processor.py:183} INFO - Processing /home/airflow/.local/lib/python3.12/site-packages/airflow/example_dags/example_latest_only_with_trigger.py took 0.186 seconds
[2024-07-11T00:25:17.357+0000] {processor.py:161} INFO - Started process (PID=6916) to work on /home/airflow/.local/lib/python3.12/site-packages/airflow/example_dags/example_latest_only_with_trigger.py
[2024-07-11T00:25:17.360+0000] {processor.py:830} INFO - Processing file /home/airflow/.local/lib/python3.12/site-packages/airflow/example_dags/example_latest_only_with_trigger.py for tasks to queue
[2024-07-11T00:25:17.363+0000] {logging_mixin.py:188} INFO - [2024-07-11T00:25:17.362+0000] {dagbag.py:545} INFO - Filling up the DagBag from /home/airflow/.local/lib/python3.12/site-packages/airflow/example_dags/example_latest_only_with_trigger.py
[2024-07-11T00:25:17.376+0000] {processor.py:840} INFO - DAG(s) 'latest_only_with_trigger' retrieved from /home/airflow/.local/lib/python3.12/site-packages/airflow/example_dags/example_latest_only_with_trigger.py
[2024-07-11T00:25:17.421+0000] {logging_mixin.py:188} INFO - [2024-07-11T00:25:17.421+0000] {dag.py:3096} INFO - Sync 1 DAGs
[2024-07-11T00:25:17.468+0000] {logging_mixin.py:188} INFO - [2024-07-11T00:25:17.468+0000] {dag.py:3954} INFO - Setting next_dagrun for latest_only_with_trigger to 2024-07-10 20:00:00+00:00, run_after=2024-07-11 00:00:00+00:00
[2024-07-11T00:25:17.504+0000] {processor.py:183} INFO - Processing /home/airflow/.local/lib/python3.12/site-packages/airflow/example_dags/example_latest_only_with_trigger.py took 0.159 seconds
[2024-07-11T00:25:48.034+0000] {processor.py:161} INFO - Started process (PID=6976) to work on /home/airflow/.local/lib/python3.12/site-packages/airflow/example_dags/example_latest_only_with_trigger.py
[2024-07-11T00:25:48.036+0000] {processor.py:830} INFO - Processing file /home/airflow/.local/lib/python3.12/site-packages/airflow/example_dags/example_latest_only_with_trigger.py for tasks to queue
[2024-07-11T00:25:48.038+0000] {logging_mixin.py:188} INFO - [2024-07-11T00:25:48.037+0000] {dagbag.py:545} INFO - Filling up the DagBag from /home/airflow/.local/lib/python3.12/site-packages/airflow/example_dags/example_latest_only_with_trigger.py
[2024-07-11T00:25:48.053+0000] {processor.py:840} INFO - DAG(s) 'latest_only_with_trigger' retrieved from /home/airflow/.local/lib/python3.12/site-packages/airflow/example_dags/example_latest_only_with_trigger.py
[2024-07-11T00:25:48.096+0000] {logging_mixin.py:188} INFO - [2024-07-11T00:25:48.095+0000] {dag.py:3096} INFO - Sync 1 DAGs
[2024-07-11T00:25:48.161+0000] {logging_mixin.py:188} INFO - [2024-07-11T00:25:48.161+0000] {dag.py:3954} INFO - Setting next_dagrun for latest_only_with_trigger to 2024-07-10 20:00:00+00:00, run_after=2024-07-11 00:00:00+00:00
[2024-07-11T00:25:48.222+0000] {processor.py:183} INFO - Processing /home/airflow/.local/lib/python3.12/site-packages/airflow/example_dags/example_latest_only_with_trigger.py took 0.199 seconds
[2024-07-11T00:26:20.112+0000] {processor.py:161} INFO - Started process (PID=7036) to work on /home/airflow/.local/lib/python3.12/site-packages/airflow/example_dags/example_latest_only_with_trigger.py
[2024-07-11T00:26:20.130+0000] {processor.py:830} INFO - Processing file /home/airflow/.local/lib/python3.12/site-packages/airflow/example_dags/example_latest_only_with_trigger.py for tasks to queue
[2024-07-11T00:26:20.137+0000] {logging_mixin.py:188} INFO - [2024-07-11T00:26:20.136+0000] {dagbag.py:545} INFO - Filling up the DagBag from /home/airflow/.local/lib/python3.12/site-packages/airflow/example_dags/example_latest_only_with_trigger.py
[2024-07-11T00:26:20.212+0000] {processor.py:840} INFO - DAG(s) 'latest_only_with_trigger' retrieved from /home/airflow/.local/lib/python3.12/site-packages/airflow/example_dags/example_latest_only_with_trigger.py
[2024-07-11T00:26:20.379+0000] {logging_mixin.py:188} INFO - [2024-07-11T00:26:20.377+0000] {dag.py:3096} INFO - Sync 1 DAGs
[2024-07-11T00:26:20.455+0000] {logging_mixin.py:188} INFO - [2024-07-11T00:26:20.454+0000] {dag.py:3954} INFO - Setting next_dagrun for latest_only_with_trigger to 2024-07-10 20:00:00+00:00, run_after=2024-07-11 00:00:00+00:00
[2024-07-11T00:26:20.583+0000] {processor.py:183} INFO - Processing /home/airflow/.local/lib/python3.12/site-packages/airflow/example_dags/example_latest_only_with_trigger.py took 0.503 seconds
[2024-07-11T00:26:51.414+0000] {processor.py:161} INFO - Started process (PID=7096) to work on /home/airflow/.local/lib/python3.12/site-packages/airflow/example_dags/example_latest_only_with_trigger.py
[2024-07-11T00:26:51.440+0000] {processor.py:830} INFO - Processing file /home/airflow/.local/lib/python3.12/site-packages/airflow/example_dags/example_latest_only_with_trigger.py for tasks to queue
[2024-07-11T00:26:51.454+0000] {logging_mixin.py:188} INFO - [2024-07-11T00:26:51.443+0000] {dagbag.py:545} INFO - Filling up the DagBag from /home/airflow/.local/lib/python3.12/site-packages/airflow/example_dags/example_latest_only_with_trigger.py
[2024-07-11T00:26:51.481+0000] {processor.py:840} INFO - DAG(s) 'latest_only_with_trigger' retrieved from /home/airflow/.local/lib/python3.12/site-packages/airflow/example_dags/example_latest_only_with_trigger.py
[2024-07-11T00:26:51.619+0000] {logging_mixin.py:188} INFO - [2024-07-11T00:26:51.617+0000] {dag.py:3096} INFO - Sync 1 DAGs
[2024-07-11T00:26:51.739+0000] {logging_mixin.py:188} INFO - [2024-07-11T00:26:51.739+0000] {dag.py:3954} INFO - Setting next_dagrun for latest_only_with_trigger to 2024-07-10 20:00:00+00:00, run_after=2024-07-11 00:00:00+00:00
[2024-07-11T00:26:51.815+0000] {processor.py:183} INFO - Processing /home/airflow/.local/lib/python3.12/site-packages/airflow/example_dags/example_latest_only_with_trigger.py took 0.419 seconds
