[2024-07-11T00:00:10.214+0000] {processor.py:161} INFO - Started process (PID=3991) to work on /home/airflow/.local/lib/python3.12/site-packages/airflow/example_dags/example_skip_dag.py
[2024-07-11T00:00:10.229+0000] {processor.py:830} INFO - Processing file /home/airflow/.local/lib/python3.12/site-packages/airflow/example_dags/example_skip_dag.py for tasks to queue
[2024-07-11T00:00:10.235+0000] {logging_mixin.py:188} INFO - [2024-07-11T00:00:10.234+0000] {dagbag.py:545} INFO - Filling up the DagBag from /home/airflow/.local/lib/python3.12/site-packages/airflow/example_dags/example_skip_dag.py
[2024-07-11T00:00:10.251+0000] {processor.py:840} INFO - DAG(s) 'example_skip_dag' retrieved from /home/airflow/.local/lib/python3.12/site-packages/airflow/example_dags/example_skip_dag.py
[2024-07-11T00:00:10.327+0000] {logging_mixin.py:188} INFO - [2024-07-11T00:00:10.326+0000] {dag.py:3096} INFO - Sync 1 DAGs
[2024-07-11T00:00:10.409+0000] {logging_mixin.py:188} INFO - [2024-07-11T00:00:10.408+0000] {dag.py:3954} INFO - Setting next_dagrun for example_skip_dag to 2024-07-10 00:00:00+00:00, run_after=2024-07-11 00:00:00+00:00
[2024-07-11T00:00:10.494+0000] {processor.py:183} INFO - Processing /home/airflow/.local/lib/python3.12/site-packages/airflow/example_dags/example_skip_dag.py took 0.301 seconds
[2024-07-11T00:00:41.204+0000] {processor.py:161} INFO - Started process (PID=4050) to work on /home/airflow/.local/lib/python3.12/site-packages/airflow/example_dags/example_skip_dag.py
[2024-07-11T00:00:41.206+0000] {processor.py:830} INFO - Processing file /home/airflow/.local/lib/python3.12/site-packages/airflow/example_dags/example_skip_dag.py for tasks to queue
[2024-07-11T00:00:41.208+0000] {logging_mixin.py:188} INFO - [2024-07-11T00:00:41.207+0000] {dagbag.py:545} INFO - Filling up the DagBag from /home/airflow/.local/lib/python3.12/site-packages/airflow/example_dags/example_skip_dag.py
[2024-07-11T00:00:41.248+0000] {processor.py:840} INFO - DAG(s) 'example_skip_dag' retrieved from /home/airflow/.local/lib/python3.12/site-packages/airflow/example_dags/example_skip_dag.py
[2024-07-11T00:00:41.354+0000] {logging_mixin.py:188} INFO - [2024-07-11T00:00:41.354+0000] {dag.py:3096} INFO - Sync 1 DAGs
[2024-07-11T00:00:41.434+0000] {logging_mixin.py:188} INFO - [2024-07-11T00:00:41.434+0000] {dag.py:3954} INFO - Setting next_dagrun for example_skip_dag to 2024-07-10 00:00:00+00:00, run_after=2024-07-11 00:00:00+00:00
[2024-07-11T00:00:41.485+0000] {processor.py:183} INFO - Processing /home/airflow/.local/lib/python3.12/site-packages/airflow/example_dags/example_skip_dag.py took 0.324 seconds
[2024-07-11T00:01:11.881+0000] {processor.py:161} INFO - Started process (PID=4110) to work on /home/airflow/.local/lib/python3.12/site-packages/airflow/example_dags/example_skip_dag.py
[2024-07-11T00:01:11.904+0000] {processor.py:830} INFO - Processing file /home/airflow/.local/lib/python3.12/site-packages/airflow/example_dags/example_skip_dag.py for tasks to queue
[2024-07-11T00:01:11.911+0000] {logging_mixin.py:188} INFO - [2024-07-11T00:01:11.910+0000] {dagbag.py:545} INFO - Filling up the DagBag from /home/airflow/.local/lib/python3.12/site-packages/airflow/example_dags/example_skip_dag.py
[2024-07-11T00:01:11.957+0000] {processor.py:840} INFO - DAG(s) 'example_skip_dag' retrieved from /home/airflow/.local/lib/python3.12/site-packages/airflow/example_dags/example_skip_dag.py
[2024-07-11T00:01:12.126+0000] {logging_mixin.py:188} INFO - [2024-07-11T00:01:12.125+0000] {dag.py:3096} INFO - Sync 1 DAGs
[2024-07-11T00:01:12.287+0000] {logging_mixin.py:188} INFO - [2024-07-11T00:01:12.237+0000] {dag.py:3954} INFO - Setting next_dagrun for example_skip_dag to 2024-07-10 00:00:00+00:00, run_after=2024-07-11 00:00:00+00:00
[2024-07-11T00:01:12.461+0000] {processor.py:183} INFO - Processing /home/airflow/.local/lib/python3.12/site-packages/airflow/example_dags/example_skip_dag.py took 0.613 seconds
[2024-07-11T00:01:43.001+0000] {processor.py:161} INFO - Started process (PID=4172) to work on /home/airflow/.local/lib/python3.12/site-packages/airflow/example_dags/example_skip_dag.py
[2024-07-11T00:01:43.012+0000] {processor.py:830} INFO - Processing file /home/airflow/.local/lib/python3.12/site-packages/airflow/example_dags/example_skip_dag.py for tasks to queue
[2024-07-11T00:01:43.020+0000] {logging_mixin.py:188} INFO - [2024-07-11T00:01:43.019+0000] {dagbag.py:545} INFO - Filling up the DagBag from /home/airflow/.local/lib/python3.12/site-packages/airflow/example_dags/example_skip_dag.py
[2024-07-11T00:01:43.036+0000] {processor.py:840} INFO - DAG(s) 'example_skip_dag' retrieved from /home/airflow/.local/lib/python3.12/site-packages/airflow/example_dags/example_skip_dag.py
[2024-07-11T00:01:43.122+0000] {logging_mixin.py:188} INFO - [2024-07-11T00:01:43.122+0000] {dag.py:3096} INFO - Sync 1 DAGs
[2024-07-11T00:01:43.166+0000] {logging_mixin.py:188} INFO - [2024-07-11T00:01:43.166+0000] {dag.py:3954} INFO - Setting next_dagrun for example_skip_dag to 2024-07-10 00:00:00+00:00, run_after=2024-07-11 00:00:00+00:00
[2024-07-11T00:01:43.207+0000] {processor.py:183} INFO - Processing /home/airflow/.local/lib/python3.12/site-packages/airflow/example_dags/example_skip_dag.py took 0.226 seconds
[2024-07-11T00:02:13.342+0000] {processor.py:161} INFO - Started process (PID=4230) to work on /home/airflow/.local/lib/python3.12/site-packages/airflow/example_dags/example_skip_dag.py
[2024-07-11T00:02:13.355+0000] {processor.py:830} INFO - Processing file /home/airflow/.local/lib/python3.12/site-packages/airflow/example_dags/example_skip_dag.py for tasks to queue
[2024-07-11T00:02:13.366+0000] {logging_mixin.py:188} INFO - [2024-07-11T00:02:13.361+0000] {dagbag.py:545} INFO - Filling up the DagBag from /home/airflow/.local/lib/python3.12/site-packages/airflow/example_dags/example_skip_dag.py
[2024-07-11T00:02:13.422+0000] {processor.py:840} INFO - DAG(s) 'example_skip_dag' retrieved from /home/airflow/.local/lib/python3.12/site-packages/airflow/example_dags/example_skip_dag.py
[2024-07-11T00:02:13.570+0000] {logging_mixin.py:188} INFO - [2024-07-11T00:02:13.569+0000] {dag.py:3096} INFO - Sync 1 DAGs
[2024-07-11T00:02:13.657+0000] {logging_mixin.py:188} INFO - [2024-07-11T00:02:13.657+0000] {dag.py:3954} INFO - Setting next_dagrun for example_skip_dag to 2024-07-10 00:00:00+00:00, run_after=2024-07-11 00:00:00+00:00
[2024-07-11T00:02:13.704+0000] {processor.py:183} INFO - Processing /home/airflow/.local/lib/python3.12/site-packages/airflow/example_dags/example_skip_dag.py took 0.398 seconds
[2024-07-11T00:02:43.775+0000] {processor.py:161} INFO - Started process (PID=4292) to work on /home/airflow/.local/lib/python3.12/site-packages/airflow/example_dags/example_skip_dag.py
[2024-07-11T00:02:43.778+0000] {processor.py:830} INFO - Processing file /home/airflow/.local/lib/python3.12/site-packages/airflow/example_dags/example_skip_dag.py for tasks to queue
[2024-07-11T00:02:43.781+0000] {logging_mixin.py:188} INFO - [2024-07-11T00:02:43.780+0000] {dagbag.py:545} INFO - Filling up the DagBag from /home/airflow/.local/lib/python3.12/site-packages/airflow/example_dags/example_skip_dag.py
[2024-07-11T00:02:43.799+0000] {processor.py:840} INFO - DAG(s) 'example_skip_dag' retrieved from /home/airflow/.local/lib/python3.12/site-packages/airflow/example_dags/example_skip_dag.py
[2024-07-11T00:02:43.853+0000] {logging_mixin.py:188} INFO - [2024-07-11T00:02:43.852+0000] {dag.py:3096} INFO - Sync 1 DAGs
[2024-07-11T00:02:43.912+0000] {logging_mixin.py:188} INFO - [2024-07-11T00:02:43.912+0000] {dag.py:3954} INFO - Setting next_dagrun for example_skip_dag to 2024-07-10 00:00:00+00:00, run_after=2024-07-11 00:00:00+00:00
[2024-07-11T00:02:43.956+0000] {processor.py:183} INFO - Processing /home/airflow/.local/lib/python3.12/site-packages/airflow/example_dags/example_skip_dag.py took 0.195 seconds
[2024-07-11T00:03:14.518+0000] {processor.py:161} INFO - Started process (PID=4361) to work on /home/airflow/.local/lib/python3.12/site-packages/airflow/example_dags/example_skip_dag.py
[2024-07-11T00:03:14.527+0000] {processor.py:830} INFO - Processing file /home/airflow/.local/lib/python3.12/site-packages/airflow/example_dags/example_skip_dag.py for tasks to queue
[2024-07-11T00:03:14.538+0000] {logging_mixin.py:188} INFO - [2024-07-11T00:03:14.536+0000] {dagbag.py:545} INFO - Filling up the DagBag from /home/airflow/.local/lib/python3.12/site-packages/airflow/example_dags/example_skip_dag.py
[2024-07-11T00:03:14.564+0000] {processor.py:840} INFO - DAG(s) 'example_skip_dag' retrieved from /home/airflow/.local/lib/python3.12/site-packages/airflow/example_dags/example_skip_dag.py
[2024-07-11T00:03:14.647+0000] {logging_mixin.py:188} INFO - [2024-07-11T00:03:14.647+0000] {dag.py:3096} INFO - Sync 1 DAGs
[2024-07-11T00:03:14.711+0000] {logging_mixin.py:188} INFO - [2024-07-11T00:03:14.711+0000] {dag.py:3954} INFO - Setting next_dagrun for example_skip_dag to 2024-07-10 00:00:00+00:00, run_after=2024-07-11 00:00:00+00:00
[2024-07-11T00:03:14.761+0000] {processor.py:183} INFO - Processing /home/airflow/.local/lib/python3.12/site-packages/airflow/example_dags/example_skip_dag.py took 0.270 seconds
[2024-07-11T00:03:44.845+0000] {processor.py:161} INFO - Started process (PID=4421) to work on /home/airflow/.local/lib/python3.12/site-packages/airflow/example_dags/example_skip_dag.py
[2024-07-11T00:03:44.850+0000] {processor.py:830} INFO - Processing file /home/airflow/.local/lib/python3.12/site-packages/airflow/example_dags/example_skip_dag.py for tasks to queue
[2024-07-11T00:03:44.854+0000] {logging_mixin.py:188} INFO - [2024-07-11T00:03:44.853+0000] {dagbag.py:545} INFO - Filling up the DagBag from /home/airflow/.local/lib/python3.12/site-packages/airflow/example_dags/example_skip_dag.py
[2024-07-11T00:03:44.869+0000] {processor.py:840} INFO - DAG(s) 'example_skip_dag' retrieved from /home/airflow/.local/lib/python3.12/site-packages/airflow/example_dags/example_skip_dag.py
[2024-07-11T00:03:44.953+0000] {logging_mixin.py:188} INFO - [2024-07-11T00:03:44.951+0000] {dag.py:3096} INFO - Sync 1 DAGs
[2024-07-11T00:03:45.049+0000] {logging_mixin.py:188} INFO - [2024-07-11T00:03:45.049+0000] {dag.py:3954} INFO - Setting next_dagrun for example_skip_dag to 2024-07-10 00:00:00+00:00, run_after=2024-07-11 00:00:00+00:00
[2024-07-11T00:03:45.108+0000] {processor.py:183} INFO - Processing /home/airflow/.local/lib/python3.12/site-packages/airflow/example_dags/example_skip_dag.py took 0.282 seconds
[2024-07-11T00:04:16.391+0000] {processor.py:161} INFO - Started process (PID=4481) to work on /home/airflow/.local/lib/python3.12/site-packages/airflow/example_dags/example_skip_dag.py
[2024-07-11T00:04:16.397+0000] {processor.py:830} INFO - Processing file /home/airflow/.local/lib/python3.12/site-packages/airflow/example_dags/example_skip_dag.py for tasks to queue
[2024-07-11T00:04:16.404+0000] {logging_mixin.py:188} INFO - [2024-07-11T00:04:16.403+0000] {dagbag.py:545} INFO - Filling up the DagBag from /home/airflow/.local/lib/python3.12/site-packages/airflow/example_dags/example_skip_dag.py
[2024-07-11T00:04:16.435+0000] {processor.py:840} INFO - DAG(s) 'example_skip_dag' retrieved from /home/airflow/.local/lib/python3.12/site-packages/airflow/example_dags/example_skip_dag.py
[2024-07-11T00:04:16.599+0000] {logging_mixin.py:188} INFO - [2024-07-11T00:04:16.597+0000] {dag.py:3096} INFO - Sync 1 DAGs
[2024-07-11T00:04:16.784+0000] {logging_mixin.py:188} INFO - [2024-07-11T00:04:16.783+0000] {dag.py:3954} INFO - Setting next_dagrun for example_skip_dag to 2024-07-10 00:00:00+00:00, run_after=2024-07-11 00:00:00+00:00
[2024-07-11T00:04:16.833+0000] {processor.py:183} INFO - Processing /home/airflow/.local/lib/python3.12/site-packages/airflow/example_dags/example_skip_dag.py took 0.471 seconds
[2024-07-11T00:04:46.965+0000] {processor.py:161} INFO - Started process (PID=4539) to work on /home/airflow/.local/lib/python3.12/site-packages/airflow/example_dags/example_skip_dag.py
[2024-07-11T00:04:46.967+0000] {processor.py:830} INFO - Processing file /home/airflow/.local/lib/python3.12/site-packages/airflow/example_dags/example_skip_dag.py for tasks to queue
[2024-07-11T00:04:46.970+0000] {logging_mixin.py:188} INFO - [2024-07-11T00:04:46.969+0000] {dagbag.py:545} INFO - Filling up the DagBag from /home/airflow/.local/lib/python3.12/site-packages/airflow/example_dags/example_skip_dag.py
[2024-07-11T00:04:46.984+0000] {processor.py:840} INFO - DAG(s) 'example_skip_dag' retrieved from /home/airflow/.local/lib/python3.12/site-packages/airflow/example_dags/example_skip_dag.py
[2024-07-11T00:04:47.028+0000] {logging_mixin.py:188} INFO - [2024-07-11T00:04:47.027+0000] {dag.py:3096} INFO - Sync 1 DAGs
[2024-07-11T00:04:47.061+0000] {logging_mixin.py:188} INFO - [2024-07-11T00:04:47.061+0000] {dag.py:3954} INFO - Setting next_dagrun for example_skip_dag to 2024-07-10 00:00:00+00:00, run_after=2024-07-11 00:00:00+00:00
[2024-07-11T00:04:47.100+0000] {processor.py:183} INFO - Processing /home/airflow/.local/lib/python3.12/site-packages/airflow/example_dags/example_skip_dag.py took 0.145 seconds
[2024-07-11T00:05:18.530+0000] {processor.py:161} INFO - Started process (PID=4601) to work on /home/airflow/.local/lib/python3.12/site-packages/airflow/example_dags/example_skip_dag.py
[2024-07-11T00:05:18.533+0000] {processor.py:830} INFO - Processing file /home/airflow/.local/lib/python3.12/site-packages/airflow/example_dags/example_skip_dag.py for tasks to queue
[2024-07-11T00:05:18.540+0000] {logging_mixin.py:188} INFO - [2024-07-11T00:05:18.539+0000] {dagbag.py:545} INFO - Filling up the DagBag from /home/airflow/.local/lib/python3.12/site-packages/airflow/example_dags/example_skip_dag.py
[2024-07-11T00:05:18.563+0000] {processor.py:840} INFO - DAG(s) 'example_skip_dag' retrieved from /home/airflow/.local/lib/python3.12/site-packages/airflow/example_dags/example_skip_dag.py
[2024-07-11T00:05:18.666+0000] {logging_mixin.py:188} INFO - [2024-07-11T00:05:18.666+0000] {dag.py:3096} INFO - Sync 1 DAGs
[2024-07-11T00:05:18.741+0000] {logging_mixin.py:188} INFO - [2024-07-11T00:05:18.740+0000] {dag.py:3954} INFO - Setting next_dagrun for example_skip_dag to 2024-07-10 00:00:00+00:00, run_after=2024-07-11 00:00:00+00:00
[2024-07-11T00:05:18.799+0000] {processor.py:183} INFO - Processing /home/airflow/.local/lib/python3.12/site-packages/airflow/example_dags/example_skip_dag.py took 0.283 seconds
[2024-07-11T00:05:49.328+0000] {processor.py:161} INFO - Started process (PID=4659) to work on /home/airflow/.local/lib/python3.12/site-packages/airflow/example_dags/example_skip_dag.py
[2024-07-11T00:05:49.330+0000] {processor.py:830} INFO - Processing file /home/airflow/.local/lib/python3.12/site-packages/airflow/example_dags/example_skip_dag.py for tasks to queue
[2024-07-11T00:05:49.332+0000] {logging_mixin.py:188} INFO - [2024-07-11T00:05:49.331+0000] {dagbag.py:545} INFO - Filling up the DagBag from /home/airflow/.local/lib/python3.12/site-packages/airflow/example_dags/example_skip_dag.py
[2024-07-11T00:05:49.349+0000] {processor.py:840} INFO - DAG(s) 'example_skip_dag' retrieved from /home/airflow/.local/lib/python3.12/site-packages/airflow/example_dags/example_skip_dag.py
[2024-07-11T00:05:49.481+0000] {logging_mixin.py:188} INFO - [2024-07-11T00:05:49.479+0000] {dag.py:3096} INFO - Sync 1 DAGs
[2024-07-11T00:05:49.591+0000] {logging_mixin.py:188} INFO - [2024-07-11T00:05:49.585+0000] {dag.py:3954} INFO - Setting next_dagrun for example_skip_dag to 2024-07-10 00:00:00+00:00, run_after=2024-07-11 00:00:00+00:00
[2024-07-11T00:05:49.688+0000] {processor.py:183} INFO - Processing /home/airflow/.local/lib/python3.12/site-packages/airflow/example_dags/example_skip_dag.py took 0.378 seconds
[2024-07-11T00:06:20.070+0000] {processor.py:161} INFO - Started process (PID=4719) to work on /home/airflow/.local/lib/python3.12/site-packages/airflow/example_dags/example_skip_dag.py
[2024-07-11T00:06:20.072+0000] {processor.py:830} INFO - Processing file /home/airflow/.local/lib/python3.12/site-packages/airflow/example_dags/example_skip_dag.py for tasks to queue
[2024-07-11T00:06:20.074+0000] {logging_mixin.py:188} INFO - [2024-07-11T00:06:20.073+0000] {dagbag.py:545} INFO - Filling up the DagBag from /home/airflow/.local/lib/python3.12/site-packages/airflow/example_dags/example_skip_dag.py
[2024-07-11T00:06:20.083+0000] {processor.py:840} INFO - DAG(s) 'example_skip_dag' retrieved from /home/airflow/.local/lib/python3.12/site-packages/airflow/example_dags/example_skip_dag.py
[2024-07-11T00:06:20.119+0000] {logging_mixin.py:188} INFO - [2024-07-11T00:06:20.119+0000] {dag.py:3096} INFO - Sync 1 DAGs
[2024-07-11T00:06:20.152+0000] {logging_mixin.py:188} INFO - [2024-07-11T00:06:20.151+0000] {dag.py:3954} INFO - Setting next_dagrun for example_skip_dag to 2024-07-10 00:00:00+00:00, run_after=2024-07-11 00:00:00+00:00
[2024-07-11T00:06:20.184+0000] {processor.py:183} INFO - Processing /home/airflow/.local/lib/python3.12/site-packages/airflow/example_dags/example_skip_dag.py took 0.125 seconds
[2024-07-11T00:06:50.894+0000] {processor.py:161} INFO - Started process (PID=4779) to work on /home/airflow/.local/lib/python3.12/site-packages/airflow/example_dags/example_skip_dag.py
[2024-07-11T00:06:50.898+0000] {processor.py:830} INFO - Processing file /home/airflow/.local/lib/python3.12/site-packages/airflow/example_dags/example_skip_dag.py for tasks to queue
[2024-07-11T00:06:50.901+0000] {logging_mixin.py:188} INFO - [2024-07-11T00:06:50.901+0000] {dagbag.py:545} INFO - Filling up the DagBag from /home/airflow/.local/lib/python3.12/site-packages/airflow/example_dags/example_skip_dag.py
[2024-07-11T00:06:50.917+0000] {processor.py:840} INFO - DAG(s) 'example_skip_dag' retrieved from /home/airflow/.local/lib/python3.12/site-packages/airflow/example_dags/example_skip_dag.py
[2024-07-11T00:06:50.968+0000] {logging_mixin.py:188} INFO - [2024-07-11T00:06:50.968+0000] {dag.py:3096} INFO - Sync 1 DAGs
[2024-07-11T00:06:51.020+0000] {logging_mixin.py:188} INFO - [2024-07-11T00:06:51.020+0000] {dag.py:3954} INFO - Setting next_dagrun for example_skip_dag to 2024-07-10 00:00:00+00:00, run_after=2024-07-11 00:00:00+00:00
[2024-07-11T00:06:51.066+0000] {processor.py:183} INFO - Processing /home/airflow/.local/lib/python3.12/site-packages/airflow/example_dags/example_skip_dag.py took 0.188 seconds
[2024-07-11T00:07:21.770+0000] {processor.py:161} INFO - Started process (PID=4837) to work on /home/airflow/.local/lib/python3.12/site-packages/airflow/example_dags/example_skip_dag.py
[2024-07-11T00:07:21.772+0000] {processor.py:830} INFO - Processing file /home/airflow/.local/lib/python3.12/site-packages/airflow/example_dags/example_skip_dag.py for tasks to queue
[2024-07-11T00:07:21.774+0000] {logging_mixin.py:188} INFO - [2024-07-11T00:07:21.774+0000] {dagbag.py:545} INFO - Filling up the DagBag from /home/airflow/.local/lib/python3.12/site-packages/airflow/example_dags/example_skip_dag.py
[2024-07-11T00:07:21.785+0000] {processor.py:840} INFO - DAG(s) 'example_skip_dag' retrieved from /home/airflow/.local/lib/python3.12/site-packages/airflow/example_dags/example_skip_dag.py
[2024-07-11T00:07:21.828+0000] {logging_mixin.py:188} INFO - [2024-07-11T00:07:21.828+0000] {dag.py:3096} INFO - Sync 1 DAGs
[2024-07-11T00:07:21.894+0000] {logging_mixin.py:188} INFO - [2024-07-11T00:07:21.894+0000] {dag.py:3954} INFO - Setting next_dagrun for example_skip_dag to 2024-07-10 00:00:00+00:00, run_after=2024-07-11 00:00:00+00:00
[2024-07-11T00:07:21.945+0000] {processor.py:183} INFO - Processing /home/airflow/.local/lib/python3.12/site-packages/airflow/example_dags/example_skip_dag.py took 0.186 seconds
[2024-07-11T00:07:52.119+0000] {processor.py:161} INFO - Started process (PID=4897) to work on /home/airflow/.local/lib/python3.12/site-packages/airflow/example_dags/example_skip_dag.py
[2024-07-11T00:07:52.126+0000] {processor.py:830} INFO - Processing file /home/airflow/.local/lib/python3.12/site-packages/airflow/example_dags/example_skip_dag.py for tasks to queue
[2024-07-11T00:07:52.155+0000] {logging_mixin.py:188} INFO - [2024-07-11T00:07:52.138+0000] {dagbag.py:545} INFO - Filling up the DagBag from /home/airflow/.local/lib/python3.12/site-packages/airflow/example_dags/example_skip_dag.py
[2024-07-11T00:07:52.301+0000] {processor.py:840} INFO - DAG(s) 'example_skip_dag' retrieved from /home/airflow/.local/lib/python3.12/site-packages/airflow/example_dags/example_skip_dag.py
[2024-07-11T00:07:52.750+0000] {logging_mixin.py:188} INFO - [2024-07-11T00:07:52.748+0000] {dag.py:3096} INFO - Sync 1 DAGs
[2024-07-11T00:07:53.343+0000] {logging_mixin.py:188} INFO - [2024-07-11T00:07:53.331+0000] {dag.py:3954} INFO - Setting next_dagrun for example_skip_dag to 2024-07-10 00:00:00+00:00, run_after=2024-07-11 00:00:00+00:00
[2024-07-11T00:07:53.699+0000] {processor.py:183} INFO - Processing /home/airflow/.local/lib/python3.12/site-packages/airflow/example_dags/example_skip_dag.py took 1.641 seconds
[2024-07-11T00:08:24.424+0000] {processor.py:161} INFO - Started process (PID=4957) to work on /home/airflow/.local/lib/python3.12/site-packages/airflow/example_dags/example_skip_dag.py
[2024-07-11T00:08:24.427+0000] {processor.py:830} INFO - Processing file /home/airflow/.local/lib/python3.12/site-packages/airflow/example_dags/example_skip_dag.py for tasks to queue
[2024-07-11T00:08:24.430+0000] {logging_mixin.py:188} INFO - [2024-07-11T00:08:24.428+0000] {dagbag.py:545} INFO - Filling up the DagBag from /home/airflow/.local/lib/python3.12/site-packages/airflow/example_dags/example_skip_dag.py
[2024-07-11T00:08:24.443+0000] {processor.py:840} INFO - DAG(s) 'example_skip_dag' retrieved from /home/airflow/.local/lib/python3.12/site-packages/airflow/example_dags/example_skip_dag.py
[2024-07-11T00:08:24.495+0000] {logging_mixin.py:188} INFO - [2024-07-11T00:08:24.495+0000] {dag.py:3096} INFO - Sync 1 DAGs
[2024-07-11T00:08:24.545+0000] {logging_mixin.py:188} INFO - [2024-07-11T00:08:24.545+0000] {dag.py:3954} INFO - Setting next_dagrun for example_skip_dag to 2024-07-10 00:00:00+00:00, run_after=2024-07-11 00:00:00+00:00
[2024-07-11T00:08:24.596+0000] {processor.py:183} INFO - Processing /home/airflow/.local/lib/python3.12/site-packages/airflow/example_dags/example_skip_dag.py took 0.190 seconds
[2024-07-11T00:08:54.824+0000] {processor.py:161} INFO - Started process (PID=5018) to work on /home/airflow/.local/lib/python3.12/site-packages/airflow/example_dags/example_skip_dag.py
[2024-07-11T00:08:54.825+0000] {processor.py:830} INFO - Processing file /home/airflow/.local/lib/python3.12/site-packages/airflow/example_dags/example_skip_dag.py for tasks to queue
[2024-07-11T00:08:54.830+0000] {logging_mixin.py:188} INFO - [2024-07-11T00:08:54.829+0000] {dagbag.py:545} INFO - Filling up the DagBag from /home/airflow/.local/lib/python3.12/site-packages/airflow/example_dags/example_skip_dag.py
[2024-07-11T00:08:54.842+0000] {processor.py:840} INFO - DAG(s) 'example_skip_dag' retrieved from /home/airflow/.local/lib/python3.12/site-packages/airflow/example_dags/example_skip_dag.py
[2024-07-11T00:08:54.904+0000] {logging_mixin.py:188} INFO - [2024-07-11T00:08:54.904+0000] {dag.py:3096} INFO - Sync 1 DAGs
[2024-07-11T00:08:54.957+0000] {logging_mixin.py:188} INFO - [2024-07-11T00:08:54.957+0000] {dag.py:3954} INFO - Setting next_dagrun for example_skip_dag to 2024-07-10 00:00:00+00:00, run_after=2024-07-11 00:00:00+00:00
[2024-07-11T00:08:55.018+0000] {processor.py:183} INFO - Processing /home/airflow/.local/lib/python3.12/site-packages/airflow/example_dags/example_skip_dag.py took 0.210 seconds
[2024-07-11T00:09:25.301+0000] {processor.py:161} INFO - Started process (PID=5078) to work on /home/airflow/.local/lib/python3.12/site-packages/airflow/example_dags/example_skip_dag.py
[2024-07-11T00:09:25.303+0000] {processor.py:830} INFO - Processing file /home/airflow/.local/lib/python3.12/site-packages/airflow/example_dags/example_skip_dag.py for tasks to queue
[2024-07-11T00:09:25.305+0000] {logging_mixin.py:188} INFO - [2024-07-11T00:09:25.304+0000] {dagbag.py:545} INFO - Filling up the DagBag from /home/airflow/.local/lib/python3.12/site-packages/airflow/example_dags/example_skip_dag.py
[2024-07-11T00:09:25.320+0000] {processor.py:840} INFO - DAG(s) 'example_skip_dag' retrieved from /home/airflow/.local/lib/python3.12/site-packages/airflow/example_dags/example_skip_dag.py
[2024-07-11T00:09:25.398+0000] {logging_mixin.py:188} INFO - [2024-07-11T00:09:25.397+0000] {dag.py:3096} INFO - Sync 1 DAGs
[2024-07-11T00:09:25.469+0000] {logging_mixin.py:188} INFO - [2024-07-11T00:09:25.469+0000] {dag.py:3954} INFO - Setting next_dagrun for example_skip_dag to 2024-07-10 00:00:00+00:00, run_after=2024-07-11 00:00:00+00:00
[2024-07-11T00:09:25.556+0000] {processor.py:183} INFO - Processing /home/airflow/.local/lib/python3.12/site-packages/airflow/example_dags/example_skip_dag.py took 0.273 seconds
[2024-07-11T00:09:55.894+0000] {processor.py:161} INFO - Started process (PID=5138) to work on /home/airflow/.local/lib/python3.12/site-packages/airflow/example_dags/example_skip_dag.py
[2024-07-11T00:09:55.907+0000] {processor.py:830} INFO - Processing file /home/airflow/.local/lib/python3.12/site-packages/airflow/example_dags/example_skip_dag.py for tasks to queue
[2024-07-11T00:09:55.909+0000] {logging_mixin.py:188} INFO - [2024-07-11T00:09:55.908+0000] {dagbag.py:545} INFO - Filling up the DagBag from /home/airflow/.local/lib/python3.12/site-packages/airflow/example_dags/example_skip_dag.py
[2024-07-11T00:09:55.921+0000] {processor.py:840} INFO - DAG(s) 'example_skip_dag' retrieved from /home/airflow/.local/lib/python3.12/site-packages/airflow/example_dags/example_skip_dag.py
[2024-07-11T00:09:56.014+0000] {logging_mixin.py:188} INFO - [2024-07-11T00:09:56.013+0000] {dag.py:3096} INFO - Sync 1 DAGs
[2024-07-11T00:09:56.086+0000] {logging_mixin.py:188} INFO - [2024-07-11T00:09:56.085+0000] {dag.py:3954} INFO - Setting next_dagrun for example_skip_dag to 2024-07-10 00:00:00+00:00, run_after=2024-07-11 00:00:00+00:00
[2024-07-11T00:09:56.185+0000] {processor.py:183} INFO - Processing /home/airflow/.local/lib/python3.12/site-packages/airflow/example_dags/example_skip_dag.py took 0.316 seconds
[2024-07-11T00:10:26.366+0000] {processor.py:161} INFO - Started process (PID=5199) to work on /home/airflow/.local/lib/python3.12/site-packages/airflow/example_dags/example_skip_dag.py
[2024-07-11T00:10:26.368+0000] {processor.py:830} INFO - Processing file /home/airflow/.local/lib/python3.12/site-packages/airflow/example_dags/example_skip_dag.py for tasks to queue
[2024-07-11T00:10:26.370+0000] {logging_mixin.py:188} INFO - [2024-07-11T00:10:26.369+0000] {dagbag.py:545} INFO - Filling up the DagBag from /home/airflow/.local/lib/python3.12/site-packages/airflow/example_dags/example_skip_dag.py
[2024-07-11T00:10:26.383+0000] {processor.py:840} INFO - DAG(s) 'example_skip_dag' retrieved from /home/airflow/.local/lib/python3.12/site-packages/airflow/example_dags/example_skip_dag.py
[2024-07-11T00:10:26.426+0000] {logging_mixin.py:188} INFO - [2024-07-11T00:10:26.425+0000] {dag.py:3096} INFO - Sync 1 DAGs
[2024-07-11T00:10:26.472+0000] {logging_mixin.py:188} INFO - [2024-07-11T00:10:26.472+0000] {dag.py:3954} INFO - Setting next_dagrun for example_skip_dag to 2024-07-10 00:00:00+00:00, run_after=2024-07-11 00:00:00+00:00
[2024-07-11T00:10:26.507+0000] {processor.py:183} INFO - Processing /home/airflow/.local/lib/python3.12/site-packages/airflow/example_dags/example_skip_dag.py took 0.151 seconds
[2024-07-11T00:10:56.580+0000] {processor.py:161} INFO - Started process (PID=5259) to work on /home/airflow/.local/lib/python3.12/site-packages/airflow/example_dags/example_skip_dag.py
[2024-07-11T00:10:56.582+0000] {processor.py:830} INFO - Processing file /home/airflow/.local/lib/python3.12/site-packages/airflow/example_dags/example_skip_dag.py for tasks to queue
[2024-07-11T00:10:56.584+0000] {logging_mixin.py:188} INFO - [2024-07-11T00:10:56.583+0000] {dagbag.py:545} INFO - Filling up the DagBag from /home/airflow/.local/lib/python3.12/site-packages/airflow/example_dags/example_skip_dag.py
[2024-07-11T00:10:56.593+0000] {processor.py:840} INFO - DAG(s) 'example_skip_dag' retrieved from /home/airflow/.local/lib/python3.12/site-packages/airflow/example_dags/example_skip_dag.py
[2024-07-11T00:10:56.628+0000] {logging_mixin.py:188} INFO - [2024-07-11T00:10:56.628+0000] {dag.py:3096} INFO - Sync 1 DAGs
[2024-07-11T00:10:56.658+0000] {logging_mixin.py:188} INFO - [2024-07-11T00:10:56.658+0000] {dag.py:3954} INFO - Setting next_dagrun for example_skip_dag to 2024-07-10 00:00:00+00:00, run_after=2024-07-11 00:00:00+00:00
[2024-07-11T00:10:56.686+0000] {processor.py:183} INFO - Processing /home/airflow/.local/lib/python3.12/site-packages/airflow/example_dags/example_skip_dag.py took 0.116 seconds
[2024-07-11T00:11:27.164+0000] {processor.py:161} INFO - Started process (PID=5317) to work on /home/airflow/.local/lib/python3.12/site-packages/airflow/example_dags/example_skip_dag.py
[2024-07-11T00:11:27.169+0000] {processor.py:830} INFO - Processing file /home/airflow/.local/lib/python3.12/site-packages/airflow/example_dags/example_skip_dag.py for tasks to queue
[2024-07-11T00:11:27.176+0000] {logging_mixin.py:188} INFO - [2024-07-11T00:11:27.175+0000] {dagbag.py:545} INFO - Filling up the DagBag from /home/airflow/.local/lib/python3.12/site-packages/airflow/example_dags/example_skip_dag.py
[2024-07-11T00:11:27.199+0000] {processor.py:840} INFO - DAG(s) 'example_skip_dag' retrieved from /home/airflow/.local/lib/python3.12/site-packages/airflow/example_dags/example_skip_dag.py
[2024-07-11T00:11:27.267+0000] {logging_mixin.py:188} INFO - [2024-07-11T00:11:27.266+0000] {dag.py:3096} INFO - Sync 1 DAGs
[2024-07-11T00:11:27.321+0000] {logging_mixin.py:188} INFO - [2024-07-11T00:11:27.319+0000] {dag.py:3954} INFO - Setting next_dagrun for example_skip_dag to 2024-07-10 00:00:00+00:00, run_after=2024-07-11 00:00:00+00:00
[2024-07-11T00:11:27.372+0000] {processor.py:183} INFO - Processing /home/airflow/.local/lib/python3.12/site-packages/airflow/example_dags/example_skip_dag.py took 0.227 seconds
[2024-07-11T00:11:57.455+0000] {processor.py:161} INFO - Started process (PID=5379) to work on /home/airflow/.local/lib/python3.12/site-packages/airflow/example_dags/example_skip_dag.py
[2024-07-11T00:11:57.457+0000] {processor.py:830} INFO - Processing file /home/airflow/.local/lib/python3.12/site-packages/airflow/example_dags/example_skip_dag.py for tasks to queue
[2024-07-11T00:11:57.458+0000] {logging_mixin.py:188} INFO - [2024-07-11T00:11:57.458+0000] {dagbag.py:545} INFO - Filling up the DagBag from /home/airflow/.local/lib/python3.12/site-packages/airflow/example_dags/example_skip_dag.py
[2024-07-11T00:11:57.471+0000] {processor.py:840} INFO - DAG(s) 'example_skip_dag' retrieved from /home/airflow/.local/lib/python3.12/site-packages/airflow/example_dags/example_skip_dag.py
[2024-07-11T00:11:57.591+0000] {logging_mixin.py:188} INFO - [2024-07-11T00:11:57.590+0000] {dag.py:3096} INFO - Sync 1 DAGs
[2024-07-11T00:11:57.682+0000] {logging_mixin.py:188} INFO - [2024-07-11T00:11:57.681+0000] {dag.py:3954} INFO - Setting next_dagrun for example_skip_dag to 2024-07-10 00:00:00+00:00, run_after=2024-07-11 00:00:00+00:00
[2024-07-11T00:11:57.887+0000] {processor.py:183} INFO - Processing /home/airflow/.local/lib/python3.12/site-packages/airflow/example_dags/example_skip_dag.py took 0.450 seconds
[2024-07-11T00:12:28.842+0000] {processor.py:161} INFO - Started process (PID=5438) to work on /home/airflow/.local/lib/python3.12/site-packages/airflow/example_dags/example_skip_dag.py
[2024-07-11T00:12:28.843+0000] {processor.py:830} INFO - Processing file /home/airflow/.local/lib/python3.12/site-packages/airflow/example_dags/example_skip_dag.py for tasks to queue
[2024-07-11T00:12:28.845+0000] {logging_mixin.py:188} INFO - [2024-07-11T00:12:28.844+0000] {dagbag.py:545} INFO - Filling up the DagBag from /home/airflow/.local/lib/python3.12/site-packages/airflow/example_dags/example_skip_dag.py
[2024-07-11T00:12:28.862+0000] {processor.py:840} INFO - DAG(s) 'example_skip_dag' retrieved from /home/airflow/.local/lib/python3.12/site-packages/airflow/example_dags/example_skip_dag.py
[2024-07-11T00:12:28.938+0000] {logging_mixin.py:188} INFO - [2024-07-11T00:12:28.938+0000] {dag.py:3096} INFO - Sync 1 DAGs
[2024-07-11T00:12:28.974+0000] {logging_mixin.py:188} INFO - [2024-07-11T00:12:28.974+0000] {dag.py:3954} INFO - Setting next_dagrun for example_skip_dag to 2024-07-10 00:00:00+00:00, run_after=2024-07-11 00:00:00+00:00
[2024-07-11T00:12:29.015+0000] {processor.py:183} INFO - Processing /home/airflow/.local/lib/python3.12/site-packages/airflow/example_dags/example_skip_dag.py took 0.191 seconds
[2024-07-11T00:12:59.505+0000] {processor.py:161} INFO - Started process (PID=5499) to work on /home/airflow/.local/lib/python3.12/site-packages/airflow/example_dags/example_skip_dag.py
[2024-07-11T00:12:59.507+0000] {processor.py:830} INFO - Processing file /home/airflow/.local/lib/python3.12/site-packages/airflow/example_dags/example_skip_dag.py for tasks to queue
[2024-07-11T00:12:59.508+0000] {logging_mixin.py:188} INFO - [2024-07-11T00:12:59.508+0000] {dagbag.py:545} INFO - Filling up the DagBag from /home/airflow/.local/lib/python3.12/site-packages/airflow/example_dags/example_skip_dag.py
[2024-07-11T00:12:59.517+0000] {processor.py:840} INFO - DAG(s) 'example_skip_dag' retrieved from /home/airflow/.local/lib/python3.12/site-packages/airflow/example_dags/example_skip_dag.py
[2024-07-11T00:12:59.553+0000] {logging_mixin.py:188} INFO - [2024-07-11T00:12:59.553+0000] {dag.py:3096} INFO - Sync 1 DAGs
[2024-07-11T00:12:59.585+0000] {logging_mixin.py:188} INFO - [2024-07-11T00:12:59.584+0000] {dag.py:3954} INFO - Setting next_dagrun for example_skip_dag to 2024-07-10 00:00:00+00:00, run_after=2024-07-11 00:00:00+00:00
[2024-07-11T00:12:59.614+0000] {processor.py:183} INFO - Processing /home/airflow/.local/lib/python3.12/site-packages/airflow/example_dags/example_skip_dag.py took 0.118 seconds
[2024-07-11T00:13:29.862+0000] {processor.py:161} INFO - Started process (PID=5558) to work on /home/airflow/.local/lib/python3.12/site-packages/airflow/example_dags/example_skip_dag.py
[2024-07-11T00:13:29.865+0000] {processor.py:830} INFO - Processing file /home/airflow/.local/lib/python3.12/site-packages/airflow/example_dags/example_skip_dag.py for tasks to queue
[2024-07-11T00:13:29.868+0000] {logging_mixin.py:188} INFO - [2024-07-11T00:13:29.867+0000] {dagbag.py:545} INFO - Filling up the DagBag from /home/airflow/.local/lib/python3.12/site-packages/airflow/example_dags/example_skip_dag.py
[2024-07-11T00:13:29.879+0000] {processor.py:840} INFO - DAG(s) 'example_skip_dag' retrieved from /home/airflow/.local/lib/python3.12/site-packages/airflow/example_dags/example_skip_dag.py
[2024-07-11T00:13:29.924+0000] {logging_mixin.py:188} INFO - [2024-07-11T00:13:29.923+0000] {dag.py:3096} INFO - Sync 1 DAGs
[2024-07-11T00:13:29.965+0000] {logging_mixin.py:188} INFO - [2024-07-11T00:13:29.965+0000] {dag.py:3954} INFO - Setting next_dagrun for example_skip_dag to 2024-07-10 00:00:00+00:00, run_after=2024-07-11 00:00:00+00:00
[2024-07-11T00:13:30.023+0000] {processor.py:183} INFO - Processing /home/airflow/.local/lib/python3.12/site-packages/airflow/example_dags/example_skip_dag.py took 0.186 seconds
[2024-07-11T00:14:00.113+0000] {processor.py:161} INFO - Started process (PID=5618) to work on /home/airflow/.local/lib/python3.12/site-packages/airflow/example_dags/example_skip_dag.py
[2024-07-11T00:14:00.115+0000] {processor.py:830} INFO - Processing file /home/airflow/.local/lib/python3.12/site-packages/airflow/example_dags/example_skip_dag.py for tasks to queue
[2024-07-11T00:14:00.117+0000] {logging_mixin.py:188} INFO - [2024-07-11T00:14:00.116+0000] {dagbag.py:545} INFO - Filling up the DagBag from /home/airflow/.local/lib/python3.12/site-packages/airflow/example_dags/example_skip_dag.py
[2024-07-11T00:14:00.126+0000] {processor.py:840} INFO - DAG(s) 'example_skip_dag' retrieved from /home/airflow/.local/lib/python3.12/site-packages/airflow/example_dags/example_skip_dag.py
[2024-07-11T00:14:00.220+0000] {logging_mixin.py:188} INFO - [2024-07-11T00:14:00.220+0000] {dag.py:3096} INFO - Sync 1 DAGs
[2024-07-11T00:14:00.256+0000] {logging_mixin.py:188} INFO - [2024-07-11T00:14:00.255+0000] {dag.py:3954} INFO - Setting next_dagrun for example_skip_dag to 2024-07-10 00:00:00+00:00, run_after=2024-07-11 00:00:00+00:00
[2024-07-11T00:14:00.289+0000] {processor.py:183} INFO - Processing /home/airflow/.local/lib/python3.12/site-packages/airflow/example_dags/example_skip_dag.py took 0.185 seconds
[2024-07-11T00:14:30.427+0000] {processor.py:161} INFO - Started process (PID=5678) to work on /home/airflow/.local/lib/python3.12/site-packages/airflow/example_dags/example_skip_dag.py
[2024-07-11T00:14:30.429+0000] {processor.py:830} INFO - Processing file /home/airflow/.local/lib/python3.12/site-packages/airflow/example_dags/example_skip_dag.py for tasks to queue
[2024-07-11T00:14:30.431+0000] {logging_mixin.py:188} INFO - [2024-07-11T00:14:30.431+0000] {dagbag.py:545} INFO - Filling up the DagBag from /home/airflow/.local/lib/python3.12/site-packages/airflow/example_dags/example_skip_dag.py
[2024-07-11T00:14:30.441+0000] {processor.py:840} INFO - DAG(s) 'example_skip_dag' retrieved from /home/airflow/.local/lib/python3.12/site-packages/airflow/example_dags/example_skip_dag.py
[2024-07-11T00:14:30.478+0000] {logging_mixin.py:188} INFO - [2024-07-11T00:14:30.478+0000] {dag.py:3096} INFO - Sync 1 DAGs
[2024-07-11T00:14:30.511+0000] {logging_mixin.py:188} INFO - [2024-07-11T00:14:30.511+0000] {dag.py:3954} INFO - Setting next_dagrun for example_skip_dag to 2024-07-10 00:00:00+00:00, run_after=2024-07-11 00:00:00+00:00
[2024-07-11T00:14:30.545+0000] {processor.py:183} INFO - Processing /home/airflow/.local/lib/python3.12/site-packages/airflow/example_dags/example_skip_dag.py took 0.128 seconds
[2024-07-11T00:15:01.630+0000] {processor.py:161} INFO - Started process (PID=5737) to work on /home/airflow/.local/lib/python3.12/site-packages/airflow/example_dags/example_skip_dag.py
[2024-07-11T00:15:01.632+0000] {processor.py:830} INFO - Processing file /home/airflow/.local/lib/python3.12/site-packages/airflow/example_dags/example_skip_dag.py for tasks to queue
[2024-07-11T00:15:01.640+0000] {logging_mixin.py:188} INFO - [2024-07-11T00:15:01.639+0000] {dagbag.py:545} INFO - Filling up the DagBag from /home/airflow/.local/lib/python3.12/site-packages/airflow/example_dags/example_skip_dag.py
[2024-07-11T00:15:01.658+0000] {processor.py:840} INFO - DAG(s) 'example_skip_dag' retrieved from /home/airflow/.local/lib/python3.12/site-packages/airflow/example_dags/example_skip_dag.py
[2024-07-11T00:15:01.755+0000] {logging_mixin.py:188} INFO - [2024-07-11T00:15:01.754+0000] {dag.py:3096} INFO - Sync 1 DAGs
[2024-07-11T00:15:01.894+0000] {logging_mixin.py:188} INFO - [2024-07-11T00:15:01.893+0000] {dag.py:3954} INFO - Setting next_dagrun for example_skip_dag to 2024-07-10 00:00:00+00:00, run_after=2024-07-11 00:00:00+00:00
[2024-07-11T00:15:01.970+0000] {processor.py:183} INFO - Processing /home/airflow/.local/lib/python3.12/site-packages/airflow/example_dags/example_skip_dag.py took 0.352 seconds
[2024-07-11T00:15:32.466+0000] {processor.py:161} INFO - Started process (PID=5793) to work on /home/airflow/.local/lib/python3.12/site-packages/airflow/example_dags/example_skip_dag.py
[2024-07-11T00:15:32.470+0000] {processor.py:830} INFO - Processing file /home/airflow/.local/lib/python3.12/site-packages/airflow/example_dags/example_skip_dag.py for tasks to queue
[2024-07-11T00:15:32.472+0000] {logging_mixin.py:188} INFO - [2024-07-11T00:15:32.472+0000] {dagbag.py:545} INFO - Filling up the DagBag from /home/airflow/.local/lib/python3.12/site-packages/airflow/example_dags/example_skip_dag.py
[2024-07-11T00:15:32.498+0000] {processor.py:840} INFO - DAG(s) 'example_skip_dag' retrieved from /home/airflow/.local/lib/python3.12/site-packages/airflow/example_dags/example_skip_dag.py
[2024-07-11T00:15:32.593+0000] {logging_mixin.py:188} INFO - [2024-07-11T00:15:32.592+0000] {dag.py:3096} INFO - Sync 1 DAGs
[2024-07-11T00:15:32.648+0000] {logging_mixin.py:188} INFO - [2024-07-11T00:15:32.647+0000] {dag.py:3954} INFO - Setting next_dagrun for example_skip_dag to 2024-07-10 00:00:00+00:00, run_after=2024-07-11 00:00:00+00:00
[2024-07-11T00:15:32.720+0000] {processor.py:183} INFO - Processing /home/airflow/.local/lib/python3.12/site-packages/airflow/example_dags/example_skip_dag.py took 0.264 seconds
[2024-07-11T00:16:03.461+0000] {processor.py:161} INFO - Started process (PID=5853) to work on /home/airflow/.local/lib/python3.12/site-packages/airflow/example_dags/example_skip_dag.py
[2024-07-11T00:16:03.463+0000] {processor.py:830} INFO - Processing file /home/airflow/.local/lib/python3.12/site-packages/airflow/example_dags/example_skip_dag.py for tasks to queue
[2024-07-11T00:16:03.465+0000] {logging_mixin.py:188} INFO - [2024-07-11T00:16:03.465+0000] {dagbag.py:545} INFO - Filling up the DagBag from /home/airflow/.local/lib/python3.12/site-packages/airflow/example_dags/example_skip_dag.py
[2024-07-11T00:16:03.487+0000] {processor.py:840} INFO - DAG(s) 'example_skip_dag' retrieved from /home/airflow/.local/lib/python3.12/site-packages/airflow/example_dags/example_skip_dag.py
[2024-07-11T00:16:03.541+0000] {logging_mixin.py:188} INFO - [2024-07-11T00:16:03.541+0000] {dag.py:3096} INFO - Sync 1 DAGs
[2024-07-11T00:16:03.586+0000] {logging_mixin.py:188} INFO - [2024-07-11T00:16:03.586+0000] {dag.py:3954} INFO - Setting next_dagrun for example_skip_dag to 2024-07-10 00:00:00+00:00, run_after=2024-07-11 00:00:00+00:00
[2024-07-11T00:16:03.645+0000] {processor.py:183} INFO - Processing /home/airflow/.local/lib/python3.12/site-packages/airflow/example_dags/example_skip_dag.py took 0.197 seconds
[2024-07-11T00:16:34.106+0000] {processor.py:161} INFO - Started process (PID=5911) to work on /home/airflow/.local/lib/python3.12/site-packages/airflow/example_dags/example_skip_dag.py
[2024-07-11T00:16:34.108+0000] {processor.py:830} INFO - Processing file /home/airflow/.local/lib/python3.12/site-packages/airflow/example_dags/example_skip_dag.py for tasks to queue
[2024-07-11T00:16:34.111+0000] {logging_mixin.py:188} INFO - [2024-07-11T00:16:34.110+0000] {dagbag.py:545} INFO - Filling up the DagBag from /home/airflow/.local/lib/python3.12/site-packages/airflow/example_dags/example_skip_dag.py
[2024-07-11T00:16:34.124+0000] {processor.py:840} INFO - DAG(s) 'example_skip_dag' retrieved from /home/airflow/.local/lib/python3.12/site-packages/airflow/example_dags/example_skip_dag.py
[2024-07-11T00:16:34.177+0000] {logging_mixin.py:188} INFO - [2024-07-11T00:16:34.177+0000] {dag.py:3096} INFO - Sync 1 DAGs
[2024-07-11T00:16:34.219+0000] {logging_mixin.py:188} INFO - [2024-07-11T00:16:34.219+0000] {dag.py:3954} INFO - Setting next_dagrun for example_skip_dag to 2024-07-10 00:00:00+00:00, run_after=2024-07-11 00:00:00+00:00
[2024-07-11T00:16:34.256+0000] {processor.py:183} INFO - Processing /home/airflow/.local/lib/python3.12/site-packages/airflow/example_dags/example_skip_dag.py took 0.161 seconds
[2024-07-11T00:17:04.500+0000] {processor.py:161} INFO - Started process (PID=5970) to work on /home/airflow/.local/lib/python3.12/site-packages/airflow/example_dags/example_skip_dag.py
[2024-07-11T00:17:04.506+0000] {processor.py:830} INFO - Processing file /home/airflow/.local/lib/python3.12/site-packages/airflow/example_dags/example_skip_dag.py for tasks to queue
[2024-07-11T00:17:04.512+0000] {logging_mixin.py:188} INFO - [2024-07-11T00:17:04.511+0000] {dagbag.py:545} INFO - Filling up the DagBag from /home/airflow/.local/lib/python3.12/site-packages/airflow/example_dags/example_skip_dag.py
[2024-07-11T00:17:04.532+0000] {processor.py:840} INFO - DAG(s) 'example_skip_dag' retrieved from /home/airflow/.local/lib/python3.12/site-packages/airflow/example_dags/example_skip_dag.py
[2024-07-11T00:17:04.625+0000] {logging_mixin.py:188} INFO - [2024-07-11T00:17:04.620+0000] {dag.py:3096} INFO - Sync 1 DAGs
[2024-07-11T00:17:04.750+0000] {logging_mixin.py:188} INFO - [2024-07-11T00:17:04.749+0000] {dag.py:3954} INFO - Setting next_dagrun for example_skip_dag to 2024-07-10 00:00:00+00:00, run_after=2024-07-11 00:00:00+00:00
[2024-07-11T00:17:04.805+0000] {processor.py:183} INFO - Processing /home/airflow/.local/lib/python3.12/site-packages/airflow/example_dags/example_skip_dag.py took 0.335 seconds
[2024-07-11T00:17:34.883+0000] {processor.py:161} INFO - Started process (PID=6030) to work on /home/airflow/.local/lib/python3.12/site-packages/airflow/example_dags/example_skip_dag.py
[2024-07-11T00:17:34.885+0000] {processor.py:830} INFO - Processing file /home/airflow/.local/lib/python3.12/site-packages/airflow/example_dags/example_skip_dag.py for tasks to queue
[2024-07-11T00:17:34.887+0000] {logging_mixin.py:188} INFO - [2024-07-11T00:17:34.887+0000] {dagbag.py:545} INFO - Filling up the DagBag from /home/airflow/.local/lib/python3.12/site-packages/airflow/example_dags/example_skip_dag.py
[2024-07-11T00:17:34.898+0000] {processor.py:840} INFO - DAG(s) 'example_skip_dag' retrieved from /home/airflow/.local/lib/python3.12/site-packages/airflow/example_dags/example_skip_dag.py
[2024-07-11T00:17:34.947+0000] {logging_mixin.py:188} INFO - [2024-07-11T00:17:34.946+0000] {dag.py:3096} INFO - Sync 1 DAGs
[2024-07-11T00:17:34.991+0000] {logging_mixin.py:188} INFO - [2024-07-11T00:17:34.991+0000] {dag.py:3954} INFO - Setting next_dagrun for example_skip_dag to 2024-07-10 00:00:00+00:00, run_after=2024-07-11 00:00:00+00:00
[2024-07-11T00:17:35.028+0000] {processor.py:183} INFO - Processing /home/airflow/.local/lib/python3.12/site-packages/airflow/example_dags/example_skip_dag.py took 0.155 seconds
[2024-07-11T00:18:07.194+0000] {processor.py:161} INFO - Started process (PID=6090) to work on /home/airflow/.local/lib/python3.12/site-packages/airflow/example_dags/example_skip_dag.py
[2024-07-11T00:18:07.196+0000] {processor.py:830} INFO - Processing file /home/airflow/.local/lib/python3.12/site-packages/airflow/example_dags/example_skip_dag.py for tasks to queue
[2024-07-11T00:18:07.198+0000] {logging_mixin.py:188} INFO - [2024-07-11T00:18:07.197+0000] {dagbag.py:545} INFO - Filling up the DagBag from /home/airflow/.local/lib/python3.12/site-packages/airflow/example_dags/example_skip_dag.py
[2024-07-11T00:18:07.221+0000] {processor.py:840} INFO - DAG(s) 'example_skip_dag' retrieved from /home/airflow/.local/lib/python3.12/site-packages/airflow/example_dags/example_skip_dag.py
[2024-07-11T00:18:07.310+0000] {logging_mixin.py:188} INFO - [2024-07-11T00:18:07.310+0000] {dag.py:3096} INFO - Sync 1 DAGs
[2024-07-11T00:18:07.390+0000] {logging_mixin.py:188} INFO - [2024-07-11T00:18:07.389+0000] {dag.py:3954} INFO - Setting next_dagrun for example_skip_dag to 2024-07-10 00:00:00+00:00, run_after=2024-07-11 00:00:00+00:00
[2024-07-11T00:18:07.470+0000] {processor.py:183} INFO - Processing /home/airflow/.local/lib/python3.12/site-packages/airflow/example_dags/example_skip_dag.py took 0.292 seconds
[2024-07-11T00:18:37.808+0000] {processor.py:161} INFO - Started process (PID=6149) to work on /home/airflow/.local/lib/python3.12/site-packages/airflow/example_dags/example_skip_dag.py
[2024-07-11T00:18:37.818+0000] {processor.py:830} INFO - Processing file /home/airflow/.local/lib/python3.12/site-packages/airflow/example_dags/example_skip_dag.py for tasks to queue
[2024-07-11T00:18:37.819+0000] {logging_mixin.py:188} INFO - [2024-07-11T00:18:37.819+0000] {dagbag.py:545} INFO - Filling up the DagBag from /home/airflow/.local/lib/python3.12/site-packages/airflow/example_dags/example_skip_dag.py
[2024-07-11T00:18:37.828+0000] {processor.py:840} INFO - DAG(s) 'example_skip_dag' retrieved from /home/airflow/.local/lib/python3.12/site-packages/airflow/example_dags/example_skip_dag.py
[2024-07-11T00:18:37.875+0000] {logging_mixin.py:188} INFO - [2024-07-11T00:18:37.875+0000] {dag.py:3096} INFO - Sync 1 DAGs
[2024-07-11T00:18:37.911+0000] {logging_mixin.py:188} INFO - [2024-07-11T00:18:37.910+0000] {dag.py:3954} INFO - Setting next_dagrun for example_skip_dag to 2024-07-10 00:00:00+00:00, run_after=2024-07-11 00:00:00+00:00
[2024-07-11T00:18:37.948+0000] {processor.py:183} INFO - Processing /home/airflow/.local/lib/python3.12/site-packages/airflow/example_dags/example_skip_dag.py took 0.154 seconds
[2024-07-11T00:19:08.600+0000] {processor.py:161} INFO - Started process (PID=6207) to work on /home/airflow/.local/lib/python3.12/site-packages/airflow/example_dags/example_skip_dag.py
[2024-07-11T00:19:08.603+0000] {processor.py:830} INFO - Processing file /home/airflow/.local/lib/python3.12/site-packages/airflow/example_dags/example_skip_dag.py for tasks to queue
[2024-07-11T00:19:08.607+0000] {logging_mixin.py:188} INFO - [2024-07-11T00:19:08.606+0000] {dagbag.py:545} INFO - Filling up the DagBag from /home/airflow/.local/lib/python3.12/site-packages/airflow/example_dags/example_skip_dag.py
[2024-07-11T00:19:08.622+0000] {processor.py:840} INFO - DAG(s) 'example_skip_dag' retrieved from /home/airflow/.local/lib/python3.12/site-packages/airflow/example_dags/example_skip_dag.py
[2024-07-11T00:19:08.689+0000] {logging_mixin.py:188} INFO - [2024-07-11T00:19:08.688+0000] {dag.py:3096} INFO - Sync 1 DAGs
[2024-07-11T00:19:08.766+0000] {logging_mixin.py:188} INFO - [2024-07-11T00:19:08.765+0000] {dag.py:3954} INFO - Setting next_dagrun for example_skip_dag to 2024-07-10 00:00:00+00:00, run_after=2024-07-11 00:00:00+00:00
[2024-07-11T00:19:08.825+0000] {processor.py:183} INFO - Processing /home/airflow/.local/lib/python3.12/site-packages/airflow/example_dags/example_skip_dag.py took 0.239 seconds
[2024-07-11T00:19:39.145+0000] {processor.py:161} INFO - Started process (PID=6268) to work on /home/airflow/.local/lib/python3.12/site-packages/airflow/example_dags/example_skip_dag.py
[2024-07-11T00:19:39.148+0000] {processor.py:830} INFO - Processing file /home/airflow/.local/lib/python3.12/site-packages/airflow/example_dags/example_skip_dag.py for tasks to queue
[2024-07-11T00:19:39.151+0000] {logging_mixin.py:188} INFO - [2024-07-11T00:19:39.150+0000] {dagbag.py:545} INFO - Filling up the DagBag from /home/airflow/.local/lib/python3.12/site-packages/airflow/example_dags/example_skip_dag.py
[2024-07-11T00:19:39.175+0000] {processor.py:840} INFO - DAG(s) 'example_skip_dag' retrieved from /home/airflow/.local/lib/python3.12/site-packages/airflow/example_dags/example_skip_dag.py
[2024-07-11T00:19:39.264+0000] {logging_mixin.py:188} INFO - [2024-07-11T00:19:39.263+0000] {dag.py:3096} INFO - Sync 1 DAGs
[2024-07-11T00:19:39.326+0000] {logging_mixin.py:188} INFO - [2024-07-11T00:19:39.325+0000] {dag.py:3954} INFO - Setting next_dagrun for example_skip_dag to 2024-07-10 00:00:00+00:00, run_after=2024-07-11 00:00:00+00:00
[2024-07-11T00:19:39.388+0000] {processor.py:183} INFO - Processing /home/airflow/.local/lib/python3.12/site-packages/airflow/example_dags/example_skip_dag.py took 0.257 seconds
[2024-07-11T00:20:09.968+0000] {processor.py:161} INFO - Started process (PID=6328) to work on /home/airflow/.local/lib/python3.12/site-packages/airflow/example_dags/example_skip_dag.py
[2024-07-11T00:20:09.970+0000] {processor.py:830} INFO - Processing file /home/airflow/.local/lib/python3.12/site-packages/airflow/example_dags/example_skip_dag.py for tasks to queue
[2024-07-11T00:20:09.973+0000] {logging_mixin.py:188} INFO - [2024-07-11T00:20:09.972+0000] {dagbag.py:545} INFO - Filling up the DagBag from /home/airflow/.local/lib/python3.12/site-packages/airflow/example_dags/example_skip_dag.py
[2024-07-11T00:20:09.986+0000] {processor.py:840} INFO - DAG(s) 'example_skip_dag' retrieved from /home/airflow/.local/lib/python3.12/site-packages/airflow/example_dags/example_skip_dag.py
[2024-07-11T00:20:10.040+0000] {logging_mixin.py:188} INFO - [2024-07-11T00:20:10.039+0000] {dag.py:3096} INFO - Sync 1 DAGs
[2024-07-11T00:20:10.106+0000] {logging_mixin.py:188} INFO - [2024-07-11T00:20:10.105+0000] {dag.py:3954} INFO - Setting next_dagrun for example_skip_dag to 2024-07-10 00:00:00+00:00, run_after=2024-07-11 00:00:00+00:00
[2024-07-11T00:20:10.152+0000] {processor.py:183} INFO - Processing /home/airflow/.local/lib/python3.12/site-packages/airflow/example_dags/example_skip_dag.py took 0.202 seconds
[2024-07-11T00:20:45.213+0000] {processor.py:161} INFO - Started process (PID=6388) to work on /home/airflow/.local/lib/python3.12/site-packages/airflow/example_dags/example_skip_dag.py
[2024-07-11T00:20:45.224+0000] {processor.py:830} INFO - Processing file /home/airflow/.local/lib/python3.12/site-packages/airflow/example_dags/example_skip_dag.py for tasks to queue
[2024-07-11T00:20:45.230+0000] {logging_mixin.py:188} INFO - [2024-07-11T00:20:45.228+0000] {dagbag.py:545} INFO - Filling up the DagBag from /home/airflow/.local/lib/python3.12/site-packages/airflow/example_dags/example_skip_dag.py
[2024-07-11T00:20:45.271+0000] {processor.py:840} INFO - DAG(s) 'example_skip_dag' retrieved from /home/airflow/.local/lib/python3.12/site-packages/airflow/example_dags/example_skip_dag.py
[2024-07-11T00:20:45.550+0000] {logging_mixin.py:188} INFO - [2024-07-11T00:20:45.550+0000] {dag.py:3096} INFO - Sync 1 DAGs
[2024-07-11T00:20:46.252+0000] {logging_mixin.py:188} INFO - [2024-07-11T00:20:46.251+0000] {dag.py:3954} INFO - Setting next_dagrun for example_skip_dag to 2024-07-10 00:00:00+00:00, run_after=2024-07-11 00:00:00+00:00
[2024-07-11T00:20:46.430+0000] {processor.py:183} INFO - Processing /home/airflow/.local/lib/python3.12/site-packages/airflow/example_dags/example_skip_dag.py took 1.234 seconds
[2024-07-11T00:21:16.855+0000] {processor.py:161} INFO - Started process (PID=6448) to work on /home/airflow/.local/lib/python3.12/site-packages/airflow/example_dags/example_skip_dag.py
[2024-07-11T00:21:16.864+0000] {processor.py:830} INFO - Processing file /home/airflow/.local/lib/python3.12/site-packages/airflow/example_dags/example_skip_dag.py for tasks to queue
[2024-07-11T00:21:16.867+0000] {logging_mixin.py:188} INFO - [2024-07-11T00:21:16.867+0000] {dagbag.py:545} INFO - Filling up the DagBag from /home/airflow/.local/lib/python3.12/site-packages/airflow/example_dags/example_skip_dag.py
[2024-07-11T00:21:16.880+0000] {processor.py:840} INFO - DAG(s) 'example_skip_dag' retrieved from /home/airflow/.local/lib/python3.12/site-packages/airflow/example_dags/example_skip_dag.py
[2024-07-11T00:21:16.924+0000] {logging_mixin.py:188} INFO - [2024-07-11T00:21:16.923+0000] {dag.py:3096} INFO - Sync 1 DAGs
[2024-07-11T00:21:16.960+0000] {logging_mixin.py:188} INFO - [2024-07-11T00:21:16.960+0000] {dag.py:3954} INFO - Setting next_dagrun for example_skip_dag to 2024-07-10 00:00:00+00:00, run_after=2024-07-11 00:00:00+00:00
[2024-07-11T00:21:16.997+0000] {processor.py:183} INFO - Processing /home/airflow/.local/lib/python3.12/site-packages/airflow/example_dags/example_skip_dag.py took 0.157 seconds
[2024-07-11T00:21:47.211+0000] {processor.py:161} INFO - Started process (PID=6508) to work on /home/airflow/.local/lib/python3.12/site-packages/airflow/example_dags/example_skip_dag.py
[2024-07-11T00:21:47.213+0000] {processor.py:830} INFO - Processing file /home/airflow/.local/lib/python3.12/site-packages/airflow/example_dags/example_skip_dag.py for tasks to queue
[2024-07-11T00:21:47.217+0000] {logging_mixin.py:188} INFO - [2024-07-11T00:21:47.216+0000] {dagbag.py:545} INFO - Filling up the DagBag from /home/airflow/.local/lib/python3.12/site-packages/airflow/example_dags/example_skip_dag.py
[2024-07-11T00:21:47.236+0000] {processor.py:840} INFO - DAG(s) 'example_skip_dag' retrieved from /home/airflow/.local/lib/python3.12/site-packages/airflow/example_dags/example_skip_dag.py
[2024-07-11T00:21:47.330+0000] {logging_mixin.py:188} INFO - [2024-07-11T00:21:47.329+0000] {dag.py:3096} INFO - Sync 1 DAGs
[2024-07-11T00:21:47.403+0000] {logging_mixin.py:188} INFO - [2024-07-11T00:21:47.402+0000] {dag.py:3954} INFO - Setting next_dagrun for example_skip_dag to 2024-07-10 00:00:00+00:00, run_after=2024-07-11 00:00:00+00:00
[2024-07-11T00:21:47.460+0000] {processor.py:183} INFO - Processing /home/airflow/.local/lib/python3.12/site-packages/airflow/example_dags/example_skip_dag.py took 0.271 seconds
[2024-07-11T00:22:17.671+0000] {processor.py:161} INFO - Started process (PID=6568) to work on /home/airflow/.local/lib/python3.12/site-packages/airflow/example_dags/example_skip_dag.py
[2024-07-11T00:22:17.674+0000] {processor.py:830} INFO - Processing file /home/airflow/.local/lib/python3.12/site-packages/airflow/example_dags/example_skip_dag.py for tasks to queue
[2024-07-11T00:22:17.677+0000] {logging_mixin.py:188} INFO - [2024-07-11T00:22:17.676+0000] {dagbag.py:545} INFO - Filling up the DagBag from /home/airflow/.local/lib/python3.12/site-packages/airflow/example_dags/example_skip_dag.py
[2024-07-11T00:22:17.687+0000] {processor.py:840} INFO - DAG(s) 'example_skip_dag' retrieved from /home/airflow/.local/lib/python3.12/site-packages/airflow/example_dags/example_skip_dag.py
[2024-07-11T00:22:17.755+0000] {logging_mixin.py:188} INFO - [2024-07-11T00:22:17.755+0000] {dag.py:3096} INFO - Sync 1 DAGs
[2024-07-11T00:22:17.821+0000] {logging_mixin.py:188} INFO - [2024-07-11T00:22:17.820+0000] {dag.py:3954} INFO - Setting next_dagrun for example_skip_dag to 2024-07-10 00:00:00+00:00, run_after=2024-07-11 00:00:00+00:00
[2024-07-11T00:22:17.884+0000] {processor.py:183} INFO - Processing /home/airflow/.local/lib/python3.12/site-packages/airflow/example_dags/example_skip_dag.py took 0.234 seconds
[2024-07-11T00:22:48.876+0000] {processor.py:161} INFO - Started process (PID=6628) to work on /home/airflow/.local/lib/python3.12/site-packages/airflow/example_dags/example_skip_dag.py
[2024-07-11T00:22:48.883+0000] {processor.py:830} INFO - Processing file /home/airflow/.local/lib/python3.12/site-packages/airflow/example_dags/example_skip_dag.py for tasks to queue
[2024-07-11T00:22:48.922+0000] {logging_mixin.py:188} INFO - [2024-07-11T00:22:48.909+0000] {dagbag.py:545} INFO - Filling up the DagBag from /home/airflow/.local/lib/python3.12/site-packages/airflow/example_dags/example_skip_dag.py
[2024-07-11T00:22:48.976+0000] {processor.py:840} INFO - DAG(s) 'example_skip_dag' retrieved from /home/airflow/.local/lib/python3.12/site-packages/airflow/example_dags/example_skip_dag.py
[2024-07-11T00:22:49.376+0000] {logging_mixin.py:188} INFO - [2024-07-11T00:22:49.376+0000] {dag.py:3096} INFO - Sync 1 DAGs
[2024-07-11T00:22:49.528+0000] {logging_mixin.py:188} INFO - [2024-07-11T00:22:49.527+0000] {dag.py:3954} INFO - Setting next_dagrun for example_skip_dag to 2024-07-10 00:00:00+00:00, run_after=2024-07-11 00:00:00+00:00
[2024-07-11T00:22:49.634+0000] {processor.py:183} INFO - Processing /home/airflow/.local/lib/python3.12/site-packages/airflow/example_dags/example_skip_dag.py took 0.821 seconds
[2024-07-11T00:23:20.334+0000] {processor.py:161} INFO - Started process (PID=6693) to work on /home/airflow/.local/lib/python3.12/site-packages/airflow/example_dags/example_skip_dag.py
[2024-07-11T00:23:20.348+0000] {processor.py:830} INFO - Processing file /home/airflow/.local/lib/python3.12/site-packages/airflow/example_dags/example_skip_dag.py for tasks to queue
[2024-07-11T00:23:20.350+0000] {logging_mixin.py:188} INFO - [2024-07-11T00:23:20.349+0000] {dagbag.py:545} INFO - Filling up the DagBag from /home/airflow/.local/lib/python3.12/site-packages/airflow/example_dags/example_skip_dag.py
[2024-07-11T00:23:20.380+0000] {processor.py:840} INFO - DAG(s) 'example_skip_dag' retrieved from /home/airflow/.local/lib/python3.12/site-packages/airflow/example_dags/example_skip_dag.py
[2024-07-11T00:23:20.446+0000] {logging_mixin.py:188} INFO - [2024-07-11T00:23:20.446+0000] {dag.py:3096} INFO - Sync 1 DAGs
[2024-07-11T00:23:20.491+0000] {logging_mixin.py:188} INFO - [2024-07-11T00:23:20.491+0000] {dag.py:3954} INFO - Setting next_dagrun for example_skip_dag to 2024-07-10 00:00:00+00:00, run_after=2024-07-11 00:00:00+00:00
[2024-07-11T00:23:20.561+0000] {processor.py:183} INFO - Processing /home/airflow/.local/lib/python3.12/site-packages/airflow/example_dags/example_skip_dag.py took 0.249 seconds
[2024-07-11T00:23:50.850+0000] {processor.py:161} INFO - Started process (PID=6751) to work on /home/airflow/.local/lib/python3.12/site-packages/airflow/example_dags/example_skip_dag.py
[2024-07-11T00:23:50.864+0000] {processor.py:830} INFO - Processing file /home/airflow/.local/lib/python3.12/site-packages/airflow/example_dags/example_skip_dag.py for tasks to queue
[2024-07-11T00:23:50.866+0000] {logging_mixin.py:188} INFO - [2024-07-11T00:23:50.865+0000] {dagbag.py:545} INFO - Filling up the DagBag from /home/airflow/.local/lib/python3.12/site-packages/airflow/example_dags/example_skip_dag.py
[2024-07-11T00:23:50.877+0000] {processor.py:840} INFO - DAG(s) 'example_skip_dag' retrieved from /home/airflow/.local/lib/python3.12/site-packages/airflow/example_dags/example_skip_dag.py
[2024-07-11T00:23:50.950+0000] {logging_mixin.py:188} INFO - [2024-07-11T00:23:50.949+0000] {dag.py:3096} INFO - Sync 1 DAGs
[2024-07-11T00:23:51.012+0000] {logging_mixin.py:188} INFO - [2024-07-11T00:23:51.012+0000] {dag.py:3954} INFO - Setting next_dagrun for example_skip_dag to 2024-07-10 00:00:00+00:00, run_after=2024-07-11 00:00:00+00:00
[2024-07-11T00:23:51.056+0000] {processor.py:183} INFO - Processing /home/airflow/.local/lib/python3.12/site-packages/airflow/example_dags/example_skip_dag.py took 0.224 seconds
[2024-07-11T00:24:21.807+0000] {processor.py:161} INFO - Started process (PID=6810) to work on /home/airflow/.local/lib/python3.12/site-packages/airflow/example_dags/example_skip_dag.py
[2024-07-11T00:24:21.814+0000] {processor.py:830} INFO - Processing file /home/airflow/.local/lib/python3.12/site-packages/airflow/example_dags/example_skip_dag.py for tasks to queue
[2024-07-11T00:24:21.817+0000] {logging_mixin.py:188} INFO - [2024-07-11T00:24:21.816+0000] {dagbag.py:545} INFO - Filling up the DagBag from /home/airflow/.local/lib/python3.12/site-packages/airflow/example_dags/example_skip_dag.py
[2024-07-11T00:24:21.837+0000] {processor.py:840} INFO - DAG(s) 'example_skip_dag' retrieved from /home/airflow/.local/lib/python3.12/site-packages/airflow/example_dags/example_skip_dag.py
[2024-07-11T00:24:22.020+0000] {logging_mixin.py:188} INFO - [2024-07-11T00:24:22.019+0000] {dag.py:3096} INFO - Sync 1 DAGs
[2024-07-11T00:24:22.307+0000] {logging_mixin.py:188} INFO - [2024-07-11T00:24:22.307+0000] {dag.py:3954} INFO - Setting next_dagrun for example_skip_dag to 2024-07-10 00:00:00+00:00, run_after=2024-07-11 00:00:00+00:00
[2024-07-11T00:24:22.406+0000] {processor.py:183} INFO - Processing /home/airflow/.local/lib/python3.12/site-packages/airflow/example_dags/example_skip_dag.py took 0.618 seconds
[2024-07-11T00:24:52.546+0000] {processor.py:161} INFO - Started process (PID=6870) to work on /home/airflow/.local/lib/python3.12/site-packages/airflow/example_dags/example_skip_dag.py
[2024-07-11T00:24:52.548+0000] {processor.py:830} INFO - Processing file /home/airflow/.local/lib/python3.12/site-packages/airflow/example_dags/example_skip_dag.py for tasks to queue
[2024-07-11T00:24:52.551+0000] {logging_mixin.py:188} INFO - [2024-07-11T00:24:52.550+0000] {dagbag.py:545} INFO - Filling up the DagBag from /home/airflow/.local/lib/python3.12/site-packages/airflow/example_dags/example_skip_dag.py
[2024-07-11T00:24:52.561+0000] {processor.py:840} INFO - DAG(s) 'example_skip_dag' retrieved from /home/airflow/.local/lib/python3.12/site-packages/airflow/example_dags/example_skip_dag.py
[2024-07-11T00:24:52.602+0000] {logging_mixin.py:188} INFO - [2024-07-11T00:24:52.602+0000] {dag.py:3096} INFO - Sync 1 DAGs
[2024-07-11T00:24:52.656+0000] {logging_mixin.py:188} INFO - [2024-07-11T00:24:52.655+0000] {dag.py:3954} INFO - Setting next_dagrun for example_skip_dag to 2024-07-10 00:00:00+00:00, run_after=2024-07-11 00:00:00+00:00
[2024-07-11T00:24:52.717+0000] {processor.py:183} INFO - Processing /home/airflow/.local/lib/python3.12/site-packages/airflow/example_dags/example_skip_dag.py took 0.182 seconds
[2024-07-11T00:25:23.539+0000] {processor.py:161} INFO - Started process (PID=6930) to work on /home/airflow/.local/lib/python3.12/site-packages/airflow/example_dags/example_skip_dag.py
[2024-07-11T00:25:23.541+0000] {processor.py:830} INFO - Processing file /home/airflow/.local/lib/python3.12/site-packages/airflow/example_dags/example_skip_dag.py for tasks to queue
[2024-07-11T00:25:23.543+0000] {logging_mixin.py:188} INFO - [2024-07-11T00:25:23.542+0000] {dagbag.py:545} INFO - Filling up the DagBag from /home/airflow/.local/lib/python3.12/site-packages/airflow/example_dags/example_skip_dag.py
[2024-07-11T00:25:23.558+0000] {processor.py:840} INFO - DAG(s) 'example_skip_dag' retrieved from /home/airflow/.local/lib/python3.12/site-packages/airflow/example_dags/example_skip_dag.py
[2024-07-11T00:25:23.622+0000] {logging_mixin.py:188} INFO - [2024-07-11T00:25:23.622+0000] {dag.py:3096} INFO - Sync 1 DAGs
[2024-07-11T00:25:23.679+0000] {logging_mixin.py:188} INFO - [2024-07-11T00:25:23.679+0000] {dag.py:3954} INFO - Setting next_dagrun for example_skip_dag to 2024-07-10 00:00:00+00:00, run_after=2024-07-11 00:00:00+00:00
[2024-07-11T00:25:23.729+0000] {processor.py:183} INFO - Processing /home/airflow/.local/lib/python3.12/site-packages/airflow/example_dags/example_skip_dag.py took 0.219 seconds
[2024-07-11T00:25:54.050+0000] {processor.py:161} INFO - Started process (PID=6990) to work on /home/airflow/.local/lib/python3.12/site-packages/airflow/example_dags/example_skip_dag.py
[2024-07-11T00:25:54.052+0000] {processor.py:830} INFO - Processing file /home/airflow/.local/lib/python3.12/site-packages/airflow/example_dags/example_skip_dag.py for tasks to queue
[2024-07-11T00:25:54.054+0000] {logging_mixin.py:188} INFO - [2024-07-11T00:25:54.053+0000] {dagbag.py:545} INFO - Filling up the DagBag from /home/airflow/.local/lib/python3.12/site-packages/airflow/example_dags/example_skip_dag.py
[2024-07-11T00:25:54.067+0000] {processor.py:840} INFO - DAG(s) 'example_skip_dag' retrieved from /home/airflow/.local/lib/python3.12/site-packages/airflow/example_dags/example_skip_dag.py
[2024-07-11T00:25:54.132+0000] {logging_mixin.py:188} INFO - [2024-07-11T00:25:54.130+0000] {dag.py:3096} INFO - Sync 1 DAGs
[2024-07-11T00:25:54.190+0000] {logging_mixin.py:188} INFO - [2024-07-11T00:25:54.189+0000] {dag.py:3954} INFO - Setting next_dagrun for example_skip_dag to 2024-07-10 00:00:00+00:00, run_after=2024-07-11 00:00:00+00:00
[2024-07-11T00:25:54.238+0000] {processor.py:183} INFO - Processing /home/airflow/.local/lib/python3.12/site-packages/airflow/example_dags/example_skip_dag.py took 0.205 seconds
[2024-07-11T00:26:24.344+0000] {processor.py:161} INFO - Started process (PID=7051) to work on /home/airflow/.local/lib/python3.12/site-packages/airflow/example_dags/example_skip_dag.py
[2024-07-11T00:26:24.346+0000] {processor.py:830} INFO - Processing file /home/airflow/.local/lib/python3.12/site-packages/airflow/example_dags/example_skip_dag.py for tasks to queue
[2024-07-11T00:26:24.349+0000] {logging_mixin.py:188} INFO - [2024-07-11T00:26:24.349+0000] {dagbag.py:545} INFO - Filling up the DagBag from /home/airflow/.local/lib/python3.12/site-packages/airflow/example_dags/example_skip_dag.py
[2024-07-11T00:26:24.369+0000] {processor.py:840} INFO - DAG(s) 'example_skip_dag' retrieved from /home/airflow/.local/lib/python3.12/site-packages/airflow/example_dags/example_skip_dag.py
[2024-07-11T00:26:24.493+0000] {logging_mixin.py:188} INFO - [2024-07-11T00:26:24.492+0000] {dag.py:3096} INFO - Sync 1 DAGs
[2024-07-11T00:26:24.718+0000] {logging_mixin.py:188} INFO - [2024-07-11T00:26:24.717+0000] {dag.py:3954} INFO - Setting next_dagrun for example_skip_dag to 2024-07-10 00:00:00+00:00, run_after=2024-07-11 00:00:00+00:00
[2024-07-11T00:26:25.078+0000] {processor.py:183} INFO - Processing /home/airflow/.local/lib/python3.12/site-packages/airflow/example_dags/example_skip_dag.py took 0.753 seconds
[2024-07-11T00:26:55.653+0000] {processor.py:161} INFO - Started process (PID=7112) to work on /home/airflow/.local/lib/python3.12/site-packages/airflow/example_dags/example_skip_dag.py
[2024-07-11T00:26:55.654+0000] {processor.py:830} INFO - Processing file /home/airflow/.local/lib/python3.12/site-packages/airflow/example_dags/example_skip_dag.py for tasks to queue
[2024-07-11T00:26:55.656+0000] {logging_mixin.py:188} INFO - [2024-07-11T00:26:55.656+0000] {dagbag.py:545} INFO - Filling up the DagBag from /home/airflow/.local/lib/python3.12/site-packages/airflow/example_dags/example_skip_dag.py
[2024-07-11T00:26:55.666+0000] {processor.py:840} INFO - DAG(s) 'example_skip_dag' retrieved from /home/airflow/.local/lib/python3.12/site-packages/airflow/example_dags/example_skip_dag.py
[2024-07-11T00:26:55.708+0000] {logging_mixin.py:188} INFO - [2024-07-11T00:26:55.707+0000] {dag.py:3096} INFO - Sync 1 DAGs
[2024-07-11T00:26:55.751+0000] {logging_mixin.py:188} INFO - [2024-07-11T00:26:55.750+0000] {dag.py:3954} INFO - Setting next_dagrun for example_skip_dag to 2024-07-10 00:00:00+00:00, run_after=2024-07-11 00:00:00+00:00
[2024-07-11T00:26:55.787+0000] {processor.py:183} INFO - Processing /home/airflow/.local/lib/python3.12/site-packages/airflow/example_dags/example_skip_dag.py took 0.145 seconds
