[2024-07-11T00:00:23.624+0000] {processor.py:161} INFO - Started process (PID=4030) to work on /home/airflow/.local/lib/python3.12/site-packages/airflow/example_dags/example_python_operator.py
[2024-07-11T00:00:23.629+0000] {processor.py:830} INFO - Processing file /home/airflow/.local/lib/python3.12/site-packages/airflow/example_dags/example_python_operator.py for tasks to queue
[2024-07-11T00:00:23.634+0000] {logging_mixin.py:188} INFO - [2024-07-11T00:00:23.634+0000] {dagbag.py:545} INFO - Filling up the DagBag from /home/airflow/.local/lib/python3.12/site-packages/airflow/example_dags/example_python_operator.py
[2024-07-11T00:00:23.666+0000] {processor.py:840} INFO - DAG(s) 'example_python_operator' retrieved from /home/airflow/.local/lib/python3.12/site-packages/airflow/example_dags/example_python_operator.py
[2024-07-11T00:00:23.738+0000] {logging_mixin.py:188} INFO - [2024-07-11T00:00:23.737+0000] {dag.py:3096} INFO - Sync 1 DAGs
[2024-07-11T00:00:23.770+0000] {logging_mixin.py:188} INFO - [2024-07-11T00:00:23.770+0000] {dag.py:3954} INFO - Setting next_dagrun for example_python_operator to None, run_after=None
[2024-07-11T00:00:23.869+0000] {processor.py:183} INFO - Processing /home/airflow/.local/lib/python3.12/site-packages/airflow/example_dags/example_python_operator.py took 0.259 seconds
[2024-07-11T00:00:54.711+0000] {processor.py:161} INFO - Started process (PID=4090) to work on /home/airflow/.local/lib/python3.12/site-packages/airflow/example_dags/example_python_operator.py
[2024-07-11T00:00:54.716+0000] {processor.py:830} INFO - Processing file /home/airflow/.local/lib/python3.12/site-packages/airflow/example_dags/example_python_operator.py for tasks to queue
[2024-07-11T00:00:54.724+0000] {logging_mixin.py:188} INFO - [2024-07-11T00:00:54.724+0000] {dagbag.py:545} INFO - Filling up the DagBag from /home/airflow/.local/lib/python3.12/site-packages/airflow/example_dags/example_python_operator.py
[2024-07-11T00:00:54.755+0000] {processor.py:840} INFO - DAG(s) 'example_python_operator' retrieved from /home/airflow/.local/lib/python3.12/site-packages/airflow/example_dags/example_python_operator.py
[2024-07-11T00:00:54.838+0000] {logging_mixin.py:188} INFO - [2024-07-11T00:00:54.837+0000] {dag.py:3096} INFO - Sync 1 DAGs
[2024-07-11T00:00:54.890+0000] {logging_mixin.py:188} INFO - [2024-07-11T00:00:54.890+0000] {dag.py:3954} INFO - Setting next_dagrun for example_python_operator to None, run_after=None
[2024-07-11T00:00:54.964+0000] {processor.py:183} INFO - Processing /home/airflow/.local/lib/python3.12/site-packages/airflow/example_dags/example_python_operator.py took 0.267 seconds
[2024-07-11T00:01:25.820+0000] {processor.py:161} INFO - Started process (PID=4153) to work on /home/airflow/.local/lib/python3.12/site-packages/airflow/example_dags/example_python_operator.py
[2024-07-11T00:01:25.822+0000] {processor.py:830} INFO - Processing file /home/airflow/.local/lib/python3.12/site-packages/airflow/example_dags/example_python_operator.py for tasks to queue
[2024-07-11T00:01:25.825+0000] {logging_mixin.py:188} INFO - [2024-07-11T00:01:25.824+0000] {dagbag.py:545} INFO - Filling up the DagBag from /home/airflow/.local/lib/python3.12/site-packages/airflow/example_dags/example_python_operator.py
[2024-07-11T00:01:25.892+0000] {processor.py:840} INFO - DAG(s) 'example_python_operator' retrieved from /home/airflow/.local/lib/python3.12/site-packages/airflow/example_dags/example_python_operator.py
[2024-07-11T00:01:25.972+0000] {logging_mixin.py:188} INFO - [2024-07-11T00:01:25.971+0000] {dag.py:3096} INFO - Sync 1 DAGs
[2024-07-11T00:01:26.046+0000] {logging_mixin.py:188} INFO - [2024-07-11T00:01:26.045+0000] {dag.py:3954} INFO - Setting next_dagrun for example_python_operator to None, run_after=None
[2024-07-11T00:01:26.162+0000] {processor.py:183} INFO - Processing /home/airflow/.local/lib/python3.12/site-packages/airflow/example_dags/example_python_operator.py took 0.357 seconds
[2024-07-11T00:01:56.550+0000] {processor.py:161} INFO - Started process (PID=4211) to work on /home/airflow/.local/lib/python3.12/site-packages/airflow/example_dags/example_python_operator.py
[2024-07-11T00:01:56.553+0000] {processor.py:830} INFO - Processing file /home/airflow/.local/lib/python3.12/site-packages/airflow/example_dags/example_python_operator.py for tasks to queue
[2024-07-11T00:01:56.560+0000] {logging_mixin.py:188} INFO - [2024-07-11T00:01:56.559+0000] {dagbag.py:545} INFO - Filling up the DagBag from /home/airflow/.local/lib/python3.12/site-packages/airflow/example_dags/example_python_operator.py
[2024-07-11T00:01:56.596+0000] {processor.py:840} INFO - DAG(s) 'example_python_operator' retrieved from /home/airflow/.local/lib/python3.12/site-packages/airflow/example_dags/example_python_operator.py
[2024-07-11T00:01:56.690+0000] {logging_mixin.py:188} INFO - [2024-07-11T00:01:56.689+0000] {dag.py:3096} INFO - Sync 1 DAGs
[2024-07-11T00:01:56.735+0000] {logging_mixin.py:188} INFO - [2024-07-11T00:01:56.734+0000] {dag.py:3954} INFO - Setting next_dagrun for example_python_operator to None, run_after=None
[2024-07-11T00:01:56.816+0000] {processor.py:183} INFO - Processing /home/airflow/.local/lib/python3.12/site-packages/airflow/example_dags/example_python_operator.py took 0.285 seconds
[2024-07-11T00:02:26.956+0000] {processor.py:161} INFO - Started process (PID=4273) to work on /home/airflow/.local/lib/python3.12/site-packages/airflow/example_dags/example_python_operator.py
[2024-07-11T00:02:26.957+0000] {processor.py:830} INFO - Processing file /home/airflow/.local/lib/python3.12/site-packages/airflow/example_dags/example_python_operator.py for tasks to queue
[2024-07-11T00:02:26.960+0000] {logging_mixin.py:188} INFO - [2024-07-11T00:02:26.959+0000] {dagbag.py:545} INFO - Filling up the DagBag from /home/airflow/.local/lib/python3.12/site-packages/airflow/example_dags/example_python_operator.py
[2024-07-11T00:02:26.991+0000] {processor.py:840} INFO - DAG(s) 'example_python_operator' retrieved from /home/airflow/.local/lib/python3.12/site-packages/airflow/example_dags/example_python_operator.py
[2024-07-11T00:02:27.039+0000] {logging_mixin.py:188} INFO - [2024-07-11T00:02:27.038+0000] {dag.py:3096} INFO - Sync 1 DAGs
[2024-07-11T00:02:27.067+0000] {logging_mixin.py:188} INFO - [2024-07-11T00:02:27.067+0000] {dag.py:3954} INFO - Setting next_dagrun for example_python_operator to None, run_after=None
[2024-07-11T00:02:27.132+0000] {processor.py:183} INFO - Processing /home/airflow/.local/lib/python3.12/site-packages/airflow/example_dags/example_python_operator.py took 0.191 seconds
[2024-07-11T00:02:58.004+0000] {processor.py:161} INFO - Started process (PID=4334) to work on /home/airflow/.local/lib/python3.12/site-packages/airflow/example_dags/example_python_operator.py
[2024-07-11T00:02:58.006+0000] {processor.py:830} INFO - Processing file /home/airflow/.local/lib/python3.12/site-packages/airflow/example_dags/example_python_operator.py for tasks to queue
[2024-07-11T00:02:58.008+0000] {logging_mixin.py:188} INFO - [2024-07-11T00:02:58.007+0000] {dagbag.py:545} INFO - Filling up the DagBag from /home/airflow/.local/lib/python3.12/site-packages/airflow/example_dags/example_python_operator.py
[2024-07-11T00:02:58.031+0000] {processor.py:840} INFO - DAG(s) 'example_python_operator' retrieved from /home/airflow/.local/lib/python3.12/site-packages/airflow/example_dags/example_python_operator.py
[2024-07-11T00:02:58.087+0000] {logging_mixin.py:188} INFO - [2024-07-11T00:02:58.087+0000] {dag.py:3096} INFO - Sync 1 DAGs
[2024-07-11T00:02:58.129+0000] {logging_mixin.py:188} INFO - [2024-07-11T00:02:58.128+0000] {dag.py:3954} INFO - Setting next_dagrun for example_python_operator to None, run_after=None
[2024-07-11T00:02:58.204+0000] {processor.py:183} INFO - Processing /home/airflow/.local/lib/python3.12/site-packages/airflow/example_dags/example_python_operator.py took 0.213 seconds
[2024-07-11T00:03:28.951+0000] {processor.py:161} INFO - Started process (PID=4394) to work on /home/airflow/.local/lib/python3.12/site-packages/airflow/example_dags/example_python_operator.py
[2024-07-11T00:03:28.984+0000] {processor.py:830} INFO - Processing file /home/airflow/.local/lib/python3.12/site-packages/airflow/example_dags/example_python_operator.py for tasks to queue
[2024-07-11T00:03:28.994+0000] {logging_mixin.py:188} INFO - [2024-07-11T00:03:28.993+0000] {dagbag.py:545} INFO - Filling up the DagBag from /home/airflow/.local/lib/python3.12/site-packages/airflow/example_dags/example_python_operator.py
[2024-07-11T00:03:29.069+0000] {processor.py:840} INFO - DAG(s) 'example_python_operator' retrieved from /home/airflow/.local/lib/python3.12/site-packages/airflow/example_dags/example_python_operator.py
[2024-07-11T00:03:29.244+0000] {logging_mixin.py:188} INFO - [2024-07-11T00:03:29.243+0000] {dag.py:3096} INFO - Sync 1 DAGs
[2024-07-11T00:03:29.315+0000] {logging_mixin.py:188} INFO - [2024-07-11T00:03:29.315+0000] {dag.py:3954} INFO - Setting next_dagrun for example_python_operator to None, run_after=None
[2024-07-11T00:03:29.400+0000] {processor.py:183} INFO - Processing /home/airflow/.local/lib/python3.12/site-packages/airflow/example_dags/example_python_operator.py took 0.470 seconds
[2024-07-11T00:04:07.380+0000] {processor.py:161} INFO - Started process (PID=4455) to work on /home/airflow/.local/lib/python3.12/site-packages/airflow/example_dags/example_python_operator.py
[2024-07-11T00:04:07.398+0000] {processor.py:830} INFO - Processing file /home/airflow/.local/lib/python3.12/site-packages/airflow/example_dags/example_python_operator.py for tasks to queue
[2024-07-11T00:04:07.400+0000] {logging_mixin.py:188} INFO - [2024-07-11T00:04:07.399+0000] {dagbag.py:545} INFO - Filling up the DagBag from /home/airflow/.local/lib/python3.12/site-packages/airflow/example_dags/example_python_operator.py
[2024-07-11T00:04:07.504+0000] {processor.py:840} INFO - DAG(s) 'example_python_operator' retrieved from /home/airflow/.local/lib/python3.12/site-packages/airflow/example_dags/example_python_operator.py
[2024-07-11T00:04:07.927+0000] {logging_mixin.py:188} INFO - [2024-07-11T00:04:07.926+0000] {dag.py:3096} INFO - Sync 1 DAGs
[2024-07-11T00:04:08.089+0000] {logging_mixin.py:188} INFO - [2024-07-11T00:04:08.087+0000] {dag.py:3954} INFO - Setting next_dagrun for example_python_operator to None, run_after=None
[2024-07-11T00:04:08.291+0000] {processor.py:183} INFO - Processing /home/airflow/.local/lib/python3.12/site-packages/airflow/example_dags/example_python_operator.py took 1.055 seconds
[2024-07-11T00:04:38.646+0000] {processor.py:161} INFO - Started process (PID=4515) to work on /home/airflow/.local/lib/python3.12/site-packages/airflow/example_dags/example_python_operator.py
[2024-07-11T00:04:38.648+0000] {processor.py:830} INFO - Processing file /home/airflow/.local/lib/python3.12/site-packages/airflow/example_dags/example_python_operator.py for tasks to queue
[2024-07-11T00:04:38.650+0000] {logging_mixin.py:188} INFO - [2024-07-11T00:04:38.650+0000] {dagbag.py:545} INFO - Filling up the DagBag from /home/airflow/.local/lib/python3.12/site-packages/airflow/example_dags/example_python_operator.py
[2024-07-11T00:04:38.675+0000] {processor.py:840} INFO - DAG(s) 'example_python_operator' retrieved from /home/airflow/.local/lib/python3.12/site-packages/airflow/example_dags/example_python_operator.py
[2024-07-11T00:04:38.722+0000] {logging_mixin.py:188} INFO - [2024-07-11T00:04:38.722+0000] {dag.py:3096} INFO - Sync 1 DAGs
[2024-07-11T00:04:38.748+0000] {logging_mixin.py:188} INFO - [2024-07-11T00:04:38.748+0000] {dag.py:3954} INFO - Setting next_dagrun for example_python_operator to None, run_after=None
[2024-07-11T00:04:38.818+0000] {processor.py:183} INFO - Processing /home/airflow/.local/lib/python3.12/site-packages/airflow/example_dags/example_python_operator.py took 0.187 seconds
[2024-07-11T00:05:09.489+0000] {processor.py:161} INFO - Started process (PID=4577) to work on /home/airflow/.local/lib/python3.12/site-packages/airflow/example_dags/example_python_operator.py
[2024-07-11T00:05:09.491+0000] {processor.py:830} INFO - Processing file /home/airflow/.local/lib/python3.12/site-packages/airflow/example_dags/example_python_operator.py for tasks to queue
[2024-07-11T00:05:09.493+0000] {logging_mixin.py:188} INFO - [2024-07-11T00:05:09.493+0000] {dagbag.py:545} INFO - Filling up the DagBag from /home/airflow/.local/lib/python3.12/site-packages/airflow/example_dags/example_python_operator.py
[2024-07-11T00:05:09.512+0000] {processor.py:840} INFO - DAG(s) 'example_python_operator' retrieved from /home/airflow/.local/lib/python3.12/site-packages/airflow/example_dags/example_python_operator.py
[2024-07-11T00:05:09.553+0000] {logging_mixin.py:188} INFO - [2024-07-11T00:05:09.553+0000] {dag.py:3096} INFO - Sync 1 DAGs
[2024-07-11T00:05:09.572+0000] {logging_mixin.py:188} INFO - [2024-07-11T00:05:09.572+0000] {dag.py:3954} INFO - Setting next_dagrun for example_python_operator to None, run_after=None
[2024-07-11T00:05:09.603+0000] {processor.py:183} INFO - Processing /home/airflow/.local/lib/python3.12/site-packages/airflow/example_dags/example_python_operator.py took 0.124 seconds
[2024-07-11T00:05:40.306+0000] {processor.py:161} INFO - Started process (PID=4637) to work on /home/airflow/.local/lib/python3.12/site-packages/airflow/example_dags/example_python_operator.py
[2024-07-11T00:05:40.308+0000] {processor.py:830} INFO - Processing file /home/airflow/.local/lib/python3.12/site-packages/airflow/example_dags/example_python_operator.py for tasks to queue
[2024-07-11T00:05:40.310+0000] {logging_mixin.py:188} INFO - [2024-07-11T00:05:40.309+0000] {dagbag.py:545} INFO - Filling up the DagBag from /home/airflow/.local/lib/python3.12/site-packages/airflow/example_dags/example_python_operator.py
[2024-07-11T00:05:40.325+0000] {processor.py:840} INFO - DAG(s) 'example_python_operator' retrieved from /home/airflow/.local/lib/python3.12/site-packages/airflow/example_dags/example_python_operator.py
[2024-07-11T00:05:40.359+0000] {logging_mixin.py:188} INFO - [2024-07-11T00:05:40.359+0000] {dag.py:3096} INFO - Sync 1 DAGs
[2024-07-11T00:05:40.377+0000] {logging_mixin.py:188} INFO - [2024-07-11T00:05:40.377+0000] {dag.py:3954} INFO - Setting next_dagrun for example_python_operator to None, run_after=None
[2024-07-11T00:05:40.410+0000] {processor.py:183} INFO - Processing /home/airflow/.local/lib/python3.12/site-packages/airflow/example_dags/example_python_operator.py took 0.112 seconds
[2024-07-11T00:06:11.017+0000] {processor.py:161} INFO - Started process (PID=4697) to work on /home/airflow/.local/lib/python3.12/site-packages/airflow/example_dags/example_python_operator.py
[2024-07-11T00:06:11.019+0000] {processor.py:830} INFO - Processing file /home/airflow/.local/lib/python3.12/site-packages/airflow/example_dags/example_python_operator.py for tasks to queue
[2024-07-11T00:06:11.020+0000] {logging_mixin.py:188} INFO - [2024-07-11T00:06:11.020+0000] {dagbag.py:545} INFO - Filling up the DagBag from /home/airflow/.local/lib/python3.12/site-packages/airflow/example_dags/example_python_operator.py
[2024-07-11T00:06:11.037+0000] {processor.py:840} INFO - DAG(s) 'example_python_operator' retrieved from /home/airflow/.local/lib/python3.12/site-packages/airflow/example_dags/example_python_operator.py
[2024-07-11T00:06:11.075+0000] {logging_mixin.py:188} INFO - [2024-07-11T00:06:11.074+0000] {dag.py:3096} INFO - Sync 1 DAGs
[2024-07-11T00:06:11.094+0000] {logging_mixin.py:188} INFO - [2024-07-11T00:06:11.094+0000] {dag.py:3954} INFO - Setting next_dagrun for example_python_operator to None, run_after=None
[2024-07-11T00:06:11.128+0000] {processor.py:183} INFO - Processing /home/airflow/.local/lib/python3.12/site-packages/airflow/example_dags/example_python_operator.py took 0.120 seconds
[2024-07-11T00:06:41.508+0000] {processor.py:161} INFO - Started process (PID=4757) to work on /home/airflow/.local/lib/python3.12/site-packages/airflow/example_dags/example_python_operator.py
[2024-07-11T00:06:41.510+0000] {processor.py:830} INFO - Processing file /home/airflow/.local/lib/python3.12/site-packages/airflow/example_dags/example_python_operator.py for tasks to queue
[2024-07-11T00:06:41.512+0000] {logging_mixin.py:188} INFO - [2024-07-11T00:06:41.511+0000] {dagbag.py:545} INFO - Filling up the DagBag from /home/airflow/.local/lib/python3.12/site-packages/airflow/example_dags/example_python_operator.py
[2024-07-11T00:06:41.545+0000] {processor.py:840} INFO - DAG(s) 'example_python_operator' retrieved from /home/airflow/.local/lib/python3.12/site-packages/airflow/example_dags/example_python_operator.py
[2024-07-11T00:06:41.596+0000] {logging_mixin.py:188} INFO - [2024-07-11T00:06:41.595+0000] {dag.py:3096} INFO - Sync 1 DAGs
[2024-07-11T00:06:41.617+0000] {logging_mixin.py:188} INFO - [2024-07-11T00:06:41.617+0000] {dag.py:3954} INFO - Setting next_dagrun for example_python_operator to None, run_after=None
[2024-07-11T00:06:41.652+0000] {processor.py:183} INFO - Processing /home/airflow/.local/lib/python3.12/site-packages/airflow/example_dags/example_python_operator.py took 0.160 seconds
[2024-07-11T00:07:12.364+0000] {processor.py:161} INFO - Started process (PID=4817) to work on /home/airflow/.local/lib/python3.12/site-packages/airflow/example_dags/example_python_operator.py
[2024-07-11T00:07:12.365+0000] {processor.py:830} INFO - Processing file /home/airflow/.local/lib/python3.12/site-packages/airflow/example_dags/example_python_operator.py for tasks to queue
[2024-07-11T00:07:12.367+0000] {logging_mixin.py:188} INFO - [2024-07-11T00:07:12.367+0000] {dagbag.py:545} INFO - Filling up the DagBag from /home/airflow/.local/lib/python3.12/site-packages/airflow/example_dags/example_python_operator.py
[2024-07-11T00:07:12.385+0000] {processor.py:840} INFO - DAG(s) 'example_python_operator' retrieved from /home/airflow/.local/lib/python3.12/site-packages/airflow/example_dags/example_python_operator.py
[2024-07-11T00:07:12.424+0000] {logging_mixin.py:188} INFO - [2024-07-11T00:07:12.424+0000] {dag.py:3096} INFO - Sync 1 DAGs
[2024-07-11T00:07:12.445+0000] {logging_mixin.py:188} INFO - [2024-07-11T00:07:12.445+0000] {dag.py:3954} INFO - Setting next_dagrun for example_python_operator to None, run_after=None
[2024-07-11T00:07:12.477+0000] {processor.py:183} INFO - Processing /home/airflow/.local/lib/python3.12/site-packages/airflow/example_dags/example_python_operator.py took 0.123 seconds
[2024-07-11T00:07:42.998+0000] {processor.py:161} INFO - Started process (PID=4876) to work on /home/airflow/.local/lib/python3.12/site-packages/airflow/example_dags/example_python_operator.py
[2024-07-11T00:07:43.000+0000] {processor.py:830} INFO - Processing file /home/airflow/.local/lib/python3.12/site-packages/airflow/example_dags/example_python_operator.py for tasks to queue
[2024-07-11T00:07:43.002+0000] {logging_mixin.py:188} INFO - [2024-07-11T00:07:43.001+0000] {dagbag.py:545} INFO - Filling up the DagBag from /home/airflow/.local/lib/python3.12/site-packages/airflow/example_dags/example_python_operator.py
[2024-07-11T00:07:43.018+0000] {processor.py:840} INFO - DAG(s) 'example_python_operator' retrieved from /home/airflow/.local/lib/python3.12/site-packages/airflow/example_dags/example_python_operator.py
[2024-07-11T00:07:43.052+0000] {logging_mixin.py:188} INFO - [2024-07-11T00:07:43.052+0000] {dag.py:3096} INFO - Sync 1 DAGs
[2024-07-11T00:07:43.070+0000] {logging_mixin.py:188} INFO - [2024-07-11T00:07:43.069+0000] {dag.py:3954} INFO - Setting next_dagrun for example_python_operator to None, run_after=None
[2024-07-11T00:07:43.101+0000] {processor.py:183} INFO - Processing /home/airflow/.local/lib/python3.12/site-packages/airflow/example_dags/example_python_operator.py took 0.112 seconds
[2024-07-11T00:08:13.176+0000] {processor.py:161} INFO - Started process (PID=4935) to work on /home/airflow/.local/lib/python3.12/site-packages/airflow/example_dags/example_python_operator.py
[2024-07-11T00:08:13.179+0000] {processor.py:830} INFO - Processing file /home/airflow/.local/lib/python3.12/site-packages/airflow/example_dags/example_python_operator.py for tasks to queue
[2024-07-11T00:08:13.184+0000] {logging_mixin.py:188} INFO - [2024-07-11T00:08:13.181+0000] {dagbag.py:545} INFO - Filling up the DagBag from /home/airflow/.local/lib/python3.12/site-packages/airflow/example_dags/example_python_operator.py
[2024-07-11T00:08:13.207+0000] {processor.py:840} INFO - DAG(s) 'example_python_operator' retrieved from /home/airflow/.local/lib/python3.12/site-packages/airflow/example_dags/example_python_operator.py
[2024-07-11T00:08:13.265+0000] {logging_mixin.py:188} INFO - [2024-07-11T00:08:13.265+0000] {dag.py:3096} INFO - Sync 1 DAGs
[2024-07-11T00:08:13.293+0000] {logging_mixin.py:188} INFO - [2024-07-11T00:08:13.292+0000] {dag.py:3954} INFO - Setting next_dagrun for example_python_operator to None, run_after=None
[2024-07-11T00:08:13.331+0000] {processor.py:183} INFO - Processing /home/airflow/.local/lib/python3.12/site-packages/airflow/example_dags/example_python_operator.py took 0.179 seconds
[2024-07-11T00:08:43.662+0000] {processor.py:161} INFO - Started process (PID=4995) to work on /home/airflow/.local/lib/python3.12/site-packages/airflow/example_dags/example_python_operator.py
[2024-07-11T00:08:43.664+0000] {processor.py:830} INFO - Processing file /home/airflow/.local/lib/python3.12/site-packages/airflow/example_dags/example_python_operator.py for tasks to queue
[2024-07-11T00:08:43.666+0000] {logging_mixin.py:188} INFO - [2024-07-11T00:08:43.665+0000] {dagbag.py:545} INFO - Filling up the DagBag from /home/airflow/.local/lib/python3.12/site-packages/airflow/example_dags/example_python_operator.py
[2024-07-11T00:08:43.689+0000] {processor.py:840} INFO - DAG(s) 'example_python_operator' retrieved from /home/airflow/.local/lib/python3.12/site-packages/airflow/example_dags/example_python_operator.py
[2024-07-11T00:08:43.761+0000] {logging_mixin.py:188} INFO - [2024-07-11T00:08:43.760+0000] {dag.py:3096} INFO - Sync 1 DAGs
[2024-07-11T00:08:43.784+0000] {logging_mixin.py:188} INFO - [2024-07-11T00:08:43.784+0000] {dag.py:3954} INFO - Setting next_dagrun for example_python_operator to None, run_after=None
[2024-07-11T00:08:43.836+0000] {processor.py:183} INFO - Processing /home/airflow/.local/lib/python3.12/site-packages/airflow/example_dags/example_python_operator.py took 0.187 seconds
[2024-07-11T00:09:14.270+0000] {processor.py:161} INFO - Started process (PID=5056) to work on /home/airflow/.local/lib/python3.12/site-packages/airflow/example_dags/example_python_operator.py
[2024-07-11T00:09:14.273+0000] {processor.py:830} INFO - Processing file /home/airflow/.local/lib/python3.12/site-packages/airflow/example_dags/example_python_operator.py for tasks to queue
[2024-07-11T00:09:14.276+0000] {logging_mixin.py:188} INFO - [2024-07-11T00:09:14.275+0000] {dagbag.py:545} INFO - Filling up the DagBag from /home/airflow/.local/lib/python3.12/site-packages/airflow/example_dags/example_python_operator.py
[2024-07-11T00:09:14.306+0000] {processor.py:840} INFO - DAG(s) 'example_python_operator' retrieved from /home/airflow/.local/lib/python3.12/site-packages/airflow/example_dags/example_python_operator.py
[2024-07-11T00:09:14.368+0000] {logging_mixin.py:188} INFO - [2024-07-11T00:09:14.368+0000] {dag.py:3096} INFO - Sync 1 DAGs
[2024-07-11T00:09:14.407+0000] {logging_mixin.py:188} INFO - [2024-07-11T00:09:14.406+0000] {dag.py:3954} INFO - Setting next_dagrun for example_python_operator to None, run_after=None
[2024-07-11T00:09:14.471+0000] {processor.py:183} INFO - Processing /home/airflow/.local/lib/python3.12/site-packages/airflow/example_dags/example_python_operator.py took 0.214 seconds
[2024-07-11T00:09:45.722+0000] {processor.py:161} INFO - Started process (PID=5116) to work on /home/airflow/.local/lib/python3.12/site-packages/airflow/example_dags/example_python_operator.py
[2024-07-11T00:09:45.724+0000] {processor.py:830} INFO - Processing file /home/airflow/.local/lib/python3.12/site-packages/airflow/example_dags/example_python_operator.py for tasks to queue
[2024-07-11T00:09:45.726+0000] {logging_mixin.py:188} INFO - [2024-07-11T00:09:45.725+0000] {dagbag.py:545} INFO - Filling up the DagBag from /home/airflow/.local/lib/python3.12/site-packages/airflow/example_dags/example_python_operator.py
[2024-07-11T00:09:45.757+0000] {processor.py:840} INFO - DAG(s) 'example_python_operator' retrieved from /home/airflow/.local/lib/python3.12/site-packages/airflow/example_dags/example_python_operator.py
[2024-07-11T00:09:45.825+0000] {logging_mixin.py:188} INFO - [2024-07-11T00:09:45.825+0000] {dag.py:3096} INFO - Sync 1 DAGs
[2024-07-11T00:09:45.847+0000] {logging_mixin.py:188} INFO - [2024-07-11T00:09:45.847+0000] {dag.py:3954} INFO - Setting next_dagrun for example_python_operator to None, run_after=None
[2024-07-11T00:09:45.889+0000] {processor.py:183} INFO - Processing /home/airflow/.local/lib/python3.12/site-packages/airflow/example_dags/example_python_operator.py took 0.187 seconds
[2024-07-11T00:10:16.487+0000] {processor.py:161} INFO - Started process (PID=5176) to work on /home/airflow/.local/lib/python3.12/site-packages/airflow/example_dags/example_python_operator.py
[2024-07-11T00:10:16.488+0000] {processor.py:830} INFO - Processing file /home/airflow/.local/lib/python3.12/site-packages/airflow/example_dags/example_python_operator.py for tasks to queue
[2024-07-11T00:10:16.492+0000] {logging_mixin.py:188} INFO - [2024-07-11T00:10:16.491+0000] {dagbag.py:545} INFO - Filling up the DagBag from /home/airflow/.local/lib/python3.12/site-packages/airflow/example_dags/example_python_operator.py
[2024-07-11T00:10:16.518+0000] {processor.py:840} INFO - DAG(s) 'example_python_operator' retrieved from /home/airflow/.local/lib/python3.12/site-packages/airflow/example_dags/example_python_operator.py
[2024-07-11T00:10:16.579+0000] {logging_mixin.py:188} INFO - [2024-07-11T00:10:16.579+0000] {dag.py:3096} INFO - Sync 1 DAGs
[2024-07-11T00:10:16.623+0000] {logging_mixin.py:188} INFO - [2024-07-11T00:10:16.623+0000] {dag.py:3954} INFO - Setting next_dagrun for example_python_operator to None, run_after=None
[2024-07-11T00:10:16.685+0000] {processor.py:183} INFO - Processing /home/airflow/.local/lib/python3.12/site-packages/airflow/example_dags/example_python_operator.py took 0.212 seconds
[2024-07-11T00:10:46.962+0000] {processor.py:161} INFO - Started process (PID=5239) to work on /home/airflow/.local/lib/python3.12/site-packages/airflow/example_dags/example_python_operator.py
[2024-07-11T00:10:46.965+0000] {processor.py:830} INFO - Processing file /home/airflow/.local/lib/python3.12/site-packages/airflow/example_dags/example_python_operator.py for tasks to queue
[2024-07-11T00:10:46.967+0000] {logging_mixin.py:188} INFO - [2024-07-11T00:10:46.967+0000] {dagbag.py:545} INFO - Filling up the DagBag from /home/airflow/.local/lib/python3.12/site-packages/airflow/example_dags/example_python_operator.py
[2024-07-11T00:10:46.990+0000] {processor.py:840} INFO - DAG(s) 'example_python_operator' retrieved from /home/airflow/.local/lib/python3.12/site-packages/airflow/example_dags/example_python_operator.py
[2024-07-11T00:10:47.038+0000] {logging_mixin.py:188} INFO - [2024-07-11T00:10:47.037+0000] {dag.py:3096} INFO - Sync 1 DAGs
[2024-07-11T00:10:47.070+0000] {logging_mixin.py:188} INFO - [2024-07-11T00:10:47.070+0000] {dag.py:3954} INFO - Setting next_dagrun for example_python_operator to None, run_after=None
[2024-07-11T00:10:47.111+0000] {processor.py:183} INFO - Processing /home/airflow/.local/lib/python3.12/site-packages/airflow/example_dags/example_python_operator.py took 0.162 seconds
[2024-07-11T00:11:17.518+0000] {processor.py:161} INFO - Started process (PID=5299) to work on /home/airflow/.local/lib/python3.12/site-packages/airflow/example_dags/example_python_operator.py
[2024-07-11T00:11:17.519+0000] {processor.py:830} INFO - Processing file /home/airflow/.local/lib/python3.12/site-packages/airflow/example_dags/example_python_operator.py for tasks to queue
[2024-07-11T00:11:17.521+0000] {logging_mixin.py:188} INFO - [2024-07-11T00:11:17.520+0000] {dagbag.py:545} INFO - Filling up the DagBag from /home/airflow/.local/lib/python3.12/site-packages/airflow/example_dags/example_python_operator.py
[2024-07-11T00:11:17.542+0000] {processor.py:840} INFO - DAG(s) 'example_python_operator' retrieved from /home/airflow/.local/lib/python3.12/site-packages/airflow/example_dags/example_python_operator.py
[2024-07-11T00:11:17.594+0000] {logging_mixin.py:188} INFO - [2024-07-11T00:11:17.593+0000] {dag.py:3096} INFO - Sync 1 DAGs
[2024-07-11T00:11:17.619+0000] {logging_mixin.py:188} INFO - [2024-07-11T00:11:17.619+0000] {dag.py:3954} INFO - Setting next_dagrun for example_python_operator to None, run_after=None
[2024-07-11T00:11:17.659+0000] {processor.py:183} INFO - Processing /home/airflow/.local/lib/python3.12/site-packages/airflow/example_dags/example_python_operator.py took 0.152 seconds
[2024-07-11T00:11:47.960+0000] {processor.py:161} INFO - Started process (PID=5359) to work on /home/airflow/.local/lib/python3.12/site-packages/airflow/example_dags/example_python_operator.py
[2024-07-11T00:11:47.961+0000] {processor.py:830} INFO - Processing file /home/airflow/.local/lib/python3.12/site-packages/airflow/example_dags/example_python_operator.py for tasks to queue
[2024-07-11T00:11:47.963+0000] {logging_mixin.py:188} INFO - [2024-07-11T00:11:47.963+0000] {dagbag.py:545} INFO - Filling up the DagBag from /home/airflow/.local/lib/python3.12/site-packages/airflow/example_dags/example_python_operator.py
[2024-07-11T00:11:47.982+0000] {processor.py:840} INFO - DAG(s) 'example_python_operator' retrieved from /home/airflow/.local/lib/python3.12/site-packages/airflow/example_dags/example_python_operator.py
[2024-07-11T00:11:48.023+0000] {logging_mixin.py:188} INFO - [2024-07-11T00:11:48.023+0000] {dag.py:3096} INFO - Sync 1 DAGs
[2024-07-11T00:11:48.047+0000] {logging_mixin.py:188} INFO - [2024-07-11T00:11:48.047+0000] {dag.py:3954} INFO - Setting next_dagrun for example_python_operator to None, run_after=None
[2024-07-11T00:11:48.083+0000] {processor.py:183} INFO - Processing /home/airflow/.local/lib/python3.12/site-packages/airflow/example_dags/example_python_operator.py took 0.135 seconds
[2024-07-11T00:12:18.470+0000] {processor.py:161} INFO - Started process (PID=5419) to work on /home/airflow/.local/lib/python3.12/site-packages/airflow/example_dags/example_python_operator.py
[2024-07-11T00:12:18.472+0000] {processor.py:830} INFO - Processing file /home/airflow/.local/lib/python3.12/site-packages/airflow/example_dags/example_python_operator.py for tasks to queue
[2024-07-11T00:12:18.475+0000] {logging_mixin.py:188} INFO - [2024-07-11T00:12:18.474+0000] {dagbag.py:545} INFO - Filling up the DagBag from /home/airflow/.local/lib/python3.12/site-packages/airflow/example_dags/example_python_operator.py
[2024-07-11T00:12:18.505+0000] {processor.py:840} INFO - DAG(s) 'example_python_operator' retrieved from /home/airflow/.local/lib/python3.12/site-packages/airflow/example_dags/example_python_operator.py
[2024-07-11T00:12:18.567+0000] {logging_mixin.py:188} INFO - [2024-07-11T00:12:18.566+0000] {dag.py:3096} INFO - Sync 1 DAGs
[2024-07-11T00:12:18.594+0000] {logging_mixin.py:188} INFO - [2024-07-11T00:12:18.593+0000] {dag.py:3954} INFO - Setting next_dagrun for example_python_operator to None, run_after=None
[2024-07-11T00:12:18.638+0000] {processor.py:183} INFO - Processing /home/airflow/.local/lib/python3.12/site-packages/airflow/example_dags/example_python_operator.py took 0.184 seconds
[2024-07-11T00:12:48.980+0000] {processor.py:161} INFO - Started process (PID=5479) to work on /home/airflow/.local/lib/python3.12/site-packages/airflow/example_dags/example_python_operator.py
[2024-07-11T00:12:48.983+0000] {processor.py:830} INFO - Processing file /home/airflow/.local/lib/python3.12/site-packages/airflow/example_dags/example_python_operator.py for tasks to queue
[2024-07-11T00:12:48.987+0000] {logging_mixin.py:188} INFO - [2024-07-11T00:12:48.986+0000] {dagbag.py:545} INFO - Filling up the DagBag from /home/airflow/.local/lib/python3.12/site-packages/airflow/example_dags/example_python_operator.py
[2024-07-11T00:12:49.016+0000] {processor.py:840} INFO - DAG(s) 'example_python_operator' retrieved from /home/airflow/.local/lib/python3.12/site-packages/airflow/example_dags/example_python_operator.py
[2024-07-11T00:12:49.073+0000] {logging_mixin.py:188} INFO - [2024-07-11T00:12:49.072+0000] {dag.py:3096} INFO - Sync 1 DAGs
[2024-07-11T00:12:49.113+0000] {logging_mixin.py:188} INFO - [2024-07-11T00:12:49.113+0000] {dag.py:3954} INFO - Setting next_dagrun for example_python_operator to None, run_after=None
[2024-07-11T00:12:49.163+0000] {processor.py:183} INFO - Processing /home/airflow/.local/lib/python3.12/site-packages/airflow/example_dags/example_python_operator.py took 0.197 seconds
[2024-07-11T00:13:19.884+0000] {processor.py:161} INFO - Started process (PID=5538) to work on /home/airflow/.local/lib/python3.12/site-packages/airflow/example_dags/example_python_operator.py
[2024-07-11T00:13:19.888+0000] {processor.py:830} INFO - Processing file /home/airflow/.local/lib/python3.12/site-packages/airflow/example_dags/example_python_operator.py for tasks to queue
[2024-07-11T00:13:19.896+0000] {logging_mixin.py:188} INFO - [2024-07-11T00:13:19.893+0000] {dagbag.py:545} INFO - Filling up the DagBag from /home/airflow/.local/lib/python3.12/site-packages/airflow/example_dags/example_python_operator.py
[2024-07-11T00:13:19.962+0000] {processor.py:840} INFO - DAG(s) 'example_python_operator' retrieved from /home/airflow/.local/lib/python3.12/site-packages/airflow/example_dags/example_python_operator.py
[2024-07-11T00:13:20.077+0000] {logging_mixin.py:188} INFO - [2024-07-11T00:13:20.076+0000] {dag.py:3096} INFO - Sync 1 DAGs
[2024-07-11T00:13:20.451+0000] {logging_mixin.py:188} INFO - [2024-07-11T00:13:20.451+0000] {dag.py:3954} INFO - Setting next_dagrun for example_python_operator to None, run_after=None
[2024-07-11T00:13:20.606+0000] {processor.py:183} INFO - Processing /home/airflow/.local/lib/python3.12/site-packages/airflow/example_dags/example_python_operator.py took 0.754 seconds
[2024-07-11T00:13:51.608+0000] {processor.py:161} INFO - Started process (PID=5598) to work on /home/airflow/.local/lib/python3.12/site-packages/airflow/example_dags/example_python_operator.py
[2024-07-11T00:13:51.612+0000] {processor.py:830} INFO - Processing file /home/airflow/.local/lib/python3.12/site-packages/airflow/example_dags/example_python_operator.py for tasks to queue
[2024-07-11T00:13:51.614+0000] {logging_mixin.py:188} INFO - [2024-07-11T00:13:51.613+0000] {dagbag.py:545} INFO - Filling up the DagBag from /home/airflow/.local/lib/python3.12/site-packages/airflow/example_dags/example_python_operator.py
[2024-07-11T00:13:51.639+0000] {processor.py:840} INFO - DAG(s) 'example_python_operator' retrieved from /home/airflow/.local/lib/python3.12/site-packages/airflow/example_dags/example_python_operator.py
[2024-07-11T00:13:51.697+0000] {logging_mixin.py:188} INFO - [2024-07-11T00:13:51.696+0000] {dag.py:3096} INFO - Sync 1 DAGs
[2024-07-11T00:13:51.730+0000] {logging_mixin.py:188} INFO - [2024-07-11T00:13:51.730+0000] {dag.py:3954} INFO - Setting next_dagrun for example_python_operator to None, run_after=None
[2024-07-11T00:13:51.781+0000] {processor.py:183} INFO - Processing /home/airflow/.local/lib/python3.12/site-packages/airflow/example_dags/example_python_operator.py took 0.186 seconds
[2024-07-11T00:14:22.487+0000] {processor.py:161} INFO - Started process (PID=5658) to work on /home/airflow/.local/lib/python3.12/site-packages/airflow/example_dags/example_python_operator.py
[2024-07-11T00:14:22.490+0000] {processor.py:830} INFO - Processing file /home/airflow/.local/lib/python3.12/site-packages/airflow/example_dags/example_python_operator.py for tasks to queue
[2024-07-11T00:14:22.492+0000] {logging_mixin.py:188} INFO - [2024-07-11T00:14:22.491+0000] {dagbag.py:545} INFO - Filling up the DagBag from /home/airflow/.local/lib/python3.12/site-packages/airflow/example_dags/example_python_operator.py
[2024-07-11T00:14:22.511+0000] {processor.py:840} INFO - DAG(s) 'example_python_operator' retrieved from /home/airflow/.local/lib/python3.12/site-packages/airflow/example_dags/example_python_operator.py
[2024-07-11T00:14:22.560+0000] {logging_mixin.py:188} INFO - [2024-07-11T00:14:22.559+0000] {dag.py:3096} INFO - Sync 1 DAGs
[2024-07-11T00:14:22.584+0000] {logging_mixin.py:188} INFO - [2024-07-11T00:14:22.584+0000] {dag.py:3954} INFO - Setting next_dagrun for example_python_operator to None, run_after=None
[2024-07-11T00:14:22.620+0000] {processor.py:183} INFO - Processing /home/airflow/.local/lib/python3.12/site-packages/airflow/example_dags/example_python_operator.py took 0.144 seconds
[2024-07-11T00:14:53.073+0000] {processor.py:161} INFO - Started process (PID=5718) to work on /home/airflow/.local/lib/python3.12/site-packages/airflow/example_dags/example_python_operator.py
[2024-07-11T00:14:53.075+0000] {processor.py:830} INFO - Processing file /home/airflow/.local/lib/python3.12/site-packages/airflow/example_dags/example_python_operator.py for tasks to queue
[2024-07-11T00:14:53.076+0000] {logging_mixin.py:188} INFO - [2024-07-11T00:14:53.076+0000] {dagbag.py:545} INFO - Filling up the DagBag from /home/airflow/.local/lib/python3.12/site-packages/airflow/example_dags/example_python_operator.py
[2024-07-11T00:14:53.109+0000] {processor.py:840} INFO - DAG(s) 'example_python_operator' retrieved from /home/airflow/.local/lib/python3.12/site-packages/airflow/example_dags/example_python_operator.py
[2024-07-11T00:14:53.168+0000] {logging_mixin.py:188} INFO - [2024-07-11T00:14:53.167+0000] {dag.py:3096} INFO - Sync 1 DAGs
[2024-07-11T00:14:53.228+0000] {logging_mixin.py:188} INFO - [2024-07-11T00:14:53.227+0000] {dag.py:3954} INFO - Setting next_dagrun for example_python_operator to None, run_after=None
[2024-07-11T00:14:53.384+0000] {processor.py:183} INFO - Processing /home/airflow/.local/lib/python3.12/site-packages/airflow/example_dags/example_python_operator.py took 0.320 seconds
[2024-07-11T00:15:23.789+0000] {processor.py:161} INFO - Started process (PID=5776) to work on /home/airflow/.local/lib/python3.12/site-packages/airflow/example_dags/example_python_operator.py
[2024-07-11T00:15:23.794+0000] {processor.py:830} INFO - Processing file /home/airflow/.local/lib/python3.12/site-packages/airflow/example_dags/example_python_operator.py for tasks to queue
[2024-07-11T00:15:23.803+0000] {logging_mixin.py:188} INFO - [2024-07-11T00:15:23.801+0000] {dagbag.py:545} INFO - Filling up the DagBag from /home/airflow/.local/lib/python3.12/site-packages/airflow/example_dags/example_python_operator.py
[2024-07-11T00:15:23.834+0000] {processor.py:840} INFO - DAG(s) 'example_python_operator' retrieved from /home/airflow/.local/lib/python3.12/site-packages/airflow/example_dags/example_python_operator.py
[2024-07-11T00:15:23.895+0000] {logging_mixin.py:188} INFO - [2024-07-11T00:15:23.895+0000] {dag.py:3096} INFO - Sync 1 DAGs
[2024-07-11T00:15:23.944+0000] {logging_mixin.py:188} INFO - [2024-07-11T00:15:23.944+0000] {dag.py:3954} INFO - Setting next_dagrun for example_python_operator to None, run_after=None
[2024-07-11T00:15:24.011+0000] {processor.py:183} INFO - Processing /home/airflow/.local/lib/python3.12/site-packages/airflow/example_dags/example_python_operator.py took 0.239 seconds
[2024-07-11T00:15:54.516+0000] {processor.py:161} INFO - Started process (PID=5835) to work on /home/airflow/.local/lib/python3.12/site-packages/airflow/example_dags/example_python_operator.py
[2024-07-11T00:15:54.518+0000] {processor.py:830} INFO - Processing file /home/airflow/.local/lib/python3.12/site-packages/airflow/example_dags/example_python_operator.py for tasks to queue
[2024-07-11T00:15:54.520+0000] {logging_mixin.py:188} INFO - [2024-07-11T00:15:54.519+0000] {dagbag.py:545} INFO - Filling up the DagBag from /home/airflow/.local/lib/python3.12/site-packages/airflow/example_dags/example_python_operator.py
[2024-07-11T00:15:54.539+0000] {processor.py:840} INFO - DAG(s) 'example_python_operator' retrieved from /home/airflow/.local/lib/python3.12/site-packages/airflow/example_dags/example_python_operator.py
[2024-07-11T00:15:54.585+0000] {logging_mixin.py:188} INFO - [2024-07-11T00:15:54.585+0000] {dag.py:3096} INFO - Sync 1 DAGs
[2024-07-11T00:15:54.611+0000] {logging_mixin.py:188} INFO - [2024-07-11T00:15:54.611+0000] {dag.py:3954} INFO - Setting next_dagrun for example_python_operator to None, run_after=None
[2024-07-11T00:15:54.654+0000] {processor.py:183} INFO - Processing /home/airflow/.local/lib/python3.12/site-packages/airflow/example_dags/example_python_operator.py took 0.150 seconds
[2024-07-11T00:16:25.216+0000] {processor.py:161} INFO - Started process (PID=5892) to work on /home/airflow/.local/lib/python3.12/site-packages/airflow/example_dags/example_python_operator.py
[2024-07-11T00:16:25.219+0000] {processor.py:830} INFO - Processing file /home/airflow/.local/lib/python3.12/site-packages/airflow/example_dags/example_python_operator.py for tasks to queue
[2024-07-11T00:16:25.222+0000] {logging_mixin.py:188} INFO - [2024-07-11T00:16:25.221+0000] {dagbag.py:545} INFO - Filling up the DagBag from /home/airflow/.local/lib/python3.12/site-packages/airflow/example_dags/example_python_operator.py
[2024-07-11T00:16:25.250+0000] {processor.py:840} INFO - DAG(s) 'example_python_operator' retrieved from /home/airflow/.local/lib/python3.12/site-packages/airflow/example_dags/example_python_operator.py
[2024-07-11T00:16:25.324+0000] {logging_mixin.py:188} INFO - [2024-07-11T00:16:25.323+0000] {dag.py:3096} INFO - Sync 1 DAGs
[2024-07-11T00:16:25.370+0000] {logging_mixin.py:188} INFO - [2024-07-11T00:16:25.369+0000] {dag.py:3954} INFO - Setting next_dagrun for example_python_operator to None, run_after=None
[2024-07-11T00:16:25.432+0000] {processor.py:183} INFO - Processing /home/airflow/.local/lib/python3.12/site-packages/airflow/example_dags/example_python_operator.py took 0.234 seconds
[2024-07-11T00:16:55.972+0000] {processor.py:161} INFO - Started process (PID=5952) to work on /home/airflow/.local/lib/python3.12/site-packages/airflow/example_dags/example_python_operator.py
[2024-07-11T00:16:55.974+0000] {processor.py:830} INFO - Processing file /home/airflow/.local/lib/python3.12/site-packages/airflow/example_dags/example_python_operator.py for tasks to queue
[2024-07-11T00:16:55.977+0000] {logging_mixin.py:188} INFO - [2024-07-11T00:16:55.976+0000] {dagbag.py:545} INFO - Filling up the DagBag from /home/airflow/.local/lib/python3.12/site-packages/airflow/example_dags/example_python_operator.py
[2024-07-11T00:16:56.031+0000] {processor.py:840} INFO - DAG(s) 'example_python_operator' retrieved from /home/airflow/.local/lib/python3.12/site-packages/airflow/example_dags/example_python_operator.py
[2024-07-11T00:16:56.775+0000] {logging_mixin.py:188} INFO - [2024-07-11T00:16:56.602+0000] {dag.py:3096} INFO - Sync 1 DAGs
[2024-07-11T00:16:57.027+0000] {logging_mixin.py:188} INFO - [2024-07-11T00:16:57.026+0000] {dag.py:3954} INFO - Setting next_dagrun for example_python_operator to None, run_after=None
[2024-07-11T00:16:57.141+0000] {processor.py:183} INFO - Processing /home/airflow/.local/lib/python3.12/site-packages/airflow/example_dags/example_python_operator.py took 1.191 seconds
[2024-07-11T00:17:27.567+0000] {processor.py:161} INFO - Started process (PID=6011) to work on /home/airflow/.local/lib/python3.12/site-packages/airflow/example_dags/example_python_operator.py
[2024-07-11T00:17:27.575+0000] {processor.py:830} INFO - Processing file /home/airflow/.local/lib/python3.12/site-packages/airflow/example_dags/example_python_operator.py for tasks to queue
[2024-07-11T00:17:27.580+0000] {logging_mixin.py:188} INFO - [2024-07-11T00:17:27.579+0000] {dagbag.py:545} INFO - Filling up the DagBag from /home/airflow/.local/lib/python3.12/site-packages/airflow/example_dags/example_python_operator.py
[2024-07-11T00:17:27.618+0000] {processor.py:840} INFO - DAG(s) 'example_python_operator' retrieved from /home/airflow/.local/lib/python3.12/site-packages/airflow/example_dags/example_python_operator.py
[2024-07-11T00:17:27.736+0000] {logging_mixin.py:188} INFO - [2024-07-11T00:17:27.736+0000] {dag.py:3096} INFO - Sync 1 DAGs
[2024-07-11T00:17:27.763+0000] {logging_mixin.py:188} INFO - [2024-07-11T00:17:27.762+0000] {dag.py:3954} INFO - Setting next_dagrun for example_python_operator to None, run_after=None
[2024-07-11T00:17:27.811+0000] {processor.py:183} INFO - Processing /home/airflow/.local/lib/python3.12/site-packages/airflow/example_dags/example_python_operator.py took 0.310 seconds
[2024-07-11T00:17:58.354+0000] {processor.py:161} INFO - Started process (PID=6071) to work on /home/airflow/.local/lib/python3.12/site-packages/airflow/example_dags/example_python_operator.py
[2024-07-11T00:17:58.357+0000] {processor.py:830} INFO - Processing file /home/airflow/.local/lib/python3.12/site-packages/airflow/example_dags/example_python_operator.py for tasks to queue
[2024-07-11T00:17:58.360+0000] {logging_mixin.py:188} INFO - [2024-07-11T00:17:58.359+0000] {dagbag.py:545} INFO - Filling up the DagBag from /home/airflow/.local/lib/python3.12/site-packages/airflow/example_dags/example_python_operator.py
[2024-07-11T00:17:58.397+0000] {processor.py:840} INFO - DAG(s) 'example_python_operator' retrieved from /home/airflow/.local/lib/python3.12/site-packages/airflow/example_dags/example_python_operator.py
[2024-07-11T00:17:58.484+0000] {logging_mixin.py:188} INFO - [2024-07-11T00:17:58.480+0000] {dag.py:3096} INFO - Sync 1 DAGs
[2024-07-11T00:17:58.519+0000] {logging_mixin.py:188} INFO - [2024-07-11T00:17:58.519+0000] {dag.py:3954} INFO - Setting next_dagrun for example_python_operator to None, run_after=None
[2024-07-11T00:17:58.576+0000] {processor.py:183} INFO - Processing /home/airflow/.local/lib/python3.12/site-packages/airflow/example_dags/example_python_operator.py took 0.248 seconds
[2024-07-11T00:18:29.020+0000] {processor.py:161} INFO - Started process (PID=6130) to work on /home/airflow/.local/lib/python3.12/site-packages/airflow/example_dags/example_python_operator.py
[2024-07-11T00:18:29.023+0000] {processor.py:830} INFO - Processing file /home/airflow/.local/lib/python3.12/site-packages/airflow/example_dags/example_python_operator.py for tasks to queue
[2024-07-11T00:18:29.027+0000] {logging_mixin.py:188} INFO - [2024-07-11T00:18:29.025+0000] {dagbag.py:545} INFO - Filling up the DagBag from /home/airflow/.local/lib/python3.12/site-packages/airflow/example_dags/example_python_operator.py
[2024-07-11T00:18:29.073+0000] {processor.py:840} INFO - DAG(s) 'example_python_operator' retrieved from /home/airflow/.local/lib/python3.12/site-packages/airflow/example_dags/example_python_operator.py
[2024-07-11T00:18:29.181+0000] {logging_mixin.py:188} INFO - [2024-07-11T00:18:29.181+0000] {dag.py:3096} INFO - Sync 1 DAGs
[2024-07-11T00:18:29.217+0000] {logging_mixin.py:188} INFO - [2024-07-11T00:18:29.216+0000] {dag.py:3954} INFO - Setting next_dagrun for example_python_operator to None, run_after=None
[2024-07-11T00:18:29.263+0000] {processor.py:183} INFO - Processing /home/airflow/.local/lib/python3.12/site-packages/airflow/example_dags/example_python_operator.py took 0.265 seconds
[2024-07-11T00:18:59.680+0000] {processor.py:161} INFO - Started process (PID=6191) to work on /home/airflow/.local/lib/python3.12/site-packages/airflow/example_dags/example_python_operator.py
[2024-07-11T00:18:59.681+0000] {processor.py:830} INFO - Processing file /home/airflow/.local/lib/python3.12/site-packages/airflow/example_dags/example_python_operator.py for tasks to queue
[2024-07-11T00:18:59.683+0000] {logging_mixin.py:188} INFO - [2024-07-11T00:18:59.683+0000] {dagbag.py:545} INFO - Filling up the DagBag from /home/airflow/.local/lib/python3.12/site-packages/airflow/example_dags/example_python_operator.py
[2024-07-11T00:18:59.703+0000] {processor.py:840} INFO - DAG(s) 'example_python_operator' retrieved from /home/airflow/.local/lib/python3.12/site-packages/airflow/example_dags/example_python_operator.py
[2024-07-11T00:18:59.770+0000] {logging_mixin.py:188} INFO - [2024-07-11T00:18:59.769+0000] {dag.py:3096} INFO - Sync 1 DAGs
[2024-07-11T00:18:59.821+0000] {logging_mixin.py:188} INFO - [2024-07-11T00:18:59.820+0000] {dag.py:3954} INFO - Setting next_dagrun for example_python_operator to None, run_after=None
[2024-07-11T00:18:59.901+0000] {processor.py:183} INFO - Processing /home/airflow/.local/lib/python3.12/site-packages/airflow/example_dags/example_python_operator.py took 0.233 seconds
[2024-07-11T00:19:30.104+0000] {processor.py:161} INFO - Started process (PID=6251) to work on /home/airflow/.local/lib/python3.12/site-packages/airflow/example_dags/example_python_operator.py
[2024-07-11T00:19:30.112+0000] {processor.py:830} INFO - Processing file /home/airflow/.local/lib/python3.12/site-packages/airflow/example_dags/example_python_operator.py for tasks to queue
[2024-07-11T00:19:30.125+0000] {logging_mixin.py:188} INFO - [2024-07-11T00:19:30.125+0000] {dagbag.py:545} INFO - Filling up the DagBag from /home/airflow/.local/lib/python3.12/site-packages/airflow/example_dags/example_python_operator.py
[2024-07-11T00:19:30.188+0000] {processor.py:840} INFO - DAG(s) 'example_python_operator' retrieved from /home/airflow/.local/lib/python3.12/site-packages/airflow/example_dags/example_python_operator.py
[2024-07-11T00:19:30.288+0000] {logging_mixin.py:188} INFO - [2024-07-11T00:19:30.288+0000] {dag.py:3096} INFO - Sync 1 DAGs
[2024-07-11T00:19:30.357+0000] {logging_mixin.py:188} INFO - [2024-07-11T00:19:30.356+0000] {dag.py:3954} INFO - Setting next_dagrun for example_python_operator to None, run_after=None
[2024-07-11T00:19:30.419+0000] {processor.py:183} INFO - Processing /home/airflow/.local/lib/python3.12/site-packages/airflow/example_dags/example_python_operator.py took 0.344 seconds
[2024-07-11T00:20:00.711+0000] {processor.py:161} INFO - Started process (PID=6310) to work on /home/airflow/.local/lib/python3.12/site-packages/airflow/example_dags/example_python_operator.py
[2024-07-11T00:20:00.714+0000] {processor.py:830} INFO - Processing file /home/airflow/.local/lib/python3.12/site-packages/airflow/example_dags/example_python_operator.py for tasks to queue
[2024-07-11T00:20:00.716+0000] {logging_mixin.py:188} INFO - [2024-07-11T00:20:00.716+0000] {dagbag.py:545} INFO - Filling up the DagBag from /home/airflow/.local/lib/python3.12/site-packages/airflow/example_dags/example_python_operator.py
[2024-07-11T00:20:00.743+0000] {processor.py:840} INFO - DAG(s) 'example_python_operator' retrieved from /home/airflow/.local/lib/python3.12/site-packages/airflow/example_dags/example_python_operator.py
[2024-07-11T00:20:00.784+0000] {logging_mixin.py:188} INFO - [2024-07-11T00:20:00.784+0000] {dag.py:3096} INFO - Sync 1 DAGs
[2024-07-11T00:20:00.807+0000] {logging_mixin.py:188} INFO - [2024-07-11T00:20:00.807+0000] {dag.py:3954} INFO - Setting next_dagrun for example_python_operator to None, run_after=None
[2024-07-11T00:20:00.845+0000] {processor.py:183} INFO - Processing /home/airflow/.local/lib/python3.12/site-packages/airflow/example_dags/example_python_operator.py took 0.143 seconds
[2024-07-11T00:20:31.569+0000] {processor.py:161} INFO - Started process (PID=6370) to work on /home/airflow/.local/lib/python3.12/site-packages/airflow/example_dags/example_python_operator.py
[2024-07-11T00:20:31.570+0000] {processor.py:830} INFO - Processing file /home/airflow/.local/lib/python3.12/site-packages/airflow/example_dags/example_python_operator.py for tasks to queue
[2024-07-11T00:20:31.572+0000] {logging_mixin.py:188} INFO - [2024-07-11T00:20:31.572+0000] {dagbag.py:545} INFO - Filling up the DagBag from /home/airflow/.local/lib/python3.12/site-packages/airflow/example_dags/example_python_operator.py
[2024-07-11T00:20:31.592+0000] {processor.py:840} INFO - DAG(s) 'example_python_operator' retrieved from /home/airflow/.local/lib/python3.12/site-packages/airflow/example_dags/example_python_operator.py
[2024-07-11T00:20:31.633+0000] {logging_mixin.py:188} INFO - [2024-07-11T00:20:31.632+0000] {dag.py:3096} INFO - Sync 1 DAGs
[2024-07-11T00:20:31.655+0000] {logging_mixin.py:188} INFO - [2024-07-11T00:20:31.654+0000] {dag.py:3954} INFO - Setting next_dagrun for example_python_operator to None, run_after=None
[2024-07-11T00:20:31.725+0000] {processor.py:183} INFO - Processing /home/airflow/.local/lib/python3.12/site-packages/airflow/example_dags/example_python_operator.py took 0.171 seconds
[2024-07-11T00:21:01.813+0000] {processor.py:161} INFO - Started process (PID=6430) to work on /home/airflow/.local/lib/python3.12/site-packages/airflow/example_dags/example_python_operator.py
[2024-07-11T00:21:01.826+0000] {processor.py:830} INFO - Processing file /home/airflow/.local/lib/python3.12/site-packages/airflow/example_dags/example_python_operator.py for tasks to queue
[2024-07-11T00:21:01.829+0000] {logging_mixin.py:188} INFO - [2024-07-11T00:21:01.828+0000] {dagbag.py:545} INFO - Filling up the DagBag from /home/airflow/.local/lib/python3.12/site-packages/airflow/example_dags/example_python_operator.py
[2024-07-11T00:21:01.893+0000] {processor.py:840} INFO - DAG(s) 'example_python_operator' retrieved from /home/airflow/.local/lib/python3.12/site-packages/airflow/example_dags/example_python_operator.py
[2024-07-11T00:21:02.044+0000] {logging_mixin.py:188} INFO - [2024-07-11T00:21:02.040+0000] {dag.py:3096} INFO - Sync 1 DAGs
[2024-07-11T00:21:02.187+0000] {logging_mixin.py:188} INFO - [2024-07-11T00:21:02.186+0000] {dag.py:3954} INFO - Setting next_dagrun for example_python_operator to None, run_after=None
[2024-07-11T00:21:02.266+0000] {processor.py:183} INFO - Processing /home/airflow/.local/lib/python3.12/site-packages/airflow/example_dags/example_python_operator.py took 0.489 seconds
[2024-07-11T00:21:32.396+0000] {processor.py:161} INFO - Started process (PID=6490) to work on /home/airflow/.local/lib/python3.12/site-packages/airflow/example_dags/example_python_operator.py
[2024-07-11T00:21:32.400+0000] {processor.py:830} INFO - Processing file /home/airflow/.local/lib/python3.12/site-packages/airflow/example_dags/example_python_operator.py for tasks to queue
[2024-07-11T00:21:32.404+0000] {logging_mixin.py:188} INFO - [2024-07-11T00:21:32.403+0000] {dagbag.py:545} INFO - Filling up the DagBag from /home/airflow/.local/lib/python3.12/site-packages/airflow/example_dags/example_python_operator.py
[2024-07-11T00:21:32.426+0000] {processor.py:840} INFO - DAG(s) 'example_python_operator' retrieved from /home/airflow/.local/lib/python3.12/site-packages/airflow/example_dags/example_python_operator.py
[2024-07-11T00:21:32.477+0000] {logging_mixin.py:188} INFO - [2024-07-11T00:21:32.477+0000] {dag.py:3096} INFO - Sync 1 DAGs
[2024-07-11T00:21:32.503+0000] {logging_mixin.py:188} INFO - [2024-07-11T00:21:32.503+0000] {dag.py:3954} INFO - Setting next_dagrun for example_python_operator to None, run_after=None
[2024-07-11T00:21:32.548+0000] {processor.py:183} INFO - Processing /home/airflow/.local/lib/python3.12/site-packages/airflow/example_dags/example_python_operator.py took 0.165 seconds
[2024-07-11T00:22:03.265+0000] {processor.py:161} INFO - Started process (PID=6550) to work on /home/airflow/.local/lib/python3.12/site-packages/airflow/example_dags/example_python_operator.py
[2024-07-11T00:22:03.268+0000] {processor.py:830} INFO - Processing file /home/airflow/.local/lib/python3.12/site-packages/airflow/example_dags/example_python_operator.py for tasks to queue
[2024-07-11T00:22:03.271+0000] {logging_mixin.py:188} INFO - [2024-07-11T00:22:03.270+0000] {dagbag.py:545} INFO - Filling up the DagBag from /home/airflow/.local/lib/python3.12/site-packages/airflow/example_dags/example_python_operator.py
[2024-07-11T00:22:03.298+0000] {processor.py:840} INFO - DAG(s) 'example_python_operator' retrieved from /home/airflow/.local/lib/python3.12/site-packages/airflow/example_dags/example_python_operator.py
[2024-07-11T00:22:03.357+0000] {logging_mixin.py:188} INFO - [2024-07-11T00:22:03.356+0000] {dag.py:3096} INFO - Sync 1 DAGs
[2024-07-11T00:22:03.388+0000] {logging_mixin.py:188} INFO - [2024-07-11T00:22:03.388+0000] {dag.py:3954} INFO - Setting next_dagrun for example_python_operator to None, run_after=None
[2024-07-11T00:22:03.434+0000] {processor.py:183} INFO - Processing /home/airflow/.local/lib/python3.12/site-packages/airflow/example_dags/example_python_operator.py took 0.185 seconds
[2024-07-11T00:22:33.879+0000] {processor.py:161} INFO - Started process (PID=6610) to work on /home/airflow/.local/lib/python3.12/site-packages/airflow/example_dags/example_python_operator.py
[2024-07-11T00:22:33.880+0000] {processor.py:830} INFO - Processing file /home/airflow/.local/lib/python3.12/site-packages/airflow/example_dags/example_python_operator.py for tasks to queue
[2024-07-11T00:22:33.884+0000] {logging_mixin.py:188} INFO - [2024-07-11T00:22:33.883+0000] {dagbag.py:545} INFO - Filling up the DagBag from /home/airflow/.local/lib/python3.12/site-packages/airflow/example_dags/example_python_operator.py
[2024-07-11T00:22:33.907+0000] {processor.py:840} INFO - DAG(s) 'example_python_operator' retrieved from /home/airflow/.local/lib/python3.12/site-packages/airflow/example_dags/example_python_operator.py
[2024-07-11T00:22:33.957+0000] {logging_mixin.py:188} INFO - [2024-07-11T00:22:33.956+0000] {dag.py:3096} INFO - Sync 1 DAGs
[2024-07-11T00:22:33.981+0000] {logging_mixin.py:188} INFO - [2024-07-11T00:22:33.981+0000] {dag.py:3954} INFO - Setting next_dagrun for example_python_operator to None, run_after=None
[2024-07-11T00:22:34.031+0000] {processor.py:183} INFO - Processing /home/airflow/.local/lib/python3.12/site-packages/airflow/example_dags/example_python_operator.py took 0.165 seconds
[2024-07-11T00:23:06.202+0000] {processor.py:161} INFO - Started process (PID=6670) to work on /home/airflow/.local/lib/python3.12/site-packages/airflow/example_dags/example_python_operator.py
[2024-07-11T00:23:06.219+0000] {processor.py:830} INFO - Processing file /home/airflow/.local/lib/python3.12/site-packages/airflow/example_dags/example_python_operator.py for tasks to queue
[2024-07-11T00:23:06.226+0000] {logging_mixin.py:188} INFO - [2024-07-11T00:23:06.223+0000] {dagbag.py:545} INFO - Filling up the DagBag from /home/airflow/.local/lib/python3.12/site-packages/airflow/example_dags/example_python_operator.py
[2024-07-11T00:23:06.362+0000] {processor.py:840} INFO - DAG(s) 'example_python_operator' retrieved from /home/airflow/.local/lib/python3.12/site-packages/airflow/example_dags/example_python_operator.py
[2024-07-11T00:23:06.585+0000] {logging_mixin.py:188} INFO - [2024-07-11T00:23:06.583+0000] {dag.py:3096} INFO - Sync 1 DAGs
[2024-07-11T00:23:06.675+0000] {logging_mixin.py:188} INFO - [2024-07-11T00:23:06.674+0000] {dag.py:3954} INFO - Setting next_dagrun for example_python_operator to None, run_after=None
[2024-07-11T00:23:06.788+0000] {processor.py:183} INFO - Processing /home/airflow/.local/lib/python3.12/site-packages/airflow/example_dags/example_python_operator.py took 0.821 seconds
[2024-07-11T00:23:37.562+0000] {processor.py:161} INFO - Started process (PID=6729) to work on /home/airflow/.local/lib/python3.12/site-packages/airflow/example_dags/example_python_operator.py
[2024-07-11T00:23:37.565+0000] {processor.py:830} INFO - Processing file /home/airflow/.local/lib/python3.12/site-packages/airflow/example_dags/example_python_operator.py for tasks to queue
[2024-07-11T00:23:37.568+0000] {logging_mixin.py:188} INFO - [2024-07-11T00:23:37.567+0000] {dagbag.py:545} INFO - Filling up the DagBag from /home/airflow/.local/lib/python3.12/site-packages/airflow/example_dags/example_python_operator.py
[2024-07-11T00:23:37.650+0000] {processor.py:840} INFO - DAG(s) 'example_python_operator' retrieved from /home/airflow/.local/lib/python3.12/site-packages/airflow/example_dags/example_python_operator.py
[2024-07-11T00:23:37.758+0000] {logging_mixin.py:188} INFO - [2024-07-11T00:23:37.751+0000] {dag.py:3096} INFO - Sync 1 DAGs
[2024-07-11T00:23:37.801+0000] {logging_mixin.py:188} INFO - [2024-07-11T00:23:37.800+0000] {dag.py:3954} INFO - Setting next_dagrun for example_python_operator to None, run_after=None
[2024-07-11T00:23:37.875+0000] {processor.py:183} INFO - Processing /home/airflow/.local/lib/python3.12/site-packages/airflow/example_dags/example_python_operator.py took 0.327 seconds
[2024-07-11T00:24:08.234+0000] {processor.py:161} INFO - Started process (PID=6788) to work on /home/airflow/.local/lib/python3.12/site-packages/airflow/example_dags/example_python_operator.py
[2024-07-11T00:24:08.236+0000] {processor.py:830} INFO - Processing file /home/airflow/.local/lib/python3.12/site-packages/airflow/example_dags/example_python_operator.py for tasks to queue
[2024-07-11T00:24:08.238+0000] {logging_mixin.py:188} INFO - [2024-07-11T00:24:08.237+0000] {dagbag.py:545} INFO - Filling up the DagBag from /home/airflow/.local/lib/python3.12/site-packages/airflow/example_dags/example_python_operator.py
[2024-07-11T00:24:08.265+0000] {processor.py:840} INFO - DAG(s) 'example_python_operator' retrieved from /home/airflow/.local/lib/python3.12/site-packages/airflow/example_dags/example_python_operator.py
[2024-07-11T00:24:08.329+0000] {logging_mixin.py:188} INFO - [2024-07-11T00:24:08.328+0000] {dag.py:3096} INFO - Sync 1 DAGs
[2024-07-11T00:24:08.359+0000] {logging_mixin.py:188} INFO - [2024-07-11T00:24:08.359+0000] {dag.py:3954} INFO - Setting next_dagrun for example_python_operator to None, run_after=None
[2024-07-11T00:24:08.408+0000] {processor.py:183} INFO - Processing /home/airflow/.local/lib/python3.12/site-packages/airflow/example_dags/example_python_operator.py took 0.190 seconds
[2024-07-11T00:24:39.019+0000] {processor.py:161} INFO - Started process (PID=6847) to work on /home/airflow/.local/lib/python3.12/site-packages/airflow/example_dags/example_python_operator.py
[2024-07-11T00:24:39.029+0000] {processor.py:830} INFO - Processing file /home/airflow/.local/lib/python3.12/site-packages/airflow/example_dags/example_python_operator.py for tasks to queue
[2024-07-11T00:24:39.034+0000] {logging_mixin.py:188} INFO - [2024-07-11T00:24:39.033+0000] {dagbag.py:545} INFO - Filling up the DagBag from /home/airflow/.local/lib/python3.12/site-packages/airflow/example_dags/example_python_operator.py
[2024-07-11T00:24:39.061+0000] {processor.py:840} INFO - DAG(s) 'example_python_operator' retrieved from /home/airflow/.local/lib/python3.12/site-packages/airflow/example_dags/example_python_operator.py
[2024-07-11T00:24:39.113+0000] {logging_mixin.py:188} INFO - [2024-07-11T00:24:39.112+0000] {dag.py:3096} INFO - Sync 1 DAGs
[2024-07-11T00:24:39.137+0000] {logging_mixin.py:188} INFO - [2024-07-11T00:24:39.136+0000] {dag.py:3954} INFO - Setting next_dagrun for example_python_operator to None, run_after=None
[2024-07-11T00:24:39.176+0000] {processor.py:183} INFO - Processing /home/airflow/.local/lib/python3.12/site-packages/airflow/example_dags/example_python_operator.py took 0.186 seconds
[2024-07-11T00:25:09.573+0000] {processor.py:161} INFO - Started process (PID=6907) to work on /home/airflow/.local/lib/python3.12/site-packages/airflow/example_dags/example_python_operator.py
[2024-07-11T00:25:09.578+0000] {processor.py:830} INFO - Processing file /home/airflow/.local/lib/python3.12/site-packages/airflow/example_dags/example_python_operator.py for tasks to queue
[2024-07-11T00:25:09.583+0000] {logging_mixin.py:188} INFO - [2024-07-11T00:25:09.582+0000] {dagbag.py:545} INFO - Filling up the DagBag from /home/airflow/.local/lib/python3.12/site-packages/airflow/example_dags/example_python_operator.py
[2024-07-11T00:25:09.640+0000] {processor.py:840} INFO - DAG(s) 'example_python_operator' retrieved from /home/airflow/.local/lib/python3.12/site-packages/airflow/example_dags/example_python_operator.py
[2024-07-11T00:25:09.733+0000] {logging_mixin.py:188} INFO - [2024-07-11T00:25:09.732+0000] {dag.py:3096} INFO - Sync 1 DAGs
[2024-07-11T00:25:09.778+0000] {logging_mixin.py:188} INFO - [2024-07-11T00:25:09.777+0000] {dag.py:3954} INFO - Setting next_dagrun for example_python_operator to None, run_after=None
[2024-07-11T00:25:09.840+0000] {processor.py:183} INFO - Processing /home/airflow/.local/lib/python3.12/site-packages/airflow/example_dags/example_python_operator.py took 0.300 seconds
[2024-07-11T00:25:41.077+0000] {processor.py:161} INFO - Started process (PID=6967) to work on /home/airflow/.local/lib/python3.12/site-packages/airflow/example_dags/example_python_operator.py
[2024-07-11T00:25:41.080+0000] {processor.py:830} INFO - Processing file /home/airflow/.local/lib/python3.12/site-packages/airflow/example_dags/example_python_operator.py for tasks to queue
[2024-07-11T00:25:41.083+0000] {logging_mixin.py:188} INFO - [2024-07-11T00:25:41.081+0000] {dagbag.py:545} INFO - Filling up the DagBag from /home/airflow/.local/lib/python3.12/site-packages/airflow/example_dags/example_python_operator.py
[2024-07-11T00:25:41.127+0000] {processor.py:840} INFO - DAG(s) 'example_python_operator' retrieved from /home/airflow/.local/lib/python3.12/site-packages/airflow/example_dags/example_python_operator.py
[2024-07-11T00:25:41.209+0000] {logging_mixin.py:188} INFO - [2024-07-11T00:25:41.208+0000] {dag.py:3096} INFO - Sync 1 DAGs
[2024-07-11T00:25:41.243+0000] {logging_mixin.py:188} INFO - [2024-07-11T00:25:41.243+0000] {dag.py:3954} INFO - Setting next_dagrun for example_python_operator to None, run_after=None
[2024-07-11T00:25:41.368+0000] {processor.py:183} INFO - Processing /home/airflow/.local/lib/python3.12/site-packages/airflow/example_dags/example_python_operator.py took 0.330 seconds
[2024-07-11T00:26:11.610+0000] {processor.py:161} INFO - Started process (PID=7027) to work on /home/airflow/.local/lib/python3.12/site-packages/airflow/example_dags/example_python_operator.py
[2024-07-11T00:26:11.613+0000] {processor.py:830} INFO - Processing file /home/airflow/.local/lib/python3.12/site-packages/airflow/example_dags/example_python_operator.py for tasks to queue
[2024-07-11T00:26:11.615+0000] {logging_mixin.py:188} INFO - [2024-07-11T00:26:11.614+0000] {dagbag.py:545} INFO - Filling up the DagBag from /home/airflow/.local/lib/python3.12/site-packages/airflow/example_dags/example_python_operator.py
[2024-07-11T00:26:11.636+0000] {processor.py:840} INFO - DAG(s) 'example_python_operator' retrieved from /home/airflow/.local/lib/python3.12/site-packages/airflow/example_dags/example_python_operator.py
[2024-07-11T00:26:11.681+0000] {logging_mixin.py:188} INFO - [2024-07-11T00:26:11.681+0000] {dag.py:3096} INFO - Sync 1 DAGs
[2024-07-11T00:26:11.704+0000] {logging_mixin.py:188} INFO - [2024-07-11T00:26:11.704+0000] {dag.py:3954} INFO - Setting next_dagrun for example_python_operator to None, run_after=None
[2024-07-11T00:26:11.745+0000] {processor.py:183} INFO - Processing /home/airflow/.local/lib/python3.12/site-packages/airflow/example_dags/example_python_operator.py took 0.148 seconds
[2024-07-11T00:26:45.221+0000] {processor.py:161} INFO - Started process (PID=7086) to work on /home/airflow/.local/lib/python3.12/site-packages/airflow/example_dags/example_python_operator.py
[2024-07-11T00:26:45.224+0000] {processor.py:830} INFO - Processing file /home/airflow/.local/lib/python3.12/site-packages/airflow/example_dags/example_python_operator.py for tasks to queue
[2024-07-11T00:26:45.226+0000] {logging_mixin.py:188} INFO - [2024-07-11T00:26:45.225+0000] {dagbag.py:545} INFO - Filling up the DagBag from /home/airflow/.local/lib/python3.12/site-packages/airflow/example_dags/example_python_operator.py
[2024-07-11T00:26:45.251+0000] {processor.py:840} INFO - DAG(s) 'example_python_operator' retrieved from /home/airflow/.local/lib/python3.12/site-packages/airflow/example_dags/example_python_operator.py
[2024-07-11T00:26:45.309+0000] {logging_mixin.py:188} INFO - [2024-07-11T00:26:45.308+0000] {dag.py:3096} INFO - Sync 1 DAGs
[2024-07-11T00:26:45.341+0000] {logging_mixin.py:188} INFO - [2024-07-11T00:26:45.341+0000] {dag.py:3954} INFO - Setting next_dagrun for example_python_operator to None, run_after=None
[2024-07-11T00:26:45.386+0000] {processor.py:183} INFO - Processing /home/airflow/.local/lib/python3.12/site-packages/airflow/example_dags/example_python_operator.py took 0.179 seconds
