[2024-07-11T00:00:19.301+0000] {processor.py:161} INFO - Started process (PID=4017) to work on /home/airflow/.local/lib/python3.12/site-packages/airflow/example_dags/example_bash_decorator.py
[2024-07-11T00:00:19.304+0000] {processor.py:830} INFO - Processing file /home/airflow/.local/lib/python3.12/site-packages/airflow/example_dags/example_bash_decorator.py for tasks to queue
[2024-07-11T00:00:19.306+0000] {logging_mixin.py:188} INFO - [2024-07-11T00:00:19.305+0000] {dagbag.py:545} INFO - Filling up the DagBag from /home/airflow/.local/lib/python3.12/site-packages/airflow/example_dags/example_bash_decorator.py
[2024-07-11T00:00:19.381+0000] {processor.py:840} INFO - DAG(s) 'example_bash_decorator' retrieved from /home/airflow/.local/lib/python3.12/site-packages/airflow/example_dags/example_bash_decorator.py
[2024-07-11T00:00:19.457+0000] {logging_mixin.py:188} INFO - [2024-07-11T00:00:19.456+0000] {dag.py:3096} INFO - Sync 1 DAGs
[2024-07-11T00:00:19.495+0000] {logging_mixin.py:188} INFO - [2024-07-11T00:00:19.494+0000] {dag.py:3954} INFO - Setting next_dagrun for example_bash_decorator to None, run_after=None
[2024-07-11T00:00:19.535+0000] {processor.py:183} INFO - Processing /home/airflow/.local/lib/python3.12/site-packages/airflow/example_dags/example_bash_decorator.py took 0.261 seconds
[2024-07-11T00:00:49.958+0000] {processor.py:161} INFO - Started process (PID=4077) to work on /home/airflow/.local/lib/python3.12/site-packages/airflow/example_dags/example_bash_decorator.py
[2024-07-11T00:00:49.960+0000] {processor.py:830} INFO - Processing file /home/airflow/.local/lib/python3.12/site-packages/airflow/example_dags/example_bash_decorator.py for tasks to queue
[2024-07-11T00:00:49.963+0000] {logging_mixin.py:188} INFO - [2024-07-11T00:00:49.962+0000] {dagbag.py:545} INFO - Filling up the DagBag from /home/airflow/.local/lib/python3.12/site-packages/airflow/example_dags/example_bash_decorator.py
[2024-07-11T00:00:49.997+0000] {processor.py:840} INFO - DAG(s) 'example_bash_decorator' retrieved from /home/airflow/.local/lib/python3.12/site-packages/airflow/example_dags/example_bash_decorator.py
[2024-07-11T00:00:50.049+0000] {logging_mixin.py:188} INFO - [2024-07-11T00:00:50.048+0000] {dag.py:3096} INFO - Sync 1 DAGs
[2024-07-11T00:00:50.076+0000] {logging_mixin.py:188} INFO - [2024-07-11T00:00:50.076+0000] {dag.py:3954} INFO - Setting next_dagrun for example_bash_decorator to None, run_after=None
[2024-07-11T00:00:50.106+0000] {processor.py:183} INFO - Processing /home/airflow/.local/lib/python3.12/site-packages/airflow/example_dags/example_bash_decorator.py took 0.159 seconds
[2024-07-11T00:01:20.675+0000] {processor.py:161} INFO - Started process (PID=4139) to work on /home/airflow/.local/lib/python3.12/site-packages/airflow/example_dags/example_bash_decorator.py
[2024-07-11T00:01:20.677+0000] {processor.py:830} INFO - Processing file /home/airflow/.local/lib/python3.12/site-packages/airflow/example_dags/example_bash_decorator.py for tasks to queue
[2024-07-11T00:01:20.678+0000] {logging_mixin.py:188} INFO - [2024-07-11T00:01:20.678+0000] {dagbag.py:545} INFO - Filling up the DagBag from /home/airflow/.local/lib/python3.12/site-packages/airflow/example_dags/example_bash_decorator.py
[2024-07-11T00:01:20.698+0000] {processor.py:840} INFO - DAG(s) 'example_bash_decorator' retrieved from /home/airflow/.local/lib/python3.12/site-packages/airflow/example_dags/example_bash_decorator.py
[2024-07-11T00:01:20.734+0000] {logging_mixin.py:188} INFO - [2024-07-11T00:01:20.733+0000] {dag.py:3096} INFO - Sync 1 DAGs
[2024-07-11T00:01:20.751+0000] {logging_mixin.py:188} INFO - [2024-07-11T00:01:20.751+0000] {dag.py:3954} INFO - Setting next_dagrun for example_bash_decorator to None, run_after=None
[2024-07-11T00:01:20.778+0000] {processor.py:183} INFO - Processing /home/airflow/.local/lib/python3.12/site-packages/airflow/example_dags/example_bash_decorator.py took 0.113 seconds
[2024-07-11T00:01:51.081+0000] {processor.py:161} INFO - Started process (PID=4198) to work on /home/airflow/.local/lib/python3.12/site-packages/airflow/example_dags/example_bash_decorator.py
[2024-07-11T00:01:51.083+0000] {processor.py:830} INFO - Processing file /home/airflow/.local/lib/python3.12/site-packages/airflow/example_dags/example_bash_decorator.py for tasks to queue
[2024-07-11T00:01:51.091+0000] {logging_mixin.py:188} INFO - [2024-07-11T00:01:51.090+0000] {dagbag.py:545} INFO - Filling up the DagBag from /home/airflow/.local/lib/python3.12/site-packages/airflow/example_dags/example_bash_decorator.py
[2024-07-11T00:01:51.114+0000] {processor.py:840} INFO - DAG(s) 'example_bash_decorator' retrieved from /home/airflow/.local/lib/python3.12/site-packages/airflow/example_dags/example_bash_decorator.py
[2024-07-11T00:01:51.150+0000] {logging_mixin.py:188} INFO - [2024-07-11T00:01:51.149+0000] {dag.py:3096} INFO - Sync 1 DAGs
[2024-07-11T00:01:51.170+0000] {logging_mixin.py:188} INFO - [2024-07-11T00:01:51.170+0000] {dag.py:3954} INFO - Setting next_dagrun for example_bash_decorator to None, run_after=None
[2024-07-11T00:01:51.198+0000] {processor.py:183} INFO - Processing /home/airflow/.local/lib/python3.12/site-packages/airflow/example_dags/example_bash_decorator.py took 0.132 seconds
[2024-07-11T00:02:21.677+0000] {processor.py:161} INFO - Started process (PID=4260) to work on /home/airflow/.local/lib/python3.12/site-packages/airflow/example_dags/example_bash_decorator.py
[2024-07-11T00:02:21.678+0000] {processor.py:830} INFO - Processing file /home/airflow/.local/lib/python3.12/site-packages/airflow/example_dags/example_bash_decorator.py for tasks to queue
[2024-07-11T00:02:21.681+0000] {logging_mixin.py:188} INFO - [2024-07-11T00:02:21.680+0000] {dagbag.py:545} INFO - Filling up the DagBag from /home/airflow/.local/lib/python3.12/site-packages/airflow/example_dags/example_bash_decorator.py
[2024-07-11T00:02:21.708+0000] {processor.py:840} INFO - DAG(s) 'example_bash_decorator' retrieved from /home/airflow/.local/lib/python3.12/site-packages/airflow/example_dags/example_bash_decorator.py
[2024-07-11T00:02:21.746+0000] {logging_mixin.py:188} INFO - [2024-07-11T00:02:21.746+0000] {dag.py:3096} INFO - Sync 1 DAGs
[2024-07-11T00:02:21.764+0000] {logging_mixin.py:188} INFO - [2024-07-11T00:02:21.764+0000] {dag.py:3954} INFO - Setting next_dagrun for example_bash_decorator to None, run_after=None
[2024-07-11T00:02:21.793+0000] {processor.py:183} INFO - Processing /home/airflow/.local/lib/python3.12/site-packages/airflow/example_dags/example_bash_decorator.py took 0.128 seconds
[2024-07-11T00:02:54.424+0000] {processor.py:161} INFO - Started process (PID=4319) to work on /home/airflow/.local/lib/python3.12/site-packages/airflow/example_dags/example_bash_decorator.py
[2024-07-11T00:02:54.426+0000] {processor.py:830} INFO - Processing file /home/airflow/.local/lib/python3.12/site-packages/airflow/example_dags/example_bash_decorator.py for tasks to queue
[2024-07-11T00:02:54.429+0000] {logging_mixin.py:188} INFO - [2024-07-11T00:02:54.427+0000] {dagbag.py:545} INFO - Filling up the DagBag from /home/airflow/.local/lib/python3.12/site-packages/airflow/example_dags/example_bash_decorator.py
[2024-07-11T00:02:54.450+0000] {processor.py:840} INFO - DAG(s) 'example_bash_decorator' retrieved from /home/airflow/.local/lib/python3.12/site-packages/airflow/example_dags/example_bash_decorator.py
[2024-07-11T00:02:54.518+0000] {logging_mixin.py:188} INFO - [2024-07-11T00:02:54.517+0000] {dag.py:3096} INFO - Sync 1 DAGs
[2024-07-11T00:02:54.539+0000] {logging_mixin.py:188} INFO - [2024-07-11T00:02:54.539+0000] {dag.py:3954} INFO - Setting next_dagrun for example_bash_decorator to None, run_after=None
[2024-07-11T00:02:54.601+0000] {processor.py:183} INFO - Processing /home/airflow/.local/lib/python3.12/site-packages/airflow/example_dags/example_bash_decorator.py took 0.187 seconds
[2024-07-11T00:03:25.272+0000] {processor.py:161} INFO - Started process (PID=4381) to work on /home/airflow/.local/lib/python3.12/site-packages/airflow/example_dags/example_bash_decorator.py
[2024-07-11T00:03:25.276+0000] {processor.py:830} INFO - Processing file /home/airflow/.local/lib/python3.12/site-packages/airflow/example_dags/example_bash_decorator.py for tasks to queue
[2024-07-11T00:03:25.279+0000] {logging_mixin.py:188} INFO - [2024-07-11T00:03:25.278+0000] {dagbag.py:545} INFO - Filling up the DagBag from /home/airflow/.local/lib/python3.12/site-packages/airflow/example_dags/example_bash_decorator.py
[2024-07-11T00:03:25.327+0000] {processor.py:840} INFO - DAG(s) 'example_bash_decorator' retrieved from /home/airflow/.local/lib/python3.12/site-packages/airflow/example_dags/example_bash_decorator.py
[2024-07-11T00:03:25.403+0000] {logging_mixin.py:188} INFO - [2024-07-11T00:03:25.402+0000] {dag.py:3096} INFO - Sync 1 DAGs
[2024-07-11T00:03:25.444+0000] {logging_mixin.py:188} INFO - [2024-07-11T00:03:25.444+0000] {dag.py:3954} INFO - Setting next_dagrun for example_bash_decorator to None, run_after=None
[2024-07-11T00:03:25.498+0000] {processor.py:183} INFO - Processing /home/airflow/.local/lib/python3.12/site-packages/airflow/example_dags/example_bash_decorator.py took 0.245 seconds
[2024-07-11T00:03:56.539+0000] {processor.py:161} INFO - Started process (PID=4441) to work on /home/airflow/.local/lib/python3.12/site-packages/airflow/example_dags/example_bash_decorator.py
[2024-07-11T00:03:56.553+0000] {processor.py:830} INFO - Processing file /home/airflow/.local/lib/python3.12/site-packages/airflow/example_dags/example_bash_decorator.py for tasks to queue
[2024-07-11T00:03:56.555+0000] {logging_mixin.py:188} INFO - [2024-07-11T00:03:56.555+0000] {dagbag.py:545} INFO - Filling up the DagBag from /home/airflow/.local/lib/python3.12/site-packages/airflow/example_dags/example_bash_decorator.py
[2024-07-11T00:03:56.616+0000] {processor.py:840} INFO - DAG(s) 'example_bash_decorator' retrieved from /home/airflow/.local/lib/python3.12/site-packages/airflow/example_dags/example_bash_decorator.py
[2024-07-11T00:03:56.805+0000] {logging_mixin.py:188} INFO - [2024-07-11T00:03:56.804+0000] {dag.py:3096} INFO - Sync 1 DAGs
[2024-07-11T00:03:56.884+0000] {logging_mixin.py:188} INFO - [2024-07-11T00:03:56.884+0000] {dag.py:3954} INFO - Setting next_dagrun for example_bash_decorator to None, run_after=None
[2024-07-11T00:03:56.927+0000] {processor.py:183} INFO - Processing /home/airflow/.local/lib/python3.12/site-packages/airflow/example_dags/example_bash_decorator.py took 0.405 seconds
[2024-07-11T00:04:27.105+0000] {processor.py:161} INFO - Started process (PID=4501) to work on /home/airflow/.local/lib/python3.12/site-packages/airflow/example_dags/example_bash_decorator.py
[2024-07-11T00:04:27.108+0000] {processor.py:830} INFO - Processing file /home/airflow/.local/lib/python3.12/site-packages/airflow/example_dags/example_bash_decorator.py for tasks to queue
[2024-07-11T00:04:27.111+0000] {logging_mixin.py:188} INFO - [2024-07-11T00:04:27.110+0000] {dagbag.py:545} INFO - Filling up the DagBag from /home/airflow/.local/lib/python3.12/site-packages/airflow/example_dags/example_bash_decorator.py
[2024-07-11T00:04:27.131+0000] {processor.py:840} INFO - DAG(s) 'example_bash_decorator' retrieved from /home/airflow/.local/lib/python3.12/site-packages/airflow/example_dags/example_bash_decorator.py
[2024-07-11T00:04:27.168+0000] {logging_mixin.py:188} INFO - [2024-07-11T00:04:27.167+0000] {dag.py:3096} INFO - Sync 1 DAGs
[2024-07-11T00:04:27.186+0000] {logging_mixin.py:188} INFO - [2024-07-11T00:04:27.186+0000] {dag.py:3954} INFO - Setting next_dagrun for example_bash_decorator to None, run_after=None
[2024-07-11T00:04:27.215+0000] {processor.py:183} INFO - Processing /home/airflow/.local/lib/python3.12/site-packages/airflow/example_dags/example_bash_decorator.py took 0.123 seconds
[2024-07-11T00:04:58.277+0000] {processor.py:161} INFO - Started process (PID=4563) to work on /home/airflow/.local/lib/python3.12/site-packages/airflow/example_dags/example_bash_decorator.py
[2024-07-11T00:04:58.280+0000] {processor.py:830} INFO - Processing file /home/airflow/.local/lib/python3.12/site-packages/airflow/example_dags/example_bash_decorator.py for tasks to queue
[2024-07-11T00:04:58.282+0000] {logging_mixin.py:188} INFO - [2024-07-11T00:04:58.282+0000] {dagbag.py:545} INFO - Filling up the DagBag from /home/airflow/.local/lib/python3.12/site-packages/airflow/example_dags/example_bash_decorator.py
[2024-07-11T00:04:58.330+0000] {processor.py:840} INFO - DAG(s) 'example_bash_decorator' retrieved from /home/airflow/.local/lib/python3.12/site-packages/airflow/example_dags/example_bash_decorator.py
[2024-07-11T00:04:58.397+0000] {logging_mixin.py:188} INFO - [2024-07-11T00:04:58.396+0000] {dag.py:3096} INFO - Sync 1 DAGs
[2024-07-11T00:04:58.420+0000] {logging_mixin.py:188} INFO - [2024-07-11T00:04:58.420+0000] {dag.py:3954} INFO - Setting next_dagrun for example_bash_decorator to None, run_after=None
[2024-07-11T00:04:58.570+0000] {processor.py:183} INFO - Processing /home/airflow/.local/lib/python3.12/site-packages/airflow/example_dags/example_bash_decorator.py took 0.304 seconds
[2024-07-11T00:05:30.410+0000] {processor.py:161} INFO - Started process (PID=4623) to work on /home/airflow/.local/lib/python3.12/site-packages/airflow/example_dags/example_bash_decorator.py
[2024-07-11T00:05:30.415+0000] {processor.py:830} INFO - Processing file /home/airflow/.local/lib/python3.12/site-packages/airflow/example_dags/example_bash_decorator.py for tasks to queue
[2024-07-11T00:05:30.419+0000] {logging_mixin.py:188} INFO - [2024-07-11T00:05:30.418+0000] {dagbag.py:545} INFO - Filling up the DagBag from /home/airflow/.local/lib/python3.12/site-packages/airflow/example_dags/example_bash_decorator.py
[2024-07-11T00:05:30.674+0000] {processor.py:840} INFO - DAG(s) 'example_bash_decorator' retrieved from /home/airflow/.local/lib/python3.12/site-packages/airflow/example_dags/example_bash_decorator.py
[2024-07-11T00:05:30.808+0000] {logging_mixin.py:188} INFO - [2024-07-11T00:05:30.806+0000] {dag.py:3096} INFO - Sync 1 DAGs
[2024-07-11T00:05:30.869+0000] {logging_mixin.py:188} INFO - [2024-07-11T00:05:30.868+0000] {dag.py:3954} INFO - Setting next_dagrun for example_bash_decorator to None, run_after=None
[2024-07-11T00:05:30.958+0000] {processor.py:183} INFO - Processing /home/airflow/.local/lib/python3.12/site-packages/airflow/example_dags/example_bash_decorator.py took 0.617 seconds
[2024-07-11T00:06:01.119+0000] {processor.py:161} INFO - Started process (PID=4683) to work on /home/airflow/.local/lib/python3.12/site-packages/airflow/example_dags/example_bash_decorator.py
[2024-07-11T00:06:01.121+0000] {processor.py:830} INFO - Processing file /home/airflow/.local/lib/python3.12/site-packages/airflow/example_dags/example_bash_decorator.py for tasks to queue
[2024-07-11T00:06:01.124+0000] {logging_mixin.py:188} INFO - [2024-07-11T00:06:01.123+0000] {dagbag.py:545} INFO - Filling up the DagBag from /home/airflow/.local/lib/python3.12/site-packages/airflow/example_dags/example_bash_decorator.py
[2024-07-11T00:06:01.172+0000] {processor.py:840} INFO - DAG(s) 'example_bash_decorator' retrieved from /home/airflow/.local/lib/python3.12/site-packages/airflow/example_dags/example_bash_decorator.py
[2024-07-11T00:06:01.334+0000] {logging_mixin.py:188} INFO - [2024-07-11T00:06:01.334+0000] {dag.py:3096} INFO - Sync 1 DAGs
[2024-07-11T00:06:01.484+0000] {logging_mixin.py:188} INFO - [2024-07-11T00:06:01.484+0000] {dag.py:3954} INFO - Setting next_dagrun for example_bash_decorator to None, run_after=None
[2024-07-11T00:06:01.578+0000] {processor.py:183} INFO - Processing /home/airflow/.local/lib/python3.12/site-packages/airflow/example_dags/example_bash_decorator.py took 0.473 seconds
[2024-07-11T00:06:31.783+0000] {processor.py:161} INFO - Started process (PID=4741) to work on /home/airflow/.local/lib/python3.12/site-packages/airflow/example_dags/example_bash_decorator.py
[2024-07-11T00:06:31.785+0000] {processor.py:830} INFO - Processing file /home/airflow/.local/lib/python3.12/site-packages/airflow/example_dags/example_bash_decorator.py for tasks to queue
[2024-07-11T00:06:31.793+0000] {logging_mixin.py:188} INFO - [2024-07-11T00:06:31.792+0000] {dagbag.py:545} INFO - Filling up the DagBag from /home/airflow/.local/lib/python3.12/site-packages/airflow/example_dags/example_bash_decorator.py
[2024-07-11T00:06:31.818+0000] {processor.py:840} INFO - DAG(s) 'example_bash_decorator' retrieved from /home/airflow/.local/lib/python3.12/site-packages/airflow/example_dags/example_bash_decorator.py
[2024-07-11T00:06:31.863+0000] {logging_mixin.py:188} INFO - [2024-07-11T00:06:31.862+0000] {dag.py:3096} INFO - Sync 1 DAGs
[2024-07-11T00:06:31.881+0000] {logging_mixin.py:188} INFO - [2024-07-11T00:06:31.880+0000] {dag.py:3954} INFO - Setting next_dagrun for example_bash_decorator to None, run_after=None
[2024-07-11T00:06:31.915+0000] {processor.py:183} INFO - Processing /home/airflow/.local/lib/python3.12/site-packages/airflow/example_dags/example_bash_decorator.py took 0.146 seconds
[2024-07-11T00:07:02.187+0000] {processor.py:161} INFO - Started process (PID=4801) to work on /home/airflow/.local/lib/python3.12/site-packages/airflow/example_dags/example_bash_decorator.py
[2024-07-11T00:07:02.190+0000] {processor.py:830} INFO - Processing file /home/airflow/.local/lib/python3.12/site-packages/airflow/example_dags/example_bash_decorator.py for tasks to queue
[2024-07-11T00:07:02.195+0000] {logging_mixin.py:188} INFO - [2024-07-11T00:07:02.194+0000] {dagbag.py:545} INFO - Filling up the DagBag from /home/airflow/.local/lib/python3.12/site-packages/airflow/example_dags/example_bash_decorator.py
[2024-07-11T00:07:02.236+0000] {processor.py:840} INFO - DAG(s) 'example_bash_decorator' retrieved from /home/airflow/.local/lib/python3.12/site-packages/airflow/example_dags/example_bash_decorator.py
[2024-07-11T00:07:02.624+0000] {logging_mixin.py:188} INFO - [2024-07-11T00:07:02.624+0000] {dag.py:3096} INFO - Sync 1 DAGs
[2024-07-11T00:07:02.675+0000] {logging_mixin.py:188} INFO - [2024-07-11T00:07:02.674+0000] {dag.py:3954} INFO - Setting next_dagrun for example_bash_decorator to None, run_after=None
[2024-07-11T00:07:02.711+0000] {processor.py:183} INFO - Processing /home/airflow/.local/lib/python3.12/site-packages/airflow/example_dags/example_bash_decorator.py took 0.536 seconds
[2024-07-11T00:07:32.795+0000] {processor.py:161} INFO - Started process (PID=4860) to work on /home/airflow/.local/lib/python3.12/site-packages/airflow/example_dags/example_bash_decorator.py
[2024-07-11T00:07:32.796+0000] {processor.py:830} INFO - Processing file /home/airflow/.local/lib/python3.12/site-packages/airflow/example_dags/example_bash_decorator.py for tasks to queue
[2024-07-11T00:07:32.798+0000] {logging_mixin.py:188} INFO - [2024-07-11T00:07:32.798+0000] {dagbag.py:545} INFO - Filling up the DagBag from /home/airflow/.local/lib/python3.12/site-packages/airflow/example_dags/example_bash_decorator.py
[2024-07-11T00:07:32.817+0000] {processor.py:840} INFO - DAG(s) 'example_bash_decorator' retrieved from /home/airflow/.local/lib/python3.12/site-packages/airflow/example_dags/example_bash_decorator.py
[2024-07-11T00:07:32.854+0000] {logging_mixin.py:188} INFO - [2024-07-11T00:07:32.853+0000] {dag.py:3096} INFO - Sync 1 DAGs
[2024-07-11T00:07:32.881+0000] {logging_mixin.py:188} INFO - [2024-07-11T00:07:32.881+0000] {dag.py:3954} INFO - Setting next_dagrun for example_bash_decorator to None, run_after=None
[2024-07-11T00:07:32.926+0000] {processor.py:183} INFO - Processing /home/airflow/.local/lib/python3.12/site-packages/airflow/example_dags/example_bash_decorator.py took 0.142 seconds
[2024-07-11T00:08:03.526+0000] {processor.py:161} INFO - Started process (PID=4920) to work on /home/airflow/.local/lib/python3.12/site-packages/airflow/example_dags/example_bash_decorator.py
[2024-07-11T00:08:03.528+0000] {processor.py:830} INFO - Processing file /home/airflow/.local/lib/python3.12/site-packages/airflow/example_dags/example_bash_decorator.py for tasks to queue
[2024-07-11T00:08:03.531+0000] {logging_mixin.py:188} INFO - [2024-07-11T00:08:03.530+0000] {dagbag.py:545} INFO - Filling up the DagBag from /home/airflow/.local/lib/python3.12/site-packages/airflow/example_dags/example_bash_decorator.py
[2024-07-11T00:08:03.551+0000] {processor.py:840} INFO - DAG(s) 'example_bash_decorator' retrieved from /home/airflow/.local/lib/python3.12/site-packages/airflow/example_dags/example_bash_decorator.py
[2024-07-11T00:08:03.602+0000] {logging_mixin.py:188} INFO - [2024-07-11T00:08:03.602+0000] {dag.py:3096} INFO - Sync 1 DAGs
[2024-07-11T00:08:03.620+0000] {logging_mixin.py:188} INFO - [2024-07-11T00:08:03.620+0000] {dag.py:3954} INFO - Setting next_dagrun for example_bash_decorator to None, run_after=None
[2024-07-11T00:08:03.650+0000] {processor.py:183} INFO - Processing /home/airflow/.local/lib/python3.12/site-packages/airflow/example_dags/example_bash_decorator.py took 0.135 seconds
[2024-07-11T00:08:34.592+0000] {processor.py:161} INFO - Started process (PID=4979) to work on /home/airflow/.local/lib/python3.12/site-packages/airflow/example_dags/example_bash_decorator.py
[2024-07-11T00:08:34.605+0000] {processor.py:830} INFO - Processing file /home/airflow/.local/lib/python3.12/site-packages/airflow/example_dags/example_bash_decorator.py for tasks to queue
[2024-07-11T00:08:34.607+0000] {logging_mixin.py:188} INFO - [2024-07-11T00:08:34.606+0000] {dagbag.py:545} INFO - Filling up the DagBag from /home/airflow/.local/lib/python3.12/site-packages/airflow/example_dags/example_bash_decorator.py
[2024-07-11T00:08:34.643+0000] {processor.py:840} INFO - DAG(s) 'example_bash_decorator' retrieved from /home/airflow/.local/lib/python3.12/site-packages/airflow/example_dags/example_bash_decorator.py
[2024-07-11T00:08:34.711+0000] {logging_mixin.py:188} INFO - [2024-07-11T00:08:34.710+0000] {dag.py:3096} INFO - Sync 1 DAGs
[2024-07-11T00:08:34.753+0000] {logging_mixin.py:188} INFO - [2024-07-11T00:08:34.752+0000] {dag.py:3954} INFO - Setting next_dagrun for example_bash_decorator to None, run_after=None
[2024-07-11T00:08:34.790+0000] {processor.py:183} INFO - Processing /home/airflow/.local/lib/python3.12/site-packages/airflow/example_dags/example_bash_decorator.py took 0.229 seconds
[2024-07-11T00:09:04.878+0000] {processor.py:161} INFO - Started process (PID=5040) to work on /home/airflow/.local/lib/python3.12/site-packages/airflow/example_dags/example_bash_decorator.py
[2024-07-11T00:09:04.880+0000] {processor.py:830} INFO - Processing file /home/airflow/.local/lib/python3.12/site-packages/airflow/example_dags/example_bash_decorator.py for tasks to queue
[2024-07-11T00:09:04.881+0000] {logging_mixin.py:188} INFO - [2024-07-11T00:09:04.881+0000] {dagbag.py:545} INFO - Filling up the DagBag from /home/airflow/.local/lib/python3.12/site-packages/airflow/example_dags/example_bash_decorator.py
[2024-07-11T00:09:04.904+0000] {processor.py:840} INFO - DAG(s) 'example_bash_decorator' retrieved from /home/airflow/.local/lib/python3.12/site-packages/airflow/example_dags/example_bash_decorator.py
[2024-07-11T00:09:04.945+0000] {logging_mixin.py:188} INFO - [2024-07-11T00:09:04.945+0000] {dag.py:3096} INFO - Sync 1 DAGs
[2024-07-11T00:09:04.964+0000] {logging_mixin.py:188} INFO - [2024-07-11T00:09:04.964+0000] {dag.py:3954} INFO - Setting next_dagrun for example_bash_decorator to None, run_after=None
[2024-07-11T00:09:05.015+0000] {processor.py:183} INFO - Processing /home/airflow/.local/lib/python3.12/site-packages/airflow/example_dags/example_bash_decorator.py took 0.145 seconds
[2024-07-11T00:09:35.462+0000] {processor.py:161} INFO - Started process (PID=5100) to work on /home/airflow/.local/lib/python3.12/site-packages/airflow/example_dags/example_bash_decorator.py
[2024-07-11T00:09:35.464+0000] {processor.py:830} INFO - Processing file /home/airflow/.local/lib/python3.12/site-packages/airflow/example_dags/example_bash_decorator.py for tasks to queue
[2024-07-11T00:09:35.466+0000] {logging_mixin.py:188} INFO - [2024-07-11T00:09:35.466+0000] {dagbag.py:545} INFO - Filling up the DagBag from /home/airflow/.local/lib/python3.12/site-packages/airflow/example_dags/example_bash_decorator.py
[2024-07-11T00:09:35.493+0000] {processor.py:840} INFO - DAG(s) 'example_bash_decorator' retrieved from /home/airflow/.local/lib/python3.12/site-packages/airflow/example_dags/example_bash_decorator.py
[2024-07-11T00:09:35.541+0000] {logging_mixin.py:188} INFO - [2024-07-11T00:09:35.540+0000] {dag.py:3096} INFO - Sync 1 DAGs
[2024-07-11T00:09:35.566+0000] {logging_mixin.py:188} INFO - [2024-07-11T00:09:35.566+0000] {dag.py:3954} INFO - Setting next_dagrun for example_bash_decorator to None, run_after=None
[2024-07-11T00:09:35.607+0000] {processor.py:183} INFO - Processing /home/airflow/.local/lib/python3.12/site-packages/airflow/example_dags/example_bash_decorator.py took 0.156 seconds
[2024-07-11T00:10:06.010+0000] {processor.py:161} INFO - Started process (PID=5160) to work on /home/airflow/.local/lib/python3.12/site-packages/airflow/example_dags/example_bash_decorator.py
[2024-07-11T00:10:06.012+0000] {processor.py:830} INFO - Processing file /home/airflow/.local/lib/python3.12/site-packages/airflow/example_dags/example_bash_decorator.py for tasks to queue
[2024-07-11T00:10:06.014+0000] {logging_mixin.py:188} INFO - [2024-07-11T00:10:06.013+0000] {dagbag.py:545} INFO - Filling up the DagBag from /home/airflow/.local/lib/python3.12/site-packages/airflow/example_dags/example_bash_decorator.py
[2024-07-11T00:10:06.036+0000] {processor.py:840} INFO - DAG(s) 'example_bash_decorator' retrieved from /home/airflow/.local/lib/python3.12/site-packages/airflow/example_dags/example_bash_decorator.py
[2024-07-11T00:10:06.080+0000] {logging_mixin.py:188} INFO - [2024-07-11T00:10:06.079+0000] {dag.py:3096} INFO - Sync 1 DAGs
[2024-07-11T00:10:06.101+0000] {logging_mixin.py:188} INFO - [2024-07-11T00:10:06.101+0000] {dag.py:3954} INFO - Setting next_dagrun for example_bash_decorator to None, run_after=None
[2024-07-11T00:10:06.135+0000] {processor.py:183} INFO - Processing /home/airflow/.local/lib/python3.12/site-packages/airflow/example_dags/example_bash_decorator.py took 0.135 seconds
[2024-07-11T00:10:36.697+0000] {processor.py:161} INFO - Started process (PID=5219) to work on /home/airflow/.local/lib/python3.12/site-packages/airflow/example_dags/example_bash_decorator.py
[2024-07-11T00:10:36.701+0000] {processor.py:830} INFO - Processing file /home/airflow/.local/lib/python3.12/site-packages/airflow/example_dags/example_bash_decorator.py for tasks to queue
[2024-07-11T00:10:36.705+0000] {logging_mixin.py:188} INFO - [2024-07-11T00:10:36.704+0000] {dagbag.py:545} INFO - Filling up the DagBag from /home/airflow/.local/lib/python3.12/site-packages/airflow/example_dags/example_bash_decorator.py
[2024-07-11T00:10:36.732+0000] {processor.py:840} INFO - DAG(s) 'example_bash_decorator' retrieved from /home/airflow/.local/lib/python3.12/site-packages/airflow/example_dags/example_bash_decorator.py
[2024-07-11T00:10:36.773+0000] {logging_mixin.py:188} INFO - [2024-07-11T00:10:36.772+0000] {dag.py:3096} INFO - Sync 1 DAGs
[2024-07-11T00:10:36.802+0000] {logging_mixin.py:188} INFO - [2024-07-11T00:10:36.801+0000] {dag.py:3954} INFO - Setting next_dagrun for example_bash_decorator to None, run_after=None
[2024-07-11T00:10:36.846+0000] {processor.py:183} INFO - Processing /home/airflow/.local/lib/python3.12/site-packages/airflow/example_dags/example_bash_decorator.py took 0.161 seconds
[2024-07-11T00:11:07.578+0000] {processor.py:161} INFO - Started process (PID=5277) to work on /home/airflow/.local/lib/python3.12/site-packages/airflow/example_dags/example_bash_decorator.py
[2024-07-11T00:11:07.580+0000] {processor.py:830} INFO - Processing file /home/airflow/.local/lib/python3.12/site-packages/airflow/example_dags/example_bash_decorator.py for tasks to queue
[2024-07-11T00:11:07.582+0000] {logging_mixin.py:188} INFO - [2024-07-11T00:11:07.581+0000] {dagbag.py:545} INFO - Filling up the DagBag from /home/airflow/.local/lib/python3.12/site-packages/airflow/example_dags/example_bash_decorator.py
[2024-07-11T00:11:07.605+0000] {processor.py:840} INFO - DAG(s) 'example_bash_decorator' retrieved from /home/airflow/.local/lib/python3.12/site-packages/airflow/example_dags/example_bash_decorator.py
[2024-07-11T00:11:07.649+0000] {logging_mixin.py:188} INFO - [2024-07-11T00:11:07.648+0000] {dag.py:3096} INFO - Sync 1 DAGs
[2024-07-11T00:11:07.670+0000] {logging_mixin.py:188} INFO - [2024-07-11T00:11:07.669+0000] {dag.py:3954} INFO - Setting next_dagrun for example_bash_decorator to None, run_after=None
[2024-07-11T00:11:07.702+0000] {processor.py:183} INFO - Processing /home/airflow/.local/lib/python3.12/site-packages/airflow/example_dags/example_bash_decorator.py took 0.135 seconds
[2024-07-11T00:11:39.413+0000] {processor.py:161} INFO - Started process (PID=5337) to work on /home/airflow/.local/lib/python3.12/site-packages/airflow/example_dags/example_bash_decorator.py
[2024-07-11T00:11:39.415+0000] {processor.py:830} INFO - Processing file /home/airflow/.local/lib/python3.12/site-packages/airflow/example_dags/example_bash_decorator.py for tasks to queue
[2024-07-11T00:11:39.418+0000] {logging_mixin.py:188} INFO - [2024-07-11T00:11:39.417+0000] {dagbag.py:545} INFO - Filling up the DagBag from /home/airflow/.local/lib/python3.12/site-packages/airflow/example_dags/example_bash_decorator.py
[2024-07-11T00:11:39.455+0000] {processor.py:840} INFO - DAG(s) 'example_bash_decorator' retrieved from /home/airflow/.local/lib/python3.12/site-packages/airflow/example_dags/example_bash_decorator.py
[2024-07-11T00:11:39.524+0000] {logging_mixin.py:188} INFO - [2024-07-11T00:11:39.523+0000] {dag.py:3096} INFO - Sync 1 DAGs
[2024-07-11T00:11:39.560+0000] {logging_mixin.py:188} INFO - [2024-07-11T00:11:39.560+0000] {dag.py:3954} INFO - Setting next_dagrun for example_bash_decorator to None, run_after=None
[2024-07-11T00:11:39.607+0000] {processor.py:183} INFO - Processing /home/airflow/.local/lib/python3.12/site-packages/airflow/example_dags/example_bash_decorator.py took 0.207 seconds
[2024-07-11T00:12:10.590+0000] {processor.py:161} INFO - Started process (PID=5397) to work on /home/airflow/.local/lib/python3.12/site-packages/airflow/example_dags/example_bash_decorator.py
[2024-07-11T00:12:10.593+0000] {processor.py:830} INFO - Processing file /home/airflow/.local/lib/python3.12/site-packages/airflow/example_dags/example_bash_decorator.py for tasks to queue
[2024-07-11T00:12:10.596+0000] {logging_mixin.py:188} INFO - [2024-07-11T00:12:10.595+0000] {dagbag.py:545} INFO - Filling up the DagBag from /home/airflow/.local/lib/python3.12/site-packages/airflow/example_dags/example_bash_decorator.py
[2024-07-11T00:12:10.620+0000] {processor.py:840} INFO - DAG(s) 'example_bash_decorator' retrieved from /home/airflow/.local/lib/python3.12/site-packages/airflow/example_dags/example_bash_decorator.py
[2024-07-11T00:12:10.661+0000] {logging_mixin.py:188} INFO - [2024-07-11T00:12:10.660+0000] {dag.py:3096} INFO - Sync 1 DAGs
[2024-07-11T00:12:10.684+0000] {logging_mixin.py:188} INFO - [2024-07-11T00:12:10.683+0000] {dag.py:3954} INFO - Setting next_dagrun for example_bash_decorator to None, run_after=None
[2024-07-11T00:12:10.721+0000] {processor.py:183} INFO - Processing /home/airflow/.local/lib/python3.12/site-packages/airflow/example_dags/example_bash_decorator.py took 0.144 seconds
[2024-07-11T00:12:41.828+0000] {processor.py:161} INFO - Started process (PID=5456) to work on /home/airflow/.local/lib/python3.12/site-packages/airflow/example_dags/example_bash_decorator.py
[2024-07-11T00:12:41.831+0000] {processor.py:830} INFO - Processing file /home/airflow/.local/lib/python3.12/site-packages/airflow/example_dags/example_bash_decorator.py for tasks to queue
[2024-07-11T00:12:41.836+0000] {logging_mixin.py:188} INFO - [2024-07-11T00:12:41.834+0000] {dagbag.py:545} INFO - Filling up the DagBag from /home/airflow/.local/lib/python3.12/site-packages/airflow/example_dags/example_bash_decorator.py
[2024-07-11T00:12:41.903+0000] {processor.py:840} INFO - DAG(s) 'example_bash_decorator' retrieved from /home/airflow/.local/lib/python3.12/site-packages/airflow/example_dags/example_bash_decorator.py
[2024-07-11T00:12:41.999+0000] {logging_mixin.py:188} INFO - [2024-07-11T00:12:41.998+0000] {dag.py:3096} INFO - Sync 1 DAGs
[2024-07-11T00:12:42.038+0000] {logging_mixin.py:188} INFO - [2024-07-11T00:12:42.038+0000] {dag.py:3954} INFO - Setting next_dagrun for example_bash_decorator to None, run_after=None
[2024-07-11T00:12:42.109+0000] {processor.py:183} INFO - Processing /home/airflow/.local/lib/python3.12/site-packages/airflow/example_dags/example_bash_decorator.py took 0.295 seconds
[2024-07-11T00:13:12.697+0000] {processor.py:161} INFO - Started process (PID=5517) to work on /home/airflow/.local/lib/python3.12/site-packages/airflow/example_dags/example_bash_decorator.py
[2024-07-11T00:13:12.701+0000] {processor.py:830} INFO - Processing file /home/airflow/.local/lib/python3.12/site-packages/airflow/example_dags/example_bash_decorator.py for tasks to queue
[2024-07-11T00:13:12.704+0000] {logging_mixin.py:188} INFO - [2024-07-11T00:13:12.703+0000] {dagbag.py:545} INFO - Filling up the DagBag from /home/airflow/.local/lib/python3.12/site-packages/airflow/example_dags/example_bash_decorator.py
[2024-07-11T00:13:12.730+0000] {processor.py:840} INFO - DAG(s) 'example_bash_decorator' retrieved from /home/airflow/.local/lib/python3.12/site-packages/airflow/example_dags/example_bash_decorator.py
[2024-07-11T00:13:12.816+0000] {logging_mixin.py:188} INFO - [2024-07-11T00:13:12.815+0000] {dag.py:3096} INFO - Sync 1 DAGs
[2024-07-11T00:13:12.848+0000] {logging_mixin.py:188} INFO - [2024-07-11T00:13:12.848+0000] {dag.py:3954} INFO - Setting next_dagrun for example_bash_decorator to None, run_after=None
[2024-07-11T00:13:12.887+0000] {processor.py:183} INFO - Processing /home/airflow/.local/lib/python3.12/site-packages/airflow/example_dags/example_bash_decorator.py took 0.206 seconds
[2024-07-11T00:13:43.190+0000] {processor.py:161} INFO - Started process (PID=5575) to work on /home/airflow/.local/lib/python3.12/site-packages/airflow/example_dags/example_bash_decorator.py
[2024-07-11T00:13:43.193+0000] {processor.py:830} INFO - Processing file /home/airflow/.local/lib/python3.12/site-packages/airflow/example_dags/example_bash_decorator.py for tasks to queue
[2024-07-11T00:13:43.197+0000] {logging_mixin.py:188} INFO - [2024-07-11T00:13:43.196+0000] {dagbag.py:545} INFO - Filling up the DagBag from /home/airflow/.local/lib/python3.12/site-packages/airflow/example_dags/example_bash_decorator.py
[2024-07-11T00:13:43.224+0000] {processor.py:840} INFO - DAG(s) 'example_bash_decorator' retrieved from /home/airflow/.local/lib/python3.12/site-packages/airflow/example_dags/example_bash_decorator.py
[2024-07-11T00:13:43.263+0000] {logging_mixin.py:188} INFO - [2024-07-11T00:13:43.263+0000] {dag.py:3096} INFO - Sync 1 DAGs
[2024-07-11T00:13:43.286+0000] {logging_mixin.py:188} INFO - [2024-07-11T00:13:43.285+0000] {dag.py:3954} INFO - Setting next_dagrun for example_bash_decorator to None, run_after=None
[2024-07-11T00:13:43.321+0000] {processor.py:183} INFO - Processing /home/airflow/.local/lib/python3.12/site-packages/airflow/example_dags/example_bash_decorator.py took 0.147 seconds
[2024-07-11T00:14:13.857+0000] {processor.py:161} INFO - Started process (PID=5635) to work on /home/airflow/.local/lib/python3.12/site-packages/airflow/example_dags/example_bash_decorator.py
[2024-07-11T00:14:13.859+0000] {processor.py:830} INFO - Processing file /home/airflow/.local/lib/python3.12/site-packages/airflow/example_dags/example_bash_decorator.py for tasks to queue
[2024-07-11T00:14:13.861+0000] {logging_mixin.py:188} INFO - [2024-07-11T00:14:13.861+0000] {dagbag.py:545} INFO - Filling up the DagBag from /home/airflow/.local/lib/python3.12/site-packages/airflow/example_dags/example_bash_decorator.py
[2024-07-11T00:14:13.887+0000] {processor.py:840} INFO - DAG(s) 'example_bash_decorator' retrieved from /home/airflow/.local/lib/python3.12/site-packages/airflow/example_dags/example_bash_decorator.py
[2024-07-11T00:14:13.931+0000] {logging_mixin.py:188} INFO - [2024-07-11T00:14:13.930+0000] {dag.py:3096} INFO - Sync 1 DAGs
[2024-07-11T00:14:13.955+0000] {logging_mixin.py:188} INFO - [2024-07-11T00:14:13.955+0000] {dag.py:3954} INFO - Setting next_dagrun for example_bash_decorator to None, run_after=None
[2024-07-11T00:14:14.013+0000] {processor.py:183} INFO - Processing /home/airflow/.local/lib/python3.12/site-packages/airflow/example_dags/example_bash_decorator.py took 0.168 seconds
[2024-07-11T00:14:44.526+0000] {processor.py:161} INFO - Started process (PID=5695) to work on /home/airflow/.local/lib/python3.12/site-packages/airflow/example_dags/example_bash_decorator.py
[2024-07-11T00:14:44.529+0000] {processor.py:830} INFO - Processing file /home/airflow/.local/lib/python3.12/site-packages/airflow/example_dags/example_bash_decorator.py for tasks to queue
[2024-07-11T00:14:44.531+0000] {logging_mixin.py:188} INFO - [2024-07-11T00:14:44.530+0000] {dagbag.py:545} INFO - Filling up the DagBag from /home/airflow/.local/lib/python3.12/site-packages/airflow/example_dags/example_bash_decorator.py
[2024-07-11T00:14:44.561+0000] {processor.py:840} INFO - DAG(s) 'example_bash_decorator' retrieved from /home/airflow/.local/lib/python3.12/site-packages/airflow/example_dags/example_bash_decorator.py
[2024-07-11T00:14:44.612+0000] {logging_mixin.py:188} INFO - [2024-07-11T00:14:44.612+0000] {dag.py:3096} INFO - Sync 1 DAGs
[2024-07-11T00:14:44.640+0000] {logging_mixin.py:188} INFO - [2024-07-11T00:14:44.640+0000] {dag.py:3954} INFO - Setting next_dagrun for example_bash_decorator to None, run_after=None
[2024-07-11T00:14:44.685+0000] {processor.py:183} INFO - Processing /home/airflow/.local/lib/python3.12/site-packages/airflow/example_dags/example_bash_decorator.py took 0.171 seconds
[2024-07-11T00:15:15.435+0000] {processor.py:161} INFO - Started process (PID=5755) to work on /home/airflow/.local/lib/python3.12/site-packages/airflow/example_dags/example_bash_decorator.py
[2024-07-11T00:15:15.438+0000] {processor.py:830} INFO - Processing file /home/airflow/.local/lib/python3.12/site-packages/airflow/example_dags/example_bash_decorator.py for tasks to queue
[2024-07-11T00:15:15.444+0000] {logging_mixin.py:188} INFO - [2024-07-11T00:15:15.443+0000] {dagbag.py:545} INFO - Filling up the DagBag from /home/airflow/.local/lib/python3.12/site-packages/airflow/example_dags/example_bash_decorator.py
[2024-07-11T00:15:15.606+0000] {processor.py:840} INFO - DAG(s) 'example_bash_decorator' retrieved from /home/airflow/.local/lib/python3.12/site-packages/airflow/example_dags/example_bash_decorator.py
[2024-07-11T00:15:16.151+0000] {logging_mixin.py:188} INFO - [2024-07-11T00:15:16.151+0000] {dag.py:3096} INFO - Sync 1 DAGs
[2024-07-11T00:15:16.355+0000] {logging_mixin.py:188} INFO - [2024-07-11T00:15:16.354+0000] {dag.py:3954} INFO - Setting next_dagrun for example_bash_decorator to None, run_after=None
[2024-07-11T00:15:16.579+0000] {processor.py:183} INFO - Processing /home/airflow/.local/lib/python3.12/site-packages/airflow/example_dags/example_bash_decorator.py took 1.172 seconds
[2024-07-11T00:15:47.022+0000] {processor.py:161} INFO - Started process (PID=5813) to work on /home/airflow/.local/lib/python3.12/site-packages/airflow/example_dags/example_bash_decorator.py
[2024-07-11T00:15:47.024+0000] {processor.py:830} INFO - Processing file /home/airflow/.local/lib/python3.12/site-packages/airflow/example_dags/example_bash_decorator.py for tasks to queue
[2024-07-11T00:15:47.035+0000] {logging_mixin.py:188} INFO - [2024-07-11T00:15:47.034+0000] {dagbag.py:545} INFO - Filling up the DagBag from /home/airflow/.local/lib/python3.12/site-packages/airflow/example_dags/example_bash_decorator.py
[2024-07-11T00:15:47.086+0000] {processor.py:840} INFO - DAG(s) 'example_bash_decorator' retrieved from /home/airflow/.local/lib/python3.12/site-packages/airflow/example_dags/example_bash_decorator.py
[2024-07-11T00:15:47.149+0000] {logging_mixin.py:188} INFO - [2024-07-11T00:15:47.149+0000] {dag.py:3096} INFO - Sync 1 DAGs
[2024-07-11T00:15:47.179+0000] {logging_mixin.py:188} INFO - [2024-07-11T00:15:47.178+0000] {dag.py:3954} INFO - Setting next_dagrun for example_bash_decorator to None, run_after=None
[2024-07-11T00:15:47.225+0000] {processor.py:183} INFO - Processing /home/airflow/.local/lib/python3.12/site-packages/airflow/example_dags/example_bash_decorator.py took 0.230 seconds
[2024-07-11T00:16:18.065+0000] {processor.py:161} INFO - Started process (PID=5873) to work on /home/airflow/.local/lib/python3.12/site-packages/airflow/example_dags/example_bash_decorator.py
[2024-07-11T00:16:18.067+0000] {processor.py:830} INFO - Processing file /home/airflow/.local/lib/python3.12/site-packages/airflow/example_dags/example_bash_decorator.py for tasks to queue
[2024-07-11T00:16:18.070+0000] {logging_mixin.py:188} INFO - [2024-07-11T00:16:18.069+0000] {dagbag.py:545} INFO - Filling up the DagBag from /home/airflow/.local/lib/python3.12/site-packages/airflow/example_dags/example_bash_decorator.py
[2024-07-11T00:16:18.107+0000] {processor.py:840} INFO - DAG(s) 'example_bash_decorator' retrieved from /home/airflow/.local/lib/python3.12/site-packages/airflow/example_dags/example_bash_decorator.py
[2024-07-11T00:16:18.302+0000] {logging_mixin.py:188} INFO - [2024-07-11T00:16:18.302+0000] {dag.py:3096} INFO - Sync 1 DAGs
[2024-07-11T00:16:18.341+0000] {logging_mixin.py:188} INFO - [2024-07-11T00:16:18.341+0000] {dag.py:3954} INFO - Setting next_dagrun for example_bash_decorator to None, run_after=None
[2024-07-11T00:16:18.399+0000] {processor.py:183} INFO - Processing /home/airflow/.local/lib/python3.12/site-packages/airflow/example_dags/example_bash_decorator.py took 0.359 seconds
[2024-07-11T00:16:49.047+0000] {processor.py:161} INFO - Started process (PID=5938) to work on /home/airflow/.local/lib/python3.12/site-packages/airflow/example_dags/example_bash_decorator.py
[2024-07-11T00:16:49.049+0000] {processor.py:830} INFO - Processing file /home/airflow/.local/lib/python3.12/site-packages/airflow/example_dags/example_bash_decorator.py for tasks to queue
[2024-07-11T00:16:49.056+0000] {logging_mixin.py:188} INFO - [2024-07-11T00:16:49.055+0000] {dagbag.py:545} INFO - Filling up the DagBag from /home/airflow/.local/lib/python3.12/site-packages/airflow/example_dags/example_bash_decorator.py
[2024-07-11T00:16:49.112+0000] {processor.py:840} INFO - DAG(s) 'example_bash_decorator' retrieved from /home/airflow/.local/lib/python3.12/site-packages/airflow/example_dags/example_bash_decorator.py
[2024-07-11T00:16:49.291+0000] {logging_mixin.py:188} INFO - [2024-07-11T00:16:49.290+0000] {dag.py:3096} INFO - Sync 1 DAGs
[2024-07-11T00:16:49.360+0000] {logging_mixin.py:188} INFO - [2024-07-11T00:16:49.359+0000] {dag.py:3954} INFO - Setting next_dagrun for example_bash_decorator to None, run_after=None
[2024-07-11T00:16:49.427+0000] {processor.py:183} INFO - Processing /home/airflow/.local/lib/python3.12/site-packages/airflow/example_dags/example_bash_decorator.py took 0.397 seconds
[2024-07-11T00:17:20.393+0000] {processor.py:161} INFO - Started process (PID=5998) to work on /home/airflow/.local/lib/python3.12/site-packages/airflow/example_dags/example_bash_decorator.py
[2024-07-11T00:17:20.400+0000] {processor.py:830} INFO - Processing file /home/airflow/.local/lib/python3.12/site-packages/airflow/example_dags/example_bash_decorator.py for tasks to queue
[2024-07-11T00:17:20.403+0000] {logging_mixin.py:188} INFO - [2024-07-11T00:17:20.402+0000] {dagbag.py:545} INFO - Filling up the DagBag from /home/airflow/.local/lib/python3.12/site-packages/airflow/example_dags/example_bash_decorator.py
[2024-07-11T00:17:20.430+0000] {processor.py:840} INFO - DAG(s) 'example_bash_decorator' retrieved from /home/airflow/.local/lib/python3.12/site-packages/airflow/example_dags/example_bash_decorator.py
[2024-07-11T00:17:20.511+0000] {logging_mixin.py:188} INFO - [2024-07-11T00:17:20.510+0000] {dag.py:3096} INFO - Sync 1 DAGs
[2024-07-11T00:17:20.531+0000] {logging_mixin.py:188} INFO - [2024-07-11T00:17:20.530+0000] {dag.py:3954} INFO - Setting next_dagrun for example_bash_decorator to None, run_after=None
[2024-07-11T00:17:20.573+0000] {processor.py:183} INFO - Processing /home/airflow/.local/lib/python3.12/site-packages/airflow/example_dags/example_bash_decorator.py took 0.215 seconds
[2024-07-11T00:17:51.132+0000] {processor.py:161} INFO - Started process (PID=6058) to work on /home/airflow/.local/lib/python3.12/site-packages/airflow/example_dags/example_bash_decorator.py
[2024-07-11T00:17:51.139+0000] {processor.py:830} INFO - Processing file /home/airflow/.local/lib/python3.12/site-packages/airflow/example_dags/example_bash_decorator.py for tasks to queue
[2024-07-11T00:17:51.144+0000] {logging_mixin.py:188} INFO - [2024-07-11T00:17:51.142+0000] {dagbag.py:545} INFO - Filling up the DagBag from /home/airflow/.local/lib/python3.12/site-packages/airflow/example_dags/example_bash_decorator.py
[2024-07-11T00:17:51.190+0000] {processor.py:840} INFO - DAG(s) 'example_bash_decorator' retrieved from /home/airflow/.local/lib/python3.12/site-packages/airflow/example_dags/example_bash_decorator.py
[2024-07-11T00:17:51.339+0000] {logging_mixin.py:188} INFO - [2024-07-11T00:17:51.338+0000] {dag.py:3096} INFO - Sync 1 DAGs
[2024-07-11T00:17:51.392+0000] {logging_mixin.py:188} INFO - [2024-07-11T00:17:51.392+0000] {dag.py:3954} INFO - Setting next_dagrun for example_bash_decorator to None, run_after=None
[2024-07-11T00:17:51.469+0000] {processor.py:183} INFO - Processing /home/airflow/.local/lib/python3.12/site-packages/airflow/example_dags/example_bash_decorator.py took 0.367 seconds
[2024-07-11T00:18:21.681+0000] {processor.py:161} INFO - Started process (PID=6117) to work on /home/airflow/.local/lib/python3.12/site-packages/airflow/example_dags/example_bash_decorator.py
[2024-07-11T00:18:21.682+0000] {processor.py:830} INFO - Processing file /home/airflow/.local/lib/python3.12/site-packages/airflow/example_dags/example_bash_decorator.py for tasks to queue
[2024-07-11T00:18:21.685+0000] {logging_mixin.py:188} INFO - [2024-07-11T00:18:21.684+0000] {dagbag.py:545} INFO - Filling up the DagBag from /home/airflow/.local/lib/python3.12/site-packages/airflow/example_dags/example_bash_decorator.py
[2024-07-11T00:18:21.720+0000] {processor.py:840} INFO - DAG(s) 'example_bash_decorator' retrieved from /home/airflow/.local/lib/python3.12/site-packages/airflow/example_dags/example_bash_decorator.py
[2024-07-11T00:18:21.786+0000] {logging_mixin.py:188} INFO - [2024-07-11T00:18:21.785+0000] {dag.py:3096} INFO - Sync 1 DAGs
[2024-07-11T00:18:21.824+0000] {logging_mixin.py:188} INFO - [2024-07-11T00:18:21.824+0000] {dag.py:3954} INFO - Setting next_dagrun for example_bash_decorator to None, run_after=None
[2024-07-11T00:18:21.872+0000] {processor.py:183} INFO - Processing /home/airflow/.local/lib/python3.12/site-packages/airflow/example_dags/example_bash_decorator.py took 0.202 seconds
[2024-07-11T00:18:52.211+0000] {processor.py:161} INFO - Started process (PID=6177) to work on /home/airflow/.local/lib/python3.12/site-packages/airflow/example_dags/example_bash_decorator.py
[2024-07-11T00:18:52.215+0000] {processor.py:830} INFO - Processing file /home/airflow/.local/lib/python3.12/site-packages/airflow/example_dags/example_bash_decorator.py for tasks to queue
[2024-07-11T00:18:52.218+0000] {logging_mixin.py:188} INFO - [2024-07-11T00:18:52.217+0000] {dagbag.py:545} INFO - Filling up the DagBag from /home/airflow/.local/lib/python3.12/site-packages/airflow/example_dags/example_bash_decorator.py
[2024-07-11T00:18:52.250+0000] {processor.py:840} INFO - DAG(s) 'example_bash_decorator' retrieved from /home/airflow/.local/lib/python3.12/site-packages/airflow/example_dags/example_bash_decorator.py
[2024-07-11T00:18:52.311+0000] {logging_mixin.py:188} INFO - [2024-07-11T00:18:52.310+0000] {dag.py:3096} INFO - Sync 1 DAGs
[2024-07-11T00:18:52.348+0000] {logging_mixin.py:188} INFO - [2024-07-11T00:18:52.347+0000] {dag.py:3954} INFO - Setting next_dagrun for example_bash_decorator to None, run_after=None
[2024-07-11T00:18:52.391+0000] {processor.py:183} INFO - Processing /home/airflow/.local/lib/python3.12/site-packages/airflow/example_dags/example_bash_decorator.py took 0.194 seconds
[2024-07-11T00:19:23.059+0000] {processor.py:161} INFO - Started process (PID=6237) to work on /home/airflow/.local/lib/python3.12/site-packages/airflow/example_dags/example_bash_decorator.py
[2024-07-11T00:19:23.068+0000] {processor.py:830} INFO - Processing file /home/airflow/.local/lib/python3.12/site-packages/airflow/example_dags/example_bash_decorator.py for tasks to queue
[2024-07-11T00:19:23.082+0000] {logging_mixin.py:188} INFO - [2024-07-11T00:19:23.081+0000] {dagbag.py:545} INFO - Filling up the DagBag from /home/airflow/.local/lib/python3.12/site-packages/airflow/example_dags/example_bash_decorator.py
[2024-07-11T00:19:23.182+0000] {processor.py:840} INFO - DAG(s) 'example_bash_decorator' retrieved from /home/airflow/.local/lib/python3.12/site-packages/airflow/example_dags/example_bash_decorator.py
[2024-07-11T00:19:23.327+0000] {logging_mixin.py:188} INFO - [2024-07-11T00:19:23.325+0000] {dag.py:3096} INFO - Sync 1 DAGs
[2024-07-11T00:19:23.397+0000] {logging_mixin.py:188} INFO - [2024-07-11T00:19:23.397+0000] {dag.py:3954} INFO - Setting next_dagrun for example_bash_decorator to None, run_after=None
[2024-07-11T00:19:23.470+0000] {processor.py:183} INFO - Processing /home/airflow/.local/lib/python3.12/site-packages/airflow/example_dags/example_bash_decorator.py took 0.440 seconds
[2024-07-11T00:19:53.763+0000] {processor.py:161} INFO - Started process (PID=6297) to work on /home/airflow/.local/lib/python3.12/site-packages/airflow/example_dags/example_bash_decorator.py
[2024-07-11T00:19:53.765+0000] {processor.py:830} INFO - Processing file /home/airflow/.local/lib/python3.12/site-packages/airflow/example_dags/example_bash_decorator.py for tasks to queue
[2024-07-11T00:19:53.771+0000] {logging_mixin.py:188} INFO - [2024-07-11T00:19:53.769+0000] {dagbag.py:545} INFO - Filling up the DagBag from /home/airflow/.local/lib/python3.12/site-packages/airflow/example_dags/example_bash_decorator.py
[2024-07-11T00:19:53.819+0000] {processor.py:840} INFO - DAG(s) 'example_bash_decorator' retrieved from /home/airflow/.local/lib/python3.12/site-packages/airflow/example_dags/example_bash_decorator.py
[2024-07-11T00:19:53.928+0000] {logging_mixin.py:188} INFO - [2024-07-11T00:19:53.927+0000] {dag.py:3096} INFO - Sync 1 DAGs
[2024-07-11T00:19:53.978+0000] {logging_mixin.py:188} INFO - [2024-07-11T00:19:53.978+0000] {dag.py:3954} INFO - Setting next_dagrun for example_bash_decorator to None, run_after=None
[2024-07-11T00:19:54.512+0000] {processor.py:183} INFO - Processing /home/airflow/.local/lib/python3.12/site-packages/airflow/example_dags/example_bash_decorator.py took 0.800 seconds
[2024-07-11T00:20:24.816+0000] {processor.py:161} INFO - Started process (PID=6357) to work on /home/airflow/.local/lib/python3.12/site-packages/airflow/example_dags/example_bash_decorator.py
[2024-07-11T00:20:24.819+0000] {processor.py:830} INFO - Processing file /home/airflow/.local/lib/python3.12/site-packages/airflow/example_dags/example_bash_decorator.py for tasks to queue
[2024-07-11T00:20:24.821+0000] {logging_mixin.py:188} INFO - [2024-07-11T00:20:24.821+0000] {dagbag.py:545} INFO - Filling up the DagBag from /home/airflow/.local/lib/python3.12/site-packages/airflow/example_dags/example_bash_decorator.py
[2024-07-11T00:20:24.848+0000] {processor.py:840} INFO - DAG(s) 'example_bash_decorator' retrieved from /home/airflow/.local/lib/python3.12/site-packages/airflow/example_dags/example_bash_decorator.py
[2024-07-11T00:20:24.920+0000] {logging_mixin.py:188} INFO - [2024-07-11T00:20:24.920+0000] {dag.py:3096} INFO - Sync 1 DAGs
[2024-07-11T00:20:24.960+0000] {logging_mixin.py:188} INFO - [2024-07-11T00:20:24.959+0000] {dag.py:3954} INFO - Setting next_dagrun for example_bash_decorator to None, run_after=None
[2024-07-11T00:20:25.014+0000] {processor.py:183} INFO - Processing /home/airflow/.local/lib/python3.12/site-packages/airflow/example_dags/example_bash_decorator.py took 0.206 seconds
[2024-07-11T00:20:57.112+0000] {processor.py:161} INFO - Started process (PID=6417) to work on /home/airflow/.local/lib/python3.12/site-packages/airflow/example_dags/example_bash_decorator.py
[2024-07-11T00:20:57.118+0000] {processor.py:830} INFO - Processing file /home/airflow/.local/lib/python3.12/site-packages/airflow/example_dags/example_bash_decorator.py for tasks to queue
[2024-07-11T00:20:57.127+0000] {logging_mixin.py:188} INFO - [2024-07-11T00:20:57.125+0000] {dagbag.py:545} INFO - Filling up the DagBag from /home/airflow/.local/lib/python3.12/site-packages/airflow/example_dags/example_bash_decorator.py
[2024-07-11T00:20:57.206+0000] {processor.py:840} INFO - DAG(s) 'example_bash_decorator' retrieved from /home/airflow/.local/lib/python3.12/site-packages/airflow/example_dags/example_bash_decorator.py
[2024-07-11T00:20:57.398+0000] {logging_mixin.py:188} INFO - [2024-07-11T00:20:57.397+0000] {dag.py:3096} INFO - Sync 1 DAGs
[2024-07-11T00:20:57.499+0000] {logging_mixin.py:188} INFO - [2024-07-11T00:20:57.499+0000] {dag.py:3954} INFO - Setting next_dagrun for example_bash_decorator to None, run_after=None
[2024-07-11T00:20:57.547+0000] {processor.py:183} INFO - Processing /home/airflow/.local/lib/python3.12/site-packages/airflow/example_dags/example_bash_decorator.py took 0.469 seconds
[2024-07-11T00:21:27.814+0000] {processor.py:161} INFO - Started process (PID=6477) to work on /home/airflow/.local/lib/python3.12/site-packages/airflow/example_dags/example_bash_decorator.py
[2024-07-11T00:21:27.820+0000] {processor.py:830} INFO - Processing file /home/airflow/.local/lib/python3.12/site-packages/airflow/example_dags/example_bash_decorator.py for tasks to queue
[2024-07-11T00:21:27.823+0000] {logging_mixin.py:188} INFO - [2024-07-11T00:21:27.822+0000] {dagbag.py:545} INFO - Filling up the DagBag from /home/airflow/.local/lib/python3.12/site-packages/airflow/example_dags/example_bash_decorator.py
[2024-07-11T00:21:27.879+0000] {processor.py:840} INFO - DAG(s) 'example_bash_decorator' retrieved from /home/airflow/.local/lib/python3.12/site-packages/airflow/example_dags/example_bash_decorator.py
[2024-07-11T00:21:27.948+0000] {logging_mixin.py:188} INFO - [2024-07-11T00:21:27.946+0000] {dag.py:3096} INFO - Sync 1 DAGs
[2024-07-11T00:21:27.979+0000] {logging_mixin.py:188} INFO - [2024-07-11T00:21:27.978+0000] {dag.py:3954} INFO - Setting next_dagrun for example_bash_decorator to None, run_after=None
[2024-07-11T00:21:28.017+0000] {processor.py:183} INFO - Processing /home/airflow/.local/lib/python3.12/site-packages/airflow/example_dags/example_bash_decorator.py took 0.230 seconds
[2024-07-11T00:21:58.387+0000] {processor.py:161} INFO - Started process (PID=6536) to work on /home/airflow/.local/lib/python3.12/site-packages/airflow/example_dags/example_bash_decorator.py
[2024-07-11T00:21:58.390+0000] {processor.py:830} INFO - Processing file /home/airflow/.local/lib/python3.12/site-packages/airflow/example_dags/example_bash_decorator.py for tasks to queue
[2024-07-11T00:21:58.416+0000] {logging_mixin.py:188} INFO - [2024-07-11T00:21:58.413+0000] {dagbag.py:545} INFO - Filling up the DagBag from /home/airflow/.local/lib/python3.12/site-packages/airflow/example_dags/example_bash_decorator.py
[2024-07-11T00:21:58.645+0000] {processor.py:840} INFO - DAG(s) 'example_bash_decorator' retrieved from /home/airflow/.local/lib/python3.12/site-packages/airflow/example_dags/example_bash_decorator.py
[2024-07-11T00:21:58.788+0000] {logging_mixin.py:188} INFO - [2024-07-11T00:21:58.787+0000] {dag.py:3096} INFO - Sync 1 DAGs
[2024-07-11T00:21:58.831+0000] {logging_mixin.py:188} INFO - [2024-07-11T00:21:58.830+0000] {dag.py:3954} INFO - Setting next_dagrun for example_bash_decorator to None, run_after=None
[2024-07-11T00:21:58.902+0000] {processor.py:183} INFO - Processing /home/airflow/.local/lib/python3.12/site-packages/airflow/example_dags/example_bash_decorator.py took 0.557 seconds
[2024-07-11T00:22:29.794+0000] {processor.py:161} INFO - Started process (PID=6596) to work on /home/airflow/.local/lib/python3.12/site-packages/airflow/example_dags/example_bash_decorator.py
[2024-07-11T00:22:29.807+0000] {processor.py:830} INFO - Processing file /home/airflow/.local/lib/python3.12/site-packages/airflow/example_dags/example_bash_decorator.py for tasks to queue
[2024-07-11T00:22:29.811+0000] {logging_mixin.py:188} INFO - [2024-07-11T00:22:29.809+0000] {dagbag.py:545} INFO - Filling up the DagBag from /home/airflow/.local/lib/python3.12/site-packages/airflow/example_dags/example_bash_decorator.py
[2024-07-11T00:22:29.877+0000] {processor.py:840} INFO - DAG(s) 'example_bash_decorator' retrieved from /home/airflow/.local/lib/python3.12/site-packages/airflow/example_dags/example_bash_decorator.py
[2024-07-11T00:22:29.952+0000] {logging_mixin.py:188} INFO - [2024-07-11T00:22:29.952+0000] {dag.py:3096} INFO - Sync 1 DAGs
[2024-07-11T00:22:29.982+0000] {logging_mixin.py:188} INFO - [2024-07-11T00:22:29.981+0000] {dag.py:3954} INFO - Setting next_dagrun for example_bash_decorator to None, run_after=None
[2024-07-11T00:22:30.034+0000] {processor.py:183} INFO - Processing /home/airflow/.local/lib/python3.12/site-packages/airflow/example_dags/example_bash_decorator.py took 0.259 seconds
[2024-07-11T00:23:00.984+0000] {processor.py:161} INFO - Started process (PID=6656) to work on /home/airflow/.local/lib/python3.12/site-packages/airflow/example_dags/example_bash_decorator.py
[2024-07-11T00:23:00.988+0000] {processor.py:830} INFO - Processing file /home/airflow/.local/lib/python3.12/site-packages/airflow/example_dags/example_bash_decorator.py for tasks to queue
[2024-07-11T00:23:00.990+0000] {logging_mixin.py:188} INFO - [2024-07-11T00:23:00.990+0000] {dagbag.py:545} INFO - Filling up the DagBag from /home/airflow/.local/lib/python3.12/site-packages/airflow/example_dags/example_bash_decorator.py
[2024-07-11T00:23:01.042+0000] {processor.py:840} INFO - DAG(s) 'example_bash_decorator' retrieved from /home/airflow/.local/lib/python3.12/site-packages/airflow/example_dags/example_bash_decorator.py
[2024-07-11T00:23:01.113+0000] {logging_mixin.py:188} INFO - [2024-07-11T00:23:01.113+0000] {dag.py:3096} INFO - Sync 1 DAGs
[2024-07-11T00:23:01.134+0000] {logging_mixin.py:188} INFO - [2024-07-11T00:23:01.134+0000] {dag.py:3954} INFO - Setting next_dagrun for example_bash_decorator to None, run_after=None
[2024-07-11T00:23:01.170+0000] {processor.py:183} INFO - Processing /home/airflow/.local/lib/python3.12/site-packages/airflow/example_dags/example_bash_decorator.py took 0.210 seconds
[2024-07-11T00:23:32.526+0000] {processor.py:161} INFO - Started process (PID=6715) to work on /home/airflow/.local/lib/python3.12/site-packages/airflow/example_dags/example_bash_decorator.py
[2024-07-11T00:23:32.528+0000] {processor.py:830} INFO - Processing file /home/airflow/.local/lib/python3.12/site-packages/airflow/example_dags/example_bash_decorator.py for tasks to queue
[2024-07-11T00:23:32.530+0000] {logging_mixin.py:188} INFO - [2024-07-11T00:23:32.530+0000] {dagbag.py:545} INFO - Filling up the DagBag from /home/airflow/.local/lib/python3.12/site-packages/airflow/example_dags/example_bash_decorator.py
[2024-07-11T00:23:32.565+0000] {processor.py:840} INFO - DAG(s) 'example_bash_decorator' retrieved from /home/airflow/.local/lib/python3.12/site-packages/airflow/example_dags/example_bash_decorator.py
[2024-07-11T00:23:32.676+0000] {logging_mixin.py:188} INFO - [2024-07-11T00:23:32.675+0000] {dag.py:3096} INFO - Sync 1 DAGs
[2024-07-11T00:23:32.767+0000] {logging_mixin.py:188} INFO - [2024-07-11T00:23:32.767+0000] {dag.py:3954} INFO - Setting next_dagrun for example_bash_decorator to None, run_after=None
[2024-07-11T00:23:32.921+0000] {processor.py:183} INFO - Processing /home/airflow/.local/lib/python3.12/site-packages/airflow/example_dags/example_bash_decorator.py took 0.410 seconds
[2024-07-11T00:24:03.828+0000] {processor.py:161} INFO - Started process (PID=6774) to work on /home/airflow/.local/lib/python3.12/site-packages/airflow/example_dags/example_bash_decorator.py
[2024-07-11T00:24:03.830+0000] {processor.py:830} INFO - Processing file /home/airflow/.local/lib/python3.12/site-packages/airflow/example_dags/example_bash_decorator.py for tasks to queue
[2024-07-11T00:24:03.831+0000] {logging_mixin.py:188} INFO - [2024-07-11T00:24:03.831+0000] {dagbag.py:545} INFO - Filling up the DagBag from /home/airflow/.local/lib/python3.12/site-packages/airflow/example_dags/example_bash_decorator.py
[2024-07-11T00:24:03.881+0000] {processor.py:840} INFO - DAG(s) 'example_bash_decorator' retrieved from /home/airflow/.local/lib/python3.12/site-packages/airflow/example_dags/example_bash_decorator.py
[2024-07-11T00:24:03.958+0000] {logging_mixin.py:188} INFO - [2024-07-11T00:24:03.957+0000] {dag.py:3096} INFO - Sync 1 DAGs
[2024-07-11T00:24:03.987+0000] {logging_mixin.py:188} INFO - [2024-07-11T00:24:03.987+0000] {dag.py:3954} INFO - Setting next_dagrun for example_bash_decorator to None, run_after=None
[2024-07-11T00:24:04.029+0000] {processor.py:183} INFO - Processing /home/airflow/.local/lib/python3.12/site-packages/airflow/example_dags/example_bash_decorator.py took 0.215 seconds
[2024-07-11T00:24:34.178+0000] {processor.py:161} INFO - Started process (PID=6831) to work on /home/airflow/.local/lib/python3.12/site-packages/airflow/example_dags/example_bash_decorator.py
[2024-07-11T00:24:34.179+0000] {processor.py:830} INFO - Processing file /home/airflow/.local/lib/python3.12/site-packages/airflow/example_dags/example_bash_decorator.py for tasks to queue
[2024-07-11T00:24:34.181+0000] {logging_mixin.py:188} INFO - [2024-07-11T00:24:34.181+0000] {dagbag.py:545} INFO - Filling up the DagBag from /home/airflow/.local/lib/python3.12/site-packages/airflow/example_dags/example_bash_decorator.py
[2024-07-11T00:24:34.214+0000] {processor.py:840} INFO - DAG(s) 'example_bash_decorator' retrieved from /home/airflow/.local/lib/python3.12/site-packages/airflow/example_dags/example_bash_decorator.py
[2024-07-11T00:24:34.270+0000] {logging_mixin.py:188} INFO - [2024-07-11T00:24:34.269+0000] {dag.py:3096} INFO - Sync 1 DAGs
[2024-07-11T00:24:34.296+0000] {logging_mixin.py:188} INFO - [2024-07-11T00:24:34.295+0000] {dag.py:3954} INFO - Setting next_dagrun for example_bash_decorator to None, run_after=None
[2024-07-11T00:24:34.335+0000] {processor.py:183} INFO - Processing /home/airflow/.local/lib/python3.12/site-packages/airflow/example_dags/example_bash_decorator.py took 0.171 seconds
[2024-07-11T00:25:04.680+0000] {processor.py:161} INFO - Started process (PID=6891) to work on /home/airflow/.local/lib/python3.12/site-packages/airflow/example_dags/example_bash_decorator.py
[2024-07-11T00:25:04.685+0000] {processor.py:830} INFO - Processing file /home/airflow/.local/lib/python3.12/site-packages/airflow/example_dags/example_bash_decorator.py for tasks to queue
[2024-07-11T00:25:04.688+0000] {logging_mixin.py:188} INFO - [2024-07-11T00:25:04.687+0000] {dagbag.py:545} INFO - Filling up the DagBag from /home/airflow/.local/lib/python3.12/site-packages/airflow/example_dags/example_bash_decorator.py
[2024-07-11T00:25:04.736+0000] {processor.py:840} INFO - DAG(s) 'example_bash_decorator' retrieved from /home/airflow/.local/lib/python3.12/site-packages/airflow/example_dags/example_bash_decorator.py
[2024-07-11T00:25:04.851+0000] {logging_mixin.py:188} INFO - [2024-07-11T00:25:04.851+0000] {dag.py:3096} INFO - Sync 1 DAGs
[2024-07-11T00:25:04.894+0000] {logging_mixin.py:188} INFO - [2024-07-11T00:25:04.893+0000] {dag.py:3954} INFO - Setting next_dagrun for example_bash_decorator to None, run_after=None
[2024-07-11T00:25:04.973+0000] {processor.py:183} INFO - Processing /home/airflow/.local/lib/python3.12/site-packages/airflow/example_dags/example_bash_decorator.py took 0.309 seconds
[2024-07-11T00:25:35.457+0000] {processor.py:161} INFO - Started process (PID=6949) to work on /home/airflow/.local/lib/python3.12/site-packages/airflow/example_dags/example_bash_decorator.py
[2024-07-11T00:25:35.493+0000] {processor.py:830} INFO - Processing file /home/airflow/.local/lib/python3.12/site-packages/airflow/example_dags/example_bash_decorator.py for tasks to queue
[2024-07-11T00:25:35.512+0000] {logging_mixin.py:188} INFO - [2024-07-11T00:25:35.511+0000] {dagbag.py:545} INFO - Filling up the DagBag from /home/airflow/.local/lib/python3.12/site-packages/airflow/example_dags/example_bash_decorator.py
[2024-07-11T00:25:35.608+0000] {processor.py:840} INFO - DAG(s) 'example_bash_decorator' retrieved from /home/airflow/.local/lib/python3.12/site-packages/airflow/example_dags/example_bash_decorator.py
[2024-07-11T00:25:35.833+0000] {logging_mixin.py:188} INFO - [2024-07-11T00:25:35.832+0000] {dag.py:3096} INFO - Sync 1 DAGs
[2024-07-11T00:25:35.921+0000] {logging_mixin.py:188} INFO - [2024-07-11T00:25:35.921+0000] {dag.py:3954} INFO - Setting next_dagrun for example_bash_decorator to None, run_after=None
[2024-07-11T00:25:36.156+0000] {processor.py:183} INFO - Processing /home/airflow/.local/lib/python3.12/site-packages/airflow/example_dags/example_bash_decorator.py took 0.808 seconds
[2024-07-11T00:26:06.841+0000] {processor.py:161} INFO - Started process (PID=7009) to work on /home/airflow/.local/lib/python3.12/site-packages/airflow/example_dags/example_bash_decorator.py
[2024-07-11T00:26:06.843+0000] {processor.py:830} INFO - Processing file /home/airflow/.local/lib/python3.12/site-packages/airflow/example_dags/example_bash_decorator.py for tasks to queue
[2024-07-11T00:26:06.845+0000] {logging_mixin.py:188} INFO - [2024-07-11T00:26:06.844+0000] {dagbag.py:545} INFO - Filling up the DagBag from /home/airflow/.local/lib/python3.12/site-packages/airflow/example_dags/example_bash_decorator.py
[2024-07-11T00:26:06.875+0000] {processor.py:840} INFO - DAG(s) 'example_bash_decorator' retrieved from /home/airflow/.local/lib/python3.12/site-packages/airflow/example_dags/example_bash_decorator.py
[2024-07-11T00:26:06.933+0000] {logging_mixin.py:188} INFO - [2024-07-11T00:26:06.933+0000] {dag.py:3096} INFO - Sync 1 DAGs
[2024-07-11T00:26:06.983+0000] {logging_mixin.py:188} INFO - [2024-07-11T00:26:06.982+0000] {dag.py:3954} INFO - Setting next_dagrun for example_bash_decorator to None, run_after=None
[2024-07-11T00:26:07.033+0000] {processor.py:183} INFO - Processing /home/airflow/.local/lib/python3.12/site-packages/airflow/example_dags/example_bash_decorator.py took 0.208 seconds
[2024-07-11T00:26:39.449+0000] {processor.py:161} INFO - Started process (PID=7069) to work on /home/airflow/.local/lib/python3.12/site-packages/airflow/example_dags/example_bash_decorator.py
[2024-07-11T00:26:39.457+0000] {processor.py:830} INFO - Processing file /home/airflow/.local/lib/python3.12/site-packages/airflow/example_dags/example_bash_decorator.py for tasks to queue
[2024-07-11T00:26:39.459+0000] {logging_mixin.py:188} INFO - [2024-07-11T00:26:39.458+0000] {dagbag.py:545} INFO - Filling up the DagBag from /home/airflow/.local/lib/python3.12/site-packages/airflow/example_dags/example_bash_decorator.py
[2024-07-11T00:26:39.633+0000] {processor.py:840} INFO - DAG(s) 'example_bash_decorator' retrieved from /home/airflow/.local/lib/python3.12/site-packages/airflow/example_dags/example_bash_decorator.py
[2024-07-11T00:26:39.842+0000] {logging_mixin.py:188} INFO - [2024-07-11T00:26:39.841+0000] {dag.py:3096} INFO - Sync 1 DAGs
[2024-07-11T00:26:40.009+0000] {logging_mixin.py:188} INFO - [2024-07-11T00:26:40.009+0000] {dag.py:3954} INFO - Setting next_dagrun for example_bash_decorator to None, run_after=None
[2024-07-11T00:26:40.193+0000] {processor.py:183} INFO - Processing /home/airflow/.local/lib/python3.12/site-packages/airflow/example_dags/example_bash_decorator.py took 0.818 seconds
