[2024-07-11T00:00:21.756+0000] {processor.py:161} INFO - Started process (PID=4025) to work on /home/airflow/.local/lib/python3.12/site-packages/airflow/example_dags/example_display_name.py
[2024-07-11T00:00:21.762+0000] {processor.py:830} INFO - Processing file /home/airflow/.local/lib/python3.12/site-packages/airflow/example_dags/example_display_name.py for tasks to queue
[2024-07-11T00:00:21.765+0000] {logging_mixin.py:188} INFO - [2024-07-11T00:00:21.764+0000] {dagbag.py:545} INFO - Filling up the DagBag from /home/airflow/.local/lib/python3.12/site-packages/airflow/example_dags/example_display_name.py
[2024-07-11T00:00:21.784+0000] {processor.py:840} INFO - DAG(s) 'example_display_name' retrieved from /home/airflow/.local/lib/python3.12/site-packages/airflow/example_dags/example_display_name.py
[2024-07-11T00:00:21.916+0000] {logging_mixin.py:188} INFO - [2024-07-11T00:00:21.914+0000] {dag.py:3096} INFO - Sync 1 DAGs
[2024-07-11T00:00:21.955+0000] {logging_mixin.py:188} INFO - [2024-07-11T00:00:21.955+0000] {dag.py:3954} INFO - Setting next_dagrun for example_display_name to None, run_after=None
[2024-07-11T00:00:22.023+0000] {processor.py:183} INFO - Processing /home/airflow/.local/lib/python3.12/site-packages/airflow/example_dags/example_display_name.py took 0.292 seconds
[2024-07-11T00:00:53.185+0000] {processor.py:161} INFO - Started process (PID=4085) to work on /home/airflow/.local/lib/python3.12/site-packages/airflow/example_dags/example_display_name.py
[2024-07-11T00:00:53.191+0000] {processor.py:830} INFO - Processing file /home/airflow/.local/lib/python3.12/site-packages/airflow/example_dags/example_display_name.py for tasks to queue
[2024-07-11T00:00:53.197+0000] {logging_mixin.py:188} INFO - [2024-07-11T00:00:53.196+0000] {dagbag.py:545} INFO - Filling up the DagBag from /home/airflow/.local/lib/python3.12/site-packages/airflow/example_dags/example_display_name.py
[2024-07-11T00:00:53.209+0000] {processor.py:840} INFO - DAG(s) 'example_display_name' retrieved from /home/airflow/.local/lib/python3.12/site-packages/airflow/example_dags/example_display_name.py
[2024-07-11T00:00:53.296+0000] {logging_mixin.py:188} INFO - [2024-07-11T00:00:53.296+0000] {dag.py:3096} INFO - Sync 1 DAGs
[2024-07-11T00:00:53.332+0000] {logging_mixin.py:188} INFO - [2024-07-11T00:00:53.331+0000] {dag.py:3954} INFO - Setting next_dagrun for example_display_name to None, run_after=None
[2024-07-11T00:00:53.404+0000] {processor.py:183} INFO - Processing /home/airflow/.local/lib/python3.12/site-packages/airflow/example_dags/example_display_name.py took 0.233 seconds
[2024-07-11T00:01:23.806+0000] {processor.py:161} INFO - Started process (PID=4147) to work on /home/airflow/.local/lib/python3.12/site-packages/airflow/example_dags/example_display_name.py
[2024-07-11T00:01:23.808+0000] {processor.py:830} INFO - Processing file /home/airflow/.local/lib/python3.12/site-packages/airflow/example_dags/example_display_name.py for tasks to queue
[2024-07-11T00:01:23.810+0000] {logging_mixin.py:188} INFO - [2024-07-11T00:01:23.809+0000] {dagbag.py:545} INFO - Filling up the DagBag from /home/airflow/.local/lib/python3.12/site-packages/airflow/example_dags/example_display_name.py
[2024-07-11T00:01:23.818+0000] {processor.py:840} INFO - DAG(s) 'example_display_name' retrieved from /home/airflow/.local/lib/python3.12/site-packages/airflow/example_dags/example_display_name.py
[2024-07-11T00:01:23.855+0000] {logging_mixin.py:188} INFO - [2024-07-11T00:01:23.855+0000] {dag.py:3096} INFO - Sync 1 DAGs
[2024-07-11T00:01:23.873+0000] {logging_mixin.py:188} INFO - [2024-07-11T00:01:23.873+0000] {dag.py:3954} INFO - Setting next_dagrun for example_display_name to None, run_after=None
[2024-07-11T00:01:24.152+0000] {processor.py:183} INFO - Processing /home/airflow/.local/lib/python3.12/site-packages/airflow/example_dags/example_display_name.py took 0.357 seconds
[2024-07-11T00:01:55.159+0000] {processor.py:161} INFO - Started process (PID=4206) to work on /home/airflow/.local/lib/python3.12/site-packages/airflow/example_dags/example_display_name.py
[2024-07-11T00:01:55.163+0000] {processor.py:830} INFO - Processing file /home/airflow/.local/lib/python3.12/site-packages/airflow/example_dags/example_display_name.py for tasks to queue
[2024-07-11T00:01:55.165+0000] {logging_mixin.py:188} INFO - [2024-07-11T00:01:55.165+0000] {dagbag.py:545} INFO - Filling up the DagBag from /home/airflow/.local/lib/python3.12/site-packages/airflow/example_dags/example_display_name.py
[2024-07-11T00:01:55.178+0000] {processor.py:840} INFO - DAG(s) 'example_display_name' retrieved from /home/airflow/.local/lib/python3.12/site-packages/airflow/example_dags/example_display_name.py
[2024-07-11T00:01:55.222+0000] {logging_mixin.py:188} INFO - [2024-07-11T00:01:55.222+0000] {dag.py:3096} INFO - Sync 1 DAGs
[2024-07-11T00:01:55.247+0000] {logging_mixin.py:188} INFO - [2024-07-11T00:01:55.247+0000] {dag.py:3954} INFO - Setting next_dagrun for example_display_name to None, run_after=None
[2024-07-11T00:01:55.284+0000] {processor.py:183} INFO - Processing /home/airflow/.local/lib/python3.12/site-packages/airflow/example_dags/example_display_name.py took 0.138 seconds
[2024-07-11T00:02:25.511+0000] {processor.py:161} INFO - Started process (PID=4268) to work on /home/airflow/.local/lib/python3.12/site-packages/airflow/example_dags/example_display_name.py
[2024-07-11T00:02:25.512+0000] {processor.py:830} INFO - Processing file /home/airflow/.local/lib/python3.12/site-packages/airflow/example_dags/example_display_name.py for tasks to queue
[2024-07-11T00:02:25.514+0000] {logging_mixin.py:188} INFO - [2024-07-11T00:02:25.514+0000] {dagbag.py:545} INFO - Filling up the DagBag from /home/airflow/.local/lib/python3.12/site-packages/airflow/example_dags/example_display_name.py
[2024-07-11T00:02:25.526+0000] {processor.py:840} INFO - DAG(s) 'example_display_name' retrieved from /home/airflow/.local/lib/python3.12/site-packages/airflow/example_dags/example_display_name.py
[2024-07-11T00:02:25.561+0000] {logging_mixin.py:188} INFO - [2024-07-11T00:02:25.560+0000] {dag.py:3096} INFO - Sync 1 DAGs
[2024-07-11T00:02:25.583+0000] {logging_mixin.py:188} INFO - [2024-07-11T00:02:25.583+0000] {dag.py:3954} INFO - Setting next_dagrun for example_display_name to None, run_after=None
[2024-07-11T00:02:25.617+0000] {processor.py:183} INFO - Processing /home/airflow/.local/lib/python3.12/site-packages/airflow/example_dags/example_display_name.py took 0.118 seconds
[2024-07-11T00:02:55.831+0000] {processor.py:161} INFO - Started process (PID=4328) to work on /home/airflow/.local/lib/python3.12/site-packages/airflow/example_dags/example_display_name.py
[2024-07-11T00:02:55.834+0000] {processor.py:830} INFO - Processing file /home/airflow/.local/lib/python3.12/site-packages/airflow/example_dags/example_display_name.py for tasks to queue
[2024-07-11T00:02:55.836+0000] {logging_mixin.py:188} INFO - [2024-07-11T00:02:55.835+0000] {dagbag.py:545} INFO - Filling up the DagBag from /home/airflow/.local/lib/python3.12/site-packages/airflow/example_dags/example_display_name.py
[2024-07-11T00:02:55.846+0000] {processor.py:840} INFO - DAG(s) 'example_display_name' retrieved from /home/airflow/.local/lib/python3.12/site-packages/airflow/example_dags/example_display_name.py
[2024-07-11T00:02:55.893+0000] {logging_mixin.py:188} INFO - [2024-07-11T00:02:55.892+0000] {dag.py:3096} INFO - Sync 1 DAGs
[2024-07-11T00:02:55.933+0000] {logging_mixin.py:188} INFO - [2024-07-11T00:02:55.932+0000] {dag.py:3954} INFO - Setting next_dagrun for example_display_name to None, run_after=None
[2024-07-11T00:02:55.970+0000] {processor.py:183} INFO - Processing /home/airflow/.local/lib/python3.12/site-packages/airflow/example_dags/example_display_name.py took 0.156 seconds
[2024-07-11T00:03:27.163+0000] {processor.py:161} INFO - Started process (PID=4389) to work on /home/airflow/.local/lib/python3.12/site-packages/airflow/example_dags/example_display_name.py
[2024-07-11T00:03:27.166+0000] {processor.py:830} INFO - Processing file /home/airflow/.local/lib/python3.12/site-packages/airflow/example_dags/example_display_name.py for tasks to queue
[2024-07-11T00:03:27.174+0000] {logging_mixin.py:188} INFO - [2024-07-11T00:03:27.173+0000] {dagbag.py:545} INFO - Filling up the DagBag from /home/airflow/.local/lib/python3.12/site-packages/airflow/example_dags/example_display_name.py
[2024-07-11T00:03:27.198+0000] {processor.py:840} INFO - DAG(s) 'example_display_name' retrieved from /home/airflow/.local/lib/python3.12/site-packages/airflow/example_dags/example_display_name.py
[2024-07-11T00:03:27.258+0000] {logging_mixin.py:188} INFO - [2024-07-11T00:03:27.258+0000] {dag.py:3096} INFO - Sync 1 DAGs
[2024-07-11T00:03:27.301+0000] {logging_mixin.py:188} INFO - [2024-07-11T00:03:27.301+0000] {dag.py:3954} INFO - Setting next_dagrun for example_display_name to None, run_after=None
[2024-07-11T00:03:27.367+0000] {processor.py:183} INFO - Processing /home/airflow/.local/lib/python3.12/site-packages/airflow/example_dags/example_display_name.py took 0.226 seconds
[2024-07-11T00:03:58.356+0000] {processor.py:161} INFO - Started process (PID=4449) to work on /home/airflow/.local/lib/python3.12/site-packages/airflow/example_dags/example_display_name.py
[2024-07-11T00:03:58.360+0000] {processor.py:830} INFO - Processing file /home/airflow/.local/lib/python3.12/site-packages/airflow/example_dags/example_display_name.py for tasks to queue
[2024-07-11T00:03:58.362+0000] {logging_mixin.py:188} INFO - [2024-07-11T00:03:58.362+0000] {dagbag.py:545} INFO - Filling up the DagBag from /home/airflow/.local/lib/python3.12/site-packages/airflow/example_dags/example_display_name.py
[2024-07-11T00:03:58.375+0000] {processor.py:840} INFO - DAG(s) 'example_display_name' retrieved from /home/airflow/.local/lib/python3.12/site-packages/airflow/example_dags/example_display_name.py
[2024-07-11T00:03:58.438+0000] {logging_mixin.py:188} INFO - [2024-07-11T00:03:58.438+0000] {dag.py:3096} INFO - Sync 1 DAGs
[2024-07-11T00:03:58.476+0000] {logging_mixin.py:188} INFO - [2024-07-11T00:03:58.475+0000] {dag.py:3954} INFO - Setting next_dagrun for example_display_name to None, run_after=None
[2024-07-11T00:03:59.519+0000] {processor.py:183} INFO - Processing /home/airflow/.local/lib/python3.12/site-packages/airflow/example_dags/example_display_name.py took 1.190 seconds
[2024-07-11T00:04:30.893+0000] {processor.py:161} INFO - Started process (PID=4509) to work on /home/airflow/.local/lib/python3.12/site-packages/airflow/example_dags/example_display_name.py
[2024-07-11T00:04:30.898+0000] {processor.py:830} INFO - Processing file /home/airflow/.local/lib/python3.12/site-packages/airflow/example_dags/example_display_name.py for tasks to queue
[2024-07-11T00:04:30.902+0000] {logging_mixin.py:188} INFO - [2024-07-11T00:04:30.900+0000] {dagbag.py:545} INFO - Filling up the DagBag from /home/airflow/.local/lib/python3.12/site-packages/airflow/example_dags/example_display_name.py
[2024-07-11T00:04:30.925+0000] {processor.py:840} INFO - DAG(s) 'example_display_name' retrieved from /home/airflow/.local/lib/python3.12/site-packages/airflow/example_dags/example_display_name.py
[2024-07-11T00:04:31.085+0000] {logging_mixin.py:188} INFO - [2024-07-11T00:04:31.084+0000] {dag.py:3096} INFO - Sync 1 DAGs
[2024-07-11T00:04:31.193+0000] {logging_mixin.py:188} INFO - [2024-07-11T00:04:31.192+0000] {dag.py:3954} INFO - Setting next_dagrun for example_display_name to None, run_after=None
[2024-07-11T00:04:31.296+0000] {processor.py:183} INFO - Processing /home/airflow/.local/lib/python3.12/site-packages/airflow/example_dags/example_display_name.py took 0.448 seconds
[2024-07-11T00:05:01.983+0000] {processor.py:161} INFO - Started process (PID=4571) to work on /home/airflow/.local/lib/python3.12/site-packages/airflow/example_dags/example_display_name.py
[2024-07-11T00:05:01.985+0000] {processor.py:830} INFO - Processing file /home/airflow/.local/lib/python3.12/site-packages/airflow/example_dags/example_display_name.py for tasks to queue
[2024-07-11T00:05:01.987+0000] {logging_mixin.py:188} INFO - [2024-07-11T00:05:01.986+0000] {dagbag.py:545} INFO - Filling up the DagBag from /home/airflow/.local/lib/python3.12/site-packages/airflow/example_dags/example_display_name.py
[2024-07-11T00:05:01.998+0000] {processor.py:840} INFO - DAG(s) 'example_display_name' retrieved from /home/airflow/.local/lib/python3.12/site-packages/airflow/example_dags/example_display_name.py
[2024-07-11T00:05:02.032+0000] {logging_mixin.py:188} INFO - [2024-07-11T00:05:02.032+0000] {dag.py:3096} INFO - Sync 1 DAGs
[2024-07-11T00:05:02.061+0000] {logging_mixin.py:188} INFO - [2024-07-11T00:05:02.060+0000] {dag.py:3954} INFO - Setting next_dagrun for example_display_name to None, run_after=None
[2024-07-11T00:05:02.491+0000] {processor.py:183} INFO - Processing /home/airflow/.local/lib/python3.12/site-packages/airflow/example_dags/example_display_name.py took 0.523 seconds
[2024-07-11T00:05:32.661+0000] {processor.py:161} INFO - Started process (PID=4631) to work on /home/airflow/.local/lib/python3.12/site-packages/airflow/example_dags/example_display_name.py
[2024-07-11T00:05:32.663+0000] {processor.py:830} INFO - Processing file /home/airflow/.local/lib/python3.12/site-packages/airflow/example_dags/example_display_name.py for tasks to queue
[2024-07-11T00:05:32.665+0000] {logging_mixin.py:188} INFO - [2024-07-11T00:05:32.664+0000] {dagbag.py:545} INFO - Filling up the DagBag from /home/airflow/.local/lib/python3.12/site-packages/airflow/example_dags/example_display_name.py
[2024-07-11T00:05:32.672+0000] {processor.py:840} INFO - DAG(s) 'example_display_name' retrieved from /home/airflow/.local/lib/python3.12/site-packages/airflow/example_dags/example_display_name.py
[2024-07-11T00:05:32.715+0000] {logging_mixin.py:188} INFO - [2024-07-11T00:05:32.715+0000] {dag.py:3096} INFO - Sync 1 DAGs
[2024-07-11T00:05:32.739+0000] {logging_mixin.py:188} INFO - [2024-07-11T00:05:32.739+0000] {dag.py:3954} INFO - Setting next_dagrun for example_display_name to None, run_after=None
[2024-07-11T00:05:32.774+0000] {processor.py:183} INFO - Processing /home/airflow/.local/lib/python3.12/site-packages/airflow/example_dags/example_display_name.py took 0.124 seconds
[2024-07-11T00:06:05.674+0000] {processor.py:161} INFO - Started process (PID=4691) to work on /home/airflow/.local/lib/python3.12/site-packages/airflow/example_dags/example_display_name.py
[2024-07-11T00:06:05.678+0000] {processor.py:830} INFO - Processing file /home/airflow/.local/lib/python3.12/site-packages/airflow/example_dags/example_display_name.py for tasks to queue
[2024-07-11T00:06:05.681+0000] {logging_mixin.py:188} INFO - [2024-07-11T00:06:05.680+0000] {dagbag.py:545} INFO - Filling up the DagBag from /home/airflow/.local/lib/python3.12/site-packages/airflow/example_dags/example_display_name.py
[2024-07-11T00:06:05.699+0000] {processor.py:840} INFO - DAG(s) 'example_display_name' retrieved from /home/airflow/.local/lib/python3.12/site-packages/airflow/example_dags/example_display_name.py
[2024-07-11T00:06:05.823+0000] {logging_mixin.py:188} INFO - [2024-07-11T00:06:05.819+0000] {dag.py:3096} INFO - Sync 1 DAGs
[2024-07-11T00:06:06.118+0000] {logging_mixin.py:188} INFO - [2024-07-11T00:06:06.117+0000] {dag.py:3954} INFO - Setting next_dagrun for example_display_name to None, run_after=None
[2024-07-11T00:06:06.204+0000] {processor.py:183} INFO - Processing /home/airflow/.local/lib/python3.12/site-packages/airflow/example_dags/example_display_name.py took 0.550 seconds
[2024-07-11T00:06:36.341+0000] {processor.py:161} INFO - Started process (PID=4751) to work on /home/airflow/.local/lib/python3.12/site-packages/airflow/example_dags/example_display_name.py
[2024-07-11T00:06:36.344+0000] {processor.py:830} INFO - Processing file /home/airflow/.local/lib/python3.12/site-packages/airflow/example_dags/example_display_name.py for tasks to queue
[2024-07-11T00:06:36.346+0000] {logging_mixin.py:188} INFO - [2024-07-11T00:06:36.345+0000] {dagbag.py:545} INFO - Filling up the DagBag from /home/airflow/.local/lib/python3.12/site-packages/airflow/example_dags/example_display_name.py
[2024-07-11T00:06:36.358+0000] {processor.py:840} INFO - DAG(s) 'example_display_name' retrieved from /home/airflow/.local/lib/python3.12/site-packages/airflow/example_dags/example_display_name.py
[2024-07-11T00:06:36.403+0000] {logging_mixin.py:188} INFO - [2024-07-11T00:06:36.403+0000] {dag.py:3096} INFO - Sync 1 DAGs
[2024-07-11T00:06:36.430+0000] {logging_mixin.py:188} INFO - [2024-07-11T00:06:36.430+0000] {dag.py:3954} INFO - Setting next_dagrun for example_display_name to None, run_after=None
[2024-07-11T00:06:36.481+0000] {processor.py:183} INFO - Processing /home/airflow/.local/lib/python3.12/site-packages/airflow/example_dags/example_display_name.py took 0.151 seconds
[2024-07-11T00:07:06.672+0000] {processor.py:161} INFO - Started process (PID=4811) to work on /home/airflow/.local/lib/python3.12/site-packages/airflow/example_dags/example_display_name.py
[2024-07-11T00:07:06.674+0000] {processor.py:830} INFO - Processing file /home/airflow/.local/lib/python3.12/site-packages/airflow/example_dags/example_display_name.py for tasks to queue
[2024-07-11T00:07:06.676+0000] {logging_mixin.py:188} INFO - [2024-07-11T00:07:06.675+0000] {dagbag.py:545} INFO - Filling up the DagBag from /home/airflow/.local/lib/python3.12/site-packages/airflow/example_dags/example_display_name.py
[2024-07-11T00:07:06.686+0000] {processor.py:840} INFO - DAG(s) 'example_display_name' retrieved from /home/airflow/.local/lib/python3.12/site-packages/airflow/example_dags/example_display_name.py
[2024-07-11T00:07:06.719+0000] {logging_mixin.py:188} INFO - [2024-07-11T00:07:06.719+0000] {dag.py:3096} INFO - Sync 1 DAGs
[2024-07-11T00:07:06.738+0000] {logging_mixin.py:188} INFO - [2024-07-11T00:07:06.738+0000] {dag.py:3954} INFO - Setting next_dagrun for example_display_name to None, run_after=None
[2024-07-11T00:07:06.774+0000] {processor.py:183} INFO - Processing /home/airflow/.local/lib/python3.12/site-packages/airflow/example_dags/example_display_name.py took 0.112 seconds
[2024-07-11T00:07:38.040+0000] {processor.py:161} INFO - Started process (PID=4870) to work on /home/airflow/.local/lib/python3.12/site-packages/airflow/example_dags/example_display_name.py
[2024-07-11T00:07:38.047+0000] {processor.py:830} INFO - Processing file /home/airflow/.local/lib/python3.12/site-packages/airflow/example_dags/example_display_name.py for tasks to queue
[2024-07-11T00:07:38.052+0000] {logging_mixin.py:188} INFO - [2024-07-11T00:07:38.052+0000] {dagbag.py:545} INFO - Filling up the DagBag from /home/airflow/.local/lib/python3.12/site-packages/airflow/example_dags/example_display_name.py
[2024-07-11T00:07:38.065+0000] {processor.py:840} INFO - DAG(s) 'example_display_name' retrieved from /home/airflow/.local/lib/python3.12/site-packages/airflow/example_dags/example_display_name.py
[2024-07-11T00:07:38.152+0000] {logging_mixin.py:188} INFO - [2024-07-11T00:07:38.152+0000] {dag.py:3096} INFO - Sync 1 DAGs
[2024-07-11T00:07:38.190+0000] {logging_mixin.py:188} INFO - [2024-07-11T00:07:38.188+0000] {dag.py:3954} INFO - Setting next_dagrun for example_display_name to None, run_after=None
[2024-07-11T00:07:38.258+0000] {processor.py:183} INFO - Processing /home/airflow/.local/lib/python3.12/site-packages/airflow/example_dags/example_display_name.py took 0.239 seconds
[2024-07-11T00:08:08.650+0000] {processor.py:161} INFO - Started process (PID=4929) to work on /home/airflow/.local/lib/python3.12/site-packages/airflow/example_dags/example_display_name.py
[2024-07-11T00:08:08.652+0000] {processor.py:830} INFO - Processing file /home/airflow/.local/lib/python3.12/site-packages/airflow/example_dags/example_display_name.py for tasks to queue
[2024-07-11T00:08:08.659+0000] {logging_mixin.py:188} INFO - [2024-07-11T00:08:08.659+0000] {dagbag.py:545} INFO - Filling up the DagBag from /home/airflow/.local/lib/python3.12/site-packages/airflow/example_dags/example_display_name.py
[2024-07-11T00:08:08.672+0000] {processor.py:840} INFO - DAG(s) 'example_display_name' retrieved from /home/airflow/.local/lib/python3.12/site-packages/airflow/example_dags/example_display_name.py
[2024-07-11T00:08:08.719+0000] {logging_mixin.py:188} INFO - [2024-07-11T00:08:08.718+0000] {dag.py:3096} INFO - Sync 1 DAGs
[2024-07-11T00:08:08.754+0000] {logging_mixin.py:188} INFO - [2024-07-11T00:08:08.754+0000] {dag.py:3954} INFO - Setting next_dagrun for example_display_name to None, run_after=None
[2024-07-11T00:08:08.800+0000] {processor.py:183} INFO - Processing /home/airflow/.local/lib/python3.12/site-packages/airflow/example_dags/example_display_name.py took 0.172 seconds
[2024-07-11T00:08:39.565+0000] {processor.py:161} INFO - Started process (PID=4989) to work on /home/airflow/.local/lib/python3.12/site-packages/airflow/example_dags/example_display_name.py
[2024-07-11T00:08:39.567+0000] {processor.py:830} INFO - Processing file /home/airflow/.local/lib/python3.12/site-packages/airflow/example_dags/example_display_name.py for tasks to queue
[2024-07-11T00:08:39.569+0000] {logging_mixin.py:188} INFO - [2024-07-11T00:08:39.568+0000] {dagbag.py:545} INFO - Filling up the DagBag from /home/airflow/.local/lib/python3.12/site-packages/airflow/example_dags/example_display_name.py
[2024-07-11T00:08:39.580+0000] {processor.py:840} INFO - DAG(s) 'example_display_name' retrieved from /home/airflow/.local/lib/python3.12/site-packages/airflow/example_dags/example_display_name.py
[2024-07-11T00:08:39.649+0000] {logging_mixin.py:188} INFO - [2024-07-11T00:08:39.649+0000] {dag.py:3096} INFO - Sync 1 DAGs
[2024-07-11T00:08:39.693+0000] {logging_mixin.py:188} INFO - [2024-07-11T00:08:39.692+0000] {dag.py:3954} INFO - Setting next_dagrun for example_display_name to None, run_after=None
[2024-07-11T00:08:39.733+0000] {processor.py:183} INFO - Processing /home/airflow/.local/lib/python3.12/site-packages/airflow/example_dags/example_display_name.py took 0.180 seconds
[2024-07-11T00:09:09.846+0000] {processor.py:161} INFO - Started process (PID=5048) to work on /home/airflow/.local/lib/python3.12/site-packages/airflow/example_dags/example_display_name.py
[2024-07-11T00:09:09.850+0000] {processor.py:830} INFO - Processing file /home/airflow/.local/lib/python3.12/site-packages/airflow/example_dags/example_display_name.py for tasks to queue
[2024-07-11T00:09:09.853+0000] {logging_mixin.py:188} INFO - [2024-07-11T00:09:09.852+0000] {dagbag.py:545} INFO - Filling up the DagBag from /home/airflow/.local/lib/python3.12/site-packages/airflow/example_dags/example_display_name.py
[2024-07-11T00:09:09.873+0000] {processor.py:840} INFO - DAG(s) 'example_display_name' retrieved from /home/airflow/.local/lib/python3.12/site-packages/airflow/example_dags/example_display_name.py
[2024-07-11T00:09:09.980+0000] {logging_mixin.py:188} INFO - [2024-07-11T00:09:09.979+0000] {dag.py:3096} INFO - Sync 1 DAGs
[2024-07-11T00:09:10.018+0000] {logging_mixin.py:188} INFO - [2024-07-11T00:09:10.018+0000] {dag.py:3954} INFO - Setting next_dagrun for example_display_name to None, run_after=None
[2024-07-11T00:09:10.079+0000] {processor.py:183} INFO - Processing /home/airflow/.local/lib/python3.12/site-packages/airflow/example_dags/example_display_name.py took 0.253 seconds
[2024-07-11T00:09:40.611+0000] {processor.py:161} INFO - Started process (PID=5108) to work on /home/airflow/.local/lib/python3.12/site-packages/airflow/example_dags/example_display_name.py
[2024-07-11T00:09:40.613+0000] {processor.py:830} INFO - Processing file /home/airflow/.local/lib/python3.12/site-packages/airflow/example_dags/example_display_name.py for tasks to queue
[2024-07-11T00:09:40.616+0000] {logging_mixin.py:188} INFO - [2024-07-11T00:09:40.615+0000] {dagbag.py:545} INFO - Filling up the DagBag from /home/airflow/.local/lib/python3.12/site-packages/airflow/example_dags/example_display_name.py
[2024-07-11T00:09:40.639+0000] {processor.py:840} INFO - DAG(s) 'example_display_name' retrieved from /home/airflow/.local/lib/python3.12/site-packages/airflow/example_dags/example_display_name.py
[2024-07-11T00:09:40.726+0000] {logging_mixin.py:188} INFO - [2024-07-11T00:09:40.725+0000] {dag.py:3096} INFO - Sync 1 DAGs
[2024-07-11T00:09:40.767+0000] {logging_mixin.py:188} INFO - [2024-07-11T00:09:40.766+0000] {dag.py:3954} INFO - Setting next_dagrun for example_display_name to None, run_after=None
[2024-07-11T00:09:40.804+0000] {processor.py:183} INFO - Processing /home/airflow/.local/lib/python3.12/site-packages/airflow/example_dags/example_display_name.py took 0.213 seconds
[2024-07-11T00:10:11.095+0000] {processor.py:161} INFO - Started process (PID=5168) to work on /home/airflow/.local/lib/python3.12/site-packages/airflow/example_dags/example_display_name.py
[2024-07-11T00:10:11.097+0000] {processor.py:830} INFO - Processing file /home/airflow/.local/lib/python3.12/site-packages/airflow/example_dags/example_display_name.py for tasks to queue
[2024-07-11T00:10:11.102+0000] {logging_mixin.py:188} INFO - [2024-07-11T00:10:11.101+0000] {dagbag.py:545} INFO - Filling up the DagBag from /home/airflow/.local/lib/python3.12/site-packages/airflow/example_dags/example_display_name.py
[2024-07-11T00:10:11.114+0000] {processor.py:840} INFO - DAG(s) 'example_display_name' retrieved from /home/airflow/.local/lib/python3.12/site-packages/airflow/example_dags/example_display_name.py
[2024-07-11T00:10:11.206+0000] {logging_mixin.py:188} INFO - [2024-07-11T00:10:11.204+0000] {dag.py:3096} INFO - Sync 1 DAGs
[2024-07-11T00:10:11.301+0000] {logging_mixin.py:188} INFO - [2024-07-11T00:10:11.300+0000] {dag.py:3954} INFO - Setting next_dagrun for example_display_name to None, run_after=None
[2024-07-11T00:10:11.384+0000] {processor.py:183} INFO - Processing /home/airflow/.local/lib/python3.12/site-packages/airflow/example_dags/example_display_name.py took 0.306 seconds
[2024-07-11T00:10:41.453+0000] {processor.py:161} INFO - Started process (PID=5226) to work on /home/airflow/.local/lib/python3.12/site-packages/airflow/example_dags/example_display_name.py
[2024-07-11T00:10:41.454+0000] {processor.py:830} INFO - Processing file /home/airflow/.local/lib/python3.12/site-packages/airflow/example_dags/example_display_name.py for tasks to queue
[2024-07-11T00:10:41.456+0000] {logging_mixin.py:188} INFO - [2024-07-11T00:10:41.455+0000] {dagbag.py:545} INFO - Filling up the DagBag from /home/airflow/.local/lib/python3.12/site-packages/airflow/example_dags/example_display_name.py
[2024-07-11T00:10:41.463+0000] {processor.py:840} INFO - DAG(s) 'example_display_name' retrieved from /home/airflow/.local/lib/python3.12/site-packages/airflow/example_dags/example_display_name.py
[2024-07-11T00:10:41.493+0000] {logging_mixin.py:188} INFO - [2024-07-11T00:10:41.493+0000] {dag.py:3096} INFO - Sync 1 DAGs
[2024-07-11T00:10:41.512+0000] {logging_mixin.py:188} INFO - [2024-07-11T00:10:41.511+0000] {dag.py:3954} INFO - Setting next_dagrun for example_display_name to None, run_after=None
[2024-07-11T00:10:41.541+0000] {processor.py:183} INFO - Processing /home/airflow/.local/lib/python3.12/site-packages/airflow/example_dags/example_display_name.py took 0.097 seconds
[2024-07-11T00:11:11.899+0000] {processor.py:161} INFO - Started process (PID=5287) to work on /home/airflow/.local/lib/python3.12/site-packages/airflow/example_dags/example_display_name.py
[2024-07-11T00:11:11.903+0000] {processor.py:830} INFO - Processing file /home/airflow/.local/lib/python3.12/site-packages/airflow/example_dags/example_display_name.py for tasks to queue
[2024-07-11T00:11:11.905+0000] {logging_mixin.py:188} INFO - [2024-07-11T00:11:11.904+0000] {dagbag.py:545} INFO - Filling up the DagBag from /home/airflow/.local/lib/python3.12/site-packages/airflow/example_dags/example_display_name.py
[2024-07-11T00:11:11.916+0000] {processor.py:840} INFO - DAG(s) 'example_display_name' retrieved from /home/airflow/.local/lib/python3.12/site-packages/airflow/example_dags/example_display_name.py
[2024-07-11T00:11:11.969+0000] {logging_mixin.py:188} INFO - [2024-07-11T00:11:11.969+0000] {dag.py:3096} INFO - Sync 1 DAGs
[2024-07-11T00:11:11.995+0000] {logging_mixin.py:188} INFO - [2024-07-11T00:11:11.995+0000] {dag.py:3954} INFO - Setting next_dagrun for example_display_name to None, run_after=None
[2024-07-11T00:11:12.029+0000] {processor.py:183} INFO - Processing /home/airflow/.local/lib/python3.12/site-packages/airflow/example_dags/example_display_name.py took 0.141 seconds
[2024-07-11T00:11:43.098+0000] {processor.py:161} INFO - Started process (PID=5347) to work on /home/airflow/.local/lib/python3.12/site-packages/airflow/example_dags/example_display_name.py
[2024-07-11T00:11:43.101+0000] {processor.py:830} INFO - Processing file /home/airflow/.local/lib/python3.12/site-packages/airflow/example_dags/example_display_name.py for tasks to queue
[2024-07-11T00:11:43.114+0000] {logging_mixin.py:188} INFO - [2024-07-11T00:11:43.103+0000] {dagbag.py:545} INFO - Filling up the DagBag from /home/airflow/.local/lib/python3.12/site-packages/airflow/example_dags/example_display_name.py
[2024-07-11T00:11:43.167+0000] {processor.py:840} INFO - DAG(s) 'example_display_name' retrieved from /home/airflow/.local/lib/python3.12/site-packages/airflow/example_dags/example_display_name.py
[2024-07-11T00:11:43.287+0000] {logging_mixin.py:188} INFO - [2024-07-11T00:11:43.287+0000] {dag.py:3096} INFO - Sync 1 DAGs
[2024-07-11T00:11:43.371+0000] {logging_mixin.py:188} INFO - [2024-07-11T00:11:43.370+0000] {dag.py:3954} INFO - Setting next_dagrun for example_display_name to None, run_after=None
[2024-07-11T00:11:43.474+0000] {processor.py:183} INFO - Processing /home/airflow/.local/lib/python3.12/site-packages/airflow/example_dags/example_display_name.py took 0.434 seconds
[2024-07-11T00:12:13.925+0000] {processor.py:161} INFO - Started process (PID=5407) to work on /home/airflow/.local/lib/python3.12/site-packages/airflow/example_dags/example_display_name.py
[2024-07-11T00:12:13.927+0000] {processor.py:830} INFO - Processing file /home/airflow/.local/lib/python3.12/site-packages/airflow/example_dags/example_display_name.py for tasks to queue
[2024-07-11T00:12:13.931+0000] {logging_mixin.py:188} INFO - [2024-07-11T00:12:13.931+0000] {dagbag.py:545} INFO - Filling up the DagBag from /home/airflow/.local/lib/python3.12/site-packages/airflow/example_dags/example_display_name.py
[2024-07-11T00:12:13.957+0000] {processor.py:840} INFO - DAG(s) 'example_display_name' retrieved from /home/airflow/.local/lib/python3.12/site-packages/airflow/example_dags/example_display_name.py
[2024-07-11T00:12:14.004+0000] {logging_mixin.py:188} INFO - [2024-07-11T00:12:14.004+0000] {dag.py:3096} INFO - Sync 1 DAGs
[2024-07-11T00:12:14.025+0000] {logging_mixin.py:188} INFO - [2024-07-11T00:12:14.025+0000] {dag.py:3954} INFO - Setting next_dagrun for example_display_name to None, run_after=None
[2024-07-11T00:12:14.056+0000] {processor.py:183} INFO - Processing /home/airflow/.local/lib/python3.12/site-packages/airflow/example_dags/example_display_name.py took 0.146 seconds
[2024-07-11T00:12:45.092+0000] {processor.py:161} INFO - Started process (PID=5466) to work on /home/airflow/.local/lib/python3.12/site-packages/airflow/example_dags/example_display_name.py
[2024-07-11T00:12:45.094+0000] {processor.py:830} INFO - Processing file /home/airflow/.local/lib/python3.12/site-packages/airflow/example_dags/example_display_name.py for tasks to queue
[2024-07-11T00:12:45.097+0000] {logging_mixin.py:188} INFO - [2024-07-11T00:12:45.097+0000] {dagbag.py:545} INFO - Filling up the DagBag from /home/airflow/.local/lib/python3.12/site-packages/airflow/example_dags/example_display_name.py
[2024-07-11T00:12:45.107+0000] {processor.py:840} INFO - DAG(s) 'example_display_name' retrieved from /home/airflow/.local/lib/python3.12/site-packages/airflow/example_dags/example_display_name.py
[2024-07-11T00:12:45.153+0000] {logging_mixin.py:188} INFO - [2024-07-11T00:12:45.152+0000] {dag.py:3096} INFO - Sync 1 DAGs
[2024-07-11T00:12:45.176+0000] {logging_mixin.py:188} INFO - [2024-07-11T00:12:45.176+0000] {dag.py:3954} INFO - Setting next_dagrun for example_display_name to None, run_after=None
[2024-07-11T00:12:45.218+0000] {processor.py:183} INFO - Processing /home/airflow/.local/lib/python3.12/site-packages/airflow/example_dags/example_display_name.py took 0.137 seconds
[2024-07-11T00:13:15.444+0000] {processor.py:161} INFO - Started process (PID=5525) to work on /home/airflow/.local/lib/python3.12/site-packages/airflow/example_dags/example_display_name.py
[2024-07-11T00:13:15.446+0000] {processor.py:830} INFO - Processing file /home/airflow/.local/lib/python3.12/site-packages/airflow/example_dags/example_display_name.py for tasks to queue
[2024-07-11T00:13:15.449+0000] {logging_mixin.py:188} INFO - [2024-07-11T00:13:15.448+0000] {dagbag.py:545} INFO - Filling up the DagBag from /home/airflow/.local/lib/python3.12/site-packages/airflow/example_dags/example_display_name.py
[2024-07-11T00:13:15.460+0000] {processor.py:840} INFO - DAG(s) 'example_display_name' retrieved from /home/airflow/.local/lib/python3.12/site-packages/airflow/example_dags/example_display_name.py
[2024-07-11T00:13:15.506+0000] {logging_mixin.py:188} INFO - [2024-07-11T00:13:15.505+0000] {dag.py:3096} INFO - Sync 1 DAGs
[2024-07-11T00:13:15.564+0000] {logging_mixin.py:188} INFO - [2024-07-11T00:13:15.563+0000] {dag.py:3954} INFO - Setting next_dagrun for example_display_name to None, run_after=None
[2024-07-11T00:13:15.672+0000] {processor.py:183} INFO - Processing /home/airflow/.local/lib/python3.12/site-packages/airflow/example_dags/example_display_name.py took 0.242 seconds
[2024-07-11T00:13:46.162+0000] {processor.py:161} INFO - Started process (PID=5584) to work on /home/airflow/.local/lib/python3.12/site-packages/airflow/example_dags/example_display_name.py
[2024-07-11T00:13:46.166+0000] {processor.py:830} INFO - Processing file /home/airflow/.local/lib/python3.12/site-packages/airflow/example_dags/example_display_name.py for tasks to queue
[2024-07-11T00:13:46.171+0000] {logging_mixin.py:188} INFO - [2024-07-11T00:13:46.169+0000] {dagbag.py:545} INFO - Filling up the DagBag from /home/airflow/.local/lib/python3.12/site-packages/airflow/example_dags/example_display_name.py
[2024-07-11T00:13:46.198+0000] {processor.py:840} INFO - DAG(s) 'example_display_name' retrieved from /home/airflow/.local/lib/python3.12/site-packages/airflow/example_dags/example_display_name.py
[2024-07-11T00:13:46.367+0000] {logging_mixin.py:188} INFO - [2024-07-11T00:13:46.363+0000] {dag.py:3096} INFO - Sync 1 DAGs
[2024-07-11T00:13:46.463+0000] {logging_mixin.py:188} INFO - [2024-07-11T00:13:46.463+0000] {dag.py:3954} INFO - Setting next_dagrun for example_display_name to None, run_after=None
[2024-07-11T00:13:46.624+0000] {processor.py:183} INFO - Processing /home/airflow/.local/lib/python3.12/site-packages/airflow/example_dags/example_display_name.py took 0.545 seconds
[2024-07-11T00:14:17.275+0000] {processor.py:161} INFO - Started process (PID=5644) to work on /home/airflow/.local/lib/python3.12/site-packages/airflow/example_dags/example_display_name.py
[2024-07-11T00:14:17.277+0000] {processor.py:830} INFO - Processing file /home/airflow/.local/lib/python3.12/site-packages/airflow/example_dags/example_display_name.py for tasks to queue
[2024-07-11T00:14:17.279+0000] {logging_mixin.py:188} INFO - [2024-07-11T00:14:17.279+0000] {dagbag.py:545} INFO - Filling up the DagBag from /home/airflow/.local/lib/python3.12/site-packages/airflow/example_dags/example_display_name.py
[2024-07-11T00:14:17.299+0000] {processor.py:840} INFO - DAG(s) 'example_display_name' retrieved from /home/airflow/.local/lib/python3.12/site-packages/airflow/example_dags/example_display_name.py
[2024-07-11T00:14:17.371+0000] {logging_mixin.py:188} INFO - [2024-07-11T00:14:17.370+0000] {dag.py:3096} INFO - Sync 1 DAGs
[2024-07-11T00:14:17.426+0000] {logging_mixin.py:188} INFO - [2024-07-11T00:14:17.426+0000] {dag.py:3954} INFO - Setting next_dagrun for example_display_name to None, run_after=None
[2024-07-11T00:14:17.464+0000] {processor.py:183} INFO - Processing /home/airflow/.local/lib/python3.12/site-packages/airflow/example_dags/example_display_name.py took 0.201 seconds
[2024-07-11T00:14:47.683+0000] {processor.py:161} INFO - Started process (PID=5704) to work on /home/airflow/.local/lib/python3.12/site-packages/airflow/example_dags/example_display_name.py
[2024-07-11T00:14:47.688+0000] {processor.py:830} INFO - Processing file /home/airflow/.local/lib/python3.12/site-packages/airflow/example_dags/example_display_name.py for tasks to queue
[2024-07-11T00:14:47.691+0000] {logging_mixin.py:188} INFO - [2024-07-11T00:14:47.690+0000] {dagbag.py:545} INFO - Filling up the DagBag from /home/airflow/.local/lib/python3.12/site-packages/airflow/example_dags/example_display_name.py
[2024-07-11T00:14:47.715+0000] {processor.py:840} INFO - DAG(s) 'example_display_name' retrieved from /home/airflow/.local/lib/python3.12/site-packages/airflow/example_dags/example_display_name.py
[2024-07-11T00:14:47.802+0000] {logging_mixin.py:188} INFO - [2024-07-11T00:14:47.798+0000] {dag.py:3096} INFO - Sync 1 DAGs
[2024-07-11T00:14:47.856+0000] {logging_mixin.py:188} INFO - [2024-07-11T00:14:47.855+0000] {dag.py:3954} INFO - Setting next_dagrun for example_display_name to None, run_after=None
[2024-07-11T00:14:47.929+0000] {processor.py:183} INFO - Processing /home/airflow/.local/lib/python3.12/site-packages/airflow/example_dags/example_display_name.py took 0.258 seconds
[2024-07-11T00:15:18.457+0000] {processor.py:161} INFO - Started process (PID=5769) to work on /home/airflow/.local/lib/python3.12/site-packages/airflow/example_dags/example_display_name.py
[2024-07-11T00:15:18.461+0000] {processor.py:830} INFO - Processing file /home/airflow/.local/lib/python3.12/site-packages/airflow/example_dags/example_display_name.py for tasks to queue
[2024-07-11T00:15:18.466+0000] {logging_mixin.py:188} INFO - [2024-07-11T00:15:18.465+0000] {dagbag.py:545} INFO - Filling up the DagBag from /home/airflow/.local/lib/python3.12/site-packages/airflow/example_dags/example_display_name.py
[2024-07-11T00:15:18.483+0000] {processor.py:840} INFO - DAG(s) 'example_display_name' retrieved from /home/airflow/.local/lib/python3.12/site-packages/airflow/example_dags/example_display_name.py
[2024-07-11T00:15:18.548+0000] {logging_mixin.py:188} INFO - [2024-07-11T00:15:18.548+0000] {dag.py:3096} INFO - Sync 1 DAGs
[2024-07-11T00:15:18.607+0000] {logging_mixin.py:188} INFO - [2024-07-11T00:15:18.607+0000] {dag.py:3954} INFO - Setting next_dagrun for example_display_name to None, run_after=None
[2024-07-11T00:15:18.655+0000] {processor.py:183} INFO - Processing /home/airflow/.local/lib/python3.12/site-packages/airflow/example_dags/example_display_name.py took 0.214 seconds
[2024-07-11T00:15:49.654+0000] {processor.py:161} INFO - Started process (PID=5827) to work on /home/airflow/.local/lib/python3.12/site-packages/airflow/example_dags/example_display_name.py
[2024-07-11T00:15:49.657+0000] {processor.py:830} INFO - Processing file /home/airflow/.local/lib/python3.12/site-packages/airflow/example_dags/example_display_name.py for tasks to queue
[2024-07-11T00:15:49.660+0000] {logging_mixin.py:188} INFO - [2024-07-11T00:15:49.659+0000] {dagbag.py:545} INFO - Filling up the DagBag from /home/airflow/.local/lib/python3.12/site-packages/airflow/example_dags/example_display_name.py
[2024-07-11T00:15:49.675+0000] {processor.py:840} INFO - DAG(s) 'example_display_name' retrieved from /home/airflow/.local/lib/python3.12/site-packages/airflow/example_dags/example_display_name.py
[2024-07-11T00:15:49.744+0000] {logging_mixin.py:188} INFO - [2024-07-11T00:15:49.744+0000] {dag.py:3096} INFO - Sync 1 DAGs
[2024-07-11T00:15:49.796+0000] {logging_mixin.py:188} INFO - [2024-07-11T00:15:49.796+0000] {dag.py:3954} INFO - Setting next_dagrun for example_display_name to None, run_after=None
[2024-07-11T00:15:49.868+0000] {processor.py:183} INFO - Processing /home/airflow/.local/lib/python3.12/site-packages/airflow/example_dags/example_display_name.py took 0.231 seconds
[2024-07-11T00:16:20.315+0000] {processor.py:161} INFO - Started process (PID=5886) to work on /home/airflow/.local/lib/python3.12/site-packages/airflow/example_dags/example_display_name.py
[2024-07-11T00:16:20.317+0000] {processor.py:830} INFO - Processing file /home/airflow/.local/lib/python3.12/site-packages/airflow/example_dags/example_display_name.py for tasks to queue
[2024-07-11T00:16:20.319+0000] {logging_mixin.py:188} INFO - [2024-07-11T00:16:20.318+0000] {dagbag.py:545} INFO - Filling up the DagBag from /home/airflow/.local/lib/python3.12/site-packages/airflow/example_dags/example_display_name.py
[2024-07-11T00:16:20.329+0000] {processor.py:840} INFO - DAG(s) 'example_display_name' retrieved from /home/airflow/.local/lib/python3.12/site-packages/airflow/example_dags/example_display_name.py
[2024-07-11T00:16:20.404+0000] {logging_mixin.py:188} INFO - [2024-07-11T00:16:20.404+0000] {dag.py:3096} INFO - Sync 1 DAGs
[2024-07-11T00:16:20.449+0000] {logging_mixin.py:188} INFO - [2024-07-11T00:16:20.449+0000] {dag.py:3954} INFO - Setting next_dagrun for example_display_name to None, run_after=None
[2024-07-11T00:16:20.518+0000] {processor.py:183} INFO - Processing /home/airflow/.local/lib/python3.12/site-packages/airflow/example_dags/example_display_name.py took 0.226 seconds
[2024-07-11T00:16:53.407+0000] {processor.py:161} INFO - Started process (PID=5946) to work on /home/airflow/.local/lib/python3.12/site-packages/airflow/example_dags/example_display_name.py
[2024-07-11T00:16:53.411+0000] {processor.py:830} INFO - Processing file /home/airflow/.local/lib/python3.12/site-packages/airflow/example_dags/example_display_name.py for tasks to queue
[2024-07-11T00:16:53.414+0000] {logging_mixin.py:188} INFO - [2024-07-11T00:16:53.413+0000] {dagbag.py:545} INFO - Filling up the DagBag from /home/airflow/.local/lib/python3.12/site-packages/airflow/example_dags/example_display_name.py
[2024-07-11T00:16:53.425+0000] {processor.py:840} INFO - DAG(s) 'example_display_name' retrieved from /home/airflow/.local/lib/python3.12/site-packages/airflow/example_dags/example_display_name.py
[2024-07-11T00:16:53.469+0000] {logging_mixin.py:188} INFO - [2024-07-11T00:16:53.469+0000] {dag.py:3096} INFO - Sync 1 DAGs
[2024-07-11T00:16:53.500+0000] {logging_mixin.py:188} INFO - [2024-07-11T00:16:53.500+0000] {dag.py:3954} INFO - Setting next_dagrun for example_display_name to None, run_after=None
[2024-07-11T00:16:53.676+0000] {processor.py:183} INFO - Processing /home/airflow/.local/lib/python3.12/site-packages/airflow/example_dags/example_display_name.py took 0.282 seconds
[2024-07-11T00:17:23.932+0000] {processor.py:161} INFO - Started process (PID=6006) to work on /home/airflow/.local/lib/python3.12/site-packages/airflow/example_dags/example_display_name.py
[2024-07-11T00:17:23.936+0000] {processor.py:830} INFO - Processing file /home/airflow/.local/lib/python3.12/site-packages/airflow/example_dags/example_display_name.py for tasks to queue
[2024-07-11T00:17:23.938+0000] {logging_mixin.py:188} INFO - [2024-07-11T00:17:23.937+0000] {dagbag.py:545} INFO - Filling up the DagBag from /home/airflow/.local/lib/python3.12/site-packages/airflow/example_dags/example_display_name.py
[2024-07-11T00:17:23.949+0000] {processor.py:840} INFO - DAG(s) 'example_display_name' retrieved from /home/airflow/.local/lib/python3.12/site-packages/airflow/example_dags/example_display_name.py
[2024-07-11T00:17:23.995+0000] {logging_mixin.py:188} INFO - [2024-07-11T00:17:23.995+0000] {dag.py:3096} INFO - Sync 1 DAGs
[2024-07-11T00:17:24.023+0000] {logging_mixin.py:188} INFO - [2024-07-11T00:17:24.023+0000] {dag.py:3954} INFO - Setting next_dagrun for example_display_name to None, run_after=None
[2024-07-11T00:17:24.348+0000] {processor.py:183} INFO - Processing /home/airflow/.local/lib/python3.12/site-packages/airflow/example_dags/example_display_name.py took 0.427 seconds
[2024-07-11T00:17:54.590+0000] {processor.py:161} INFO - Started process (PID=6066) to work on /home/airflow/.local/lib/python3.12/site-packages/airflow/example_dags/example_display_name.py
[2024-07-11T00:17:54.592+0000] {processor.py:830} INFO - Processing file /home/airflow/.local/lib/python3.12/site-packages/airflow/example_dags/example_display_name.py for tasks to queue
[2024-07-11T00:17:54.599+0000] {logging_mixin.py:188} INFO - [2024-07-11T00:17:54.598+0000] {dagbag.py:545} INFO - Filling up the DagBag from /home/airflow/.local/lib/python3.12/site-packages/airflow/example_dags/example_display_name.py
[2024-07-11T00:17:54.624+0000] {processor.py:840} INFO - DAG(s) 'example_display_name' retrieved from /home/airflow/.local/lib/python3.12/site-packages/airflow/example_dags/example_display_name.py
[2024-07-11T00:17:54.706+0000] {logging_mixin.py:188} INFO - [2024-07-11T00:17:54.705+0000] {dag.py:3096} INFO - Sync 1 DAGs
[2024-07-11T00:17:54.745+0000] {logging_mixin.py:188} INFO - [2024-07-11T00:17:54.744+0000] {dag.py:3954} INFO - Setting next_dagrun for example_display_name to None, run_after=None
[2024-07-11T00:17:54.789+0000] {processor.py:183} INFO - Processing /home/airflow/.local/lib/python3.12/site-packages/airflow/example_dags/example_display_name.py took 0.216 seconds
[2024-07-11T00:18:25.000+0000] {processor.py:161} INFO - Started process (PID=6125) to work on /home/airflow/.local/lib/python3.12/site-packages/airflow/example_dags/example_display_name.py
[2024-07-11T00:18:25.009+0000] {processor.py:830} INFO - Processing file /home/airflow/.local/lib/python3.12/site-packages/airflow/example_dags/example_display_name.py for tasks to queue
[2024-07-11T00:18:25.012+0000] {logging_mixin.py:188} INFO - [2024-07-11T00:18:25.011+0000] {dagbag.py:545} INFO - Filling up the DagBag from /home/airflow/.local/lib/python3.12/site-packages/airflow/example_dags/example_display_name.py
[2024-07-11T00:18:25.023+0000] {processor.py:840} INFO - DAG(s) 'example_display_name' retrieved from /home/airflow/.local/lib/python3.12/site-packages/airflow/example_dags/example_display_name.py
[2024-07-11T00:18:25.059+0000] {logging_mixin.py:188} INFO - [2024-07-11T00:18:25.058+0000] {dag.py:3096} INFO - Sync 1 DAGs
[2024-07-11T00:18:25.082+0000] {logging_mixin.py:188} INFO - [2024-07-11T00:18:25.081+0000] {dag.py:3954} INFO - Setting next_dagrun for example_display_name to None, run_after=None
[2024-07-11T00:18:25.121+0000] {processor.py:183} INFO - Processing /home/airflow/.local/lib/python3.12/site-packages/airflow/example_dags/example_display_name.py took 0.130 seconds
[2024-07-11T00:18:55.594+0000] {processor.py:161} INFO - Started process (PID=6185) to work on /home/airflow/.local/lib/python3.12/site-packages/airflow/example_dags/example_display_name.py
[2024-07-11T00:18:55.609+0000] {processor.py:830} INFO - Processing file /home/airflow/.local/lib/python3.12/site-packages/airflow/example_dags/example_display_name.py for tasks to queue
[2024-07-11T00:18:55.619+0000] {logging_mixin.py:188} INFO - [2024-07-11T00:18:55.618+0000] {dagbag.py:545} INFO - Filling up the DagBag from /home/airflow/.local/lib/python3.12/site-packages/airflow/example_dags/example_display_name.py
[2024-07-11T00:18:55.630+0000] {processor.py:840} INFO - DAG(s) 'example_display_name' retrieved from /home/airflow/.local/lib/python3.12/site-packages/airflow/example_dags/example_display_name.py
[2024-07-11T00:18:55.679+0000] {logging_mixin.py:188} INFO - [2024-07-11T00:18:55.679+0000] {dag.py:3096} INFO - Sync 1 DAGs
[2024-07-11T00:18:55.703+0000] {logging_mixin.py:188} INFO - [2024-07-11T00:18:55.703+0000] {dag.py:3954} INFO - Setting next_dagrun for example_display_name to None, run_after=None
[2024-07-11T00:18:55.746+0000] {processor.py:183} INFO - Processing /home/airflow/.local/lib/python3.12/site-packages/airflow/example_dags/example_display_name.py took 0.168 seconds
[2024-07-11T00:19:27.373+0000] {processor.py:161} INFO - Started process (PID=6245) to work on /home/airflow/.local/lib/python3.12/site-packages/airflow/example_dags/example_display_name.py
[2024-07-11T00:19:27.378+0000] {processor.py:830} INFO - Processing file /home/airflow/.local/lib/python3.12/site-packages/airflow/example_dags/example_display_name.py for tasks to queue
[2024-07-11T00:19:27.383+0000] {logging_mixin.py:188} INFO - [2024-07-11T00:19:27.382+0000] {dagbag.py:545} INFO - Filling up the DagBag from /home/airflow/.local/lib/python3.12/site-packages/airflow/example_dags/example_display_name.py
[2024-07-11T00:19:27.421+0000] {processor.py:840} INFO - DAG(s) 'example_display_name' retrieved from /home/airflow/.local/lib/python3.12/site-packages/airflow/example_dags/example_display_name.py
[2024-07-11T00:19:27.517+0000] {logging_mixin.py:188} INFO - [2024-07-11T00:19:27.514+0000] {dag.py:3096} INFO - Sync 1 DAGs
[2024-07-11T00:19:27.597+0000] {logging_mixin.py:188} INFO - [2024-07-11T00:19:27.586+0000] {dag.py:3954} INFO - Setting next_dagrun for example_display_name to None, run_after=None
[2024-07-11T00:19:27.733+0000] {processor.py:183} INFO - Processing /home/airflow/.local/lib/python3.12/site-packages/airflow/example_dags/example_display_name.py took 0.388 seconds
[2024-07-11T00:19:58.639+0000] {processor.py:161} INFO - Started process (PID=6305) to work on /home/airflow/.local/lib/python3.12/site-packages/airflow/example_dags/example_display_name.py
[2024-07-11T00:19:58.642+0000] {processor.py:830} INFO - Processing file /home/airflow/.local/lib/python3.12/site-packages/airflow/example_dags/example_display_name.py for tasks to queue
[2024-07-11T00:19:58.644+0000] {logging_mixin.py:188} INFO - [2024-07-11T00:19:58.643+0000] {dagbag.py:545} INFO - Filling up the DagBag from /home/airflow/.local/lib/python3.12/site-packages/airflow/example_dags/example_display_name.py
[2024-07-11T00:19:58.653+0000] {processor.py:840} INFO - DAG(s) 'example_display_name' retrieved from /home/airflow/.local/lib/python3.12/site-packages/airflow/example_dags/example_display_name.py
[2024-07-11T00:19:58.697+0000] {logging_mixin.py:188} INFO - [2024-07-11T00:19:58.697+0000] {dag.py:3096} INFO - Sync 1 DAGs
[2024-07-11T00:19:58.721+0000] {logging_mixin.py:188} INFO - [2024-07-11T00:19:58.721+0000] {dag.py:3954} INFO - Setting next_dagrun for example_display_name to None, run_after=None
[2024-07-11T00:19:58.994+0000] {processor.py:183} INFO - Processing /home/airflow/.local/lib/python3.12/site-packages/airflow/example_dags/example_display_name.py took 0.366 seconds
[2024-07-11T00:20:29.113+0000] {processor.py:161} INFO - Started process (PID=6365) to work on /home/airflow/.local/lib/python3.12/site-packages/airflow/example_dags/example_display_name.py
[2024-07-11T00:20:29.115+0000] {processor.py:830} INFO - Processing file /home/airflow/.local/lib/python3.12/site-packages/airflow/example_dags/example_display_name.py for tasks to queue
[2024-07-11T00:20:29.118+0000] {logging_mixin.py:188} INFO - [2024-07-11T00:20:29.117+0000] {dagbag.py:545} INFO - Filling up the DagBag from /home/airflow/.local/lib/python3.12/site-packages/airflow/example_dags/example_display_name.py
[2024-07-11T00:20:29.128+0000] {processor.py:840} INFO - DAG(s) 'example_display_name' retrieved from /home/airflow/.local/lib/python3.12/site-packages/airflow/example_dags/example_display_name.py
[2024-07-11T00:20:29.167+0000] {logging_mixin.py:188} INFO - [2024-07-11T00:20:29.166+0000] {dag.py:3096} INFO - Sync 1 DAGs
[2024-07-11T00:20:29.188+0000] {logging_mixin.py:188} INFO - [2024-07-11T00:20:29.188+0000] {dag.py:3954} INFO - Setting next_dagrun for example_display_name to None, run_after=None
[2024-07-11T00:20:29.244+0000] {processor.py:183} INFO - Processing /home/airflow/.local/lib/python3.12/site-packages/airflow/example_dags/example_display_name.py took 0.145 seconds
[2024-07-11T00:21:00.701+0000] {processor.py:161} INFO - Started process (PID=6425) to work on /home/airflow/.local/lib/python3.12/site-packages/airflow/example_dags/example_display_name.py
[2024-07-11T00:21:00.704+0000] {processor.py:830} INFO - Processing file /home/airflow/.local/lib/python3.12/site-packages/airflow/example_dags/example_display_name.py for tasks to queue
[2024-07-11T00:21:00.707+0000] {logging_mixin.py:188} INFO - [2024-07-11T00:21:00.706+0000] {dagbag.py:545} INFO - Filling up the DagBag from /home/airflow/.local/lib/python3.12/site-packages/airflow/example_dags/example_display_name.py
[2024-07-11T00:21:00.716+0000] {processor.py:840} INFO - DAG(s) 'example_display_name' retrieved from /home/airflow/.local/lib/python3.12/site-packages/airflow/example_dags/example_display_name.py
[2024-07-11T00:21:00.759+0000] {logging_mixin.py:188} INFO - [2024-07-11T00:21:00.758+0000] {dag.py:3096} INFO - Sync 1 DAGs
[2024-07-11T00:21:00.783+0000] {logging_mixin.py:188} INFO - [2024-07-11T00:21:00.783+0000] {dag.py:3954} INFO - Setting next_dagrun for example_display_name to None, run_after=None
[2024-07-11T00:21:00.826+0000] {processor.py:183} INFO - Processing /home/airflow/.local/lib/python3.12/site-packages/airflow/example_dags/example_display_name.py took 0.136 seconds
[2024-07-11T00:21:30.956+0000] {processor.py:161} INFO - Started process (PID=6485) to work on /home/airflow/.local/lib/python3.12/site-packages/airflow/example_dags/example_display_name.py
[2024-07-11T00:21:30.958+0000] {processor.py:830} INFO - Processing file /home/airflow/.local/lib/python3.12/site-packages/airflow/example_dags/example_display_name.py for tasks to queue
[2024-07-11T00:21:30.959+0000] {logging_mixin.py:188} INFO - [2024-07-11T00:21:30.959+0000] {dagbag.py:545} INFO - Filling up the DagBag from /home/airflow/.local/lib/python3.12/site-packages/airflow/example_dags/example_display_name.py
[2024-07-11T00:21:30.970+0000] {processor.py:840} INFO - DAG(s) 'example_display_name' retrieved from /home/airflow/.local/lib/python3.12/site-packages/airflow/example_dags/example_display_name.py
[2024-07-11T00:21:31.011+0000] {logging_mixin.py:188} INFO - [2024-07-11T00:21:31.011+0000] {dag.py:3096} INFO - Sync 1 DAGs
[2024-07-11T00:21:31.035+0000] {logging_mixin.py:188} INFO - [2024-07-11T00:21:31.035+0000] {dag.py:3954} INFO - Setting next_dagrun for example_display_name to None, run_after=None
[2024-07-11T00:21:31.069+0000] {processor.py:183} INFO - Processing /home/airflow/.local/lib/python3.12/site-packages/airflow/example_dags/example_display_name.py took 0.125 seconds
[2024-07-11T00:22:01.660+0000] {processor.py:161} INFO - Started process (PID=6545) to work on /home/airflow/.local/lib/python3.12/site-packages/airflow/example_dags/example_display_name.py
[2024-07-11T00:22:01.662+0000] {processor.py:830} INFO - Processing file /home/airflow/.local/lib/python3.12/site-packages/airflow/example_dags/example_display_name.py for tasks to queue
[2024-07-11T00:22:01.665+0000] {logging_mixin.py:188} INFO - [2024-07-11T00:22:01.664+0000] {dagbag.py:545} INFO - Filling up the DagBag from /home/airflow/.local/lib/python3.12/site-packages/airflow/example_dags/example_display_name.py
[2024-07-11T00:22:01.675+0000] {processor.py:840} INFO - DAG(s) 'example_display_name' retrieved from /home/airflow/.local/lib/python3.12/site-packages/airflow/example_dags/example_display_name.py
[2024-07-11T00:22:01.720+0000] {logging_mixin.py:188} INFO - [2024-07-11T00:22:01.719+0000] {dag.py:3096} INFO - Sync 1 DAGs
[2024-07-11T00:22:01.743+0000] {logging_mixin.py:188} INFO - [2024-07-11T00:22:01.742+0000] {dag.py:3954} INFO - Setting next_dagrun for example_display_name to None, run_after=None
[2024-07-11T00:22:01.784+0000] {processor.py:183} INFO - Processing /home/airflow/.local/lib/python3.12/site-packages/airflow/example_dags/example_display_name.py took 0.137 seconds
[2024-07-11T00:22:32.311+0000] {processor.py:161} INFO - Started process (PID=6605) to work on /home/airflow/.local/lib/python3.12/site-packages/airflow/example_dags/example_display_name.py
[2024-07-11T00:22:32.315+0000] {processor.py:830} INFO - Processing file /home/airflow/.local/lib/python3.12/site-packages/airflow/example_dags/example_display_name.py for tasks to queue
[2024-07-11T00:22:32.318+0000] {logging_mixin.py:188} INFO - [2024-07-11T00:22:32.317+0000] {dagbag.py:545} INFO - Filling up the DagBag from /home/airflow/.local/lib/python3.12/site-packages/airflow/example_dags/example_display_name.py
[2024-07-11T00:22:32.331+0000] {processor.py:840} INFO - DAG(s) 'example_display_name' retrieved from /home/airflow/.local/lib/python3.12/site-packages/airflow/example_dags/example_display_name.py
[2024-07-11T00:22:32.387+0000] {logging_mixin.py:188} INFO - [2024-07-11T00:22:32.387+0000] {dag.py:3096} INFO - Sync 1 DAGs
[2024-07-11T00:22:32.425+0000] {logging_mixin.py:188} INFO - [2024-07-11T00:22:32.425+0000] {dag.py:3954} INFO - Setting next_dagrun for example_display_name to None, run_after=None
[2024-07-11T00:22:32.474+0000] {processor.py:183} INFO - Processing /home/airflow/.local/lib/python3.12/site-packages/airflow/example_dags/example_display_name.py took 0.178 seconds
[2024-07-11T00:23:03.891+0000] {processor.py:161} INFO - Started process (PID=6665) to work on /home/airflow/.local/lib/python3.12/site-packages/airflow/example_dags/example_display_name.py
[2024-07-11T00:23:03.899+0000] {processor.py:830} INFO - Processing file /home/airflow/.local/lib/python3.12/site-packages/airflow/example_dags/example_display_name.py for tasks to queue
[2024-07-11T00:23:03.906+0000] {logging_mixin.py:188} INFO - [2024-07-11T00:23:03.904+0000] {dagbag.py:545} INFO - Filling up the DagBag from /home/airflow/.local/lib/python3.12/site-packages/airflow/example_dags/example_display_name.py
[2024-07-11T00:23:03.936+0000] {processor.py:840} INFO - DAG(s) 'example_display_name' retrieved from /home/airflow/.local/lib/python3.12/site-packages/airflow/example_dags/example_display_name.py
[2024-07-11T00:23:04.013+0000] {logging_mixin.py:188} INFO - [2024-07-11T00:23:04.013+0000] {dag.py:3096} INFO - Sync 1 DAGs
[2024-07-11T00:23:04.055+0000] {logging_mixin.py:188} INFO - [2024-07-11T00:23:04.055+0000] {dag.py:3954} INFO - Setting next_dagrun for example_display_name to None, run_after=None
[2024-07-11T00:23:04.121+0000] {processor.py:183} INFO - Processing /home/airflow/.local/lib/python3.12/site-packages/airflow/example_dags/example_display_name.py took 0.249 seconds
[2024-07-11T00:23:35.623+0000] {processor.py:161} INFO - Started process (PID=6724) to work on /home/airflow/.local/lib/python3.12/site-packages/airflow/example_dags/example_display_name.py
[2024-07-11T00:23:35.626+0000] {processor.py:830} INFO - Processing file /home/airflow/.local/lib/python3.12/site-packages/airflow/example_dags/example_display_name.py for tasks to queue
[2024-07-11T00:23:35.630+0000] {logging_mixin.py:188} INFO - [2024-07-11T00:23:35.627+0000] {dagbag.py:545} INFO - Filling up the DagBag from /home/airflow/.local/lib/python3.12/site-packages/airflow/example_dags/example_display_name.py
[2024-07-11T00:23:35.675+0000] {processor.py:840} INFO - DAG(s) 'example_display_name' retrieved from /home/airflow/.local/lib/python3.12/site-packages/airflow/example_dags/example_display_name.py
[2024-07-11T00:23:35.736+0000] {logging_mixin.py:188} INFO - [2024-07-11T00:23:35.735+0000] {dag.py:3096} INFO - Sync 1 DAGs
[2024-07-11T00:23:35.776+0000] {logging_mixin.py:188} INFO - [2024-07-11T00:23:35.775+0000] {dag.py:3954} INFO - Setting next_dagrun for example_display_name to None, run_after=None
[2024-07-11T00:23:35.824+0000] {processor.py:183} INFO - Processing /home/airflow/.local/lib/python3.12/site-packages/airflow/example_dags/example_display_name.py took 0.239 seconds
[2024-07-11T00:24:06.475+0000] {processor.py:161} INFO - Started process (PID=6783) to work on /home/airflow/.local/lib/python3.12/site-packages/airflow/example_dags/example_display_name.py
[2024-07-11T00:24:06.477+0000] {processor.py:830} INFO - Processing file /home/airflow/.local/lib/python3.12/site-packages/airflow/example_dags/example_display_name.py for tasks to queue
[2024-07-11T00:24:06.479+0000] {logging_mixin.py:188} INFO - [2024-07-11T00:24:06.478+0000] {dagbag.py:545} INFO - Filling up the DagBag from /home/airflow/.local/lib/python3.12/site-packages/airflow/example_dags/example_display_name.py
[2024-07-11T00:24:06.489+0000] {processor.py:840} INFO - DAG(s) 'example_display_name' retrieved from /home/airflow/.local/lib/python3.12/site-packages/airflow/example_dags/example_display_name.py
[2024-07-11T00:24:06.592+0000] {logging_mixin.py:188} INFO - [2024-07-11T00:24:06.592+0000] {dag.py:3096} INFO - Sync 1 DAGs
[2024-07-11T00:24:06.621+0000] {logging_mixin.py:188} INFO - [2024-07-11T00:24:06.621+0000] {dag.py:3954} INFO - Setting next_dagrun for example_display_name to None, run_after=None
[2024-07-11T00:24:06.664+0000] {processor.py:183} INFO - Processing /home/airflow/.local/lib/python3.12/site-packages/airflow/example_dags/example_display_name.py took 0.199 seconds
[2024-07-11T00:24:37.117+0000] {processor.py:161} INFO - Started process (PID=6842) to work on /home/airflow/.local/lib/python3.12/site-packages/airflow/example_dags/example_display_name.py
[2024-07-11T00:24:37.119+0000] {processor.py:830} INFO - Processing file /home/airflow/.local/lib/python3.12/site-packages/airflow/example_dags/example_display_name.py for tasks to queue
[2024-07-11T00:24:37.121+0000] {logging_mixin.py:188} INFO - [2024-07-11T00:24:37.120+0000] {dagbag.py:545} INFO - Filling up the DagBag from /home/airflow/.local/lib/python3.12/site-packages/airflow/example_dags/example_display_name.py
[2024-07-11T00:24:37.151+0000] {processor.py:840} INFO - DAG(s) 'example_display_name' retrieved from /home/airflow/.local/lib/python3.12/site-packages/airflow/example_dags/example_display_name.py
[2024-07-11T00:24:37.242+0000] {logging_mixin.py:188} INFO - [2024-07-11T00:24:37.240+0000] {dag.py:3096} INFO - Sync 1 DAGs
[2024-07-11T00:24:37.282+0000] {logging_mixin.py:188} INFO - [2024-07-11T00:24:37.282+0000] {dag.py:3954} INFO - Setting next_dagrun for example_display_name to None, run_after=None
[2024-07-11T00:24:37.346+0000] {processor.py:183} INFO - Processing /home/airflow/.local/lib/python3.12/site-packages/airflow/example_dags/example_display_name.py took 0.243 seconds
[2024-07-11T00:25:08.759+0000] {processor.py:161} INFO - Started process (PID=6902) to work on /home/airflow/.local/lib/python3.12/site-packages/airflow/example_dags/example_display_name.py
[2024-07-11T00:25:08.763+0000] {processor.py:830} INFO - Processing file /home/airflow/.local/lib/python3.12/site-packages/airflow/example_dags/example_display_name.py for tasks to queue
[2024-07-11T00:25:08.766+0000] {logging_mixin.py:188} INFO - [2024-07-11T00:25:08.765+0000] {dagbag.py:545} INFO - Filling up the DagBag from /home/airflow/.local/lib/python3.12/site-packages/airflow/example_dags/example_display_name.py
[2024-07-11T00:25:08.777+0000] {processor.py:840} INFO - DAG(s) 'example_display_name' retrieved from /home/airflow/.local/lib/python3.12/site-packages/airflow/example_dags/example_display_name.py
[2024-07-11T00:25:08.821+0000] {logging_mixin.py:188} INFO - [2024-07-11T00:25:08.821+0000] {dag.py:3096} INFO - Sync 1 DAGs
[2024-07-11T00:25:08.850+0000] {logging_mixin.py:188} INFO - [2024-07-11T00:25:08.850+0000] {dag.py:3954} INFO - Setting next_dagrun for example_display_name to None, run_after=None
[2024-07-11T00:25:08.897+0000] {processor.py:183} INFO - Processing /home/airflow/.local/lib/python3.12/site-packages/airflow/example_dags/example_display_name.py took 0.153 seconds
[2024-07-11T00:25:40.485+0000] {processor.py:161} INFO - Started process (PID=6962) to work on /home/airflow/.local/lib/python3.12/site-packages/airflow/example_dags/example_display_name.py
[2024-07-11T00:25:40.487+0000] {processor.py:830} INFO - Processing file /home/airflow/.local/lib/python3.12/site-packages/airflow/example_dags/example_display_name.py for tasks to queue
[2024-07-11T00:25:40.490+0000] {logging_mixin.py:188} INFO - [2024-07-11T00:25:40.490+0000] {dagbag.py:545} INFO - Filling up the DagBag from /home/airflow/.local/lib/python3.12/site-packages/airflow/example_dags/example_display_name.py
[2024-07-11T00:25:40.500+0000] {processor.py:840} INFO - DAG(s) 'example_display_name' retrieved from /home/airflow/.local/lib/python3.12/site-packages/airflow/example_dags/example_display_name.py
[2024-07-11T00:25:40.541+0000] {logging_mixin.py:188} INFO - [2024-07-11T00:25:40.541+0000] {dag.py:3096} INFO - Sync 1 DAGs
[2024-07-11T00:25:40.565+0000] {logging_mixin.py:188} INFO - [2024-07-11T00:25:40.564+0000] {dag.py:3954} INFO - Setting next_dagrun for example_display_name to None, run_after=None
[2024-07-11T00:25:40.609+0000] {processor.py:183} INFO - Processing /home/airflow/.local/lib/python3.12/site-packages/airflow/example_dags/example_display_name.py took 0.135 seconds
[2024-07-11T00:26:10.711+0000] {processor.py:161} INFO - Started process (PID=7021) to work on /home/airflow/.local/lib/python3.12/site-packages/airflow/example_dags/example_display_name.py
[2024-07-11T00:26:10.713+0000] {processor.py:830} INFO - Processing file /home/airflow/.local/lib/python3.12/site-packages/airflow/example_dags/example_display_name.py for tasks to queue
[2024-07-11T00:26:10.715+0000] {logging_mixin.py:188} INFO - [2024-07-11T00:26:10.714+0000] {dagbag.py:545} INFO - Filling up the DagBag from /home/airflow/.local/lib/python3.12/site-packages/airflow/example_dags/example_display_name.py
[2024-07-11T00:26:10.724+0000] {processor.py:840} INFO - DAG(s) 'example_display_name' retrieved from /home/airflow/.local/lib/python3.12/site-packages/airflow/example_dags/example_display_name.py
[2024-07-11T00:26:10.763+0000] {logging_mixin.py:188} INFO - [2024-07-11T00:26:10.763+0000] {dag.py:3096} INFO - Sync 1 DAGs
[2024-07-11T00:26:10.786+0000] {logging_mixin.py:188} INFO - [2024-07-11T00:26:10.786+0000] {dag.py:3954} INFO - Setting next_dagrun for example_display_name to None, run_after=None
[2024-07-11T00:26:10.825+0000] {processor.py:183} INFO - Processing /home/airflow/.local/lib/python3.12/site-packages/airflow/example_dags/example_display_name.py took 0.129 seconds
[2024-07-11T00:26:44.324+0000] {processor.py:161} INFO - Started process (PID=7081) to work on /home/airflow/.local/lib/python3.12/site-packages/airflow/example_dags/example_display_name.py
[2024-07-11T00:26:44.327+0000] {processor.py:830} INFO - Processing file /home/airflow/.local/lib/python3.12/site-packages/airflow/example_dags/example_display_name.py for tasks to queue
[2024-07-11T00:26:44.329+0000] {logging_mixin.py:188} INFO - [2024-07-11T00:26:44.329+0000] {dagbag.py:545} INFO - Filling up the DagBag from /home/airflow/.local/lib/python3.12/site-packages/airflow/example_dags/example_display_name.py
[2024-07-11T00:26:44.341+0000] {processor.py:840} INFO - DAG(s) 'example_display_name' retrieved from /home/airflow/.local/lib/python3.12/site-packages/airflow/example_dags/example_display_name.py
[2024-07-11T00:26:44.588+0000] {logging_mixin.py:188} INFO - [2024-07-11T00:26:44.588+0000] {dag.py:3096} INFO - Sync 1 DAGs
[2024-07-11T00:26:44.616+0000] {logging_mixin.py:188} INFO - [2024-07-11T00:26:44.616+0000] {dag.py:3954} INFO - Setting next_dagrun for example_display_name to None, run_after=None
[2024-07-11T00:26:44.663+0000] {processor.py:183} INFO - Processing /home/airflow/.local/lib/python3.12/site-packages/airflow/example_dags/example_display_name.py took 0.352 seconds
