[2024-07-11T00:00:21.025+0000] {processor.py:161} INFO - Started process (PID=4022) to work on /home/airflow/.local/lib/python3.12/site-packages/airflow/example_dags/example_short_circuit_operator.py
[2024-07-11T00:00:21.036+0000] {processor.py:830} INFO - Processing file /home/airflow/.local/lib/python3.12/site-packages/airflow/example_dags/example_short_circuit_operator.py for tasks to queue
[2024-07-11T00:00:21.050+0000] {logging_mixin.py:188} INFO - [2024-07-11T00:00:21.047+0000] {dagbag.py:545} INFO - Filling up the DagBag from /home/airflow/.local/lib/python3.12/site-packages/airflow/example_dags/example_short_circuit_operator.py
[2024-07-11T00:00:21.123+0000] {processor.py:840} INFO - DAG(s) 'example_short_circuit_operator' retrieved from /home/airflow/.local/lib/python3.12/site-packages/airflow/example_dags/example_short_circuit_operator.py
[2024-07-11T00:00:21.279+0000] {logging_mixin.py:188} INFO - [2024-07-11T00:00:21.279+0000] {dag.py:3096} INFO - Sync 1 DAGs
[2024-07-11T00:00:21.392+0000] {logging_mixin.py:188} INFO - [2024-07-11T00:00:21.391+0000] {dag.py:3954} INFO - Setting next_dagrun for example_short_circuit_operator to 2024-07-10 00:00:00+00:00, run_after=2024-07-11 00:00:00+00:00
[2024-07-11T00:00:21.431+0000] {processor.py:183} INFO - Processing /home/airflow/.local/lib/python3.12/site-packages/airflow/example_dags/example_short_circuit_operator.py took 0.425 seconds
[2024-07-11T00:00:52.249+0000] {processor.py:161} INFO - Started process (PID=4082) to work on /home/airflow/.local/lib/python3.12/site-packages/airflow/example_dags/example_short_circuit_operator.py
[2024-07-11T00:00:52.253+0000] {processor.py:830} INFO - Processing file /home/airflow/.local/lib/python3.12/site-packages/airflow/example_dags/example_short_circuit_operator.py for tasks to queue
[2024-07-11T00:00:52.255+0000] {logging_mixin.py:188} INFO - [2024-07-11T00:00:52.255+0000] {dagbag.py:545} INFO - Filling up the DagBag from /home/airflow/.local/lib/python3.12/site-packages/airflow/example_dags/example_short_circuit_operator.py
[2024-07-11T00:00:52.289+0000] {processor.py:840} INFO - DAG(s) 'example_short_circuit_operator' retrieved from /home/airflow/.local/lib/python3.12/site-packages/airflow/example_dags/example_short_circuit_operator.py
[2024-07-11T00:00:52.523+0000] {logging_mixin.py:188} INFO - [2024-07-11T00:00:52.522+0000] {dag.py:3096} INFO - Sync 1 DAGs
[2024-07-11T00:00:52.655+0000] {logging_mixin.py:188} INFO - [2024-07-11T00:00:52.654+0000] {dag.py:3954} INFO - Setting next_dagrun for example_short_circuit_operator to 2024-07-10 00:00:00+00:00, run_after=2024-07-11 00:00:00+00:00
[2024-07-11T00:00:52.768+0000] {processor.py:183} INFO - Processing /home/airflow/.local/lib/python3.12/site-packages/airflow/example_dags/example_short_circuit_operator.py took 0.534 seconds
[2024-07-11T00:01:23.391+0000] {processor.py:161} INFO - Started process (PID=4144) to work on /home/airflow/.local/lib/python3.12/site-packages/airflow/example_dags/example_short_circuit_operator.py
[2024-07-11T00:01:23.393+0000] {processor.py:830} INFO - Processing file /home/airflow/.local/lib/python3.12/site-packages/airflow/example_dags/example_short_circuit_operator.py for tasks to queue
[2024-07-11T00:01:23.395+0000] {logging_mixin.py:188} INFO - [2024-07-11T00:01:23.394+0000] {dagbag.py:545} INFO - Filling up the DagBag from /home/airflow/.local/lib/python3.12/site-packages/airflow/example_dags/example_short_circuit_operator.py
[2024-07-11T00:01:23.405+0000] {processor.py:840} INFO - DAG(s) 'example_short_circuit_operator' retrieved from /home/airflow/.local/lib/python3.12/site-packages/airflow/example_dags/example_short_circuit_operator.py
[2024-07-11T00:01:23.448+0000] {logging_mixin.py:188} INFO - [2024-07-11T00:01:23.447+0000] {dag.py:3096} INFO - Sync 1 DAGs
[2024-07-11T00:01:23.481+0000] {logging_mixin.py:188} INFO - [2024-07-11T00:01:23.481+0000] {dag.py:3954} INFO - Setting next_dagrun for example_short_circuit_operator to 2024-07-10 00:00:00+00:00, run_after=2024-07-11 00:00:00+00:00
[2024-07-11T00:01:23.513+0000] {processor.py:183} INFO - Processing /home/airflow/.local/lib/python3.12/site-packages/airflow/example_dags/example_short_circuit_operator.py took 0.134 seconds
[2024-07-11T00:01:53.789+0000] {processor.py:161} INFO - Started process (PID=4203) to work on /home/airflow/.local/lib/python3.12/site-packages/airflow/example_dags/example_short_circuit_operator.py
[2024-07-11T00:01:53.790+0000] {processor.py:830} INFO - Processing file /home/airflow/.local/lib/python3.12/site-packages/airflow/example_dags/example_short_circuit_operator.py for tasks to queue
[2024-07-11T00:01:53.793+0000] {logging_mixin.py:188} INFO - [2024-07-11T00:01:53.792+0000] {dagbag.py:545} INFO - Filling up the DagBag from /home/airflow/.local/lib/python3.12/site-packages/airflow/example_dags/example_short_circuit_operator.py
[2024-07-11T00:01:53.802+0000] {processor.py:840} INFO - DAG(s) 'example_short_circuit_operator' retrieved from /home/airflow/.local/lib/python3.12/site-packages/airflow/example_dags/example_short_circuit_operator.py
[2024-07-11T00:01:53.847+0000] {logging_mixin.py:188} INFO - [2024-07-11T00:01:53.847+0000] {dag.py:3096} INFO - Sync 1 DAGs
[2024-07-11T00:01:53.883+0000] {logging_mixin.py:188} INFO - [2024-07-11T00:01:53.882+0000] {dag.py:3954} INFO - Setting next_dagrun for example_short_circuit_operator to 2024-07-10 00:00:00+00:00, run_after=2024-07-11 00:00:00+00:00
[2024-07-11T00:01:53.916+0000] {processor.py:183} INFO - Processing /home/airflow/.local/lib/python3.12/site-packages/airflow/example_dags/example_short_circuit_operator.py took 0.137 seconds
[2024-07-11T00:02:24.264+0000] {processor.py:161} INFO - Started process (PID=4265) to work on /home/airflow/.local/lib/python3.12/site-packages/airflow/example_dags/example_short_circuit_operator.py
[2024-07-11T00:02:24.267+0000] {processor.py:830} INFO - Processing file /home/airflow/.local/lib/python3.12/site-packages/airflow/example_dags/example_short_circuit_operator.py for tasks to queue
[2024-07-11T00:02:24.270+0000] {logging_mixin.py:188} INFO - [2024-07-11T00:02:24.269+0000] {dagbag.py:545} INFO - Filling up the DagBag from /home/airflow/.local/lib/python3.12/site-packages/airflow/example_dags/example_short_circuit_operator.py
[2024-07-11T00:02:24.282+0000] {processor.py:840} INFO - DAG(s) 'example_short_circuit_operator' retrieved from /home/airflow/.local/lib/python3.12/site-packages/airflow/example_dags/example_short_circuit_operator.py
[2024-07-11T00:02:24.342+0000] {logging_mixin.py:188} INFO - [2024-07-11T00:02:24.341+0000] {dag.py:3096} INFO - Sync 1 DAGs
[2024-07-11T00:02:24.393+0000] {logging_mixin.py:188} INFO - [2024-07-11T00:02:24.393+0000] {dag.py:3954} INFO - Setting next_dagrun for example_short_circuit_operator to 2024-07-10 00:00:00+00:00, run_after=2024-07-11 00:00:00+00:00
[2024-07-11T00:02:24.432+0000] {processor.py:183} INFO - Processing /home/airflow/.local/lib/python3.12/site-packages/airflow/example_dags/example_short_circuit_operator.py took 0.178 seconds
[2024-07-11T00:02:55.321+0000] {processor.py:161} INFO - Started process (PID=4324) to work on /home/airflow/.local/lib/python3.12/site-packages/airflow/example_dags/example_short_circuit_operator.py
[2024-07-11T00:02:55.323+0000] {processor.py:830} INFO - Processing file /home/airflow/.local/lib/python3.12/site-packages/airflow/example_dags/example_short_circuit_operator.py for tasks to queue
[2024-07-11T00:02:55.325+0000] {logging_mixin.py:188} INFO - [2024-07-11T00:02:55.324+0000] {dagbag.py:545} INFO - Filling up the DagBag from /home/airflow/.local/lib/python3.12/site-packages/airflow/example_dags/example_short_circuit_operator.py
[2024-07-11T00:02:55.342+0000] {processor.py:840} INFO - DAG(s) 'example_short_circuit_operator' retrieved from /home/airflow/.local/lib/python3.12/site-packages/airflow/example_dags/example_short_circuit_operator.py
[2024-07-11T00:02:55.388+0000] {logging_mixin.py:188} INFO - [2024-07-11T00:02:55.387+0000] {dag.py:3096} INFO - Sync 1 DAGs
[2024-07-11T00:02:55.433+0000] {logging_mixin.py:188} INFO - [2024-07-11T00:02:55.433+0000] {dag.py:3954} INFO - Setting next_dagrun for example_short_circuit_operator to 2024-07-10 00:00:00+00:00, run_after=2024-07-11 00:00:00+00:00
[2024-07-11T00:02:55.488+0000] {processor.py:183} INFO - Processing /home/airflow/.local/lib/python3.12/site-packages/airflow/example_dags/example_short_circuit_operator.py took 0.181 seconds
[2024-07-11T00:03:26.442+0000] {processor.py:161} INFO - Started process (PID=4386) to work on /home/airflow/.local/lib/python3.12/site-packages/airflow/example_dags/example_short_circuit_operator.py
[2024-07-11T00:03:26.444+0000] {processor.py:830} INFO - Processing file /home/airflow/.local/lib/python3.12/site-packages/airflow/example_dags/example_short_circuit_operator.py for tasks to queue
[2024-07-11T00:03:26.451+0000] {logging_mixin.py:188} INFO - [2024-07-11T00:03:26.450+0000] {dagbag.py:545} INFO - Filling up the DagBag from /home/airflow/.local/lib/python3.12/site-packages/airflow/example_dags/example_short_circuit_operator.py
[2024-07-11T00:03:26.479+0000] {processor.py:840} INFO - DAG(s) 'example_short_circuit_operator' retrieved from /home/airflow/.local/lib/python3.12/site-packages/airflow/example_dags/example_short_circuit_operator.py
[2024-07-11T00:03:26.654+0000] {logging_mixin.py:188} INFO - [2024-07-11T00:03:26.652+0000] {dag.py:3096} INFO - Sync 1 DAGs
[2024-07-11T00:03:26.780+0000] {logging_mixin.py:188} INFO - [2024-07-11T00:03:26.778+0000] {dag.py:3954} INFO - Setting next_dagrun for example_short_circuit_operator to 2024-07-10 00:00:00+00:00, run_after=2024-07-11 00:00:00+00:00
[2024-07-11T00:03:26.890+0000] {processor.py:183} INFO - Processing /home/airflow/.local/lib/python3.12/site-packages/airflow/example_dags/example_short_circuit_operator.py took 0.462 seconds
[2024-07-11T00:03:57.746+0000] {processor.py:161} INFO - Started process (PID=4446) to work on /home/airflow/.local/lib/python3.12/site-packages/airflow/example_dags/example_short_circuit_operator.py
[2024-07-11T00:03:57.756+0000] {processor.py:830} INFO - Processing file /home/airflow/.local/lib/python3.12/site-packages/airflow/example_dags/example_short_circuit_operator.py for tasks to queue
[2024-07-11T00:03:57.759+0000] {logging_mixin.py:188} INFO - [2024-07-11T00:03:57.758+0000] {dagbag.py:545} INFO - Filling up the DagBag from /home/airflow/.local/lib/python3.12/site-packages/airflow/example_dags/example_short_circuit_operator.py
[2024-07-11T00:03:57.800+0000] {processor.py:840} INFO - DAG(s) 'example_short_circuit_operator' retrieved from /home/airflow/.local/lib/python3.12/site-packages/airflow/example_dags/example_short_circuit_operator.py
[2024-07-11T00:03:57.972+0000] {logging_mixin.py:188} INFO - [2024-07-11T00:03:57.963+0000] {dag.py:3096} INFO - Sync 1 DAGs
[2024-07-11T00:03:58.085+0000] {logging_mixin.py:188} INFO - [2024-07-11T00:03:58.084+0000] {dag.py:3954} INFO - Setting next_dagrun for example_short_circuit_operator to 2024-07-10 00:00:00+00:00, run_after=2024-07-11 00:00:00+00:00
[2024-07-11T00:03:58.133+0000] {processor.py:183} INFO - Processing /home/airflow/.local/lib/python3.12/site-packages/airflow/example_dags/example_short_circuit_operator.py took 0.406 seconds
[2024-07-11T00:04:28.744+0000] {processor.py:161} INFO - Started process (PID=4506) to work on /home/airflow/.local/lib/python3.12/site-packages/airflow/example_dags/example_short_circuit_operator.py
[2024-07-11T00:04:28.752+0000] {processor.py:830} INFO - Processing file /home/airflow/.local/lib/python3.12/site-packages/airflow/example_dags/example_short_circuit_operator.py for tasks to queue
[2024-07-11T00:04:28.757+0000] {logging_mixin.py:188} INFO - [2024-07-11T00:04:28.755+0000] {dagbag.py:545} INFO - Filling up the DagBag from /home/airflow/.local/lib/python3.12/site-packages/airflow/example_dags/example_short_circuit_operator.py
[2024-07-11T00:04:28.785+0000] {processor.py:840} INFO - DAG(s) 'example_short_circuit_operator' retrieved from /home/airflow/.local/lib/python3.12/site-packages/airflow/example_dags/example_short_circuit_operator.py
[2024-07-11T00:04:28.853+0000] {logging_mixin.py:188} INFO - [2024-07-11T00:04:28.853+0000] {dag.py:3096} INFO - Sync 1 DAGs
[2024-07-11T00:04:28.904+0000] {logging_mixin.py:188} INFO - [2024-07-11T00:04:28.903+0000] {dag.py:3954} INFO - Setting next_dagrun for example_short_circuit_operator to 2024-07-10 00:00:00+00:00, run_after=2024-07-11 00:00:00+00:00
[2024-07-11T00:04:29.076+0000] {processor.py:183} INFO - Processing /home/airflow/.local/lib/python3.12/site-packages/airflow/example_dags/example_short_circuit_operator.py took 0.354 seconds
[2024-07-11T00:04:59.559+0000] {processor.py:161} INFO - Started process (PID=4568) to work on /home/airflow/.local/lib/python3.12/site-packages/airflow/example_dags/example_short_circuit_operator.py
[2024-07-11T00:04:59.560+0000] {processor.py:830} INFO - Processing file /home/airflow/.local/lib/python3.12/site-packages/airflow/example_dags/example_short_circuit_operator.py for tasks to queue
[2024-07-11T00:04:59.562+0000] {logging_mixin.py:188} INFO - [2024-07-11T00:04:59.562+0000] {dagbag.py:545} INFO - Filling up the DagBag from /home/airflow/.local/lib/python3.12/site-packages/airflow/example_dags/example_short_circuit_operator.py
[2024-07-11T00:04:59.573+0000] {processor.py:840} INFO - DAG(s) 'example_short_circuit_operator' retrieved from /home/airflow/.local/lib/python3.12/site-packages/airflow/example_dags/example_short_circuit_operator.py
[2024-07-11T00:04:59.618+0000] {logging_mixin.py:188} INFO - [2024-07-11T00:04:59.618+0000] {dag.py:3096} INFO - Sync 1 DAGs
[2024-07-11T00:04:59.674+0000] {logging_mixin.py:188} INFO - [2024-07-11T00:04:59.674+0000] {dag.py:3954} INFO - Setting next_dagrun for example_short_circuit_operator to 2024-07-10 00:00:00+00:00, run_after=2024-07-11 00:00:00+00:00
[2024-07-11T00:04:59.718+0000] {processor.py:183} INFO - Processing /home/airflow/.local/lib/python3.12/site-packages/airflow/example_dags/example_short_circuit_operator.py took 0.172 seconds
[2024-07-11T00:05:31.451+0000] {processor.py:161} INFO - Started process (PID=4628) to work on /home/airflow/.local/lib/python3.12/site-packages/airflow/example_dags/example_short_circuit_operator.py
[2024-07-11T00:05:31.454+0000] {processor.py:830} INFO - Processing file /home/airflow/.local/lib/python3.12/site-packages/airflow/example_dags/example_short_circuit_operator.py for tasks to queue
[2024-07-11T00:05:31.457+0000] {logging_mixin.py:188} INFO - [2024-07-11T00:05:31.457+0000] {dagbag.py:545} INFO - Filling up the DagBag from /home/airflow/.local/lib/python3.12/site-packages/airflow/example_dags/example_short_circuit_operator.py
[2024-07-11T00:05:31.474+0000] {processor.py:840} INFO - DAG(s) 'example_short_circuit_operator' retrieved from /home/airflow/.local/lib/python3.12/site-packages/airflow/example_dags/example_short_circuit_operator.py
[2024-07-11T00:05:31.553+0000] {logging_mixin.py:188} INFO - [2024-07-11T00:05:31.552+0000] {dag.py:3096} INFO - Sync 1 DAGs
[2024-07-11T00:05:31.624+0000] {logging_mixin.py:188} INFO - [2024-07-11T00:05:31.623+0000] {dag.py:3954} INFO - Setting next_dagrun for example_short_circuit_operator to 2024-07-10 00:00:00+00:00, run_after=2024-07-11 00:00:00+00:00
[2024-07-11T00:05:31.703+0000] {processor.py:183} INFO - Processing /home/airflow/.local/lib/python3.12/site-packages/airflow/example_dags/example_short_circuit_operator.py took 0.278 seconds
[2024-07-11T00:06:04.209+0000] {processor.py:161} INFO - Started process (PID=4688) to work on /home/airflow/.local/lib/python3.12/site-packages/airflow/example_dags/example_short_circuit_operator.py
[2024-07-11T00:06:04.212+0000] {processor.py:830} INFO - Processing file /home/airflow/.local/lib/python3.12/site-packages/airflow/example_dags/example_short_circuit_operator.py for tasks to queue
[2024-07-11T00:06:04.221+0000] {logging_mixin.py:188} INFO - [2024-07-11T00:06:04.220+0000] {dagbag.py:545} INFO - Filling up the DagBag from /home/airflow/.local/lib/python3.12/site-packages/airflow/example_dags/example_short_circuit_operator.py
[2024-07-11T00:06:04.235+0000] {processor.py:840} INFO - DAG(s) 'example_short_circuit_operator' retrieved from /home/airflow/.local/lib/python3.12/site-packages/airflow/example_dags/example_short_circuit_operator.py
[2024-07-11T00:06:04.413+0000] {logging_mixin.py:188} INFO - [2024-07-11T00:06:04.410+0000] {dag.py:3096} INFO - Sync 1 DAGs
[2024-07-11T00:06:04.558+0000] {logging_mixin.py:188} INFO - [2024-07-11T00:06:04.557+0000] {dag.py:3954} INFO - Setting next_dagrun for example_short_circuit_operator to 2024-07-10 00:00:00+00:00, run_after=2024-07-11 00:00:00+00:00
[2024-07-11T00:06:04.664+0000] {processor.py:183} INFO - Processing /home/airflow/.local/lib/python3.12/site-packages/airflow/example_dags/example_short_circuit_operator.py took 0.473 seconds
[2024-07-11T00:06:35.150+0000] {processor.py:161} INFO - Started process (PID=4748) to work on /home/airflow/.local/lib/python3.12/site-packages/airflow/example_dags/example_short_circuit_operator.py
[2024-07-11T00:06:35.152+0000] {processor.py:830} INFO - Processing file /home/airflow/.local/lib/python3.12/site-packages/airflow/example_dags/example_short_circuit_operator.py for tasks to queue
[2024-07-11T00:06:35.155+0000] {logging_mixin.py:188} INFO - [2024-07-11T00:06:35.154+0000] {dagbag.py:545} INFO - Filling up the DagBag from /home/airflow/.local/lib/python3.12/site-packages/airflow/example_dags/example_short_circuit_operator.py
[2024-07-11T00:06:35.166+0000] {processor.py:840} INFO - DAG(s) 'example_short_circuit_operator' retrieved from /home/airflow/.local/lib/python3.12/site-packages/airflow/example_dags/example_short_circuit_operator.py
[2024-07-11T00:06:35.209+0000] {logging_mixin.py:188} INFO - [2024-07-11T00:06:35.208+0000] {dag.py:3096} INFO - Sync 1 DAGs
[2024-07-11T00:06:35.240+0000] {logging_mixin.py:188} INFO - [2024-07-11T00:06:35.240+0000] {dag.py:3954} INFO - Setting next_dagrun for example_short_circuit_operator to 2024-07-10 00:00:00+00:00, run_after=2024-07-11 00:00:00+00:00
[2024-07-11T00:06:35.271+0000] {processor.py:183} INFO - Processing /home/airflow/.local/lib/python3.12/site-packages/airflow/example_dags/example_short_circuit_operator.py took 0.133 seconds
[2024-07-11T00:07:05.850+0000] {processor.py:161} INFO - Started process (PID=4808) to work on /home/airflow/.local/lib/python3.12/site-packages/airflow/example_dags/example_short_circuit_operator.py
[2024-07-11T00:07:05.852+0000] {processor.py:830} INFO - Processing file /home/airflow/.local/lib/python3.12/site-packages/airflow/example_dags/example_short_circuit_operator.py for tasks to queue
[2024-07-11T00:07:05.854+0000] {logging_mixin.py:188} INFO - [2024-07-11T00:07:05.854+0000] {dagbag.py:545} INFO - Filling up the DagBag from /home/airflow/.local/lib/python3.12/site-packages/airflow/example_dags/example_short_circuit_operator.py
[2024-07-11T00:07:05.865+0000] {processor.py:840} INFO - DAG(s) 'example_short_circuit_operator' retrieved from /home/airflow/.local/lib/python3.12/site-packages/airflow/example_dags/example_short_circuit_operator.py
[2024-07-11T00:07:05.956+0000] {logging_mixin.py:188} INFO - [2024-07-11T00:07:05.955+0000] {dag.py:3096} INFO - Sync 1 DAGs
[2024-07-11T00:07:06.031+0000] {logging_mixin.py:188} INFO - [2024-07-11T00:07:06.030+0000] {dag.py:3954} INFO - Setting next_dagrun for example_short_circuit_operator to 2024-07-10 00:00:00+00:00, run_after=2024-07-11 00:00:00+00:00
[2024-07-11T00:07:06.077+0000] {processor.py:183} INFO - Processing /home/airflow/.local/lib/python3.12/site-packages/airflow/example_dags/example_short_circuit_operator.py took 0.236 seconds
[2024-07-11T00:07:36.357+0000] {processor.py:161} INFO - Started process (PID=4865) to work on /home/airflow/.local/lib/python3.12/site-packages/airflow/example_dags/example_short_circuit_operator.py
[2024-07-11T00:07:36.359+0000] {processor.py:830} INFO - Processing file /home/airflow/.local/lib/python3.12/site-packages/airflow/example_dags/example_short_circuit_operator.py for tasks to queue
[2024-07-11T00:07:36.361+0000] {logging_mixin.py:188} INFO - [2024-07-11T00:07:36.360+0000] {dagbag.py:545} INFO - Filling up the DagBag from /home/airflow/.local/lib/python3.12/site-packages/airflow/example_dags/example_short_circuit_operator.py
[2024-07-11T00:07:36.372+0000] {processor.py:840} INFO - DAG(s) 'example_short_circuit_operator' retrieved from /home/airflow/.local/lib/python3.12/site-packages/airflow/example_dags/example_short_circuit_operator.py
[2024-07-11T00:07:36.435+0000] {logging_mixin.py:188} INFO - [2024-07-11T00:07:36.434+0000] {dag.py:3096} INFO - Sync 1 DAGs
[2024-07-11T00:07:36.478+0000] {logging_mixin.py:188} INFO - [2024-07-11T00:07:36.477+0000] {dag.py:3954} INFO - Setting next_dagrun for example_short_circuit_operator to 2024-07-10 00:00:00+00:00, run_after=2024-07-11 00:00:00+00:00
[2024-07-11T00:07:36.514+0000] {processor.py:183} INFO - Processing /home/airflow/.local/lib/python3.12/site-packages/airflow/example_dags/example_short_circuit_operator.py took 0.168 seconds
[2024-07-11T00:08:07.244+0000] {processor.py:161} INFO - Started process (PID=4925) to work on /home/airflow/.local/lib/python3.12/site-packages/airflow/example_dags/example_short_circuit_operator.py
[2024-07-11T00:08:07.247+0000] {processor.py:830} INFO - Processing file /home/airflow/.local/lib/python3.12/site-packages/airflow/example_dags/example_short_circuit_operator.py for tasks to queue
[2024-07-11T00:08:07.250+0000] {logging_mixin.py:188} INFO - [2024-07-11T00:08:07.249+0000] {dagbag.py:545} INFO - Filling up the DagBag from /home/airflow/.local/lib/python3.12/site-packages/airflow/example_dags/example_short_circuit_operator.py
[2024-07-11T00:08:07.262+0000] {processor.py:840} INFO - DAG(s) 'example_short_circuit_operator' retrieved from /home/airflow/.local/lib/python3.12/site-packages/airflow/example_dags/example_short_circuit_operator.py
[2024-07-11T00:08:07.319+0000] {logging_mixin.py:188} INFO - [2024-07-11T00:08:07.319+0000] {dag.py:3096} INFO - Sync 1 DAGs
[2024-07-11T00:08:07.369+0000] {logging_mixin.py:188} INFO - [2024-07-11T00:08:07.369+0000] {dag.py:3954} INFO - Setting next_dagrun for example_short_circuit_operator to 2024-07-10 00:00:00+00:00, run_after=2024-07-11 00:00:00+00:00
[2024-07-11T00:08:07.426+0000] {processor.py:183} INFO - Processing /home/airflow/.local/lib/python3.12/site-packages/airflow/example_dags/example_short_circuit_operator.py took 0.200 seconds
[2024-07-11T00:08:37.883+0000] {processor.py:161} INFO - Started process (PID=4984) to work on /home/airflow/.local/lib/python3.12/site-packages/airflow/example_dags/example_short_circuit_operator.py
[2024-07-11T00:08:37.887+0000] {processor.py:830} INFO - Processing file /home/airflow/.local/lib/python3.12/site-packages/airflow/example_dags/example_short_circuit_operator.py for tasks to queue
[2024-07-11T00:08:37.905+0000] {logging_mixin.py:188} INFO - [2024-07-11T00:08:37.904+0000] {dagbag.py:545} INFO - Filling up the DagBag from /home/airflow/.local/lib/python3.12/site-packages/airflow/example_dags/example_short_circuit_operator.py
[2024-07-11T00:08:37.965+0000] {processor.py:840} INFO - DAG(s) 'example_short_circuit_operator' retrieved from /home/airflow/.local/lib/python3.12/site-packages/airflow/example_dags/example_short_circuit_operator.py
[2024-07-11T00:08:38.093+0000] {logging_mixin.py:188} INFO - [2024-07-11T00:08:38.087+0000] {dag.py:3096} INFO - Sync 1 DAGs
[2024-07-11T00:08:38.162+0000] {logging_mixin.py:188} INFO - [2024-07-11T00:08:38.162+0000] {dag.py:3954} INFO - Setting next_dagrun for example_short_circuit_operator to 2024-07-10 00:00:00+00:00, run_after=2024-07-11 00:00:00+00:00
[2024-07-11T00:08:38.261+0000] {processor.py:183} INFO - Processing /home/airflow/.local/lib/python3.12/site-packages/airflow/example_dags/example_short_circuit_operator.py took 0.406 seconds
[2024-07-11T00:09:08.649+0000] {processor.py:161} INFO - Started process (PID=5045) to work on /home/airflow/.local/lib/python3.12/site-packages/airflow/example_dags/example_short_circuit_operator.py
[2024-07-11T00:09:08.651+0000] {processor.py:830} INFO - Processing file /home/airflow/.local/lib/python3.12/site-packages/airflow/example_dags/example_short_circuit_operator.py for tasks to queue
[2024-07-11T00:09:08.653+0000] {logging_mixin.py:188} INFO - [2024-07-11T00:09:08.652+0000] {dagbag.py:545} INFO - Filling up the DagBag from /home/airflow/.local/lib/python3.12/site-packages/airflow/example_dags/example_short_circuit_operator.py
[2024-07-11T00:09:08.662+0000] {processor.py:840} INFO - DAG(s) 'example_short_circuit_operator' retrieved from /home/airflow/.local/lib/python3.12/site-packages/airflow/example_dags/example_short_circuit_operator.py
[2024-07-11T00:09:08.704+0000] {logging_mixin.py:188} INFO - [2024-07-11T00:09:08.703+0000] {dag.py:3096} INFO - Sync 1 DAGs
[2024-07-11T00:09:08.731+0000] {logging_mixin.py:188} INFO - [2024-07-11T00:09:08.731+0000] {dag.py:3954} INFO - Setting next_dagrun for example_short_circuit_operator to 2024-07-10 00:00:00+00:00, run_after=2024-07-11 00:00:00+00:00
[2024-07-11T00:09:08.760+0000] {processor.py:183} INFO - Processing /home/airflow/.local/lib/python3.12/site-packages/airflow/example_dags/example_short_circuit_operator.py took 0.126 seconds
[2024-07-11T00:09:39.338+0000] {processor.py:161} INFO - Started process (PID=5105) to work on /home/airflow/.local/lib/python3.12/site-packages/airflow/example_dags/example_short_circuit_operator.py
[2024-07-11T00:09:39.340+0000] {processor.py:830} INFO - Processing file /home/airflow/.local/lib/python3.12/site-packages/airflow/example_dags/example_short_circuit_operator.py for tasks to queue
[2024-07-11T00:09:39.342+0000] {logging_mixin.py:188} INFO - [2024-07-11T00:09:39.342+0000] {dagbag.py:545} INFO - Filling up the DagBag from /home/airflow/.local/lib/python3.12/site-packages/airflow/example_dags/example_short_circuit_operator.py
[2024-07-11T00:09:39.356+0000] {processor.py:840} INFO - DAG(s) 'example_short_circuit_operator' retrieved from /home/airflow/.local/lib/python3.12/site-packages/airflow/example_dags/example_short_circuit_operator.py
[2024-07-11T00:09:39.434+0000] {logging_mixin.py:188} INFO - [2024-07-11T00:09:39.434+0000] {dag.py:3096} INFO - Sync 1 DAGs
[2024-07-11T00:09:39.477+0000] {logging_mixin.py:188} INFO - [2024-07-11T00:09:39.477+0000] {dag.py:3954} INFO - Setting next_dagrun for example_short_circuit_operator to 2024-07-10 00:00:00+00:00, run_after=2024-07-11 00:00:00+00:00
[2024-07-11T00:09:39.518+0000] {processor.py:183} INFO - Processing /home/airflow/.local/lib/python3.12/site-packages/airflow/example_dags/example_short_circuit_operator.py took 0.194 seconds
[2024-07-11T00:10:09.737+0000] {processor.py:161} INFO - Started process (PID=5165) to work on /home/airflow/.local/lib/python3.12/site-packages/airflow/example_dags/example_short_circuit_operator.py
[2024-07-11T00:10:09.739+0000] {processor.py:830} INFO - Processing file /home/airflow/.local/lib/python3.12/site-packages/airflow/example_dags/example_short_circuit_operator.py for tasks to queue
[2024-07-11T00:10:09.741+0000] {logging_mixin.py:188} INFO - [2024-07-11T00:10:09.740+0000] {dagbag.py:545} INFO - Filling up the DagBag from /home/airflow/.local/lib/python3.12/site-packages/airflow/example_dags/example_short_circuit_operator.py
[2024-07-11T00:10:09.752+0000] {processor.py:840} INFO - DAG(s) 'example_short_circuit_operator' retrieved from /home/airflow/.local/lib/python3.12/site-packages/airflow/example_dags/example_short_circuit_operator.py
[2024-07-11T00:10:09.928+0000] {logging_mixin.py:188} INFO - [2024-07-11T00:10:09.927+0000] {dag.py:3096} INFO - Sync 1 DAGs
[2024-07-11T00:10:09.965+0000] {logging_mixin.py:188} INFO - [2024-07-11T00:10:09.964+0000] {dag.py:3954} INFO - Setting next_dagrun for example_short_circuit_operator to 2024-07-10 00:00:00+00:00, run_after=2024-07-11 00:00:00+00:00
[2024-07-11T00:10:09.999+0000] {processor.py:183} INFO - Processing /home/airflow/.local/lib/python3.12/site-packages/airflow/example_dags/example_short_circuit_operator.py took 0.274 seconds
[2024-07-11T00:10:40.230+0000] {processor.py:161} INFO - Started process (PID=5224) to work on /home/airflow/.local/lib/python3.12/site-packages/airflow/example_dags/example_short_circuit_operator.py
[2024-07-11T00:10:40.232+0000] {processor.py:830} INFO - Processing file /home/airflow/.local/lib/python3.12/site-packages/airflow/example_dags/example_short_circuit_operator.py for tasks to queue
[2024-07-11T00:10:40.234+0000] {logging_mixin.py:188} INFO - [2024-07-11T00:10:40.233+0000] {dagbag.py:545} INFO - Filling up the DagBag from /home/airflow/.local/lib/python3.12/site-packages/airflow/example_dags/example_short_circuit_operator.py
[2024-07-11T00:10:40.244+0000] {processor.py:840} INFO - DAG(s) 'example_short_circuit_operator' retrieved from /home/airflow/.local/lib/python3.12/site-packages/airflow/example_dags/example_short_circuit_operator.py
[2024-07-11T00:10:40.287+0000] {logging_mixin.py:188} INFO - [2024-07-11T00:10:40.287+0000] {dag.py:3096} INFO - Sync 1 DAGs
[2024-07-11T00:10:40.323+0000] {logging_mixin.py:188} INFO - [2024-07-11T00:10:40.323+0000] {dag.py:3954} INFO - Setting next_dagrun for example_short_circuit_operator to 2024-07-10 00:00:00+00:00, run_after=2024-07-11 00:00:00+00:00
[2024-07-11T00:10:40.356+0000] {processor.py:183} INFO - Processing /home/airflow/.local/lib/python3.12/site-packages/airflow/example_dags/example_short_circuit_operator.py took 0.136 seconds
[2024-07-11T00:11:10.714+0000] {processor.py:161} INFO - Started process (PID=5284) to work on /home/airflow/.local/lib/python3.12/site-packages/airflow/example_dags/example_short_circuit_operator.py
[2024-07-11T00:11:10.715+0000] {processor.py:830} INFO - Processing file /home/airflow/.local/lib/python3.12/site-packages/airflow/example_dags/example_short_circuit_operator.py for tasks to queue
[2024-07-11T00:11:10.717+0000] {logging_mixin.py:188} INFO - [2024-07-11T00:11:10.717+0000] {dagbag.py:545} INFO - Filling up the DagBag from /home/airflow/.local/lib/python3.12/site-packages/airflow/example_dags/example_short_circuit_operator.py
[2024-07-11T00:11:10.728+0000] {processor.py:840} INFO - DAG(s) 'example_short_circuit_operator' retrieved from /home/airflow/.local/lib/python3.12/site-packages/airflow/example_dags/example_short_circuit_operator.py
[2024-07-11T00:11:10.771+0000] {logging_mixin.py:188} INFO - [2024-07-11T00:11:10.771+0000] {dag.py:3096} INFO - Sync 1 DAGs
[2024-07-11T00:11:10.809+0000] {logging_mixin.py:188} INFO - [2024-07-11T00:11:10.809+0000] {dag.py:3954} INFO - Setting next_dagrun for example_short_circuit_operator to 2024-07-10 00:00:00+00:00, run_after=2024-07-11 00:00:00+00:00
[2024-07-11T00:11:10.839+0000] {processor.py:183} INFO - Processing /home/airflow/.local/lib/python3.12/site-packages/airflow/example_dags/example_short_circuit_operator.py took 0.135 seconds
[2024-07-11T00:11:41.528+0000] {processor.py:161} INFO - Started process (PID=5344) to work on /home/airflow/.local/lib/python3.12/site-packages/airflow/example_dags/example_short_circuit_operator.py
[2024-07-11T00:11:41.534+0000] {processor.py:830} INFO - Processing file /home/airflow/.local/lib/python3.12/site-packages/airflow/example_dags/example_short_circuit_operator.py for tasks to queue
[2024-07-11T00:11:41.538+0000] {logging_mixin.py:188} INFO - [2024-07-11T00:11:41.537+0000] {dagbag.py:545} INFO - Filling up the DagBag from /home/airflow/.local/lib/python3.12/site-packages/airflow/example_dags/example_short_circuit_operator.py
[2024-07-11T00:11:41.585+0000] {processor.py:840} INFO - DAG(s) 'example_short_circuit_operator' retrieved from /home/airflow/.local/lib/python3.12/site-packages/airflow/example_dags/example_short_circuit_operator.py
[2024-07-11T00:11:41.753+0000] {logging_mixin.py:188} INFO - [2024-07-11T00:11:41.753+0000] {dag.py:3096} INFO - Sync 1 DAGs
[2024-07-11T00:11:41.839+0000] {logging_mixin.py:188} INFO - [2024-07-11T00:11:41.838+0000] {dag.py:3954} INFO - Setting next_dagrun for example_short_circuit_operator to 2024-07-10 00:00:00+00:00, run_after=2024-07-11 00:00:00+00:00
[2024-07-11T00:11:41.887+0000] {processor.py:183} INFO - Processing /home/airflow/.local/lib/python3.12/site-packages/airflow/example_dags/example_short_circuit_operator.py took 0.398 seconds
[2024-07-11T00:12:12.401+0000] {processor.py:161} INFO - Started process (PID=5403) to work on /home/airflow/.local/lib/python3.12/site-packages/airflow/example_dags/example_short_circuit_operator.py
[2024-07-11T00:12:12.403+0000] {processor.py:830} INFO - Processing file /home/airflow/.local/lib/python3.12/site-packages/airflow/example_dags/example_short_circuit_operator.py for tasks to queue
[2024-07-11T00:12:12.405+0000] {logging_mixin.py:188} INFO - [2024-07-11T00:12:12.405+0000] {dagbag.py:545} INFO - Filling up the DagBag from /home/airflow/.local/lib/python3.12/site-packages/airflow/example_dags/example_short_circuit_operator.py
[2024-07-11T00:12:12.416+0000] {processor.py:840} INFO - DAG(s) 'example_short_circuit_operator' retrieved from /home/airflow/.local/lib/python3.12/site-packages/airflow/example_dags/example_short_circuit_operator.py
[2024-07-11T00:12:12.460+0000] {logging_mixin.py:188} INFO - [2024-07-11T00:12:12.460+0000] {dag.py:3096} INFO - Sync 1 DAGs
[2024-07-11T00:12:12.557+0000] {logging_mixin.py:188} INFO - [2024-07-11T00:12:12.556+0000] {dag.py:3954} INFO - Setting next_dagrun for example_short_circuit_operator to 2024-07-10 00:00:00+00:00, run_after=2024-07-11 00:00:00+00:00
[2024-07-11T00:12:12.625+0000] {processor.py:183} INFO - Processing /home/airflow/.local/lib/python3.12/site-packages/airflow/example_dags/example_short_circuit_operator.py took 0.236 seconds
[2024-07-11T00:12:42.767+0000] {processor.py:161} INFO - Started process (PID=5461) to work on /home/airflow/.local/lib/python3.12/site-packages/airflow/example_dags/example_short_circuit_operator.py
[2024-07-11T00:12:42.771+0000] {processor.py:830} INFO - Processing file /home/airflow/.local/lib/python3.12/site-packages/airflow/example_dags/example_short_circuit_operator.py for tasks to queue
[2024-07-11T00:12:42.773+0000] {logging_mixin.py:188} INFO - [2024-07-11T00:12:42.772+0000] {dagbag.py:545} INFO - Filling up the DagBag from /home/airflow/.local/lib/python3.12/site-packages/airflow/example_dags/example_short_circuit_operator.py
[2024-07-11T00:12:42.787+0000] {processor.py:840} INFO - DAG(s) 'example_short_circuit_operator' retrieved from /home/airflow/.local/lib/python3.12/site-packages/airflow/example_dags/example_short_circuit_operator.py
[2024-07-11T00:12:42.860+0000] {logging_mixin.py:188} INFO - [2024-07-11T00:12:42.860+0000] {dag.py:3096} INFO - Sync 1 DAGs
[2024-07-11T00:12:42.917+0000] {logging_mixin.py:188} INFO - [2024-07-11T00:12:42.917+0000] {dag.py:3954} INFO - Setting next_dagrun for example_short_circuit_operator to 2024-07-10 00:00:00+00:00, run_after=2024-07-11 00:00:00+00:00
[2024-07-11T00:12:42.989+0000] {processor.py:183} INFO - Processing /home/airflow/.local/lib/python3.12/site-packages/airflow/example_dags/example_short_circuit_operator.py took 0.259 seconds
[2024-07-11T00:13:13.911+0000] {processor.py:161} INFO - Started process (PID=5522) to work on /home/airflow/.local/lib/python3.12/site-packages/airflow/example_dags/example_short_circuit_operator.py
[2024-07-11T00:13:13.913+0000] {processor.py:830} INFO - Processing file /home/airflow/.local/lib/python3.12/site-packages/airflow/example_dags/example_short_circuit_operator.py for tasks to queue
[2024-07-11T00:13:13.915+0000] {logging_mixin.py:188} INFO - [2024-07-11T00:13:13.915+0000] {dagbag.py:545} INFO - Filling up the DagBag from /home/airflow/.local/lib/python3.12/site-packages/airflow/example_dags/example_short_circuit_operator.py
[2024-07-11T00:13:13.933+0000] {processor.py:840} INFO - DAG(s) 'example_short_circuit_operator' retrieved from /home/airflow/.local/lib/python3.12/site-packages/airflow/example_dags/example_short_circuit_operator.py
[2024-07-11T00:13:13.999+0000] {logging_mixin.py:188} INFO - [2024-07-11T00:13:13.998+0000] {dag.py:3096} INFO - Sync 1 DAGs
[2024-07-11T00:13:14.058+0000] {logging_mixin.py:188} INFO - [2024-07-11T00:13:14.057+0000] {dag.py:3954} INFO - Setting next_dagrun for example_short_circuit_operator to 2024-07-10 00:00:00+00:00, run_after=2024-07-11 00:00:00+00:00
[2024-07-11T00:13:14.112+0000] {processor.py:183} INFO - Processing /home/airflow/.local/lib/python3.12/site-packages/airflow/example_dags/example_short_circuit_operator.py took 0.222 seconds
[2024-07-11T00:13:44.355+0000] {processor.py:161} INFO - Started process (PID=5581) to work on /home/airflow/.local/lib/python3.12/site-packages/airflow/example_dags/example_short_circuit_operator.py
[2024-07-11T00:13:44.356+0000] {processor.py:830} INFO - Processing file /home/airflow/.local/lib/python3.12/site-packages/airflow/example_dags/example_short_circuit_operator.py for tasks to queue
[2024-07-11T00:13:44.358+0000] {logging_mixin.py:188} INFO - [2024-07-11T00:13:44.358+0000] {dagbag.py:545} INFO - Filling up the DagBag from /home/airflow/.local/lib/python3.12/site-packages/airflow/example_dags/example_short_circuit_operator.py
[2024-07-11T00:13:44.369+0000] {processor.py:840} INFO - DAG(s) 'example_short_circuit_operator' retrieved from /home/airflow/.local/lib/python3.12/site-packages/airflow/example_dags/example_short_circuit_operator.py
[2024-07-11T00:13:44.413+0000] {logging_mixin.py:188} INFO - [2024-07-11T00:13:44.412+0000] {dag.py:3096} INFO - Sync 1 DAGs
[2024-07-11T00:13:44.451+0000] {logging_mixin.py:188} INFO - [2024-07-11T00:13:44.451+0000] {dag.py:3954} INFO - Setting next_dagrun for example_short_circuit_operator to 2024-07-10 00:00:00+00:00, run_after=2024-07-11 00:00:00+00:00
[2024-07-11T00:13:44.485+0000] {processor.py:183} INFO - Processing /home/airflow/.local/lib/python3.12/site-packages/airflow/example_dags/example_short_circuit_operator.py took 0.141 seconds
[2024-07-11T00:14:14.703+0000] {processor.py:161} INFO - Started process (PID=5641) to work on /home/airflow/.local/lib/python3.12/site-packages/airflow/example_dags/example_short_circuit_operator.py
[2024-07-11T00:14:14.705+0000] {processor.py:830} INFO - Processing file /home/airflow/.local/lib/python3.12/site-packages/airflow/example_dags/example_short_circuit_operator.py for tasks to queue
[2024-07-11T00:14:14.708+0000] {logging_mixin.py:188} INFO - [2024-07-11T00:14:14.707+0000] {dagbag.py:545} INFO - Filling up the DagBag from /home/airflow/.local/lib/python3.12/site-packages/airflow/example_dags/example_short_circuit_operator.py
[2024-07-11T00:14:14.719+0000] {processor.py:840} INFO - DAG(s) 'example_short_circuit_operator' retrieved from /home/airflow/.local/lib/python3.12/site-packages/airflow/example_dags/example_short_circuit_operator.py
[2024-07-11T00:14:14.764+0000] {logging_mixin.py:188} INFO - [2024-07-11T00:14:14.763+0000] {dag.py:3096} INFO - Sync 1 DAGs
[2024-07-11T00:14:14.799+0000] {logging_mixin.py:188} INFO - [2024-07-11T00:14:14.799+0000] {dag.py:3954} INFO - Setting next_dagrun for example_short_circuit_operator to 2024-07-10 00:00:00+00:00, run_after=2024-07-11 00:00:00+00:00
[2024-07-11T00:14:14.835+0000] {processor.py:183} INFO - Processing /home/airflow/.local/lib/python3.12/site-packages/airflow/example_dags/example_short_circuit_operator.py took 0.149 seconds
[2024-07-11T00:14:45.130+0000] {processor.py:161} INFO - Started process (PID=5700) to work on /home/airflow/.local/lib/python3.12/site-packages/airflow/example_dags/example_short_circuit_operator.py
[2024-07-11T00:14:45.131+0000] {processor.py:830} INFO - Processing file /home/airflow/.local/lib/python3.12/site-packages/airflow/example_dags/example_short_circuit_operator.py for tasks to queue
[2024-07-11T00:14:45.134+0000] {logging_mixin.py:188} INFO - [2024-07-11T00:14:45.133+0000] {dagbag.py:545} INFO - Filling up the DagBag from /home/airflow/.local/lib/python3.12/site-packages/airflow/example_dags/example_short_circuit_operator.py
[2024-07-11T00:14:45.152+0000] {processor.py:840} INFO - DAG(s) 'example_short_circuit_operator' retrieved from /home/airflow/.local/lib/python3.12/site-packages/airflow/example_dags/example_short_circuit_operator.py
[2024-07-11T00:14:45.227+0000] {logging_mixin.py:188} INFO - [2024-07-11T00:14:45.226+0000] {dag.py:3096} INFO - Sync 1 DAGs
[2024-07-11T00:14:45.326+0000] {logging_mixin.py:188} INFO - [2024-07-11T00:14:45.325+0000] {dag.py:3954} INFO - Setting next_dagrun for example_short_circuit_operator to 2024-07-10 00:00:00+00:00, run_after=2024-07-11 00:00:00+00:00
[2024-07-11T00:14:45.378+0000] {processor.py:183} INFO - Processing /home/airflow/.local/lib/python3.12/site-packages/airflow/example_dags/example_short_circuit_operator.py took 0.259 seconds
[2024-07-11T00:15:17.739+0000] {processor.py:161} INFO - Started process (PID=5760) to work on /home/airflow/.local/lib/python3.12/site-packages/airflow/example_dags/example_short_circuit_operator.py
[2024-07-11T00:15:17.741+0000] {processor.py:830} INFO - Processing file /home/airflow/.local/lib/python3.12/site-packages/airflow/example_dags/example_short_circuit_operator.py for tasks to queue
[2024-07-11T00:15:17.744+0000] {logging_mixin.py:188} INFO - [2024-07-11T00:15:17.743+0000] {dagbag.py:545} INFO - Filling up the DagBag from /home/airflow/.local/lib/python3.12/site-packages/airflow/example_dags/example_short_circuit_operator.py
[2024-07-11T00:15:17.757+0000] {processor.py:840} INFO - DAG(s) 'example_short_circuit_operator' retrieved from /home/airflow/.local/lib/python3.12/site-packages/airflow/example_dags/example_short_circuit_operator.py
[2024-07-11T00:15:17.814+0000] {logging_mixin.py:188} INFO - [2024-07-11T00:15:17.813+0000] {dag.py:3096} INFO - Sync 1 DAGs
[2024-07-11T00:15:17.871+0000] {logging_mixin.py:188} INFO - [2024-07-11T00:15:17.870+0000] {dag.py:3954} INFO - Setting next_dagrun for example_short_circuit_operator to 2024-07-10 00:00:00+00:00, run_after=2024-07-11 00:00:00+00:00
[2024-07-11T00:15:17.933+0000] {processor.py:183} INFO - Processing /home/airflow/.local/lib/python3.12/site-packages/airflow/example_dags/example_short_circuit_operator.py took 0.208 seconds
[2024-07-11T00:15:49.089+0000] {processor.py:161} INFO - Started process (PID=5824) to work on /home/airflow/.local/lib/python3.12/site-packages/airflow/example_dags/example_short_circuit_operator.py
[2024-07-11T00:15:49.095+0000] {processor.py:830} INFO - Processing file /home/airflow/.local/lib/python3.12/site-packages/airflow/example_dags/example_short_circuit_operator.py for tasks to queue
[2024-07-11T00:15:49.105+0000] {logging_mixin.py:188} INFO - [2024-07-11T00:15:49.102+0000] {dagbag.py:545} INFO - Filling up the DagBag from /home/airflow/.local/lib/python3.12/site-packages/airflow/example_dags/example_short_circuit_operator.py
[2024-07-11T00:15:49.132+0000] {processor.py:840} INFO - DAG(s) 'example_short_circuit_operator' retrieved from /home/airflow/.local/lib/python3.12/site-packages/airflow/example_dags/example_short_circuit_operator.py
[2024-07-11T00:15:49.250+0000] {logging_mixin.py:188} INFO - [2024-07-11T00:15:49.249+0000] {dag.py:3096} INFO - Sync 1 DAGs
[2024-07-11T00:15:49.333+0000] {logging_mixin.py:188} INFO - [2024-07-11T00:15:49.333+0000] {dag.py:3954} INFO - Setting next_dagrun for example_short_circuit_operator to 2024-07-10 00:00:00+00:00, run_after=2024-07-11 00:00:00+00:00
[2024-07-11T00:15:49.385+0000] {processor.py:183} INFO - Processing /home/airflow/.local/lib/python3.12/site-packages/airflow/example_dags/example_short_circuit_operator.py took 0.315 seconds
[2024-07-11T00:16:19.987+0000] {processor.py:161} INFO - Started process (PID=5883) to work on /home/airflow/.local/lib/python3.12/site-packages/airflow/example_dags/example_short_circuit_operator.py
[2024-07-11T00:16:19.990+0000] {processor.py:830} INFO - Processing file /home/airflow/.local/lib/python3.12/site-packages/airflow/example_dags/example_short_circuit_operator.py for tasks to queue
[2024-07-11T00:16:19.994+0000] {logging_mixin.py:188} INFO - [2024-07-11T00:16:19.993+0000] {dagbag.py:545} INFO - Filling up the DagBag from /home/airflow/.local/lib/python3.12/site-packages/airflow/example_dags/example_short_circuit_operator.py
[2024-07-11T00:16:20.016+0000] {processor.py:840} INFO - DAG(s) 'example_short_circuit_operator' retrieved from /home/airflow/.local/lib/python3.12/site-packages/airflow/example_dags/example_short_circuit_operator.py
[2024-07-11T00:16:20.083+0000] {logging_mixin.py:188} INFO - [2024-07-11T00:16:20.083+0000] {dag.py:3096} INFO - Sync 1 DAGs
[2024-07-11T00:16:20.143+0000] {logging_mixin.py:188} INFO - [2024-07-11T00:16:20.143+0000] {dag.py:3954} INFO - Setting next_dagrun for example_short_circuit_operator to 2024-07-10 00:00:00+00:00, run_after=2024-07-11 00:00:00+00:00
[2024-07-11T00:16:20.203+0000] {processor.py:183} INFO - Processing /home/airflow/.local/lib/python3.12/site-packages/airflow/example_dags/example_short_circuit_operator.py took 0.227 seconds
[2024-07-11T00:16:52.835+0000] {processor.py:161} INFO - Started process (PID=5943) to work on /home/airflow/.local/lib/python3.12/site-packages/airflow/example_dags/example_short_circuit_operator.py
[2024-07-11T00:16:52.847+0000] {processor.py:830} INFO - Processing file /home/airflow/.local/lib/python3.12/site-packages/airflow/example_dags/example_short_circuit_operator.py for tasks to queue
[2024-07-11T00:16:52.863+0000] {logging_mixin.py:188} INFO - [2024-07-11T00:16:52.858+0000] {dagbag.py:545} INFO - Filling up the DagBag from /home/airflow/.local/lib/python3.12/site-packages/airflow/example_dags/example_short_circuit_operator.py
[2024-07-11T00:16:52.879+0000] {processor.py:840} INFO - DAG(s) 'example_short_circuit_operator' retrieved from /home/airflow/.local/lib/python3.12/site-packages/airflow/example_dags/example_short_circuit_operator.py
[2024-07-11T00:16:52.977+0000] {logging_mixin.py:188} INFO - [2024-07-11T00:16:52.977+0000] {dag.py:3096} INFO - Sync 1 DAGs
[2024-07-11T00:16:53.082+0000] {logging_mixin.py:188} INFO - [2024-07-11T00:16:53.081+0000] {dag.py:3954} INFO - Setting next_dagrun for example_short_circuit_operator to 2024-07-10 00:00:00+00:00, run_after=2024-07-11 00:00:00+00:00
[2024-07-11T00:16:53.163+0000] {processor.py:183} INFO - Processing /home/airflow/.local/lib/python3.12/site-packages/airflow/example_dags/example_short_circuit_operator.py took 0.355 seconds
[2024-07-11T00:17:23.405+0000] {processor.py:161} INFO - Started process (PID=6003) to work on /home/airflow/.local/lib/python3.12/site-packages/airflow/example_dags/example_short_circuit_operator.py
[2024-07-11T00:17:23.407+0000] {processor.py:830} INFO - Processing file /home/airflow/.local/lib/python3.12/site-packages/airflow/example_dags/example_short_circuit_operator.py for tasks to queue
[2024-07-11T00:17:23.410+0000] {logging_mixin.py:188} INFO - [2024-07-11T00:17:23.409+0000] {dagbag.py:545} INFO - Filling up the DagBag from /home/airflow/.local/lib/python3.12/site-packages/airflow/example_dags/example_short_circuit_operator.py
[2024-07-11T00:17:23.425+0000] {processor.py:840} INFO - DAG(s) 'example_short_circuit_operator' retrieved from /home/airflow/.local/lib/python3.12/site-packages/airflow/example_dags/example_short_circuit_operator.py
[2024-07-11T00:17:23.504+0000] {logging_mixin.py:188} INFO - [2024-07-11T00:17:23.503+0000] {dag.py:3096} INFO - Sync 1 DAGs
[2024-07-11T00:17:23.572+0000] {logging_mixin.py:188} INFO - [2024-07-11T00:17:23.572+0000] {dag.py:3954} INFO - Setting next_dagrun for example_short_circuit_operator to 2024-07-10 00:00:00+00:00, run_after=2024-07-11 00:00:00+00:00
[2024-07-11T00:17:23.638+0000] {processor.py:183} INFO - Processing /home/airflow/.local/lib/python3.12/site-packages/airflow/example_dags/example_short_circuit_operator.py took 0.248 seconds
[2024-07-11T00:17:53.997+0000] {processor.py:161} INFO - Started process (PID=6063) to work on /home/airflow/.local/lib/python3.12/site-packages/airflow/example_dags/example_short_circuit_operator.py
[2024-07-11T00:17:54.001+0000] {processor.py:830} INFO - Processing file /home/airflow/.local/lib/python3.12/site-packages/airflow/example_dags/example_short_circuit_operator.py for tasks to queue
[2024-07-11T00:17:54.004+0000] {logging_mixin.py:188} INFO - [2024-07-11T00:17:54.003+0000] {dagbag.py:545} INFO - Filling up the DagBag from /home/airflow/.local/lib/python3.12/site-packages/airflow/example_dags/example_short_circuit_operator.py
[2024-07-11T00:17:54.024+0000] {processor.py:840} INFO - DAG(s) 'example_short_circuit_operator' retrieved from /home/airflow/.local/lib/python3.12/site-packages/airflow/example_dags/example_short_circuit_operator.py
[2024-07-11T00:17:54.101+0000] {logging_mixin.py:188} INFO - [2024-07-11T00:17:54.100+0000] {dag.py:3096} INFO - Sync 1 DAGs
[2024-07-11T00:17:54.180+0000] {logging_mixin.py:188} INFO - [2024-07-11T00:17:54.180+0000] {dag.py:3954} INFO - Setting next_dagrun for example_short_circuit_operator to 2024-07-10 00:00:00+00:00, run_after=2024-07-11 00:00:00+00:00
[2024-07-11T00:17:54.293+0000] {processor.py:183} INFO - Processing /home/airflow/.local/lib/python3.12/site-packages/airflow/example_dags/example_short_circuit_operator.py took 0.316 seconds
[2024-07-11T00:18:24.465+0000] {processor.py:161} INFO - Started process (PID=6122) to work on /home/airflow/.local/lib/python3.12/site-packages/airflow/example_dags/example_short_circuit_operator.py
[2024-07-11T00:18:24.467+0000] {processor.py:830} INFO - Processing file /home/airflow/.local/lib/python3.12/site-packages/airflow/example_dags/example_short_circuit_operator.py for tasks to queue
[2024-07-11T00:18:24.469+0000] {logging_mixin.py:188} INFO - [2024-07-11T00:18:24.468+0000] {dagbag.py:545} INFO - Filling up the DagBag from /home/airflow/.local/lib/python3.12/site-packages/airflow/example_dags/example_short_circuit_operator.py
[2024-07-11T00:18:24.479+0000] {processor.py:840} INFO - DAG(s) 'example_short_circuit_operator' retrieved from /home/airflow/.local/lib/python3.12/site-packages/airflow/example_dags/example_short_circuit_operator.py
[2024-07-11T00:18:24.525+0000] {logging_mixin.py:188} INFO - [2024-07-11T00:18:24.524+0000] {dag.py:3096} INFO - Sync 1 DAGs
[2024-07-11T00:18:24.570+0000] {logging_mixin.py:188} INFO - [2024-07-11T00:18:24.568+0000] {dag.py:3954} INFO - Setting next_dagrun for example_short_circuit_operator to 2024-07-10 00:00:00+00:00, run_after=2024-07-11 00:00:00+00:00
[2024-07-11T00:18:24.605+0000] {processor.py:183} INFO - Processing /home/airflow/.local/lib/python3.12/site-packages/airflow/example_dags/example_short_circuit_operator.py took 0.158 seconds
[2024-07-11T00:18:54.972+0000] {processor.py:161} INFO - Started process (PID=6182) to work on /home/airflow/.local/lib/python3.12/site-packages/airflow/example_dags/example_short_circuit_operator.py
[2024-07-11T00:18:54.974+0000] {processor.py:830} INFO - Processing file /home/airflow/.local/lib/python3.12/site-packages/airflow/example_dags/example_short_circuit_operator.py for tasks to queue
[2024-07-11T00:18:54.977+0000] {logging_mixin.py:188} INFO - [2024-07-11T00:18:54.976+0000] {dagbag.py:545} INFO - Filling up the DagBag from /home/airflow/.local/lib/python3.12/site-packages/airflow/example_dags/example_short_circuit_operator.py
[2024-07-11T00:18:54.988+0000] {processor.py:840} INFO - DAG(s) 'example_short_circuit_operator' retrieved from /home/airflow/.local/lib/python3.12/site-packages/airflow/example_dags/example_short_circuit_operator.py
[2024-07-11T00:18:55.054+0000] {logging_mixin.py:188} INFO - [2024-07-11T00:18:55.053+0000] {dag.py:3096} INFO - Sync 1 DAGs
[2024-07-11T00:18:55.106+0000] {logging_mixin.py:188} INFO - [2024-07-11T00:18:55.106+0000] {dag.py:3954} INFO - Setting next_dagrun for example_short_circuit_operator to 2024-07-10 00:00:00+00:00, run_after=2024-07-11 00:00:00+00:00
[2024-07-11T00:18:55.189+0000] {processor.py:183} INFO - Processing /home/airflow/.local/lib/python3.12/site-packages/airflow/example_dags/example_short_circuit_operator.py took 0.239 seconds
[2024-07-11T00:19:26.687+0000] {processor.py:161} INFO - Started process (PID=6242) to work on /home/airflow/.local/lib/python3.12/site-packages/airflow/example_dags/example_short_circuit_operator.py
[2024-07-11T00:19:26.692+0000] {processor.py:830} INFO - Processing file /home/airflow/.local/lib/python3.12/site-packages/airflow/example_dags/example_short_circuit_operator.py for tasks to queue
[2024-07-11T00:19:26.702+0000] {logging_mixin.py:188} INFO - [2024-07-11T00:19:26.700+0000] {dagbag.py:545} INFO - Filling up the DagBag from /home/airflow/.local/lib/python3.12/site-packages/airflow/example_dags/example_short_circuit_operator.py
[2024-07-11T00:19:26.741+0000] {processor.py:840} INFO - DAG(s) 'example_short_circuit_operator' retrieved from /home/airflow/.local/lib/python3.12/site-packages/airflow/example_dags/example_short_circuit_operator.py
[2024-07-11T00:19:26.967+0000] {logging_mixin.py:188} INFO - [2024-07-11T00:19:26.966+0000] {dag.py:3096} INFO - Sync 1 DAGs
[2024-07-11T00:19:27.041+0000] {logging_mixin.py:188} INFO - [2024-07-11T00:19:27.040+0000] {dag.py:3954} INFO - Setting next_dagrun for example_short_circuit_operator to 2024-07-10 00:00:00+00:00, run_after=2024-07-11 00:00:00+00:00
[2024-07-11T00:19:27.137+0000] {processor.py:183} INFO - Processing /home/airflow/.local/lib/python3.12/site-packages/airflow/example_dags/example_short_circuit_operator.py took 0.469 seconds
[2024-07-11T00:19:57.617+0000] {processor.py:161} INFO - Started process (PID=6302) to work on /home/airflow/.local/lib/python3.12/site-packages/airflow/example_dags/example_short_circuit_operator.py
[2024-07-11T00:19:57.619+0000] {processor.py:830} INFO - Processing file /home/airflow/.local/lib/python3.12/site-packages/airflow/example_dags/example_short_circuit_operator.py for tasks to queue
[2024-07-11T00:19:57.621+0000] {logging_mixin.py:188} INFO - [2024-07-11T00:19:57.620+0000] {dagbag.py:545} INFO - Filling up the DagBag from /home/airflow/.local/lib/python3.12/site-packages/airflow/example_dags/example_short_circuit_operator.py
[2024-07-11T00:19:57.631+0000] {processor.py:840} INFO - DAG(s) 'example_short_circuit_operator' retrieved from /home/airflow/.local/lib/python3.12/site-packages/airflow/example_dags/example_short_circuit_operator.py
[2024-07-11T00:19:57.679+0000] {logging_mixin.py:188} INFO - [2024-07-11T00:19:57.678+0000] {dag.py:3096} INFO - Sync 1 DAGs
[2024-07-11T00:19:58.109+0000] {logging_mixin.py:188} INFO - [2024-07-11T00:19:58.108+0000] {dag.py:3954} INFO - Setting next_dagrun for example_short_circuit_operator to 2024-07-10 00:00:00+00:00, run_after=2024-07-11 00:00:00+00:00
[2024-07-11T00:19:58.182+0000] {processor.py:183} INFO - Processing /home/airflow/.local/lib/python3.12/site-packages/airflow/example_dags/example_short_circuit_operator.py took 0.577 seconds
[2024-07-11T00:20:28.526+0000] {processor.py:161} INFO - Started process (PID=6362) to work on /home/airflow/.local/lib/python3.12/site-packages/airflow/example_dags/example_short_circuit_operator.py
[2024-07-11T00:20:28.528+0000] {processor.py:830} INFO - Processing file /home/airflow/.local/lib/python3.12/site-packages/airflow/example_dags/example_short_circuit_operator.py for tasks to queue
[2024-07-11T00:20:28.529+0000] {logging_mixin.py:188} INFO - [2024-07-11T00:20:28.529+0000] {dagbag.py:545} INFO - Filling up the DagBag from /home/airflow/.local/lib/python3.12/site-packages/airflow/example_dags/example_short_circuit_operator.py
[2024-07-11T00:20:28.541+0000] {processor.py:840} INFO - DAG(s) 'example_short_circuit_operator' retrieved from /home/airflow/.local/lib/python3.12/site-packages/airflow/example_dags/example_short_circuit_operator.py
[2024-07-11T00:20:28.580+0000] {logging_mixin.py:188} INFO - [2024-07-11T00:20:28.579+0000] {dag.py:3096} INFO - Sync 1 DAGs
[2024-07-11T00:20:28.611+0000] {logging_mixin.py:188} INFO - [2024-07-11T00:20:28.610+0000] {dag.py:3954} INFO - Setting next_dagrun for example_short_circuit_operator to 2024-07-10 00:00:00+00:00, run_after=2024-07-11 00:00:00+00:00
[2024-07-11T00:20:28.652+0000] {processor.py:183} INFO - Processing /home/airflow/.local/lib/python3.12/site-packages/airflow/example_dags/example_short_circuit_operator.py took 0.137 seconds
[2024-07-11T00:20:59.489+0000] {processor.py:161} INFO - Started process (PID=6422) to work on /home/airflow/.local/lib/python3.12/site-packages/airflow/example_dags/example_short_circuit_operator.py
[2024-07-11T00:20:59.492+0000] {processor.py:830} INFO - Processing file /home/airflow/.local/lib/python3.12/site-packages/airflow/example_dags/example_short_circuit_operator.py for tasks to queue
[2024-07-11T00:20:59.502+0000] {logging_mixin.py:188} INFO - [2024-07-11T00:20:59.496+0000] {dagbag.py:545} INFO - Filling up the DagBag from /home/airflow/.local/lib/python3.12/site-packages/airflow/example_dags/example_short_circuit_operator.py
[2024-07-11T00:20:59.523+0000] {processor.py:840} INFO - DAG(s) 'example_short_circuit_operator' retrieved from /home/airflow/.local/lib/python3.12/site-packages/airflow/example_dags/example_short_circuit_operator.py
[2024-07-11T00:20:59.629+0000] {logging_mixin.py:188} INFO - [2024-07-11T00:20:59.618+0000] {dag.py:3096} INFO - Sync 1 DAGs
[2024-07-11T00:20:59.756+0000] {logging_mixin.py:188} INFO - [2024-07-11T00:20:59.756+0000] {dag.py:3954} INFO - Setting next_dagrun for example_short_circuit_operator to 2024-07-10 00:00:00+00:00, run_after=2024-07-11 00:00:00+00:00
[2024-07-11T00:20:59.872+0000] {processor.py:183} INFO - Processing /home/airflow/.local/lib/python3.12/site-packages/airflow/example_dags/example_short_circuit_operator.py took 0.397 seconds
[2024-07-11T00:21:30.482+0000] {processor.py:161} INFO - Started process (PID=6482) to work on /home/airflow/.local/lib/python3.12/site-packages/airflow/example_dags/example_short_circuit_operator.py
[2024-07-11T00:21:30.483+0000] {processor.py:830} INFO - Processing file /home/airflow/.local/lib/python3.12/site-packages/airflow/example_dags/example_short_circuit_operator.py for tasks to queue
[2024-07-11T00:21:30.485+0000] {logging_mixin.py:188} INFO - [2024-07-11T00:21:30.485+0000] {dagbag.py:545} INFO - Filling up the DagBag from /home/airflow/.local/lib/python3.12/site-packages/airflow/example_dags/example_short_circuit_operator.py
[2024-07-11T00:21:30.496+0000] {processor.py:840} INFO - DAG(s) 'example_short_circuit_operator' retrieved from /home/airflow/.local/lib/python3.12/site-packages/airflow/example_dags/example_short_circuit_operator.py
[2024-07-11T00:21:30.629+0000] {logging_mixin.py:188} INFO - [2024-07-11T00:21:30.629+0000] {dag.py:3096} INFO - Sync 1 DAGs
[2024-07-11T00:21:30.662+0000] {logging_mixin.py:188} INFO - [2024-07-11T00:21:30.662+0000] {dag.py:3954} INFO - Setting next_dagrun for example_short_circuit_operator to 2024-07-10 00:00:00+00:00, run_after=2024-07-11 00:00:00+00:00
[2024-07-11T00:21:30.692+0000] {processor.py:183} INFO - Processing /home/airflow/.local/lib/python3.12/site-packages/airflow/example_dags/example_short_circuit_operator.py took 0.220 seconds
[2024-07-11T00:22:01.144+0000] {processor.py:161} INFO - Started process (PID=6542) to work on /home/airflow/.local/lib/python3.12/site-packages/airflow/example_dags/example_short_circuit_operator.py
[2024-07-11T00:22:01.146+0000] {processor.py:830} INFO - Processing file /home/airflow/.local/lib/python3.12/site-packages/airflow/example_dags/example_short_circuit_operator.py for tasks to queue
[2024-07-11T00:22:01.149+0000] {logging_mixin.py:188} INFO - [2024-07-11T00:22:01.148+0000] {dagbag.py:545} INFO - Filling up the DagBag from /home/airflow/.local/lib/python3.12/site-packages/airflow/example_dags/example_short_circuit_operator.py
[2024-07-11T00:22:01.161+0000] {processor.py:840} INFO - DAG(s) 'example_short_circuit_operator' retrieved from /home/airflow/.local/lib/python3.12/site-packages/airflow/example_dags/example_short_circuit_operator.py
[2024-07-11T00:22:01.212+0000] {logging_mixin.py:188} INFO - [2024-07-11T00:22:01.212+0000] {dag.py:3096} INFO - Sync 1 DAGs
[2024-07-11T00:22:01.254+0000] {logging_mixin.py:188} INFO - [2024-07-11T00:22:01.254+0000] {dag.py:3954} INFO - Setting next_dagrun for example_short_circuit_operator to 2024-07-10 00:00:00+00:00, run_after=2024-07-11 00:00:00+00:00
[2024-07-11T00:22:01.295+0000] {processor.py:183} INFO - Processing /home/airflow/.local/lib/python3.12/site-packages/airflow/example_dags/example_short_circuit_operator.py took 0.165 seconds
[2024-07-11T00:22:31.988+0000] {processor.py:161} INFO - Started process (PID=6602) to work on /home/airflow/.local/lib/python3.12/site-packages/airflow/example_dags/example_short_circuit_operator.py
[2024-07-11T00:22:31.990+0000] {processor.py:830} INFO - Processing file /home/airflow/.local/lib/python3.12/site-packages/airflow/example_dags/example_short_circuit_operator.py for tasks to queue
[2024-07-11T00:22:31.996+0000] {logging_mixin.py:188} INFO - [2024-07-11T00:22:31.996+0000] {dagbag.py:545} INFO - Filling up the DagBag from /home/airflow/.local/lib/python3.12/site-packages/airflow/example_dags/example_short_circuit_operator.py
[2024-07-11T00:22:32.018+0000] {processor.py:840} INFO - DAG(s) 'example_short_circuit_operator' retrieved from /home/airflow/.local/lib/python3.12/site-packages/airflow/example_dags/example_short_circuit_operator.py
[2024-07-11T00:22:32.093+0000] {logging_mixin.py:188} INFO - [2024-07-11T00:22:32.092+0000] {dag.py:3096} INFO - Sync 1 DAGs
[2024-07-11T00:22:32.150+0000] {logging_mixin.py:188} INFO - [2024-07-11T00:22:32.145+0000] {dag.py:3954} INFO - Setting next_dagrun for example_short_circuit_operator to 2024-07-10 00:00:00+00:00, run_after=2024-07-11 00:00:00+00:00
[2024-07-11T00:22:32.211+0000] {processor.py:183} INFO - Processing /home/airflow/.local/lib/python3.12/site-packages/airflow/example_dags/example_short_circuit_operator.py took 0.237 seconds
[2024-07-11T00:23:03.438+0000] {processor.py:161} INFO - Started process (PID=6662) to work on /home/airflow/.local/lib/python3.12/site-packages/airflow/example_dags/example_short_circuit_operator.py
[2024-07-11T00:23:03.440+0000] {processor.py:830} INFO - Processing file /home/airflow/.local/lib/python3.12/site-packages/airflow/example_dags/example_short_circuit_operator.py for tasks to queue
[2024-07-11T00:23:03.453+0000] {logging_mixin.py:188} INFO - [2024-07-11T00:23:03.452+0000] {dagbag.py:545} INFO - Filling up the DagBag from /home/airflow/.local/lib/python3.12/site-packages/airflow/example_dags/example_short_circuit_operator.py
[2024-07-11T00:23:03.484+0000] {processor.py:840} INFO - DAG(s) 'example_short_circuit_operator' retrieved from /home/airflow/.local/lib/python3.12/site-packages/airflow/example_dags/example_short_circuit_operator.py
[2024-07-11T00:23:03.608+0000] {logging_mixin.py:188} INFO - [2024-07-11T00:23:03.608+0000] {dag.py:3096} INFO - Sync 1 DAGs
[2024-07-11T00:23:03.684+0000] {logging_mixin.py:188} INFO - [2024-07-11T00:23:03.684+0000] {dag.py:3954} INFO - Setting next_dagrun for example_short_circuit_operator to 2024-07-10 00:00:00+00:00, run_after=2024-07-11 00:00:00+00:00
[2024-07-11T00:23:03.751+0000] {processor.py:183} INFO - Processing /home/airflow/.local/lib/python3.12/site-packages/airflow/example_dags/example_short_circuit_operator.py took 0.341 seconds
[2024-07-11T00:23:33.989+0000] {processor.py:161} INFO - Started process (PID=6721) to work on /home/airflow/.local/lib/python3.12/site-packages/airflow/example_dags/example_short_circuit_operator.py
[2024-07-11T00:23:33.991+0000] {processor.py:830} INFO - Processing file /home/airflow/.local/lib/python3.12/site-packages/airflow/example_dags/example_short_circuit_operator.py for tasks to queue
[2024-07-11T00:23:33.996+0000] {logging_mixin.py:188} INFO - [2024-07-11T00:23:33.992+0000] {dagbag.py:545} INFO - Filling up the DagBag from /home/airflow/.local/lib/python3.12/site-packages/airflow/example_dags/example_short_circuit_operator.py
[2024-07-11T00:23:34.017+0000] {processor.py:840} INFO - DAG(s) 'example_short_circuit_operator' retrieved from /home/airflow/.local/lib/python3.12/site-packages/airflow/example_dags/example_short_circuit_operator.py
[2024-07-11T00:23:34.100+0000] {logging_mixin.py:188} INFO - [2024-07-11T00:23:34.099+0000] {dag.py:3096} INFO - Sync 1 DAGs
[2024-07-11T00:23:34.488+0000] {logging_mixin.py:188} INFO - [2024-07-11T00:23:34.487+0000] {dag.py:3954} INFO - Setting next_dagrun for example_short_circuit_operator to 2024-07-10 00:00:00+00:00, run_after=2024-07-11 00:00:00+00:00
[2024-07-11T00:23:34.936+0000] {processor.py:183} INFO - Processing /home/airflow/.local/lib/python3.12/site-packages/airflow/example_dags/example_short_circuit_operator.py took 0.961 seconds
[2024-07-11T00:24:05.172+0000] {processor.py:161} INFO - Started process (PID=6780) to work on /home/airflow/.local/lib/python3.12/site-packages/airflow/example_dags/example_short_circuit_operator.py
[2024-07-11T00:24:05.174+0000] {processor.py:830} INFO - Processing file /home/airflow/.local/lib/python3.12/site-packages/airflow/example_dags/example_short_circuit_operator.py for tasks to queue
[2024-07-11T00:24:05.176+0000] {logging_mixin.py:188} INFO - [2024-07-11T00:24:05.175+0000] {dagbag.py:545} INFO - Filling up the DagBag from /home/airflow/.local/lib/python3.12/site-packages/airflow/example_dags/example_short_circuit_operator.py
[2024-07-11T00:24:05.188+0000] {processor.py:840} INFO - DAG(s) 'example_short_circuit_operator' retrieved from /home/airflow/.local/lib/python3.12/site-packages/airflow/example_dags/example_short_circuit_operator.py
[2024-07-11T00:24:05.235+0000] {logging_mixin.py:188} INFO - [2024-07-11T00:24:05.234+0000] {dag.py:3096} INFO - Sync 1 DAGs
[2024-07-11T00:24:05.270+0000] {logging_mixin.py:188} INFO - [2024-07-11T00:24:05.269+0000] {dag.py:3954} INFO - Setting next_dagrun for example_short_circuit_operator to 2024-07-10 00:00:00+00:00, run_after=2024-07-11 00:00:00+00:00
[2024-07-11T00:24:05.319+0000] {processor.py:183} INFO - Processing /home/airflow/.local/lib/python3.12/site-packages/airflow/example_dags/example_short_circuit_operator.py took 0.156 seconds
[2024-07-11T00:24:35.663+0000] {processor.py:161} INFO - Started process (PID=6839) to work on /home/airflow/.local/lib/python3.12/site-packages/airflow/example_dags/example_short_circuit_operator.py
[2024-07-11T00:24:35.665+0000] {processor.py:830} INFO - Processing file /home/airflow/.local/lib/python3.12/site-packages/airflow/example_dags/example_short_circuit_operator.py for tasks to queue
[2024-07-11T00:24:35.667+0000] {logging_mixin.py:188} INFO - [2024-07-11T00:24:35.666+0000] {dagbag.py:545} INFO - Filling up the DagBag from /home/airflow/.local/lib/python3.12/site-packages/airflow/example_dags/example_short_circuit_operator.py
[2024-07-11T00:24:35.679+0000] {processor.py:840} INFO - DAG(s) 'example_short_circuit_operator' retrieved from /home/airflow/.local/lib/python3.12/site-packages/airflow/example_dags/example_short_circuit_operator.py
[2024-07-11T00:24:35.746+0000] {logging_mixin.py:188} INFO - [2024-07-11T00:24:35.746+0000] {dag.py:3096} INFO - Sync 1 DAGs
[2024-07-11T00:24:35.796+0000] {logging_mixin.py:188} INFO - [2024-07-11T00:24:35.795+0000] {dag.py:3954} INFO - Setting next_dagrun for example_short_circuit_operator to 2024-07-10 00:00:00+00:00, run_after=2024-07-11 00:00:00+00:00
[2024-07-11T00:24:35.846+0000] {processor.py:183} INFO - Processing /home/airflow/.local/lib/python3.12/site-packages/airflow/example_dags/example_short_circuit_operator.py took 0.195 seconds
[2024-07-11T00:25:07.459+0000] {processor.py:161} INFO - Started process (PID=6898) to work on /home/airflow/.local/lib/python3.12/site-packages/airflow/example_dags/example_short_circuit_operator.py
[2024-07-11T00:25:07.476+0000] {processor.py:830} INFO - Processing file /home/airflow/.local/lib/python3.12/site-packages/airflow/example_dags/example_short_circuit_operator.py for tasks to queue
[2024-07-11T00:25:07.486+0000] {logging_mixin.py:188} INFO - [2024-07-11T00:25:07.485+0000] {dagbag.py:545} INFO - Filling up the DagBag from /home/airflow/.local/lib/python3.12/site-packages/airflow/example_dags/example_short_circuit_operator.py
[2024-07-11T00:25:07.527+0000] {processor.py:840} INFO - DAG(s) 'example_short_circuit_operator' retrieved from /home/airflow/.local/lib/python3.12/site-packages/airflow/example_dags/example_short_circuit_operator.py
[2024-07-11T00:25:07.632+0000] {logging_mixin.py:188} INFO - [2024-07-11T00:25:07.631+0000] {dag.py:3096} INFO - Sync 1 DAGs
[2024-07-11T00:25:07.711+0000] {logging_mixin.py:188} INFO - [2024-07-11T00:25:07.710+0000] {dag.py:3954} INFO - Setting next_dagrun for example_short_circuit_operator to 2024-07-10 00:00:00+00:00, run_after=2024-07-11 00:00:00+00:00
[2024-07-11T00:25:07.778+0000] {processor.py:183} INFO - Processing /home/airflow/.local/lib/python3.12/site-packages/airflow/example_dags/example_short_circuit_operator.py took 0.347 seconds
[2024-07-11T00:25:38.138+0000] {processor.py:161} INFO - Started process (PID=6956) to work on /home/airflow/.local/lib/python3.12/site-packages/airflow/example_dags/example_short_circuit_operator.py
[2024-07-11T00:25:38.140+0000] {processor.py:830} INFO - Processing file /home/airflow/.local/lib/python3.12/site-packages/airflow/example_dags/example_short_circuit_operator.py for tasks to queue
[2024-07-11T00:25:38.142+0000] {logging_mixin.py:188} INFO - [2024-07-11T00:25:38.142+0000] {dagbag.py:545} INFO - Filling up the DagBag from /home/airflow/.local/lib/python3.12/site-packages/airflow/example_dags/example_short_circuit_operator.py
[2024-07-11T00:25:38.174+0000] {processor.py:840} INFO - DAG(s) 'example_short_circuit_operator' retrieved from /home/airflow/.local/lib/python3.12/site-packages/airflow/example_dags/example_short_circuit_operator.py
[2024-07-11T00:25:38.302+0000] {logging_mixin.py:188} INFO - [2024-07-11T00:25:38.300+0000] {dag.py:3096} INFO - Sync 1 DAGs
[2024-07-11T00:25:38.423+0000] {logging_mixin.py:188} INFO - [2024-07-11T00:25:38.422+0000] {dag.py:3954} INFO - Setting next_dagrun for example_short_circuit_operator to 2024-07-10 00:00:00+00:00, run_after=2024-07-11 00:00:00+00:00
[2024-07-11T00:25:38.527+0000] {processor.py:183} INFO - Processing /home/airflow/.local/lib/python3.12/site-packages/airflow/example_dags/example_short_circuit_operator.py took 0.401 seconds
[2024-07-11T00:26:08.640+0000] {processor.py:161} INFO - Started process (PID=7015) to work on /home/airflow/.local/lib/python3.12/site-packages/airflow/example_dags/example_short_circuit_operator.py
[2024-07-11T00:26:08.642+0000] {processor.py:830} INFO - Processing file /home/airflow/.local/lib/python3.12/site-packages/airflow/example_dags/example_short_circuit_operator.py for tasks to queue
[2024-07-11T00:26:08.644+0000] {logging_mixin.py:188} INFO - [2024-07-11T00:26:08.643+0000] {dagbag.py:545} INFO - Filling up the DagBag from /home/airflow/.local/lib/python3.12/site-packages/airflow/example_dags/example_short_circuit_operator.py
[2024-07-11T00:26:08.658+0000] {processor.py:840} INFO - DAG(s) 'example_short_circuit_operator' retrieved from /home/airflow/.local/lib/python3.12/site-packages/airflow/example_dags/example_short_circuit_operator.py
[2024-07-11T00:26:08.710+0000] {logging_mixin.py:188} INFO - [2024-07-11T00:26:08.709+0000] {dag.py:3096} INFO - Sync 1 DAGs
[2024-07-11T00:26:08.748+0000] {logging_mixin.py:188} INFO - [2024-07-11T00:26:08.748+0000] {dag.py:3954} INFO - Setting next_dagrun for example_short_circuit_operator to 2024-07-10 00:00:00+00:00, run_after=2024-07-11 00:00:00+00:00
[2024-07-11T00:26:08.791+0000] {processor.py:183} INFO - Processing /home/airflow/.local/lib/python3.12/site-packages/airflow/example_dags/example_short_circuit_operator.py took 0.164 seconds
[2024-07-11T00:26:41.767+0000] {processor.py:161} INFO - Started process (PID=7074) to work on /home/airflow/.local/lib/python3.12/site-packages/airflow/example_dags/example_short_circuit_operator.py
[2024-07-11T00:26:41.771+0000] {processor.py:830} INFO - Processing file /home/airflow/.local/lib/python3.12/site-packages/airflow/example_dags/example_short_circuit_operator.py for tasks to queue
[2024-07-11T00:26:41.800+0000] {logging_mixin.py:188} INFO - [2024-07-11T00:26:41.799+0000] {dagbag.py:545} INFO - Filling up the DagBag from /home/airflow/.local/lib/python3.12/site-packages/airflow/example_dags/example_short_circuit_operator.py
[2024-07-11T00:26:41.861+0000] {processor.py:840} INFO - DAG(s) 'example_short_circuit_operator' retrieved from /home/airflow/.local/lib/python3.12/site-packages/airflow/example_dags/example_short_circuit_operator.py
[2024-07-11T00:26:42.040+0000] {logging_mixin.py:188} INFO - [2024-07-11T00:26:42.039+0000] {dag.py:3096} INFO - Sync 1 DAGs
[2024-07-11T00:26:42.261+0000] {logging_mixin.py:188} INFO - [2024-07-11T00:26:42.260+0000] {dag.py:3954} INFO - Setting next_dagrun for example_short_circuit_operator to 2024-07-10 00:00:00+00:00, run_after=2024-07-11 00:00:00+00:00
[2024-07-11T00:26:42.399+0000] {processor.py:183} INFO - Processing /home/airflow/.local/lib/python3.12/site-packages/airflow/example_dags/example_short_circuit_operator.py took 0.647 seconds
