[2024-07-11T00:00:21.508+0000] {processor.py:161} INFO - Started process (PID=4024) to work on /home/airflow/.local/lib/python3.12/site-packages/airflow/example_dags/example_sensors.py
[2024-07-11T00:00:21.511+0000] {processor.py:830} INFO - Processing file /home/airflow/.local/lib/python3.12/site-packages/airflow/example_dags/example_sensors.py for tasks to queue
[2024-07-11T00:00:21.513+0000] {logging_mixin.py:188} INFO - [2024-07-11T00:00:21.512+0000] {dagbag.py:545} INFO - Filling up the DagBag from /home/airflow/.local/lib/python3.12/site-packages/airflow/example_dags/example_sensors.py
[2024-07-11T00:00:21.543+0000] {processor.py:840} INFO - DAG(s) 'example_sensors' retrieved from /home/airflow/.local/lib/python3.12/site-packages/airflow/example_dags/example_sensors.py
[2024-07-11T00:00:21.675+0000] {logging_mixin.py:188} INFO - [2024-07-11T00:00:21.674+0000] {dag.py:3096} INFO - Sync 1 DAGs
[2024-07-11T00:00:21.750+0000] {logging_mixin.py:188} INFO - [2024-07-11T00:00:21.749+0000] {dag.py:3954} INFO - Setting next_dagrun for example_sensors to None, run_after=None
[2024-07-11T00:00:21.849+0000] {processor.py:183} INFO - Processing /home/airflow/.local/lib/python3.12/site-packages/airflow/example_dags/example_sensors.py took 0.354 seconds
[2024-07-11T00:00:52.901+0000] {processor.py:161} INFO - Started process (PID=4084) to work on /home/airflow/.local/lib/python3.12/site-packages/airflow/example_dags/example_sensors.py
[2024-07-11T00:00:52.903+0000] {processor.py:830} INFO - Processing file /home/airflow/.local/lib/python3.12/site-packages/airflow/example_dags/example_sensors.py for tasks to queue
[2024-07-11T00:00:52.905+0000] {logging_mixin.py:188} INFO - [2024-07-11T00:00:52.904+0000] {dagbag.py:545} INFO - Filling up the DagBag from /home/airflow/.local/lib/python3.12/site-packages/airflow/example_dags/example_sensors.py
[2024-07-11T00:00:52.962+0000] {processor.py:840} INFO - DAG(s) 'example_sensors' retrieved from /home/airflow/.local/lib/python3.12/site-packages/airflow/example_dags/example_sensors.py
[2024-07-11T00:00:53.063+0000] {logging_mixin.py:188} INFO - [2024-07-11T00:00:53.063+0000] {dag.py:3096} INFO - Sync 1 DAGs
[2024-07-11T00:00:53.112+0000] {logging_mixin.py:188} INFO - [2024-07-11T00:00:53.109+0000] {dag.py:3954} INFO - Setting next_dagrun for example_sensors to None, run_after=None
[2024-07-11T00:00:53.181+0000] {processor.py:183} INFO - Processing /home/airflow/.local/lib/python3.12/site-packages/airflow/example_dags/example_sensors.py took 0.316 seconds
[2024-07-11T00:01:23.576+0000] {processor.py:161} INFO - Started process (PID=4146) to work on /home/airflow/.local/lib/python3.12/site-packages/airflow/example_dags/example_sensors.py
[2024-07-11T00:01:23.577+0000] {processor.py:830} INFO - Processing file /home/airflow/.local/lib/python3.12/site-packages/airflow/example_dags/example_sensors.py for tasks to queue
[2024-07-11T00:01:23.580+0000] {logging_mixin.py:188} INFO - [2024-07-11T00:01:23.579+0000] {dagbag.py:545} INFO - Filling up the DagBag from /home/airflow/.local/lib/python3.12/site-packages/airflow/example_dags/example_sensors.py
[2024-07-11T00:01:23.597+0000] {processor.py:840} INFO - DAG(s) 'example_sensors' retrieved from /home/airflow/.local/lib/python3.12/site-packages/airflow/example_dags/example_sensors.py
[2024-07-11T00:01:23.683+0000] {logging_mixin.py:188} INFO - [2024-07-11T00:01:23.682+0000] {dag.py:3096} INFO - Sync 1 DAGs
[2024-07-11T00:01:23.713+0000] {logging_mixin.py:188} INFO - [2024-07-11T00:01:23.712+0000] {dag.py:3954} INFO - Setting next_dagrun for example_sensors to None, run_after=None
[2024-07-11T00:01:23.764+0000] {processor.py:183} INFO - Processing /home/airflow/.local/lib/python3.12/site-packages/airflow/example_dags/example_sensors.py took 0.204 seconds
[2024-07-11T00:01:53.971+0000] {processor.py:161} INFO - Started process (PID=4205) to work on /home/airflow/.local/lib/python3.12/site-packages/airflow/example_dags/example_sensors.py
[2024-07-11T00:01:53.974+0000] {processor.py:830} INFO - Processing file /home/airflow/.local/lib/python3.12/site-packages/airflow/example_dags/example_sensors.py for tasks to queue
[2024-07-11T00:01:53.977+0000] {logging_mixin.py:188} INFO - [2024-07-11T00:01:53.976+0000] {dagbag.py:545} INFO - Filling up the DagBag from /home/airflow/.local/lib/python3.12/site-packages/airflow/example_dags/example_sensors.py
[2024-07-11T00:01:53.996+0000] {processor.py:840} INFO - DAG(s) 'example_sensors' retrieved from /home/airflow/.local/lib/python3.12/site-packages/airflow/example_dags/example_sensors.py
[2024-07-11T00:01:54.051+0000] {logging_mixin.py:188} INFO - [2024-07-11T00:01:54.050+0000] {dag.py:3096} INFO - Sync 1 DAGs
[2024-07-11T00:01:54.077+0000] {logging_mixin.py:188} INFO - [2024-07-11T00:01:54.077+0000] {dag.py:3954} INFO - Setting next_dagrun for example_sensors to None, run_after=None
[2024-07-11T00:01:54.116+0000] {processor.py:183} INFO - Processing /home/airflow/.local/lib/python3.12/site-packages/airflow/example_dags/example_sensors.py took 0.156 seconds
[2024-07-11T00:02:24.486+0000] {processor.py:161} INFO - Started process (PID=4267) to work on /home/airflow/.local/lib/python3.12/site-packages/airflow/example_dags/example_sensors.py
[2024-07-11T00:02:24.487+0000] {processor.py:830} INFO - Processing file /home/airflow/.local/lib/python3.12/site-packages/airflow/example_dags/example_sensors.py for tasks to queue
[2024-07-11T00:02:24.489+0000] {logging_mixin.py:188} INFO - [2024-07-11T00:02:24.488+0000] {dagbag.py:545} INFO - Filling up the DagBag from /home/airflow/.local/lib/python3.12/site-packages/airflow/example_dags/example_sensors.py
[2024-07-11T00:02:24.508+0000] {processor.py:840} INFO - DAG(s) 'example_sensors' retrieved from /home/airflow/.local/lib/python3.12/site-packages/airflow/example_dags/example_sensors.py
[2024-07-11T00:02:24.560+0000] {logging_mixin.py:188} INFO - [2024-07-11T00:02:24.560+0000] {dag.py:3096} INFO - Sync 1 DAGs
[2024-07-11T00:02:24.580+0000] {logging_mixin.py:188} INFO - [2024-07-11T00:02:24.579+0000] {dag.py:3954} INFO - Setting next_dagrun for example_sensors to None, run_after=None
[2024-07-11T00:02:24.621+0000] {processor.py:183} INFO - Processing /home/airflow/.local/lib/python3.12/site-packages/airflow/example_dags/example_sensors.py took 0.148 seconds
[2024-07-11T00:02:55.619+0000] {processor.py:161} INFO - Started process (PID=4327) to work on /home/airflow/.local/lib/python3.12/site-packages/airflow/example_dags/example_sensors.py
[2024-07-11T00:02:55.621+0000] {processor.py:830} INFO - Processing file /home/airflow/.local/lib/python3.12/site-packages/airflow/example_dags/example_sensors.py for tasks to queue
[2024-07-11T00:02:55.623+0000] {logging_mixin.py:188} INFO - [2024-07-11T00:02:55.622+0000] {dagbag.py:545} INFO - Filling up the DagBag from /home/airflow/.local/lib/python3.12/site-packages/airflow/example_dags/example_sensors.py
[2024-07-11T00:02:55.639+0000] {processor.py:840} INFO - DAG(s) 'example_sensors' retrieved from /home/airflow/.local/lib/python3.12/site-packages/airflow/example_dags/example_sensors.py
[2024-07-11T00:02:55.680+0000] {logging_mixin.py:188} INFO - [2024-07-11T00:02:55.679+0000] {dag.py:3096} INFO - Sync 1 DAGs
[2024-07-11T00:02:55.697+0000] {logging_mixin.py:188} INFO - [2024-07-11T00:02:55.697+0000] {dag.py:3954} INFO - Setting next_dagrun for example_sensors to None, run_after=None
[2024-07-11T00:02:55.763+0000] {processor.py:183} INFO - Processing /home/airflow/.local/lib/python3.12/site-packages/airflow/example_dags/example_sensors.py took 0.153 seconds
[2024-07-11T00:03:26.958+0000] {processor.py:161} INFO - Started process (PID=4388) to work on /home/airflow/.local/lib/python3.12/site-packages/airflow/example_dags/example_sensors.py
[2024-07-11T00:03:26.962+0000] {processor.py:830} INFO - Processing file /home/airflow/.local/lib/python3.12/site-packages/airflow/example_dags/example_sensors.py for tasks to queue
[2024-07-11T00:03:26.966+0000] {logging_mixin.py:188} INFO - [2024-07-11T00:03:26.966+0000] {dagbag.py:545} INFO - Filling up the DagBag from /home/airflow/.local/lib/python3.12/site-packages/airflow/example_dags/example_sensors.py
[2024-07-11T00:03:27.013+0000] {processor.py:840} INFO - DAG(s) 'example_sensors' retrieved from /home/airflow/.local/lib/python3.12/site-packages/airflow/example_dags/example_sensors.py
[2024-07-11T00:03:27.151+0000] {logging_mixin.py:188} INFO - [2024-07-11T00:03:27.151+0000] {dag.py:3096} INFO - Sync 1 DAGs
[2024-07-11T00:03:27.217+0000] {logging_mixin.py:188} INFO - [2024-07-11T00:03:27.216+0000] {dag.py:3954} INFO - Setting next_dagrun for example_sensors to None, run_after=None
[2024-07-11T00:03:27.292+0000] {processor.py:183} INFO - Processing /home/airflow/.local/lib/python3.12/site-packages/airflow/example_dags/example_sensors.py took 0.347 seconds
[2024-07-11T00:03:58.206+0000] {processor.py:161} INFO - Started process (PID=4448) to work on /home/airflow/.local/lib/python3.12/site-packages/airflow/example_dags/example_sensors.py
[2024-07-11T00:03:58.209+0000] {processor.py:830} INFO - Processing file /home/airflow/.local/lib/python3.12/site-packages/airflow/example_dags/example_sensors.py for tasks to queue
[2024-07-11T00:03:58.213+0000] {logging_mixin.py:188} INFO - [2024-07-11T00:03:58.211+0000] {dagbag.py:545} INFO - Filling up the DagBag from /home/airflow/.local/lib/python3.12/site-packages/airflow/example_dags/example_sensors.py
[2024-07-11T00:03:58.247+0000] {processor.py:840} INFO - DAG(s) 'example_sensors' retrieved from /home/airflow/.local/lib/python3.12/site-packages/airflow/example_dags/example_sensors.py
[2024-07-11T00:03:58.346+0000] {logging_mixin.py:188} INFO - [2024-07-11T00:03:58.345+0000] {dag.py:3096} INFO - Sync 1 DAGs
[2024-07-11T00:03:58.391+0000] {logging_mixin.py:188} INFO - [2024-07-11T00:03:58.390+0000] {dag.py:3954} INFO - Setting next_dagrun for example_sensors to None, run_after=None
[2024-07-11T00:03:58.446+0000] {processor.py:183} INFO - Processing /home/airflow/.local/lib/python3.12/site-packages/airflow/example_dags/example_sensors.py took 0.259 seconds
[2024-07-11T00:04:30.631+0000] {processor.py:161} INFO - Started process (PID=4508) to work on /home/airflow/.local/lib/python3.12/site-packages/airflow/example_dags/example_sensors.py
[2024-07-11T00:04:30.656+0000] {processor.py:830} INFO - Processing file /home/airflow/.local/lib/python3.12/site-packages/airflow/example_dags/example_sensors.py for tasks to queue
[2024-07-11T00:04:30.686+0000] {logging_mixin.py:188} INFO - [2024-07-11T00:04:30.674+0000] {dagbag.py:545} INFO - Filling up the DagBag from /home/airflow/.local/lib/python3.12/site-packages/airflow/example_dags/example_sensors.py
[2024-07-11T00:04:30.840+0000] {processor.py:840} INFO - DAG(s) 'example_sensors' retrieved from /home/airflow/.local/lib/python3.12/site-packages/airflow/example_dags/example_sensors.py
[2024-07-11T00:04:31.037+0000] {logging_mixin.py:188} INFO - [2024-07-11T00:04:31.036+0000] {dag.py:3096} INFO - Sync 1 DAGs
[2024-07-11T00:04:31.150+0000] {logging_mixin.py:188} INFO - [2024-07-11T00:04:31.149+0000] {dag.py:3954} INFO - Setting next_dagrun for example_sensors to None, run_after=None
[2024-07-11T00:04:31.248+0000] {processor.py:183} INFO - Processing /home/airflow/.local/lib/python3.12/site-packages/airflow/example_dags/example_sensors.py took 2.003 seconds
[2024-07-11T00:05:01.784+0000] {processor.py:161} INFO - Started process (PID=4570) to work on /home/airflow/.local/lib/python3.12/site-packages/airflow/example_dags/example_sensors.py
[2024-07-11T00:05:01.788+0000] {processor.py:830} INFO - Processing file /home/airflow/.local/lib/python3.12/site-packages/airflow/example_dags/example_sensors.py for tasks to queue
[2024-07-11T00:05:01.795+0000] {logging_mixin.py:188} INFO - [2024-07-11T00:05:01.794+0000] {dagbag.py:545} INFO - Filling up the DagBag from /home/airflow/.local/lib/python3.12/site-packages/airflow/example_dags/example_sensors.py
[2024-07-11T00:05:01.821+0000] {processor.py:840} INFO - DAG(s) 'example_sensors' retrieved from /home/airflow/.local/lib/python3.12/site-packages/airflow/example_dags/example_sensors.py
[2024-07-11T00:05:01.877+0000] {logging_mixin.py:188} INFO - [2024-07-11T00:05:01.877+0000] {dag.py:3096} INFO - Sync 1 DAGs
[2024-07-11T00:05:01.900+0000] {logging_mixin.py:188} INFO - [2024-07-11T00:05:01.899+0000] {dag.py:3954} INFO - Setting next_dagrun for example_sensors to None, run_after=None
[2024-07-11T00:05:01.937+0000] {processor.py:183} INFO - Processing /home/airflow/.local/lib/python3.12/site-packages/airflow/example_dags/example_sensors.py took 0.167 seconds
[2024-07-11T00:05:32.460+0000] {processor.py:161} INFO - Started process (PID=4630) to work on /home/airflow/.local/lib/python3.12/site-packages/airflow/example_dags/example_sensors.py
[2024-07-11T00:05:32.462+0000] {processor.py:830} INFO - Processing file /home/airflow/.local/lib/python3.12/site-packages/airflow/example_dags/example_sensors.py for tasks to queue
[2024-07-11T00:05:32.465+0000] {logging_mixin.py:188} INFO - [2024-07-11T00:05:32.464+0000] {dagbag.py:545} INFO - Filling up the DagBag from /home/airflow/.local/lib/python3.12/site-packages/airflow/example_dags/example_sensors.py
[2024-07-11T00:05:32.484+0000] {processor.py:840} INFO - DAG(s) 'example_sensors' retrieved from /home/airflow/.local/lib/python3.12/site-packages/airflow/example_dags/example_sensors.py
[2024-07-11T00:05:32.531+0000] {logging_mixin.py:188} INFO - [2024-07-11T00:05:32.530+0000] {dag.py:3096} INFO - Sync 1 DAGs
[2024-07-11T00:05:32.553+0000] {logging_mixin.py:188} INFO - [2024-07-11T00:05:32.552+0000] {dag.py:3954} INFO - Setting next_dagrun for example_sensors to None, run_after=None
[2024-07-11T00:05:32.605+0000] {processor.py:183} INFO - Processing /home/airflow/.local/lib/python3.12/site-packages/airflow/example_dags/example_sensors.py took 0.157 seconds
[2024-07-11T00:06:05.284+0000] {processor.py:161} INFO - Started process (PID=4690) to work on /home/airflow/.local/lib/python3.12/site-packages/airflow/example_dags/example_sensors.py
[2024-07-11T00:06:05.302+0000] {processor.py:830} INFO - Processing file /home/airflow/.local/lib/python3.12/site-packages/airflow/example_dags/example_sensors.py for tasks to queue
[2024-07-11T00:06:05.306+0000] {logging_mixin.py:188} INFO - [2024-07-11T00:06:05.305+0000] {dagbag.py:545} INFO - Filling up the DagBag from /home/airflow/.local/lib/python3.12/site-packages/airflow/example_dags/example_sensors.py
[2024-07-11T00:06:05.373+0000] {processor.py:840} INFO - DAG(s) 'example_sensors' retrieved from /home/airflow/.local/lib/python3.12/site-packages/airflow/example_dags/example_sensors.py
[2024-07-11T00:06:05.530+0000] {logging_mixin.py:188} INFO - [2024-07-11T00:06:05.530+0000] {dag.py:3096} INFO - Sync 1 DAGs
[2024-07-11T00:06:05.563+0000] {logging_mixin.py:188} INFO - [2024-07-11T00:06:05.563+0000] {dag.py:3954} INFO - Setting next_dagrun for example_sensors to None, run_after=None
[2024-07-11T00:06:05.607+0000] {processor.py:183} INFO - Processing /home/airflow/.local/lib/python3.12/site-packages/airflow/example_dags/example_sensors.py took 0.350 seconds
[2024-07-11T00:06:36.329+0000] {processor.py:161} INFO - Started process (PID=4750) to work on /home/airflow/.local/lib/python3.12/site-packages/airflow/example_dags/example_sensors.py
[2024-07-11T00:06:36.331+0000] {processor.py:830} INFO - Processing file /home/airflow/.local/lib/python3.12/site-packages/airflow/example_dags/example_sensors.py for tasks to queue
[2024-07-11T00:06:36.333+0000] {logging_mixin.py:188} INFO - [2024-07-11T00:06:36.332+0000] {dagbag.py:545} INFO - Filling up the DagBag from /home/airflow/.local/lib/python3.12/site-packages/airflow/example_dags/example_sensors.py
[2024-07-11T00:06:36.354+0000] {processor.py:840} INFO - DAG(s) 'example_sensors' retrieved from /home/airflow/.local/lib/python3.12/site-packages/airflow/example_dags/example_sensors.py
[2024-07-11T00:06:36.408+0000] {logging_mixin.py:188} INFO - [2024-07-11T00:06:36.408+0000] {dag.py:3096} INFO - Sync 1 DAGs
[2024-07-11T00:06:36.430+0000] {logging_mixin.py:188} INFO - [2024-07-11T00:06:36.430+0000] {dag.py:3954} INFO - Setting next_dagrun for example_sensors to None, run_after=None
[2024-07-11T00:06:36.474+0000] {processor.py:183} INFO - Processing /home/airflow/.local/lib/python3.12/site-packages/airflow/example_dags/example_sensors.py took 0.158 seconds
[2024-07-11T00:07:06.515+0000] {processor.py:161} INFO - Started process (PID=4810) to work on /home/airflow/.local/lib/python3.12/site-packages/airflow/example_dags/example_sensors.py
[2024-07-11T00:07:06.517+0000] {processor.py:830} INFO - Processing file /home/airflow/.local/lib/python3.12/site-packages/airflow/example_dags/example_sensors.py for tasks to queue
[2024-07-11T00:07:06.518+0000] {logging_mixin.py:188} INFO - [2024-07-11T00:07:06.518+0000] {dagbag.py:545} INFO - Filling up the DagBag from /home/airflow/.local/lib/python3.12/site-packages/airflow/example_dags/example_sensors.py
[2024-07-11T00:07:06.533+0000] {processor.py:840} INFO - DAG(s) 'example_sensors' retrieved from /home/airflow/.local/lib/python3.12/site-packages/airflow/example_dags/example_sensors.py
[2024-07-11T00:07:06.576+0000] {logging_mixin.py:188} INFO - [2024-07-11T00:07:06.575+0000] {dag.py:3096} INFO - Sync 1 DAGs
[2024-07-11T00:07:06.594+0000] {logging_mixin.py:188} INFO - [2024-07-11T00:07:06.594+0000] {dag.py:3954} INFO - Setting next_dagrun for example_sensors to None, run_after=None
[2024-07-11T00:07:06.624+0000] {processor.py:183} INFO - Processing /home/airflow/.local/lib/python3.12/site-packages/airflow/example_dags/example_sensors.py took 0.119 seconds
[2024-07-11T00:07:37.681+0000] {processor.py:161} INFO - Started process (PID=4869) to work on /home/airflow/.local/lib/python3.12/site-packages/airflow/example_dags/example_sensors.py
[2024-07-11T00:07:37.685+0000] {processor.py:830} INFO - Processing file /home/airflow/.local/lib/python3.12/site-packages/airflow/example_dags/example_sensors.py for tasks to queue
[2024-07-11T00:07:37.688+0000] {logging_mixin.py:188} INFO - [2024-07-11T00:07:37.686+0000] {dagbag.py:545} INFO - Filling up the DagBag from /home/airflow/.local/lib/python3.12/site-packages/airflow/example_dags/example_sensors.py
[2024-07-11T00:07:37.710+0000] {processor.py:840} INFO - DAG(s) 'example_sensors' retrieved from /home/airflow/.local/lib/python3.12/site-packages/airflow/example_dags/example_sensors.py
[2024-07-11T00:07:37.765+0000] {logging_mixin.py:188} INFO - [2024-07-11T00:07:37.764+0000] {dag.py:3096} INFO - Sync 1 DAGs
[2024-07-11T00:07:37.806+0000] {logging_mixin.py:188} INFO - [2024-07-11T00:07:37.805+0000] {dag.py:3954} INFO - Setting next_dagrun for example_sensors to None, run_after=None
[2024-07-11T00:07:37.955+0000] {processor.py:183} INFO - Processing /home/airflow/.local/lib/python3.12/site-packages/airflow/example_dags/example_sensors.py took 0.304 seconds
[2024-07-11T00:08:08.533+0000] {processor.py:161} INFO - Started process (PID=4928) to work on /home/airflow/.local/lib/python3.12/site-packages/airflow/example_dags/example_sensors.py
[2024-07-11T00:08:08.535+0000] {processor.py:830} INFO - Processing file /home/airflow/.local/lib/python3.12/site-packages/airflow/example_dags/example_sensors.py for tasks to queue
[2024-07-11T00:08:08.537+0000] {logging_mixin.py:188} INFO - [2024-07-11T00:08:08.536+0000] {dagbag.py:545} INFO - Filling up the DagBag from /home/airflow/.local/lib/python3.12/site-packages/airflow/example_dags/example_sensors.py
[2024-07-11T00:08:08.556+0000] {processor.py:840} INFO - DAG(s) 'example_sensors' retrieved from /home/airflow/.local/lib/python3.12/site-packages/airflow/example_dags/example_sensors.py
[2024-07-11T00:08:08.607+0000] {logging_mixin.py:188} INFO - [2024-07-11T00:08:08.606+0000] {dag.py:3096} INFO - Sync 1 DAGs
[2024-07-11T00:08:08.651+0000] {logging_mixin.py:188} INFO - [2024-07-11T00:08:08.650+0000] {dag.py:3954} INFO - Setting next_dagrun for example_sensors to None, run_after=None
[2024-07-11T00:08:08.702+0000] {processor.py:183} INFO - Processing /home/airflow/.local/lib/python3.12/site-packages/airflow/example_dags/example_sensors.py took 0.183 seconds
[2024-07-11T00:08:38.808+0000] {processor.py:161} INFO - Started process (PID=4988) to work on /home/airflow/.local/lib/python3.12/site-packages/airflow/example_dags/example_sensors.py
[2024-07-11T00:08:38.810+0000] {processor.py:830} INFO - Processing file /home/airflow/.local/lib/python3.12/site-packages/airflow/example_dags/example_sensors.py for tasks to queue
[2024-07-11T00:08:38.817+0000] {logging_mixin.py:188} INFO - [2024-07-11T00:08:38.817+0000] {dagbag.py:545} INFO - Filling up the DagBag from /home/airflow/.local/lib/python3.12/site-packages/airflow/example_dags/example_sensors.py
[2024-07-11T00:08:38.884+0000] {processor.py:840} INFO - DAG(s) 'example_sensors' retrieved from /home/airflow/.local/lib/python3.12/site-packages/airflow/example_dags/example_sensors.py
[2024-07-11T00:08:39.251+0000] {logging_mixin.py:188} INFO - [2024-07-11T00:08:39.250+0000] {dag.py:3096} INFO - Sync 1 DAGs
[2024-07-11T00:08:39.354+0000] {logging_mixin.py:188} INFO - [2024-07-11T00:08:39.342+0000] {dag.py:3954} INFO - Setting next_dagrun for example_sensors to None, run_after=None
[2024-07-11T00:08:39.477+0000] {processor.py:183} INFO - Processing /home/airflow/.local/lib/python3.12/site-packages/airflow/example_dags/example_sensors.py took 0.688 seconds
[2024-07-11T00:09:09.830+0000] {processor.py:161} INFO - Started process (PID=5047) to work on /home/airflow/.local/lib/python3.12/site-packages/airflow/example_dags/example_sensors.py
[2024-07-11T00:09:09.834+0000] {processor.py:830} INFO - Processing file /home/airflow/.local/lib/python3.12/site-packages/airflow/example_dags/example_sensors.py for tasks to queue
[2024-07-11T00:09:09.839+0000] {logging_mixin.py:188} INFO - [2024-07-11T00:09:09.838+0000] {dagbag.py:545} INFO - Filling up the DagBag from /home/airflow/.local/lib/python3.12/site-packages/airflow/example_dags/example_sensors.py
[2024-07-11T00:09:09.884+0000] {processor.py:840} INFO - DAG(s) 'example_sensors' retrieved from /home/airflow/.local/lib/python3.12/site-packages/airflow/example_dags/example_sensors.py
[2024-07-11T00:09:10.010+0000] {logging_mixin.py:188} INFO - [2024-07-11T00:09:10.009+0000] {dag.py:3096} INFO - Sync 1 DAGs
[2024-07-11T00:09:10.062+0000] {logging_mixin.py:188} INFO - [2024-07-11T00:09:10.059+0000] {dag.py:3954} INFO - Setting next_dagrun for example_sensors to None, run_after=None
[2024-07-11T00:09:10.116+0000] {processor.py:183} INFO - Processing /home/airflow/.local/lib/python3.12/site-packages/airflow/example_dags/example_sensors.py took 0.302 seconds
[2024-07-11T00:09:40.595+0000] {processor.py:161} INFO - Started process (PID=5107) to work on /home/airflow/.local/lib/python3.12/site-packages/airflow/example_dags/example_sensors.py
[2024-07-11T00:09:40.602+0000] {processor.py:830} INFO - Processing file /home/airflow/.local/lib/python3.12/site-packages/airflow/example_dags/example_sensors.py for tasks to queue
[2024-07-11T00:09:40.608+0000] {logging_mixin.py:188} INFO - [2024-07-11T00:09:40.608+0000] {dagbag.py:545} INFO - Filling up the DagBag from /home/airflow/.local/lib/python3.12/site-packages/airflow/example_dags/example_sensors.py
[2024-07-11T00:09:40.632+0000] {processor.py:840} INFO - DAG(s) 'example_sensors' retrieved from /home/airflow/.local/lib/python3.12/site-packages/airflow/example_dags/example_sensors.py
[2024-07-11T00:09:40.737+0000] {logging_mixin.py:188} INFO - [2024-07-11T00:09:40.735+0000] {dag.py:3096} INFO - Sync 1 DAGs
[2024-07-11T00:09:40.766+0000] {logging_mixin.py:188} INFO - [2024-07-11T00:09:40.765+0000] {dag.py:3954} INFO - Setting next_dagrun for example_sensors to None, run_after=None
[2024-07-11T00:09:40.811+0000] {processor.py:183} INFO - Processing /home/airflow/.local/lib/python3.12/site-packages/airflow/example_dags/example_sensors.py took 0.237 seconds
[2024-07-11T00:10:11.078+0000] {processor.py:161} INFO - Started process (PID=5167) to work on /home/airflow/.local/lib/python3.12/site-packages/airflow/example_dags/example_sensors.py
[2024-07-11T00:10:11.080+0000] {processor.py:830} INFO - Processing file /home/airflow/.local/lib/python3.12/site-packages/airflow/example_dags/example_sensors.py for tasks to queue
[2024-07-11T00:10:11.085+0000] {logging_mixin.py:188} INFO - [2024-07-11T00:10:11.084+0000] {dagbag.py:545} INFO - Filling up the DagBag from /home/airflow/.local/lib/python3.12/site-packages/airflow/example_dags/example_sensors.py
[2024-07-11T00:10:11.114+0000] {processor.py:840} INFO - DAG(s) 'example_sensors' retrieved from /home/airflow/.local/lib/python3.12/site-packages/airflow/example_dags/example_sensors.py
[2024-07-11T00:10:11.261+0000] {logging_mixin.py:188} INFO - [2024-07-11T00:10:11.260+0000] {dag.py:3096} INFO - Sync 1 DAGs
[2024-07-11T00:10:11.343+0000] {logging_mixin.py:188} INFO - [2024-07-11T00:10:11.342+0000] {dag.py:3954} INFO - Setting next_dagrun for example_sensors to None, run_after=None
[2024-07-11T00:10:11.430+0000] {processor.py:183} INFO - Processing /home/airflow/.local/lib/python3.12/site-packages/airflow/example_dags/example_sensors.py took 0.371 seconds
[2024-07-11T00:10:41.577+0000] {processor.py:161} INFO - Started process (PID=5227) to work on /home/airflow/.local/lib/python3.12/site-packages/airflow/example_dags/example_sensors.py
[2024-07-11T00:10:41.579+0000] {processor.py:830} INFO - Processing file /home/airflow/.local/lib/python3.12/site-packages/airflow/example_dags/example_sensors.py for tasks to queue
[2024-07-11T00:10:41.581+0000] {logging_mixin.py:188} INFO - [2024-07-11T00:10:41.580+0000] {dagbag.py:545} INFO - Filling up the DagBag from /home/airflow/.local/lib/python3.12/site-packages/airflow/example_dags/example_sensors.py
[2024-07-11T00:10:41.595+0000] {processor.py:840} INFO - DAG(s) 'example_sensors' retrieved from /home/airflow/.local/lib/python3.12/site-packages/airflow/example_dags/example_sensors.py
[2024-07-11T00:10:41.636+0000] {logging_mixin.py:188} INFO - [2024-07-11T00:10:41.636+0000] {dag.py:3096} INFO - Sync 1 DAGs
[2024-07-11T00:10:41.656+0000] {logging_mixin.py:188} INFO - [2024-07-11T00:10:41.656+0000] {dag.py:3954} INFO - Setting next_dagrun for example_sensors to None, run_after=None
[2024-07-11T00:10:41.685+0000] {processor.py:183} INFO - Processing /home/airflow/.local/lib/python3.12/site-packages/airflow/example_dags/example_sensors.py took 0.117 seconds
[2024-07-11T00:11:11.888+0000] {processor.py:161} INFO - Started process (PID=5286) to work on /home/airflow/.local/lib/python3.12/site-packages/airflow/example_dags/example_sensors.py
[2024-07-11T00:11:11.890+0000] {processor.py:830} INFO - Processing file /home/airflow/.local/lib/python3.12/site-packages/airflow/example_dags/example_sensors.py for tasks to queue
[2024-07-11T00:11:11.892+0000] {logging_mixin.py:188} INFO - [2024-07-11T00:11:11.891+0000] {dagbag.py:545} INFO - Filling up the DagBag from /home/airflow/.local/lib/python3.12/site-packages/airflow/example_dags/example_sensors.py
[2024-07-11T00:11:11.910+0000] {processor.py:840} INFO - DAG(s) 'example_sensors' retrieved from /home/airflow/.local/lib/python3.12/site-packages/airflow/example_dags/example_sensors.py
[2024-07-11T00:11:11.986+0000] {logging_mixin.py:188} INFO - [2024-07-11T00:11:11.985+0000] {dag.py:3096} INFO - Sync 1 DAGs
[2024-07-11T00:11:12.012+0000] {logging_mixin.py:188} INFO - [2024-07-11T00:11:12.012+0000] {dag.py:3954} INFO - Setting next_dagrun for example_sensors to None, run_after=None
[2024-07-11T00:11:12.049+0000] {processor.py:183} INFO - Processing /home/airflow/.local/lib/python3.12/site-packages/airflow/example_dags/example_sensors.py took 0.172 seconds
[2024-07-11T00:11:43.036+0000] {processor.py:161} INFO - Started process (PID=5346) to work on /home/airflow/.local/lib/python3.12/site-packages/airflow/example_dags/example_sensors.py
[2024-07-11T00:11:43.066+0000] {processor.py:830} INFO - Processing file /home/airflow/.local/lib/python3.12/site-packages/airflow/example_dags/example_sensors.py for tasks to queue
[2024-07-11T00:11:43.069+0000] {logging_mixin.py:188} INFO - [2024-07-11T00:11:43.069+0000] {dagbag.py:545} INFO - Filling up the DagBag from /home/airflow/.local/lib/python3.12/site-packages/airflow/example_dags/example_sensors.py
[2024-07-11T00:11:43.134+0000] {processor.py:840} INFO - DAG(s) 'example_sensors' retrieved from /home/airflow/.local/lib/python3.12/site-packages/airflow/example_dags/example_sensors.py
[2024-07-11T00:11:43.302+0000] {logging_mixin.py:188} INFO - [2024-07-11T00:11:43.302+0000] {dag.py:3096} INFO - Sync 1 DAGs
[2024-07-11T00:11:43.381+0000] {logging_mixin.py:188} INFO - [2024-07-11T00:11:43.380+0000] {dag.py:3954} INFO - Setting next_dagrun for example_sensors to None, run_after=None
[2024-07-11T00:11:43.474+0000] {processor.py:183} INFO - Processing /home/airflow/.local/lib/python3.12/site-packages/airflow/example_dags/example_sensors.py took 0.500 seconds
[2024-07-11T00:12:13.739+0000] {processor.py:161} INFO - Started process (PID=5406) to work on /home/airflow/.local/lib/python3.12/site-packages/airflow/example_dags/example_sensors.py
[2024-07-11T00:12:13.740+0000] {processor.py:830} INFO - Processing file /home/airflow/.local/lib/python3.12/site-packages/airflow/example_dags/example_sensors.py for tasks to queue
[2024-07-11T00:12:13.742+0000] {logging_mixin.py:188} INFO - [2024-07-11T00:12:13.742+0000] {dagbag.py:545} INFO - Filling up the DagBag from /home/airflow/.local/lib/python3.12/site-packages/airflow/example_dags/example_sensors.py
[2024-07-11T00:12:13.757+0000] {processor.py:840} INFO - DAG(s) 'example_sensors' retrieved from /home/airflow/.local/lib/python3.12/site-packages/airflow/example_dags/example_sensors.py
[2024-07-11T00:12:13.801+0000] {logging_mixin.py:188} INFO - [2024-07-11T00:12:13.801+0000] {dag.py:3096} INFO - Sync 1 DAGs
[2024-07-11T00:12:13.820+0000] {logging_mixin.py:188} INFO - [2024-07-11T00:12:13.820+0000] {dag.py:3954} INFO - Setting next_dagrun for example_sensors to None, run_after=None
[2024-07-11T00:12:13.870+0000] {processor.py:183} INFO - Processing /home/airflow/.local/lib/python3.12/site-packages/airflow/example_dags/example_sensors.py took 0.141 seconds
[2024-07-11T00:12:44.075+0000] {processor.py:161} INFO - Started process (PID=5463) to work on /home/airflow/.local/lib/python3.12/site-packages/airflow/example_dags/example_sensors.py
[2024-07-11T00:12:44.077+0000] {processor.py:830} INFO - Processing file /home/airflow/.local/lib/python3.12/site-packages/airflow/example_dags/example_sensors.py for tasks to queue
[2024-07-11T00:12:44.079+0000] {logging_mixin.py:188} INFO - [2024-07-11T00:12:44.078+0000] {dagbag.py:545} INFO - Filling up the DagBag from /home/airflow/.local/lib/python3.12/site-packages/airflow/example_dags/example_sensors.py
[2024-07-11T00:12:44.112+0000] {processor.py:840} INFO - DAG(s) 'example_sensors' retrieved from /home/airflow/.local/lib/python3.12/site-packages/airflow/example_dags/example_sensors.py
[2024-07-11T00:12:44.168+0000] {logging_mixin.py:188} INFO - [2024-07-11T00:12:44.168+0000] {dag.py:3096} INFO - Sync 1 DAGs
[2024-07-11T00:12:44.193+0000] {logging_mixin.py:188} INFO - [2024-07-11T00:12:44.192+0000] {dag.py:3954} INFO - Setting next_dagrun for example_sensors to None, run_after=None
[2024-07-11T00:12:44.237+0000] {processor.py:183} INFO - Processing /home/airflow/.local/lib/python3.12/site-packages/airflow/example_dags/example_sensors.py took 0.171 seconds
[2024-07-11T00:13:14.424+0000] {processor.py:161} INFO - Started process (PID=5524) to work on /home/airflow/.local/lib/python3.12/site-packages/airflow/example_dags/example_sensors.py
[2024-07-11T00:13:14.425+0000] {processor.py:830} INFO - Processing file /home/airflow/.local/lib/python3.12/site-packages/airflow/example_dags/example_sensors.py for tasks to queue
[2024-07-11T00:13:14.427+0000] {logging_mixin.py:188} INFO - [2024-07-11T00:13:14.427+0000] {dagbag.py:545} INFO - Filling up the DagBag from /home/airflow/.local/lib/python3.12/site-packages/airflow/example_dags/example_sensors.py
[2024-07-11T00:13:14.459+0000] {processor.py:840} INFO - DAG(s) 'example_sensors' retrieved from /home/airflow/.local/lib/python3.12/site-packages/airflow/example_dags/example_sensors.py
[2024-07-11T00:13:14.574+0000] {logging_mixin.py:188} INFO - [2024-07-11T00:13:14.574+0000] {dag.py:3096} INFO - Sync 1 DAGs
[2024-07-11T00:13:14.627+0000] {logging_mixin.py:188} INFO - [2024-07-11T00:13:14.626+0000] {dag.py:3954} INFO - Setting next_dagrun for example_sensors to None, run_after=None
[2024-07-11T00:13:14.711+0000] {processor.py:183} INFO - Processing /home/airflow/.local/lib/python3.12/site-packages/airflow/example_dags/example_sensors.py took 0.297 seconds
[2024-07-11T00:13:45.588+0000] {processor.py:161} INFO - Started process (PID=5583) to work on /home/airflow/.local/lib/python3.12/site-packages/airflow/example_dags/example_sensors.py
[2024-07-11T00:13:45.589+0000] {processor.py:830} INFO - Processing file /home/airflow/.local/lib/python3.12/site-packages/airflow/example_dags/example_sensors.py for tasks to queue
[2024-07-11T00:13:45.591+0000] {logging_mixin.py:188} INFO - [2024-07-11T00:13:45.591+0000] {dagbag.py:545} INFO - Filling up the DagBag from /home/airflow/.local/lib/python3.12/site-packages/airflow/example_dags/example_sensors.py
[2024-07-11T00:13:45.672+0000] {processor.py:840} INFO - DAG(s) 'example_sensors' retrieved from /home/airflow/.local/lib/python3.12/site-packages/airflow/example_dags/example_sensors.py
[2024-07-11T00:13:45.761+0000] {logging_mixin.py:188} INFO - [2024-07-11T00:13:45.761+0000] {dag.py:3096} INFO - Sync 1 DAGs
[2024-07-11T00:13:45.819+0000] {logging_mixin.py:188} INFO - [2024-07-11T00:13:45.819+0000] {dag.py:3954} INFO - Setting next_dagrun for example_sensors to None, run_after=None
[2024-07-11T00:13:45.976+0000] {processor.py:183} INFO - Processing /home/airflow/.local/lib/python3.12/site-packages/airflow/example_dags/example_sensors.py took 0.402 seconds
[2024-07-11T00:14:16.090+0000] {processor.py:161} INFO - Started process (PID=5643) to work on /home/airflow/.local/lib/python3.12/site-packages/airflow/example_dags/example_sensors.py
[2024-07-11T00:14:16.094+0000] {processor.py:830} INFO - Processing file /home/airflow/.local/lib/python3.12/site-packages/airflow/example_dags/example_sensors.py for tasks to queue
[2024-07-11T00:14:16.098+0000] {logging_mixin.py:188} INFO - [2024-07-11T00:14:16.096+0000] {dagbag.py:545} INFO - Filling up the DagBag from /home/airflow/.local/lib/python3.12/site-packages/airflow/example_dags/example_sensors.py
[2024-07-11T00:14:16.121+0000] {processor.py:840} INFO - DAG(s) 'example_sensors' retrieved from /home/airflow/.local/lib/python3.12/site-packages/airflow/example_dags/example_sensors.py
[2024-07-11T00:14:16.196+0000] {logging_mixin.py:188} INFO - [2024-07-11T00:14:16.196+0000] {dag.py:3096} INFO - Sync 1 DAGs
[2024-07-11T00:14:16.230+0000] {logging_mixin.py:188} INFO - [2024-07-11T00:14:16.229+0000] {dag.py:3954} INFO - Setting next_dagrun for example_sensors to None, run_after=None
[2024-07-11T00:14:16.323+0000] {processor.py:183} INFO - Processing /home/airflow/.local/lib/python3.12/site-packages/airflow/example_dags/example_sensors.py took 0.248 seconds
[2024-07-11T00:14:46.568+0000] {processor.py:161} INFO - Started process (PID=5703) to work on /home/airflow/.local/lib/python3.12/site-packages/airflow/example_dags/example_sensors.py
[2024-07-11T00:14:46.570+0000] {processor.py:830} INFO - Processing file /home/airflow/.local/lib/python3.12/site-packages/airflow/example_dags/example_sensors.py for tasks to queue
[2024-07-11T00:14:46.572+0000] {logging_mixin.py:188} INFO - [2024-07-11T00:14:46.571+0000] {dagbag.py:545} INFO - Filling up the DagBag from /home/airflow/.local/lib/python3.12/site-packages/airflow/example_dags/example_sensors.py
[2024-07-11T00:14:46.605+0000] {processor.py:840} INFO - DAG(s) 'example_sensors' retrieved from /home/airflow/.local/lib/python3.12/site-packages/airflow/example_dags/example_sensors.py
[2024-07-11T00:14:46.672+0000] {logging_mixin.py:188} INFO - [2024-07-11T00:14:46.672+0000] {dag.py:3096} INFO - Sync 1 DAGs
[2024-07-11T00:14:46.694+0000] {logging_mixin.py:188} INFO - [2024-07-11T00:14:46.694+0000] {dag.py:3954} INFO - Setting next_dagrun for example_sensors to None, run_after=None
[2024-07-11T00:14:46.729+0000] {processor.py:183} INFO - Processing /home/airflow/.local/lib/python3.12/site-packages/airflow/example_dags/example_sensors.py took 0.196 seconds
[2024-07-11T00:15:18.075+0000] {processor.py:161} INFO - Started process (PID=5767) to work on /home/airflow/.local/lib/python3.12/site-packages/airflow/example_dags/example_sensors.py
[2024-07-11T00:15:18.088+0000] {processor.py:830} INFO - Processing file /home/airflow/.local/lib/python3.12/site-packages/airflow/example_dags/example_sensors.py for tasks to queue
[2024-07-11T00:15:18.091+0000] {logging_mixin.py:188} INFO - [2024-07-11T00:15:18.090+0000] {dagbag.py:545} INFO - Filling up the DagBag from /home/airflow/.local/lib/python3.12/site-packages/airflow/example_dags/example_sensors.py
[2024-07-11T00:15:18.139+0000] {processor.py:840} INFO - DAG(s) 'example_sensors' retrieved from /home/airflow/.local/lib/python3.12/site-packages/airflow/example_dags/example_sensors.py
[2024-07-11T00:15:18.267+0000] {logging_mixin.py:188} INFO - [2024-07-11T00:15:18.267+0000] {dag.py:3096} INFO - Sync 1 DAGs
[2024-07-11T00:15:18.305+0000] {logging_mixin.py:188} INFO - [2024-07-11T00:15:18.304+0000] {dag.py:3954} INFO - Setting next_dagrun for example_sensors to None, run_after=None
[2024-07-11T00:15:18.358+0000] {processor.py:183} INFO - Processing /home/airflow/.local/lib/python3.12/site-packages/airflow/example_dags/example_sensors.py took 0.319 seconds
[2024-07-11T00:15:49.460+0000] {processor.py:161} INFO - Started process (PID=5826) to work on /home/airflow/.local/lib/python3.12/site-packages/airflow/example_dags/example_sensors.py
[2024-07-11T00:15:49.464+0000] {processor.py:830} INFO - Processing file /home/airflow/.local/lib/python3.12/site-packages/airflow/example_dags/example_sensors.py for tasks to queue
[2024-07-11T00:15:49.468+0000] {logging_mixin.py:188} INFO - [2024-07-11T00:15:49.467+0000] {dagbag.py:545} INFO - Filling up the DagBag from /home/airflow/.local/lib/python3.12/site-packages/airflow/example_dags/example_sensors.py
[2024-07-11T00:15:49.509+0000] {processor.py:840} INFO - DAG(s) 'example_sensors' retrieved from /home/airflow/.local/lib/python3.12/site-packages/airflow/example_dags/example_sensors.py
[2024-07-11T00:15:49.618+0000] {logging_mixin.py:188} INFO - [2024-07-11T00:15:49.617+0000] {dag.py:3096} INFO - Sync 1 DAGs
[2024-07-11T00:15:49.661+0000] {logging_mixin.py:188} INFO - [2024-07-11T00:15:49.660+0000] {dag.py:3954} INFO - Setting next_dagrun for example_sensors to None, run_after=None
[2024-07-11T00:15:49.721+0000] {processor.py:183} INFO - Processing /home/airflow/.local/lib/python3.12/site-packages/airflow/example_dags/example_sensors.py took 0.279 seconds
[2024-07-11T00:16:20.276+0000] {processor.py:161} INFO - Started process (PID=5885) to work on /home/airflow/.local/lib/python3.12/site-packages/airflow/example_dags/example_sensors.py
[2024-07-11T00:16:20.281+0000] {processor.py:830} INFO - Processing file /home/airflow/.local/lib/python3.12/site-packages/airflow/example_dags/example_sensors.py for tasks to queue
[2024-07-11T00:16:20.284+0000] {logging_mixin.py:188} INFO - [2024-07-11T00:16:20.283+0000] {dagbag.py:545} INFO - Filling up the DagBag from /home/airflow/.local/lib/python3.12/site-packages/airflow/example_dags/example_sensors.py
[2024-07-11T00:16:20.319+0000] {processor.py:840} INFO - DAG(s) 'example_sensors' retrieved from /home/airflow/.local/lib/python3.12/site-packages/airflow/example_dags/example_sensors.py
[2024-07-11T00:16:20.404+0000] {logging_mixin.py:188} INFO - [2024-07-11T00:16:20.404+0000] {dag.py:3096} INFO - Sync 1 DAGs
[2024-07-11T00:16:20.438+0000] {logging_mixin.py:188} INFO - [2024-07-11T00:16:20.437+0000] {dag.py:3954} INFO - Setting next_dagrun for example_sensors to None, run_after=None
[2024-07-11T00:16:20.509+0000] {processor.py:183} INFO - Processing /home/airflow/.local/lib/python3.12/site-packages/airflow/example_dags/example_sensors.py took 0.256 seconds
[2024-07-11T00:16:53.310+0000] {processor.py:161} INFO - Started process (PID=5945) to work on /home/airflow/.local/lib/python3.12/site-packages/airflow/example_dags/example_sensors.py
[2024-07-11T00:16:53.313+0000] {processor.py:830} INFO - Processing file /home/airflow/.local/lib/python3.12/site-packages/airflow/example_dags/example_sensors.py for tasks to queue
[2024-07-11T00:16:53.315+0000] {logging_mixin.py:188} INFO - [2024-07-11T00:16:53.314+0000] {dagbag.py:545} INFO - Filling up the DagBag from /home/airflow/.local/lib/python3.12/site-packages/airflow/example_dags/example_sensors.py
[2024-07-11T00:16:53.341+0000] {processor.py:840} INFO - DAG(s) 'example_sensors' retrieved from /home/airflow/.local/lib/python3.12/site-packages/airflow/example_dags/example_sensors.py
[2024-07-11T00:16:53.414+0000] {logging_mixin.py:188} INFO - [2024-07-11T00:16:53.414+0000] {dag.py:3096} INFO - Sync 1 DAGs
[2024-07-11T00:16:53.443+0000] {logging_mixin.py:188} INFO - [2024-07-11T00:16:53.442+0000] {dag.py:3954} INFO - Setting next_dagrun for example_sensors to None, run_after=None
[2024-07-11T00:16:53.482+0000] {processor.py:183} INFO - Processing /home/airflow/.local/lib/python3.12/site-packages/airflow/example_dags/example_sensors.py took 0.240 seconds
[2024-07-11T00:17:23.711+0000] {processor.py:161} INFO - Started process (PID=6005) to work on /home/airflow/.local/lib/python3.12/site-packages/airflow/example_dags/example_sensors.py
[2024-07-11T00:17:23.713+0000] {processor.py:830} INFO - Processing file /home/airflow/.local/lib/python3.12/site-packages/airflow/example_dags/example_sensors.py for tasks to queue
[2024-07-11T00:17:23.717+0000] {logging_mixin.py:188} INFO - [2024-07-11T00:17:23.716+0000] {dagbag.py:545} INFO - Filling up the DagBag from /home/airflow/.local/lib/python3.12/site-packages/airflow/example_dags/example_sensors.py
[2024-07-11T00:17:23.735+0000] {processor.py:840} INFO - DAG(s) 'example_sensors' retrieved from /home/airflow/.local/lib/python3.12/site-packages/airflow/example_dags/example_sensors.py
[2024-07-11T00:17:23.793+0000] {logging_mixin.py:188} INFO - [2024-07-11T00:17:23.793+0000] {dag.py:3096} INFO - Sync 1 DAGs
[2024-07-11T00:17:23.822+0000] {logging_mixin.py:188} INFO - [2024-07-11T00:17:23.821+0000] {dag.py:3954} INFO - Setting next_dagrun for example_sensors to None, run_after=None
[2024-07-11T00:17:23.860+0000] {processor.py:183} INFO - Processing /home/airflow/.local/lib/python3.12/site-packages/airflow/example_dags/example_sensors.py took 0.167 seconds
[2024-07-11T00:17:54.430+0000] {processor.py:161} INFO - Started process (PID=6065) to work on /home/airflow/.local/lib/python3.12/site-packages/airflow/example_dags/example_sensors.py
[2024-07-11T00:17:54.433+0000] {processor.py:830} INFO - Processing file /home/airflow/.local/lib/python3.12/site-packages/airflow/example_dags/example_sensors.py for tasks to queue
[2024-07-11T00:17:54.436+0000] {logging_mixin.py:188} INFO - [2024-07-11T00:17:54.435+0000] {dagbag.py:545} INFO - Filling up the DagBag from /home/airflow/.local/lib/python3.12/site-packages/airflow/example_dags/example_sensors.py
[2024-07-11T00:17:54.459+0000] {processor.py:840} INFO - DAG(s) 'example_sensors' retrieved from /home/airflow/.local/lib/python3.12/site-packages/airflow/example_dags/example_sensors.py
[2024-07-11T00:17:54.532+0000] {logging_mixin.py:188} INFO - [2024-07-11T00:17:54.530+0000] {dag.py:3096} INFO - Sync 1 DAGs
[2024-07-11T00:17:54.581+0000] {logging_mixin.py:188} INFO - [2024-07-11T00:17:54.578+0000] {dag.py:3954} INFO - Setting next_dagrun for example_sensors to None, run_after=None
[2024-07-11T00:17:54.643+0000] {processor.py:183} INFO - Processing /home/airflow/.local/lib/python3.12/site-packages/airflow/example_dags/example_sensors.py took 0.225 seconds
[2024-07-11T00:18:24.828+0000] {processor.py:161} INFO - Started process (PID=6124) to work on /home/airflow/.local/lib/python3.12/site-packages/airflow/example_dags/example_sensors.py
[2024-07-11T00:18:24.830+0000] {processor.py:830} INFO - Processing file /home/airflow/.local/lib/python3.12/site-packages/airflow/example_dags/example_sensors.py for tasks to queue
[2024-07-11T00:18:24.832+0000] {logging_mixin.py:188} INFO - [2024-07-11T00:18:24.831+0000] {dagbag.py:545} INFO - Filling up the DagBag from /home/airflow/.local/lib/python3.12/site-packages/airflow/example_dags/example_sensors.py
[2024-07-11T00:18:24.846+0000] {processor.py:840} INFO - DAG(s) 'example_sensors' retrieved from /home/airflow/.local/lib/python3.12/site-packages/airflow/example_dags/example_sensors.py
[2024-07-11T00:18:24.906+0000] {logging_mixin.py:188} INFO - [2024-07-11T00:18:24.906+0000] {dag.py:3096} INFO - Sync 1 DAGs
[2024-07-11T00:18:24.928+0000] {logging_mixin.py:188} INFO - [2024-07-11T00:18:24.928+0000] {dag.py:3954} INFO - Setting next_dagrun for example_sensors to None, run_after=None
[2024-07-11T00:18:24.964+0000] {processor.py:183} INFO - Processing /home/airflow/.local/lib/python3.12/site-packages/airflow/example_dags/example_sensors.py took 0.145 seconds
[2024-07-11T00:18:55.281+0000] {processor.py:161} INFO - Started process (PID=6184) to work on /home/airflow/.local/lib/python3.12/site-packages/airflow/example_dags/example_sensors.py
[2024-07-11T00:18:55.283+0000] {processor.py:830} INFO - Processing file /home/airflow/.local/lib/python3.12/site-packages/airflow/example_dags/example_sensors.py for tasks to queue
[2024-07-11T00:18:55.286+0000] {logging_mixin.py:188} INFO - [2024-07-11T00:18:55.285+0000] {dagbag.py:545} INFO - Filling up the DagBag from /home/airflow/.local/lib/python3.12/site-packages/airflow/example_dags/example_sensors.py
[2024-07-11T00:18:55.332+0000] {processor.py:840} INFO - DAG(s) 'example_sensors' retrieved from /home/airflow/.local/lib/python3.12/site-packages/airflow/example_dags/example_sensors.py
[2024-07-11T00:18:55.418+0000] {logging_mixin.py:188} INFO - [2024-07-11T00:18:55.418+0000] {dag.py:3096} INFO - Sync 1 DAGs
[2024-07-11T00:18:55.458+0000] {logging_mixin.py:188} INFO - [2024-07-11T00:18:55.452+0000] {dag.py:3954} INFO - Setting next_dagrun for example_sensors to None, run_after=None
[2024-07-11T00:18:55.569+0000] {processor.py:183} INFO - Processing /home/airflow/.local/lib/python3.12/site-packages/airflow/example_dags/example_sensors.py took 0.303 seconds
[2024-07-11T00:19:27.277+0000] {processor.py:161} INFO - Started process (PID=6244) to work on /home/airflow/.local/lib/python3.12/site-packages/airflow/example_dags/example_sensors.py
[2024-07-11T00:19:27.287+0000] {processor.py:830} INFO - Processing file /home/airflow/.local/lib/python3.12/site-packages/airflow/example_dags/example_sensors.py for tasks to queue
[2024-07-11T00:19:27.295+0000] {logging_mixin.py:188} INFO - [2024-07-11T00:19:27.294+0000] {dagbag.py:545} INFO - Filling up the DagBag from /home/airflow/.local/lib/python3.12/site-packages/airflow/example_dags/example_sensors.py
[2024-07-11T00:19:27.340+0000] {processor.py:840} INFO - DAG(s) 'example_sensors' retrieved from /home/airflow/.local/lib/python3.12/site-packages/airflow/example_dags/example_sensors.py
[2024-07-11T00:19:27.467+0000] {logging_mixin.py:188} INFO - [2024-07-11T00:19:27.466+0000] {dag.py:3096} INFO - Sync 1 DAGs
[2024-07-11T00:19:27.530+0000] {logging_mixin.py:188} INFO - [2024-07-11T00:19:27.530+0000] {dag.py:3954} INFO - Setting next_dagrun for example_sensors to None, run_after=None
[2024-07-11T00:19:27.631+0000] {processor.py:183} INFO - Processing /home/airflow/.local/lib/python3.12/site-packages/airflow/example_dags/example_sensors.py took 0.376 seconds
[2024-07-11T00:19:58.274+0000] {processor.py:161} INFO - Started process (PID=6304) to work on /home/airflow/.local/lib/python3.12/site-packages/airflow/example_dags/example_sensors.py
[2024-07-11T00:19:58.275+0000] {processor.py:830} INFO - Processing file /home/airflow/.local/lib/python3.12/site-packages/airflow/example_dags/example_sensors.py for tasks to queue
[2024-07-11T00:19:58.277+0000] {logging_mixin.py:188} INFO - [2024-07-11T00:19:58.277+0000] {dagbag.py:545} INFO - Filling up the DagBag from /home/airflow/.local/lib/python3.12/site-packages/airflow/example_dags/example_sensors.py
[2024-07-11T00:19:58.300+0000] {processor.py:840} INFO - DAG(s) 'example_sensors' retrieved from /home/airflow/.local/lib/python3.12/site-packages/airflow/example_dags/example_sensors.py
[2024-07-11T00:19:58.363+0000] {logging_mixin.py:188} INFO - [2024-07-11T00:19:58.362+0000] {dag.py:3096} INFO - Sync 1 DAGs
[2024-07-11T00:19:58.629+0000] {logging_mixin.py:188} INFO - [2024-07-11T00:19:58.629+0000] {dag.py:3954} INFO - Setting next_dagrun for example_sensors to None, run_after=None
[2024-07-11T00:19:58.661+0000] {processor.py:183} INFO - Processing /home/airflow/.local/lib/python3.12/site-packages/airflow/example_dags/example_sensors.py took 0.402 seconds
[2024-07-11T00:20:28.895+0000] {processor.py:161} INFO - Started process (PID=6364) to work on /home/airflow/.local/lib/python3.12/site-packages/airflow/example_dags/example_sensors.py
[2024-07-11T00:20:28.897+0000] {processor.py:830} INFO - Processing file /home/airflow/.local/lib/python3.12/site-packages/airflow/example_dags/example_sensors.py for tasks to queue
[2024-07-11T00:20:28.900+0000] {logging_mixin.py:188} INFO - [2024-07-11T00:20:28.899+0000] {dagbag.py:545} INFO - Filling up the DagBag from /home/airflow/.local/lib/python3.12/site-packages/airflow/example_dags/example_sensors.py
[2024-07-11T00:20:28.937+0000] {processor.py:840} INFO - DAG(s) 'example_sensors' retrieved from /home/airflow/.local/lib/python3.12/site-packages/airflow/example_dags/example_sensors.py
[2024-07-11T00:20:28.996+0000] {logging_mixin.py:188} INFO - [2024-07-11T00:20:28.996+0000] {dag.py:3096} INFO - Sync 1 DAGs
[2024-07-11T00:20:29.016+0000] {logging_mixin.py:188} INFO - [2024-07-11T00:20:29.016+0000] {dag.py:3954} INFO - Setting next_dagrun for example_sensors to None, run_after=None
[2024-07-11T00:20:29.047+0000] {processor.py:183} INFO - Processing /home/airflow/.local/lib/python3.12/site-packages/airflow/example_dags/example_sensors.py took 0.163 seconds
[2024-07-11T00:21:00.510+0000] {processor.py:161} INFO - Started process (PID=6424) to work on /home/airflow/.local/lib/python3.12/site-packages/airflow/example_dags/example_sensors.py
[2024-07-11T00:21:00.512+0000] {processor.py:830} INFO - Processing file /home/airflow/.local/lib/python3.12/site-packages/airflow/example_dags/example_sensors.py for tasks to queue
[2024-07-11T00:21:00.515+0000] {logging_mixin.py:188} INFO - [2024-07-11T00:21:00.514+0000] {dagbag.py:545} INFO - Filling up the DagBag from /home/airflow/.local/lib/python3.12/site-packages/airflow/example_dags/example_sensors.py
[2024-07-11T00:21:00.538+0000] {processor.py:840} INFO - DAG(s) 'example_sensors' retrieved from /home/airflow/.local/lib/python3.12/site-packages/airflow/example_dags/example_sensors.py
[2024-07-11T00:21:00.593+0000] {logging_mixin.py:188} INFO - [2024-07-11T00:21:00.592+0000] {dag.py:3096} INFO - Sync 1 DAGs
[2024-07-11T00:21:00.616+0000] {logging_mixin.py:188} INFO - [2024-07-11T00:21:00.615+0000] {dag.py:3954} INFO - Setting next_dagrun for example_sensors to None, run_after=None
[2024-07-11T00:21:00.657+0000] {processor.py:183} INFO - Processing /home/airflow/.local/lib/python3.12/site-packages/airflow/example_dags/example_sensors.py took 0.168 seconds
[2024-07-11T00:21:30.746+0000] {processor.py:161} INFO - Started process (PID=6484) to work on /home/airflow/.local/lib/python3.12/site-packages/airflow/example_dags/example_sensors.py
[2024-07-11T00:21:30.749+0000] {processor.py:830} INFO - Processing file /home/airflow/.local/lib/python3.12/site-packages/airflow/example_dags/example_sensors.py for tasks to queue
[2024-07-11T00:21:30.752+0000] {logging_mixin.py:188} INFO - [2024-07-11T00:21:30.751+0000] {dagbag.py:545} INFO - Filling up the DagBag from /home/airflow/.local/lib/python3.12/site-packages/airflow/example_dags/example_sensors.py
[2024-07-11T00:21:30.776+0000] {processor.py:840} INFO - DAG(s) 'example_sensors' retrieved from /home/airflow/.local/lib/python3.12/site-packages/airflow/example_dags/example_sensors.py
[2024-07-11T00:21:30.834+0000] {logging_mixin.py:188} INFO - [2024-07-11T00:21:30.834+0000] {dag.py:3096} INFO - Sync 1 DAGs
[2024-07-11T00:21:30.861+0000] {logging_mixin.py:188} INFO - [2024-07-11T00:21:30.861+0000] {dag.py:3954} INFO - Setting next_dagrun for example_sensors to None, run_after=None
[2024-07-11T00:21:30.905+0000] {processor.py:183} INFO - Processing /home/airflow/.local/lib/python3.12/site-packages/airflow/example_dags/example_sensors.py took 0.173 seconds
[2024-07-11T00:22:01.402+0000] {processor.py:161} INFO - Started process (PID=6544) to work on /home/airflow/.local/lib/python3.12/site-packages/airflow/example_dags/example_sensors.py
[2024-07-11T00:22:01.404+0000] {processor.py:830} INFO - Processing file /home/airflow/.local/lib/python3.12/site-packages/airflow/example_dags/example_sensors.py for tasks to queue
[2024-07-11T00:22:01.407+0000] {logging_mixin.py:188} INFO - [2024-07-11T00:22:01.406+0000] {dagbag.py:545} INFO - Filling up the DagBag from /home/airflow/.local/lib/python3.12/site-packages/airflow/example_dags/example_sensors.py
[2024-07-11T00:22:01.434+0000] {processor.py:840} INFO - DAG(s) 'example_sensors' retrieved from /home/airflow/.local/lib/python3.12/site-packages/airflow/example_dags/example_sensors.py
[2024-07-11T00:22:01.527+0000] {logging_mixin.py:188} INFO - [2024-07-11T00:22:01.526+0000] {dag.py:3096} INFO - Sync 1 DAGs
[2024-07-11T00:22:01.560+0000] {logging_mixin.py:188} INFO - [2024-07-11T00:22:01.560+0000] {dag.py:3954} INFO - Setting next_dagrun for example_sensors to None, run_after=None
[2024-07-11T00:22:01.615+0000] {processor.py:183} INFO - Processing /home/airflow/.local/lib/python3.12/site-packages/airflow/example_dags/example_sensors.py took 0.234 seconds
[2024-07-11T00:22:32.287+0000] {processor.py:161} INFO - Started process (PID=6604) to work on /home/airflow/.local/lib/python3.12/site-packages/airflow/example_dags/example_sensors.py
[2024-07-11T00:22:32.290+0000] {processor.py:830} INFO - Processing file /home/airflow/.local/lib/python3.12/site-packages/airflow/example_dags/example_sensors.py for tasks to queue
[2024-07-11T00:22:32.292+0000] {logging_mixin.py:188} INFO - [2024-07-11T00:22:32.291+0000] {dagbag.py:545} INFO - Filling up the DagBag from /home/airflow/.local/lib/python3.12/site-packages/airflow/example_dags/example_sensors.py
[2024-07-11T00:22:32.317+0000] {processor.py:840} INFO - DAG(s) 'example_sensors' retrieved from /home/airflow/.local/lib/python3.12/site-packages/airflow/example_dags/example_sensors.py
[2024-07-11T00:22:32.401+0000] {logging_mixin.py:188} INFO - [2024-07-11T00:22:32.400+0000] {dag.py:3096} INFO - Sync 1 DAGs
[2024-07-11T00:22:32.433+0000] {logging_mixin.py:188} INFO - [2024-07-11T00:22:32.433+0000] {dag.py:3954} INFO - Setting next_dagrun for example_sensors to None, run_after=None
[2024-07-11T00:22:32.491+0000] {processor.py:183} INFO - Processing /home/airflow/.local/lib/python3.12/site-packages/airflow/example_dags/example_sensors.py took 0.219 seconds
[2024-07-11T00:23:03.839+0000] {processor.py:161} INFO - Started process (PID=6664) to work on /home/airflow/.local/lib/python3.12/site-packages/airflow/example_dags/example_sensors.py
[2024-07-11T00:23:03.841+0000] {processor.py:830} INFO - Processing file /home/airflow/.local/lib/python3.12/site-packages/airflow/example_dags/example_sensors.py for tasks to queue
[2024-07-11T00:23:03.854+0000] {logging_mixin.py:188} INFO - [2024-07-11T00:23:03.850+0000] {dagbag.py:545} INFO - Filling up the DagBag from /home/airflow/.local/lib/python3.12/site-packages/airflow/example_dags/example_sensors.py
[2024-07-11T00:23:03.899+0000] {processor.py:840} INFO - DAG(s) 'example_sensors' retrieved from /home/airflow/.local/lib/python3.12/site-packages/airflow/example_dags/example_sensors.py
[2024-07-11T00:23:04.004+0000] {logging_mixin.py:188} INFO - [2024-07-11T00:23:04.003+0000] {dag.py:3096} INFO - Sync 1 DAGs
[2024-07-11T00:23:04.050+0000] {logging_mixin.py:188} INFO - [2024-07-11T00:23:04.050+0000] {dag.py:3954} INFO - Setting next_dagrun for example_sensors to None, run_after=None
[2024-07-11T00:23:04.111+0000] {processor.py:183} INFO - Processing /home/airflow/.local/lib/python3.12/site-packages/airflow/example_dags/example_sensors.py took 0.295 seconds
[2024-07-11T00:23:35.251+0000] {processor.py:161} INFO - Started process (PID=6723) to work on /home/airflow/.local/lib/python3.12/site-packages/airflow/example_dags/example_sensors.py
[2024-07-11T00:23:35.267+0000] {processor.py:830} INFO - Processing file /home/airflow/.local/lib/python3.12/site-packages/airflow/example_dags/example_sensors.py for tasks to queue
[2024-07-11T00:23:35.273+0000] {logging_mixin.py:188} INFO - [2024-07-11T00:23:35.271+0000] {dagbag.py:545} INFO - Filling up the DagBag from /home/airflow/.local/lib/python3.12/site-packages/airflow/example_dags/example_sensors.py
[2024-07-11T00:23:35.361+0000] {processor.py:840} INFO - DAG(s) 'example_sensors' retrieved from /home/airflow/.local/lib/python3.12/site-packages/airflow/example_dags/example_sensors.py
[2024-07-11T00:23:35.508+0000] {logging_mixin.py:188} INFO - [2024-07-11T00:23:35.507+0000] {dag.py:3096} INFO - Sync 1 DAGs
[2024-07-11T00:23:35.554+0000] {logging_mixin.py:188} INFO - [2024-07-11T00:23:35.553+0000] {dag.py:3954} INFO - Setting next_dagrun for example_sensors to None, run_after=None
[2024-07-11T00:23:35.632+0000] {processor.py:183} INFO - Processing /home/airflow/.local/lib/python3.12/site-packages/airflow/example_dags/example_sensors.py took 0.480 seconds
[2024-07-11T00:24:06.207+0000] {processor.py:161} INFO - Started process (PID=6782) to work on /home/airflow/.local/lib/python3.12/site-packages/airflow/example_dags/example_sensors.py
[2024-07-11T00:24:06.209+0000] {processor.py:830} INFO - Processing file /home/airflow/.local/lib/python3.12/site-packages/airflow/example_dags/example_sensors.py for tasks to queue
[2024-07-11T00:24:06.212+0000] {logging_mixin.py:188} INFO - [2024-07-11T00:24:06.211+0000] {dagbag.py:545} INFO - Filling up the DagBag from /home/airflow/.local/lib/python3.12/site-packages/airflow/example_dags/example_sensors.py
[2024-07-11T00:24:06.231+0000] {processor.py:840} INFO - DAG(s) 'example_sensors' retrieved from /home/airflow/.local/lib/python3.12/site-packages/airflow/example_dags/example_sensors.py
[2024-07-11T00:24:06.325+0000] {logging_mixin.py:188} INFO - [2024-07-11T00:24:06.324+0000] {dag.py:3096} INFO - Sync 1 DAGs
[2024-07-11T00:24:06.365+0000] {logging_mixin.py:188} INFO - [2024-07-11T00:24:06.365+0000] {dag.py:3954} INFO - Setting next_dagrun for example_sensors to None, run_after=None
[2024-07-11T00:24:06.415+0000] {processor.py:183} INFO - Processing /home/airflow/.local/lib/python3.12/site-packages/airflow/example_dags/example_sensors.py took 0.226 seconds
[2024-07-11T00:24:36.923+0000] {processor.py:161} INFO - Started process (PID=6841) to work on /home/airflow/.local/lib/python3.12/site-packages/airflow/example_dags/example_sensors.py
[2024-07-11T00:24:36.926+0000] {processor.py:830} INFO - Processing file /home/airflow/.local/lib/python3.12/site-packages/airflow/example_dags/example_sensors.py for tasks to queue
[2024-07-11T00:24:36.928+0000] {logging_mixin.py:188} INFO - [2024-07-11T00:24:36.927+0000] {dagbag.py:545} INFO - Filling up the DagBag from /home/airflow/.local/lib/python3.12/site-packages/airflow/example_dags/example_sensors.py
[2024-07-11T00:24:36.947+0000] {processor.py:840} INFO - DAG(s) 'example_sensors' retrieved from /home/airflow/.local/lib/python3.12/site-packages/airflow/example_dags/example_sensors.py
[2024-07-11T00:24:37.000+0000] {logging_mixin.py:188} INFO - [2024-07-11T00:24:37.000+0000] {dag.py:3096} INFO - Sync 1 DAGs
[2024-07-11T00:24:37.024+0000] {logging_mixin.py:188} INFO - [2024-07-11T00:24:37.024+0000] {dag.py:3954} INFO - Setting next_dagrun for example_sensors to None, run_after=None
[2024-07-11T00:24:37.062+0000] {processor.py:183} INFO - Processing /home/airflow/.local/lib/python3.12/site-packages/airflow/example_dags/example_sensors.py took 0.151 seconds
[2024-07-11T00:25:08.660+0000] {processor.py:161} INFO - Started process (PID=6901) to work on /home/airflow/.local/lib/python3.12/site-packages/airflow/example_dags/example_sensors.py
[2024-07-11T00:25:08.662+0000] {processor.py:830} INFO - Processing file /home/airflow/.local/lib/python3.12/site-packages/airflow/example_dags/example_sensors.py for tasks to queue
[2024-07-11T00:25:08.666+0000] {logging_mixin.py:188} INFO - [2024-07-11T00:25:08.666+0000] {dagbag.py:545} INFO - Filling up the DagBag from /home/airflow/.local/lib/python3.12/site-packages/airflow/example_dags/example_sensors.py
[2024-07-11T00:25:08.690+0000] {processor.py:840} INFO - DAG(s) 'example_sensors' retrieved from /home/airflow/.local/lib/python3.12/site-packages/airflow/example_dags/example_sensors.py
[2024-07-11T00:25:08.785+0000] {logging_mixin.py:188} INFO - [2024-07-11T00:25:08.784+0000] {dag.py:3096} INFO - Sync 1 DAGs
[2024-07-11T00:25:08.815+0000] {logging_mixin.py:188} INFO - [2024-07-11T00:25:08.815+0000] {dag.py:3954} INFO - Setting next_dagrun for example_sensors to None, run_after=None
[2024-07-11T00:25:08.861+0000] {processor.py:183} INFO - Processing /home/airflow/.local/lib/python3.12/site-packages/airflow/example_dags/example_sensors.py took 0.214 seconds
[2024-07-11T00:25:40.288+0000] {processor.py:161} INFO - Started process (PID=6961) to work on /home/airflow/.local/lib/python3.12/site-packages/airflow/example_dags/example_sensors.py
[2024-07-11T00:25:40.290+0000] {processor.py:830} INFO - Processing file /home/airflow/.local/lib/python3.12/site-packages/airflow/example_dags/example_sensors.py for tasks to queue
[2024-07-11T00:25:40.292+0000] {logging_mixin.py:188} INFO - [2024-07-11T00:25:40.291+0000] {dagbag.py:545} INFO - Filling up the DagBag from /home/airflow/.local/lib/python3.12/site-packages/airflow/example_dags/example_sensors.py
[2024-07-11T00:25:40.320+0000] {processor.py:840} INFO - DAG(s) 'example_sensors' retrieved from /home/airflow/.local/lib/python3.12/site-packages/airflow/example_dags/example_sensors.py
[2024-07-11T00:25:40.375+0000] {logging_mixin.py:188} INFO - [2024-07-11T00:25:40.374+0000] {dag.py:3096} INFO - Sync 1 DAGs
[2024-07-11T00:25:40.400+0000] {logging_mixin.py:188} INFO - [2024-07-11T00:25:40.400+0000] {dag.py:3954} INFO - Setting next_dagrun for example_sensors to None, run_after=None
[2024-07-11T00:25:40.439+0000] {processor.py:183} INFO - Processing /home/airflow/.local/lib/python3.12/site-packages/airflow/example_dags/example_sensors.py took 0.164 seconds
[2024-07-11T00:26:10.535+0000] {processor.py:161} INFO - Started process (PID=7019) to work on /home/airflow/.local/lib/python3.12/site-packages/airflow/example_dags/example_sensors.py
[2024-07-11T00:26:10.537+0000] {processor.py:830} INFO - Processing file /home/airflow/.local/lib/python3.12/site-packages/airflow/example_dags/example_sensors.py for tasks to queue
[2024-07-11T00:26:10.540+0000] {logging_mixin.py:188} INFO - [2024-07-11T00:26:10.539+0000] {dagbag.py:545} INFO - Filling up the DagBag from /home/airflow/.local/lib/python3.12/site-packages/airflow/example_dags/example_sensors.py
[2024-07-11T00:26:10.556+0000] {processor.py:840} INFO - DAG(s) 'example_sensors' retrieved from /home/airflow/.local/lib/python3.12/site-packages/airflow/example_dags/example_sensors.py
[2024-07-11T00:26:10.603+0000] {logging_mixin.py:188} INFO - [2024-07-11T00:26:10.602+0000] {dag.py:3096} INFO - Sync 1 DAGs
[2024-07-11T00:26:10.622+0000] {logging_mixin.py:188} INFO - [2024-07-11T00:26:10.622+0000] {dag.py:3954} INFO - Setting next_dagrun for example_sensors to None, run_after=None
[2024-07-11T00:26:10.654+0000] {processor.py:183} INFO - Processing /home/airflow/.local/lib/python3.12/site-packages/airflow/example_dags/example_sensors.py took 0.135 seconds
[2024-07-11T00:26:44.303+0000] {processor.py:161} INFO - Started process (PID=7080) to work on /home/airflow/.local/lib/python3.12/site-packages/airflow/example_dags/example_sensors.py
[2024-07-11T00:26:44.308+0000] {processor.py:830} INFO - Processing file /home/airflow/.local/lib/python3.12/site-packages/airflow/example_dags/example_sensors.py for tasks to queue
[2024-07-11T00:26:44.311+0000] {logging_mixin.py:188} INFO - [2024-07-11T00:26:44.310+0000] {dagbag.py:545} INFO - Filling up the DagBag from /home/airflow/.local/lib/python3.12/site-packages/airflow/example_dags/example_sensors.py
[2024-07-11T00:26:44.334+0000] {processor.py:840} INFO - DAG(s) 'example_sensors' retrieved from /home/airflow/.local/lib/python3.12/site-packages/airflow/example_dags/example_sensors.py
[2024-07-11T00:26:44.587+0000] {logging_mixin.py:188} INFO - [2024-07-11T00:26:44.586+0000] {dag.py:3096} INFO - Sync 1 DAGs
[2024-07-11T00:26:44.612+0000] {logging_mixin.py:188} INFO - [2024-07-11T00:26:44.611+0000] {dag.py:3954} INFO - Setting next_dagrun for example_sensors to None, run_after=None
[2024-07-11T00:26:44.652+0000] {processor.py:183} INFO - Processing /home/airflow/.local/lib/python3.12/site-packages/airflow/example_dags/example_sensors.py took 0.367 seconds
