[2024-07-11T00:00:06.707+0000] {processor.py:161} INFO - Started process (PID=3989) to work on /home/airflow/.local/lib/python3.12/site-packages/airflow/example_dags/example_branch_labels.py
[2024-07-11T00:00:06.709+0000] {processor.py:830} INFO - Processing file /home/airflow/.local/lib/python3.12/site-packages/airflow/example_dags/example_branch_labels.py for tasks to queue
[2024-07-11T00:00:06.712+0000] {logging_mixin.py:188} INFO - [2024-07-11T00:00:06.712+0000] {dagbag.py:545} INFO - Filling up the DagBag from /home/airflow/.local/lib/python3.12/site-packages/airflow/example_dags/example_branch_labels.py
[2024-07-11T00:00:06.733+0000] {processor.py:840} INFO - DAG(s) 'example_branch_labels' retrieved from /home/airflow/.local/lib/python3.12/site-packages/airflow/example_dags/example_branch_labels.py
[2024-07-11T00:00:06.865+0000] {logging_mixin.py:188} INFO - [2024-07-11T00:00:06.864+0000] {dag.py:3096} INFO - Sync 1 DAGs
[2024-07-11T00:00:06.974+0000] {logging_mixin.py:188} INFO - [2024-07-11T00:00:06.973+0000] {dag.py:3954} INFO - Setting next_dagrun for example_branch_labels to 2024-07-10 00:00:00+00:00, run_after=2024-07-11 00:00:00+00:00
[2024-07-11T00:00:07.049+0000] {processor.py:183} INFO - Processing /home/airflow/.local/lib/python3.12/site-packages/airflow/example_dags/example_branch_labels.py took 0.359 seconds
[2024-07-11T00:00:37.609+0000] {processor.py:161} INFO - Started process (PID=4048) to work on /home/airflow/.local/lib/python3.12/site-packages/airflow/example_dags/example_branch_labels.py
[2024-07-11T00:00:37.642+0000] {processor.py:830} INFO - Processing file /home/airflow/.local/lib/python3.12/site-packages/airflow/example_dags/example_branch_labels.py for tasks to queue
[2024-07-11T00:00:37.644+0000] {logging_mixin.py:188} INFO - [2024-07-11T00:00:37.644+0000] {dagbag.py:545} INFO - Filling up the DagBag from /home/airflow/.local/lib/python3.12/site-packages/airflow/example_dags/example_branch_labels.py
[2024-07-11T00:00:37.697+0000] {processor.py:840} INFO - DAG(s) 'example_branch_labels' retrieved from /home/airflow/.local/lib/python3.12/site-packages/airflow/example_dags/example_branch_labels.py
[2024-07-11T00:00:37.906+0000] {logging_mixin.py:188} INFO - [2024-07-11T00:00:37.906+0000] {dag.py:3096} INFO - Sync 1 DAGs
[2024-07-11T00:00:38.011+0000] {logging_mixin.py:188} INFO - [2024-07-11T00:00:38.009+0000] {dag.py:3954} INFO - Setting next_dagrun for example_branch_labels to 2024-07-10 00:00:00+00:00, run_after=2024-07-11 00:00:00+00:00
[2024-07-11T00:00:38.128+0000] {processor.py:183} INFO - Processing /home/airflow/.local/lib/python3.12/site-packages/airflow/example_dags/example_branch_labels.py took 0.551 seconds
[2024-07-11T00:01:08.307+0000] {processor.py:161} INFO - Started process (PID=4108) to work on /home/airflow/.local/lib/python3.12/site-packages/airflow/example_dags/example_branch_labels.py
[2024-07-11T00:01:08.309+0000] {processor.py:830} INFO - Processing file /home/airflow/.local/lib/python3.12/site-packages/airflow/example_dags/example_branch_labels.py for tasks to queue
[2024-07-11T00:01:08.314+0000] {logging_mixin.py:188} INFO - [2024-07-11T00:01:08.310+0000] {dagbag.py:545} INFO - Filling up the DagBag from /home/airflow/.local/lib/python3.12/site-packages/airflow/example_dags/example_branch_labels.py
[2024-07-11T00:01:08.351+0000] {processor.py:840} INFO - DAG(s) 'example_branch_labels' retrieved from /home/airflow/.local/lib/python3.12/site-packages/airflow/example_dags/example_branch_labels.py
[2024-07-11T00:01:08.522+0000] {logging_mixin.py:188} INFO - [2024-07-11T00:01:08.521+0000] {dag.py:3096} INFO - Sync 1 DAGs
[2024-07-11T00:01:08.596+0000] {logging_mixin.py:188} INFO - [2024-07-11T00:01:08.595+0000] {dag.py:3954} INFO - Setting next_dagrun for example_branch_labels to 2024-07-10 00:00:00+00:00, run_after=2024-07-11 00:00:00+00:00
[2024-07-11T00:01:08.659+0000] {processor.py:183} INFO - Processing /home/airflow/.local/lib/python3.12/site-packages/airflow/example_dags/example_branch_labels.py took 0.377 seconds
[2024-07-11T00:01:38.907+0000] {processor.py:161} INFO - Started process (PID=4170) to work on /home/airflow/.local/lib/python3.12/site-packages/airflow/example_dags/example_branch_labels.py
[2024-07-11T00:01:38.910+0000] {processor.py:830} INFO - Processing file /home/airflow/.local/lib/python3.12/site-packages/airflow/example_dags/example_branch_labels.py for tasks to queue
[2024-07-11T00:01:38.912+0000] {logging_mixin.py:188} INFO - [2024-07-11T00:01:38.912+0000] {dagbag.py:545} INFO - Filling up the DagBag from /home/airflow/.local/lib/python3.12/site-packages/airflow/example_dags/example_branch_labels.py
[2024-07-11T00:01:38.949+0000] {processor.py:840} INFO - DAG(s) 'example_branch_labels' retrieved from /home/airflow/.local/lib/python3.12/site-packages/airflow/example_dags/example_branch_labels.py
[2024-07-11T00:01:39.030+0000] {logging_mixin.py:188} INFO - [2024-07-11T00:01:39.030+0000] {dag.py:3096} INFO - Sync 1 DAGs
[2024-07-11T00:01:39.083+0000] {logging_mixin.py:188} INFO - [2024-07-11T00:01:39.082+0000] {dag.py:3954} INFO - Setting next_dagrun for example_branch_labels to 2024-07-10 00:00:00+00:00, run_after=2024-07-11 00:00:00+00:00
[2024-07-11T00:01:39.125+0000] {processor.py:183} INFO - Processing /home/airflow/.local/lib/python3.12/site-packages/airflow/example_dags/example_branch_labels.py took 0.243 seconds
[2024-07-11T00:02:09.866+0000] {processor.py:161} INFO - Started process (PID=4229) to work on /home/airflow/.local/lib/python3.12/site-packages/airflow/example_dags/example_branch_labels.py
[2024-07-11T00:02:09.868+0000] {processor.py:830} INFO - Processing file /home/airflow/.local/lib/python3.12/site-packages/airflow/example_dags/example_branch_labels.py for tasks to queue
[2024-07-11T00:02:09.872+0000] {logging_mixin.py:188} INFO - [2024-07-11T00:02:09.871+0000] {dagbag.py:545} INFO - Filling up the DagBag from /home/airflow/.local/lib/python3.12/site-packages/airflow/example_dags/example_branch_labels.py
[2024-07-11T00:02:09.902+0000] {processor.py:840} INFO - DAG(s) 'example_branch_labels' retrieved from /home/airflow/.local/lib/python3.12/site-packages/airflow/example_dags/example_branch_labels.py
[2024-07-11T00:02:09.950+0000] {logging_mixin.py:188} INFO - [2024-07-11T00:02:09.950+0000] {dag.py:3096} INFO - Sync 1 DAGs
[2024-07-11T00:02:10.047+0000] {logging_mixin.py:188} INFO - [2024-07-11T00:02:10.047+0000] {dag.py:3954} INFO - Setting next_dagrun for example_branch_labels to 2024-07-10 00:00:00+00:00, run_after=2024-07-11 00:00:00+00:00
[2024-07-11T00:02:10.110+0000] {processor.py:183} INFO - Processing /home/airflow/.local/lib/python3.12/site-packages/airflow/example_dags/example_branch_labels.py took 0.282 seconds
[2024-07-11T00:02:40.545+0000] {processor.py:161} INFO - Started process (PID=4291) to work on /home/airflow/.local/lib/python3.12/site-packages/airflow/example_dags/example_branch_labels.py
[2024-07-11T00:02:40.548+0000] {processor.py:830} INFO - Processing file /home/airflow/.local/lib/python3.12/site-packages/airflow/example_dags/example_branch_labels.py for tasks to queue
[2024-07-11T00:02:40.553+0000] {logging_mixin.py:188} INFO - [2024-07-11T00:02:40.551+0000] {dagbag.py:545} INFO - Filling up the DagBag from /home/airflow/.local/lib/python3.12/site-packages/airflow/example_dags/example_branch_labels.py
[2024-07-11T00:02:40.572+0000] {processor.py:840} INFO - DAG(s) 'example_branch_labels' retrieved from /home/airflow/.local/lib/python3.12/site-packages/airflow/example_dags/example_branch_labels.py
[2024-07-11T00:02:40.628+0000] {logging_mixin.py:188} INFO - [2024-07-11T00:02:40.627+0000] {dag.py:3096} INFO - Sync 1 DAGs
[2024-07-11T00:02:40.667+0000] {logging_mixin.py:188} INFO - [2024-07-11T00:02:40.666+0000] {dag.py:3954} INFO - Setting next_dagrun for example_branch_labels to 2024-07-10 00:00:00+00:00, run_after=2024-07-11 00:00:00+00:00
[2024-07-11T00:02:40.694+0000] {processor.py:183} INFO - Processing /home/airflow/.local/lib/python3.12/site-packages/airflow/example_dags/example_branch_labels.py took 0.164 seconds
[2024-07-11T00:03:11.184+0000] {processor.py:161} INFO - Started process (PID=4353) to work on /home/airflow/.local/lib/python3.12/site-packages/airflow/example_dags/example_branch_labels.py
[2024-07-11T00:03:11.186+0000] {processor.py:830} INFO - Processing file /home/airflow/.local/lib/python3.12/site-packages/airflow/example_dags/example_branch_labels.py for tasks to queue
[2024-07-11T00:03:11.188+0000] {logging_mixin.py:188} INFO - [2024-07-11T00:03:11.188+0000] {dagbag.py:545} INFO - Filling up the DagBag from /home/airflow/.local/lib/python3.12/site-packages/airflow/example_dags/example_branch_labels.py
[2024-07-11T00:03:11.202+0000] {processor.py:840} INFO - DAG(s) 'example_branch_labels' retrieved from /home/airflow/.local/lib/python3.12/site-packages/airflow/example_dags/example_branch_labels.py
[2024-07-11T00:03:11.244+0000] {logging_mixin.py:188} INFO - [2024-07-11T00:03:11.244+0000] {dag.py:3096} INFO - Sync 1 DAGs
[2024-07-11T00:03:11.306+0000] {logging_mixin.py:188} INFO - [2024-07-11T00:03:11.305+0000] {dag.py:3954} INFO - Setting next_dagrun for example_branch_labels to 2024-07-10 00:00:00+00:00, run_after=2024-07-11 00:00:00+00:00
[2024-07-11T00:03:11.348+0000] {processor.py:183} INFO - Processing /home/airflow/.local/lib/python3.12/site-packages/airflow/example_dags/example_branch_labels.py took 0.176 seconds
[2024-07-11T00:03:42.405+0000] {processor.py:161} INFO - Started process (PID=4412) to work on /home/airflow/.local/lib/python3.12/site-packages/airflow/example_dags/example_branch_labels.py
[2024-07-11T00:03:42.412+0000] {processor.py:830} INFO - Processing file /home/airflow/.local/lib/python3.12/site-packages/airflow/example_dags/example_branch_labels.py for tasks to queue
[2024-07-11T00:03:42.429+0000] {logging_mixin.py:188} INFO - [2024-07-11T00:03:42.417+0000] {dagbag.py:545} INFO - Filling up the DagBag from /home/airflow/.local/lib/python3.12/site-packages/airflow/example_dags/example_branch_labels.py
[2024-07-11T00:03:42.466+0000] {processor.py:840} INFO - DAG(s) 'example_branch_labels' retrieved from /home/airflow/.local/lib/python3.12/site-packages/airflow/example_dags/example_branch_labels.py
[2024-07-11T00:03:42.535+0000] {logging_mixin.py:188} INFO - [2024-07-11T00:03:42.535+0000] {dag.py:3096} INFO - Sync 1 DAGs
[2024-07-11T00:03:42.596+0000] {logging_mixin.py:188} INFO - [2024-07-11T00:03:42.596+0000] {dag.py:3954} INFO - Setting next_dagrun for example_branch_labels to 2024-07-10 00:00:00+00:00, run_after=2024-07-11 00:00:00+00:00
[2024-07-11T00:03:42.670+0000] {processor.py:183} INFO - Processing /home/airflow/.local/lib/python3.12/site-packages/airflow/example_dags/example_branch_labels.py took 0.281 seconds
[2024-07-11T00:04:15.394+0000] {processor.py:161} INFO - Started process (PID=4478) to work on /home/airflow/.local/lib/python3.12/site-packages/airflow/example_dags/example_branch_labels.py
[2024-07-11T00:04:15.400+0000] {processor.py:830} INFO - Processing file /home/airflow/.local/lib/python3.12/site-packages/airflow/example_dags/example_branch_labels.py for tasks to queue
[2024-07-11T00:04:15.407+0000] {logging_mixin.py:188} INFO - [2024-07-11T00:04:15.406+0000] {dagbag.py:545} INFO - Filling up the DagBag from /home/airflow/.local/lib/python3.12/site-packages/airflow/example_dags/example_branch_labels.py
[2024-07-11T00:04:15.438+0000] {processor.py:840} INFO - DAG(s) 'example_branch_labels' retrieved from /home/airflow/.local/lib/python3.12/site-packages/airflow/example_dags/example_branch_labels.py
[2024-07-11T00:04:15.567+0000] {logging_mixin.py:188} INFO - [2024-07-11T00:04:15.565+0000] {dag.py:3096} INFO - Sync 1 DAGs
[2024-07-11T00:04:15.699+0000] {logging_mixin.py:188} INFO - [2024-07-11T00:04:15.698+0000] {dag.py:3954} INFO - Setting next_dagrun for example_branch_labels to 2024-07-10 00:00:00+00:00, run_after=2024-07-11 00:00:00+00:00
[2024-07-11T00:04:15.778+0000] {processor.py:183} INFO - Processing /home/airflow/.local/lib/python3.12/site-packages/airflow/example_dags/example_branch_labels.py took 0.562 seconds
[2024-07-11T00:04:45.966+0000] {processor.py:161} INFO - Started process (PID=4537) to work on /home/airflow/.local/lib/python3.12/site-packages/airflow/example_dags/example_branch_labels.py
[2024-07-11T00:04:45.969+0000] {processor.py:830} INFO - Processing file /home/airflow/.local/lib/python3.12/site-packages/airflow/example_dags/example_branch_labels.py for tasks to queue
[2024-07-11T00:04:45.974+0000] {logging_mixin.py:188} INFO - [2024-07-11T00:04:45.973+0000] {dagbag.py:545} INFO - Filling up the DagBag from /home/airflow/.local/lib/python3.12/site-packages/airflow/example_dags/example_branch_labels.py
[2024-07-11T00:04:45.995+0000] {processor.py:840} INFO - DAG(s) 'example_branch_labels' retrieved from /home/airflow/.local/lib/python3.12/site-packages/airflow/example_dags/example_branch_labels.py
[2024-07-11T00:04:46.052+0000] {logging_mixin.py:188} INFO - [2024-07-11T00:04:46.051+0000] {dag.py:3096} INFO - Sync 1 DAGs
[2024-07-11T00:04:46.132+0000] {logging_mixin.py:188} INFO - [2024-07-11T00:04:46.132+0000] {dag.py:3954} INFO - Setting next_dagrun for example_branch_labels to 2024-07-10 00:00:00+00:00, run_after=2024-07-11 00:00:00+00:00
[2024-07-11T00:04:46.195+0000] {processor.py:183} INFO - Processing /home/airflow/.local/lib/python3.12/site-packages/airflow/example_dags/example_branch_labels.py took 0.243 seconds
[2024-07-11T00:05:16.747+0000] {processor.py:161} INFO - Started process (PID=4597) to work on /home/airflow/.local/lib/python3.12/site-packages/airflow/example_dags/example_branch_labels.py
[2024-07-11T00:05:16.750+0000] {processor.py:830} INFO - Processing file /home/airflow/.local/lib/python3.12/site-packages/airflow/example_dags/example_branch_labels.py for tasks to queue
[2024-07-11T00:05:16.752+0000] {logging_mixin.py:188} INFO - [2024-07-11T00:05:16.751+0000] {dagbag.py:545} INFO - Filling up the DagBag from /home/airflow/.local/lib/python3.12/site-packages/airflow/example_dags/example_branch_labels.py
[2024-07-11T00:05:16.768+0000] {processor.py:840} INFO - DAG(s) 'example_branch_labels' retrieved from /home/airflow/.local/lib/python3.12/site-packages/airflow/example_dags/example_branch_labels.py
[2024-07-11T00:05:16.857+0000] {logging_mixin.py:188} INFO - [2024-07-11T00:05:16.856+0000] {dag.py:3096} INFO - Sync 1 DAGs
[2024-07-11T00:05:16.946+0000] {logging_mixin.py:188} INFO - [2024-07-11T00:05:16.935+0000] {dag.py:3954} INFO - Setting next_dagrun for example_branch_labels to 2024-07-10 00:00:00+00:00, run_after=2024-07-11 00:00:00+00:00
[2024-07-11T00:05:17.004+0000] {processor.py:183} INFO - Processing /home/airflow/.local/lib/python3.12/site-packages/airflow/example_dags/example_branch_labels.py took 0.277 seconds
[2024-07-11T00:05:47.305+0000] {processor.py:161} INFO - Started process (PID=4657) to work on /home/airflow/.local/lib/python3.12/site-packages/airflow/example_dags/example_branch_labels.py
[2024-07-11T00:05:47.307+0000] {processor.py:830} INFO - Processing file /home/airflow/.local/lib/python3.12/site-packages/airflow/example_dags/example_branch_labels.py for tasks to queue
[2024-07-11T00:05:47.309+0000] {logging_mixin.py:188} INFO - [2024-07-11T00:05:47.308+0000] {dagbag.py:545} INFO - Filling up the DagBag from /home/airflow/.local/lib/python3.12/site-packages/airflow/example_dags/example_branch_labels.py
[2024-07-11T00:05:47.330+0000] {processor.py:840} INFO - DAG(s) 'example_branch_labels' retrieved from /home/airflow/.local/lib/python3.12/site-packages/airflow/example_dags/example_branch_labels.py
[2024-07-11T00:05:47.394+0000] {logging_mixin.py:188} INFO - [2024-07-11T00:05:47.393+0000] {dag.py:3096} INFO - Sync 1 DAGs
[2024-07-11T00:05:47.437+0000] {logging_mixin.py:188} INFO - [2024-07-11T00:05:47.436+0000] {dag.py:3954} INFO - Setting next_dagrun for example_branch_labels to 2024-07-10 00:00:00+00:00, run_after=2024-07-11 00:00:00+00:00
[2024-07-11T00:05:47.475+0000] {processor.py:183} INFO - Processing /home/airflow/.local/lib/python3.12/site-packages/airflow/example_dags/example_branch_labels.py took 0.194 seconds
[2024-07-11T00:06:18.042+0000] {processor.py:161} INFO - Started process (PID=4717) to work on /home/airflow/.local/lib/python3.12/site-packages/airflow/example_dags/example_branch_labels.py
[2024-07-11T00:06:18.046+0000] {processor.py:830} INFO - Processing file /home/airflow/.local/lib/python3.12/site-packages/airflow/example_dags/example_branch_labels.py for tasks to queue
[2024-07-11T00:06:18.050+0000] {logging_mixin.py:188} INFO - [2024-07-11T00:06:18.049+0000] {dagbag.py:545} INFO - Filling up the DagBag from /home/airflow/.local/lib/python3.12/site-packages/airflow/example_dags/example_branch_labels.py
[2024-07-11T00:06:18.062+0000] {processor.py:840} INFO - DAG(s) 'example_branch_labels' retrieved from /home/airflow/.local/lib/python3.12/site-packages/airflow/example_dags/example_branch_labels.py
[2024-07-11T00:06:18.111+0000] {logging_mixin.py:188} INFO - [2024-07-11T00:06:18.111+0000] {dag.py:3096} INFO - Sync 1 DAGs
[2024-07-11T00:06:18.148+0000] {logging_mixin.py:188} INFO - [2024-07-11T00:06:18.148+0000] {dag.py:3954} INFO - Setting next_dagrun for example_branch_labels to 2024-07-10 00:00:00+00:00, run_after=2024-07-11 00:00:00+00:00
[2024-07-11T00:06:18.177+0000] {processor.py:183} INFO - Processing /home/airflow/.local/lib/python3.12/site-packages/airflow/example_dags/example_branch_labels.py took 0.146 seconds
[2024-07-11T00:06:48.640+0000] {processor.py:161} INFO - Started process (PID=4777) to work on /home/airflow/.local/lib/python3.12/site-packages/airflow/example_dags/example_branch_labels.py
[2024-07-11T00:06:48.641+0000] {processor.py:830} INFO - Processing file /home/airflow/.local/lib/python3.12/site-packages/airflow/example_dags/example_branch_labels.py for tasks to queue
[2024-07-11T00:06:48.643+0000] {logging_mixin.py:188} INFO - [2024-07-11T00:06:48.643+0000] {dagbag.py:545} INFO - Filling up the DagBag from /home/airflow/.local/lib/python3.12/site-packages/airflow/example_dags/example_branch_labels.py
[2024-07-11T00:06:48.670+0000] {processor.py:840} INFO - DAG(s) 'example_branch_labels' retrieved from /home/airflow/.local/lib/python3.12/site-packages/airflow/example_dags/example_branch_labels.py
[2024-07-11T00:06:48.726+0000] {logging_mixin.py:188} INFO - [2024-07-11T00:06:48.725+0000] {dag.py:3096} INFO - Sync 1 DAGs
[2024-07-11T00:06:48.827+0000] {logging_mixin.py:188} INFO - [2024-07-11T00:06:48.827+0000] {dag.py:3954} INFO - Setting next_dagrun for example_branch_labels to 2024-07-10 00:00:00+00:00, run_after=2024-07-11 00:00:00+00:00
[2024-07-11T00:06:48.887+0000] {processor.py:183} INFO - Processing /home/airflow/.local/lib/python3.12/site-packages/airflow/example_dags/example_branch_labels.py took 0.258 seconds
[2024-07-11T00:07:19.614+0000] {processor.py:161} INFO - Started process (PID=4836) to work on /home/airflow/.local/lib/python3.12/site-packages/airflow/example_dags/example_branch_labels.py
[2024-07-11T00:07:19.615+0000] {processor.py:830} INFO - Processing file /home/airflow/.local/lib/python3.12/site-packages/airflow/example_dags/example_branch_labels.py for tasks to queue
[2024-07-11T00:07:19.617+0000] {logging_mixin.py:188} INFO - [2024-07-11T00:07:19.617+0000] {dagbag.py:545} INFO - Filling up the DagBag from /home/airflow/.local/lib/python3.12/site-packages/airflow/example_dags/example_branch_labels.py
[2024-07-11T00:07:19.629+0000] {processor.py:840} INFO - DAG(s) 'example_branch_labels' retrieved from /home/airflow/.local/lib/python3.12/site-packages/airflow/example_dags/example_branch_labels.py
[2024-07-11T00:07:19.667+0000] {logging_mixin.py:188} INFO - [2024-07-11T00:07:19.666+0000] {dag.py:3096} INFO - Sync 1 DAGs
[2024-07-11T00:07:19.700+0000] {logging_mixin.py:188} INFO - [2024-07-11T00:07:19.700+0000] {dag.py:3954} INFO - Setting next_dagrun for example_branch_labels to 2024-07-10 00:00:00+00:00, run_after=2024-07-11 00:00:00+00:00
[2024-07-11T00:07:19.733+0000] {processor.py:183} INFO - Processing /home/airflow/.local/lib/python3.12/site-packages/airflow/example_dags/example_branch_labels.py took 0.129 seconds
[2024-07-11T00:07:49.813+0000] {processor.py:161} INFO - Started process (PID=4896) to work on /home/airflow/.local/lib/python3.12/site-packages/airflow/example_dags/example_branch_labels.py
[2024-07-11T00:07:49.815+0000] {processor.py:830} INFO - Processing file /home/airflow/.local/lib/python3.12/site-packages/airflow/example_dags/example_branch_labels.py for tasks to queue
[2024-07-11T00:07:49.817+0000] {logging_mixin.py:188} INFO - [2024-07-11T00:07:49.816+0000] {dagbag.py:545} INFO - Filling up the DagBag from /home/airflow/.local/lib/python3.12/site-packages/airflow/example_dags/example_branch_labels.py
[2024-07-11T00:07:49.831+0000] {processor.py:840} INFO - DAG(s) 'example_branch_labels' retrieved from /home/airflow/.local/lib/python3.12/site-packages/airflow/example_dags/example_branch_labels.py
[2024-07-11T00:07:49.876+0000] {logging_mixin.py:188} INFO - [2024-07-11T00:07:49.876+0000] {dag.py:3096} INFO - Sync 1 DAGs
[2024-07-11T00:07:49.919+0000] {logging_mixin.py:188} INFO - [2024-07-11T00:07:49.919+0000] {dag.py:3954} INFO - Setting next_dagrun for example_branch_labels to 2024-07-10 00:00:00+00:00, run_after=2024-07-11 00:00:00+00:00
[2024-07-11T00:07:49.964+0000] {processor.py:183} INFO - Processing /home/airflow/.local/lib/python3.12/site-packages/airflow/example_dags/example_branch_labels.py took 0.162 seconds
[2024-07-11T00:08:20.073+0000] {processor.py:161} INFO - Started process (PID=4955) to work on /home/airflow/.local/lib/python3.12/site-packages/airflow/example_dags/example_branch_labels.py
[2024-07-11T00:08:20.077+0000] {processor.py:830} INFO - Processing file /home/airflow/.local/lib/python3.12/site-packages/airflow/example_dags/example_branch_labels.py for tasks to queue
[2024-07-11T00:08:20.089+0000] {logging_mixin.py:188} INFO - [2024-07-11T00:08:20.088+0000] {dagbag.py:545} INFO - Filling up the DagBag from /home/airflow/.local/lib/python3.12/site-packages/airflow/example_dags/example_branch_labels.py
[2024-07-11T00:08:20.116+0000] {processor.py:840} INFO - DAG(s) 'example_branch_labels' retrieved from /home/airflow/.local/lib/python3.12/site-packages/airflow/example_dags/example_branch_labels.py
[2024-07-11T00:08:20.323+0000] {logging_mixin.py:188} INFO - [2024-07-11T00:08:20.323+0000] {dag.py:3096} INFO - Sync 1 DAGs
[2024-07-11T00:08:20.392+0000] {logging_mixin.py:188} INFO - [2024-07-11T00:08:20.392+0000] {dag.py:3954} INFO - Setting next_dagrun for example_branch_labels to 2024-07-10 00:00:00+00:00, run_after=2024-07-11 00:00:00+00:00
[2024-07-11T00:08:20.440+0000] {processor.py:183} INFO - Processing /home/airflow/.local/lib/python3.12/site-packages/airflow/example_dags/example_branch_labels.py took 0.386 seconds
[2024-07-11T00:08:50.563+0000] {processor.py:161} INFO - Started process (PID=5016) to work on /home/airflow/.local/lib/python3.12/site-packages/airflow/example_dags/example_branch_labels.py
[2024-07-11T00:08:50.565+0000] {processor.py:830} INFO - Processing file /home/airflow/.local/lib/python3.12/site-packages/airflow/example_dags/example_branch_labels.py for tasks to queue
[2024-07-11T00:08:50.567+0000] {logging_mixin.py:188} INFO - [2024-07-11T00:08:50.566+0000] {dagbag.py:545} INFO - Filling up the DagBag from /home/airflow/.local/lib/python3.12/site-packages/airflow/example_dags/example_branch_labels.py
[2024-07-11T00:08:50.588+0000] {processor.py:840} INFO - DAG(s) 'example_branch_labels' retrieved from /home/airflow/.local/lib/python3.12/site-packages/airflow/example_dags/example_branch_labels.py
[2024-07-11T00:08:50.633+0000] {logging_mixin.py:188} INFO - [2024-07-11T00:08:50.633+0000] {dag.py:3096} INFO - Sync 1 DAGs
[2024-07-11T00:08:50.678+0000] {logging_mixin.py:188} INFO - [2024-07-11T00:08:50.676+0000] {dag.py:3954} INFO - Setting next_dagrun for example_branch_labels to 2024-07-10 00:00:00+00:00, run_after=2024-07-11 00:00:00+00:00
[2024-07-11T00:08:50.716+0000] {processor.py:183} INFO - Processing /home/airflow/.local/lib/python3.12/site-packages/airflow/example_dags/example_branch_labels.py took 0.167 seconds
[2024-07-11T00:09:21.247+0000] {processor.py:161} INFO - Started process (PID=5076) to work on /home/airflow/.local/lib/python3.12/site-packages/airflow/example_dags/example_branch_labels.py
[2024-07-11T00:09:21.249+0000] {processor.py:830} INFO - Processing file /home/airflow/.local/lib/python3.12/site-packages/airflow/example_dags/example_branch_labels.py for tasks to queue
[2024-07-11T00:09:21.252+0000] {logging_mixin.py:188} INFO - [2024-07-11T00:09:21.251+0000] {dagbag.py:545} INFO - Filling up the DagBag from /home/airflow/.local/lib/python3.12/site-packages/airflow/example_dags/example_branch_labels.py
[2024-07-11T00:09:21.265+0000] {processor.py:840} INFO - DAG(s) 'example_branch_labels' retrieved from /home/airflow/.local/lib/python3.12/site-packages/airflow/example_dags/example_branch_labels.py
[2024-07-11T00:09:21.343+0000] {logging_mixin.py:188} INFO - [2024-07-11T00:09:21.343+0000] {dag.py:3096} INFO - Sync 1 DAGs
[2024-07-11T00:09:21.387+0000] {logging_mixin.py:188} INFO - [2024-07-11T00:09:21.386+0000] {dag.py:3954} INFO - Setting next_dagrun for example_branch_labels to 2024-07-10 00:00:00+00:00, run_after=2024-07-11 00:00:00+00:00
[2024-07-11T00:09:21.424+0000] {processor.py:183} INFO - Processing /home/airflow/.local/lib/python3.12/site-packages/airflow/example_dags/example_branch_labels.py took 0.188 seconds
[2024-07-11T00:09:51.768+0000] {processor.py:161} INFO - Started process (PID=5136) to work on /home/airflow/.local/lib/python3.12/site-packages/airflow/example_dags/example_branch_labels.py
[2024-07-11T00:09:51.769+0000] {processor.py:830} INFO - Processing file /home/airflow/.local/lib/python3.12/site-packages/airflow/example_dags/example_branch_labels.py for tasks to queue
[2024-07-11T00:09:51.772+0000] {logging_mixin.py:188} INFO - [2024-07-11T00:09:51.771+0000] {dagbag.py:545} INFO - Filling up the DagBag from /home/airflow/.local/lib/python3.12/site-packages/airflow/example_dags/example_branch_labels.py
[2024-07-11T00:09:51.793+0000] {processor.py:840} INFO - DAG(s) 'example_branch_labels' retrieved from /home/airflow/.local/lib/python3.12/site-packages/airflow/example_dags/example_branch_labels.py
[2024-07-11T00:09:51.858+0000] {logging_mixin.py:188} INFO - [2024-07-11T00:09:51.857+0000] {dag.py:3096} INFO - Sync 1 DAGs
[2024-07-11T00:09:51.910+0000] {logging_mixin.py:188} INFO - [2024-07-11T00:09:51.910+0000] {dag.py:3954} INFO - Setting next_dagrun for example_branch_labels to 2024-07-10 00:00:00+00:00, run_after=2024-07-11 00:00:00+00:00
[2024-07-11T00:09:51.947+0000] {processor.py:183} INFO - Processing /home/airflow/.local/lib/python3.12/site-packages/airflow/example_dags/example_branch_labels.py took 0.194 seconds
[2024-07-11T00:10:22.175+0000] {processor.py:161} INFO - Started process (PID=5195) to work on /home/airflow/.local/lib/python3.12/site-packages/airflow/example_dags/example_branch_labels.py
[2024-07-11T00:10:22.177+0000] {processor.py:830} INFO - Processing file /home/airflow/.local/lib/python3.12/site-packages/airflow/example_dags/example_branch_labels.py for tasks to queue
[2024-07-11T00:10:22.179+0000] {logging_mixin.py:188} INFO - [2024-07-11T00:10:22.178+0000] {dagbag.py:545} INFO - Filling up the DagBag from /home/airflow/.local/lib/python3.12/site-packages/airflow/example_dags/example_branch_labels.py
[2024-07-11T00:10:22.190+0000] {processor.py:840} INFO - DAG(s) 'example_branch_labels' retrieved from /home/airflow/.local/lib/python3.12/site-packages/airflow/example_dags/example_branch_labels.py
[2024-07-11T00:10:22.232+0000] {logging_mixin.py:188} INFO - [2024-07-11T00:10:22.232+0000] {dag.py:3096} INFO - Sync 1 DAGs
[2024-07-11T00:10:22.270+0000] {logging_mixin.py:188} INFO - [2024-07-11T00:10:22.269+0000] {dag.py:3954} INFO - Setting next_dagrun for example_branch_labels to 2024-07-10 00:00:00+00:00, run_after=2024-07-11 00:00:00+00:00
[2024-07-11T00:10:22.301+0000] {processor.py:183} INFO - Processing /home/airflow/.local/lib/python3.12/site-packages/airflow/example_dags/example_branch_labels.py took 0.136 seconds
[2024-07-11T00:10:52.463+0000] {processor.py:161} INFO - Started process (PID=5255) to work on /home/airflow/.local/lib/python3.12/site-packages/airflow/example_dags/example_branch_labels.py
[2024-07-11T00:10:52.465+0000] {processor.py:830} INFO - Processing file /home/airflow/.local/lib/python3.12/site-packages/airflow/example_dags/example_branch_labels.py for tasks to queue
[2024-07-11T00:10:52.467+0000] {logging_mixin.py:188} INFO - [2024-07-11T00:10:52.466+0000] {dagbag.py:545} INFO - Filling up the DagBag from /home/airflow/.local/lib/python3.12/site-packages/airflow/example_dags/example_branch_labels.py
[2024-07-11T00:10:52.482+0000] {processor.py:840} INFO - DAG(s) 'example_branch_labels' retrieved from /home/airflow/.local/lib/python3.12/site-packages/airflow/example_dags/example_branch_labels.py
[2024-07-11T00:10:52.523+0000] {logging_mixin.py:188} INFO - [2024-07-11T00:10:52.523+0000] {dag.py:3096} INFO - Sync 1 DAGs
[2024-07-11T00:10:52.573+0000] {logging_mixin.py:188} INFO - [2024-07-11T00:10:52.573+0000] {dag.py:3954} INFO - Setting next_dagrun for example_branch_labels to 2024-07-10 00:00:00+00:00, run_after=2024-07-11 00:00:00+00:00
[2024-07-11T00:10:52.614+0000] {processor.py:183} INFO - Processing /home/airflow/.local/lib/python3.12/site-packages/airflow/example_dags/example_branch_labels.py took 0.160 seconds
[2024-07-11T00:11:22.916+0000] {processor.py:161} INFO - Started process (PID=5315) to work on /home/airflow/.local/lib/python3.12/site-packages/airflow/example_dags/example_branch_labels.py
[2024-07-11T00:11:22.917+0000] {processor.py:830} INFO - Processing file /home/airflow/.local/lib/python3.12/site-packages/airflow/example_dags/example_branch_labels.py for tasks to queue
[2024-07-11T00:11:22.920+0000] {logging_mixin.py:188} INFO - [2024-07-11T00:11:22.920+0000] {dagbag.py:545} INFO - Filling up the DagBag from /home/airflow/.local/lib/python3.12/site-packages/airflow/example_dags/example_branch_labels.py
[2024-07-11T00:11:22.941+0000] {processor.py:840} INFO - DAG(s) 'example_branch_labels' retrieved from /home/airflow/.local/lib/python3.12/site-packages/airflow/example_dags/example_branch_labels.py
[2024-07-11T00:11:22.995+0000] {logging_mixin.py:188} INFO - [2024-07-11T00:11:22.994+0000] {dag.py:3096} INFO - Sync 1 DAGs
[2024-07-11T00:11:23.067+0000] {logging_mixin.py:188} INFO - [2024-07-11T00:11:23.066+0000] {dag.py:3954} INFO - Setting next_dagrun for example_branch_labels to 2024-07-10 00:00:00+00:00, run_after=2024-07-11 00:00:00+00:00
[2024-07-11T00:11:23.117+0000] {processor.py:183} INFO - Processing /home/airflow/.local/lib/python3.12/site-packages/airflow/example_dags/example_branch_labels.py took 0.240 seconds
[2024-07-11T00:11:53.839+0000] {processor.py:161} INFO - Started process (PID=5375) to work on /home/airflow/.local/lib/python3.12/site-packages/airflow/example_dags/example_branch_labels.py
[2024-07-11T00:11:53.840+0000] {processor.py:830} INFO - Processing file /home/airflow/.local/lib/python3.12/site-packages/airflow/example_dags/example_branch_labels.py for tasks to queue
[2024-07-11T00:11:53.842+0000] {logging_mixin.py:188} INFO - [2024-07-11T00:11:53.841+0000] {dagbag.py:545} INFO - Filling up the DagBag from /home/airflow/.local/lib/python3.12/site-packages/airflow/example_dags/example_branch_labels.py
[2024-07-11T00:11:53.855+0000] {processor.py:840} INFO - DAG(s) 'example_branch_labels' retrieved from /home/airflow/.local/lib/python3.12/site-packages/airflow/example_dags/example_branch_labels.py
[2024-07-11T00:11:53.914+0000] {logging_mixin.py:188} INFO - [2024-07-11T00:11:53.913+0000] {dag.py:3096} INFO - Sync 1 DAGs
[2024-07-11T00:11:53.974+0000] {logging_mixin.py:188} INFO - [2024-07-11T00:11:53.973+0000] {dag.py:3954} INFO - Setting next_dagrun for example_branch_labels to 2024-07-10 00:00:00+00:00, run_after=2024-07-11 00:00:00+00:00
[2024-07-11T00:11:54.019+0000] {processor.py:183} INFO - Processing /home/airflow/.local/lib/python3.12/site-packages/airflow/example_dags/example_branch_labels.py took 0.189 seconds
[2024-07-11T00:12:24.451+0000] {processor.py:161} INFO - Started process (PID=5434) to work on /home/airflow/.local/lib/python3.12/site-packages/airflow/example_dags/example_branch_labels.py
[2024-07-11T00:12:24.453+0000] {processor.py:830} INFO - Processing file /home/airflow/.local/lib/python3.12/site-packages/airflow/example_dags/example_branch_labels.py for tasks to queue
[2024-07-11T00:12:24.455+0000] {logging_mixin.py:188} INFO - [2024-07-11T00:12:24.455+0000] {dagbag.py:545} INFO - Filling up the DagBag from /home/airflow/.local/lib/python3.12/site-packages/airflow/example_dags/example_branch_labels.py
[2024-07-11T00:12:24.469+0000] {processor.py:840} INFO - DAG(s) 'example_branch_labels' retrieved from /home/airflow/.local/lib/python3.12/site-packages/airflow/example_dags/example_branch_labels.py
[2024-07-11T00:12:24.515+0000] {logging_mixin.py:188} INFO - [2024-07-11T00:12:24.515+0000] {dag.py:3096} INFO - Sync 1 DAGs
[2024-07-11T00:12:24.577+0000] {logging_mixin.py:188} INFO - [2024-07-11T00:12:24.577+0000] {dag.py:3954} INFO - Setting next_dagrun for example_branch_labels to 2024-07-10 00:00:00+00:00, run_after=2024-07-11 00:00:00+00:00
[2024-07-11T00:12:24.635+0000] {processor.py:183} INFO - Processing /home/airflow/.local/lib/python3.12/site-packages/airflow/example_dags/example_branch_labels.py took 0.195 seconds
[2024-07-11T00:12:55.467+0000] {processor.py:161} INFO - Started process (PID=5495) to work on /home/airflow/.local/lib/python3.12/site-packages/airflow/example_dags/example_branch_labels.py
[2024-07-11T00:12:55.469+0000] {processor.py:830} INFO - Processing file /home/airflow/.local/lib/python3.12/site-packages/airflow/example_dags/example_branch_labels.py for tasks to queue
[2024-07-11T00:12:55.471+0000] {logging_mixin.py:188} INFO - [2024-07-11T00:12:55.470+0000] {dagbag.py:545} INFO - Filling up the DagBag from /home/airflow/.local/lib/python3.12/site-packages/airflow/example_dags/example_branch_labels.py
[2024-07-11T00:12:55.492+0000] {processor.py:840} INFO - DAG(s) 'example_branch_labels' retrieved from /home/airflow/.local/lib/python3.12/site-packages/airflow/example_dags/example_branch_labels.py
[2024-07-11T00:12:55.548+0000] {logging_mixin.py:188} INFO - [2024-07-11T00:12:55.548+0000] {dag.py:3096} INFO - Sync 1 DAGs
[2024-07-11T00:12:55.611+0000] {logging_mixin.py:188} INFO - [2024-07-11T00:12:55.610+0000] {dag.py:3954} INFO - Setting next_dagrun for example_branch_labels to 2024-07-10 00:00:00+00:00, run_after=2024-07-11 00:00:00+00:00
[2024-07-11T00:12:55.662+0000] {processor.py:183} INFO - Processing /home/airflow/.local/lib/python3.12/site-packages/airflow/example_dags/example_branch_labels.py took 0.214 seconds
[2024-07-11T00:13:26.409+0000] {processor.py:161} INFO - Started process (PID=5554) to work on /home/airflow/.local/lib/python3.12/site-packages/airflow/example_dags/example_branch_labels.py
[2024-07-11T00:13:26.411+0000] {processor.py:830} INFO - Processing file /home/airflow/.local/lib/python3.12/site-packages/airflow/example_dags/example_branch_labels.py for tasks to queue
[2024-07-11T00:13:26.422+0000] {logging_mixin.py:188} INFO - [2024-07-11T00:13:26.417+0000] {dagbag.py:545} INFO - Filling up the DagBag from /home/airflow/.local/lib/python3.12/site-packages/airflow/example_dags/example_branch_labels.py
[2024-07-11T00:13:26.446+0000] {processor.py:840} INFO - DAG(s) 'example_branch_labels' retrieved from /home/airflow/.local/lib/python3.12/site-packages/airflow/example_dags/example_branch_labels.py
[2024-07-11T00:13:26.484+0000] {logging_mixin.py:188} INFO - [2024-07-11T00:13:26.484+0000] {dag.py:3096} INFO - Sync 1 DAGs
[2024-07-11T00:13:26.519+0000] {logging_mixin.py:188} INFO - [2024-07-11T00:13:26.519+0000] {dag.py:3954} INFO - Setting next_dagrun for example_branch_labels to 2024-07-10 00:00:00+00:00, run_after=2024-07-11 00:00:00+00:00
[2024-07-11T00:13:26.551+0000] {processor.py:183} INFO - Processing /home/airflow/.local/lib/python3.12/site-packages/airflow/example_dags/example_branch_labels.py took 0.194 seconds
[2024-07-11T00:13:57.672+0000] {processor.py:161} INFO - Started process (PID=5614) to work on /home/airflow/.local/lib/python3.12/site-packages/airflow/example_dags/example_branch_labels.py
[2024-07-11T00:13:57.674+0000] {processor.py:830} INFO - Processing file /home/airflow/.local/lib/python3.12/site-packages/airflow/example_dags/example_branch_labels.py for tasks to queue
[2024-07-11T00:13:57.678+0000] {logging_mixin.py:188} INFO - [2024-07-11T00:13:57.676+0000] {dagbag.py:545} INFO - Filling up the DagBag from /home/airflow/.local/lib/python3.12/site-packages/airflow/example_dags/example_branch_labels.py
[2024-07-11T00:13:57.697+0000] {processor.py:840} INFO - DAG(s) 'example_branch_labels' retrieved from /home/airflow/.local/lib/python3.12/site-packages/airflow/example_dags/example_branch_labels.py
[2024-07-11T00:13:57.756+0000] {logging_mixin.py:188} INFO - [2024-07-11T00:13:57.756+0000] {dag.py:3096} INFO - Sync 1 DAGs
[2024-07-11T00:13:57.803+0000] {logging_mixin.py:188} INFO - [2024-07-11T00:13:57.803+0000] {dag.py:3954} INFO - Setting next_dagrun for example_branch_labels to 2024-07-10 00:00:00+00:00, run_after=2024-07-11 00:00:00+00:00
[2024-07-11T00:13:57.842+0000] {processor.py:183} INFO - Processing /home/airflow/.local/lib/python3.12/site-packages/airflow/example_dags/example_branch_labels.py took 0.186 seconds
[2024-07-11T00:14:29.059+0000] {processor.py:161} INFO - Started process (PID=5674) to work on /home/airflow/.local/lib/python3.12/site-packages/airflow/example_dags/example_branch_labels.py
[2024-07-11T00:14:29.063+0000] {processor.py:830} INFO - Processing file /home/airflow/.local/lib/python3.12/site-packages/airflow/example_dags/example_branch_labels.py for tasks to queue
[2024-07-11T00:14:29.067+0000] {logging_mixin.py:188} INFO - [2024-07-11T00:14:29.065+0000] {dagbag.py:545} INFO - Filling up the DagBag from /home/airflow/.local/lib/python3.12/site-packages/airflow/example_dags/example_branch_labels.py
[2024-07-11T00:14:29.081+0000] {processor.py:840} INFO - DAG(s) 'example_branch_labels' retrieved from /home/airflow/.local/lib/python3.12/site-packages/airflow/example_dags/example_branch_labels.py
[2024-07-11T00:14:29.139+0000] {logging_mixin.py:188} INFO - [2024-07-11T00:14:29.138+0000] {dag.py:3096} INFO - Sync 1 DAGs
[2024-07-11T00:14:29.206+0000] {logging_mixin.py:188} INFO - [2024-07-11T00:14:29.205+0000] {dag.py:3954} INFO - Setting next_dagrun for example_branch_labels to 2024-07-10 00:00:00+00:00, run_after=2024-07-11 00:00:00+00:00
[2024-07-11T00:14:29.270+0000] {processor.py:183} INFO - Processing /home/airflow/.local/lib/python3.12/site-packages/airflow/example_dags/example_branch_labels.py took 0.224 seconds
[2024-07-11T00:15:00.752+0000] {processor.py:161} INFO - Started process (PID=5734) to work on /home/airflow/.local/lib/python3.12/site-packages/airflow/example_dags/example_branch_labels.py
[2024-07-11T00:15:00.761+0000] {processor.py:830} INFO - Processing file /home/airflow/.local/lib/python3.12/site-packages/airflow/example_dags/example_branch_labels.py for tasks to queue
[2024-07-11T00:15:00.763+0000] {logging_mixin.py:188} INFO - [2024-07-11T00:15:00.763+0000] {dagbag.py:545} INFO - Filling up the DagBag from /home/airflow/.local/lib/python3.12/site-packages/airflow/example_dags/example_branch_labels.py
[2024-07-11T00:15:00.780+0000] {processor.py:840} INFO - DAG(s) 'example_branch_labels' retrieved from /home/airflow/.local/lib/python3.12/site-packages/airflow/example_dags/example_branch_labels.py
[2024-07-11T00:15:00.905+0000] {logging_mixin.py:188} INFO - [2024-07-11T00:15:00.904+0000] {dag.py:3096} INFO - Sync 1 DAGs
[2024-07-11T00:15:00.958+0000] {logging_mixin.py:188} INFO - [2024-07-11T00:15:00.957+0000] {dag.py:3954} INFO - Setting next_dagrun for example_branch_labels to 2024-07-10 00:00:00+00:00, run_after=2024-07-11 00:00:00+00:00
[2024-07-11T00:15:01.082+0000] {processor.py:183} INFO - Processing /home/airflow/.local/lib/python3.12/site-packages/airflow/example_dags/example_branch_labels.py took 0.393 seconds
[2024-07-11T00:15:31.212+0000] {processor.py:161} INFO - Started process (PID=5791) to work on /home/airflow/.local/lib/python3.12/site-packages/airflow/example_dags/example_branch_labels.py
[2024-07-11T00:15:31.215+0000] {processor.py:830} INFO - Processing file /home/airflow/.local/lib/python3.12/site-packages/airflow/example_dags/example_branch_labels.py for tasks to queue
[2024-07-11T00:15:31.258+0000] {logging_mixin.py:188} INFO - [2024-07-11T00:15:31.249+0000] {dagbag.py:545} INFO - Filling up the DagBag from /home/airflow/.local/lib/python3.12/site-packages/airflow/example_dags/example_branch_labels.py
[2024-07-11T00:15:31.367+0000] {processor.py:840} INFO - DAG(s) 'example_branch_labels' retrieved from /home/airflow/.local/lib/python3.12/site-packages/airflow/example_dags/example_branch_labels.py
[2024-07-11T00:15:31.765+0000] {logging_mixin.py:188} INFO - [2024-07-11T00:15:31.763+0000] {dag.py:3096} INFO - Sync 1 DAGs
[2024-07-11T00:15:32.116+0000] {logging_mixin.py:188} INFO - [2024-07-11T00:15:32.115+0000] {dag.py:3954} INFO - Setting next_dagrun for example_branch_labels to 2024-07-10 00:00:00+00:00, run_after=2024-07-11 00:00:00+00:00
[2024-07-11T00:15:32.363+0000] {processor.py:183} INFO - Processing /home/airflow/.local/lib/python3.12/site-packages/airflow/example_dags/example_branch_labels.py took 1.186 seconds
[2024-07-11T00:16:02.441+0000] {processor.py:161} INFO - Started process (PID=5850) to work on /home/airflow/.local/lib/python3.12/site-packages/airflow/example_dags/example_branch_labels.py
[2024-07-11T00:16:02.443+0000] {processor.py:830} INFO - Processing file /home/airflow/.local/lib/python3.12/site-packages/airflow/example_dags/example_branch_labels.py for tasks to queue
[2024-07-11T00:16:02.445+0000] {logging_mixin.py:188} INFO - [2024-07-11T00:16:02.444+0000] {dagbag.py:545} INFO - Filling up the DagBag from /home/airflow/.local/lib/python3.12/site-packages/airflow/example_dags/example_branch_labels.py
[2024-07-11T00:16:02.456+0000] {processor.py:840} INFO - DAG(s) 'example_branch_labels' retrieved from /home/airflow/.local/lib/python3.12/site-packages/airflow/example_dags/example_branch_labels.py
[2024-07-11T00:16:02.495+0000] {logging_mixin.py:188} INFO - [2024-07-11T00:16:02.494+0000] {dag.py:3096} INFO - Sync 1 DAGs
[2024-07-11T00:16:02.531+0000] {logging_mixin.py:188} INFO - [2024-07-11T00:16:02.531+0000] {dag.py:3954} INFO - Setting next_dagrun for example_branch_labels to 2024-07-10 00:00:00+00:00, run_after=2024-07-11 00:00:00+00:00
[2024-07-11T00:16:02.574+0000] {processor.py:183} INFO - Processing /home/airflow/.local/lib/python3.12/site-packages/airflow/example_dags/example_branch_labels.py took 0.143 seconds
[2024-07-11T00:16:33.081+0000] {processor.py:161} INFO - Started process (PID=5909) to work on /home/airflow/.local/lib/python3.12/site-packages/airflow/example_dags/example_branch_labels.py
[2024-07-11T00:16:33.082+0000] {processor.py:830} INFO - Processing file /home/airflow/.local/lib/python3.12/site-packages/airflow/example_dags/example_branch_labels.py for tasks to queue
[2024-07-11T00:16:33.084+0000] {logging_mixin.py:188} INFO - [2024-07-11T00:16:33.084+0000] {dagbag.py:545} INFO - Filling up the DagBag from /home/airflow/.local/lib/python3.12/site-packages/airflow/example_dags/example_branch_labels.py
[2024-07-11T00:16:33.099+0000] {processor.py:840} INFO - DAG(s) 'example_branch_labels' retrieved from /home/airflow/.local/lib/python3.12/site-packages/airflow/example_dags/example_branch_labels.py
[2024-07-11T00:16:33.144+0000] {logging_mixin.py:188} INFO - [2024-07-11T00:16:33.143+0000] {dag.py:3096} INFO - Sync 1 DAGs
[2024-07-11T00:16:33.197+0000] {logging_mixin.py:188} INFO - [2024-07-11T00:16:33.197+0000] {dag.py:3954} INFO - Setting next_dagrun for example_branch_labels to 2024-07-10 00:00:00+00:00, run_after=2024-07-11 00:00:00+00:00
[2024-07-11T00:16:33.246+0000] {processor.py:183} INFO - Processing /home/airflow/.local/lib/python3.12/site-packages/airflow/example_dags/example_branch_labels.py took 0.175 seconds
[2024-07-11T00:17:04.348+0000] {processor.py:161} INFO - Started process (PID=5969) to work on /home/airflow/.local/lib/python3.12/site-packages/airflow/example_dags/example_branch_labels.py
[2024-07-11T00:17:04.350+0000] {processor.py:830} INFO - Processing file /home/airflow/.local/lib/python3.12/site-packages/airflow/example_dags/example_branch_labels.py for tasks to queue
[2024-07-11T00:17:04.352+0000] {logging_mixin.py:188} INFO - [2024-07-11T00:17:04.352+0000] {dagbag.py:545} INFO - Filling up the DagBag from /home/airflow/.local/lib/python3.12/site-packages/airflow/example_dags/example_branch_labels.py
[2024-07-11T00:17:04.371+0000] {processor.py:840} INFO - DAG(s) 'example_branch_labels' retrieved from /home/airflow/.local/lib/python3.12/site-packages/airflow/example_dags/example_branch_labels.py
[2024-07-11T00:17:04.433+0000] {logging_mixin.py:188} INFO - [2024-07-11T00:17:04.432+0000] {dag.py:3096} INFO - Sync 1 DAGs
[2024-07-11T00:17:04.521+0000] {logging_mixin.py:188} INFO - [2024-07-11T00:17:04.521+0000] {dag.py:3954} INFO - Setting next_dagrun for example_branch_labels to 2024-07-10 00:00:00+00:00, run_after=2024-07-11 00:00:00+00:00
[2024-07-11T00:17:04.584+0000] {processor.py:183} INFO - Processing /home/airflow/.local/lib/python3.12/site-packages/airflow/example_dags/example_branch_labels.py took 0.254 seconds
[2024-07-11T00:17:34.696+0000] {processor.py:161} INFO - Started process (PID=6029) to work on /home/airflow/.local/lib/python3.12/site-packages/airflow/example_dags/example_branch_labels.py
[2024-07-11T00:17:34.699+0000] {processor.py:830} INFO - Processing file /home/airflow/.local/lib/python3.12/site-packages/airflow/example_dags/example_branch_labels.py for tasks to queue
[2024-07-11T00:17:34.703+0000] {logging_mixin.py:188} INFO - [2024-07-11T00:17:34.702+0000] {dagbag.py:545} INFO - Filling up the DagBag from /home/airflow/.local/lib/python3.12/site-packages/airflow/example_dags/example_branch_labels.py
[2024-07-11T00:17:34.720+0000] {processor.py:840} INFO - DAG(s) 'example_branch_labels' retrieved from /home/airflow/.local/lib/python3.12/site-packages/airflow/example_dags/example_branch_labels.py
[2024-07-11T00:17:34.770+0000] {logging_mixin.py:188} INFO - [2024-07-11T00:17:34.769+0000] {dag.py:3096} INFO - Sync 1 DAGs
[2024-07-11T00:17:34.806+0000] {logging_mixin.py:188} INFO - [2024-07-11T00:17:34.806+0000] {dag.py:3954} INFO - Setting next_dagrun for example_branch_labels to 2024-07-10 00:00:00+00:00, run_after=2024-07-11 00:00:00+00:00
[2024-07-11T00:17:34.838+0000] {processor.py:183} INFO - Processing /home/airflow/.local/lib/python3.12/site-packages/airflow/example_dags/example_branch_labels.py took 0.152 seconds
[2024-07-11T00:18:07.114+0000] {processor.py:161} INFO - Started process (PID=6089) to work on /home/airflow/.local/lib/python3.12/site-packages/airflow/example_dags/example_branch_labels.py
[2024-07-11T00:18:07.116+0000] {processor.py:830} INFO - Processing file /home/airflow/.local/lib/python3.12/site-packages/airflow/example_dags/example_branch_labels.py for tasks to queue
[2024-07-11T00:18:07.121+0000] {logging_mixin.py:188} INFO - [2024-07-11T00:18:07.120+0000] {dagbag.py:545} INFO - Filling up the DagBag from /home/airflow/.local/lib/python3.12/site-packages/airflow/example_dags/example_branch_labels.py
[2024-07-11T00:18:07.143+0000] {processor.py:840} INFO - DAG(s) 'example_branch_labels' retrieved from /home/airflow/.local/lib/python3.12/site-packages/airflow/example_dags/example_branch_labels.py
[2024-07-11T00:18:07.217+0000] {logging_mixin.py:188} INFO - [2024-07-11T00:18:07.217+0000] {dag.py:3096} INFO - Sync 1 DAGs
[2024-07-11T00:18:07.309+0000] {logging_mixin.py:188} INFO - [2024-07-11T00:18:07.309+0000] {dag.py:3954} INFO - Setting next_dagrun for example_branch_labels to 2024-07-10 00:00:00+00:00, run_after=2024-07-11 00:00:00+00:00
[2024-07-11T00:18:07.359+0000] {processor.py:183} INFO - Processing /home/airflow/.local/lib/python3.12/site-packages/airflow/example_dags/example_branch_labels.py took 0.262 seconds
[2024-07-11T00:18:37.595+0000] {processor.py:161} INFO - Started process (PID=6148) to work on /home/airflow/.local/lib/python3.12/site-packages/airflow/example_dags/example_branch_labels.py
[2024-07-11T00:18:37.597+0000] {processor.py:830} INFO - Processing file /home/airflow/.local/lib/python3.12/site-packages/airflow/example_dags/example_branch_labels.py for tasks to queue
[2024-07-11T00:18:37.604+0000] {logging_mixin.py:188} INFO - [2024-07-11T00:18:37.603+0000] {dagbag.py:545} INFO - Filling up the DagBag from /home/airflow/.local/lib/python3.12/site-packages/airflow/example_dags/example_branch_labels.py
[2024-07-11T00:18:37.625+0000] {processor.py:840} INFO - DAG(s) 'example_branch_labels' retrieved from /home/airflow/.local/lib/python3.12/site-packages/airflow/example_dags/example_branch_labels.py
[2024-07-11T00:18:37.677+0000] {logging_mixin.py:188} INFO - [2024-07-11T00:18:37.677+0000] {dag.py:3096} INFO - Sync 1 DAGs
[2024-07-11T00:18:37.723+0000] {logging_mixin.py:188} INFO - [2024-07-11T00:18:37.722+0000] {dag.py:3954} INFO - Setting next_dagrun for example_branch_labels to 2024-07-10 00:00:00+00:00, run_after=2024-07-11 00:00:00+00:00
[2024-07-11T00:18:37.766+0000] {processor.py:183} INFO - Processing /home/airflow/.local/lib/python3.12/site-packages/airflow/example_dags/example_branch_labels.py took 0.180 seconds
[2024-07-11T00:19:08.302+0000] {processor.py:161} INFO - Started process (PID=6206) to work on /home/airflow/.local/lib/python3.12/site-packages/airflow/example_dags/example_branch_labels.py
[2024-07-11T00:19:08.305+0000] {processor.py:830} INFO - Processing file /home/airflow/.local/lib/python3.12/site-packages/airflow/example_dags/example_branch_labels.py for tasks to queue
[2024-07-11T00:19:08.309+0000] {logging_mixin.py:188} INFO - [2024-07-11T00:19:08.308+0000] {dagbag.py:545} INFO - Filling up the DagBag from /home/airflow/.local/lib/python3.12/site-packages/airflow/example_dags/example_branch_labels.py
[2024-07-11T00:19:08.330+0000] {processor.py:840} INFO - DAG(s) 'example_branch_labels' retrieved from /home/airflow/.local/lib/python3.12/site-packages/airflow/example_dags/example_branch_labels.py
[2024-07-11T00:19:08.396+0000] {logging_mixin.py:188} INFO - [2024-07-11T00:19:08.394+0000] {dag.py:3096} INFO - Sync 1 DAGs
[2024-07-11T00:19:08.510+0000] {logging_mixin.py:188} INFO - [2024-07-11T00:19:08.509+0000] {dag.py:3954} INFO - Setting next_dagrun for example_branch_labels to 2024-07-10 00:00:00+00:00, run_after=2024-07-11 00:00:00+00:00
[2024-07-11T00:19:08.568+0000] {processor.py:183} INFO - Processing /home/airflow/.local/lib/python3.12/site-packages/airflow/example_dags/example_branch_labels.py took 0.277 seconds
[2024-07-11T00:19:39.023+0000] {processor.py:161} INFO - Started process (PID=6266) to work on /home/airflow/.local/lib/python3.12/site-packages/airflow/example_dags/example_branch_labels.py
[2024-07-11T00:19:39.025+0000] {processor.py:830} INFO - Processing file /home/airflow/.local/lib/python3.12/site-packages/airflow/example_dags/example_branch_labels.py for tasks to queue
[2024-07-11T00:19:39.028+0000] {logging_mixin.py:188} INFO - [2024-07-11T00:19:39.027+0000] {dagbag.py:545} INFO - Filling up the DagBag from /home/airflow/.local/lib/python3.12/site-packages/airflow/example_dags/example_branch_labels.py
[2024-07-11T00:19:39.045+0000] {processor.py:840} INFO - DAG(s) 'example_branch_labels' retrieved from /home/airflow/.local/lib/python3.12/site-packages/airflow/example_dags/example_branch_labels.py
[2024-07-11T00:19:39.085+0000] {logging_mixin.py:188} INFO - [2024-07-11T00:19:39.085+0000] {dag.py:3096} INFO - Sync 1 DAGs
[2024-07-11T00:19:39.142+0000] {logging_mixin.py:188} INFO - [2024-07-11T00:19:39.141+0000] {dag.py:3954} INFO - Setting next_dagrun for example_branch_labels to 2024-07-10 00:00:00+00:00, run_after=2024-07-11 00:00:00+00:00
[2024-07-11T00:19:39.216+0000] {processor.py:183} INFO - Processing /home/airflow/.local/lib/python3.12/site-packages/airflow/example_dags/example_branch_labels.py took 0.203 seconds
[2024-07-11T00:20:09.852+0000] {processor.py:161} INFO - Started process (PID=6326) to work on /home/airflow/.local/lib/python3.12/site-packages/airflow/example_dags/example_branch_labels.py
[2024-07-11T00:20:09.854+0000] {processor.py:830} INFO - Processing file /home/airflow/.local/lib/python3.12/site-packages/airflow/example_dags/example_branch_labels.py for tasks to queue
[2024-07-11T00:20:09.857+0000] {logging_mixin.py:188} INFO - [2024-07-11T00:20:09.856+0000] {dagbag.py:545} INFO - Filling up the DagBag from /home/airflow/.local/lib/python3.12/site-packages/airflow/example_dags/example_branch_labels.py
[2024-07-11T00:20:09.871+0000] {processor.py:840} INFO - DAG(s) 'example_branch_labels' retrieved from /home/airflow/.local/lib/python3.12/site-packages/airflow/example_dags/example_branch_labels.py
[2024-07-11T00:20:09.924+0000] {logging_mixin.py:188} INFO - [2024-07-11T00:20:09.923+0000] {dag.py:3096} INFO - Sync 1 DAGs
[2024-07-11T00:20:09.981+0000] {logging_mixin.py:188} INFO - [2024-07-11T00:20:09.980+0000] {dag.py:3954} INFO - Setting next_dagrun for example_branch_labels to 2024-07-10 00:00:00+00:00, run_after=2024-07-11 00:00:00+00:00
[2024-07-11T00:20:10.021+0000] {processor.py:183} INFO - Processing /home/airflow/.local/lib/python3.12/site-packages/airflow/example_dags/example_branch_labels.py took 0.188 seconds
[2024-07-11T00:20:44.980+0000] {processor.py:161} INFO - Started process (PID=6387) to work on /home/airflow/.local/lib/python3.12/site-packages/airflow/example_dags/example_branch_labels.py
[2024-07-11T00:20:44.984+0000] {processor.py:830} INFO - Processing file /home/airflow/.local/lib/python3.12/site-packages/airflow/example_dags/example_branch_labels.py for tasks to queue
[2024-07-11T00:20:44.992+0000] {logging_mixin.py:188} INFO - [2024-07-11T00:20:44.991+0000] {dagbag.py:545} INFO - Filling up the DagBag from /home/airflow/.local/lib/python3.12/site-packages/airflow/example_dags/example_branch_labels.py
[2024-07-11T00:20:45.045+0000] {processor.py:840} INFO - DAG(s) 'example_branch_labels' retrieved from /home/airflow/.local/lib/python3.12/site-packages/airflow/example_dags/example_branch_labels.py
[2024-07-11T00:20:45.227+0000] {logging_mixin.py:188} INFO - [2024-07-11T00:20:45.226+0000] {dag.py:3096} INFO - Sync 1 DAGs
[2024-07-11T00:20:46.073+0000] {logging_mixin.py:188} INFO - [2024-07-11T00:20:46.073+0000] {dag.py:3954} INFO - Setting next_dagrun for example_branch_labels to 2024-07-10 00:00:00+00:00, run_after=2024-07-11 00:00:00+00:00
[2024-07-11T00:20:46.178+0000] {processor.py:183} INFO - Processing /home/airflow/.local/lib/python3.12/site-packages/airflow/example_dags/example_branch_labels.py took 1.234 seconds
[2024-07-11T00:21:16.837+0000] {processor.py:161} INFO - Started process (PID=6447) to work on /home/airflow/.local/lib/python3.12/site-packages/airflow/example_dags/example_branch_labels.py
[2024-07-11T00:21:16.860+0000] {processor.py:830} INFO - Processing file /home/airflow/.local/lib/python3.12/site-packages/airflow/example_dags/example_branch_labels.py for tasks to queue
[2024-07-11T00:21:16.863+0000] {logging_mixin.py:188} INFO - [2024-07-11T00:21:16.862+0000] {dagbag.py:545} INFO - Filling up the DagBag from /home/airflow/.local/lib/python3.12/site-packages/airflow/example_dags/example_branch_labels.py
[2024-07-11T00:21:16.880+0000] {processor.py:840} INFO - DAG(s) 'example_branch_labels' retrieved from /home/airflow/.local/lib/python3.12/site-packages/airflow/example_dags/example_branch_labels.py
[2024-07-11T00:21:16.922+0000] {logging_mixin.py:188} INFO - [2024-07-11T00:21:16.922+0000] {dag.py:3096} INFO - Sync 1 DAGs
[2024-07-11T00:21:16.961+0000] {logging_mixin.py:188} INFO - [2024-07-11T00:21:16.961+0000] {dag.py:3954} INFO - Setting next_dagrun for example_branch_labels to 2024-07-10 00:00:00+00:00, run_after=2024-07-11 00:00:00+00:00
[2024-07-11T00:21:16.995+0000] {processor.py:183} INFO - Processing /home/airflow/.local/lib/python3.12/site-packages/airflow/example_dags/example_branch_labels.py took 0.173 seconds
[2024-07-11T00:21:47.197+0000] {processor.py:161} INFO - Started process (PID=6507) to work on /home/airflow/.local/lib/python3.12/site-packages/airflow/example_dags/example_branch_labels.py
[2024-07-11T00:21:47.201+0000] {processor.py:830} INFO - Processing file /home/airflow/.local/lib/python3.12/site-packages/airflow/example_dags/example_branch_labels.py for tasks to queue
[2024-07-11T00:21:47.203+0000] {logging_mixin.py:188} INFO - [2024-07-11T00:21:47.202+0000] {dagbag.py:545} INFO - Filling up the DagBag from /home/airflow/.local/lib/python3.12/site-packages/airflow/example_dags/example_branch_labels.py
[2024-07-11T00:21:47.221+0000] {processor.py:840} INFO - DAG(s) 'example_branch_labels' retrieved from /home/airflow/.local/lib/python3.12/site-packages/airflow/example_dags/example_branch_labels.py
[2024-07-11T00:21:47.301+0000] {logging_mixin.py:188} INFO - [2024-07-11T00:21:47.300+0000] {dag.py:3096} INFO - Sync 1 DAGs
[2024-07-11T00:21:47.382+0000] {logging_mixin.py:188} INFO - [2024-07-11T00:21:47.381+0000] {dag.py:3954} INFO - Setting next_dagrun for example_branch_labels to 2024-07-10 00:00:00+00:00, run_after=2024-07-11 00:00:00+00:00
[2024-07-11T00:21:47.433+0000] {processor.py:183} INFO - Processing /home/airflow/.local/lib/python3.12/site-packages/airflow/example_dags/example_branch_labels.py took 0.253 seconds
[2024-07-11T00:22:17.613+0000] {processor.py:161} INFO - Started process (PID=6567) to work on /home/airflow/.local/lib/python3.12/site-packages/airflow/example_dags/example_branch_labels.py
[2024-07-11T00:22:17.620+0000] {processor.py:830} INFO - Processing file /home/airflow/.local/lib/python3.12/site-packages/airflow/example_dags/example_branch_labels.py for tasks to queue
[2024-07-11T00:22:17.625+0000] {logging_mixin.py:188} INFO - [2024-07-11T00:22:17.622+0000] {dagbag.py:545} INFO - Filling up the DagBag from /home/airflow/.local/lib/python3.12/site-packages/airflow/example_dags/example_branch_labels.py
[2024-07-11T00:22:17.649+0000] {processor.py:840} INFO - DAG(s) 'example_branch_labels' retrieved from /home/airflow/.local/lib/python3.12/site-packages/airflow/example_dags/example_branch_labels.py
[2024-07-11T00:22:17.711+0000] {logging_mixin.py:188} INFO - [2024-07-11T00:22:17.710+0000] {dag.py:3096} INFO - Sync 1 DAGs
[2024-07-11T00:22:17.779+0000] {logging_mixin.py:188} INFO - [2024-07-11T00:22:17.778+0000] {dag.py:3954} INFO - Setting next_dagrun for example_branch_labels to 2024-07-10 00:00:00+00:00, run_after=2024-07-11 00:00:00+00:00
[2024-07-11T00:22:17.832+0000] {processor.py:183} INFO - Processing /home/airflow/.local/lib/python3.12/site-packages/airflow/example_dags/example_branch_labels.py took 0.276 seconds
[2024-07-11T00:22:47.942+0000] {processor.py:161} INFO - Started process (PID=6627) to work on /home/airflow/.local/lib/python3.12/site-packages/airflow/example_dags/example_branch_labels.py
[2024-07-11T00:22:47.946+0000] {processor.py:830} INFO - Processing file /home/airflow/.local/lib/python3.12/site-packages/airflow/example_dags/example_branch_labels.py for tasks to queue
[2024-07-11T00:22:47.952+0000] {logging_mixin.py:188} INFO - [2024-07-11T00:22:47.949+0000] {dagbag.py:545} INFO - Filling up the DagBag from /home/airflow/.local/lib/python3.12/site-packages/airflow/example_dags/example_branch_labels.py
[2024-07-11T00:22:47.979+0000] {processor.py:840} INFO - DAG(s) 'example_branch_labels' retrieved from /home/airflow/.local/lib/python3.12/site-packages/airflow/example_dags/example_branch_labels.py
[2024-07-11T00:22:48.093+0000] {logging_mixin.py:188} INFO - [2024-07-11T00:22:48.093+0000] {dag.py:3096} INFO - Sync 1 DAGs
[2024-07-11T00:22:48.215+0000] {logging_mixin.py:188} INFO - [2024-07-11T00:22:48.204+0000] {dag.py:3954} INFO - Setting next_dagrun for example_branch_labels to 2024-07-10 00:00:00+00:00, run_after=2024-07-11 00:00:00+00:00
[2024-07-11T00:22:48.499+0000] {processor.py:183} INFO - Processing /home/airflow/.local/lib/python3.12/site-packages/airflow/example_dags/example_branch_labels.py took 0.576 seconds
[2024-07-11T00:23:19.110+0000] {processor.py:161} INFO - Started process (PID=6686) to work on /home/airflow/.local/lib/python3.12/site-packages/airflow/example_dags/example_branch_labels.py
[2024-07-11T00:23:19.112+0000] {processor.py:830} INFO - Processing file /home/airflow/.local/lib/python3.12/site-packages/airflow/example_dags/example_branch_labels.py for tasks to queue
[2024-07-11T00:23:19.116+0000] {logging_mixin.py:188} INFO - [2024-07-11T00:23:19.115+0000] {dagbag.py:545} INFO - Filling up the DagBag from /home/airflow/.local/lib/python3.12/site-packages/airflow/example_dags/example_branch_labels.py
[2024-07-11T00:23:19.131+0000] {processor.py:840} INFO - DAG(s) 'example_branch_labels' retrieved from /home/airflow/.local/lib/python3.12/site-packages/airflow/example_dags/example_branch_labels.py
[2024-07-11T00:23:19.181+0000] {logging_mixin.py:188} INFO - [2024-07-11T00:23:19.181+0000] {dag.py:3096} INFO - Sync 1 DAGs
[2024-07-11T00:23:19.226+0000] {logging_mixin.py:188} INFO - [2024-07-11T00:23:19.226+0000] {dag.py:3954} INFO - Setting next_dagrun for example_branch_labels to 2024-07-10 00:00:00+00:00, run_after=2024-07-11 00:00:00+00:00
[2024-07-11T00:23:19.263+0000] {processor.py:183} INFO - Processing /home/airflow/.local/lib/python3.12/site-packages/airflow/example_dags/example_branch_labels.py took 0.171 seconds
[2024-07-11T00:23:49.482+0000] {processor.py:161} INFO - Started process (PID=6745) to work on /home/airflow/.local/lib/python3.12/site-packages/airflow/example_dags/example_branch_labels.py
[2024-07-11T00:23:49.485+0000] {processor.py:830} INFO - Processing file /home/airflow/.local/lib/python3.12/site-packages/airflow/example_dags/example_branch_labels.py for tasks to queue
[2024-07-11T00:23:49.488+0000] {logging_mixin.py:188} INFO - [2024-07-11T00:23:49.487+0000] {dagbag.py:545} INFO - Filling up the DagBag from /home/airflow/.local/lib/python3.12/site-packages/airflow/example_dags/example_branch_labels.py
[2024-07-11T00:23:49.502+0000] {processor.py:840} INFO - DAG(s) 'example_branch_labels' retrieved from /home/airflow/.local/lib/python3.12/site-packages/airflow/example_dags/example_branch_labels.py
[2024-07-11T00:23:49.592+0000] {logging_mixin.py:188} INFO - [2024-07-11T00:23:49.591+0000] {dag.py:3096} INFO - Sync 1 DAGs
[2024-07-11T00:23:49.697+0000] {logging_mixin.py:188} INFO - [2024-07-11T00:23:49.696+0000] {dag.py:3954} INFO - Setting next_dagrun for example_branch_labels to 2024-07-10 00:00:00+00:00, run_after=2024-07-11 00:00:00+00:00
[2024-07-11T00:23:49.790+0000] {processor.py:183} INFO - Processing /home/airflow/.local/lib/python3.12/site-packages/airflow/example_dags/example_branch_labels.py took 0.324 seconds
[2024-07-11T00:24:20.468+0000] {processor.py:161} INFO - Started process (PID=6804) to work on /home/airflow/.local/lib/python3.12/site-packages/airflow/example_dags/example_branch_labels.py
[2024-07-11T00:24:20.509+0000] {processor.py:830} INFO - Processing file /home/airflow/.local/lib/python3.12/site-packages/airflow/example_dags/example_branch_labels.py for tasks to queue
[2024-07-11T00:24:20.533+0000] {logging_mixin.py:188} INFO - [2024-07-11T00:24:20.532+0000] {dagbag.py:545} INFO - Filling up the DagBag from /home/airflow/.local/lib/python3.12/site-packages/airflow/example_dags/example_branch_labels.py
[2024-07-11T00:24:20.559+0000] {processor.py:840} INFO - DAG(s) 'example_branch_labels' retrieved from /home/airflow/.local/lib/python3.12/site-packages/airflow/example_dags/example_branch_labels.py
[2024-07-11T00:24:20.649+0000] {logging_mixin.py:188} INFO - [2024-07-11T00:24:20.649+0000] {dag.py:3096} INFO - Sync 1 DAGs
[2024-07-11T00:24:20.715+0000] {logging_mixin.py:188} INFO - [2024-07-11T00:24:20.715+0000] {dag.py:3954} INFO - Setting next_dagrun for example_branch_labels to 2024-07-10 00:00:00+00:00, run_after=2024-07-11 00:00:00+00:00
[2024-07-11T00:24:20.756+0000] {processor.py:183} INFO - Processing /home/airflow/.local/lib/python3.12/site-packages/airflow/example_dags/example_branch_labels.py took 0.457 seconds
[2024-07-11T00:24:51.401+0000] {processor.py:161} INFO - Started process (PID=6869) to work on /home/airflow/.local/lib/python3.12/site-packages/airflow/example_dags/example_branch_labels.py
[2024-07-11T00:24:51.403+0000] {processor.py:830} INFO - Processing file /home/airflow/.local/lib/python3.12/site-packages/airflow/example_dags/example_branch_labels.py for tasks to queue
[2024-07-11T00:24:51.405+0000] {logging_mixin.py:188} INFO - [2024-07-11T00:24:51.404+0000] {dagbag.py:545} INFO - Filling up the DagBag from /home/airflow/.local/lib/python3.12/site-packages/airflow/example_dags/example_branch_labels.py
[2024-07-11T00:24:51.417+0000] {processor.py:840} INFO - DAG(s) 'example_branch_labels' retrieved from /home/airflow/.local/lib/python3.12/site-packages/airflow/example_dags/example_branch_labels.py
[2024-07-11T00:24:51.456+0000] {logging_mixin.py:188} INFO - [2024-07-11T00:24:51.456+0000] {dag.py:3096} INFO - Sync 1 DAGs
[2024-07-11T00:24:51.496+0000] {logging_mixin.py:188} INFO - [2024-07-11T00:24:51.495+0000] {dag.py:3954} INFO - Setting next_dagrun for example_branch_labels to 2024-07-10 00:00:00+00:00, run_after=2024-07-11 00:00:00+00:00
[2024-07-11T00:24:51.530+0000] {processor.py:183} INFO - Processing /home/airflow/.local/lib/python3.12/site-packages/airflow/example_dags/example_branch_labels.py took 0.139 seconds
[2024-07-11T00:25:22.144+0000] {processor.py:161} INFO - Started process (PID=6929) to work on /home/airflow/.local/lib/python3.12/site-packages/airflow/example_dags/example_branch_labels.py
[2024-07-11T00:25:22.146+0000] {processor.py:830} INFO - Processing file /home/airflow/.local/lib/python3.12/site-packages/airflow/example_dags/example_branch_labels.py for tasks to queue
[2024-07-11T00:25:22.148+0000] {logging_mixin.py:188} INFO - [2024-07-11T00:25:22.147+0000] {dagbag.py:545} INFO - Filling up the DagBag from /home/airflow/.local/lib/python3.12/site-packages/airflow/example_dags/example_branch_labels.py
[2024-07-11T00:25:22.164+0000] {processor.py:840} INFO - DAG(s) 'example_branch_labels' retrieved from /home/airflow/.local/lib/python3.12/site-packages/airflow/example_dags/example_branch_labels.py
[2024-07-11T00:25:22.222+0000] {logging_mixin.py:188} INFO - [2024-07-11T00:25:22.221+0000] {dag.py:3096} INFO - Sync 1 DAGs
[2024-07-11T00:25:22.283+0000] {logging_mixin.py:188} INFO - [2024-07-11T00:25:22.282+0000] {dag.py:3954} INFO - Setting next_dagrun for example_branch_labels to 2024-07-10 00:00:00+00:00, run_after=2024-07-11 00:00:00+00:00
[2024-07-11T00:25:22.331+0000] {processor.py:183} INFO - Processing /home/airflow/.local/lib/python3.12/site-packages/airflow/example_dags/example_branch_labels.py took 0.200 seconds
[2024-07-11T00:25:52.792+0000] {processor.py:161} INFO - Started process (PID=6989) to work on /home/airflow/.local/lib/python3.12/site-packages/airflow/example_dags/example_branch_labels.py
[2024-07-11T00:25:52.794+0000] {processor.py:830} INFO - Processing file /home/airflow/.local/lib/python3.12/site-packages/airflow/example_dags/example_branch_labels.py for tasks to queue
[2024-07-11T00:25:52.799+0000] {logging_mixin.py:188} INFO - [2024-07-11T00:25:52.798+0000] {dagbag.py:545} INFO - Filling up the DagBag from /home/airflow/.local/lib/python3.12/site-packages/airflow/example_dags/example_branch_labels.py
[2024-07-11T00:25:52.821+0000] {processor.py:840} INFO - DAG(s) 'example_branch_labels' retrieved from /home/airflow/.local/lib/python3.12/site-packages/airflow/example_dags/example_branch_labels.py
[2024-07-11T00:25:52.873+0000] {logging_mixin.py:188} INFO - [2024-07-11T00:25:52.873+0000] {dag.py:3096} INFO - Sync 1 DAGs
[2024-07-11T00:25:52.924+0000] {logging_mixin.py:188} INFO - [2024-07-11T00:25:52.923+0000] {dag.py:3954} INFO - Setting next_dagrun for example_branch_labels to 2024-07-10 00:00:00+00:00, run_after=2024-07-11 00:00:00+00:00
[2024-07-11T00:25:52.978+0000] {processor.py:183} INFO - Processing /home/airflow/.local/lib/python3.12/site-packages/airflow/example_dags/example_branch_labels.py took 0.197 seconds
[2024-07-11T00:26:23.775+0000] {processor.py:161} INFO - Started process (PID=7049) to work on /home/airflow/.local/lib/python3.12/site-packages/airflow/example_dags/example_branch_labels.py
[2024-07-11T00:26:23.786+0000] {processor.py:830} INFO - Processing file /home/airflow/.local/lib/python3.12/site-packages/airflow/example_dags/example_branch_labels.py for tasks to queue
[2024-07-11T00:26:23.790+0000] {logging_mixin.py:188} INFO - [2024-07-11T00:26:23.789+0000] {dagbag.py:545} INFO - Filling up the DagBag from /home/airflow/.local/lib/python3.12/site-packages/airflow/example_dags/example_branch_labels.py
[2024-07-11T00:26:23.831+0000] {processor.py:840} INFO - DAG(s) 'example_branch_labels' retrieved from /home/airflow/.local/lib/python3.12/site-packages/airflow/example_dags/example_branch_labels.py
[2024-07-11T00:26:23.957+0000] {logging_mixin.py:188} INFO - [2024-07-11T00:26:23.956+0000] {dag.py:3096} INFO - Sync 1 DAGs
[2024-07-11T00:26:24.050+0000] {logging_mixin.py:188} INFO - [2024-07-11T00:26:24.050+0000] {dag.py:3954} INFO - Setting next_dagrun for example_branch_labels to 2024-07-10 00:00:00+00:00, run_after=2024-07-11 00:00:00+00:00
[2024-07-11T00:26:24.114+0000] {processor.py:183} INFO - Processing /home/airflow/.local/lib/python3.12/site-packages/airflow/example_dags/example_branch_labels.py took 0.383 seconds
[2024-07-11T00:26:54.367+0000] {processor.py:161} INFO - Started process (PID=7109) to work on /home/airflow/.local/lib/python3.12/site-packages/airflow/example_dags/example_branch_labels.py
[2024-07-11T00:26:54.369+0000] {processor.py:830} INFO - Processing file /home/airflow/.local/lib/python3.12/site-packages/airflow/example_dags/example_branch_labels.py for tasks to queue
[2024-07-11T00:26:54.371+0000] {logging_mixin.py:188} INFO - [2024-07-11T00:26:54.370+0000] {dagbag.py:545} INFO - Filling up the DagBag from /home/airflow/.local/lib/python3.12/site-packages/airflow/example_dags/example_branch_labels.py
[2024-07-11T00:26:54.387+0000] {processor.py:840} INFO - DAG(s) 'example_branch_labels' retrieved from /home/airflow/.local/lib/python3.12/site-packages/airflow/example_dags/example_branch_labels.py
[2024-07-11T00:26:54.433+0000] {logging_mixin.py:188} INFO - [2024-07-11T00:26:54.432+0000] {dag.py:3096} INFO - Sync 1 DAGs
[2024-07-11T00:26:54.476+0000] {logging_mixin.py:188} INFO - [2024-07-11T00:26:54.475+0000] {dag.py:3954} INFO - Setting next_dagrun for example_branch_labels to 2024-07-10 00:00:00+00:00, run_after=2024-07-11 00:00:00+00:00
[2024-07-11T00:26:54.514+0000] {processor.py:183} INFO - Processing /home/airflow/.local/lib/python3.12/site-packages/airflow/example_dags/example_branch_labels.py took 0.162 seconds
