[2024-07-11T00:00:12.376+0000] {processor.py:161} INFO - Started process (PID=3998) to work on /home/airflow/.local/lib/python3.12/site-packages/airflow/example_dags/example_task_group_decorator.py
[2024-07-11T00:00:12.379+0000] {processor.py:830} INFO - Processing file /home/airflow/.local/lib/python3.12/site-packages/airflow/example_dags/example_task_group_decorator.py for tasks to queue
[2024-07-11T00:00:12.381+0000] {logging_mixin.py:188} INFO - [2024-07-11T00:00:12.381+0000] {dagbag.py:545} INFO - Filling up the DagBag from /home/airflow/.local/lib/python3.12/site-packages/airflow/example_dags/example_task_group_decorator.py
[2024-07-11T00:00:12.435+0000] {processor.py:840} INFO - DAG(s) 'example_task_group_decorator' retrieved from /home/airflow/.local/lib/python3.12/site-packages/airflow/example_dags/example_task_group_decorator.py
[2024-07-11T00:00:12.755+0000] {logging_mixin.py:188} INFO - [2024-07-11T00:00:12.755+0000] {dag.py:3096} INFO - Sync 1 DAGs
[2024-07-11T00:00:12.946+0000] {logging_mixin.py:188} INFO - [2024-07-11T00:00:12.946+0000] {dag.py:3954} INFO - Setting next_dagrun for example_task_group_decorator to 2024-07-10 00:00:00+00:00, run_after=2024-07-11 00:00:00+00:00
[2024-07-11T00:00:13.103+0000] {processor.py:183} INFO - Processing /home/airflow/.local/lib/python3.12/site-packages/airflow/example_dags/example_task_group_decorator.py took 0.750 seconds
[2024-07-11T00:00:43.819+0000] {processor.py:161} INFO - Started process (PID=4063) to work on /home/airflow/.local/lib/python3.12/site-packages/airflow/example_dags/example_task_group_decorator.py
[2024-07-11T00:00:43.847+0000] {processor.py:830} INFO - Processing file /home/airflow/.local/lib/python3.12/site-packages/airflow/example_dags/example_task_group_decorator.py for tasks to queue
[2024-07-11T00:00:43.852+0000] {logging_mixin.py:188} INFO - [2024-07-11T00:00:43.851+0000] {dagbag.py:545} INFO - Filling up the DagBag from /home/airflow/.local/lib/python3.12/site-packages/airflow/example_dags/example_task_group_decorator.py
[2024-07-11T00:00:43.899+0000] {processor.py:840} INFO - DAG(s) 'example_task_group_decorator' retrieved from /home/airflow/.local/lib/python3.12/site-packages/airflow/example_dags/example_task_group_decorator.py
[2024-07-11T00:00:43.993+0000] {logging_mixin.py:188} INFO - [2024-07-11T00:00:43.992+0000] {dag.py:3096} INFO - Sync 1 DAGs
[2024-07-11T00:00:44.046+0000] {logging_mixin.py:188} INFO - [2024-07-11T00:00:44.045+0000] {dag.py:3954} INFO - Setting next_dagrun for example_task_group_decorator to 2024-07-10 00:00:00+00:00, run_after=2024-07-11 00:00:00+00:00
[2024-07-11T00:00:44.099+0000] {processor.py:183} INFO - Processing /home/airflow/.local/lib/python3.12/site-packages/airflow/example_dags/example_task_group_decorator.py took 0.294 seconds
[2024-07-11T00:01:14.997+0000] {processor.py:161} INFO - Started process (PID=4127) to work on /home/airflow/.local/lib/python3.12/site-packages/airflow/example_dags/example_task_group_decorator.py
[2024-07-11T00:01:14.998+0000] {processor.py:830} INFO - Processing file /home/airflow/.local/lib/python3.12/site-packages/airflow/example_dags/example_task_group_decorator.py for tasks to queue
[2024-07-11T00:01:15.001+0000] {logging_mixin.py:188} INFO - [2024-07-11T00:01:15.000+0000] {dagbag.py:545} INFO - Filling up the DagBag from /home/airflow/.local/lib/python3.12/site-packages/airflow/example_dags/example_task_group_decorator.py
[2024-07-11T00:01:15.036+0000] {processor.py:840} INFO - DAG(s) 'example_task_group_decorator' retrieved from /home/airflow/.local/lib/python3.12/site-packages/airflow/example_dags/example_task_group_decorator.py
[2024-07-11T00:01:15.108+0000] {logging_mixin.py:188} INFO - [2024-07-11T00:01:15.108+0000] {dag.py:3096} INFO - Sync 1 DAGs
[2024-07-11T00:01:15.160+0000] {logging_mixin.py:188} INFO - [2024-07-11T00:01:15.159+0000] {dag.py:3954} INFO - Setting next_dagrun for example_task_group_decorator to 2024-07-10 00:00:00+00:00, run_after=2024-07-11 00:00:00+00:00
[2024-07-11T00:01:15.204+0000] {processor.py:183} INFO - Processing /home/airflow/.local/lib/python3.12/site-packages/airflow/example_dags/example_task_group_decorator.py took 0.224 seconds
[2024-07-11T00:01:45.525+0000] {processor.py:161} INFO - Started process (PID=4186) to work on /home/airflow/.local/lib/python3.12/site-packages/airflow/example_dags/example_task_group_decorator.py
[2024-07-11T00:01:45.528+0000] {processor.py:830} INFO - Processing file /home/airflow/.local/lib/python3.12/site-packages/airflow/example_dags/example_task_group_decorator.py for tasks to queue
[2024-07-11T00:01:45.530+0000] {logging_mixin.py:188} INFO - [2024-07-11T00:01:45.529+0000] {dagbag.py:545} INFO - Filling up the DagBag from /home/airflow/.local/lib/python3.12/site-packages/airflow/example_dags/example_task_group_decorator.py
[2024-07-11T00:01:45.567+0000] {processor.py:840} INFO - DAG(s) 'example_task_group_decorator' retrieved from /home/airflow/.local/lib/python3.12/site-packages/airflow/example_dags/example_task_group_decorator.py
[2024-07-11T00:01:45.657+0000] {logging_mixin.py:188} INFO - [2024-07-11T00:01:45.656+0000] {dag.py:3096} INFO - Sync 1 DAGs
[2024-07-11T00:01:45.711+0000] {logging_mixin.py:188} INFO - [2024-07-11T00:01:45.710+0000] {dag.py:3954} INFO - Setting next_dagrun for example_task_group_decorator to 2024-07-10 00:00:00+00:00, run_after=2024-07-11 00:00:00+00:00
[2024-07-11T00:01:45.748+0000] {processor.py:183} INFO - Processing /home/airflow/.local/lib/python3.12/site-packages/airflow/example_dags/example_task_group_decorator.py took 0.236 seconds
[2024-07-11T00:02:16.519+0000] {processor.py:161} INFO - Started process (PID=4246) to work on /home/airflow/.local/lib/python3.12/site-packages/airflow/example_dags/example_task_group_decorator.py
[2024-07-11T00:02:16.521+0000] {processor.py:830} INFO - Processing file /home/airflow/.local/lib/python3.12/site-packages/airflow/example_dags/example_task_group_decorator.py for tasks to queue
[2024-07-11T00:02:16.523+0000] {logging_mixin.py:188} INFO - [2024-07-11T00:02:16.522+0000] {dagbag.py:545} INFO - Filling up the DagBag from /home/airflow/.local/lib/python3.12/site-packages/airflow/example_dags/example_task_group_decorator.py
[2024-07-11T00:02:16.588+0000] {processor.py:840} INFO - DAG(s) 'example_task_group_decorator' retrieved from /home/airflow/.local/lib/python3.12/site-packages/airflow/example_dags/example_task_group_decorator.py
[2024-07-11T00:02:16.634+0000] {logging_mixin.py:188} INFO - [2024-07-11T00:02:16.633+0000] {dag.py:3096} INFO - Sync 1 DAGs
[2024-07-11T00:02:16.666+0000] {logging_mixin.py:188} INFO - [2024-07-11T00:02:16.666+0000] {dag.py:3954} INFO - Setting next_dagrun for example_task_group_decorator to 2024-07-10 00:00:00+00:00, run_after=2024-07-11 00:00:00+00:00
[2024-07-11T00:02:16.697+0000] {processor.py:183} INFO - Processing /home/airflow/.local/lib/python3.12/site-packages/airflow/example_dags/example_task_group_decorator.py took 0.189 seconds
[2024-07-11T00:02:46.800+0000] {processor.py:161} INFO - Started process (PID=4305) to work on /home/airflow/.local/lib/python3.12/site-packages/airflow/example_dags/example_task_group_decorator.py
[2024-07-11T00:02:46.802+0000] {processor.py:830} INFO - Processing file /home/airflow/.local/lib/python3.12/site-packages/airflow/example_dags/example_task_group_decorator.py for tasks to queue
[2024-07-11T00:02:46.805+0000] {logging_mixin.py:188} INFO - [2024-07-11T00:02:46.804+0000] {dagbag.py:545} INFO - Filling up the DagBag from /home/airflow/.local/lib/python3.12/site-packages/airflow/example_dags/example_task_group_decorator.py
[2024-07-11T00:02:46.861+0000] {processor.py:840} INFO - DAG(s) 'example_task_group_decorator' retrieved from /home/airflow/.local/lib/python3.12/site-packages/airflow/example_dags/example_task_group_decorator.py
[2024-07-11T00:02:47.039+0000] {logging_mixin.py:188} INFO - [2024-07-11T00:02:47.039+0000] {dag.py:3096} INFO - Sync 1 DAGs
[2024-07-11T00:02:47.133+0000] {logging_mixin.py:188} INFO - [2024-07-11T00:02:47.132+0000] {dag.py:3954} INFO - Setting next_dagrun for example_task_group_decorator to 2024-07-10 00:00:00+00:00, run_after=2024-07-11 00:00:00+00:00
[2024-07-11T00:02:47.190+0000] {processor.py:183} INFO - Processing /home/airflow/.local/lib/python3.12/site-packages/airflow/example_dags/example_task_group_decorator.py took 0.406 seconds
[2024-07-11T00:03:18.115+0000] {processor.py:161} INFO - Started process (PID=4369) to work on /home/airflow/.local/lib/python3.12/site-packages/airflow/example_dags/example_task_group_decorator.py
[2024-07-11T00:03:18.123+0000] {processor.py:830} INFO - Processing file /home/airflow/.local/lib/python3.12/site-packages/airflow/example_dags/example_task_group_decorator.py for tasks to queue
[2024-07-11T00:03:18.128+0000] {logging_mixin.py:188} INFO - [2024-07-11T00:03:18.127+0000] {dagbag.py:545} INFO - Filling up the DagBag from /home/airflow/.local/lib/python3.12/site-packages/airflow/example_dags/example_task_group_decorator.py
[2024-07-11T00:03:18.187+0000] {processor.py:840} INFO - DAG(s) 'example_task_group_decorator' retrieved from /home/airflow/.local/lib/python3.12/site-packages/airflow/example_dags/example_task_group_decorator.py
[2024-07-11T00:03:18.319+0000] {logging_mixin.py:188} INFO - [2024-07-11T00:03:18.319+0000] {dag.py:3096} INFO - Sync 1 DAGs
[2024-07-11T00:03:18.370+0000] {logging_mixin.py:188} INFO - [2024-07-11T00:03:18.370+0000] {dag.py:3954} INFO - Setting next_dagrun for example_task_group_decorator to 2024-07-10 00:00:00+00:00, run_after=2024-07-11 00:00:00+00:00
[2024-07-11T00:03:18.410+0000] {processor.py:183} INFO - Processing /home/airflow/.local/lib/python3.12/site-packages/airflow/example_dags/example_task_group_decorator.py took 0.308 seconds
[2024-07-11T00:03:48.814+0000] {processor.py:161} INFO - Started process (PID=4429) to work on /home/airflow/.local/lib/python3.12/site-packages/airflow/example_dags/example_task_group_decorator.py
[2024-07-11T00:03:48.816+0000] {processor.py:830} INFO - Processing file /home/airflow/.local/lib/python3.12/site-packages/airflow/example_dags/example_task_group_decorator.py for tasks to queue
[2024-07-11T00:03:48.819+0000] {logging_mixin.py:188} INFO - [2024-07-11T00:03:48.818+0000] {dagbag.py:545} INFO - Filling up the DagBag from /home/airflow/.local/lib/python3.12/site-packages/airflow/example_dags/example_task_group_decorator.py
[2024-07-11T00:03:48.902+0000] {processor.py:840} INFO - DAG(s) 'example_task_group_decorator' retrieved from /home/airflow/.local/lib/python3.12/site-packages/airflow/example_dags/example_task_group_decorator.py
[2024-07-11T00:03:49.063+0000] {logging_mixin.py:188} INFO - [2024-07-11T00:03:49.062+0000] {dag.py:3096} INFO - Sync 1 DAGs
[2024-07-11T00:03:49.176+0000] {logging_mixin.py:188} INFO - [2024-07-11T00:03:49.176+0000] {dag.py:3954} INFO - Setting next_dagrun for example_task_group_decorator to 2024-07-10 00:00:00+00:00, run_after=2024-07-11 00:00:00+00:00
[2024-07-11T00:03:49.250+0000] {processor.py:183} INFO - Processing /home/airflow/.local/lib/python3.12/site-packages/airflow/example_dags/example_task_group_decorator.py took 0.448 seconds
[2024-07-11T00:04:20.702+0000] {processor.py:161} INFO - Started process (PID=4489) to work on /home/airflow/.local/lib/python3.12/site-packages/airflow/example_dags/example_task_group_decorator.py
[2024-07-11T00:04:20.704+0000] {processor.py:830} INFO - Processing file /home/airflow/.local/lib/python3.12/site-packages/airflow/example_dags/example_task_group_decorator.py for tasks to queue
[2024-07-11T00:04:20.720+0000] {logging_mixin.py:188} INFO - [2024-07-11T00:04:20.710+0000] {dagbag.py:545} INFO - Filling up the DagBag from /home/airflow/.local/lib/python3.12/site-packages/airflow/example_dags/example_task_group_decorator.py
[2024-07-11T00:04:20.796+0000] {processor.py:840} INFO - DAG(s) 'example_task_group_decorator' retrieved from /home/airflow/.local/lib/python3.12/site-packages/airflow/example_dags/example_task_group_decorator.py
[2024-07-11T00:04:20.939+0000] {logging_mixin.py:188} INFO - [2024-07-11T00:04:20.938+0000] {dag.py:3096} INFO - Sync 1 DAGs
[2024-07-11T00:04:20.987+0000] {logging_mixin.py:188} INFO - [2024-07-11T00:04:20.987+0000] {dag.py:3954} INFO - Setting next_dagrun for example_task_group_decorator to 2024-07-10 00:00:00+00:00, run_after=2024-07-11 00:00:00+00:00
[2024-07-11T00:04:21.036+0000] {processor.py:183} INFO - Processing /home/airflow/.local/lib/python3.12/site-packages/airflow/example_dags/example_task_group_decorator.py took 0.349 seconds
[2024-07-11T00:04:52.061+0000] {processor.py:161} INFO - Started process (PID=4549) to work on /home/airflow/.local/lib/python3.12/site-packages/airflow/example_dags/example_task_group_decorator.py
[2024-07-11T00:04:52.066+0000] {processor.py:830} INFO - Processing file /home/airflow/.local/lib/python3.12/site-packages/airflow/example_dags/example_task_group_decorator.py for tasks to queue
[2024-07-11T00:04:52.068+0000] {logging_mixin.py:188} INFO - [2024-07-11T00:04:52.067+0000] {dagbag.py:545} INFO - Filling up the DagBag from /home/airflow/.local/lib/python3.12/site-packages/airflow/example_dags/example_task_group_decorator.py
[2024-07-11T00:04:52.101+0000] {processor.py:840} INFO - DAG(s) 'example_task_group_decorator' retrieved from /home/airflow/.local/lib/python3.12/site-packages/airflow/example_dags/example_task_group_decorator.py
[2024-07-11T00:04:52.161+0000] {logging_mixin.py:188} INFO - [2024-07-11T00:04:52.160+0000] {dag.py:3096} INFO - Sync 1 DAGs
[2024-07-11T00:04:52.200+0000] {logging_mixin.py:188} INFO - [2024-07-11T00:04:52.200+0000] {dag.py:3954} INFO - Setting next_dagrun for example_task_group_decorator to 2024-07-10 00:00:00+00:00, run_after=2024-07-11 00:00:00+00:00
[2024-07-11T00:04:52.233+0000] {processor.py:183} INFO - Processing /home/airflow/.local/lib/python3.12/site-packages/airflow/example_dags/example_task_group_decorator.py took 0.189 seconds
[2024-07-11T00:05:22.706+0000] {processor.py:161} INFO - Started process (PID=4609) to work on /home/airflow/.local/lib/python3.12/site-packages/airflow/example_dags/example_task_group_decorator.py
[2024-07-11T00:05:22.709+0000] {processor.py:830} INFO - Processing file /home/airflow/.local/lib/python3.12/site-packages/airflow/example_dags/example_task_group_decorator.py for tasks to queue
[2024-07-11T00:05:22.711+0000] {logging_mixin.py:188} INFO - [2024-07-11T00:05:22.710+0000] {dagbag.py:545} INFO - Filling up the DagBag from /home/airflow/.local/lib/python3.12/site-packages/airflow/example_dags/example_task_group_decorator.py
[2024-07-11T00:05:22.754+0000] {processor.py:840} INFO - DAG(s) 'example_task_group_decorator' retrieved from /home/airflow/.local/lib/python3.12/site-packages/airflow/example_dags/example_task_group_decorator.py
[2024-07-11T00:05:22.844+0000] {logging_mixin.py:188} INFO - [2024-07-11T00:05:22.843+0000] {dag.py:3096} INFO - Sync 1 DAGs
[2024-07-11T00:05:22.910+0000] {logging_mixin.py:188} INFO - [2024-07-11T00:05:22.910+0000] {dag.py:3954} INFO - Setting next_dagrun for example_task_group_decorator to 2024-07-10 00:00:00+00:00, run_after=2024-07-11 00:00:00+00:00
[2024-07-11T00:05:23.450+0000] {processor.py:183} INFO - Processing /home/airflow/.local/lib/python3.12/site-packages/airflow/example_dags/example_task_group_decorator.py took 0.762 seconds
[2024-07-11T00:05:54.023+0000] {processor.py:161} INFO - Started process (PID=4669) to work on /home/airflow/.local/lib/python3.12/site-packages/airflow/example_dags/example_task_group_decorator.py
[2024-07-11T00:05:54.033+0000] {processor.py:830} INFO - Processing file /home/airflow/.local/lib/python3.12/site-packages/airflow/example_dags/example_task_group_decorator.py for tasks to queue
[2024-07-11T00:05:54.040+0000] {logging_mixin.py:188} INFO - [2024-07-11T00:05:54.038+0000] {dagbag.py:545} INFO - Filling up the DagBag from /home/airflow/.local/lib/python3.12/site-packages/airflow/example_dags/example_task_group_decorator.py
[2024-07-11T00:05:54.108+0000] {processor.py:840} INFO - DAG(s) 'example_task_group_decorator' retrieved from /home/airflow/.local/lib/python3.12/site-packages/airflow/example_dags/example_task_group_decorator.py
[2024-07-11T00:05:54.187+0000] {logging_mixin.py:188} INFO - [2024-07-11T00:05:54.187+0000] {dag.py:3096} INFO - Sync 1 DAGs
[2024-07-11T00:05:54.267+0000] {logging_mixin.py:188} INFO - [2024-07-11T00:05:54.267+0000] {dag.py:3954} INFO - Setting next_dagrun for example_task_group_decorator to 2024-07-10 00:00:00+00:00, run_after=2024-07-11 00:00:00+00:00
[2024-07-11T00:05:54.368+0000] {processor.py:183} INFO - Processing /home/airflow/.local/lib/python3.12/site-packages/airflow/example_dags/example_task_group_decorator.py took 0.364 seconds
[2024-07-11T00:06:24.575+0000] {processor.py:161} INFO - Started process (PID=4729) to work on /home/airflow/.local/lib/python3.12/site-packages/airflow/example_dags/example_task_group_decorator.py
[2024-07-11T00:06:24.578+0000] {processor.py:830} INFO - Processing file /home/airflow/.local/lib/python3.12/site-packages/airflow/example_dags/example_task_group_decorator.py for tasks to queue
[2024-07-11T00:06:24.580+0000] {logging_mixin.py:188} INFO - [2024-07-11T00:06:24.580+0000] {dagbag.py:545} INFO - Filling up the DagBag from /home/airflow/.local/lib/python3.12/site-packages/airflow/example_dags/example_task_group_decorator.py
[2024-07-11T00:06:24.612+0000] {processor.py:840} INFO - DAG(s) 'example_task_group_decorator' retrieved from /home/airflow/.local/lib/python3.12/site-packages/airflow/example_dags/example_task_group_decorator.py
[2024-07-11T00:06:24.664+0000] {logging_mixin.py:188} INFO - [2024-07-11T00:06:24.664+0000] {dag.py:3096} INFO - Sync 1 DAGs
[2024-07-11T00:06:24.702+0000] {logging_mixin.py:188} INFO - [2024-07-11T00:06:24.702+0000] {dag.py:3954} INFO - Setting next_dagrun for example_task_group_decorator to 2024-07-10 00:00:00+00:00, run_after=2024-07-11 00:00:00+00:00
[2024-07-11T00:06:24.736+0000] {processor.py:183} INFO - Processing /home/airflow/.local/lib/python3.12/site-packages/airflow/example_dags/example_task_group_decorator.py took 0.172 seconds
[2024-07-11T00:06:55.205+0000] {processor.py:161} INFO - Started process (PID=4788) to work on /home/airflow/.local/lib/python3.12/site-packages/airflow/example_dags/example_task_group_decorator.py
[2024-07-11T00:06:55.207+0000] {processor.py:830} INFO - Processing file /home/airflow/.local/lib/python3.12/site-packages/airflow/example_dags/example_task_group_decorator.py for tasks to queue
[2024-07-11T00:06:55.209+0000] {logging_mixin.py:188} INFO - [2024-07-11T00:06:55.208+0000] {dagbag.py:545} INFO - Filling up the DagBag from /home/airflow/.local/lib/python3.12/site-packages/airflow/example_dags/example_task_group_decorator.py
[2024-07-11T00:06:55.242+0000] {processor.py:840} INFO - DAG(s) 'example_task_group_decorator' retrieved from /home/airflow/.local/lib/python3.12/site-packages/airflow/example_dags/example_task_group_decorator.py
[2024-07-11T00:06:55.296+0000] {logging_mixin.py:188} INFO - [2024-07-11T00:06:55.295+0000] {dag.py:3096} INFO - Sync 1 DAGs
[2024-07-11T00:06:55.332+0000] {logging_mixin.py:188} INFO - [2024-07-11T00:06:55.331+0000] {dag.py:3954} INFO - Setting next_dagrun for example_task_group_decorator to 2024-07-10 00:00:00+00:00, run_after=2024-07-11 00:00:00+00:00
[2024-07-11T00:06:55.361+0000] {processor.py:183} INFO - Processing /home/airflow/.local/lib/python3.12/site-packages/airflow/example_dags/example_task_group_decorator.py took 0.170 seconds
[2024-07-11T00:07:25.699+0000] {processor.py:161} INFO - Started process (PID=4847) to work on /home/airflow/.local/lib/python3.12/site-packages/airflow/example_dags/example_task_group_decorator.py
[2024-07-11T00:07:25.701+0000] {processor.py:830} INFO - Processing file /home/airflow/.local/lib/python3.12/site-packages/airflow/example_dags/example_task_group_decorator.py for tasks to queue
[2024-07-11T00:07:25.704+0000] {logging_mixin.py:188} INFO - [2024-07-11T00:07:25.703+0000] {dagbag.py:545} INFO - Filling up the DagBag from /home/airflow/.local/lib/python3.12/site-packages/airflow/example_dags/example_task_group_decorator.py
[2024-07-11T00:07:25.758+0000] {processor.py:840} INFO - DAG(s) 'example_task_group_decorator' retrieved from /home/airflow/.local/lib/python3.12/site-packages/airflow/example_dags/example_task_group_decorator.py
[2024-07-11T00:07:25.813+0000] {logging_mixin.py:188} INFO - [2024-07-11T00:07:25.813+0000] {dag.py:3096} INFO - Sync 1 DAGs
[2024-07-11T00:07:25.846+0000] {logging_mixin.py:188} INFO - [2024-07-11T00:07:25.846+0000] {dag.py:3954} INFO - Setting next_dagrun for example_task_group_decorator to 2024-07-10 00:00:00+00:00, run_after=2024-07-11 00:00:00+00:00
[2024-07-11T00:07:25.900+0000] {processor.py:183} INFO - Processing /home/airflow/.local/lib/python3.12/site-packages/airflow/example_dags/example_task_group_decorator.py took 0.220 seconds
[2024-07-11T00:07:56.903+0000] {processor.py:161} INFO - Started process (PID=4907) to work on /home/airflow/.local/lib/python3.12/site-packages/airflow/example_dags/example_task_group_decorator.py
[2024-07-11T00:07:56.906+0000] {processor.py:830} INFO - Processing file /home/airflow/.local/lib/python3.12/site-packages/airflow/example_dags/example_task_group_decorator.py for tasks to queue
[2024-07-11T00:07:56.908+0000] {logging_mixin.py:188} INFO - [2024-07-11T00:07:56.907+0000] {dagbag.py:545} INFO - Filling up the DagBag from /home/airflow/.local/lib/python3.12/site-packages/airflow/example_dags/example_task_group_decorator.py
[2024-07-11T00:07:56.943+0000] {processor.py:840} INFO - DAG(s) 'example_task_group_decorator' retrieved from /home/airflow/.local/lib/python3.12/site-packages/airflow/example_dags/example_task_group_decorator.py
[2024-07-11T00:07:57.020+0000] {logging_mixin.py:188} INFO - [2024-07-11T00:07:57.019+0000] {dag.py:3096} INFO - Sync 1 DAGs
[2024-07-11T00:07:57.059+0000] {logging_mixin.py:188} INFO - [2024-07-11T00:07:57.059+0000] {dag.py:3954} INFO - Setting next_dagrun for example_task_group_decorator to 2024-07-10 00:00:00+00:00, run_after=2024-07-11 00:00:00+00:00
[2024-07-11T00:07:57.097+0000] {processor.py:183} INFO - Processing /home/airflow/.local/lib/python3.12/site-packages/airflow/example_dags/example_task_group_decorator.py took 0.207 seconds
[2024-07-11T00:08:27.519+0000] {processor.py:161} INFO - Started process (PID=4964) to work on /home/airflow/.local/lib/python3.12/site-packages/airflow/example_dags/example_task_group_decorator.py
[2024-07-11T00:08:27.521+0000] {processor.py:830} INFO - Processing file /home/airflow/.local/lib/python3.12/site-packages/airflow/example_dags/example_task_group_decorator.py for tasks to queue
[2024-07-11T00:08:27.527+0000] {logging_mixin.py:188} INFO - [2024-07-11T00:08:27.523+0000] {dagbag.py:545} INFO - Filling up the DagBag from /home/airflow/.local/lib/python3.12/site-packages/airflow/example_dags/example_task_group_decorator.py
[2024-07-11T00:08:27.588+0000] {processor.py:840} INFO - DAG(s) 'example_task_group_decorator' retrieved from /home/airflow/.local/lib/python3.12/site-packages/airflow/example_dags/example_task_group_decorator.py
[2024-07-11T00:08:27.677+0000] {logging_mixin.py:188} INFO - [2024-07-11T00:08:27.677+0000] {dag.py:3096} INFO - Sync 1 DAGs
[2024-07-11T00:08:27.757+0000] {logging_mixin.py:188} INFO - [2024-07-11T00:08:27.757+0000] {dag.py:3954} INFO - Setting next_dagrun for example_task_group_decorator to 2024-07-10 00:00:00+00:00, run_after=2024-07-11 00:00:00+00:00
[2024-07-11T00:08:27.814+0000] {processor.py:183} INFO - Processing /home/airflow/.local/lib/python3.12/site-packages/airflow/example_dags/example_task_group_decorator.py took 0.307 seconds
[2024-07-11T00:08:58.384+0000] {processor.py:161} INFO - Started process (PID=5024) to work on /home/airflow/.local/lib/python3.12/site-packages/airflow/example_dags/example_task_group_decorator.py
[2024-07-11T00:08:58.385+0000] {processor.py:830} INFO - Processing file /home/airflow/.local/lib/python3.12/site-packages/airflow/example_dags/example_task_group_decorator.py for tasks to queue
[2024-07-11T00:08:58.387+0000] {logging_mixin.py:188} INFO - [2024-07-11T00:08:58.387+0000] {dagbag.py:545} INFO - Filling up the DagBag from /home/airflow/.local/lib/python3.12/site-packages/airflow/example_dags/example_task_group_decorator.py
[2024-07-11T00:08:58.422+0000] {processor.py:840} INFO - DAG(s) 'example_task_group_decorator' retrieved from /home/airflow/.local/lib/python3.12/site-packages/airflow/example_dags/example_task_group_decorator.py
[2024-07-11T00:08:58.472+0000] {logging_mixin.py:188} INFO - [2024-07-11T00:08:58.471+0000] {dag.py:3096} INFO - Sync 1 DAGs
[2024-07-11T00:08:58.515+0000] {logging_mixin.py:188} INFO - [2024-07-11T00:08:58.514+0000] {dag.py:3954} INFO - Setting next_dagrun for example_task_group_decorator to 2024-07-10 00:00:00+00:00, run_after=2024-07-11 00:00:00+00:00
[2024-07-11T00:08:58.569+0000] {processor.py:183} INFO - Processing /home/airflow/.local/lib/python3.12/site-packages/airflow/example_dags/example_task_group_decorator.py took 0.197 seconds
[2024-07-11T00:09:28.922+0000] {processor.py:161} INFO - Started process (PID=5084) to work on /home/airflow/.local/lib/python3.12/site-packages/airflow/example_dags/example_task_group_decorator.py
[2024-07-11T00:09:28.924+0000] {processor.py:830} INFO - Processing file /home/airflow/.local/lib/python3.12/site-packages/airflow/example_dags/example_task_group_decorator.py for tasks to queue
[2024-07-11T00:09:28.926+0000] {logging_mixin.py:188} INFO - [2024-07-11T00:09:28.926+0000] {dagbag.py:545} INFO - Filling up the DagBag from /home/airflow/.local/lib/python3.12/site-packages/airflow/example_dags/example_task_group_decorator.py
[2024-07-11T00:09:28.954+0000] {processor.py:840} INFO - DAG(s) 'example_task_group_decorator' retrieved from /home/airflow/.local/lib/python3.12/site-packages/airflow/example_dags/example_task_group_decorator.py
[2024-07-11T00:09:29.000+0000] {logging_mixin.py:188} INFO - [2024-07-11T00:09:29.000+0000] {dag.py:3096} INFO - Sync 1 DAGs
[2024-07-11T00:09:29.044+0000] {logging_mixin.py:188} INFO - [2024-07-11T00:09:29.044+0000] {dag.py:3954} INFO - Setting next_dagrun for example_task_group_decorator to 2024-07-10 00:00:00+00:00, run_after=2024-07-11 00:00:00+00:00
[2024-07-11T00:09:29.081+0000] {processor.py:183} INFO - Processing /home/airflow/.local/lib/python3.12/site-packages/airflow/example_dags/example_task_group_decorator.py took 0.169 seconds
[2024-07-11T00:09:59.359+0000] {processor.py:161} INFO - Started process (PID=5144) to work on /home/airflow/.local/lib/python3.12/site-packages/airflow/example_dags/example_task_group_decorator.py
[2024-07-11T00:09:59.362+0000] {processor.py:830} INFO - Processing file /home/airflow/.local/lib/python3.12/site-packages/airflow/example_dags/example_task_group_decorator.py for tasks to queue
[2024-07-11T00:09:59.364+0000] {logging_mixin.py:188} INFO - [2024-07-11T00:09:59.363+0000] {dagbag.py:545} INFO - Filling up the DagBag from /home/airflow/.local/lib/python3.12/site-packages/airflow/example_dags/example_task_group_decorator.py
[2024-07-11T00:09:59.411+0000] {processor.py:840} INFO - DAG(s) 'example_task_group_decorator' retrieved from /home/airflow/.local/lib/python3.12/site-packages/airflow/example_dags/example_task_group_decorator.py
[2024-07-11T00:09:59.516+0000] {logging_mixin.py:188} INFO - [2024-07-11T00:09:59.516+0000] {dag.py:3096} INFO - Sync 1 DAGs
[2024-07-11T00:09:59.567+0000] {logging_mixin.py:188} INFO - [2024-07-11T00:09:59.567+0000] {dag.py:3954} INFO - Setting next_dagrun for example_task_group_decorator to 2024-07-10 00:00:00+00:00, run_after=2024-07-11 00:00:00+00:00
[2024-07-11T00:09:59.612+0000] {processor.py:183} INFO - Processing /home/airflow/.local/lib/python3.12/site-packages/airflow/example_dags/example_task_group_decorator.py took 0.269 seconds
[2024-07-11T00:10:29.910+0000] {processor.py:161} INFO - Started process (PID=5203) to work on /home/airflow/.local/lib/python3.12/site-packages/airflow/example_dags/example_task_group_decorator.py
[2024-07-11T00:10:29.912+0000] {processor.py:830} INFO - Processing file /home/airflow/.local/lib/python3.12/site-packages/airflow/example_dags/example_task_group_decorator.py for tasks to queue
[2024-07-11T00:10:29.914+0000] {logging_mixin.py:188} INFO - [2024-07-11T00:10:29.914+0000] {dagbag.py:545} INFO - Filling up the DagBag from /home/airflow/.local/lib/python3.12/site-packages/airflow/example_dags/example_task_group_decorator.py
[2024-07-11T00:10:29.950+0000] {processor.py:840} INFO - DAG(s) 'example_task_group_decorator' retrieved from /home/airflow/.local/lib/python3.12/site-packages/airflow/example_dags/example_task_group_decorator.py
[2024-07-11T00:10:30.012+0000] {logging_mixin.py:188} INFO - [2024-07-11T00:10:30.012+0000] {dag.py:3096} INFO - Sync 1 DAGs
[2024-07-11T00:10:30.064+0000] {logging_mixin.py:188} INFO - [2024-07-11T00:10:30.063+0000] {dag.py:3954} INFO - Setting next_dagrun for example_task_group_decorator to 2024-07-10 00:00:00+00:00, run_after=2024-07-11 00:00:00+00:00
[2024-07-11T00:10:30.102+0000] {processor.py:183} INFO - Processing /home/airflow/.local/lib/python3.12/site-packages/airflow/example_dags/example_task_group_decorator.py took 0.211 seconds
[2024-07-11T00:11:00.791+0000] {processor.py:161} INFO - Started process (PID=5263) to work on /home/airflow/.local/lib/python3.12/site-packages/airflow/example_dags/example_task_group_decorator.py
[2024-07-11T00:11:00.792+0000] {processor.py:830} INFO - Processing file /home/airflow/.local/lib/python3.12/site-packages/airflow/example_dags/example_task_group_decorator.py for tasks to queue
[2024-07-11T00:11:00.794+0000] {logging_mixin.py:188} INFO - [2024-07-11T00:11:00.794+0000] {dagbag.py:545} INFO - Filling up the DagBag from /home/airflow/.local/lib/python3.12/site-packages/airflow/example_dags/example_task_group_decorator.py
[2024-07-11T00:11:00.821+0000] {processor.py:840} INFO - DAG(s) 'example_task_group_decorator' retrieved from /home/airflow/.local/lib/python3.12/site-packages/airflow/example_dags/example_task_group_decorator.py
[2024-07-11T00:11:00.863+0000] {logging_mixin.py:188} INFO - [2024-07-11T00:11:00.862+0000] {dag.py:3096} INFO - Sync 1 DAGs
[2024-07-11T00:11:00.893+0000] {logging_mixin.py:188} INFO - [2024-07-11T00:11:00.892+0000] {dag.py:3954} INFO - Setting next_dagrun for example_task_group_decorator to 2024-07-10 00:00:00+00:00, run_after=2024-07-11 00:00:00+00:00
[2024-07-11T00:11:00.920+0000] {processor.py:183} INFO - Processing /home/airflow/.local/lib/python3.12/site-packages/airflow/example_dags/example_task_group_decorator.py took 0.141 seconds
[2024-07-11T00:11:31.949+0000] {processor.py:161} INFO - Started process (PID=5323) to work on /home/airflow/.local/lib/python3.12/site-packages/airflow/example_dags/example_task_group_decorator.py
[2024-07-11T00:11:31.951+0000] {processor.py:830} INFO - Processing file /home/airflow/.local/lib/python3.12/site-packages/airflow/example_dags/example_task_group_decorator.py for tasks to queue
[2024-07-11T00:11:31.953+0000] {logging_mixin.py:188} INFO - [2024-07-11T00:11:31.952+0000] {dagbag.py:545} INFO - Filling up the DagBag from /home/airflow/.local/lib/python3.12/site-packages/airflow/example_dags/example_task_group_decorator.py
[2024-07-11T00:11:32.009+0000] {processor.py:840} INFO - DAG(s) 'example_task_group_decorator' retrieved from /home/airflow/.local/lib/python3.12/site-packages/airflow/example_dags/example_task_group_decorator.py
[2024-07-11T00:11:32.066+0000] {logging_mixin.py:188} INFO - [2024-07-11T00:11:32.066+0000] {dag.py:3096} INFO - Sync 1 DAGs
[2024-07-11T00:11:32.102+0000] {logging_mixin.py:188} INFO - [2024-07-11T00:11:32.101+0000] {dag.py:3954} INFO - Setting next_dagrun for example_task_group_decorator to 2024-07-10 00:00:00+00:00, run_after=2024-07-11 00:00:00+00:00
[2024-07-11T00:11:32.135+0000] {processor.py:183} INFO - Processing /home/airflow/.local/lib/python3.12/site-packages/airflow/example_dags/example_task_group_decorator.py took 0.200 seconds
[2024-07-11T00:12:02.783+0000] {processor.py:161} INFO - Started process (PID=5383) to work on /home/airflow/.local/lib/python3.12/site-packages/airflow/example_dags/example_task_group_decorator.py
[2024-07-11T00:12:02.800+0000] {processor.py:830} INFO - Processing file /home/airflow/.local/lib/python3.12/site-packages/airflow/example_dags/example_task_group_decorator.py for tasks to queue
[2024-07-11T00:12:02.804+0000] {logging_mixin.py:188} INFO - [2024-07-11T00:12:02.802+0000] {dagbag.py:545} INFO - Filling up the DagBag from /home/airflow/.local/lib/python3.12/site-packages/airflow/example_dags/example_task_group_decorator.py
[2024-07-11T00:12:02.856+0000] {processor.py:840} INFO - DAG(s) 'example_task_group_decorator' retrieved from /home/airflow/.local/lib/python3.12/site-packages/airflow/example_dags/example_task_group_decorator.py
[2024-07-11T00:12:02.924+0000] {logging_mixin.py:188} INFO - [2024-07-11T00:12:02.924+0000] {dag.py:3096} INFO - Sync 1 DAGs
[2024-07-11T00:12:02.974+0000] {logging_mixin.py:188} INFO - [2024-07-11T00:12:02.974+0000] {dag.py:3954} INFO - Setting next_dagrun for example_task_group_decorator to 2024-07-10 00:00:00+00:00, run_after=2024-07-11 00:00:00+00:00
[2024-07-11T00:12:03.051+0000] {processor.py:183} INFO - Processing /home/airflow/.local/lib/python3.12/site-packages/airflow/example_dags/example_task_group_decorator.py took 0.290 seconds
[2024-07-11T00:12:33.148+0000] {processor.py:161} INFO - Started process (PID=5442) to work on /home/airflow/.local/lib/python3.12/site-packages/airflow/example_dags/example_task_group_decorator.py
[2024-07-11T00:12:33.150+0000] {processor.py:830} INFO - Processing file /home/airflow/.local/lib/python3.12/site-packages/airflow/example_dags/example_task_group_decorator.py for tasks to queue
[2024-07-11T00:12:33.153+0000] {logging_mixin.py:188} INFO - [2024-07-11T00:12:33.152+0000] {dagbag.py:545} INFO - Filling up the DagBag from /home/airflow/.local/lib/python3.12/site-packages/airflow/example_dags/example_task_group_decorator.py
[2024-07-11T00:12:33.186+0000] {processor.py:840} INFO - DAG(s) 'example_task_group_decorator' retrieved from /home/airflow/.local/lib/python3.12/site-packages/airflow/example_dags/example_task_group_decorator.py
[2024-07-11T00:12:33.228+0000] {logging_mixin.py:188} INFO - [2024-07-11T00:12:33.227+0000] {dag.py:3096} INFO - Sync 1 DAGs
[2024-07-11T00:12:33.261+0000] {logging_mixin.py:188} INFO - [2024-07-11T00:12:33.261+0000] {dag.py:3954} INFO - Setting next_dagrun for example_task_group_decorator to 2024-07-10 00:00:00+00:00, run_after=2024-07-11 00:00:00+00:00
[2024-07-11T00:12:33.291+0000] {processor.py:183} INFO - Processing /home/airflow/.local/lib/python3.12/site-packages/airflow/example_dags/example_task_group_decorator.py took 0.158 seconds
[2024-07-11T00:13:03.988+0000] {processor.py:161} INFO - Started process (PID=5503) to work on /home/airflow/.local/lib/python3.12/site-packages/airflow/example_dags/example_task_group_decorator.py
[2024-07-11T00:13:03.992+0000] {processor.py:830} INFO - Processing file /home/airflow/.local/lib/python3.12/site-packages/airflow/example_dags/example_task_group_decorator.py for tasks to queue
[2024-07-11T00:13:04.003+0000] {logging_mixin.py:188} INFO - [2024-07-11T00:13:04.002+0000] {dagbag.py:545} INFO - Filling up the DagBag from /home/airflow/.local/lib/python3.12/site-packages/airflow/example_dags/example_task_group_decorator.py
[2024-07-11T00:13:04.048+0000] {processor.py:840} INFO - DAG(s) 'example_task_group_decorator' retrieved from /home/airflow/.local/lib/python3.12/site-packages/airflow/example_dags/example_task_group_decorator.py
[2024-07-11T00:13:04.121+0000] {logging_mixin.py:188} INFO - [2024-07-11T00:13:04.120+0000] {dag.py:3096} INFO - Sync 1 DAGs
[2024-07-11T00:13:04.175+0000] {logging_mixin.py:188} INFO - [2024-07-11T00:13:04.174+0000] {dag.py:3954} INFO - Setting next_dagrun for example_task_group_decorator to 2024-07-10 00:00:00+00:00, run_after=2024-07-11 00:00:00+00:00
[2024-07-11T00:13:04.221+0000] {processor.py:183} INFO - Processing /home/airflow/.local/lib/python3.12/site-packages/airflow/example_dags/example_task_group_decorator.py took 0.252 seconds
[2024-07-11T00:13:34.397+0000] {processor.py:161} INFO - Started process (PID=5562) to work on /home/airflow/.local/lib/python3.12/site-packages/airflow/example_dags/example_task_group_decorator.py
[2024-07-11T00:13:34.400+0000] {processor.py:830} INFO - Processing file /home/airflow/.local/lib/python3.12/site-packages/airflow/example_dags/example_task_group_decorator.py for tasks to queue
[2024-07-11T00:13:34.402+0000] {logging_mixin.py:188} INFO - [2024-07-11T00:13:34.401+0000] {dagbag.py:545} INFO - Filling up the DagBag from /home/airflow/.local/lib/python3.12/site-packages/airflow/example_dags/example_task_group_decorator.py
[2024-07-11T00:13:34.497+0000] {processor.py:840} INFO - DAG(s) 'example_task_group_decorator' retrieved from /home/airflow/.local/lib/python3.12/site-packages/airflow/example_dags/example_task_group_decorator.py
[2024-07-11T00:13:34.606+0000] {logging_mixin.py:188} INFO - [2024-07-11T00:13:34.605+0000] {dag.py:3096} INFO - Sync 1 DAGs
[2024-07-11T00:13:34.678+0000] {logging_mixin.py:188} INFO - [2024-07-11T00:13:34.678+0000] {dag.py:3954} INFO - Setting next_dagrun for example_task_group_decorator to 2024-07-10 00:00:00+00:00, run_after=2024-07-11 00:00:00+00:00
[2024-07-11T00:13:34.729+0000] {processor.py:183} INFO - Processing /home/airflow/.local/lib/python3.12/site-packages/airflow/example_dags/example_task_group_decorator.py took 0.351 seconds
[2024-07-11T00:14:05.487+0000] {processor.py:161} INFO - Started process (PID=5622) to work on /home/airflow/.local/lib/python3.12/site-packages/airflow/example_dags/example_task_group_decorator.py
[2024-07-11T00:14:05.489+0000] {processor.py:830} INFO - Processing file /home/airflow/.local/lib/python3.12/site-packages/airflow/example_dags/example_task_group_decorator.py for tasks to queue
[2024-07-11T00:14:05.492+0000] {logging_mixin.py:188} INFO - [2024-07-11T00:14:05.491+0000] {dagbag.py:545} INFO - Filling up the DagBag from /home/airflow/.local/lib/python3.12/site-packages/airflow/example_dags/example_task_group_decorator.py
[2024-07-11T00:14:05.541+0000] {processor.py:840} INFO - DAG(s) 'example_task_group_decorator' retrieved from /home/airflow/.local/lib/python3.12/site-packages/airflow/example_dags/example_task_group_decorator.py
[2024-07-11T00:14:05.629+0000] {logging_mixin.py:188} INFO - [2024-07-11T00:14:05.628+0000] {dag.py:3096} INFO - Sync 1 DAGs
[2024-07-11T00:14:05.711+0000] {logging_mixin.py:188} INFO - [2024-07-11T00:14:05.711+0000] {dag.py:3954} INFO - Setting next_dagrun for example_task_group_decorator to 2024-07-10 00:00:00+00:00, run_after=2024-07-11 00:00:00+00:00
[2024-07-11T00:14:05.810+0000] {processor.py:183} INFO - Processing /home/airflow/.local/lib/python3.12/site-packages/airflow/example_dags/example_task_group_decorator.py took 0.340 seconds
[2024-07-11T00:14:36.000+0000] {processor.py:161} INFO - Started process (PID=5682) to work on /home/airflow/.local/lib/python3.12/site-packages/airflow/example_dags/example_task_group_decorator.py
[2024-07-11T00:14:36.002+0000] {processor.py:830} INFO - Processing file /home/airflow/.local/lib/python3.12/site-packages/airflow/example_dags/example_task_group_decorator.py for tasks to queue
[2024-07-11T00:14:36.005+0000] {logging_mixin.py:188} INFO - [2024-07-11T00:14:36.004+0000] {dagbag.py:545} INFO - Filling up the DagBag from /home/airflow/.local/lib/python3.12/site-packages/airflow/example_dags/example_task_group_decorator.py
[2024-07-11T00:14:36.043+0000] {processor.py:840} INFO - DAG(s) 'example_task_group_decorator' retrieved from /home/airflow/.local/lib/python3.12/site-packages/airflow/example_dags/example_task_group_decorator.py
[2024-07-11T00:14:36.119+0000] {logging_mixin.py:188} INFO - [2024-07-11T00:14:36.119+0000] {dag.py:3096} INFO - Sync 1 DAGs
[2024-07-11T00:14:36.167+0000] {logging_mixin.py:188} INFO - [2024-07-11T00:14:36.167+0000] {dag.py:3954} INFO - Setting next_dagrun for example_task_group_decorator to 2024-07-10 00:00:00+00:00, run_after=2024-07-11 00:00:00+00:00
[2024-07-11T00:14:36.216+0000] {processor.py:183} INFO - Processing /home/airflow/.local/lib/python3.12/site-packages/airflow/example_dags/example_task_group_decorator.py took 0.232 seconds
[2024-07-11T00:15:06.537+0000] {processor.py:161} INFO - Started process (PID=5742) to work on /home/airflow/.local/lib/python3.12/site-packages/airflow/example_dags/example_task_group_decorator.py
[2024-07-11T00:15:06.539+0000] {processor.py:830} INFO - Processing file /home/airflow/.local/lib/python3.12/site-packages/airflow/example_dags/example_task_group_decorator.py for tasks to queue
[2024-07-11T00:15:06.542+0000] {logging_mixin.py:188} INFO - [2024-07-11T00:15:06.541+0000] {dagbag.py:545} INFO - Filling up the DagBag from /home/airflow/.local/lib/python3.12/site-packages/airflow/example_dags/example_task_group_decorator.py
[2024-07-11T00:15:06.576+0000] {processor.py:840} INFO - DAG(s) 'example_task_group_decorator' retrieved from /home/airflow/.local/lib/python3.12/site-packages/airflow/example_dags/example_task_group_decorator.py
[2024-07-11T00:15:06.639+0000] {logging_mixin.py:188} INFO - [2024-07-11T00:15:06.638+0000] {dag.py:3096} INFO - Sync 1 DAGs
[2024-07-11T00:15:06.701+0000] {logging_mixin.py:188} INFO - [2024-07-11T00:15:06.701+0000] {dag.py:3954} INFO - Setting next_dagrun for example_task_group_decorator to 2024-07-10 00:00:00+00:00, run_after=2024-07-11 00:00:00+00:00
[2024-07-11T00:15:06.817+0000] {processor.py:183} INFO - Processing /home/airflow/.local/lib/python3.12/site-packages/airflow/example_dags/example_task_group_decorator.py took 0.295 seconds
[2024-07-11T00:15:38.052+0000] {processor.py:161} INFO - Started process (PID=5800) to work on /home/airflow/.local/lib/python3.12/site-packages/airflow/example_dags/example_task_group_decorator.py
[2024-07-11T00:15:38.056+0000] {processor.py:830} INFO - Processing file /home/airflow/.local/lib/python3.12/site-packages/airflow/example_dags/example_task_group_decorator.py for tasks to queue
[2024-07-11T00:15:38.062+0000] {logging_mixin.py:188} INFO - [2024-07-11T00:15:38.062+0000] {dagbag.py:545} INFO - Filling up the DagBag from /home/airflow/.local/lib/python3.12/site-packages/airflow/example_dags/example_task_group_decorator.py
[2024-07-11T00:15:38.106+0000] {processor.py:840} INFO - DAG(s) 'example_task_group_decorator' retrieved from /home/airflow/.local/lib/python3.12/site-packages/airflow/example_dags/example_task_group_decorator.py
[2024-07-11T00:15:38.185+0000] {logging_mixin.py:188} INFO - [2024-07-11T00:15:38.185+0000] {dag.py:3096} INFO - Sync 1 DAGs
[2024-07-11T00:15:38.236+0000] {logging_mixin.py:188} INFO - [2024-07-11T00:15:38.236+0000] {dag.py:3954} INFO - Setting next_dagrun for example_task_group_decorator to 2024-07-10 00:00:00+00:00, run_after=2024-07-11 00:00:00+00:00
[2024-07-11T00:15:38.334+0000] {processor.py:183} INFO - Processing /home/airflow/.local/lib/python3.12/site-packages/airflow/example_dags/example_task_group_decorator.py took 0.297 seconds
[2024-07-11T00:16:08.427+0000] {processor.py:161} INFO - Started process (PID=5860) to work on /home/airflow/.local/lib/python3.12/site-packages/airflow/example_dags/example_task_group_decorator.py
[2024-07-11T00:16:08.429+0000] {processor.py:830} INFO - Processing file /home/airflow/.local/lib/python3.12/site-packages/airflow/example_dags/example_task_group_decorator.py for tasks to queue
[2024-07-11T00:16:08.431+0000] {logging_mixin.py:188} INFO - [2024-07-11T00:16:08.430+0000] {dagbag.py:545} INFO - Filling up the DagBag from /home/airflow/.local/lib/python3.12/site-packages/airflow/example_dags/example_task_group_decorator.py
[2024-07-11T00:16:08.460+0000] {processor.py:840} INFO - DAG(s) 'example_task_group_decorator' retrieved from /home/airflow/.local/lib/python3.12/site-packages/airflow/example_dags/example_task_group_decorator.py
[2024-07-11T00:16:08.500+0000] {logging_mixin.py:188} INFO - [2024-07-11T00:16:08.499+0000] {dag.py:3096} INFO - Sync 1 DAGs
[2024-07-11T00:16:08.531+0000] {logging_mixin.py:188} INFO - [2024-07-11T00:16:08.531+0000] {dag.py:3954} INFO - Setting next_dagrun for example_task_group_decorator to 2024-07-10 00:00:00+00:00, run_after=2024-07-11 00:00:00+00:00
[2024-07-11T00:16:08.560+0000] {processor.py:183} INFO - Processing /home/airflow/.local/lib/python3.12/site-packages/airflow/example_dags/example_task_group_decorator.py took 0.143 seconds
[2024-07-11T00:16:38.825+0000] {processor.py:161} INFO - Started process (PID=5919) to work on /home/airflow/.local/lib/python3.12/site-packages/airflow/example_dags/example_task_group_decorator.py
[2024-07-11T00:16:38.828+0000] {processor.py:830} INFO - Processing file /home/airflow/.local/lib/python3.12/site-packages/airflow/example_dags/example_task_group_decorator.py for tasks to queue
[2024-07-11T00:16:38.830+0000] {logging_mixin.py:188} INFO - [2024-07-11T00:16:38.830+0000] {dagbag.py:545} INFO - Filling up the DagBag from /home/airflow/.local/lib/python3.12/site-packages/airflow/example_dags/example_task_group_decorator.py
[2024-07-11T00:16:38.873+0000] {processor.py:840} INFO - DAG(s) 'example_task_group_decorator' retrieved from /home/airflow/.local/lib/python3.12/site-packages/airflow/example_dags/example_task_group_decorator.py
[2024-07-11T00:16:38.943+0000] {logging_mixin.py:188} INFO - [2024-07-11T00:16:38.942+0000] {dag.py:3096} INFO - Sync 1 DAGs
[2024-07-11T00:16:38.991+0000] {logging_mixin.py:188} INFO - [2024-07-11T00:16:38.991+0000] {dag.py:3954} INFO - Setting next_dagrun for example_task_group_decorator to 2024-07-10 00:00:00+00:00, run_after=2024-07-11 00:00:00+00:00
[2024-07-11T00:16:39.035+0000] {processor.py:183} INFO - Processing /home/airflow/.local/lib/python3.12/site-packages/airflow/example_dags/example_task_group_decorator.py took 0.226 seconds
[2024-07-11T00:17:09.992+0000] {processor.py:161} INFO - Started process (PID=5979) to work on /home/airflow/.local/lib/python3.12/site-packages/airflow/example_dags/example_task_group_decorator.py
[2024-07-11T00:17:09.999+0000] {processor.py:830} INFO - Processing file /home/airflow/.local/lib/python3.12/site-packages/airflow/example_dags/example_task_group_decorator.py for tasks to queue
[2024-07-11T00:17:10.011+0000] {logging_mixin.py:188} INFO - [2024-07-11T00:17:10.011+0000] {dagbag.py:545} INFO - Filling up the DagBag from /home/airflow/.local/lib/python3.12/site-packages/airflow/example_dags/example_task_group_decorator.py
[2024-07-11T00:17:10.123+0000] {processor.py:840} INFO - DAG(s) 'example_task_group_decorator' retrieved from /home/airflow/.local/lib/python3.12/site-packages/airflow/example_dags/example_task_group_decorator.py
[2024-07-11T00:17:10.349+0000] {logging_mixin.py:188} INFO - [2024-07-11T00:17:10.347+0000] {dag.py:3096} INFO - Sync 1 DAGs
[2024-07-11T00:17:10.596+0000] {logging_mixin.py:188} INFO - [2024-07-11T00:17:10.596+0000] {dag.py:3954} INFO - Setting next_dagrun for example_task_group_decorator to 2024-07-10 00:00:00+00:00, run_after=2024-07-11 00:00:00+00:00
[2024-07-11T00:17:10.994+0000] {processor.py:183} INFO - Processing /home/airflow/.local/lib/python3.12/site-packages/airflow/example_dags/example_task_group_decorator.py took 1.079 seconds
[2024-07-11T00:17:41.391+0000] {processor.py:161} INFO - Started process (PID=6039) to work on /home/airflow/.local/lib/python3.12/site-packages/airflow/example_dags/example_task_group_decorator.py
[2024-07-11T00:17:41.393+0000] {processor.py:830} INFO - Processing file /home/airflow/.local/lib/python3.12/site-packages/airflow/example_dags/example_task_group_decorator.py for tasks to queue
[2024-07-11T00:17:41.396+0000] {logging_mixin.py:188} INFO - [2024-07-11T00:17:41.395+0000] {dagbag.py:545} INFO - Filling up the DagBag from /home/airflow/.local/lib/python3.12/site-packages/airflow/example_dags/example_task_group_decorator.py
[2024-07-11T00:17:41.463+0000] {processor.py:840} INFO - DAG(s) 'example_task_group_decorator' retrieved from /home/airflow/.local/lib/python3.12/site-packages/airflow/example_dags/example_task_group_decorator.py
[2024-07-11T00:17:41.535+0000] {logging_mixin.py:188} INFO - [2024-07-11T00:17:41.534+0000] {dag.py:3096} INFO - Sync 1 DAGs
[2024-07-11T00:17:41.578+0000] {logging_mixin.py:188} INFO - [2024-07-11T00:17:41.578+0000] {dag.py:3954} INFO - Setting next_dagrun for example_task_group_decorator to 2024-07-10 00:00:00+00:00, run_after=2024-07-11 00:00:00+00:00
[2024-07-11T00:17:41.628+0000] {processor.py:183} INFO - Processing /home/airflow/.local/lib/python3.12/site-packages/airflow/example_dags/example_task_group_decorator.py took 0.280 seconds
[2024-07-11T00:18:12.046+0000] {processor.py:161} INFO - Started process (PID=6099) to work on /home/airflow/.local/lib/python3.12/site-packages/airflow/example_dags/example_task_group_decorator.py
[2024-07-11T00:18:12.048+0000] {processor.py:830} INFO - Processing file /home/airflow/.local/lib/python3.12/site-packages/airflow/example_dags/example_task_group_decorator.py for tasks to queue
[2024-07-11T00:18:12.051+0000] {logging_mixin.py:188} INFO - [2024-07-11T00:18:12.050+0000] {dagbag.py:545} INFO - Filling up the DagBag from /home/airflow/.local/lib/python3.12/site-packages/airflow/example_dags/example_task_group_decorator.py
[2024-07-11T00:18:12.092+0000] {processor.py:840} INFO - DAG(s) 'example_task_group_decorator' retrieved from /home/airflow/.local/lib/python3.12/site-packages/airflow/example_dags/example_task_group_decorator.py
[2024-07-11T00:18:12.181+0000] {logging_mixin.py:188} INFO - [2024-07-11T00:18:12.181+0000] {dag.py:3096} INFO - Sync 1 DAGs
[2024-07-11T00:18:12.261+0000] {logging_mixin.py:188} INFO - [2024-07-11T00:18:12.250+0000] {dag.py:3954} INFO - Setting next_dagrun for example_task_group_decorator to 2024-07-10 00:00:00+00:00, run_after=2024-07-11 00:00:00+00:00
[2024-07-11T00:18:12.339+0000] {processor.py:183} INFO - Processing /home/airflow/.local/lib/python3.12/site-packages/airflow/example_dags/example_task_group_decorator.py took 0.307 seconds
[2024-07-11T00:18:42.528+0000] {processor.py:161} INFO - Started process (PID=6158) to work on /home/airflow/.local/lib/python3.12/site-packages/airflow/example_dags/example_task_group_decorator.py
[2024-07-11T00:18:42.530+0000] {processor.py:830} INFO - Processing file /home/airflow/.local/lib/python3.12/site-packages/airflow/example_dags/example_task_group_decorator.py for tasks to queue
[2024-07-11T00:18:42.532+0000] {logging_mixin.py:188} INFO - [2024-07-11T00:18:42.531+0000] {dagbag.py:545} INFO - Filling up the DagBag from /home/airflow/.local/lib/python3.12/site-packages/airflow/example_dags/example_task_group_decorator.py
[2024-07-11T00:18:42.569+0000] {processor.py:840} INFO - DAG(s) 'example_task_group_decorator' retrieved from /home/airflow/.local/lib/python3.12/site-packages/airflow/example_dags/example_task_group_decorator.py
[2024-07-11T00:18:42.635+0000] {logging_mixin.py:188} INFO - [2024-07-11T00:18:42.634+0000] {dag.py:3096} INFO - Sync 1 DAGs
[2024-07-11T00:18:42.685+0000] {logging_mixin.py:188} INFO - [2024-07-11T00:18:42.685+0000] {dag.py:3954} INFO - Setting next_dagrun for example_task_group_decorator to 2024-07-10 00:00:00+00:00, run_after=2024-07-11 00:00:00+00:00
[2024-07-11T00:18:42.735+0000] {processor.py:183} INFO - Processing /home/airflow/.local/lib/python3.12/site-packages/airflow/example_dags/example_task_group_decorator.py took 0.217 seconds
[2024-07-11T00:19:13.382+0000] {processor.py:161} INFO - Started process (PID=6218) to work on /home/airflow/.local/lib/python3.12/site-packages/airflow/example_dags/example_task_group_decorator.py
[2024-07-11T00:19:13.384+0000] {processor.py:830} INFO - Processing file /home/airflow/.local/lib/python3.12/site-packages/airflow/example_dags/example_task_group_decorator.py for tasks to queue
[2024-07-11T00:19:13.386+0000] {logging_mixin.py:188} INFO - [2024-07-11T00:19:13.385+0000] {dagbag.py:545} INFO - Filling up the DagBag from /home/airflow/.local/lib/python3.12/site-packages/airflow/example_dags/example_task_group_decorator.py
[2024-07-11T00:19:13.411+0000] {processor.py:840} INFO - DAG(s) 'example_task_group_decorator' retrieved from /home/airflow/.local/lib/python3.12/site-packages/airflow/example_dags/example_task_group_decorator.py
[2024-07-11T00:19:13.470+0000] {logging_mixin.py:188} INFO - [2024-07-11T00:19:13.469+0000] {dag.py:3096} INFO - Sync 1 DAGs
[2024-07-11T00:19:13.514+0000] {logging_mixin.py:188} INFO - [2024-07-11T00:19:13.514+0000] {dag.py:3954} INFO - Setting next_dagrun for example_task_group_decorator to 2024-07-10 00:00:00+00:00, run_after=2024-07-11 00:00:00+00:00
[2024-07-11T00:19:13.561+0000] {processor.py:183} INFO - Processing /home/airflow/.local/lib/python3.12/site-packages/airflow/example_dags/example_task_group_decorator.py took 0.190 seconds
[2024-07-11T00:19:44.066+0000] {processor.py:161} INFO - Started process (PID=6276) to work on /home/airflow/.local/lib/python3.12/site-packages/airflow/example_dags/example_task_group_decorator.py
[2024-07-11T00:19:44.068+0000] {processor.py:830} INFO - Processing file /home/airflow/.local/lib/python3.12/site-packages/airflow/example_dags/example_task_group_decorator.py for tasks to queue
[2024-07-11T00:19:44.071+0000] {logging_mixin.py:188} INFO - [2024-07-11T00:19:44.070+0000] {dagbag.py:545} INFO - Filling up the DagBag from /home/airflow/.local/lib/python3.12/site-packages/airflow/example_dags/example_task_group_decorator.py
[2024-07-11T00:19:44.119+0000] {processor.py:840} INFO - DAG(s) 'example_task_group_decorator' retrieved from /home/airflow/.local/lib/python3.12/site-packages/airflow/example_dags/example_task_group_decorator.py
[2024-07-11T00:19:44.185+0000] {logging_mixin.py:188} INFO - [2024-07-11T00:19:44.184+0000] {dag.py:3096} INFO - Sync 1 DAGs
[2024-07-11T00:19:44.249+0000] {logging_mixin.py:188} INFO - [2024-07-11T00:19:44.249+0000] {dag.py:3954} INFO - Setting next_dagrun for example_task_group_decorator to 2024-07-10 00:00:00+00:00, run_after=2024-07-11 00:00:00+00:00
[2024-07-11T00:19:44.301+0000] {processor.py:183} INFO - Processing /home/airflow/.local/lib/python3.12/site-packages/airflow/example_dags/example_task_group_decorator.py took 0.250 seconds
[2024-07-11T00:20:14.575+0000] {processor.py:161} INFO - Started process (PID=6334) to work on /home/airflow/.local/lib/python3.12/site-packages/airflow/example_dags/example_task_group_decorator.py
[2024-07-11T00:20:14.580+0000] {processor.py:830} INFO - Processing file /home/airflow/.local/lib/python3.12/site-packages/airflow/example_dags/example_task_group_decorator.py for tasks to queue
[2024-07-11T00:20:14.588+0000] {logging_mixin.py:188} INFO - [2024-07-11T00:20:14.587+0000] {dagbag.py:545} INFO - Filling up the DagBag from /home/airflow/.local/lib/python3.12/site-packages/airflow/example_dags/example_task_group_decorator.py
[2024-07-11T00:20:14.659+0000] {processor.py:840} INFO - DAG(s) 'example_task_group_decorator' retrieved from /home/airflow/.local/lib/python3.12/site-packages/airflow/example_dags/example_task_group_decorator.py
[2024-07-11T00:20:14.725+0000] {logging_mixin.py:188} INFO - [2024-07-11T00:20:14.724+0000] {dag.py:3096} INFO - Sync 1 DAGs
[2024-07-11T00:20:14.792+0000] {logging_mixin.py:188} INFO - [2024-07-11T00:20:14.791+0000] {dag.py:3954} INFO - Setting next_dagrun for example_task_group_decorator to 2024-07-10 00:00:00+00:00, run_after=2024-07-11 00:00:00+00:00
[2024-07-11T00:20:14.842+0000] {processor.py:183} INFO - Processing /home/airflow/.local/lib/python3.12/site-packages/airflow/example_dags/example_task_group_decorator.py took 0.301 seconds
[2024-07-11T00:20:47.361+0000] {processor.py:161} INFO - Started process (PID=6394) to work on /home/airflow/.local/lib/python3.12/site-packages/airflow/example_dags/example_task_group_decorator.py
[2024-07-11T00:20:47.365+0000] {processor.py:830} INFO - Processing file /home/airflow/.local/lib/python3.12/site-packages/airflow/example_dags/example_task_group_decorator.py for tasks to queue
[2024-07-11T00:20:47.376+0000] {logging_mixin.py:188} INFO - [2024-07-11T00:20:47.372+0000] {dagbag.py:545} INFO - Filling up the DagBag from /home/airflow/.local/lib/python3.12/site-packages/airflow/example_dags/example_task_group_decorator.py
[2024-07-11T00:20:47.510+0000] {processor.py:840} INFO - DAG(s) 'example_task_group_decorator' retrieved from /home/airflow/.local/lib/python3.12/site-packages/airflow/example_dags/example_task_group_decorator.py
[2024-07-11T00:20:47.726+0000] {logging_mixin.py:188} INFO - [2024-07-11T00:20:47.726+0000] {dag.py:3096} INFO - Sync 1 DAGs
[2024-07-11T00:20:47.821+0000] {logging_mixin.py:188} INFO - [2024-07-11T00:20:47.821+0000] {dag.py:3954} INFO - Setting next_dagrun for example_task_group_decorator to 2024-07-10 00:00:00+00:00, run_after=2024-07-11 00:00:00+00:00
[2024-07-11T00:20:47.931+0000] {processor.py:183} INFO - Processing /home/airflow/.local/lib/python3.12/site-packages/airflow/example_dags/example_task_group_decorator.py took 0.615 seconds
[2024-07-11T00:21:18.289+0000] {processor.py:161} INFO - Started process (PID=6454) to work on /home/airflow/.local/lib/python3.12/site-packages/airflow/example_dags/example_task_group_decorator.py
[2024-07-11T00:21:18.293+0000] {processor.py:830} INFO - Processing file /home/airflow/.local/lib/python3.12/site-packages/airflow/example_dags/example_task_group_decorator.py for tasks to queue
[2024-07-11T00:21:18.296+0000] {logging_mixin.py:188} INFO - [2024-07-11T00:21:18.295+0000] {dagbag.py:545} INFO - Filling up the DagBag from /home/airflow/.local/lib/python3.12/site-packages/airflow/example_dags/example_task_group_decorator.py
[2024-07-11T00:21:18.331+0000] {processor.py:840} INFO - DAG(s) 'example_task_group_decorator' retrieved from /home/airflow/.local/lib/python3.12/site-packages/airflow/example_dags/example_task_group_decorator.py
[2024-07-11T00:21:18.419+0000] {logging_mixin.py:188} INFO - [2024-07-11T00:21:18.418+0000] {dag.py:3096} INFO - Sync 1 DAGs
[2024-07-11T00:21:18.466+0000] {logging_mixin.py:188} INFO - [2024-07-11T00:21:18.466+0000] {dag.py:3954} INFO - Setting next_dagrun for example_task_group_decorator to 2024-07-10 00:00:00+00:00, run_after=2024-07-11 00:00:00+00:00
[2024-07-11T00:21:18.538+0000] {processor.py:183} INFO - Processing /home/airflow/.local/lib/python3.12/site-packages/airflow/example_dags/example_task_group_decorator.py took 0.261 seconds
[2024-07-11T00:21:48.790+0000] {processor.py:161} INFO - Started process (PID=6514) to work on /home/airflow/.local/lib/python3.12/site-packages/airflow/example_dags/example_task_group_decorator.py
[2024-07-11T00:21:48.796+0000] {processor.py:830} INFO - Processing file /home/airflow/.local/lib/python3.12/site-packages/airflow/example_dags/example_task_group_decorator.py for tasks to queue
[2024-07-11T00:21:48.807+0000] {logging_mixin.py:188} INFO - [2024-07-11T00:21:48.805+0000] {dagbag.py:545} INFO - Filling up the DagBag from /home/airflow/.local/lib/python3.12/site-packages/airflow/example_dags/example_task_group_decorator.py
[2024-07-11T00:21:48.854+0000] {processor.py:840} INFO - DAG(s) 'example_task_group_decorator' retrieved from /home/airflow/.local/lib/python3.12/site-packages/airflow/example_dags/example_task_group_decorator.py
[2024-07-11T00:21:48.940+0000] {logging_mixin.py:188} INFO - [2024-07-11T00:21:48.940+0000] {dag.py:3096} INFO - Sync 1 DAGs
[2024-07-11T00:21:49.023+0000] {logging_mixin.py:188} INFO - [2024-07-11T00:21:49.023+0000] {dag.py:3954} INFO - Setting next_dagrun for example_task_group_decorator to 2024-07-10 00:00:00+00:00, run_after=2024-07-11 00:00:00+00:00
[2024-07-11T00:21:49.130+0000] {processor.py:183} INFO - Processing /home/airflow/.local/lib/python3.12/site-packages/airflow/example_dags/example_task_group_decorator.py took 0.360 seconds
[2024-07-11T00:22:20.182+0000] {processor.py:161} INFO - Started process (PID=6580) to work on /home/airflow/.local/lib/python3.12/site-packages/airflow/example_dags/example_task_group_decorator.py
[2024-07-11T00:22:20.185+0000] {processor.py:830} INFO - Processing file /home/airflow/.local/lib/python3.12/site-packages/airflow/example_dags/example_task_group_decorator.py for tasks to queue
[2024-07-11T00:22:20.187+0000] {logging_mixin.py:188} INFO - [2024-07-11T00:22:20.187+0000] {dagbag.py:545} INFO - Filling up the DagBag from /home/airflow/.local/lib/python3.12/site-packages/airflow/example_dags/example_task_group_decorator.py
[2024-07-11T00:22:20.222+0000] {processor.py:840} INFO - DAG(s) 'example_task_group_decorator' retrieved from /home/airflow/.local/lib/python3.12/site-packages/airflow/example_dags/example_task_group_decorator.py
[2024-07-11T00:22:20.271+0000] {logging_mixin.py:188} INFO - [2024-07-11T00:22:20.271+0000] {dag.py:3096} INFO - Sync 1 DAGs
[2024-07-11T00:22:20.318+0000] {logging_mixin.py:188} INFO - [2024-07-11T00:22:20.318+0000] {dag.py:3954} INFO - Setting next_dagrun for example_task_group_decorator to 2024-07-10 00:00:00+00:00, run_after=2024-07-11 00:00:00+00:00
[2024-07-11T00:22:20.363+0000] {processor.py:183} INFO - Processing /home/airflow/.local/lib/python3.12/site-packages/airflow/example_dags/example_task_group_decorator.py took 0.193 seconds
[2024-07-11T00:22:50.927+0000] {processor.py:161} INFO - Started process (PID=6640) to work on /home/airflow/.local/lib/python3.12/site-packages/airflow/example_dags/example_task_group_decorator.py
[2024-07-11T00:22:50.931+0000] {processor.py:830} INFO - Processing file /home/airflow/.local/lib/python3.12/site-packages/airflow/example_dags/example_task_group_decorator.py for tasks to queue
[2024-07-11T00:22:50.947+0000] {logging_mixin.py:188} INFO - [2024-07-11T00:22:50.939+0000] {dagbag.py:545} INFO - Filling up the DagBag from /home/airflow/.local/lib/python3.12/site-packages/airflow/example_dags/example_task_group_decorator.py
[2024-07-11T00:22:51.053+0000] {processor.py:840} INFO - DAG(s) 'example_task_group_decorator' retrieved from /home/airflow/.local/lib/python3.12/site-packages/airflow/example_dags/example_task_group_decorator.py
[2024-07-11T00:22:51.370+0000] {logging_mixin.py:188} INFO - [2024-07-11T00:22:51.368+0000] {dag.py:3096} INFO - Sync 1 DAGs
[2024-07-11T00:22:51.639+0000] {logging_mixin.py:188} INFO - [2024-07-11T00:22:51.637+0000] {dag.py:3954} INFO - Setting next_dagrun for example_task_group_decorator to 2024-07-10 00:00:00+00:00, run_after=2024-07-11 00:00:00+00:00
[2024-07-11T00:22:51.823+0000] {processor.py:183} INFO - Processing /home/airflow/.local/lib/python3.12/site-packages/airflow/example_dags/example_task_group_decorator.py took 0.945 seconds
[2024-07-11T00:23:22.551+0000] {processor.py:161} INFO - Started process (PID=6699) to work on /home/airflow/.local/lib/python3.12/site-packages/airflow/example_dags/example_task_group_decorator.py
[2024-07-11T00:23:22.566+0000] {processor.py:830} INFO - Processing file /home/airflow/.local/lib/python3.12/site-packages/airflow/example_dags/example_task_group_decorator.py for tasks to queue
[2024-07-11T00:23:22.577+0000] {logging_mixin.py:188} INFO - [2024-07-11T00:23:22.569+0000] {dagbag.py:545} INFO - Filling up the DagBag from /home/airflow/.local/lib/python3.12/site-packages/airflow/example_dags/example_task_group_decorator.py
[2024-07-11T00:23:22.666+0000] {processor.py:840} INFO - DAG(s) 'example_task_group_decorator' retrieved from /home/airflow/.local/lib/python3.12/site-packages/airflow/example_dags/example_task_group_decorator.py
[2024-07-11T00:23:22.814+0000] {logging_mixin.py:188} INFO - [2024-07-11T00:23:22.813+0000] {dag.py:3096} INFO - Sync 1 DAGs
[2024-07-11T00:23:22.988+0000] {logging_mixin.py:188} INFO - [2024-07-11T00:23:22.988+0000] {dag.py:3954} INFO - Setting next_dagrun for example_task_group_decorator to 2024-07-10 00:00:00+00:00, run_after=2024-07-11 00:00:00+00:00
[2024-07-11T00:23:23.286+0000] {processor.py:183} INFO - Processing /home/airflow/.local/lib/python3.12/site-packages/airflow/example_dags/example_task_group_decorator.py took 0.758 seconds
[2024-07-11T00:23:53.884+0000] {processor.py:161} INFO - Started process (PID=6758) to work on /home/airflow/.local/lib/python3.12/site-packages/airflow/example_dags/example_task_group_decorator.py
[2024-07-11T00:23:53.887+0000] {processor.py:830} INFO - Processing file /home/airflow/.local/lib/python3.12/site-packages/airflow/example_dags/example_task_group_decorator.py for tasks to queue
[2024-07-11T00:23:53.889+0000] {logging_mixin.py:188} INFO - [2024-07-11T00:23:53.889+0000] {dagbag.py:545} INFO - Filling up the DagBag from /home/airflow/.local/lib/python3.12/site-packages/airflow/example_dags/example_task_group_decorator.py
[2024-07-11T00:23:53.930+0000] {processor.py:840} INFO - DAG(s) 'example_task_group_decorator' retrieved from /home/airflow/.local/lib/python3.12/site-packages/airflow/example_dags/example_task_group_decorator.py
[2024-07-11T00:23:54.008+0000] {logging_mixin.py:188} INFO - [2024-07-11T00:23:54.008+0000] {dag.py:3096} INFO - Sync 1 DAGs
[2024-07-11T00:23:54.060+0000] {logging_mixin.py:188} INFO - [2024-07-11T00:23:54.059+0000] {dag.py:3954} INFO - Setting next_dagrun for example_task_group_decorator to 2024-07-10 00:00:00+00:00, run_after=2024-07-11 00:00:00+00:00
[2024-07-11T00:23:54.104+0000] {processor.py:183} INFO - Processing /home/airflow/.local/lib/python3.12/site-packages/airflow/example_dags/example_task_group_decorator.py took 0.234 seconds
[2024-07-11T00:24:24.376+0000] {processor.py:161} INFO - Started process (PID=6817) to work on /home/airflow/.local/lib/python3.12/site-packages/airflow/example_dags/example_task_group_decorator.py
[2024-07-11T00:24:24.379+0000] {processor.py:830} INFO - Processing file /home/airflow/.local/lib/python3.12/site-packages/airflow/example_dags/example_task_group_decorator.py for tasks to queue
[2024-07-11T00:24:24.382+0000] {logging_mixin.py:188} INFO - [2024-07-11T00:24:24.381+0000] {dagbag.py:545} INFO - Filling up the DagBag from /home/airflow/.local/lib/python3.12/site-packages/airflow/example_dags/example_task_group_decorator.py
[2024-07-11T00:24:24.628+0000] {processor.py:840} INFO - DAG(s) 'example_task_group_decorator' retrieved from /home/airflow/.local/lib/python3.12/site-packages/airflow/example_dags/example_task_group_decorator.py
[2024-07-11T00:24:24.898+0000] {logging_mixin.py:188} INFO - [2024-07-11T00:24:24.896+0000] {dag.py:3096} INFO - Sync 1 DAGs
[2024-07-11T00:24:25.209+0000] {logging_mixin.py:188} INFO - [2024-07-11T00:24:25.208+0000] {dag.py:3954} INFO - Setting next_dagrun for example_task_group_decorator to 2024-07-10 00:00:00+00:00, run_after=2024-07-11 00:00:00+00:00
[2024-07-11T00:24:25.481+0000] {processor.py:183} INFO - Processing /home/airflow/.local/lib/python3.12/site-packages/airflow/example_dags/example_task_group_decorator.py took 1.122 seconds
[2024-07-11T00:24:55.888+0000] {processor.py:161} INFO - Started process (PID=6876) to work on /home/airflow/.local/lib/python3.12/site-packages/airflow/example_dags/example_task_group_decorator.py
[2024-07-11T00:24:55.890+0000] {processor.py:830} INFO - Processing file /home/airflow/.local/lib/python3.12/site-packages/airflow/example_dags/example_task_group_decorator.py for tasks to queue
[2024-07-11T00:24:55.891+0000] {logging_mixin.py:188} INFO - [2024-07-11T00:24:55.891+0000] {dagbag.py:545} INFO - Filling up the DagBag from /home/airflow/.local/lib/python3.12/site-packages/airflow/example_dags/example_task_group_decorator.py
[2024-07-11T00:24:55.913+0000] {processor.py:840} INFO - DAG(s) 'example_task_group_decorator' retrieved from /home/airflow/.local/lib/python3.12/site-packages/airflow/example_dags/example_task_group_decorator.py
[2024-07-11T00:24:55.952+0000] {logging_mixin.py:188} INFO - [2024-07-11T00:24:55.952+0000] {dag.py:3096} INFO - Sync 1 DAGs
[2024-07-11T00:24:55.983+0000] {logging_mixin.py:188} INFO - [2024-07-11T00:24:55.982+0000] {dag.py:3954} INFO - Setting next_dagrun for example_task_group_decorator to 2024-07-10 00:00:00+00:00, run_after=2024-07-11 00:00:00+00:00
[2024-07-11T00:24:56.014+0000] {processor.py:183} INFO - Processing /home/airflow/.local/lib/python3.12/site-packages/airflow/example_dags/example_task_group_decorator.py took 0.135 seconds
[2024-07-11T00:25:26.703+0000] {processor.py:161} INFO - Started process (PID=6937) to work on /home/airflow/.local/lib/python3.12/site-packages/airflow/example_dags/example_task_group_decorator.py
[2024-07-11T00:25:26.705+0000] {processor.py:830} INFO - Processing file /home/airflow/.local/lib/python3.12/site-packages/airflow/example_dags/example_task_group_decorator.py for tasks to queue
[2024-07-11T00:25:26.707+0000] {logging_mixin.py:188} INFO - [2024-07-11T00:25:26.706+0000] {dagbag.py:545} INFO - Filling up the DagBag from /home/airflow/.local/lib/python3.12/site-packages/airflow/example_dags/example_task_group_decorator.py
[2024-07-11T00:25:26.746+0000] {processor.py:840} INFO - DAG(s) 'example_task_group_decorator' retrieved from /home/airflow/.local/lib/python3.12/site-packages/airflow/example_dags/example_task_group_decorator.py
[2024-07-11T00:25:26.804+0000] {logging_mixin.py:188} INFO - [2024-07-11T00:25:26.804+0000] {dag.py:3096} INFO - Sync 1 DAGs
[2024-07-11T00:25:26.864+0000] {logging_mixin.py:188} INFO - [2024-07-11T00:25:26.863+0000] {dag.py:3954} INFO - Setting next_dagrun for example_task_group_decorator to 2024-07-10 00:00:00+00:00, run_after=2024-07-11 00:00:00+00:00
[2024-07-11T00:25:26.913+0000] {processor.py:183} INFO - Processing /home/airflow/.local/lib/python3.12/site-packages/airflow/example_dags/example_task_group_decorator.py took 0.228 seconds
[2024-07-11T00:25:57.442+0000] {processor.py:161} INFO - Started process (PID=6996) to work on /home/airflow/.local/lib/python3.12/site-packages/airflow/example_dags/example_task_group_decorator.py
[2024-07-11T00:25:57.447+0000] {processor.py:830} INFO - Processing file /home/airflow/.local/lib/python3.12/site-packages/airflow/example_dags/example_task_group_decorator.py for tasks to queue
[2024-07-11T00:25:57.460+0000] {logging_mixin.py:188} INFO - [2024-07-11T00:25:57.459+0000] {dagbag.py:545} INFO - Filling up the DagBag from /home/airflow/.local/lib/python3.12/site-packages/airflow/example_dags/example_task_group_decorator.py
[2024-07-11T00:25:57.517+0000] {processor.py:840} INFO - DAG(s) 'example_task_group_decorator' retrieved from /home/airflow/.local/lib/python3.12/site-packages/airflow/example_dags/example_task_group_decorator.py
[2024-07-11T00:25:57.602+0000] {logging_mixin.py:188} INFO - [2024-07-11T00:25:57.602+0000] {dag.py:3096} INFO - Sync 1 DAGs
[2024-07-11T00:25:57.783+0000] {logging_mixin.py:188} INFO - [2024-07-11T00:25:57.783+0000] {dag.py:3954} INFO - Setting next_dagrun for example_task_group_decorator to 2024-07-10 00:00:00+00:00, run_after=2024-07-11 00:00:00+00:00
[2024-07-11T00:25:57.892+0000] {processor.py:183} INFO - Processing /home/airflow/.local/lib/python3.12/site-packages/airflow/example_dags/example_task_group_decorator.py took 0.462 seconds
[2024-07-11T00:26:28.297+0000] {processor.py:161} INFO - Started process (PID=7056) to work on /home/airflow/.local/lib/python3.12/site-packages/airflow/example_dags/example_task_group_decorator.py
[2024-07-11T00:26:28.306+0000] {processor.py:830} INFO - Processing file /home/airflow/.local/lib/python3.12/site-packages/airflow/example_dags/example_task_group_decorator.py for tasks to queue
[2024-07-11T00:26:28.326+0000] {logging_mixin.py:188} INFO - [2024-07-11T00:26:28.316+0000] {dagbag.py:545} INFO - Filling up the DagBag from /home/airflow/.local/lib/python3.12/site-packages/airflow/example_dags/example_task_group_decorator.py
[2024-07-11T00:26:28.389+0000] {processor.py:840} INFO - DAG(s) 'example_task_group_decorator' retrieved from /home/airflow/.local/lib/python3.12/site-packages/airflow/example_dags/example_task_group_decorator.py
[2024-07-11T00:26:28.499+0000] {logging_mixin.py:188} INFO - [2024-07-11T00:26:28.498+0000] {dag.py:3096} INFO - Sync 1 DAGs
[2024-07-11T00:26:28.596+0000] {logging_mixin.py:188} INFO - [2024-07-11T00:26:28.595+0000] {dag.py:3954} INFO - Setting next_dagrun for example_task_group_decorator to 2024-07-10 00:00:00+00:00, run_after=2024-07-11 00:00:00+00:00
[2024-07-11T00:26:28.712+0000] {processor.py:183} INFO - Processing /home/airflow/.local/lib/python3.12/site-packages/airflow/example_dags/example_task_group_decorator.py took 0.430 seconds
[2024-07-11T00:26:58.835+0000] {processor.py:161} INFO - Started process (PID=7115) to work on /home/airflow/.local/lib/python3.12/site-packages/airflow/example_dags/example_task_group_decorator.py
[2024-07-11T00:26:58.837+0000] {processor.py:830} INFO - Processing file /home/airflow/.local/lib/python3.12/site-packages/airflow/example_dags/example_task_group_decorator.py for tasks to queue
[2024-07-11T00:26:58.840+0000] {logging_mixin.py:188} INFO - [2024-07-11T00:26:58.839+0000] {dagbag.py:545} INFO - Filling up the DagBag from /home/airflow/.local/lib/python3.12/site-packages/airflow/example_dags/example_task_group_decorator.py
[2024-07-11T00:26:58.862+0000] {processor.py:840} INFO - DAG(s) 'example_task_group_decorator' retrieved from /home/airflow/.local/lib/python3.12/site-packages/airflow/example_dags/example_task_group_decorator.py
[2024-07-11T00:26:58.932+0000] {logging_mixin.py:188} INFO - [2024-07-11T00:26:58.931+0000] {dag.py:3096} INFO - Sync 1 DAGs
[2024-07-11T00:26:58.971+0000] {logging_mixin.py:188} INFO - [2024-07-11T00:26:58.970+0000] {dag.py:3954} INFO - Setting next_dagrun for example_task_group_decorator to 2024-07-10 00:00:00+00:00, run_after=2024-07-11 00:00:00+00:00
[2024-07-11T00:26:59.014+0000] {processor.py:183} INFO - Processing /home/airflow/.local/lib/python3.12/site-packages/airflow/example_dags/example_task_group_decorator.py took 0.195 seconds
