[2024-07-11T00:00:03.566+0000] {processor.py:161} INFO - Started process (PID=3985) to work on /home/airflow/.local/lib/python3.12/site-packages/airflow/example_dags/example_dag_decorator.py
[2024-07-11T00:00:03.569+0000] {processor.py:830} INFO - Processing file /home/airflow/.local/lib/python3.12/site-packages/airflow/example_dags/example_dag_decorator.py for tasks to queue
[2024-07-11T00:00:03.576+0000] {logging_mixin.py:188} INFO - [2024-07-11T00:00:03.575+0000] {dagbag.py:545} INFO - Filling up the DagBag from /home/airflow/.local/lib/python3.12/site-packages/airflow/example_dags/example_dag_decorator.py
[2024-07-11T00:00:03.806+0000] {processor.py:840} INFO - DAG(s) 'example_dag_decorator' retrieved from /home/airflow/.local/lib/python3.12/site-packages/airflow/example_dags/example_dag_decorator.py
[2024-07-11T00:00:04.547+0000] {logging_mixin.py:188} INFO - [2024-07-11T00:00:04.547+0000] {dag.py:3096} INFO - Sync 1 DAGs
[2024-07-11T00:00:04.569+0000] {logging_mixin.py:188} INFO - [2024-07-11T00:00:04.568+0000] {dag.py:3954} INFO - Setting next_dagrun for example_dag_decorator to None, run_after=None
[2024-07-11T00:00:04.619+0000] {processor.py:183} INFO - Processing /home/airflow/.local/lib/python3.12/site-packages/airflow/example_dags/example_dag_decorator.py took 1.083 seconds
[2024-07-11T00:00:35.347+0000] {processor.py:161} INFO - Started process (PID=4044) to work on /home/airflow/.local/lib/python3.12/site-packages/airflow/example_dags/example_dag_decorator.py
[2024-07-11T00:00:35.349+0000] {processor.py:830} INFO - Processing file /home/airflow/.local/lib/python3.12/site-packages/airflow/example_dags/example_dag_decorator.py for tasks to queue
[2024-07-11T00:00:35.352+0000] {logging_mixin.py:188} INFO - [2024-07-11T00:00:35.352+0000] {dagbag.py:545} INFO - Filling up the DagBag from /home/airflow/.local/lib/python3.12/site-packages/airflow/example_dags/example_dag_decorator.py
[2024-07-11T00:00:35.594+0000] {processor.py:840} INFO - DAG(s) 'example_dag_decorator' retrieved from /home/airflow/.local/lib/python3.12/site-packages/airflow/example_dags/example_dag_decorator.py
[2024-07-11T00:00:35.803+0000] {logging_mixin.py:188} INFO - [2024-07-11T00:00:35.803+0000] {dag.py:3096} INFO - Sync 1 DAGs
[2024-07-11T00:00:35.822+0000] {logging_mixin.py:188} INFO - [2024-07-11T00:00:35.822+0000] {dag.py:3954} INFO - Setting next_dagrun for example_dag_decorator to None, run_after=None
[2024-07-11T00:00:35.876+0000] {processor.py:183} INFO - Processing /home/airflow/.local/lib/python3.12/site-packages/airflow/example_dags/example_dag_decorator.py took 0.540 seconds
[2024-07-11T00:01:06.691+0000] {processor.py:161} INFO - Started process (PID=4104) to work on /home/airflow/.local/lib/python3.12/site-packages/airflow/example_dags/example_dag_decorator.py
[2024-07-11T00:01:06.693+0000] {processor.py:830} INFO - Processing file /home/airflow/.local/lib/python3.12/site-packages/airflow/example_dags/example_dag_decorator.py for tasks to queue
[2024-07-11T00:01:06.695+0000] {logging_mixin.py:188} INFO - [2024-07-11T00:01:06.695+0000] {dagbag.py:545} INFO - Filling up the DagBag from /home/airflow/.local/lib/python3.12/site-packages/airflow/example_dags/example_dag_decorator.py
[2024-07-11T00:01:06.927+0000] {processor.py:840} INFO - DAG(s) 'example_dag_decorator' retrieved from /home/airflow/.local/lib/python3.12/site-packages/airflow/example_dags/example_dag_decorator.py
[2024-07-11T00:01:07.136+0000] {logging_mixin.py:188} INFO - [2024-07-11T00:01:07.136+0000] {dag.py:3096} INFO - Sync 1 DAGs
[2024-07-11T00:01:07.153+0000] {logging_mixin.py:188} INFO - [2024-07-11T00:01:07.153+0000] {dag.py:3954} INFO - Setting next_dagrun for example_dag_decorator to None, run_after=None
[2024-07-11T00:01:07.188+0000] {processor.py:183} INFO - Processing /home/airflow/.local/lib/python3.12/site-packages/airflow/example_dags/example_dag_decorator.py took 0.510 seconds
[2024-07-11T00:01:37.234+0000] {processor.py:161} INFO - Started process (PID=4166) to work on /home/airflow/.local/lib/python3.12/site-packages/airflow/example_dags/example_dag_decorator.py
[2024-07-11T00:01:37.238+0000] {processor.py:830} INFO - Processing file /home/airflow/.local/lib/python3.12/site-packages/airflow/example_dags/example_dag_decorator.py for tasks to queue
[2024-07-11T00:01:37.240+0000] {logging_mixin.py:188} INFO - [2024-07-11T00:01:37.239+0000] {dagbag.py:545} INFO - Filling up the DagBag from /home/airflow/.local/lib/python3.12/site-packages/airflow/example_dags/example_dag_decorator.py
[2024-07-11T00:01:37.554+0000] {processor.py:840} INFO - DAG(s) 'example_dag_decorator' retrieved from /home/airflow/.local/lib/python3.12/site-packages/airflow/example_dags/example_dag_decorator.py
[2024-07-11T00:01:37.760+0000] {logging_mixin.py:188} INFO - [2024-07-11T00:01:37.759+0000] {dag.py:3096} INFO - Sync 1 DAGs
[2024-07-11T00:01:37.776+0000] {logging_mixin.py:188} INFO - [2024-07-11T00:01:37.776+0000] {dag.py:3954} INFO - Setting next_dagrun for example_dag_decorator to None, run_after=None
[2024-07-11T00:01:37.810+0000] {processor.py:183} INFO - Processing /home/airflow/.local/lib/python3.12/site-packages/airflow/example_dags/example_dag_decorator.py took 0.589 seconds
[2024-07-11T00:02:08.045+0000] {processor.py:161} INFO - Started process (PID=4227) to work on /home/airflow/.local/lib/python3.12/site-packages/airflow/example_dags/example_dag_decorator.py
[2024-07-11T00:02:08.048+0000] {processor.py:830} INFO - Processing file /home/airflow/.local/lib/python3.12/site-packages/airflow/example_dags/example_dag_decorator.py for tasks to queue
[2024-07-11T00:02:08.050+0000] {logging_mixin.py:188} INFO - [2024-07-11T00:02:08.050+0000] {dagbag.py:545} INFO - Filling up the DagBag from /home/airflow/.local/lib/python3.12/site-packages/airflow/example_dags/example_dag_decorator.py
[2024-07-11T00:02:08.339+0000] {processor.py:840} INFO - DAG(s) 'example_dag_decorator' retrieved from /home/airflow/.local/lib/python3.12/site-packages/airflow/example_dags/example_dag_decorator.py
[2024-07-11T00:02:08.627+0000] {logging_mixin.py:188} INFO - [2024-07-11T00:02:08.627+0000] {dag.py:3096} INFO - Sync 1 DAGs
[2024-07-11T00:02:08.655+0000] {logging_mixin.py:188} INFO - [2024-07-11T00:02:08.654+0000] {dag.py:3954} INFO - Setting next_dagrun for example_dag_decorator to None, run_after=None
[2024-07-11T00:02:08.715+0000] {processor.py:183} INFO - Processing /home/airflow/.local/lib/python3.12/site-packages/airflow/example_dags/example_dag_decorator.py took 0.685 seconds
[2024-07-11T00:02:39.407+0000] {processor.py:161} INFO - Started process (PID=4289) to work on /home/airflow/.local/lib/python3.12/site-packages/airflow/example_dags/example_dag_decorator.py
[2024-07-11T00:02:39.410+0000] {processor.py:830} INFO - Processing file /home/airflow/.local/lib/python3.12/site-packages/airflow/example_dags/example_dag_decorator.py for tasks to queue
[2024-07-11T00:02:39.412+0000] {logging_mixin.py:188} INFO - [2024-07-11T00:02:39.411+0000] {dagbag.py:545} INFO - Filling up the DagBag from /home/airflow/.local/lib/python3.12/site-packages/airflow/example_dags/example_dag_decorator.py
[2024-07-11T00:02:40.032+0000] {processor.py:840} INFO - DAG(s) 'example_dag_decorator' retrieved from /home/airflow/.local/lib/python3.12/site-packages/airflow/example_dags/example_dag_decorator.py
[2024-07-11T00:02:40.407+0000] {logging_mixin.py:188} INFO - [2024-07-11T00:02:40.407+0000] {dag.py:3096} INFO - Sync 1 DAGs
[2024-07-11T00:02:40.429+0000] {logging_mixin.py:188} INFO - [2024-07-11T00:02:40.429+0000] {dag.py:3954} INFO - Setting next_dagrun for example_dag_decorator to None, run_after=None
[2024-07-11T00:02:40.477+0000] {processor.py:183} INFO - Processing /home/airflow/.local/lib/python3.12/site-packages/airflow/example_dags/example_dag_decorator.py took 1.092 seconds
[2024-07-11T00:03:10.963+0000] {processor.py:161} INFO - Started process (PID=4351) to work on /home/airflow/.local/lib/python3.12/site-packages/airflow/example_dags/example_dag_decorator.py
[2024-07-11T00:03:10.965+0000] {processor.py:830} INFO - Processing file /home/airflow/.local/lib/python3.12/site-packages/airflow/example_dags/example_dag_decorator.py for tasks to queue
[2024-07-11T00:03:10.969+0000] {logging_mixin.py:188} INFO - [2024-07-11T00:03:10.968+0000] {dagbag.py:545} INFO - Filling up the DagBag from /home/airflow/.local/lib/python3.12/site-packages/airflow/example_dags/example_dag_decorator.py
[2024-07-11T00:03:11.246+0000] {processor.py:840} INFO - DAG(s) 'example_dag_decorator' retrieved from /home/airflow/.local/lib/python3.12/site-packages/airflow/example_dags/example_dag_decorator.py
[2024-07-11T00:03:11.479+0000] {logging_mixin.py:188} INFO - [2024-07-11T00:03:11.479+0000] {dag.py:3096} INFO - Sync 1 DAGs
[2024-07-11T00:03:11.499+0000] {logging_mixin.py:188} INFO - [2024-07-11T00:03:11.498+0000] {dag.py:3954} INFO - Setting next_dagrun for example_dag_decorator to None, run_after=None
[2024-07-11T00:03:11.542+0000] {processor.py:183} INFO - Processing /home/airflow/.local/lib/python3.12/site-packages/airflow/example_dags/example_dag_decorator.py took 0.595 seconds
[2024-07-11T00:03:41.855+0000] {processor.py:161} INFO - Started process (PID=4410) to work on /home/airflow/.local/lib/python3.12/site-packages/airflow/example_dags/example_dag_decorator.py
[2024-07-11T00:03:41.864+0000] {processor.py:830} INFO - Processing file /home/airflow/.local/lib/python3.12/site-packages/airflow/example_dags/example_dag_decorator.py for tasks to queue
[2024-07-11T00:03:41.901+0000] {logging_mixin.py:188} INFO - [2024-07-11T00:03:41.877+0000] {dagbag.py:545} INFO - Filling up the DagBag from /home/airflow/.local/lib/python3.12/site-packages/airflow/example_dags/example_dag_decorator.py
[2024-07-11T00:03:42.538+0000] {processor.py:840} INFO - DAG(s) 'example_dag_decorator' retrieved from /home/airflow/.local/lib/python3.12/site-packages/airflow/example_dags/example_dag_decorator.py
[2024-07-11T00:03:43.064+0000] {logging_mixin.py:188} INFO - [2024-07-11T00:03:43.063+0000] {dag.py:3096} INFO - Sync 1 DAGs
[2024-07-11T00:03:43.086+0000] {logging_mixin.py:188} INFO - [2024-07-11T00:03:43.085+0000] {dag.py:3954} INFO - Setting next_dagrun for example_dag_decorator to None, run_after=None
[2024-07-11T00:03:43.123+0000] {processor.py:183} INFO - Processing /home/airflow/.local/lib/python3.12/site-packages/airflow/example_dags/example_dag_decorator.py took 1.319 seconds
[2024-07-11T00:04:14.258+0000] {processor.py:161} INFO - Started process (PID=4471) to work on /home/airflow/.local/lib/python3.12/site-packages/airflow/example_dags/example_dag_decorator.py
[2024-07-11T00:04:14.330+0000] {processor.py:830} INFO - Processing file /home/airflow/.local/lib/python3.12/site-packages/airflow/example_dags/example_dag_decorator.py for tasks to queue
[2024-07-11T00:04:14.341+0000] {logging_mixin.py:188} INFO - [2024-07-11T00:04:14.340+0000] {dagbag.py:545} INFO - Filling up the DagBag from /home/airflow/.local/lib/python3.12/site-packages/airflow/example_dags/example_dag_decorator.py
[2024-07-11T00:04:15.649+0000] {processor.py:840} INFO - DAG(s) 'example_dag_decorator' retrieved from /home/airflow/.local/lib/python3.12/site-packages/airflow/example_dags/example_dag_decorator.py
[2024-07-11T00:04:16.205+0000] {logging_mixin.py:188} INFO - [2024-07-11T00:04:16.204+0000] {dag.py:3096} INFO - Sync 1 DAGs
[2024-07-11T00:04:16.242+0000] {logging_mixin.py:188} INFO - [2024-07-11T00:04:16.242+0000] {dag.py:3954} INFO - Setting next_dagrun for example_dag_decorator to None, run_after=None
[2024-07-11T00:04:16.300+0000] {processor.py:183} INFO - Processing /home/airflow/.local/lib/python3.12/site-packages/airflow/example_dags/example_dag_decorator.py took 2.336 seconds
[2024-07-11T00:04:46.446+0000] {processor.py:161} INFO - Started process (PID=4538) to work on /home/airflow/.local/lib/python3.12/site-packages/airflow/example_dags/example_dag_decorator.py
[2024-07-11T00:04:46.448+0000] {processor.py:830} INFO - Processing file /home/airflow/.local/lib/python3.12/site-packages/airflow/example_dags/example_dag_decorator.py for tasks to queue
[2024-07-11T00:04:46.450+0000] {logging_mixin.py:188} INFO - [2024-07-11T00:04:46.450+0000] {dagbag.py:545} INFO - Filling up the DagBag from /home/airflow/.local/lib/python3.12/site-packages/airflow/example_dags/example_dag_decorator.py
[2024-07-11T00:04:46.638+0000] {processor.py:840} INFO - DAG(s) 'example_dag_decorator' retrieved from /home/airflow/.local/lib/python3.12/site-packages/airflow/example_dags/example_dag_decorator.py
[2024-07-11T00:04:46.851+0000] {logging_mixin.py:188} INFO - [2024-07-11T00:04:46.850+0000] {dag.py:3096} INFO - Sync 1 DAGs
[2024-07-11T00:04:46.877+0000] {logging_mixin.py:188} INFO - [2024-07-11T00:04:46.877+0000] {dag.py:3954} INFO - Setting next_dagrun for example_dag_decorator to None, run_after=None
[2024-07-11T00:04:46.918+0000] {processor.py:183} INFO - Processing /home/airflow/.local/lib/python3.12/site-packages/airflow/example_dags/example_dag_decorator.py took 0.483 seconds
[2024-07-11T00:05:17.099+0000] {processor.py:161} INFO - Started process (PID=4600) to work on /home/airflow/.local/lib/python3.12/site-packages/airflow/example_dags/example_dag_decorator.py
[2024-07-11T00:05:17.101+0000] {processor.py:830} INFO - Processing file /home/airflow/.local/lib/python3.12/site-packages/airflow/example_dags/example_dag_decorator.py for tasks to queue
[2024-07-11T00:05:17.103+0000] {logging_mixin.py:188} INFO - [2024-07-11T00:05:17.102+0000] {dagbag.py:545} INFO - Filling up the DagBag from /home/airflow/.local/lib/python3.12/site-packages/airflow/example_dags/example_dag_decorator.py
[2024-07-11T00:05:17.429+0000] {processor.py:840} INFO - DAG(s) 'example_dag_decorator' retrieved from /home/airflow/.local/lib/python3.12/site-packages/airflow/example_dags/example_dag_decorator.py
[2024-07-11T00:05:18.301+0000] {logging_mixin.py:188} INFO - [2024-07-11T00:05:18.300+0000] {dag.py:3096} INFO - Sync 1 DAGs
[2024-07-11T00:05:18.382+0000] {logging_mixin.py:188} INFO - [2024-07-11T00:05:18.381+0000] {dag.py:3954} INFO - Setting next_dagrun for example_dag_decorator to None, run_after=None
[2024-07-11T00:05:18.431+0000] {processor.py:183} INFO - Processing /home/airflow/.local/lib/python3.12/site-packages/airflow/example_dags/example_dag_decorator.py took 1.358 seconds
[2024-07-11T00:05:48.526+0000] {processor.py:161} INFO - Started process (PID=4658) to work on /home/airflow/.local/lib/python3.12/site-packages/airflow/example_dags/example_dag_decorator.py
[2024-07-11T00:05:48.528+0000] {processor.py:830} INFO - Processing file /home/airflow/.local/lib/python3.12/site-packages/airflow/example_dags/example_dag_decorator.py for tasks to queue
[2024-07-11T00:05:48.530+0000] {logging_mixin.py:188} INFO - [2024-07-11T00:05:48.529+0000] {dagbag.py:545} INFO - Filling up the DagBag from /home/airflow/.local/lib/python3.12/site-packages/airflow/example_dags/example_dag_decorator.py
[2024-07-11T00:05:49.072+0000] {processor.py:840} INFO - DAG(s) 'example_dag_decorator' retrieved from /home/airflow/.local/lib/python3.12/site-packages/airflow/example_dags/example_dag_decorator.py
[2024-07-11T00:05:49.284+0000] {logging_mixin.py:188} INFO - [2024-07-11T00:05:49.284+0000] {dag.py:3096} INFO - Sync 1 DAGs
[2024-07-11T00:05:49.313+0000] {logging_mixin.py:188} INFO - [2024-07-11T00:05:49.313+0000] {dag.py:3954} INFO - Setting next_dagrun for example_dag_decorator to None, run_after=None
[2024-07-11T00:05:49.385+0000] {processor.py:183} INFO - Processing /home/airflow/.local/lib/python3.12/site-packages/airflow/example_dags/example_dag_decorator.py took 0.869 seconds
[2024-07-11T00:06:20.061+0000] {processor.py:161} INFO - Started process (PID=4718) to work on /home/airflow/.local/lib/python3.12/site-packages/airflow/example_dags/example_dag_decorator.py
[2024-07-11T00:06:20.065+0000] {processor.py:830} INFO - Processing file /home/airflow/.local/lib/python3.12/site-packages/airflow/example_dags/example_dag_decorator.py for tasks to queue
[2024-07-11T00:06:20.067+0000] {logging_mixin.py:188} INFO - [2024-07-11T00:06:20.066+0000] {dagbag.py:545} INFO - Filling up the DagBag from /home/airflow/.local/lib/python3.12/site-packages/airflow/example_dags/example_dag_decorator.py
[2024-07-11T00:06:20.261+0000] {processor.py:840} INFO - DAG(s) 'example_dag_decorator' retrieved from /home/airflow/.local/lib/python3.12/site-packages/airflow/example_dags/example_dag_decorator.py
[2024-07-11T00:06:20.473+0000] {logging_mixin.py:188} INFO - [2024-07-11T00:06:20.473+0000] {dag.py:3096} INFO - Sync 1 DAGs
[2024-07-11T00:06:20.489+0000] {logging_mixin.py:188} INFO - [2024-07-11T00:06:20.489+0000] {dag.py:3954} INFO - Setting next_dagrun for example_dag_decorator to None, run_after=None
[2024-07-11T00:06:20.520+0000] {processor.py:183} INFO - Processing /home/airflow/.local/lib/python3.12/site-packages/airflow/example_dags/example_dag_decorator.py took 0.469 seconds
[2024-07-11T00:06:50.881+0000] {processor.py:161} INFO - Started process (PID=4778) to work on /home/airflow/.local/lib/python3.12/site-packages/airflow/example_dags/example_dag_decorator.py
[2024-07-11T00:06:50.887+0000] {processor.py:830} INFO - Processing file /home/airflow/.local/lib/python3.12/site-packages/airflow/example_dags/example_dag_decorator.py for tasks to queue
[2024-07-11T00:06:50.890+0000] {logging_mixin.py:188} INFO - [2024-07-11T00:06:50.889+0000] {dagbag.py:545} INFO - Filling up the DagBag from /home/airflow/.local/lib/python3.12/site-packages/airflow/example_dags/example_dag_decorator.py
[2024-07-11T00:06:51.237+0000] {processor.py:840} INFO - DAG(s) 'example_dag_decorator' retrieved from /home/airflow/.local/lib/python3.12/site-packages/airflow/example_dags/example_dag_decorator.py
[2024-07-11T00:06:52.131+0000] {logging_mixin.py:188} INFO - [2024-07-11T00:06:52.131+0000] {dag.py:3096} INFO - Sync 1 DAGs
[2024-07-11T00:06:52.204+0000] {logging_mixin.py:188} INFO - [2024-07-11T00:06:52.204+0000] {dag.py:3954} INFO - Setting next_dagrun for example_dag_decorator to None, run_after=None
[2024-07-11T00:06:52.275+0000] {processor.py:183} INFO - Processing /home/airflow/.local/lib/python3.12/site-packages/airflow/example_dags/example_dag_decorator.py took 1.404 seconds
[2024-07-11T00:07:23.005+0000] {processor.py:161} INFO - Started process (PID=4841) to work on /home/airflow/.local/lib/python3.12/site-packages/airflow/example_dags/example_dag_decorator.py
[2024-07-11T00:07:23.008+0000] {processor.py:830} INFO - Processing file /home/airflow/.local/lib/python3.12/site-packages/airflow/example_dags/example_dag_decorator.py for tasks to queue
[2024-07-11T00:07:23.010+0000] {logging_mixin.py:188} INFO - [2024-07-11T00:07:23.010+0000] {dagbag.py:545} INFO - Filling up the DagBag from /home/airflow/.local/lib/python3.12/site-packages/airflow/example_dags/example_dag_decorator.py
[2024-07-11T00:07:23.203+0000] {processor.py:840} INFO - DAG(s) 'example_dag_decorator' retrieved from /home/airflow/.local/lib/python3.12/site-packages/airflow/example_dags/example_dag_decorator.py
[2024-07-11T00:07:23.397+0000] {logging_mixin.py:188} INFO - [2024-07-11T00:07:23.397+0000] {dag.py:3096} INFO - Sync 1 DAGs
[2024-07-11T00:07:23.417+0000] {logging_mixin.py:188} INFO - [2024-07-11T00:07:23.416+0000] {dag.py:3954} INFO - Setting next_dagrun for example_dag_decorator to None, run_after=None
[2024-07-11T00:07:23.458+0000] {processor.py:183} INFO - Processing /home/airflow/.local/lib/python3.12/site-packages/airflow/example_dags/example_dag_decorator.py took 0.464 seconds
[2024-07-11T00:07:53.801+0000] {processor.py:161} INFO - Started process (PID=4900) to work on /home/airflow/.local/lib/python3.12/site-packages/airflow/example_dags/example_dag_decorator.py
[2024-07-11T00:07:53.803+0000] {processor.py:830} INFO - Processing file /home/airflow/.local/lib/python3.12/site-packages/airflow/example_dags/example_dag_decorator.py for tasks to queue
[2024-07-11T00:07:53.848+0000] {logging_mixin.py:188} INFO - [2024-07-11T00:07:53.845+0000] {dagbag.py:545} INFO - Filling up the DagBag from /home/airflow/.local/lib/python3.12/site-packages/airflow/example_dags/example_dag_decorator.py
[2024-07-11T00:07:55.104+0000] {processor.py:840} INFO - DAG(s) 'example_dag_decorator' retrieved from /home/airflow/.local/lib/python3.12/site-packages/airflow/example_dags/example_dag_decorator.py
[2024-07-11T00:07:55.528+0000] {logging_mixin.py:188} INFO - [2024-07-11T00:07:55.527+0000] {dag.py:3096} INFO - Sync 1 DAGs
[2024-07-11T00:07:55.556+0000] {logging_mixin.py:188} INFO - [2024-07-11T00:07:55.556+0000] {dag.py:3954} INFO - Setting next_dagrun for example_dag_decorator to None, run_after=None
[2024-07-11T00:07:56.001+0000] {processor.py:183} INFO - Processing /home/airflow/.local/lib/python3.12/site-packages/airflow/example_dags/example_dag_decorator.py took 2.226 seconds
[2024-07-11T00:08:26.670+0000] {processor.py:161} INFO - Started process (PID=4961) to work on /home/airflow/.local/lib/python3.12/site-packages/airflow/example_dags/example_dag_decorator.py
[2024-07-11T00:08:26.672+0000] {processor.py:830} INFO - Processing file /home/airflow/.local/lib/python3.12/site-packages/airflow/example_dags/example_dag_decorator.py for tasks to queue
[2024-07-11T00:08:26.676+0000] {logging_mixin.py:188} INFO - [2024-07-11T00:08:26.674+0000] {dagbag.py:545} INFO - Filling up the DagBag from /home/airflow/.local/lib/python3.12/site-packages/airflow/example_dags/example_dag_decorator.py
[2024-07-11T00:08:27.062+0000] {processor.py:840} INFO - DAG(s) 'example_dag_decorator' retrieved from /home/airflow/.local/lib/python3.12/site-packages/airflow/example_dags/example_dag_decorator.py
[2024-07-11T00:08:27.457+0000] {logging_mixin.py:188} INFO - [2024-07-11T00:08:27.456+0000] {dag.py:3096} INFO - Sync 1 DAGs
[2024-07-11T00:08:27.507+0000] {logging_mixin.py:188} INFO - [2024-07-11T00:08:27.506+0000] {dag.py:3954} INFO - Setting next_dagrun for example_dag_decorator to None, run_after=None
[2024-07-11T00:08:27.581+0000] {processor.py:183} INFO - Processing /home/airflow/.local/lib/python3.12/site-packages/airflow/example_dags/example_dag_decorator.py took 0.922 seconds
[2024-07-11T00:08:58.587+0000] {processor.py:161} INFO - Started process (PID=5025) to work on /home/airflow/.local/lib/python3.12/site-packages/airflow/example_dags/example_dag_decorator.py
[2024-07-11T00:08:58.593+0000] {processor.py:830} INFO - Processing file /home/airflow/.local/lib/python3.12/site-packages/airflow/example_dags/example_dag_decorator.py for tasks to queue
[2024-07-11T00:08:58.652+0000] {logging_mixin.py:188} INFO - [2024-07-11T00:08:58.651+0000] {dagbag.py:545} INFO - Filling up the DagBag from /home/airflow/.local/lib/python3.12/site-packages/airflow/example_dags/example_dag_decorator.py
[2024-07-11T00:08:59.450+0000] {processor.py:840} INFO - DAG(s) 'example_dag_decorator' retrieved from /home/airflow/.local/lib/python3.12/site-packages/airflow/example_dags/example_dag_decorator.py
[2024-07-11T00:08:59.849+0000] {logging_mixin.py:188} INFO - [2024-07-11T00:08:59.849+0000] {dag.py:3096} INFO - Sync 1 DAGs
[2024-07-11T00:08:59.876+0000] {logging_mixin.py:188} INFO - [2024-07-11T00:08:59.875+0000] {dag.py:3954} INFO - Setting next_dagrun for example_dag_decorator to None, run_after=None
[2024-07-11T00:08:59.915+0000] {processor.py:183} INFO - Processing /home/airflow/.local/lib/python3.12/site-packages/airflow/example_dags/example_dag_decorator.py took 1.341 seconds
[2024-07-11T00:09:30.105+0000] {processor.py:161} INFO - Started process (PID=5085) to work on /home/airflow/.local/lib/python3.12/site-packages/airflow/example_dags/example_dag_decorator.py
[2024-07-11T00:09:30.106+0000] {processor.py:830} INFO - Processing file /home/airflow/.local/lib/python3.12/site-packages/airflow/example_dags/example_dag_decorator.py for tasks to queue
[2024-07-11T00:09:30.108+0000] {logging_mixin.py:188} INFO - [2024-07-11T00:09:30.108+0000] {dagbag.py:545} INFO - Filling up the DagBag from /home/airflow/.local/lib/python3.12/site-packages/airflow/example_dags/example_dag_decorator.py
[2024-07-11T00:09:30.301+0000] {processor.py:840} INFO - DAG(s) 'example_dag_decorator' retrieved from /home/airflow/.local/lib/python3.12/site-packages/airflow/example_dags/example_dag_decorator.py
[2024-07-11T00:09:30.459+0000] {logging_mixin.py:188} INFO - [2024-07-11T00:09:30.458+0000] {dag.py:3096} INFO - Sync 1 DAGs
[2024-07-11T00:09:30.473+0000] {logging_mixin.py:188} INFO - [2024-07-11T00:09:30.473+0000] {dag.py:3954} INFO - Setting next_dagrun for example_dag_decorator to None, run_after=None
[2024-07-11T00:09:30.504+0000] {processor.py:183} INFO - Processing /home/airflow/.local/lib/python3.12/site-packages/airflow/example_dags/example_dag_decorator.py took 0.413 seconds
[2024-07-11T00:10:00.596+0000] {processor.py:161} INFO - Started process (PID=5145) to work on /home/airflow/.local/lib/python3.12/site-packages/airflow/example_dags/example_dag_decorator.py
[2024-07-11T00:10:00.609+0000] {processor.py:830} INFO - Processing file /home/airflow/.local/lib/python3.12/site-packages/airflow/example_dags/example_dag_decorator.py for tasks to queue
[2024-07-11T00:10:00.616+0000] {logging_mixin.py:188} INFO - [2024-07-11T00:10:00.615+0000] {dagbag.py:545} INFO - Filling up the DagBag from /home/airflow/.local/lib/python3.12/site-packages/airflow/example_dags/example_dag_decorator.py
[2024-07-11T00:10:01.007+0000] {processor.py:840} INFO - DAG(s) 'example_dag_decorator' retrieved from /home/airflow/.local/lib/python3.12/site-packages/airflow/example_dags/example_dag_decorator.py
[2024-07-11T00:10:01.430+0000] {logging_mixin.py:188} INFO - [2024-07-11T00:10:01.430+0000] {dag.py:3096} INFO - Sync 1 DAGs
[2024-07-11T00:10:02.501+0000] {logging_mixin.py:188} INFO - [2024-07-11T00:10:02.500+0000] {dag.py:3954} INFO - Setting next_dagrun for example_dag_decorator to None, run_after=None
[2024-07-11T00:10:03.053+0000] {processor.py:183} INFO - Processing /home/airflow/.local/lib/python3.12/site-packages/airflow/example_dags/example_dag_decorator.py took 2.486 seconds
[2024-07-11T00:10:33.429+0000] {processor.py:161} INFO - Started process (PID=5208) to work on /home/airflow/.local/lib/python3.12/site-packages/airflow/example_dags/example_dag_decorator.py
[2024-07-11T00:10:33.431+0000] {processor.py:830} INFO - Processing file /home/airflow/.local/lib/python3.12/site-packages/airflow/example_dags/example_dag_decorator.py for tasks to queue
[2024-07-11T00:10:33.434+0000] {logging_mixin.py:188} INFO - [2024-07-11T00:10:33.433+0000] {dagbag.py:545} INFO - Filling up the DagBag from /home/airflow/.local/lib/python3.12/site-packages/airflow/example_dags/example_dag_decorator.py
[2024-07-11T00:10:33.785+0000] {processor.py:840} INFO - DAG(s) 'example_dag_decorator' retrieved from /home/airflow/.local/lib/python3.12/site-packages/airflow/example_dags/example_dag_decorator.py
[2024-07-11T00:10:34.179+0000] {logging_mixin.py:188} INFO - [2024-07-11T00:10:34.178+0000] {dag.py:3096} INFO - Sync 1 DAGs
[2024-07-11T00:10:34.213+0000] {logging_mixin.py:188} INFO - [2024-07-11T00:10:34.213+0000] {dag.py:3954} INFO - Setting next_dagrun for example_dag_decorator to None, run_after=None
[2024-07-11T00:10:34.490+0000] {processor.py:183} INFO - Processing /home/airflow/.local/lib/python3.12/site-packages/airflow/example_dags/example_dag_decorator.py took 1.072 seconds
[2024-07-11T00:11:05.475+0000] {processor.py:161} INFO - Started process (PID=5270) to work on /home/airflow/.local/lib/python3.12/site-packages/airflow/example_dags/example_dag_decorator.py
[2024-07-11T00:11:05.477+0000] {processor.py:830} INFO - Processing file /home/airflow/.local/lib/python3.12/site-packages/airflow/example_dags/example_dag_decorator.py for tasks to queue
[2024-07-11T00:11:05.480+0000] {logging_mixin.py:188} INFO - [2024-07-11T00:11:05.479+0000] {dagbag.py:545} INFO - Filling up the DagBag from /home/airflow/.local/lib/python3.12/site-packages/airflow/example_dags/example_dag_decorator.py
[2024-07-11T00:11:05.649+0000] {processor.py:840} INFO - DAG(s) 'example_dag_decorator' retrieved from /home/airflow/.local/lib/python3.12/site-packages/airflow/example_dags/example_dag_decorator.py
[2024-07-11T00:11:05.841+0000] {logging_mixin.py:188} INFO - [2024-07-11T00:11:05.841+0000] {dag.py:3096} INFO - Sync 1 DAGs
[2024-07-11T00:11:05.861+0000] {logging_mixin.py:188} INFO - [2024-07-11T00:11:05.861+0000] {dag.py:3954} INFO - Setting next_dagrun for example_dag_decorator to None, run_after=None
[2024-07-11T00:11:05.896+0000] {processor.py:183} INFO - Processing /home/airflow/.local/lib/python3.12/site-packages/airflow/example_dags/example_dag_decorator.py took 0.435 seconds
[2024-07-11T00:11:36.906+0000] {processor.py:161} INFO - Started process (PID=5331) to work on /home/airflow/.local/lib/python3.12/site-packages/airflow/example_dags/example_dag_decorator.py
[2024-07-11T00:11:36.909+0000] {processor.py:830} INFO - Processing file /home/airflow/.local/lib/python3.12/site-packages/airflow/example_dags/example_dag_decorator.py for tasks to queue
[2024-07-11T00:11:36.928+0000] {logging_mixin.py:188} INFO - [2024-07-11T00:11:36.926+0000] {dagbag.py:545} INFO - Filling up the DagBag from /home/airflow/.local/lib/python3.12/site-packages/airflow/example_dags/example_dag_decorator.py
[2024-07-11T00:11:37.743+0000] {processor.py:840} INFO - DAG(s) 'example_dag_decorator' retrieved from /home/airflow/.local/lib/python3.12/site-packages/airflow/example_dags/example_dag_decorator.py
[2024-07-11T00:11:38.576+0000] {logging_mixin.py:188} INFO - [2024-07-11T00:11:38.575+0000] {dag.py:3096} INFO - Sync 1 DAGs
[2024-07-11T00:11:38.638+0000] {logging_mixin.py:188} INFO - [2024-07-11T00:11:38.637+0000] {dag.py:3954} INFO - Setting next_dagrun for example_dag_decorator to None, run_after=None
[2024-07-11T00:11:38.816+0000] {processor.py:183} INFO - Processing /home/airflow/.local/lib/python3.12/site-packages/airflow/example_dags/example_dag_decorator.py took 1.942 seconds
[2024-07-11T00:12:09.192+0000] {processor.py:161} INFO - Started process (PID=5393) to work on /home/airflow/.local/lib/python3.12/site-packages/airflow/example_dags/example_dag_decorator.py
[2024-07-11T00:12:09.195+0000] {processor.py:830} INFO - Processing file /home/airflow/.local/lib/python3.12/site-packages/airflow/example_dags/example_dag_decorator.py for tasks to queue
[2024-07-11T00:12:09.198+0000] {logging_mixin.py:188} INFO - [2024-07-11T00:12:09.197+0000] {dagbag.py:545} INFO - Filling up the DagBag from /home/airflow/.local/lib/python3.12/site-packages/airflow/example_dags/example_dag_decorator.py
[2024-07-11T00:12:09.434+0000] {processor.py:840} INFO - DAG(s) 'example_dag_decorator' retrieved from /home/airflow/.local/lib/python3.12/site-packages/airflow/example_dags/example_dag_decorator.py
[2024-07-11T00:12:10.042+0000] {logging_mixin.py:188} INFO - [2024-07-11T00:12:10.041+0000] {dag.py:3096} INFO - Sync 1 DAGs
[2024-07-11T00:12:10.077+0000] {logging_mixin.py:188} INFO - [2024-07-11T00:12:10.076+0000] {dag.py:3954} INFO - Setting next_dagrun for example_dag_decorator to None, run_after=None
[2024-07-11T00:12:10.132+0000] {processor.py:183} INFO - Processing /home/airflow/.local/lib/python3.12/site-packages/airflow/example_dags/example_dag_decorator.py took 0.955 seconds
[2024-07-11T00:12:40.508+0000] {processor.py:161} INFO - Started process (PID=5452) to work on /home/airflow/.local/lib/python3.12/site-packages/airflow/example_dags/example_dag_decorator.py
[2024-07-11T00:12:40.511+0000] {processor.py:830} INFO - Processing file /home/airflow/.local/lib/python3.12/site-packages/airflow/example_dags/example_dag_decorator.py for tasks to queue
[2024-07-11T00:12:40.514+0000] {logging_mixin.py:188} INFO - [2024-07-11T00:12:40.513+0000] {dagbag.py:545} INFO - Filling up the DagBag from /home/airflow/.local/lib/python3.12/site-packages/airflow/example_dags/example_dag_decorator.py
[2024-07-11T00:12:40.811+0000] {processor.py:840} INFO - DAG(s) 'example_dag_decorator' retrieved from /home/airflow/.local/lib/python3.12/site-packages/airflow/example_dags/example_dag_decorator.py
[2024-07-11T00:12:41.174+0000] {logging_mixin.py:188} INFO - [2024-07-11T00:12:41.173+0000] {dag.py:3096} INFO - Sync 1 DAGs
[2024-07-11T00:12:41.669+0000] {logging_mixin.py:188} INFO - [2024-07-11T00:12:41.669+0000] {dag.py:3954} INFO - Setting next_dagrun for example_dag_decorator to None, run_after=None
[2024-07-11T00:12:41.732+0000] {processor.py:183} INFO - Processing /home/airflow/.local/lib/python3.12/site-packages/airflow/example_dags/example_dag_decorator.py took 1.236 seconds
[2024-07-11T00:13:11.866+0000] {processor.py:161} INFO - Started process (PID=5515) to work on /home/airflow/.local/lib/python3.12/site-packages/airflow/example_dags/example_dag_decorator.py
[2024-07-11T00:13:11.868+0000] {processor.py:830} INFO - Processing file /home/airflow/.local/lib/python3.12/site-packages/airflow/example_dags/example_dag_decorator.py for tasks to queue
[2024-07-11T00:13:11.870+0000] {logging_mixin.py:188} INFO - [2024-07-11T00:13:11.869+0000] {dagbag.py:545} INFO - Filling up the DagBag from /home/airflow/.local/lib/python3.12/site-packages/airflow/example_dags/example_dag_decorator.py
[2024-07-11T00:13:12.354+0000] {processor.py:840} INFO - DAG(s) 'example_dag_decorator' retrieved from /home/airflow/.local/lib/python3.12/site-packages/airflow/example_dags/example_dag_decorator.py
[2024-07-11T00:13:12.562+0000] {logging_mixin.py:188} INFO - [2024-07-11T00:13:12.562+0000] {dag.py:3096} INFO - Sync 1 DAGs
[2024-07-11T00:13:12.578+0000] {logging_mixin.py:188} INFO - [2024-07-11T00:13:12.578+0000] {dag.py:3954} INFO - Setting next_dagrun for example_dag_decorator to None, run_after=None
[2024-07-11T00:13:12.627+0000] {processor.py:183} INFO - Processing /home/airflow/.local/lib/python3.12/site-packages/airflow/example_dags/example_dag_decorator.py took 0.778 seconds
[2024-07-11T00:13:43.340+0000] {processor.py:161} INFO - Started process (PID=5576) to work on /home/airflow/.local/lib/python3.12/site-packages/airflow/example_dags/example_dag_decorator.py
[2024-07-11T00:13:43.342+0000] {processor.py:830} INFO - Processing file /home/airflow/.local/lib/python3.12/site-packages/airflow/example_dags/example_dag_decorator.py for tasks to queue
[2024-07-11T00:13:43.344+0000] {logging_mixin.py:188} INFO - [2024-07-11T00:13:43.343+0000] {dagbag.py:545} INFO - Filling up the DagBag from /home/airflow/.local/lib/python3.12/site-packages/airflow/example_dags/example_dag_decorator.py
[2024-07-11T00:13:43.608+0000] {processor.py:840} INFO - DAG(s) 'example_dag_decorator' retrieved from /home/airflow/.local/lib/python3.12/site-packages/airflow/example_dags/example_dag_decorator.py
[2024-07-11T00:13:44.191+0000] {logging_mixin.py:188} INFO - [2024-07-11T00:13:44.191+0000] {dag.py:3096} INFO - Sync 1 DAGs
[2024-07-11T00:13:44.219+0000] {logging_mixin.py:188} INFO - [2024-07-11T00:13:44.218+0000] {dag.py:3954} INFO - Setting next_dagrun for example_dag_decorator to None, run_after=None
[2024-07-11T00:13:44.298+0000] {processor.py:183} INFO - Processing /home/airflow/.local/lib/python3.12/site-packages/airflow/example_dags/example_dag_decorator.py took 0.970 seconds
[2024-07-11T00:14:14.474+0000] {processor.py:161} INFO - Started process (PID=5640) to work on /home/airflow/.local/lib/python3.12/site-packages/airflow/example_dags/example_dag_decorator.py
[2024-07-11T00:14:14.476+0000] {processor.py:830} INFO - Processing file /home/airflow/.local/lib/python3.12/site-packages/airflow/example_dags/example_dag_decorator.py for tasks to queue
[2024-07-11T00:14:14.479+0000] {logging_mixin.py:188} INFO - [2024-07-11T00:14:14.478+0000] {dagbag.py:545} INFO - Filling up the DagBag from /home/airflow/.local/lib/python3.12/site-packages/airflow/example_dags/example_dag_decorator.py
[2024-07-11T00:14:14.680+0000] {processor.py:840} INFO - DAG(s) 'example_dag_decorator' retrieved from /home/airflow/.local/lib/python3.12/site-packages/airflow/example_dags/example_dag_decorator.py
[2024-07-11T00:14:15.127+0000] {logging_mixin.py:188} INFO - [2024-07-11T00:14:15.127+0000] {dag.py:3096} INFO - Sync 1 DAGs
[2024-07-11T00:14:15.145+0000] {logging_mixin.py:188} INFO - [2024-07-11T00:14:15.144+0000] {dag.py:3954} INFO - Setting next_dagrun for example_dag_decorator to None, run_after=None
[2024-07-11T00:14:15.199+0000] {processor.py:183} INFO - Processing /home/airflow/.local/lib/python3.12/site-packages/airflow/example_dags/example_dag_decorator.py took 0.736 seconds
[2024-07-11T00:14:45.531+0000] {processor.py:161} INFO - Started process (PID=5702) to work on /home/airflow/.local/lib/python3.12/site-packages/airflow/example_dags/example_dag_decorator.py
[2024-07-11T00:14:45.533+0000] {processor.py:830} INFO - Processing file /home/airflow/.local/lib/python3.12/site-packages/airflow/example_dags/example_dag_decorator.py for tasks to queue
[2024-07-11T00:14:45.554+0000] {logging_mixin.py:188} INFO - [2024-07-11T00:14:45.549+0000] {dagbag.py:545} INFO - Filling up the DagBag from /home/airflow/.local/lib/python3.12/site-packages/airflow/example_dags/example_dag_decorator.py
[2024-07-11T00:14:45.864+0000] {processor.py:840} INFO - DAG(s) 'example_dag_decorator' retrieved from /home/airflow/.local/lib/python3.12/site-packages/airflow/example_dags/example_dag_decorator.py
[2024-07-11T00:14:46.517+0000] {logging_mixin.py:188} INFO - [2024-07-11T00:14:46.517+0000] {dag.py:3096} INFO - Sync 1 DAGs
[2024-07-11T00:14:46.545+0000] {logging_mixin.py:188} INFO - [2024-07-11T00:14:46.544+0000] {dag.py:3954} INFO - Setting next_dagrun for example_dag_decorator to None, run_after=None
[2024-07-11T00:14:46.601+0000] {processor.py:183} INFO - Processing /home/airflow/.local/lib/python3.12/site-packages/airflow/example_dags/example_dag_decorator.py took 1.085 seconds
[2024-07-11T00:15:18.235+0000] {processor.py:161} INFO - Started process (PID=5768) to work on /home/airflow/.local/lib/python3.12/site-packages/airflow/example_dags/example_dag_decorator.py
[2024-07-11T00:15:18.237+0000] {processor.py:830} INFO - Processing file /home/airflow/.local/lib/python3.12/site-packages/airflow/example_dags/example_dag_decorator.py for tasks to queue
[2024-07-11T00:15:18.242+0000] {logging_mixin.py:188} INFO - [2024-07-11T00:15:18.241+0000] {dagbag.py:545} INFO - Filling up the DagBag from /home/airflow/.local/lib/python3.12/site-packages/airflow/example_dags/example_dag_decorator.py
[2024-07-11T00:15:18.650+0000] {processor.py:840} INFO - DAG(s) 'example_dag_decorator' retrieved from /home/airflow/.local/lib/python3.12/site-packages/airflow/example_dags/example_dag_decorator.py
[2024-07-11T00:15:19.438+0000] {logging_mixin.py:188} INFO - [2024-07-11T00:15:19.438+0000] {dag.py:3096} INFO - Sync 1 DAGs
[2024-07-11T00:15:19.460+0000] {logging_mixin.py:188} INFO - [2024-07-11T00:15:19.460+0000] {dag.py:3954} INFO - Setting next_dagrun for example_dag_decorator to None, run_after=None
[2024-07-11T00:15:19.512+0000] {processor.py:183} INFO - Processing /home/airflow/.local/lib/python3.12/site-packages/airflow/example_dags/example_dag_decorator.py took 1.298 seconds
[2024-07-11T00:15:50.180+0000] {processor.py:161} INFO - Started process (PID=5830) to work on /home/airflow/.local/lib/python3.12/site-packages/airflow/example_dags/example_dag_decorator.py
[2024-07-11T00:15:50.186+0000] {processor.py:830} INFO - Processing file /home/airflow/.local/lib/python3.12/site-packages/airflow/example_dags/example_dag_decorator.py for tasks to queue
[2024-07-11T00:15:50.189+0000] {logging_mixin.py:188} INFO - [2024-07-11T00:15:50.188+0000] {dagbag.py:545} INFO - Filling up the DagBag from /home/airflow/.local/lib/python3.12/site-packages/airflow/example_dags/example_dag_decorator.py
[2024-07-11T00:15:50.563+0000] {processor.py:840} INFO - DAG(s) 'example_dag_decorator' retrieved from /home/airflow/.local/lib/python3.12/site-packages/airflow/example_dags/example_dag_decorator.py
[2024-07-11T00:15:52.187+0000] {logging_mixin.py:188} INFO - [2024-07-11T00:15:52.181+0000] {dag.py:3096} INFO - Sync 1 DAGs
[2024-07-11T00:15:52.311+0000] {logging_mixin.py:188} INFO - [2024-07-11T00:15:52.308+0000] {dag.py:3954} INFO - Setting next_dagrun for example_dag_decorator to None, run_after=None
[2024-07-11T00:15:52.392+0000] {processor.py:183} INFO - Processing /home/airflow/.local/lib/python3.12/site-packages/airflow/example_dags/example_dag_decorator.py took 2.237 seconds
[2024-07-11T00:16:22.606+0000] {processor.py:161} INFO - Started process (PID=5891) to work on /home/airflow/.local/lib/python3.12/site-packages/airflow/example_dags/example_dag_decorator.py
[2024-07-11T00:16:22.607+0000] {processor.py:830} INFO - Processing file /home/airflow/.local/lib/python3.12/site-packages/airflow/example_dags/example_dag_decorator.py for tasks to queue
[2024-07-11T00:16:22.612+0000] {logging_mixin.py:188} INFO - [2024-07-11T00:16:22.611+0000] {dagbag.py:545} INFO - Filling up the DagBag from /home/airflow/.local/lib/python3.12/site-packages/airflow/example_dags/example_dag_decorator.py
[2024-07-11T00:16:22.924+0000] {processor.py:840} INFO - DAG(s) 'example_dag_decorator' retrieved from /home/airflow/.local/lib/python3.12/site-packages/airflow/example_dags/example_dag_decorator.py
[2024-07-11T00:16:23.621+0000] {logging_mixin.py:188} INFO - [2024-07-11T00:16:23.621+0000] {dag.py:3096} INFO - Sync 1 DAGs
[2024-07-11T00:16:23.643+0000] {logging_mixin.py:188} INFO - [2024-07-11T00:16:23.641+0000] {dag.py:3954} INFO - Setting next_dagrun for example_dag_decorator to None, run_after=None
[2024-07-11T00:16:23.720+0000] {processor.py:183} INFO - Processing /home/airflow/.local/lib/python3.12/site-packages/airflow/example_dags/example_dag_decorator.py took 1.135 seconds
[2024-07-11T00:16:55.893+0000] {processor.py:161} INFO - Started process (PID=5951) to work on /home/airflow/.local/lib/python3.12/site-packages/airflow/example_dags/example_dag_decorator.py
[2024-07-11T00:16:55.922+0000] {processor.py:830} INFO - Processing file /home/airflow/.local/lib/python3.12/site-packages/airflow/example_dags/example_dag_decorator.py for tasks to queue
[2024-07-11T00:16:55.941+0000] {logging_mixin.py:188} INFO - [2024-07-11T00:16:55.937+0000] {dagbag.py:545} INFO - Filling up the DagBag from /home/airflow/.local/lib/python3.12/site-packages/airflow/example_dags/example_dag_decorator.py
[2024-07-11T00:16:57.523+0000] {processor.py:840} INFO - DAG(s) 'example_dag_decorator' retrieved from /home/airflow/.local/lib/python3.12/site-packages/airflow/example_dags/example_dag_decorator.py
[2024-07-11T00:16:58.724+0000] {logging_mixin.py:188} INFO - [2024-07-11T00:16:58.724+0000] {dag.py:3096} INFO - Sync 1 DAGs
[2024-07-11T00:16:58.791+0000] {logging_mixin.py:188} INFO - [2024-07-11T00:16:58.789+0000] {dag.py:3954} INFO - Setting next_dagrun for example_dag_decorator to None, run_after=None
[2024-07-11T00:16:58.943+0000] {processor.py:183} INFO - Processing /home/airflow/.local/lib/python3.12/site-packages/airflow/example_dags/example_dag_decorator.py took 3.071 seconds
[2024-07-11T00:17:29.043+0000] {processor.py:161} INFO - Started process (PID=6014) to work on /home/airflow/.local/lib/python3.12/site-packages/airflow/example_dags/example_dag_decorator.py
[2024-07-11T00:17:29.045+0000] {processor.py:830} INFO - Processing file /home/airflow/.local/lib/python3.12/site-packages/airflow/example_dags/example_dag_decorator.py for tasks to queue
[2024-07-11T00:17:29.048+0000] {logging_mixin.py:188} INFO - [2024-07-11T00:17:29.047+0000] {dagbag.py:545} INFO - Filling up the DagBag from /home/airflow/.local/lib/python3.12/site-packages/airflow/example_dags/example_dag_decorator.py
[2024-07-11T00:17:29.250+0000] {processor.py:840} INFO - DAG(s) 'example_dag_decorator' retrieved from /home/airflow/.local/lib/python3.12/site-packages/airflow/example_dags/example_dag_decorator.py
[2024-07-11T00:17:29.617+0000] {logging_mixin.py:188} INFO - [2024-07-11T00:17:29.617+0000] {dag.py:3096} INFO - Sync 1 DAGs
[2024-07-11T00:17:29.630+0000] {logging_mixin.py:188} INFO - [2024-07-11T00:17:29.630+0000] {dag.py:3954} INFO - Setting next_dagrun for example_dag_decorator to None, run_after=None
[2024-07-11T00:17:29.658+0000] {processor.py:183} INFO - Processing /home/airflow/.local/lib/python3.12/site-packages/airflow/example_dags/example_dag_decorator.py took 0.626 seconds
[2024-07-11T00:18:00.309+0000] {processor.py:161} INFO - Started process (PID=6074) to work on /home/airflow/.local/lib/python3.12/site-packages/airflow/example_dags/example_dag_decorator.py
[2024-07-11T00:18:00.311+0000] {processor.py:830} INFO - Processing file /home/airflow/.local/lib/python3.12/site-packages/airflow/example_dags/example_dag_decorator.py for tasks to queue
[2024-07-11T00:18:00.316+0000] {logging_mixin.py:188} INFO - [2024-07-11T00:18:00.315+0000] {dagbag.py:545} INFO - Filling up the DagBag from /home/airflow/.local/lib/python3.12/site-packages/airflow/example_dags/example_dag_decorator.py
[2024-07-11T00:18:00.674+0000] {processor.py:840} INFO - DAG(s) 'example_dag_decorator' retrieved from /home/airflow/.local/lib/python3.12/site-packages/airflow/example_dags/example_dag_decorator.py
[2024-07-11T00:18:00.760+0000] {logging_mixin.py:188} INFO - [2024-07-11T00:18:00.760+0000] {dag.py:3096} INFO - Sync 1 DAGs
[2024-07-11T00:18:01.288+0000] {logging_mixin.py:188} INFO - [2024-07-11T00:18:01.288+0000] {dag.py:3954} INFO - Setting next_dagrun for example_dag_decorator to None, run_after=None
[2024-07-11T00:18:01.378+0000] {processor.py:183} INFO - Processing /home/airflow/.local/lib/python3.12/site-packages/airflow/example_dags/example_dag_decorator.py took 1.234 seconds
[2024-07-11T00:18:32.075+0000] {processor.py:161} INFO - Started process (PID=6134) to work on /home/airflow/.local/lib/python3.12/site-packages/airflow/example_dags/example_dag_decorator.py
[2024-07-11T00:18:32.077+0000] {processor.py:830} INFO - Processing file /home/airflow/.local/lib/python3.12/site-packages/airflow/example_dags/example_dag_decorator.py for tasks to queue
[2024-07-11T00:18:32.079+0000] {logging_mixin.py:188} INFO - [2024-07-11T00:18:32.078+0000] {dagbag.py:545} INFO - Filling up the DagBag from /home/airflow/.local/lib/python3.12/site-packages/airflow/example_dags/example_dag_decorator.py
[2024-07-11T00:18:32.796+0000] {processor.py:840} INFO - DAG(s) 'example_dag_decorator' retrieved from /home/airflow/.local/lib/python3.12/site-packages/airflow/example_dags/example_dag_decorator.py
[2024-07-11T00:18:33.056+0000] {logging_mixin.py:188} INFO - [2024-07-11T00:18:33.055+0000] {dag.py:3096} INFO - Sync 1 DAGs
[2024-07-11T00:18:33.105+0000] {logging_mixin.py:188} INFO - [2024-07-11T00:18:33.105+0000] {dag.py:3954} INFO - Setting next_dagrun for example_dag_decorator to None, run_after=None
[2024-07-11T00:18:33.173+0000] {processor.py:183} INFO - Processing /home/airflow/.local/lib/python3.12/site-packages/airflow/example_dags/example_dag_decorator.py took 1.107 seconds
[2024-07-11T00:19:03.871+0000] {processor.py:161} INFO - Started process (PID=6194) to work on /home/airflow/.local/lib/python3.12/site-packages/airflow/example_dags/example_dag_decorator.py
[2024-07-11T00:19:03.885+0000] {processor.py:830} INFO - Processing file /home/airflow/.local/lib/python3.12/site-packages/airflow/example_dags/example_dag_decorator.py for tasks to queue
[2024-07-11T00:19:03.890+0000] {logging_mixin.py:188} INFO - [2024-07-11T00:19:03.889+0000] {dagbag.py:545} INFO - Filling up the DagBag from /home/airflow/.local/lib/python3.12/site-packages/airflow/example_dags/example_dag_decorator.py
[2024-07-11T00:19:04.618+0000] {processor.py:840} INFO - DAG(s) 'example_dag_decorator' retrieved from /home/airflow/.local/lib/python3.12/site-packages/airflow/example_dags/example_dag_decorator.py
[2024-07-11T00:19:04.806+0000] {logging_mixin.py:188} INFO - [2024-07-11T00:19:04.806+0000] {dag.py:3096} INFO - Sync 1 DAGs
[2024-07-11T00:19:04.821+0000] {logging_mixin.py:188} INFO - [2024-07-11T00:19:04.821+0000] {dag.py:3954} INFO - Setting next_dagrun for example_dag_decorator to None, run_after=None
[2024-07-11T00:19:04.867+0000] {processor.py:183} INFO - Processing /home/airflow/.local/lib/python3.12/site-packages/airflow/example_dags/example_dag_decorator.py took 1.032 seconds
[2024-07-11T00:19:35.818+0000] {processor.py:161} INFO - Started process (PID=6255) to work on /home/airflow/.local/lib/python3.12/site-packages/airflow/example_dags/example_dag_decorator.py
[2024-07-11T00:19:35.820+0000] {processor.py:830} INFO - Processing file /home/airflow/.local/lib/python3.12/site-packages/airflow/example_dags/example_dag_decorator.py for tasks to queue
[2024-07-11T00:19:35.822+0000] {logging_mixin.py:188} INFO - [2024-07-11T00:19:35.822+0000] {dagbag.py:545} INFO - Filling up the DagBag from /home/airflow/.local/lib/python3.12/site-packages/airflow/example_dags/example_dag_decorator.py
[2024-07-11T00:19:36.330+0000] {processor.py:840} INFO - DAG(s) 'example_dag_decorator' retrieved from /home/airflow/.local/lib/python3.12/site-packages/airflow/example_dags/example_dag_decorator.py
[2024-07-11T00:19:36.600+0000] {logging_mixin.py:188} INFO - [2024-07-11T00:19:36.599+0000] {dag.py:3096} INFO - Sync 1 DAGs
[2024-07-11T00:19:36.619+0000] {logging_mixin.py:188} INFO - [2024-07-11T00:19:36.619+0000] {dag.py:3954} INFO - Setting next_dagrun for example_dag_decorator to None, run_after=None
[2024-07-11T00:19:36.659+0000] {processor.py:183} INFO - Processing /home/airflow/.local/lib/python3.12/site-packages/airflow/example_dags/example_dag_decorator.py took 0.851 seconds
[2024-07-11T00:20:07.272+0000] {processor.py:161} INFO - Started process (PID=6319) to work on /home/airflow/.local/lib/python3.12/site-packages/airflow/example_dags/example_dag_decorator.py
[2024-07-11T00:20:07.276+0000] {processor.py:830} INFO - Processing file /home/airflow/.local/lib/python3.12/site-packages/airflow/example_dags/example_dag_decorator.py for tasks to queue
[2024-07-11T00:20:07.279+0000] {logging_mixin.py:188} INFO - [2024-07-11T00:20:07.278+0000] {dagbag.py:545} INFO - Filling up the DagBag from /home/airflow/.local/lib/python3.12/site-packages/airflow/example_dags/example_dag_decorator.py
[2024-07-11T00:20:07.757+0000] {processor.py:840} INFO - DAG(s) 'example_dag_decorator' retrieved from /home/airflow/.local/lib/python3.12/site-packages/airflow/example_dags/example_dag_decorator.py
[2024-07-11T00:20:07.940+0000] {logging_mixin.py:188} INFO - [2024-07-11T00:20:07.940+0000] {dag.py:3096} INFO - Sync 1 DAGs
[2024-07-11T00:20:07.958+0000] {logging_mixin.py:188} INFO - [2024-07-11T00:20:07.958+0000] {dag.py:3954} INFO - Setting next_dagrun for example_dag_decorator to None, run_after=None
[2024-07-11T00:20:07.994+0000] {processor.py:183} INFO - Processing /home/airflow/.local/lib/python3.12/site-packages/airflow/example_dags/example_dag_decorator.py took 0.737 seconds
[2024-07-11T00:20:39.874+0000] {processor.py:161} INFO - Started process (PID=6379) to work on /home/airflow/.local/lib/python3.12/site-packages/airflow/example_dags/example_dag_decorator.py
[2024-07-11T00:20:39.880+0000] {processor.py:830} INFO - Processing file /home/airflow/.local/lib/python3.12/site-packages/airflow/example_dags/example_dag_decorator.py for tasks to queue
[2024-07-11T00:20:39.882+0000] {logging_mixin.py:188} INFO - [2024-07-11T00:20:39.882+0000] {dagbag.py:545} INFO - Filling up the DagBag from /home/airflow/.local/lib/python3.12/site-packages/airflow/example_dags/example_dag_decorator.py
[2024-07-11T00:20:40.699+0000] {processor.py:840} INFO - DAG(s) 'example_dag_decorator' retrieved from /home/airflow/.local/lib/python3.12/site-packages/airflow/example_dags/example_dag_decorator.py
[2024-07-11T00:20:41.454+0000] {logging_mixin.py:188} INFO - [2024-07-11T00:20:41.454+0000] {dag.py:3096} INFO - Sync 1 DAGs
[2024-07-11T00:20:41.484+0000] {logging_mixin.py:188} INFO - [2024-07-11T00:20:41.484+0000] {dag.py:3954} INFO - Setting next_dagrun for example_dag_decorator to None, run_after=None
[2024-07-11T00:20:41.556+0000] {processor.py:183} INFO - Processing /home/airflow/.local/lib/python3.12/site-packages/airflow/example_dags/example_dag_decorator.py took 1.692 seconds
[2024-07-11T00:21:11.828+0000] {processor.py:161} INFO - Started process (PID=6440) to work on /home/airflow/.local/lib/python3.12/site-packages/airflow/example_dags/example_dag_decorator.py
[2024-07-11T00:21:11.831+0000] {processor.py:830} INFO - Processing file /home/airflow/.local/lib/python3.12/site-packages/airflow/example_dags/example_dag_decorator.py for tasks to queue
[2024-07-11T00:21:11.834+0000] {logging_mixin.py:188} INFO - [2024-07-11T00:21:11.833+0000] {dagbag.py:545} INFO - Filling up the DagBag from /home/airflow/.local/lib/python3.12/site-packages/airflow/example_dags/example_dag_decorator.py
[2024-07-11T00:21:12.334+0000] {processor.py:840} INFO - DAG(s) 'example_dag_decorator' retrieved from /home/airflow/.local/lib/python3.12/site-packages/airflow/example_dags/example_dag_decorator.py
[2024-07-11T00:21:12.716+0000] {logging_mixin.py:188} INFO - [2024-07-11T00:21:12.715+0000] {dag.py:3096} INFO - Sync 1 DAGs
[2024-07-11T00:21:12.751+0000] {logging_mixin.py:188} INFO - [2024-07-11T00:21:12.751+0000] {dag.py:3954} INFO - Setting next_dagrun for example_dag_decorator to None, run_after=None
[2024-07-11T00:21:12.817+0000] {processor.py:183} INFO - Processing /home/airflow/.local/lib/python3.12/site-packages/airflow/example_dags/example_dag_decorator.py took 1.015 seconds
[2024-07-11T00:21:43.605+0000] {processor.py:161} INFO - Started process (PID=6501) to work on /home/airflow/.local/lib/python3.12/site-packages/airflow/example_dags/example_dag_decorator.py
[2024-07-11T00:21:43.610+0000] {processor.py:830} INFO - Processing file /home/airflow/.local/lib/python3.12/site-packages/airflow/example_dags/example_dag_decorator.py for tasks to queue
[2024-07-11T00:21:43.612+0000] {logging_mixin.py:188} INFO - [2024-07-11T00:21:43.612+0000] {dagbag.py:545} INFO - Filling up the DagBag from /home/airflow/.local/lib/python3.12/site-packages/airflow/example_dags/example_dag_decorator.py
[2024-07-11T00:21:44.206+0000] {processor.py:840} INFO - DAG(s) 'example_dag_decorator' retrieved from /home/airflow/.local/lib/python3.12/site-packages/airflow/example_dags/example_dag_decorator.py
[2024-07-11T00:21:45.120+0000] {logging_mixin.py:188} INFO - [2024-07-11T00:21:45.120+0000] {dag.py:3096} INFO - Sync 1 DAGs
[2024-07-11T00:21:45.381+0000] {logging_mixin.py:188} INFO - [2024-07-11T00:21:45.380+0000] {dag.py:3954} INFO - Setting next_dagrun for example_dag_decorator to None, run_after=None
[2024-07-11T00:21:45.634+0000] {processor.py:183} INFO - Processing /home/airflow/.local/lib/python3.12/site-packages/airflow/example_dags/example_dag_decorator.py took 2.052 seconds
[2024-07-11T00:22:16.429+0000] {processor.py:161} INFO - Started process (PID=6563) to work on /home/airflow/.local/lib/python3.12/site-packages/airflow/example_dags/example_dag_decorator.py
[2024-07-11T00:22:16.435+0000] {processor.py:830} INFO - Processing file /home/airflow/.local/lib/python3.12/site-packages/airflow/example_dags/example_dag_decorator.py for tasks to queue
[2024-07-11T00:22:16.438+0000] {logging_mixin.py:188} INFO - [2024-07-11T00:22:16.437+0000] {dagbag.py:545} INFO - Filling up the DagBag from /home/airflow/.local/lib/python3.12/site-packages/airflow/example_dags/example_dag_decorator.py
[2024-07-11T00:22:17.026+0000] {processor.py:840} INFO - DAG(s) 'example_dag_decorator' retrieved from /home/airflow/.local/lib/python3.12/site-packages/airflow/example_dags/example_dag_decorator.py
[2024-07-11T00:22:17.354+0000] {logging_mixin.py:188} INFO - [2024-07-11T00:22:17.353+0000] {dag.py:3096} INFO - Sync 1 DAGs
[2024-07-11T00:22:17.407+0000] {logging_mixin.py:188} INFO - [2024-07-11T00:22:17.406+0000] {dag.py:3954} INFO - Setting next_dagrun for example_dag_decorator to None, run_after=None
[2024-07-11T00:22:17.499+0000] {processor.py:183} INFO - Processing /home/airflow/.local/lib/python3.12/site-packages/airflow/example_dags/example_dag_decorator.py took 1.193 seconds
[2024-07-11T00:22:47.931+0000] {processor.py:161} INFO - Started process (PID=6626) to work on /home/airflow/.local/lib/python3.12/site-packages/airflow/example_dags/example_dag_decorator.py
[2024-07-11T00:22:47.935+0000] {processor.py:830} INFO - Processing file /home/airflow/.local/lib/python3.12/site-packages/airflow/example_dags/example_dag_decorator.py for tasks to queue
[2024-07-11T00:22:47.941+0000] {logging_mixin.py:188} INFO - [2024-07-11T00:22:47.940+0000] {dagbag.py:545} INFO - Filling up the DagBag from /home/airflow/.local/lib/python3.12/site-packages/airflow/example_dags/example_dag_decorator.py
[2024-07-11T00:22:48.859+0000] {processor.py:840} INFO - DAG(s) 'example_dag_decorator' retrieved from /home/airflow/.local/lib/python3.12/site-packages/airflow/example_dags/example_dag_decorator.py
[2024-07-11T00:22:49.847+0000] {logging_mixin.py:188} INFO - [2024-07-11T00:22:49.839+0000] {dag.py:3096} INFO - Sync 1 DAGs
[2024-07-11T00:22:49.935+0000] {logging_mixin.py:188} INFO - [2024-07-11T00:22:49.934+0000] {dag.py:3954} INFO - Setting next_dagrun for example_dag_decorator to None, run_after=None
[2024-07-11T00:22:50.052+0000] {processor.py:183} INFO - Processing /home/airflow/.local/lib/python3.12/site-packages/airflow/example_dags/example_dag_decorator.py took 2.144 seconds
[2024-07-11T00:23:20.329+0000] {processor.py:161} INFO - Started process (PID=6692) to work on /home/airflow/.local/lib/python3.12/site-packages/airflow/example_dags/example_dag_decorator.py
[2024-07-11T00:23:20.330+0000] {processor.py:830} INFO - Processing file /home/airflow/.local/lib/python3.12/site-packages/airflow/example_dags/example_dag_decorator.py for tasks to queue
[2024-07-11T00:23:20.333+0000] {logging_mixin.py:188} INFO - [2024-07-11T00:23:20.332+0000] {dagbag.py:545} INFO - Filling up the DagBag from /home/airflow/.local/lib/python3.12/site-packages/airflow/example_dags/example_dag_decorator.py
[2024-07-11T00:23:20.766+0000] {processor.py:840} INFO - DAG(s) 'example_dag_decorator' retrieved from /home/airflow/.local/lib/python3.12/site-packages/airflow/example_dags/example_dag_decorator.py
[2024-07-11T00:23:21.302+0000] {logging_mixin.py:188} INFO - [2024-07-11T00:23:21.302+0000] {dag.py:3096} INFO - Sync 1 DAGs
[2024-07-11T00:23:21.402+0000] {logging_mixin.py:188} INFO - [2024-07-11T00:23:21.402+0000] {dag.py:3954} INFO - Setting next_dagrun for example_dag_decorator to None, run_after=None
[2024-07-11T00:23:21.488+0000] {processor.py:183} INFO - Processing /home/airflow/.local/lib/python3.12/site-packages/airflow/example_dags/example_dag_decorator.py took 1.210 seconds
[2024-07-11T00:23:52.181+0000] {processor.py:161} INFO - Started process (PID=6754) to work on /home/airflow/.local/lib/python3.12/site-packages/airflow/example_dags/example_dag_decorator.py
[2024-07-11T00:23:52.186+0000] {processor.py:830} INFO - Processing file /home/airflow/.local/lib/python3.12/site-packages/airflow/example_dags/example_dag_decorator.py for tasks to queue
[2024-07-11T00:23:52.190+0000] {logging_mixin.py:188} INFO - [2024-07-11T00:23:52.189+0000] {dagbag.py:545} INFO - Filling up the DagBag from /home/airflow/.local/lib/python3.12/site-packages/airflow/example_dags/example_dag_decorator.py
[2024-07-11T00:23:52.461+0000] {processor.py:840} INFO - DAG(s) 'example_dag_decorator' retrieved from /home/airflow/.local/lib/python3.12/site-packages/airflow/example_dags/example_dag_decorator.py
[2024-07-11T00:23:52.728+0000] {logging_mixin.py:188} INFO - [2024-07-11T00:23:52.728+0000] {dag.py:3096} INFO - Sync 1 DAGs
[2024-07-11T00:23:52.761+0000] {logging_mixin.py:188} INFO - [2024-07-11T00:23:52.759+0000] {dag.py:3954} INFO - Setting next_dagrun for example_dag_decorator to None, run_after=None
[2024-07-11T00:23:52.815+0000] {processor.py:183} INFO - Processing /home/airflow/.local/lib/python3.12/site-packages/airflow/example_dags/example_dag_decorator.py took 0.657 seconds
[2024-07-11T00:24:23.560+0000] {processor.py:161} INFO - Started process (PID=6815) to work on /home/airflow/.local/lib/python3.12/site-packages/airflow/example_dags/example_dag_decorator.py
[2024-07-11T00:24:23.562+0000] {processor.py:830} INFO - Processing file /home/airflow/.local/lib/python3.12/site-packages/airflow/example_dags/example_dag_decorator.py for tasks to queue
[2024-07-11T00:24:23.566+0000] {logging_mixin.py:188} INFO - [2024-07-11T00:24:23.564+0000] {dagbag.py:545} INFO - Filling up the DagBag from /home/airflow/.local/lib/python3.12/site-packages/airflow/example_dags/example_dag_decorator.py
[2024-07-11T00:24:23.879+0000] {processor.py:840} INFO - DAG(s) 'example_dag_decorator' retrieved from /home/airflow/.local/lib/python3.12/site-packages/airflow/example_dags/example_dag_decorator.py
[2024-07-11T00:24:24.218+0000] {logging_mixin.py:188} INFO - [2024-07-11T00:24:24.217+0000] {dag.py:3096} INFO - Sync 1 DAGs
[2024-07-11T00:24:24.247+0000] {logging_mixin.py:188} INFO - [2024-07-11T00:24:24.246+0000] {dag.py:3954} INFO - Setting next_dagrun for example_dag_decorator to None, run_after=None
[2024-07-11T00:24:24.288+0000] {processor.py:183} INFO - Processing /home/airflow/.local/lib/python3.12/site-packages/airflow/example_dags/example_dag_decorator.py took 0.758 seconds
[2024-07-11T00:24:54.873+0000] {processor.py:161} INFO - Started process (PID=6875) to work on /home/airflow/.local/lib/python3.12/site-packages/airflow/example_dags/example_dag_decorator.py
[2024-07-11T00:24:54.875+0000] {processor.py:830} INFO - Processing file /home/airflow/.local/lib/python3.12/site-packages/airflow/example_dags/example_dag_decorator.py for tasks to queue
[2024-07-11T00:24:54.877+0000] {logging_mixin.py:188} INFO - [2024-07-11T00:24:54.876+0000] {dagbag.py:545} INFO - Filling up the DagBag from /home/airflow/.local/lib/python3.12/site-packages/airflow/example_dags/example_dag_decorator.py
[2024-07-11T00:24:55.077+0000] {processor.py:840} INFO - DAG(s) 'example_dag_decorator' retrieved from /home/airflow/.local/lib/python3.12/site-packages/airflow/example_dags/example_dag_decorator.py
[2024-07-11T00:24:55.288+0000] {logging_mixin.py:188} INFO - [2024-07-11T00:24:55.288+0000] {dag.py:3096} INFO - Sync 1 DAGs
[2024-07-11T00:24:55.314+0000] {logging_mixin.py:188} INFO - [2024-07-11T00:24:55.313+0000] {dag.py:3954} INFO - Setting next_dagrun for example_dag_decorator to None, run_after=None
[2024-07-11T00:24:55.348+0000] {processor.py:183} INFO - Processing /home/airflow/.local/lib/python3.12/site-packages/airflow/example_dags/example_dag_decorator.py took 0.489 seconds
[2024-07-11T00:25:25.858+0000] {processor.py:161} INFO - Started process (PID=6935) to work on /home/airflow/.local/lib/python3.12/site-packages/airflow/example_dags/example_dag_decorator.py
[2024-07-11T00:25:25.860+0000] {processor.py:830} INFO - Processing file /home/airflow/.local/lib/python3.12/site-packages/airflow/example_dags/example_dag_decorator.py for tasks to queue
[2024-07-11T00:25:25.862+0000] {logging_mixin.py:188} INFO - [2024-07-11T00:25:25.861+0000] {dagbag.py:545} INFO - Filling up the DagBag from /home/airflow/.local/lib/python3.12/site-packages/airflow/example_dags/example_dag_decorator.py
[2024-07-11T00:25:26.066+0000] {processor.py:840} INFO - DAG(s) 'example_dag_decorator' retrieved from /home/airflow/.local/lib/python3.12/site-packages/airflow/example_dags/example_dag_decorator.py
[2024-07-11T00:25:26.539+0000] {logging_mixin.py:188} INFO - [2024-07-11T00:25:26.538+0000] {dag.py:3096} INFO - Sync 1 DAGs
[2024-07-11T00:25:26.576+0000] {logging_mixin.py:188} INFO - [2024-07-11T00:25:26.575+0000] {dag.py:3954} INFO - Setting next_dagrun for example_dag_decorator to None, run_after=None
[2024-07-11T00:25:26.626+0000] {processor.py:183} INFO - Processing /home/airflow/.local/lib/python3.12/site-packages/airflow/example_dags/example_dag_decorator.py took 0.781 seconds
[2024-07-11T00:25:58.003+0000] {processor.py:161} INFO - Started process (PID=6997) to work on /home/airflow/.local/lib/python3.12/site-packages/airflow/example_dags/example_dag_decorator.py
[2024-07-11T00:25:58.010+0000] {processor.py:830} INFO - Processing file /home/airflow/.local/lib/python3.12/site-packages/airflow/example_dags/example_dag_decorator.py for tasks to queue
[2024-07-11T00:25:58.028+0000] {logging_mixin.py:188} INFO - [2024-07-11T00:25:58.022+0000] {dagbag.py:545} INFO - Filling up the DagBag from /home/airflow/.local/lib/python3.12/site-packages/airflow/example_dags/example_dag_decorator.py
[2024-07-11T00:25:58.320+0000] {processor.py:840} INFO - DAG(s) 'example_dag_decorator' retrieved from /home/airflow/.local/lib/python3.12/site-packages/airflow/example_dags/example_dag_decorator.py
[2024-07-11T00:25:58.646+0000] {logging_mixin.py:188} INFO - [2024-07-11T00:25:58.646+0000] {dag.py:3096} INFO - Sync 1 DAGs
[2024-07-11T00:25:58.681+0000] {logging_mixin.py:188} INFO - [2024-07-11T00:25:58.681+0000] {dag.py:3954} INFO - Setting next_dagrun for example_dag_decorator to None, run_after=None
[2024-07-11T00:25:58.728+0000] {processor.py:183} INFO - Processing /home/airflow/.local/lib/python3.12/site-packages/airflow/example_dags/example_dag_decorator.py took 0.756 seconds
[2024-07-11T00:26:28.892+0000] {processor.py:161} INFO - Started process (PID=7057) to work on /home/airflow/.local/lib/python3.12/site-packages/airflow/example_dags/example_dag_decorator.py
[2024-07-11T00:26:28.899+0000] {processor.py:830} INFO - Processing file /home/airflow/.local/lib/python3.12/site-packages/airflow/example_dags/example_dag_decorator.py for tasks to queue
[2024-07-11T00:26:28.913+0000] {logging_mixin.py:188} INFO - [2024-07-11T00:26:28.912+0000] {dagbag.py:545} INFO - Filling up the DagBag from /home/airflow/.local/lib/python3.12/site-packages/airflow/example_dags/example_dag_decorator.py
[2024-07-11T00:26:29.242+0000] {processor.py:840} INFO - DAG(s) 'example_dag_decorator' retrieved from /home/airflow/.local/lib/python3.12/site-packages/airflow/example_dags/example_dag_decorator.py
[2024-07-11T00:26:29.792+0000] {logging_mixin.py:188} INFO - [2024-07-11T00:26:29.791+0000] {dag.py:3096} INFO - Sync 1 DAGs
[2024-07-11T00:26:29.828+0000] {logging_mixin.py:188} INFO - [2024-07-11T00:26:29.828+0000] {dag.py:3954} INFO - Setting next_dagrun for example_dag_decorator to None, run_after=None
[2024-07-11T00:26:29.892+0000] {processor.py:183} INFO - Processing /home/airflow/.local/lib/python3.12/site-packages/airflow/example_dags/example_dag_decorator.py took 1.049 seconds
[2024-07-11T00:27:00.097+0000] {processor.py:161} INFO - Started process (PID=7117) to work on /home/airflow/.local/lib/python3.12/site-packages/airflow/example_dags/example_dag_decorator.py
[2024-07-11T00:27:00.098+0000] {processor.py:830} INFO - Processing file /home/airflow/.local/lib/python3.12/site-packages/airflow/example_dags/example_dag_decorator.py for tasks to queue
[2024-07-11T00:27:00.101+0000] {logging_mixin.py:188} INFO - [2024-07-11T00:27:00.100+0000] {dagbag.py:545} INFO - Filling up the DagBag from /home/airflow/.local/lib/python3.12/site-packages/airflow/example_dags/example_dag_decorator.py
[2024-07-11T00:27:00.312+0000] {processor.py:840} INFO - DAG(s) 'example_dag_decorator' retrieved from /home/airflow/.local/lib/python3.12/site-packages/airflow/example_dags/example_dag_decorator.py
[2024-07-11T00:27:00.525+0000] {logging_mixin.py:188} INFO - [2024-07-11T00:27:00.524+0000] {dag.py:3096} INFO - Sync 1 DAGs
[2024-07-11T00:27:00.541+0000] {logging_mixin.py:188} INFO - [2024-07-11T00:27:00.540+0000] {dag.py:3954} INFO - Setting next_dagrun for example_dag_decorator to None, run_after=None
[2024-07-11T00:27:00.573+0000] {processor.py:183} INFO - Processing /home/airflow/.local/lib/python3.12/site-packages/airflow/example_dags/example_dag_decorator.py took 0.492 seconds
