[2024-07-11T00:00:18.469+0000] {processor.py:161} INFO - Started process (PID=4015) to work on /home/airflow/.local/lib/python3.12/site-packages/airflow/example_dags/example_setup_teardown.py
[2024-07-11T00:00:18.483+0000] {processor.py:830} INFO - Processing file /home/airflow/.local/lib/python3.12/site-packages/airflow/example_dags/example_setup_teardown.py for tasks to queue
[2024-07-11T00:00:18.493+0000] {logging_mixin.py:188} INFO - [2024-07-11T00:00:18.485+0000] {dagbag.py:545} INFO - Filling up the DagBag from /home/airflow/.local/lib/python3.12/site-packages/airflow/example_dags/example_setup_teardown.py
[2024-07-11T00:00:18.522+0000] {processor.py:840} INFO - DAG(s) 'example_setup_teardown' retrieved from /home/airflow/.local/lib/python3.12/site-packages/airflow/example_dags/example_setup_teardown.py
[2024-07-11T00:00:18.603+0000] {logging_mixin.py:188} INFO - [2024-07-11T00:00:18.602+0000] {dag.py:3096} INFO - Sync 1 DAGs
[2024-07-11T00:00:18.738+0000] {logging_mixin.py:188} INFO - [2024-07-11T00:00:18.738+0000] {dag.py:3954} INFO - Setting next_dagrun for example_setup_teardown to 2024-07-10 00:00:00+00:00, run_after=2024-07-11 00:00:00+00:00
[2024-07-11T00:00:18.813+0000] {processor.py:183} INFO - Processing /home/airflow/.local/lib/python3.12/site-packages/airflow/example_dags/example_setup_teardown.py took 0.367 seconds
[2024-07-11T00:00:49.506+0000] {processor.py:161} INFO - Started process (PID=4075) to work on /home/airflow/.local/lib/python3.12/site-packages/airflow/example_dags/example_setup_teardown.py
[2024-07-11T00:00:49.509+0000] {processor.py:830} INFO - Processing file /home/airflow/.local/lib/python3.12/site-packages/airflow/example_dags/example_setup_teardown.py for tasks to queue
[2024-07-11T00:00:49.515+0000] {logging_mixin.py:188} INFO - [2024-07-11T00:00:49.512+0000] {dagbag.py:545} INFO - Filling up the DagBag from /home/airflow/.local/lib/python3.12/site-packages/airflow/example_dags/example_setup_teardown.py
[2024-07-11T00:00:49.581+0000] {processor.py:840} INFO - DAG(s) 'example_setup_teardown' retrieved from /home/airflow/.local/lib/python3.12/site-packages/airflow/example_dags/example_setup_teardown.py
[2024-07-11T00:00:49.778+0000] {logging_mixin.py:188} INFO - [2024-07-11T00:00:49.777+0000] {dag.py:3096} INFO - Sync 1 DAGs
[2024-07-11T00:00:49.827+0000] {logging_mixin.py:188} INFO - [2024-07-11T00:00:49.826+0000] {dag.py:3954} INFO - Setting next_dagrun for example_setup_teardown to 2024-07-10 00:00:00+00:00, run_after=2024-07-11 00:00:00+00:00
[2024-07-11T00:00:49.902+0000] {processor.py:183} INFO - Processing /home/airflow/.local/lib/python3.12/site-packages/airflow/example_dags/example_setup_teardown.py took 0.454 seconds
[2024-07-11T00:01:20.307+0000] {processor.py:161} INFO - Started process (PID=4137) to work on /home/airflow/.local/lib/python3.12/site-packages/airflow/example_dags/example_setup_teardown.py
[2024-07-11T00:01:20.310+0000] {processor.py:830} INFO - Processing file /home/airflow/.local/lib/python3.12/site-packages/airflow/example_dags/example_setup_teardown.py for tasks to queue
[2024-07-11T00:01:20.312+0000] {logging_mixin.py:188} INFO - [2024-07-11T00:01:20.311+0000] {dagbag.py:545} INFO - Filling up the DagBag from /home/airflow/.local/lib/python3.12/site-packages/airflow/example_dags/example_setup_teardown.py
[2024-07-11T00:01:20.323+0000] {processor.py:840} INFO - DAG(s) 'example_setup_teardown' retrieved from /home/airflow/.local/lib/python3.12/site-packages/airflow/example_dags/example_setup_teardown.py
[2024-07-11T00:01:20.368+0000] {logging_mixin.py:188} INFO - [2024-07-11T00:01:20.368+0000] {dag.py:3096} INFO - Sync 1 DAGs
[2024-07-11T00:01:20.525+0000] {logging_mixin.py:188} INFO - [2024-07-11T00:01:20.524+0000] {dag.py:3954} INFO - Setting next_dagrun for example_setup_teardown to 2024-07-10 00:00:00+00:00, run_after=2024-07-11 00:00:00+00:00
[2024-07-11T00:01:20.627+0000] {processor.py:183} INFO - Processing /home/airflow/.local/lib/python3.12/site-packages/airflow/example_dags/example_setup_teardown.py took 0.337 seconds
[2024-07-11T00:01:50.763+0000] {processor.py:161} INFO - Started process (PID=4196) to work on /home/airflow/.local/lib/python3.12/site-packages/airflow/example_dags/example_setup_teardown.py
[2024-07-11T00:01:50.768+0000] {processor.py:830} INFO - Processing file /home/airflow/.local/lib/python3.12/site-packages/airflow/example_dags/example_setup_teardown.py for tasks to queue
[2024-07-11T00:01:50.774+0000] {logging_mixin.py:188} INFO - [2024-07-11T00:01:50.772+0000] {dagbag.py:545} INFO - Filling up the DagBag from /home/airflow/.local/lib/python3.12/site-packages/airflow/example_dags/example_setup_teardown.py
[2024-07-11T00:01:50.802+0000] {processor.py:840} INFO - DAG(s) 'example_setup_teardown' retrieved from /home/airflow/.local/lib/python3.12/site-packages/airflow/example_dags/example_setup_teardown.py
[2024-07-11T00:01:50.895+0000] {logging_mixin.py:188} INFO - [2024-07-11T00:01:50.895+0000] {dag.py:3096} INFO - Sync 1 DAGs
[2024-07-11T00:01:50.968+0000] {logging_mixin.py:188} INFO - [2024-07-11T00:01:50.966+0000] {dag.py:3954} INFO - Setting next_dagrun for example_setup_teardown to 2024-07-10 00:00:00+00:00, run_after=2024-07-11 00:00:00+00:00
[2024-07-11T00:01:51.012+0000] {processor.py:183} INFO - Processing /home/airflow/.local/lib/python3.12/site-packages/airflow/example_dags/example_setup_teardown.py took 0.275 seconds
[2024-07-11T00:02:21.488+0000] {processor.py:161} INFO - Started process (PID=4258) to work on /home/airflow/.local/lib/python3.12/site-packages/airflow/example_dags/example_setup_teardown.py
[2024-07-11T00:02:21.490+0000] {processor.py:830} INFO - Processing file /home/airflow/.local/lib/python3.12/site-packages/airflow/example_dags/example_setup_teardown.py for tasks to queue
[2024-07-11T00:02:21.492+0000] {logging_mixin.py:188} INFO - [2024-07-11T00:02:21.491+0000] {dagbag.py:545} INFO - Filling up the DagBag from /home/airflow/.local/lib/python3.12/site-packages/airflow/example_dags/example_setup_teardown.py
[2024-07-11T00:02:21.503+0000] {processor.py:840} INFO - DAG(s) 'example_setup_teardown' retrieved from /home/airflow/.local/lib/python3.12/site-packages/airflow/example_dags/example_setup_teardown.py
[2024-07-11T00:02:21.545+0000] {logging_mixin.py:188} INFO - [2024-07-11T00:02:21.544+0000] {dag.py:3096} INFO - Sync 1 DAGs
[2024-07-11T00:02:21.588+0000] {logging_mixin.py:188} INFO - [2024-07-11T00:02:21.587+0000] {dag.py:3954} INFO - Setting next_dagrun for example_setup_teardown to 2024-07-10 00:00:00+00:00, run_after=2024-07-11 00:00:00+00:00
[2024-07-11T00:02:21.622+0000] {processor.py:183} INFO - Processing /home/airflow/.local/lib/python3.12/site-packages/airflow/example_dags/example_setup_teardown.py took 0.148 seconds
[2024-07-11T00:02:53.916+0000] {processor.py:161} INFO - Started process (PID=4317) to work on /home/airflow/.local/lib/python3.12/site-packages/airflow/example_dags/example_setup_teardown.py
[2024-07-11T00:02:53.920+0000] {processor.py:830} INFO - Processing file /home/airflow/.local/lib/python3.12/site-packages/airflow/example_dags/example_setup_teardown.py for tasks to queue
[2024-07-11T00:02:53.924+0000] {logging_mixin.py:188} INFO - [2024-07-11T00:02:53.922+0000] {dagbag.py:545} INFO - Filling up the DagBag from /home/airflow/.local/lib/python3.12/site-packages/airflow/example_dags/example_setup_teardown.py
[2024-07-11T00:02:53.938+0000] {processor.py:840} INFO - DAG(s) 'example_setup_teardown' retrieved from /home/airflow/.local/lib/python3.12/site-packages/airflow/example_dags/example_setup_teardown.py
[2024-07-11T00:02:54.005+0000] {logging_mixin.py:188} INFO - [2024-07-11T00:02:54.004+0000] {dag.py:3096} INFO - Sync 1 DAGs
[2024-07-11T00:02:54.138+0000] {logging_mixin.py:188} INFO - [2024-07-11T00:02:54.068+0000] {dag.py:3954} INFO - Setting next_dagrun for example_setup_teardown to 2024-07-10 00:00:00+00:00, run_after=2024-07-11 00:00:00+00:00
[2024-07-11T00:02:54.345+0000] {processor.py:183} INFO - Processing /home/airflow/.local/lib/python3.12/site-packages/airflow/example_dags/example_setup_teardown.py took 0.445 seconds
[2024-07-11T00:03:24.687+0000] {processor.py:161} INFO - Started process (PID=4379) to work on /home/airflow/.local/lib/python3.12/site-packages/airflow/example_dags/example_setup_teardown.py
[2024-07-11T00:03:24.693+0000] {processor.py:830} INFO - Processing file /home/airflow/.local/lib/python3.12/site-packages/airflow/example_dags/example_setup_teardown.py for tasks to queue
[2024-07-11T00:03:24.701+0000] {logging_mixin.py:188} INFO - [2024-07-11T00:03:24.699+0000] {dagbag.py:545} INFO - Filling up the DagBag from /home/airflow/.local/lib/python3.12/site-packages/airflow/example_dags/example_setup_teardown.py
[2024-07-11T00:03:24.735+0000] {processor.py:840} INFO - DAG(s) 'example_setup_teardown' retrieved from /home/airflow/.local/lib/python3.12/site-packages/airflow/example_dags/example_setup_teardown.py
[2024-07-11T00:03:24.910+0000] {logging_mixin.py:188} INFO - [2024-07-11T00:03:24.909+0000] {dag.py:3096} INFO - Sync 1 DAGs
[2024-07-11T00:03:25.091+0000] {logging_mixin.py:188} INFO - [2024-07-11T00:03:25.091+0000] {dag.py:3954} INFO - Setting next_dagrun for example_setup_teardown to 2024-07-10 00:00:00+00:00, run_after=2024-07-11 00:00:00+00:00
[2024-07-11T00:03:25.174+0000] {processor.py:183} INFO - Processing /home/airflow/.local/lib/python3.12/site-packages/airflow/example_dags/example_setup_teardown.py took 0.513 seconds
[2024-07-11T00:03:56.002+0000] {processor.py:161} INFO - Started process (PID=4439) to work on /home/airflow/.local/lib/python3.12/site-packages/airflow/example_dags/example_setup_teardown.py
[2024-07-11T00:03:56.004+0000] {processor.py:830} INFO - Processing file /home/airflow/.local/lib/python3.12/site-packages/airflow/example_dags/example_setup_teardown.py for tasks to queue
[2024-07-11T00:03:56.006+0000] {logging_mixin.py:188} INFO - [2024-07-11T00:03:56.005+0000] {dagbag.py:545} INFO - Filling up the DagBag from /home/airflow/.local/lib/python3.12/site-packages/airflow/example_dags/example_setup_teardown.py
[2024-07-11T00:03:56.046+0000] {processor.py:840} INFO - DAG(s) 'example_setup_teardown' retrieved from /home/airflow/.local/lib/python3.12/site-packages/airflow/example_dags/example_setup_teardown.py
[2024-07-11T00:03:56.207+0000] {logging_mixin.py:188} INFO - [2024-07-11T00:03:56.207+0000] {dag.py:3096} INFO - Sync 1 DAGs
[2024-07-11T00:03:56.376+0000] {logging_mixin.py:188} INFO - [2024-07-11T00:03:56.375+0000] {dag.py:3954} INFO - Setting next_dagrun for example_setup_teardown to 2024-07-10 00:00:00+00:00, run_after=2024-07-11 00:00:00+00:00
[2024-07-11T00:03:56.468+0000] {processor.py:183} INFO - Processing /home/airflow/.local/lib/python3.12/site-packages/airflow/example_dags/example_setup_teardown.py took 0.506 seconds
[2024-07-11T00:04:26.756+0000] {processor.py:161} INFO - Started process (PID=4499) to work on /home/airflow/.local/lib/python3.12/site-packages/airflow/example_dags/example_setup_teardown.py
[2024-07-11T00:04:26.758+0000] {processor.py:830} INFO - Processing file /home/airflow/.local/lib/python3.12/site-packages/airflow/example_dags/example_setup_teardown.py for tasks to queue
[2024-07-11T00:04:26.760+0000] {logging_mixin.py:188} INFO - [2024-07-11T00:04:26.759+0000] {dagbag.py:545} INFO - Filling up the DagBag from /home/airflow/.local/lib/python3.12/site-packages/airflow/example_dags/example_setup_teardown.py
[2024-07-11T00:04:26.773+0000] {processor.py:840} INFO - DAG(s) 'example_setup_teardown' retrieved from /home/airflow/.local/lib/python3.12/site-packages/airflow/example_dags/example_setup_teardown.py
[2024-07-11T00:04:26.809+0000] {logging_mixin.py:188} INFO - [2024-07-11T00:04:26.809+0000] {dag.py:3096} INFO - Sync 1 DAGs
[2024-07-11T00:04:26.844+0000] {logging_mixin.py:188} INFO - [2024-07-11T00:04:26.843+0000] {dag.py:3954} INFO - Setting next_dagrun for example_setup_teardown to 2024-07-10 00:00:00+00:00, run_after=2024-07-11 00:00:00+00:00
[2024-07-11T00:04:26.880+0000] {processor.py:183} INFO - Processing /home/airflow/.local/lib/python3.12/site-packages/airflow/example_dags/example_setup_teardown.py took 0.134 seconds
[2024-07-11T00:04:57.825+0000] {processor.py:161} INFO - Started process (PID=4561) to work on /home/airflow/.local/lib/python3.12/site-packages/airflow/example_dags/example_setup_teardown.py
[2024-07-11T00:04:57.831+0000] {processor.py:830} INFO - Processing file /home/airflow/.local/lib/python3.12/site-packages/airflow/example_dags/example_setup_teardown.py for tasks to queue
[2024-07-11T00:04:57.833+0000] {logging_mixin.py:188} INFO - [2024-07-11T00:04:57.832+0000] {dagbag.py:545} INFO - Filling up the DagBag from /home/airflow/.local/lib/python3.12/site-packages/airflow/example_dags/example_setup_teardown.py
[2024-07-11T00:04:57.854+0000] {processor.py:840} INFO - DAG(s) 'example_setup_teardown' retrieved from /home/airflow/.local/lib/python3.12/site-packages/airflow/example_dags/example_setup_teardown.py
[2024-07-11T00:04:57.908+0000] {logging_mixin.py:188} INFO - [2024-07-11T00:04:57.907+0000] {dag.py:3096} INFO - Sync 1 DAGs
[2024-07-11T00:04:57.965+0000] {logging_mixin.py:188} INFO - [2024-07-11T00:04:57.963+0000] {dag.py:3954} INFO - Setting next_dagrun for example_setup_teardown to 2024-07-10 00:00:00+00:00, run_after=2024-07-11 00:00:00+00:00
[2024-07-11T00:04:58.012+0000] {processor.py:183} INFO - Processing /home/airflow/.local/lib/python3.12/site-packages/airflow/example_dags/example_setup_teardown.py took 0.202 seconds
[2024-07-11T00:05:29.170+0000] {processor.py:161} INFO - Started process (PID=4621) to work on /home/airflow/.local/lib/python3.12/site-packages/airflow/example_dags/example_setup_teardown.py
[2024-07-11T00:05:29.172+0000] {processor.py:830} INFO - Processing file /home/airflow/.local/lib/python3.12/site-packages/airflow/example_dags/example_setup_teardown.py for tasks to queue
[2024-07-11T00:05:29.178+0000] {logging_mixin.py:188} INFO - [2024-07-11T00:05:29.174+0000] {dagbag.py:545} INFO - Filling up the DagBag from /home/airflow/.local/lib/python3.12/site-packages/airflow/example_dags/example_setup_teardown.py
[2024-07-11T00:05:29.203+0000] {processor.py:840} INFO - DAG(s) 'example_setup_teardown' retrieved from /home/airflow/.local/lib/python3.12/site-packages/airflow/example_dags/example_setup_teardown.py
[2024-07-11T00:05:29.274+0000] {logging_mixin.py:188} INFO - [2024-07-11T00:05:29.273+0000] {dag.py:3096} INFO - Sync 1 DAGs
[2024-07-11T00:05:29.367+0000] {logging_mixin.py:188} INFO - [2024-07-11T00:05:29.367+0000] {dag.py:3954} INFO - Setting next_dagrun for example_setup_teardown to 2024-07-10 00:00:00+00:00, run_after=2024-07-11 00:00:00+00:00
[2024-07-11T00:05:29.630+0000] {processor.py:183} INFO - Processing /home/airflow/.local/lib/python3.12/site-packages/airflow/example_dags/example_setup_teardown.py took 0.476 seconds
[2024-07-11T00:05:59.954+0000] {processor.py:161} INFO - Started process (PID=4679) to work on /home/airflow/.local/lib/python3.12/site-packages/airflow/example_dags/example_setup_teardown.py
[2024-07-11T00:05:59.957+0000] {processor.py:830} INFO - Processing file /home/airflow/.local/lib/python3.12/site-packages/airflow/example_dags/example_setup_teardown.py for tasks to queue
[2024-07-11T00:05:59.967+0000] {logging_mixin.py:188} INFO - [2024-07-11T00:05:59.965+0000] {dagbag.py:545} INFO - Filling up the DagBag from /home/airflow/.local/lib/python3.12/site-packages/airflow/example_dags/example_setup_teardown.py
[2024-07-11T00:05:59.994+0000] {processor.py:840} INFO - DAG(s) 'example_setup_teardown' retrieved from /home/airflow/.local/lib/python3.12/site-packages/airflow/example_dags/example_setup_teardown.py
[2024-07-11T00:06:00.290+0000] {logging_mixin.py:188} INFO - [2024-07-11T00:06:00.289+0000] {dag.py:3096} INFO - Sync 1 DAGs
[2024-07-11T00:06:00.466+0000] {logging_mixin.py:188} INFO - [2024-07-11T00:06:00.466+0000] {dag.py:3954} INFO - Setting next_dagrun for example_setup_teardown to 2024-07-10 00:00:00+00:00, run_after=2024-07-11 00:00:00+00:00
[2024-07-11T00:06:00.584+0000] {processor.py:183} INFO - Processing /home/airflow/.local/lib/python3.12/site-packages/airflow/example_dags/example_setup_teardown.py took 0.663 seconds
[2024-07-11T00:06:31.577+0000] {processor.py:161} INFO - Started process (PID=4739) to work on /home/airflow/.local/lib/python3.12/site-packages/airflow/example_dags/example_setup_teardown.py
[2024-07-11T00:06:31.582+0000] {processor.py:830} INFO - Processing file /home/airflow/.local/lib/python3.12/site-packages/airflow/example_dags/example_setup_teardown.py for tasks to queue
[2024-07-11T00:06:31.584+0000] {logging_mixin.py:188} INFO - [2024-07-11T00:06:31.583+0000] {dagbag.py:545} INFO - Filling up the DagBag from /home/airflow/.local/lib/python3.12/site-packages/airflow/example_dags/example_setup_teardown.py
[2024-07-11T00:06:31.603+0000] {processor.py:840} INFO - DAG(s) 'example_setup_teardown' retrieved from /home/airflow/.local/lib/python3.12/site-packages/airflow/example_dags/example_setup_teardown.py
[2024-07-11T00:06:31.647+0000] {logging_mixin.py:188} INFO - [2024-07-11T00:06:31.647+0000] {dag.py:3096} INFO - Sync 1 DAGs
[2024-07-11T00:06:31.686+0000] {logging_mixin.py:188} INFO - [2024-07-11T00:06:31.686+0000] {dag.py:3954} INFO - Setting next_dagrun for example_setup_teardown to 2024-07-10 00:00:00+00:00, run_after=2024-07-11 00:00:00+00:00
[2024-07-11T00:06:31.727+0000] {processor.py:183} INFO - Processing /home/airflow/.local/lib/python3.12/site-packages/airflow/example_dags/example_setup_teardown.py took 0.160 seconds
[2024-07-11T00:07:01.907+0000] {processor.py:161} INFO - Started process (PID=4799) to work on /home/airflow/.local/lib/python3.12/site-packages/airflow/example_dags/example_setup_teardown.py
[2024-07-11T00:07:01.911+0000] {processor.py:830} INFO - Processing file /home/airflow/.local/lib/python3.12/site-packages/airflow/example_dags/example_setup_teardown.py for tasks to queue
[2024-07-11T00:07:01.913+0000] {logging_mixin.py:188} INFO - [2024-07-11T00:07:01.912+0000] {dagbag.py:545} INFO - Filling up the DagBag from /home/airflow/.local/lib/python3.12/site-packages/airflow/example_dags/example_setup_teardown.py
[2024-07-11T00:07:01.925+0000] {processor.py:840} INFO - DAG(s) 'example_setup_teardown' retrieved from /home/airflow/.local/lib/python3.12/site-packages/airflow/example_dags/example_setup_teardown.py
[2024-07-11T00:07:01.963+0000] {logging_mixin.py:188} INFO - [2024-07-11T00:07:01.963+0000] {dag.py:3096} INFO - Sync 1 DAGs
[2024-07-11T00:07:02.015+0000] {logging_mixin.py:188} INFO - [2024-07-11T00:07:02.015+0000] {dag.py:3954} INFO - Setting next_dagrun for example_setup_teardown to 2024-07-10 00:00:00+00:00, run_after=2024-07-11 00:00:00+00:00
[2024-07-11T00:07:02.127+0000] {processor.py:183} INFO - Processing /home/airflow/.local/lib/python3.12/site-packages/airflow/example_dags/example_setup_teardown.py took 0.234 seconds
[2024-07-11T00:07:32.547+0000] {processor.py:161} INFO - Started process (PID=4858) to work on /home/airflow/.local/lib/python3.12/site-packages/airflow/example_dags/example_setup_teardown.py
[2024-07-11T00:07:32.550+0000] {processor.py:830} INFO - Processing file /home/airflow/.local/lib/python3.12/site-packages/airflow/example_dags/example_setup_teardown.py for tasks to queue
[2024-07-11T00:07:32.553+0000] {logging_mixin.py:188} INFO - [2024-07-11T00:07:32.552+0000] {dagbag.py:545} INFO - Filling up the DagBag from /home/airflow/.local/lib/python3.12/site-packages/airflow/example_dags/example_setup_teardown.py
[2024-07-11T00:07:32.569+0000] {processor.py:840} INFO - DAG(s) 'example_setup_teardown' retrieved from /home/airflow/.local/lib/python3.12/site-packages/airflow/example_dags/example_setup_teardown.py
[2024-07-11T00:07:32.687+0000] {logging_mixin.py:188} INFO - [2024-07-11T00:07:32.687+0000] {dag.py:3096} INFO - Sync 1 DAGs
[2024-07-11T00:07:32.721+0000] {logging_mixin.py:188} INFO - [2024-07-11T00:07:32.720+0000] {dag.py:3954} INFO - Setting next_dagrun for example_setup_teardown to 2024-07-10 00:00:00+00:00, run_after=2024-07-11 00:00:00+00:00
[2024-07-11T00:07:32.754+0000] {processor.py:183} INFO - Processing /home/airflow/.local/lib/python3.12/site-packages/airflow/example_dags/example_setup_teardown.py took 0.227 seconds
[2024-07-11T00:08:03.204+0000] {processor.py:161} INFO - Started process (PID=4918) to work on /home/airflow/.local/lib/python3.12/site-packages/airflow/example_dags/example_setup_teardown.py
[2024-07-11T00:08:03.206+0000] {processor.py:830} INFO - Processing file /home/airflow/.local/lib/python3.12/site-packages/airflow/example_dags/example_setup_teardown.py for tasks to queue
[2024-07-11T00:08:03.209+0000] {logging_mixin.py:188} INFO - [2024-07-11T00:08:03.208+0000] {dagbag.py:545} INFO - Filling up the DagBag from /home/airflow/.local/lib/python3.12/site-packages/airflow/example_dags/example_setup_teardown.py
[2024-07-11T00:08:03.244+0000] {processor.py:840} INFO - DAG(s) 'example_setup_teardown' retrieved from /home/airflow/.local/lib/python3.12/site-packages/airflow/example_dags/example_setup_teardown.py
[2024-07-11T00:08:03.300+0000] {logging_mixin.py:188} INFO - [2024-07-11T00:08:03.300+0000] {dag.py:3096} INFO - Sync 1 DAGs
[2024-07-11T00:08:03.349+0000] {logging_mixin.py:188} INFO - [2024-07-11T00:08:03.348+0000] {dag.py:3954} INFO - Setting next_dagrun for example_setup_teardown to 2024-07-10 00:00:00+00:00, run_after=2024-07-11 00:00:00+00:00
[2024-07-11T00:08:03.499+0000] {processor.py:183} INFO - Processing /home/airflow/.local/lib/python3.12/site-packages/airflow/example_dags/example_setup_teardown.py took 0.306 seconds
[2024-07-11T00:08:34.006+0000] {processor.py:161} INFO - Started process (PID=4977) to work on /home/airflow/.local/lib/python3.12/site-packages/airflow/example_dags/example_setup_teardown.py
[2024-07-11T00:08:34.009+0000] {processor.py:830} INFO - Processing file /home/airflow/.local/lib/python3.12/site-packages/airflow/example_dags/example_setup_teardown.py for tasks to queue
[2024-07-11T00:08:34.013+0000] {logging_mixin.py:188} INFO - [2024-07-11T00:08:34.012+0000] {dagbag.py:545} INFO - Filling up the DagBag from /home/airflow/.local/lib/python3.12/site-packages/airflow/example_dags/example_setup_teardown.py
[2024-07-11T00:08:34.041+0000] {processor.py:840} INFO - DAG(s) 'example_setup_teardown' retrieved from /home/airflow/.local/lib/python3.12/site-packages/airflow/example_dags/example_setup_teardown.py
[2024-07-11T00:08:34.178+0000] {logging_mixin.py:188} INFO - [2024-07-11T00:08:34.166+0000] {dag.py:3096} INFO - Sync 1 DAGs
[2024-07-11T00:08:34.357+0000] {logging_mixin.py:188} INFO - [2024-07-11T00:08:34.357+0000] {dag.py:3954} INFO - Setting next_dagrun for example_setup_teardown to 2024-07-10 00:00:00+00:00, run_after=2024-07-11 00:00:00+00:00
[2024-07-11T00:08:34.456+0000] {processor.py:183} INFO - Processing /home/airflow/.local/lib/python3.12/site-packages/airflow/example_dags/example_setup_teardown.py took 0.469 seconds
[2024-07-11T00:09:04.583+0000] {processor.py:161} INFO - Started process (PID=5038) to work on /home/airflow/.local/lib/python3.12/site-packages/airflow/example_dags/example_setup_teardown.py
[2024-07-11T00:09:04.585+0000] {processor.py:830} INFO - Processing file /home/airflow/.local/lib/python3.12/site-packages/airflow/example_dags/example_setup_teardown.py for tasks to queue
[2024-07-11T00:09:04.588+0000] {logging_mixin.py:188} INFO - [2024-07-11T00:09:04.587+0000] {dagbag.py:545} INFO - Filling up the DagBag from /home/airflow/.local/lib/python3.12/site-packages/airflow/example_dags/example_setup_teardown.py
[2024-07-11T00:09:04.610+0000] {processor.py:840} INFO - DAG(s) 'example_setup_teardown' retrieved from /home/airflow/.local/lib/python3.12/site-packages/airflow/example_dags/example_setup_teardown.py
[2024-07-11T00:09:04.658+0000] {logging_mixin.py:188} INFO - [2024-07-11T00:09:04.658+0000] {dag.py:3096} INFO - Sync 1 DAGs
[2024-07-11T00:09:04.706+0000] {logging_mixin.py:188} INFO - [2024-07-11T00:09:04.705+0000] {dag.py:3954} INFO - Setting next_dagrun for example_setup_teardown to 2024-07-10 00:00:00+00:00, run_after=2024-07-11 00:00:00+00:00
[2024-07-11T00:09:04.741+0000] {processor.py:183} INFO - Processing /home/airflow/.local/lib/python3.12/site-packages/airflow/example_dags/example_setup_teardown.py took 0.172 seconds
[2024-07-11T00:09:35.186+0000] {processor.py:161} INFO - Started process (PID=5098) to work on /home/airflow/.local/lib/python3.12/site-packages/airflow/example_dags/example_setup_teardown.py
[2024-07-11T00:09:35.189+0000] {processor.py:830} INFO - Processing file /home/airflow/.local/lib/python3.12/site-packages/airflow/example_dags/example_setup_teardown.py for tasks to queue
[2024-07-11T00:09:35.191+0000] {logging_mixin.py:188} INFO - [2024-07-11T00:09:35.190+0000] {dagbag.py:545} INFO - Filling up the DagBag from /home/airflow/.local/lib/python3.12/site-packages/airflow/example_dags/example_setup_teardown.py
[2024-07-11T00:09:35.207+0000] {processor.py:840} INFO - DAG(s) 'example_setup_teardown' retrieved from /home/airflow/.local/lib/python3.12/site-packages/airflow/example_dags/example_setup_teardown.py
[2024-07-11T00:09:35.311+0000] {logging_mixin.py:188} INFO - [2024-07-11T00:09:35.310+0000] {dag.py:3096} INFO - Sync 1 DAGs
[2024-07-11T00:09:35.366+0000] {logging_mixin.py:188} INFO - [2024-07-11T00:09:35.365+0000] {dag.py:3954} INFO - Setting next_dagrun for example_setup_teardown to 2024-07-10 00:00:00+00:00, run_after=2024-07-11 00:00:00+00:00
[2024-07-11T00:09:35.411+0000] {processor.py:183} INFO - Processing /home/airflow/.local/lib/python3.12/site-packages/airflow/example_dags/example_setup_teardown.py took 0.238 seconds
[2024-07-11T00:10:05.797+0000] {processor.py:161} INFO - Started process (PID=5158) to work on /home/airflow/.local/lib/python3.12/site-packages/airflow/example_dags/example_setup_teardown.py
[2024-07-11T00:10:05.800+0000] {processor.py:830} INFO - Processing file /home/airflow/.local/lib/python3.12/site-packages/airflow/example_dags/example_setup_teardown.py for tasks to queue
[2024-07-11T00:10:05.803+0000] {logging_mixin.py:188} INFO - [2024-07-11T00:10:05.802+0000] {dagbag.py:545} INFO - Filling up the DagBag from /home/airflow/.local/lib/python3.12/site-packages/airflow/example_dags/example_setup_teardown.py
[2024-07-11T00:10:05.816+0000] {processor.py:840} INFO - DAG(s) 'example_setup_teardown' retrieved from /home/airflow/.local/lib/python3.12/site-packages/airflow/example_dags/example_setup_teardown.py
[2024-07-11T00:10:05.864+0000] {logging_mixin.py:188} INFO - [2024-07-11T00:10:05.863+0000] {dag.py:3096} INFO - Sync 1 DAGs
[2024-07-11T00:10:05.922+0000] {logging_mixin.py:188} INFO - [2024-07-11T00:10:05.921+0000] {dag.py:3954} INFO - Setting next_dagrun for example_setup_teardown to 2024-07-10 00:00:00+00:00, run_after=2024-07-11 00:00:00+00:00
[2024-07-11T00:10:05.959+0000] {processor.py:183} INFO - Processing /home/airflow/.local/lib/python3.12/site-packages/airflow/example_dags/example_setup_teardown.py took 0.173 seconds
[2024-07-11T00:10:36.519+0000] {processor.py:161} INFO - Started process (PID=5217) to work on /home/airflow/.local/lib/python3.12/site-packages/airflow/example_dags/example_setup_teardown.py
[2024-07-11T00:10:36.522+0000] {processor.py:830} INFO - Processing file /home/airflow/.local/lib/python3.12/site-packages/airflow/example_dags/example_setup_teardown.py for tasks to queue
[2024-07-11T00:10:36.524+0000] {logging_mixin.py:188} INFO - [2024-07-11T00:10:36.523+0000] {dagbag.py:545} INFO - Filling up the DagBag from /home/airflow/.local/lib/python3.12/site-packages/airflow/example_dags/example_setup_teardown.py
[2024-07-11T00:10:36.534+0000] {processor.py:840} INFO - DAG(s) 'example_setup_teardown' retrieved from /home/airflow/.local/lib/python3.12/site-packages/airflow/example_dags/example_setup_teardown.py
[2024-07-11T00:10:36.571+0000] {logging_mixin.py:188} INFO - [2024-07-11T00:10:36.570+0000] {dag.py:3096} INFO - Sync 1 DAGs
[2024-07-11T00:10:36.609+0000] {logging_mixin.py:188} INFO - [2024-07-11T00:10:36.609+0000] {dag.py:3954} INFO - Setting next_dagrun for example_setup_teardown to 2024-07-10 00:00:00+00:00, run_after=2024-07-11 00:00:00+00:00
[2024-07-11T00:10:36.642+0000] {processor.py:183} INFO - Processing /home/airflow/.local/lib/python3.12/site-packages/airflow/example_dags/example_setup_teardown.py took 0.132 seconds
[2024-07-11T00:11:07.211+0000] {processor.py:161} INFO - Started process (PID=5275) to work on /home/airflow/.local/lib/python3.12/site-packages/airflow/example_dags/example_setup_teardown.py
[2024-07-11T00:11:07.213+0000] {processor.py:830} INFO - Processing file /home/airflow/.local/lib/python3.12/site-packages/airflow/example_dags/example_setup_teardown.py for tasks to queue
[2024-07-11T00:11:07.215+0000] {logging_mixin.py:188} INFO - [2024-07-11T00:11:07.214+0000] {dagbag.py:545} INFO - Filling up the DagBag from /home/airflow/.local/lib/python3.12/site-packages/airflow/example_dags/example_setup_teardown.py
[2024-07-11T00:11:07.224+0000] {processor.py:840} INFO - DAG(s) 'example_setup_teardown' retrieved from /home/airflow/.local/lib/python3.12/site-packages/airflow/example_dags/example_setup_teardown.py
[2024-07-11T00:11:07.271+0000] {logging_mixin.py:188} INFO - [2024-07-11T00:11:07.271+0000] {dag.py:3096} INFO - Sync 1 DAGs
[2024-07-11T00:11:07.320+0000] {logging_mixin.py:188} INFO - [2024-07-11T00:11:07.320+0000] {dag.py:3954} INFO - Setting next_dagrun for example_setup_teardown to 2024-07-10 00:00:00+00:00, run_after=2024-07-11 00:00:00+00:00
[2024-07-11T00:11:07.371+0000] {processor.py:183} INFO - Processing /home/airflow/.local/lib/python3.12/site-packages/airflow/example_dags/example_setup_teardown.py took 0.172 seconds
[2024-07-11T00:11:38.997+0000] {processor.py:161} INFO - Started process (PID=5335) to work on /home/airflow/.local/lib/python3.12/site-packages/airflow/example_dags/example_setup_teardown.py
[2024-07-11T00:11:39.004+0000] {processor.py:830} INFO - Processing file /home/airflow/.local/lib/python3.12/site-packages/airflow/example_dags/example_setup_teardown.py for tasks to queue
[2024-07-11T00:11:39.018+0000] {logging_mixin.py:188} INFO - [2024-07-11T00:11:39.015+0000] {dagbag.py:545} INFO - Filling up the DagBag from /home/airflow/.local/lib/python3.12/site-packages/airflow/example_dags/example_setup_teardown.py
[2024-07-11T00:11:39.074+0000] {processor.py:840} INFO - DAG(s) 'example_setup_teardown' retrieved from /home/airflow/.local/lib/python3.12/site-packages/airflow/example_dags/example_setup_teardown.py
[2024-07-11T00:11:39.218+0000] {logging_mixin.py:188} INFO - [2024-07-11T00:11:39.218+0000] {dag.py:3096} INFO - Sync 1 DAGs
[2024-07-11T00:11:39.303+0000] {logging_mixin.py:188} INFO - [2024-07-11T00:11:39.303+0000] {dag.py:3954} INFO - Setting next_dagrun for example_setup_teardown to 2024-07-10 00:00:00+00:00, run_after=2024-07-11 00:00:00+00:00
[2024-07-11T00:11:39.354+0000] {processor.py:183} INFO - Processing /home/airflow/.local/lib/python3.12/site-packages/airflow/example_dags/example_setup_teardown.py took 0.385 seconds
[2024-07-11T00:12:10.266+0000] {processor.py:161} INFO - Started process (PID=5395) to work on /home/airflow/.local/lib/python3.12/site-packages/airflow/example_dags/example_setup_teardown.py
[2024-07-11T00:12:10.272+0000] {processor.py:830} INFO - Processing file /home/airflow/.local/lib/python3.12/site-packages/airflow/example_dags/example_setup_teardown.py for tasks to queue
[2024-07-11T00:12:10.282+0000] {logging_mixin.py:188} INFO - [2024-07-11T00:12:10.274+0000] {dagbag.py:545} INFO - Filling up the DagBag from /home/airflow/.local/lib/python3.12/site-packages/airflow/example_dags/example_setup_teardown.py
[2024-07-11T00:12:10.314+0000] {processor.py:840} INFO - DAG(s) 'example_setup_teardown' retrieved from /home/airflow/.local/lib/python3.12/site-packages/airflow/example_dags/example_setup_teardown.py
[2024-07-11T00:12:10.411+0000] {logging_mixin.py:188} INFO - [2024-07-11T00:12:10.410+0000] {dag.py:3096} INFO - Sync 1 DAGs
[2024-07-11T00:12:10.477+0000] {logging_mixin.py:188} INFO - [2024-07-11T00:12:10.476+0000] {dag.py:3954} INFO - Setting next_dagrun for example_setup_teardown to 2024-07-10 00:00:00+00:00, run_after=2024-07-11 00:00:00+00:00
[2024-07-11T00:12:10.536+0000] {processor.py:183} INFO - Processing /home/airflow/.local/lib/python3.12/site-packages/airflow/example_dags/example_setup_teardown.py took 0.285 seconds
[2024-07-11T00:12:41.223+0000] {processor.py:161} INFO - Started process (PID=5454) to work on /home/airflow/.local/lib/python3.12/site-packages/airflow/example_dags/example_setup_teardown.py
[2024-07-11T00:12:41.225+0000] {processor.py:830} INFO - Processing file /home/airflow/.local/lib/python3.12/site-packages/airflow/example_dags/example_setup_teardown.py for tasks to queue
[2024-07-11T00:12:41.227+0000] {logging_mixin.py:188} INFO - [2024-07-11T00:12:41.227+0000] {dagbag.py:545} INFO - Filling up the DagBag from /home/airflow/.local/lib/python3.12/site-packages/airflow/example_dags/example_setup_teardown.py
[2024-07-11T00:12:41.263+0000] {processor.py:840} INFO - DAG(s) 'example_setup_teardown' retrieved from /home/airflow/.local/lib/python3.12/site-packages/airflow/example_dags/example_setup_teardown.py
[2024-07-11T00:12:41.359+0000] {logging_mixin.py:188} INFO - [2024-07-11T00:12:41.358+0000] {dag.py:3096} INFO - Sync 1 DAGs
[2024-07-11T00:12:41.467+0000] {logging_mixin.py:188} INFO - [2024-07-11T00:12:41.466+0000] {dag.py:3954} INFO - Setting next_dagrun for example_setup_teardown to 2024-07-10 00:00:00+00:00, run_after=2024-07-11 00:00:00+00:00
[2024-07-11T00:12:41.543+0000] {processor.py:183} INFO - Processing /home/airflow/.local/lib/python3.12/site-packages/airflow/example_dags/example_setup_teardown.py took 0.340 seconds
[2024-07-11T00:13:11.632+0000] {processor.py:161} INFO - Started process (PID=5514) to work on /home/airflow/.local/lib/python3.12/site-packages/airflow/example_dags/example_setup_teardown.py
[2024-07-11T00:13:11.637+0000] {processor.py:830} INFO - Processing file /home/airflow/.local/lib/python3.12/site-packages/airflow/example_dags/example_setup_teardown.py for tasks to queue
[2024-07-11T00:13:11.649+0000] {logging_mixin.py:188} INFO - [2024-07-11T00:13:11.648+0000] {dagbag.py:545} INFO - Filling up the DagBag from /home/airflow/.local/lib/python3.12/site-packages/airflow/example_dags/example_setup_teardown.py
[2024-07-11T00:13:11.669+0000] {processor.py:840} INFO - DAG(s) 'example_setup_teardown' retrieved from /home/airflow/.local/lib/python3.12/site-packages/airflow/example_dags/example_setup_teardown.py
[2024-07-11T00:13:11.716+0000] {logging_mixin.py:188} INFO - [2024-07-11T00:13:11.716+0000] {dag.py:3096} INFO - Sync 1 DAGs
[2024-07-11T00:13:11.771+0000] {logging_mixin.py:188} INFO - [2024-07-11T00:13:11.770+0000] {dag.py:3954} INFO - Setting next_dagrun for example_setup_teardown to 2024-07-10 00:00:00+00:00, run_after=2024-07-11 00:00:00+00:00
[2024-07-11T00:13:11.827+0000] {processor.py:183} INFO - Processing /home/airflow/.local/lib/python3.12/site-packages/airflow/example_dags/example_setup_teardown.py took 0.210 seconds
[2024-07-11T00:13:41.998+0000] {processor.py:161} INFO - Started process (PID=5573) to work on /home/airflow/.local/lib/python3.12/site-packages/airflow/example_dags/example_setup_teardown.py
[2024-07-11T00:13:42.000+0000] {processor.py:830} INFO - Processing file /home/airflow/.local/lib/python3.12/site-packages/airflow/example_dags/example_setup_teardown.py for tasks to queue
[2024-07-11T00:13:42.004+0000] {logging_mixin.py:188} INFO - [2024-07-11T00:13:42.003+0000] {dagbag.py:545} INFO - Filling up the DagBag from /home/airflow/.local/lib/python3.12/site-packages/airflow/example_dags/example_setup_teardown.py
[2024-07-11T00:13:42.015+0000] {processor.py:840} INFO - DAG(s) 'example_setup_teardown' retrieved from /home/airflow/.local/lib/python3.12/site-packages/airflow/example_dags/example_setup_teardown.py
[2024-07-11T00:13:42.063+0000] {logging_mixin.py:188} INFO - [2024-07-11T00:13:42.063+0000] {dag.py:3096} INFO - Sync 1 DAGs
[2024-07-11T00:13:42.098+0000] {logging_mixin.py:188} INFO - [2024-07-11T00:13:42.097+0000] {dag.py:3954} INFO - Setting next_dagrun for example_setup_teardown to 2024-07-10 00:00:00+00:00, run_after=2024-07-11 00:00:00+00:00
[2024-07-11T00:13:42.131+0000] {processor.py:183} INFO - Processing /home/airflow/.local/lib/python3.12/site-packages/airflow/example_dags/example_setup_teardown.py took 0.143 seconds
[2024-07-11T00:14:12.488+0000] {processor.py:161} INFO - Started process (PID=5633) to work on /home/airflow/.local/lib/python3.12/site-packages/airflow/example_dags/example_setup_teardown.py
[2024-07-11T00:14:12.500+0000] {processor.py:830} INFO - Processing file /home/airflow/.local/lib/python3.12/site-packages/airflow/example_dags/example_setup_teardown.py for tasks to queue
[2024-07-11T00:14:12.510+0000] {logging_mixin.py:188} INFO - [2024-07-11T00:14:12.509+0000] {dagbag.py:545} INFO - Filling up the DagBag from /home/airflow/.local/lib/python3.12/site-packages/airflow/example_dags/example_setup_teardown.py
[2024-07-11T00:14:12.529+0000] {processor.py:840} INFO - DAG(s) 'example_setup_teardown' retrieved from /home/airflow/.local/lib/python3.12/site-packages/airflow/example_dags/example_setup_teardown.py
[2024-07-11T00:14:12.626+0000] {logging_mixin.py:188} INFO - [2024-07-11T00:14:12.625+0000] {dag.py:3096} INFO - Sync 1 DAGs
[2024-07-11T00:14:12.699+0000] {logging_mixin.py:188} INFO - [2024-07-11T00:14:12.698+0000] {dag.py:3954} INFO - Setting next_dagrun for example_setup_teardown to 2024-07-10 00:00:00+00:00, run_after=2024-07-11 00:00:00+00:00
[2024-07-11T00:14:12.755+0000] {processor.py:183} INFO - Processing /home/airflow/.local/lib/python3.12/site-packages/airflow/example_dags/example_setup_teardown.py took 0.281 seconds
[2024-07-11T00:14:43.227+0000] {processor.py:161} INFO - Started process (PID=5693) to work on /home/airflow/.local/lib/python3.12/site-packages/airflow/example_dags/example_setup_teardown.py
[2024-07-11T00:14:43.229+0000] {processor.py:830} INFO - Processing file /home/airflow/.local/lib/python3.12/site-packages/airflow/example_dags/example_setup_teardown.py for tasks to queue
[2024-07-11T00:14:43.231+0000] {logging_mixin.py:188} INFO - [2024-07-11T00:14:43.230+0000] {dagbag.py:545} INFO - Filling up the DagBag from /home/airflow/.local/lib/python3.12/site-packages/airflow/example_dags/example_setup_teardown.py
[2024-07-11T00:14:43.270+0000] {processor.py:840} INFO - DAG(s) 'example_setup_teardown' retrieved from /home/airflow/.local/lib/python3.12/site-packages/airflow/example_dags/example_setup_teardown.py
[2024-07-11T00:14:43.353+0000] {logging_mixin.py:188} INFO - [2024-07-11T00:14:43.352+0000] {dag.py:3096} INFO - Sync 1 DAGs
[2024-07-11T00:14:43.424+0000] {logging_mixin.py:188} INFO - [2024-07-11T00:14:43.423+0000] {dag.py:3954} INFO - Setting next_dagrun for example_setup_teardown to 2024-07-10 00:00:00+00:00, run_after=2024-07-11 00:00:00+00:00
[2024-07-11T00:14:43.491+0000] {processor.py:183} INFO - Processing /home/airflow/.local/lib/python3.12/site-packages/airflow/example_dags/example_setup_teardown.py took 0.276 seconds
[2024-07-11T00:15:14.147+0000] {processor.py:161} INFO - Started process (PID=5753) to work on /home/airflow/.local/lib/python3.12/site-packages/airflow/example_dags/example_setup_teardown.py
[2024-07-11T00:15:14.149+0000] {processor.py:830} INFO - Processing file /home/airflow/.local/lib/python3.12/site-packages/airflow/example_dags/example_setup_teardown.py for tasks to queue
[2024-07-11T00:15:14.151+0000] {logging_mixin.py:188} INFO - [2024-07-11T00:15:14.150+0000] {dagbag.py:545} INFO - Filling up the DagBag from /home/airflow/.local/lib/python3.12/site-packages/airflow/example_dags/example_setup_teardown.py
[2024-07-11T00:15:14.163+0000] {processor.py:840} INFO - DAG(s) 'example_setup_teardown' retrieved from /home/airflow/.local/lib/python3.12/site-packages/airflow/example_dags/example_setup_teardown.py
[2024-07-11T00:15:14.202+0000] {logging_mixin.py:188} INFO - [2024-07-11T00:15:14.201+0000] {dag.py:3096} INFO - Sync 1 DAGs
[2024-07-11T00:15:14.270+0000] {logging_mixin.py:188} INFO - [2024-07-11T00:15:14.270+0000] {dag.py:3954} INFO - Setting next_dagrun for example_setup_teardown to 2024-07-10 00:00:00+00:00, run_after=2024-07-11 00:00:00+00:00
[2024-07-11T00:15:14.316+0000] {processor.py:183} INFO - Processing /home/airflow/.local/lib/python3.12/site-packages/airflow/example_dags/example_setup_teardown.py took 0.179 seconds
[2024-07-11T00:15:44.530+0000] {processor.py:161} INFO - Started process (PID=5811) to work on /home/airflow/.local/lib/python3.12/site-packages/airflow/example_dags/example_setup_teardown.py
[2024-07-11T00:15:44.536+0000] {processor.py:830} INFO - Processing file /home/airflow/.local/lib/python3.12/site-packages/airflow/example_dags/example_setup_teardown.py for tasks to queue
[2024-07-11T00:15:44.541+0000] {logging_mixin.py:188} INFO - [2024-07-11T00:15:44.540+0000] {dagbag.py:545} INFO - Filling up the DagBag from /home/airflow/.local/lib/python3.12/site-packages/airflow/example_dags/example_setup_teardown.py
[2024-07-11T00:15:44.577+0000] {processor.py:840} INFO - DAG(s) 'example_setup_teardown' retrieved from /home/airflow/.local/lib/python3.12/site-packages/airflow/example_dags/example_setup_teardown.py
[2024-07-11T00:15:44.680+0000] {logging_mixin.py:188} INFO - [2024-07-11T00:15:44.680+0000] {dag.py:3096} INFO - Sync 1 DAGs
[2024-07-11T00:15:44.747+0000] {logging_mixin.py:188} INFO - [2024-07-11T00:15:44.747+0000] {dag.py:3954} INFO - Setting next_dagrun for example_setup_teardown to 2024-07-10 00:00:00+00:00, run_after=2024-07-11 00:00:00+00:00
[2024-07-11T00:15:44.853+0000] {processor.py:183} INFO - Processing /home/airflow/.local/lib/python3.12/site-packages/airflow/example_dags/example_setup_teardown.py took 0.363 seconds
[2024-07-11T00:16:15.020+0000] {processor.py:161} INFO - Started process (PID=5871) to work on /home/airflow/.local/lib/python3.12/site-packages/airflow/example_dags/example_setup_teardown.py
[2024-07-11T00:16:15.021+0000] {processor.py:830} INFO - Processing file /home/airflow/.local/lib/python3.12/site-packages/airflow/example_dags/example_setup_teardown.py for tasks to queue
[2024-07-11T00:16:15.023+0000] {logging_mixin.py:188} INFO - [2024-07-11T00:16:15.022+0000] {dagbag.py:545} INFO - Filling up the DagBag from /home/airflow/.local/lib/python3.12/site-packages/airflow/example_dags/example_setup_teardown.py
[2024-07-11T00:16:15.032+0000] {processor.py:840} INFO - DAG(s) 'example_setup_teardown' retrieved from /home/airflow/.local/lib/python3.12/site-packages/airflow/example_dags/example_setup_teardown.py
[2024-07-11T00:16:15.083+0000] {logging_mixin.py:188} INFO - [2024-07-11T00:16:15.082+0000] {dag.py:3096} INFO - Sync 1 DAGs
[2024-07-11T00:16:15.125+0000] {logging_mixin.py:188} INFO - [2024-07-11T00:16:15.125+0000] {dag.py:3954} INFO - Setting next_dagrun for example_setup_teardown to 2024-07-10 00:00:00+00:00, run_after=2024-07-11 00:00:00+00:00
[2024-07-11T00:16:15.168+0000] {processor.py:183} INFO - Processing /home/airflow/.local/lib/python3.12/site-packages/airflow/example_dags/example_setup_teardown.py took 0.161 seconds
[2024-07-11T00:16:45.736+0000] {processor.py:161} INFO - Started process (PID=5930) to work on /home/airflow/.local/lib/python3.12/site-packages/airflow/example_dags/example_setup_teardown.py
[2024-07-11T00:16:45.738+0000] {processor.py:830} INFO - Processing file /home/airflow/.local/lib/python3.12/site-packages/airflow/example_dags/example_setup_teardown.py for tasks to queue
[2024-07-11T00:16:45.742+0000] {logging_mixin.py:188} INFO - [2024-07-11T00:16:45.741+0000] {dagbag.py:545} INFO - Filling up the DagBag from /home/airflow/.local/lib/python3.12/site-packages/airflow/example_dags/example_setup_teardown.py
[2024-07-11T00:16:45.757+0000] {processor.py:840} INFO - DAG(s) 'example_setup_teardown' retrieved from /home/airflow/.local/lib/python3.12/site-packages/airflow/example_dags/example_setup_teardown.py
[2024-07-11T00:16:45.818+0000] {logging_mixin.py:188} INFO - [2024-07-11T00:16:45.818+0000] {dag.py:3096} INFO - Sync 1 DAGs
[2024-07-11T00:16:45.872+0000] {logging_mixin.py:188} INFO - [2024-07-11T00:16:45.871+0000] {dag.py:3954} INFO - Setting next_dagrun for example_setup_teardown to 2024-07-10 00:00:00+00:00, run_after=2024-07-11 00:00:00+00:00
[2024-07-11T00:16:45.936+0000] {processor.py:183} INFO - Processing /home/airflow/.local/lib/python3.12/site-packages/airflow/example_dags/example_setup_teardown.py took 0.215 seconds
[2024-07-11T00:17:16.180+0000] {processor.py:161} INFO - Started process (PID=5990) to work on /home/airflow/.local/lib/python3.12/site-packages/airflow/example_dags/example_setup_teardown.py
[2024-07-11T00:17:16.183+0000] {processor.py:830} INFO - Processing file /home/airflow/.local/lib/python3.12/site-packages/airflow/example_dags/example_setup_teardown.py for tasks to queue
[2024-07-11T00:17:16.185+0000] {logging_mixin.py:188} INFO - [2024-07-11T00:17:16.184+0000] {dagbag.py:545} INFO - Filling up the DagBag from /home/airflow/.local/lib/python3.12/site-packages/airflow/example_dags/example_setup_teardown.py
[2024-07-11T00:17:16.206+0000] {processor.py:840} INFO - DAG(s) 'example_setup_teardown' retrieved from /home/airflow/.local/lib/python3.12/site-packages/airflow/example_dags/example_setup_teardown.py
[2024-07-11T00:17:16.256+0000] {logging_mixin.py:188} INFO - [2024-07-11T00:17:16.255+0000] {dag.py:3096} INFO - Sync 1 DAGs
[2024-07-11T00:17:16.308+0000] {logging_mixin.py:188} INFO - [2024-07-11T00:17:16.307+0000] {dag.py:3954} INFO - Setting next_dagrun for example_setup_teardown to 2024-07-10 00:00:00+00:00, run_after=2024-07-11 00:00:00+00:00
[2024-07-11T00:17:16.358+0000] {processor.py:183} INFO - Processing /home/airflow/.local/lib/python3.12/site-packages/airflow/example_dags/example_setup_teardown.py took 0.188 seconds
[2024-07-11T00:17:46.888+0000] {processor.py:161} INFO - Started process (PID=6050) to work on /home/airflow/.local/lib/python3.12/site-packages/airflow/example_dags/example_setup_teardown.py
[2024-07-11T00:17:46.891+0000] {processor.py:830} INFO - Processing file /home/airflow/.local/lib/python3.12/site-packages/airflow/example_dags/example_setup_teardown.py for tasks to queue
[2024-07-11T00:17:46.893+0000] {logging_mixin.py:188} INFO - [2024-07-11T00:17:46.893+0000] {dagbag.py:545} INFO - Filling up the DagBag from /home/airflow/.local/lib/python3.12/site-packages/airflow/example_dags/example_setup_teardown.py
[2024-07-11T00:17:46.907+0000] {processor.py:840} INFO - DAG(s) 'example_setup_teardown' retrieved from /home/airflow/.local/lib/python3.12/site-packages/airflow/example_dags/example_setup_teardown.py
[2024-07-11T00:17:46.949+0000] {logging_mixin.py:188} INFO - [2024-07-11T00:17:46.949+0000] {dag.py:3096} INFO - Sync 1 DAGs
[2024-07-11T00:17:46.986+0000] {logging_mixin.py:188} INFO - [2024-07-11T00:17:46.986+0000] {dag.py:3954} INFO - Setting next_dagrun for example_setup_teardown to 2024-07-10 00:00:00+00:00, run_after=2024-07-11 00:00:00+00:00
[2024-07-11T00:17:47.020+0000] {processor.py:183} INFO - Processing /home/airflow/.local/lib/python3.12/site-packages/airflow/example_dags/example_setup_teardown.py took 0.148 seconds
[2024-07-11T00:18:17.500+0000] {processor.py:161} INFO - Started process (PID=6110) to work on /home/airflow/.local/lib/python3.12/site-packages/airflow/example_dags/example_setup_teardown.py
[2024-07-11T00:18:17.503+0000] {processor.py:830} INFO - Processing file /home/airflow/.local/lib/python3.12/site-packages/airflow/example_dags/example_setup_teardown.py for tasks to queue
[2024-07-11T00:18:17.505+0000] {logging_mixin.py:188} INFO - [2024-07-11T00:18:17.504+0000] {dagbag.py:545} INFO - Filling up the DagBag from /home/airflow/.local/lib/python3.12/site-packages/airflow/example_dags/example_setup_teardown.py
[2024-07-11T00:18:17.530+0000] {processor.py:840} INFO - DAG(s) 'example_setup_teardown' retrieved from /home/airflow/.local/lib/python3.12/site-packages/airflow/example_dags/example_setup_teardown.py
[2024-07-11T00:18:17.628+0000] {logging_mixin.py:188} INFO - [2024-07-11T00:18:17.627+0000] {dag.py:3096} INFO - Sync 1 DAGs
[2024-07-11T00:18:17.691+0000] {logging_mixin.py:188} INFO - [2024-07-11T00:18:17.691+0000] {dag.py:3954} INFO - Setting next_dagrun for example_setup_teardown to 2024-07-10 00:00:00+00:00, run_after=2024-07-11 00:00:00+00:00
[2024-07-11T00:18:17.741+0000] {processor.py:183} INFO - Processing /home/airflow/.local/lib/python3.12/site-packages/airflow/example_dags/example_setup_teardown.py took 0.256 seconds
[2024-07-11T00:18:48.088+0000] {processor.py:161} INFO - Started process (PID=6169) to work on /home/airflow/.local/lib/python3.12/site-packages/airflow/example_dags/example_setup_teardown.py
[2024-07-11T00:18:48.091+0000] {processor.py:830} INFO - Processing file /home/airflow/.local/lib/python3.12/site-packages/airflow/example_dags/example_setup_teardown.py for tasks to queue
[2024-07-11T00:18:48.094+0000] {logging_mixin.py:188} INFO - [2024-07-11T00:18:48.094+0000] {dagbag.py:545} INFO - Filling up the DagBag from /home/airflow/.local/lib/python3.12/site-packages/airflow/example_dags/example_setup_teardown.py
[2024-07-11T00:18:48.123+0000] {processor.py:840} INFO - DAG(s) 'example_setup_teardown' retrieved from /home/airflow/.local/lib/python3.12/site-packages/airflow/example_dags/example_setup_teardown.py
[2024-07-11T00:18:48.234+0000] {logging_mixin.py:188} INFO - [2024-07-11T00:18:48.234+0000] {dag.py:3096} INFO - Sync 1 DAGs
[2024-07-11T00:18:48.420+0000] {logging_mixin.py:188} INFO - [2024-07-11T00:18:48.419+0000] {dag.py:3954} INFO - Setting next_dagrun for example_setup_teardown to 2024-07-10 00:00:00+00:00, run_after=2024-07-11 00:00:00+00:00
[2024-07-11T00:18:48.502+0000] {processor.py:183} INFO - Processing /home/airflow/.local/lib/python3.12/site-packages/airflow/example_dags/example_setup_teardown.py took 0.429 seconds
[2024-07-11T00:19:19.715+0000] {processor.py:161} INFO - Started process (PID=6235) to work on /home/airflow/.local/lib/python3.12/site-packages/airflow/example_dags/example_setup_teardown.py
[2024-07-11T00:19:19.722+0000] {processor.py:830} INFO - Processing file /home/airflow/.local/lib/python3.12/site-packages/airflow/example_dags/example_setup_teardown.py for tasks to queue
[2024-07-11T00:19:19.725+0000] {logging_mixin.py:188} INFO - [2024-07-11T00:19:19.724+0000] {dagbag.py:545} INFO - Filling up the DagBag from /home/airflow/.local/lib/python3.12/site-packages/airflow/example_dags/example_setup_teardown.py
[2024-07-11T00:19:19.738+0000] {processor.py:840} INFO - DAG(s) 'example_setup_teardown' retrieved from /home/airflow/.local/lib/python3.12/site-packages/airflow/example_dags/example_setup_teardown.py
[2024-07-11T00:19:19.776+0000] {logging_mixin.py:188} INFO - [2024-07-11T00:19:19.775+0000] {dag.py:3096} INFO - Sync 1 DAGs
[2024-07-11T00:19:19.826+0000] {logging_mixin.py:188} INFO - [2024-07-11T00:19:19.826+0000] {dag.py:3954} INFO - Setting next_dagrun for example_setup_teardown to 2024-07-10 00:00:00+00:00, run_after=2024-07-11 00:00:00+00:00
[2024-07-11T00:19:19.866+0000] {processor.py:183} INFO - Processing /home/airflow/.local/lib/python3.12/site-packages/airflow/example_dags/example_setup_teardown.py took 0.163 seconds
[2024-07-11T00:19:49.955+0000] {processor.py:161} INFO - Started process (PID=6294) to work on /home/airflow/.local/lib/python3.12/site-packages/airflow/example_dags/example_setup_teardown.py
[2024-07-11T00:19:49.957+0000] {processor.py:830} INFO - Processing file /home/airflow/.local/lib/python3.12/site-packages/airflow/example_dags/example_setup_teardown.py for tasks to queue
[2024-07-11T00:19:49.960+0000] {logging_mixin.py:188} INFO - [2024-07-11T00:19:49.959+0000] {dagbag.py:545} INFO - Filling up the DagBag from /home/airflow/.local/lib/python3.12/site-packages/airflow/example_dags/example_setup_teardown.py
[2024-07-11T00:19:49.973+0000] {processor.py:840} INFO - DAG(s) 'example_setup_teardown' retrieved from /home/airflow/.local/lib/python3.12/site-packages/airflow/example_dags/example_setup_teardown.py
[2024-07-11T00:19:50.023+0000] {logging_mixin.py:188} INFO - [2024-07-11T00:19:50.022+0000] {dag.py:3096} INFO - Sync 1 DAGs
[2024-07-11T00:19:50.081+0000] {logging_mixin.py:188} INFO - [2024-07-11T00:19:50.080+0000] {dag.py:3954} INFO - Setting next_dagrun for example_setup_teardown to 2024-07-10 00:00:00+00:00, run_after=2024-07-11 00:00:00+00:00
[2024-07-11T00:19:50.127+0000] {processor.py:183} INFO - Processing /home/airflow/.local/lib/python3.12/site-packages/airflow/example_dags/example_setup_teardown.py took 0.188 seconds
[2024-07-11T00:20:20.973+0000] {processor.py:161} INFO - Started process (PID=6354) to work on /home/airflow/.local/lib/python3.12/site-packages/airflow/example_dags/example_setup_teardown.py
[2024-07-11T00:20:20.975+0000] {processor.py:830} INFO - Processing file /home/airflow/.local/lib/python3.12/site-packages/airflow/example_dags/example_setup_teardown.py for tasks to queue
[2024-07-11T00:20:20.977+0000] {logging_mixin.py:188} INFO - [2024-07-11T00:20:20.976+0000] {dagbag.py:545} INFO - Filling up the DagBag from /home/airflow/.local/lib/python3.12/site-packages/airflow/example_dags/example_setup_teardown.py
[2024-07-11T00:20:20.991+0000] {processor.py:840} INFO - DAG(s) 'example_setup_teardown' retrieved from /home/airflow/.local/lib/python3.12/site-packages/airflow/example_dags/example_setup_teardown.py
[2024-07-11T00:20:21.033+0000] {logging_mixin.py:188} INFO - [2024-07-11T00:20:21.032+0000] {dag.py:3096} INFO - Sync 1 DAGs
[2024-07-11T00:20:21.083+0000] {logging_mixin.py:188} INFO - [2024-07-11T00:20:21.082+0000] {dag.py:3954} INFO - Setting next_dagrun for example_setup_teardown to 2024-07-10 00:00:00+00:00, run_after=2024-07-11 00:00:00+00:00
[2024-07-11T00:20:21.132+0000] {processor.py:183} INFO - Processing /home/airflow/.local/lib/python3.12/site-packages/airflow/example_dags/example_setup_teardown.py took 0.172 seconds
[2024-07-11T00:20:55.089+0000] {processor.py:161} INFO - Started process (PID=6414) to work on /home/airflow/.local/lib/python3.12/site-packages/airflow/example_dags/example_setup_teardown.py
[2024-07-11T00:20:55.093+0000] {processor.py:830} INFO - Processing file /home/airflow/.local/lib/python3.12/site-packages/airflow/example_dags/example_setup_teardown.py for tasks to queue
[2024-07-11T00:20:55.098+0000] {logging_mixin.py:188} INFO - [2024-07-11T00:20:55.097+0000] {dagbag.py:545} INFO - Filling up the DagBag from /home/airflow/.local/lib/python3.12/site-packages/airflow/example_dags/example_setup_teardown.py
[2024-07-11T00:20:55.922+0000] {processor.py:840} INFO - DAG(s) 'example_setup_teardown' retrieved from /home/airflow/.local/lib/python3.12/site-packages/airflow/example_dags/example_setup_teardown.py
[2024-07-11T00:20:56.066+0000] {logging_mixin.py:188} INFO - [2024-07-11T00:20:56.066+0000] {dag.py:3096} INFO - Sync 1 DAGs
[2024-07-11T00:20:56.180+0000] {logging_mixin.py:188} INFO - [2024-07-11T00:20:56.176+0000] {dag.py:3954} INFO - Setting next_dagrun for example_setup_teardown to 2024-07-10 00:00:00+00:00, run_after=2024-07-11 00:00:00+00:00
[2024-07-11T00:20:56.234+0000] {processor.py:183} INFO - Processing /home/airflow/.local/lib/python3.12/site-packages/airflow/example_dags/example_setup_teardown.py took 1.162 seconds
[2024-07-11T00:21:26.388+0000] {processor.py:161} INFO - Started process (PID=6474) to work on /home/airflow/.local/lib/python3.12/site-packages/airflow/example_dags/example_setup_teardown.py
[2024-07-11T00:21:26.391+0000] {processor.py:830} INFO - Processing file /home/airflow/.local/lib/python3.12/site-packages/airflow/example_dags/example_setup_teardown.py for tasks to queue
[2024-07-11T00:21:26.393+0000] {logging_mixin.py:188} INFO - [2024-07-11T00:21:26.393+0000] {dagbag.py:545} INFO - Filling up the DagBag from /home/airflow/.local/lib/python3.12/site-packages/airflow/example_dags/example_setup_teardown.py
[2024-07-11T00:21:26.412+0000] {processor.py:840} INFO - DAG(s) 'example_setup_teardown' retrieved from /home/airflow/.local/lib/python3.12/site-packages/airflow/example_dags/example_setup_teardown.py
[2024-07-11T00:21:26.480+0000] {logging_mixin.py:188} INFO - [2024-07-11T00:21:26.480+0000] {dag.py:3096} INFO - Sync 1 DAGs
[2024-07-11T00:21:26.534+0000] {logging_mixin.py:188} INFO - [2024-07-11T00:21:26.533+0000] {dag.py:3954} INFO - Setting next_dagrun for example_setup_teardown to 2024-07-10 00:00:00+00:00, run_after=2024-07-11 00:00:00+00:00
[2024-07-11T00:21:26.577+0000] {processor.py:183} INFO - Processing /home/airflow/.local/lib/python3.12/site-packages/airflow/example_dags/example_setup_teardown.py took 0.201 seconds
[2024-07-11T00:21:56.706+0000] {processor.py:161} INFO - Started process (PID=6534) to work on /home/airflow/.local/lib/python3.12/site-packages/airflow/example_dags/example_setup_teardown.py
[2024-07-11T00:21:56.708+0000] {processor.py:830} INFO - Processing file /home/airflow/.local/lib/python3.12/site-packages/airflow/example_dags/example_setup_teardown.py for tasks to queue
[2024-07-11T00:21:56.711+0000] {logging_mixin.py:188} INFO - [2024-07-11T00:21:56.710+0000] {dagbag.py:545} INFO - Filling up the DagBag from /home/airflow/.local/lib/python3.12/site-packages/airflow/example_dags/example_setup_teardown.py
[2024-07-11T00:21:56.726+0000] {processor.py:840} INFO - DAG(s) 'example_setup_teardown' retrieved from /home/airflow/.local/lib/python3.12/site-packages/airflow/example_dags/example_setup_teardown.py
[2024-07-11T00:21:56.774+0000] {logging_mixin.py:188} INFO - [2024-07-11T00:21:56.774+0000] {dag.py:3096} INFO - Sync 1 DAGs
[2024-07-11T00:21:56.846+0000] {logging_mixin.py:188} INFO - [2024-07-11T00:21:56.839+0000] {dag.py:3954} INFO - Setting next_dagrun for example_setup_teardown to 2024-07-10 00:00:00+00:00, run_after=2024-07-11 00:00:00+00:00
[2024-07-11T00:21:57.034+0000] {processor.py:183} INFO - Processing /home/airflow/.local/lib/python3.12/site-packages/airflow/example_dags/example_setup_teardown.py took 0.344 seconds
[2024-07-11T00:22:29.506+0000] {processor.py:161} INFO - Started process (PID=6594) to work on /home/airflow/.local/lib/python3.12/site-packages/airflow/example_dags/example_setup_teardown.py
[2024-07-11T00:22:29.510+0000] {processor.py:830} INFO - Processing file /home/airflow/.local/lib/python3.12/site-packages/airflow/example_dags/example_setup_teardown.py for tasks to queue
[2024-07-11T00:22:29.514+0000] {logging_mixin.py:188} INFO - [2024-07-11T00:22:29.512+0000] {dagbag.py:545} INFO - Filling up the DagBag from /home/airflow/.local/lib/python3.12/site-packages/airflow/example_dags/example_setup_teardown.py
[2024-07-11T00:22:29.529+0000] {processor.py:840} INFO - DAG(s) 'example_setup_teardown' retrieved from /home/airflow/.local/lib/python3.12/site-packages/airflow/example_dags/example_setup_teardown.py
[2024-07-11T00:22:29.600+0000] {logging_mixin.py:188} INFO - [2024-07-11T00:22:29.596+0000] {dag.py:3096} INFO - Sync 1 DAGs
[2024-07-11T00:22:29.660+0000] {logging_mixin.py:188} INFO - [2024-07-11T00:22:29.659+0000] {dag.py:3954} INFO - Setting next_dagrun for example_setup_teardown to 2024-07-10 00:00:00+00:00, run_after=2024-07-11 00:00:00+00:00
[2024-07-11T00:22:29.712+0000] {processor.py:183} INFO - Processing /home/airflow/.local/lib/python3.12/site-packages/airflow/example_dags/example_setup_teardown.py took 0.224 seconds
[2024-07-11T00:23:00.639+0000] {processor.py:161} INFO - Started process (PID=6654) to work on /home/airflow/.local/lib/python3.12/site-packages/airflow/example_dags/example_setup_teardown.py
[2024-07-11T00:23:00.641+0000] {processor.py:830} INFO - Processing file /home/airflow/.local/lib/python3.12/site-packages/airflow/example_dags/example_setup_teardown.py for tasks to queue
[2024-07-11T00:23:00.644+0000] {logging_mixin.py:188} INFO - [2024-07-11T00:23:00.643+0000] {dagbag.py:545} INFO - Filling up the DagBag from /home/airflow/.local/lib/python3.12/site-packages/airflow/example_dags/example_setup_teardown.py
[2024-07-11T00:23:00.670+0000] {processor.py:840} INFO - DAG(s) 'example_setup_teardown' retrieved from /home/airflow/.local/lib/python3.12/site-packages/airflow/example_dags/example_setup_teardown.py
[2024-07-11T00:23:00.739+0000] {logging_mixin.py:188} INFO - [2024-07-11T00:23:00.738+0000] {dag.py:3096} INFO - Sync 1 DAGs
[2024-07-11T00:23:00.807+0000] {logging_mixin.py:188} INFO - [2024-07-11T00:23:00.807+0000] {dag.py:3954} INFO - Setting next_dagrun for example_setup_teardown to 2024-07-10 00:00:00+00:00, run_after=2024-07-11 00:00:00+00:00
[2024-07-11T00:23:00.877+0000] {processor.py:183} INFO - Processing /home/airflow/.local/lib/python3.12/site-packages/airflow/example_dags/example_setup_teardown.py took 0.254 seconds
[2024-07-11T00:23:31.913+0000] {processor.py:161} INFO - Started process (PID=6713) to work on /home/airflow/.local/lib/python3.12/site-packages/airflow/example_dags/example_setup_teardown.py
[2024-07-11T00:23:31.916+0000] {processor.py:830} INFO - Processing file /home/airflow/.local/lib/python3.12/site-packages/airflow/example_dags/example_setup_teardown.py for tasks to queue
[2024-07-11T00:23:31.919+0000] {logging_mixin.py:188} INFO - [2024-07-11T00:23:31.918+0000] {dagbag.py:545} INFO - Filling up the DagBag from /home/airflow/.local/lib/python3.12/site-packages/airflow/example_dags/example_setup_teardown.py
[2024-07-11T00:23:31.936+0000] {processor.py:840} INFO - DAG(s) 'example_setup_teardown' retrieved from /home/airflow/.local/lib/python3.12/site-packages/airflow/example_dags/example_setup_teardown.py
[2024-07-11T00:23:31.992+0000] {logging_mixin.py:188} INFO - [2024-07-11T00:23:31.991+0000] {dag.py:3096} INFO - Sync 1 DAGs
[2024-07-11T00:23:32.069+0000] {logging_mixin.py:188} INFO - [2024-07-11T00:23:32.068+0000] {dag.py:3954} INFO - Setting next_dagrun for example_setup_teardown to 2024-07-10 00:00:00+00:00, run_after=2024-07-11 00:00:00+00:00
[2024-07-11T00:23:32.168+0000] {processor.py:183} INFO - Processing /home/airflow/.local/lib/python3.12/site-packages/airflow/example_dags/example_setup_teardown.py took 0.275 seconds
[2024-07-11T00:24:03.261+0000] {processor.py:161} INFO - Started process (PID=6771) to work on /home/airflow/.local/lib/python3.12/site-packages/airflow/example_dags/example_setup_teardown.py
[2024-07-11T00:24:03.263+0000] {processor.py:830} INFO - Processing file /home/airflow/.local/lib/python3.12/site-packages/airflow/example_dags/example_setup_teardown.py for tasks to queue
[2024-07-11T00:24:03.267+0000] {logging_mixin.py:188} INFO - [2024-07-11T00:24:03.266+0000] {dagbag.py:545} INFO - Filling up the DagBag from /home/airflow/.local/lib/python3.12/site-packages/airflow/example_dags/example_setup_teardown.py
[2024-07-11T00:24:03.306+0000] {processor.py:840} INFO - DAG(s) 'example_setup_teardown' retrieved from /home/airflow/.local/lib/python3.12/site-packages/airflow/example_dags/example_setup_teardown.py
[2024-07-11T00:24:03.375+0000] {logging_mixin.py:188} INFO - [2024-07-11T00:24:03.374+0000] {dag.py:3096} INFO - Sync 1 DAGs
[2024-07-11T00:24:03.430+0000] {logging_mixin.py:188} INFO - [2024-07-11T00:24:03.429+0000] {dag.py:3954} INFO - Setting next_dagrun for example_setup_teardown to 2024-07-10 00:00:00+00:00, run_after=2024-07-11 00:00:00+00:00
[2024-07-11T00:24:03.494+0000] {processor.py:183} INFO - Processing /home/airflow/.local/lib/python3.12/site-packages/airflow/example_dags/example_setup_teardown.py took 0.255 seconds
[2024-07-11T00:24:33.697+0000] {processor.py:161} INFO - Started process (PID=6829) to work on /home/airflow/.local/lib/python3.12/site-packages/airflow/example_dags/example_setup_teardown.py
[2024-07-11T00:24:33.711+0000] {processor.py:830} INFO - Processing file /home/airflow/.local/lib/python3.12/site-packages/airflow/example_dags/example_setup_teardown.py for tasks to queue
[2024-07-11T00:24:33.716+0000] {logging_mixin.py:188} INFO - [2024-07-11T00:24:33.714+0000] {dagbag.py:545} INFO - Filling up the DagBag from /home/airflow/.local/lib/python3.12/site-packages/airflow/example_dags/example_setup_teardown.py
[2024-07-11T00:24:33.733+0000] {processor.py:840} INFO - DAG(s) 'example_setup_teardown' retrieved from /home/airflow/.local/lib/python3.12/site-packages/airflow/example_dags/example_setup_teardown.py
[2024-07-11T00:24:33.779+0000] {logging_mixin.py:188} INFO - [2024-07-11T00:24:33.778+0000] {dag.py:3096} INFO - Sync 1 DAGs
[2024-07-11T00:24:33.812+0000] {logging_mixin.py:188} INFO - [2024-07-11T00:24:33.812+0000] {dag.py:3954} INFO - Setting next_dagrun for example_setup_teardown to 2024-07-10 00:00:00+00:00, run_after=2024-07-11 00:00:00+00:00
[2024-07-11T00:24:33.847+0000] {processor.py:183} INFO - Processing /home/airflow/.local/lib/python3.12/site-packages/airflow/example_dags/example_setup_teardown.py took 0.180 seconds
[2024-07-11T00:25:03.936+0000] {processor.py:161} INFO - Started process (PID=6887) to work on /home/airflow/.local/lib/python3.12/site-packages/airflow/example_dags/example_setup_teardown.py
[2024-07-11T00:25:03.938+0000] {processor.py:830} INFO - Processing file /home/airflow/.local/lib/python3.12/site-packages/airflow/example_dags/example_setup_teardown.py for tasks to queue
[2024-07-11T00:25:03.941+0000] {logging_mixin.py:188} INFO - [2024-07-11T00:25:03.940+0000] {dagbag.py:545} INFO - Filling up the DagBag from /home/airflow/.local/lib/python3.12/site-packages/airflow/example_dags/example_setup_teardown.py
[2024-07-11T00:25:03.957+0000] {processor.py:840} INFO - DAG(s) 'example_setup_teardown' retrieved from /home/airflow/.local/lib/python3.12/site-packages/airflow/example_dags/example_setup_teardown.py
[2024-07-11T00:25:04.002+0000] {logging_mixin.py:188} INFO - [2024-07-11T00:25:04.001+0000] {dag.py:3096} INFO - Sync 1 DAGs
[2024-07-11T00:25:04.049+0000] {logging_mixin.py:188} INFO - [2024-07-11T00:25:04.049+0000] {dag.py:3954} INFO - Setting next_dagrun for example_setup_teardown to 2024-07-10 00:00:00+00:00, run_after=2024-07-11 00:00:00+00:00
[2024-07-11T00:25:04.112+0000] {processor.py:183} INFO - Processing /home/airflow/.local/lib/python3.12/site-packages/airflow/example_dags/example_setup_teardown.py took 0.188 seconds
[2024-07-11T00:25:34.975+0000] {processor.py:161} INFO - Started process (PID=6947) to work on /home/airflow/.local/lib/python3.12/site-packages/airflow/example_dags/example_setup_teardown.py
[2024-07-11T00:25:34.981+0000] {processor.py:830} INFO - Processing file /home/airflow/.local/lib/python3.12/site-packages/airflow/example_dags/example_setup_teardown.py for tasks to queue
[2024-07-11T00:25:34.983+0000] {logging_mixin.py:188} INFO - [2024-07-11T00:25:34.982+0000] {dagbag.py:545} INFO - Filling up the DagBag from /home/airflow/.local/lib/python3.12/site-packages/airflow/example_dags/example_setup_teardown.py
[2024-07-11T00:25:35.003+0000] {processor.py:840} INFO - DAG(s) 'example_setup_teardown' retrieved from /home/airflow/.local/lib/python3.12/site-packages/airflow/example_dags/example_setup_teardown.py
[2024-07-11T00:25:35.056+0000] {logging_mixin.py:188} INFO - [2024-07-11T00:25:35.056+0000] {dag.py:3096} INFO - Sync 1 DAGs
[2024-07-11T00:25:35.123+0000] {logging_mixin.py:188} INFO - [2024-07-11T00:25:35.122+0000] {dag.py:3954} INFO - Setting next_dagrun for example_setup_teardown to 2024-07-10 00:00:00+00:00, run_after=2024-07-11 00:00:00+00:00
[2024-07-11T00:25:35.218+0000] {processor.py:183} INFO - Processing /home/airflow/.local/lib/python3.12/site-packages/airflow/example_dags/example_setup_teardown.py took 0.258 seconds
[2024-07-11T00:26:05.809+0000] {processor.py:161} INFO - Started process (PID=7007) to work on /home/airflow/.local/lib/python3.12/site-packages/airflow/example_dags/example_setup_teardown.py
[2024-07-11T00:26:05.811+0000] {processor.py:830} INFO - Processing file /home/airflow/.local/lib/python3.12/site-packages/airflow/example_dags/example_setup_teardown.py for tasks to queue
[2024-07-11T00:26:05.816+0000] {logging_mixin.py:188} INFO - [2024-07-11T00:26:05.812+0000] {dagbag.py:545} INFO - Filling up the DagBag from /home/airflow/.local/lib/python3.12/site-packages/airflow/example_dags/example_setup_teardown.py
[2024-07-11T00:26:05.828+0000] {processor.py:840} INFO - DAG(s) 'example_setup_teardown' retrieved from /home/airflow/.local/lib/python3.12/site-packages/airflow/example_dags/example_setup_teardown.py
[2024-07-11T00:26:05.875+0000] {logging_mixin.py:188} INFO - [2024-07-11T00:26:05.874+0000] {dag.py:3096} INFO - Sync 1 DAGs
[2024-07-11T00:26:05.932+0000] {logging_mixin.py:188} INFO - [2024-07-11T00:26:05.931+0000] {dag.py:3954} INFO - Setting next_dagrun for example_setup_teardown to 2024-07-10 00:00:00+00:00, run_after=2024-07-11 00:00:00+00:00
[2024-07-11T00:26:05.988+0000] {processor.py:183} INFO - Processing /home/airflow/.local/lib/python3.12/site-packages/airflow/example_dags/example_setup_teardown.py took 0.196 seconds
[2024-07-11T00:26:36.884+0000] {processor.py:161} INFO - Started process (PID=7067) to work on /home/airflow/.local/lib/python3.12/site-packages/airflow/example_dags/example_setup_teardown.py
[2024-07-11T00:26:36.891+0000] {processor.py:830} INFO - Processing file /home/airflow/.local/lib/python3.12/site-packages/airflow/example_dags/example_setup_teardown.py for tasks to queue
[2024-07-11T00:26:36.893+0000] {logging_mixin.py:188} INFO - [2024-07-11T00:26:36.893+0000] {dagbag.py:545} INFO - Filling up the DagBag from /home/airflow/.local/lib/python3.12/site-packages/airflow/example_dags/example_setup_teardown.py
[2024-07-11T00:26:36.926+0000] {processor.py:840} INFO - DAG(s) 'example_setup_teardown' retrieved from /home/airflow/.local/lib/python3.12/site-packages/airflow/example_dags/example_setup_teardown.py
[2024-07-11T00:26:37.015+0000] {logging_mixin.py:188} INFO - [2024-07-11T00:26:37.015+0000] {dag.py:3096} INFO - Sync 1 DAGs
[2024-07-11T00:26:37.123+0000] {logging_mixin.py:188} INFO - [2024-07-11T00:26:37.118+0000] {dag.py:3954} INFO - Setting next_dagrun for example_setup_teardown to 2024-07-10 00:00:00+00:00, run_after=2024-07-11 00:00:00+00:00
[2024-07-11T00:26:37.313+0000] {processor.py:183} INFO - Processing /home/airflow/.local/lib/python3.12/site-packages/airflow/example_dags/example_setup_teardown.py took 0.480 seconds
[2024-07-11T00:27:07.728+0000] {processor.py:161} INFO - Started process (PID=7127) to work on /home/airflow/.local/lib/python3.12/site-packages/airflow/example_dags/example_setup_teardown.py
[2024-07-11T00:27:07.730+0000] {processor.py:830} INFO - Processing file /home/airflow/.local/lib/python3.12/site-packages/airflow/example_dags/example_setup_teardown.py for tasks to queue
[2024-07-11T00:27:07.732+0000] {logging_mixin.py:188} INFO - [2024-07-11T00:27:07.731+0000] {dagbag.py:545} INFO - Filling up the DagBag from /home/airflow/.local/lib/python3.12/site-packages/airflow/example_dags/example_setup_teardown.py
[2024-07-11T00:27:07.742+0000] {processor.py:840} INFO - DAG(s) 'example_setup_teardown' retrieved from /home/airflow/.local/lib/python3.12/site-packages/airflow/example_dags/example_setup_teardown.py
[2024-07-11T00:27:07.775+0000] {logging_mixin.py:188} INFO - [2024-07-11T00:27:07.774+0000] {dag.py:3096} INFO - Sync 1 DAGs
[2024-07-11T00:27:07.810+0000] {logging_mixin.py:188} INFO - [2024-07-11T00:27:07.810+0000] {dag.py:3954} INFO - Setting next_dagrun for example_setup_teardown to 2024-07-10 00:00:00+00:00, run_after=2024-07-11 00:00:00+00:00
[2024-07-11T00:27:07.847+0000] {processor.py:183} INFO - Processing /home/airflow/.local/lib/python3.12/site-packages/airflow/example_dags/example_setup_teardown.py took 0.128 seconds
